nohup: ignoring input
working!
Using device: cuda:0
>>> Arguments:
	             algo : fedavgtl
	            alpha : 13.2316427
	       batch_size : 64
	clients_per_round : 100
	             clip : False
	          dataset : mnist_all_data_1_equal_niid
	           device : cuda:0
	              dis : 
	   early_stopping : 10
	       eval_every : 5
	    ft_batch_size : 128
	       ft_dataset : svhn
	        ft_epochs : 200
	            ft_lr : 0.001
	            ft_wd : 0.0001
	              gpu : True
	      input_shape : (1, 28, 28)
	           last_k : 1
	               lr : 0.01
	            model : lenet
	           n_init : 10
	        noaverage : False
	             noft : False
	          noprint : False
	        num_class : 10
	        num_epoch : 1
	        num_round : 10
	           opt_lr : True
	            reg_J : False
	       reg_J_coef : 0.0
	   reg_J_ind_coef : 0.01
	  reg_J_norm_coef : 0.0
	          reg_max : True
	           repeat : 5
	     repeat_epoch : 10
	             seed : 0
	               wd : 0.0
>>> Get SVHN data.

************************************************************************************************************************

uid: 20231002160643
>>> Training model_random
Epoch: 001, Train_loss: 2.2297, Train_acc: 0.1914, Test_loss: 2.2166, Test_acc: 0.1993
Epoch: 006, Train_loss: 2.1165, Train_acc: 0.2574, Test_loss: 2.1020, Test_acc: 0.2720
Epoch: 011, Train_loss: 2.0390, Train_acc: 0.2906, Test_loss: 2.0330, Test_acc: 0.3016
Epoch: 016, Train_loss: 1.9857, Train_acc: 0.3050, Test_loss: 1.9842, Test_acc: 0.3144
Epoch: 021, Train_loss: 1.9436, Train_acc: 0.3269, Test_loss: 1.9494, Test_acc: 0.3328
Epoch: 026, Train_loss: 1.9166, Train_acc: 0.3390, Test_loss: 1.9314, Test_acc: 0.3444
Epoch: 031, Train_loss: 1.8908, Train_acc: 0.3524, Test_loss: 1.9043, Test_acc: 0.3505
Epoch: 036, Train_loss: 1.8636, Train_acc: 0.3728, Test_loss: 1.8795, Test_acc: 0.3732
Epoch: 041, Train_loss: 1.8294, Train_acc: 0.3815, Test_loss: 1.8423, Test_acc: 0.3787
Epoch: 046, Train_loss: 1.7984, Train_acc: 0.3858, Test_loss: 1.8043, Test_acc: 0.3835
Epoch: 051, Train_loss: 1.7690, Train_acc: 0.3959, Test_loss: 1.7675, Test_acc: 0.3932
Epoch: 056, Train_loss: 1.7372, Train_acc: 0.4176, Test_loss: 1.7399, Test_acc: 0.4130
Epoch: 061, Train_loss: 1.7133, Train_acc: 0.4234, Test_loss: 1.7160, Test_acc: 0.4204
Epoch: 066, Train_loss: 1.6887, Train_acc: 0.4486, Test_loss: 1.6930, Test_acc: 0.4393
Epoch: 071, Train_loss: 1.6698, Train_acc: 0.4380, Test_loss: 1.6684, Test_acc: 0.4320
Epoch: 076, Train_loss: 1.6452, Train_acc: 0.4612, Test_loss: 1.6436, Test_acc: 0.4537
Epoch: 081, Train_loss: 1.6278, Train_acc: 0.4712, Test_loss: 1.6324, Test_acc: 0.4599
Epoch: 086, Train_loss: 1.6108, Train_acc: 0.4778, Test_loss: 1.6114, Test_acc: 0.4670
Epoch: 091, Train_loss: 1.5991, Train_acc: 0.4899, Test_loss: 1.6051, Test_acc: 0.4764
Epoch: 096, Train_loss: 1.5855, Train_acc: 0.4813, Test_loss: 1.5927, Test_acc: 0.4695
Epoch: 101, Train_loss: 1.5752, Train_acc: 0.5005, Test_loss: 1.5819, Test_acc: 0.4876
Epoch: 106, Train_loss: 1.5656, Train_acc: 0.4917, Test_loss: 1.5707, Test_acc: 0.4818
Epoch: 111, Train_loss: 1.5577, Train_acc: 0.5091, Test_loss: 1.5679, Test_acc: 0.4952
Epoch: 116, Train_loss: 1.5463, Train_acc: 0.5031, Test_loss: 1.5540, Test_acc: 0.4916
Epoch: 121, Train_loss: 1.5393, Train_acc: 0.5026, Test_loss: 1.5477, Test_acc: 0.4901
Epoch: 126, Train_loss: 1.5360, Train_acc: 0.5032, Test_loss: 1.5421, Test_acc: 0.4932
Epoch: 131, Train_loss: 1.5264, Train_acc: 0.5193, Test_loss: 1.5361, Test_acc: 0.5079
Epoch: 136, Train_loss: 1.5187, Train_acc: 0.5212, Test_loss: 1.5305, Test_acc: 0.5074
Epoch: 141, Train_loss: 1.5166, Train_acc: 0.5082, Test_loss: 1.5290, Test_acc: 0.4973
Epoch: 146, Train_loss: 1.5104, Train_acc: 0.5261, Test_loss: 1.5219, Test_acc: 0.5130
Epoch: 151, Train_loss: 1.5009, Train_acc: 0.5209, Test_loss: 1.5139, Test_acc: 0.5091
Epoch: 156, Train_loss: 1.4976, Train_acc: 0.5263, Test_loss: 1.5116, Test_acc: 0.5127
Epoch: 161, Train_loss: 1.4964, Train_acc: 0.5211, Test_loss: 1.5068, Test_acc: 0.5103
Epoch: 166, Train_loss: 1.4861, Train_acc: 0.5357, Test_loss: 1.5003, Test_acc: 0.5217
Epoch: 171, Train_loss: 1.4836, Train_acc: 0.5205, Test_loss: 1.5002, Test_acc: 0.5078
Epoch: 176, Train_loss: 1.4765, Train_acc: 0.5350, Test_loss: 1.4962, Test_acc: 0.5198
Epoch: 181, Train_loss: 1.4726, Train_acc: 0.5356, Test_loss: 1.4875, Test_acc: 0.5232
Epoch: 186, Train_loss: 1.4676, Train_acc: 0.5414, Test_loss: 1.4829, Test_acc: 0.5270
Epoch: 191, Train_loss: 1.4615, Train_acc: 0.5389, Test_loss: 1.4764, Test_acc: 0.5249
Epoch: 196, Train_loss: 1.4576, Train_acc: 0.5387, Test_loss: 1.4744, Test_acc: 0.5258
Model saved at ./models/ft_checkpoints/20231002160643_model_random.pt.
>>> Fine-tuning done!

************************************************************************************************************************

uid: 20231002163412
>>> Training model_random
Epoch: 001, Train_loss: 2.2303, Train_acc: 0.1892, Test_loss: 2.2191, Test_acc: 0.1959
Epoch: 006, Train_loss: 2.0855, Train_acc: 0.2646, Test_loss: 2.0828, Test_acc: 0.2668
Epoch: 011, Train_loss: 1.9462, Train_acc: 0.3311, Test_loss: 1.9394, Test_acc: 0.3418
Epoch: 016, Train_loss: 1.8419, Train_acc: 0.3564, Test_loss: 1.8420, Test_acc: 0.3623
Epoch: 021, Train_loss: 1.7623, Train_acc: 0.4101, Test_loss: 1.7605, Test_acc: 0.4095
Epoch: 026, Train_loss: 1.7075, Train_acc: 0.4254, Test_loss: 1.7196, Test_acc: 0.4211
Epoch: 031, Train_loss: 1.6607, Train_acc: 0.4540, Test_loss: 1.6741, Test_acc: 0.4450
Epoch: 036, Train_loss: 1.6303, Train_acc: 0.4706, Test_loss: 1.6430, Test_acc: 0.4626
Epoch: 041, Train_loss: 1.6003, Train_acc: 0.4750, Test_loss: 1.6173, Test_acc: 0.4700
Epoch: 046, Train_loss: 1.5800, Train_acc: 0.4856, Test_loss: 1.6011, Test_acc: 0.4776
Epoch: 051, Train_loss: 1.5546, Train_acc: 0.4982, Test_loss: 1.5753, Test_acc: 0.4880
Epoch: 056, Train_loss: 1.5385, Train_acc: 0.5064, Test_loss: 1.5613, Test_acc: 0.4944
Epoch: 061, Train_loss: 1.5251, Train_acc: 0.5113, Test_loss: 1.5501, Test_acc: 0.4977
Epoch: 066, Train_loss: 1.5067, Train_acc: 0.5227, Test_loss: 1.5310, Test_acc: 0.5079
Epoch: 071, Train_loss: 1.4940, Train_acc: 0.5227, Test_loss: 1.5192, Test_acc: 0.5098
Epoch: 076, Train_loss: 1.4803, Train_acc: 0.5396, Test_loss: 1.4990, Test_acc: 0.5226
Epoch: 081, Train_loss: 1.4666, Train_acc: 0.5386, Test_loss: 1.4897, Test_acc: 0.5225
Epoch: 086, Train_loss: 1.4560, Train_acc: 0.5453, Test_loss: 1.4790, Test_acc: 0.5275
Epoch: 091, Train_loss: 1.4441, Train_acc: 0.5492, Test_loss: 1.4648, Test_acc: 0.5340
Epoch: 096, Train_loss: 1.4327, Train_acc: 0.5549, Test_loss: 1.4592, Test_acc: 0.5353
Epoch: 101, Train_loss: 1.4211, Train_acc: 0.5663, Test_loss: 1.4475, Test_acc: 0.5450
Epoch: 106, Train_loss: 1.4120, Train_acc: 0.5657, Test_loss: 1.4360, Test_acc: 0.5469
Epoch: 111, Train_loss: 1.4037, Train_acc: 0.5636, Test_loss: 1.4340, Test_acc: 0.5451
Epoch: 116, Train_loss: 1.3938, Train_acc: 0.5706, Test_loss: 1.4172, Test_acc: 0.5544
Epoch: 121, Train_loss: 1.3879, Train_acc: 0.5687, Test_loss: 1.4176, Test_acc: 0.5474
Epoch: 126, Train_loss: 1.3798, Train_acc: 0.5719, Test_loss: 1.4087, Test_acc: 0.5529
Epoch: 131, Train_loss: 1.3725, Train_acc: 0.5794, Test_loss: 1.3989, Test_acc: 0.5617
Epoch: 136, Train_loss: 1.3684, Train_acc: 0.5821, Test_loss: 1.3983, Test_acc: 0.5603
Epoch: 141, Train_loss: 1.3632, Train_acc: 0.5865, Test_loss: 1.3909, Test_acc: 0.5653
Epoch: 146, Train_loss: 1.3629, Train_acc: 0.5759, Test_loss: 1.3928, Test_acc: 0.5582
Epoch: 151, Train_loss: 1.3530, Train_acc: 0.5900, Test_loss: 1.3801, Test_acc: 0.5719
Epoch: 156, Train_loss: 1.3491, Train_acc: 0.5868, Test_loss: 1.3786, Test_acc: 0.5677
Epoch: 161, Train_loss: 1.3480, Train_acc: 0.5879, Test_loss: 1.3757, Test_acc: 0.5712
Epoch: 166, Train_loss: 1.3435, Train_acc: 0.5921, Test_loss: 1.3701, Test_acc: 0.5722
Epoch: 171, Train_loss: 1.3403, Train_acc: 0.5918, Test_loss: 1.3699, Test_acc: 0.5727
Epoch: 176, Train_loss: 1.3408, Train_acc: 0.5882, Test_loss: 1.3710, Test_acc: 0.5728
Epoch: 181, Train_loss: 1.3357, Train_acc: 0.5940, Test_loss: 1.3635, Test_acc: 0.5771
Epoch: 186, Train_loss: 1.3314, Train_acc: 0.5936, Test_loss: 1.3578, Test_acc: 0.5778
Epoch: 191, Train_loss: 1.3288, Train_acc: 0.5981, Test_loss: 1.3599, Test_acc: 0.5790
Epoch: 196, Train_loss: 1.3343, Train_acc: 0.5927, Test_loss: 1.3659, Test_acc: 0.5739
Model saved at ./models/ft_checkpoints/20231002163412_model_random.pt.
>>> Fine-tuning done!

************************************************************************************************************************

uid: 20231002165919
>>> Training model_random
Epoch: 001, Train_loss: 2.2320, Train_acc: 0.1892, Test_loss: 2.2185, Test_acc: 0.1959
Epoch: 006, Train_loss: 2.1290, Train_acc: 0.2351, Test_loss: 2.1120, Test_acc: 0.2366
Epoch: 011, Train_loss: 2.0106, Train_acc: 0.2990, Test_loss: 1.9962, Test_acc: 0.2998
Epoch: 016, Train_loss: 1.9146, Train_acc: 0.3367, Test_loss: 1.9054, Test_acc: 0.3323
Epoch: 021, Train_loss: 1.8461, Train_acc: 0.3742, Test_loss: 1.8394, Test_acc: 0.3695
Epoch: 026, Train_loss: 1.8008, Train_acc: 0.3863, Test_loss: 1.7946, Test_acc: 0.3871
Epoch: 031, Train_loss: 1.7611, Train_acc: 0.4042, Test_loss: 1.7656, Test_acc: 0.3974
Epoch: 036, Train_loss: 1.7326, Train_acc: 0.4218, Test_loss: 1.7342, Test_acc: 0.4187
Epoch: 041, Train_loss: 1.7060, Train_acc: 0.4287, Test_loss: 1.7110, Test_acc: 0.4256
Epoch: 046, Train_loss: 1.6830, Train_acc: 0.4326, Test_loss: 1.6903, Test_acc: 0.4314
Epoch: 051, Train_loss: 1.6687, Train_acc: 0.4424, Test_loss: 1.6790, Test_acc: 0.4381
Epoch: 056, Train_loss: 1.6530, Train_acc: 0.4474, Test_loss: 1.6683, Test_acc: 0.4414
Epoch: 061, Train_loss: 1.6279, Train_acc: 0.4614, Test_loss: 1.6394, Test_acc: 0.4578
Epoch: 066, Train_loss: 1.6171, Train_acc: 0.4658, Test_loss: 1.6255, Test_acc: 0.4596
Epoch: 071, Train_loss: 1.5972, Train_acc: 0.4744, Test_loss: 1.6031, Test_acc: 0.4719
Epoch: 076, Train_loss: 1.5888, Train_acc: 0.4780, Test_loss: 1.6057, Test_acc: 0.4710
Epoch: 081, Train_loss: 1.5699, Train_acc: 0.4875, Test_loss: 1.5781, Test_acc: 0.4839
Epoch: 086, Train_loss: 1.5587, Train_acc: 0.4926, Test_loss: 1.5592, Test_acc: 0.4939
Epoch: 091, Train_loss: 1.5389, Train_acc: 0.5027, Test_loss: 1.5443, Test_acc: 0.5009
Epoch: 096, Train_loss: 1.5286, Train_acc: 0.5035, Test_loss: 1.5367, Test_acc: 0.4980
Epoch: 101, Train_loss: 1.5198, Train_acc: 0.5135, Test_loss: 1.5258, Test_acc: 0.5090
Epoch: 106, Train_loss: 1.5076, Train_acc: 0.5196, Test_loss: 1.5188, Test_acc: 0.5097
Epoch: 111, Train_loss: 1.4972, Train_acc: 0.5216, Test_loss: 1.5080, Test_acc: 0.5161
Epoch: 116, Train_loss: 1.4897, Train_acc: 0.5244, Test_loss: 1.5034, Test_acc: 0.5150
Epoch: 121, Train_loss: 1.4836, Train_acc: 0.5270, Test_loss: 1.4904, Test_acc: 0.5216
Epoch: 126, Train_loss: 1.4736, Train_acc: 0.5338, Test_loss: 1.4824, Test_acc: 0.5285
Epoch: 131, Train_loss: 1.4645, Train_acc: 0.5403, Test_loss: 1.4689, Test_acc: 0.5350
Epoch: 136, Train_loss: 1.4552, Train_acc: 0.5421, Test_loss: 1.4639, Test_acc: 0.5334
Epoch: 141, Train_loss: 1.4455, Train_acc: 0.5442, Test_loss: 1.4519, Test_acc: 0.5375
Epoch: 146, Train_loss: 1.4423, Train_acc: 0.5438, Test_loss: 1.4535, Test_acc: 0.5335
Epoch: 151, Train_loss: 1.4378, Train_acc: 0.5440, Test_loss: 1.4450, Test_acc: 0.5357
Epoch: 156, Train_loss: 1.4284, Train_acc: 0.5480, Test_loss: 1.4352, Test_acc: 0.5411
Epoch: 161, Train_loss: 1.4271, Train_acc: 0.5504, Test_loss: 1.4317, Test_acc: 0.5469
Epoch: 166, Train_loss: 1.4228, Train_acc: 0.5442, Test_loss: 1.4268, Test_acc: 0.5399
Epoch: 171, Train_loss: 1.4131, Train_acc: 0.5543, Test_loss: 1.4192, Test_acc: 0.5501
Epoch: 176, Train_loss: 1.4131, Train_acc: 0.5587, Test_loss: 1.4195, Test_acc: 0.5528
Epoch: 181, Train_loss: 1.4035, Train_acc: 0.5554, Test_loss: 1.4109, Test_acc: 0.5479
Epoch: 186, Train_loss: 1.4060, Train_acc: 0.5532, Test_loss: 1.4099, Test_acc: 0.5518
Epoch: 191, Train_loss: 1.4044, Train_acc: 0.5622, Test_loss: 1.4092, Test_acc: 0.5551
Epoch: 196, Train_loss: 1.3972, Train_acc: 0.5550, Test_loss: 1.4018, Test_acc: 0.5534
Model saved at ./models/ft_checkpoints/20231002165919_model_random.pt.
>>> Fine-tuning done!

************************************************************************************************************************

uid: 20231002172423
>>> Training model_random
Epoch: 001, Train_loss: 2.2335, Train_acc: 0.1892, Test_loss: 2.2208, Test_acc: 0.1959
Epoch: 006, Train_loss: 2.1906, Train_acc: 0.2046, Test_loss: 2.1733, Test_acc: 0.2154
Epoch: 011, Train_loss: 2.1518, Train_acc: 0.2384, Test_loss: 2.1365, Test_acc: 0.2487
Epoch: 016, Train_loss: 2.1017, Train_acc: 0.2558, Test_loss: 2.0888, Test_acc: 0.2606
Epoch: 021, Train_loss: 2.0692, Train_acc: 0.2690, Test_loss: 2.0503, Test_acc: 0.2750
Epoch: 026, Train_loss: 2.0389, Train_acc: 0.2835, Test_loss: 2.0222, Test_acc: 0.2898
Epoch: 031, Train_loss: 2.0128, Train_acc: 0.2908, Test_loss: 1.9971, Test_acc: 0.2971
Epoch: 036, Train_loss: 1.9832, Train_acc: 0.3102, Test_loss: 1.9702, Test_acc: 0.3151
Epoch: 041, Train_loss: 1.9604, Train_acc: 0.3203, Test_loss: 1.9493, Test_acc: 0.3244
Epoch: 046, Train_loss: 1.9398, Train_acc: 0.3383, Test_loss: 1.9303, Test_acc: 0.3410
Epoch: 051, Train_loss: 1.9262, Train_acc: 0.3227, Test_loss: 1.9109, Test_acc: 0.3271
Epoch: 056, Train_loss: 1.9045, Train_acc: 0.3561, Test_loss: 1.8926, Test_acc: 0.3601
Epoch: 061, Train_loss: 1.8881, Train_acc: 0.3440, Test_loss: 1.8740, Test_acc: 0.3481
Epoch: 066, Train_loss: 1.8746, Train_acc: 0.3681, Test_loss: 1.8700, Test_acc: 0.3661
Epoch: 071, Train_loss: 1.8578, Train_acc: 0.3687, Test_loss: 1.8515, Test_acc: 0.3681
Epoch: 076, Train_loss: 1.8469, Train_acc: 0.3719, Test_loss: 1.8404, Test_acc: 0.3732
Epoch: 081, Train_loss: 1.8375, Train_acc: 0.3701, Test_loss: 1.8323, Test_acc: 0.3677
Epoch: 086, Train_loss: 1.8241, Train_acc: 0.3913, Test_loss: 1.8179, Test_acc: 0.3921
Epoch: 091, Train_loss: 1.8160, Train_acc: 0.3962, Test_loss: 1.8128, Test_acc: 0.3963
Epoch: 096, Train_loss: 1.8086, Train_acc: 0.3978, Test_loss: 1.7986, Test_acc: 0.4029
Epoch: 101, Train_loss: 1.7947, Train_acc: 0.3961, Test_loss: 1.7934, Test_acc: 0.3934
Epoch: 106, Train_loss: 1.7941, Train_acc: 0.3888, Test_loss: 1.7813, Test_acc: 0.3964
Epoch: 111, Train_loss: 1.7799, Train_acc: 0.4042, Test_loss: 1.7784, Test_acc: 0.4044
Epoch: 116, Train_loss: 1.7730, Train_acc: 0.4122, Test_loss: 1.7762, Test_acc: 0.4077
Epoch: 121, Train_loss: 1.7685, Train_acc: 0.4190, Test_loss: 1.7655, Test_acc: 0.4198
Epoch: 126, Train_loss: 1.7568, Train_acc: 0.4084, Test_loss: 1.7509, Test_acc: 0.4105
Epoch: 131, Train_loss: 1.7491, Train_acc: 0.4250, Test_loss: 1.7482, Test_acc: 0.4216
Epoch: 136, Train_loss: 1.7396, Train_acc: 0.4195, Test_loss: 1.7380, Test_acc: 0.4170
Epoch: 141, Train_loss: 1.7379, Train_acc: 0.4200, Test_loss: 1.7370, Test_acc: 0.4176
Epoch: 146, Train_loss: 1.7235, Train_acc: 0.4348, Test_loss: 1.7168, Test_acc: 0.4329
Epoch: 151, Train_loss: 1.7150, Train_acc: 0.4293, Test_loss: 1.7168, Test_acc: 0.4231
Epoch: 156, Train_loss: 1.7025, Train_acc: 0.4462, Test_loss: 1.6973, Test_acc: 0.4452
Epoch: 161, Train_loss: 1.6923, Train_acc: 0.4488, Test_loss: 1.6866, Test_acc: 0.4473
Epoch: 166, Train_loss: 1.6821, Train_acc: 0.4516, Test_loss: 1.6785, Test_acc: 0.4504
Epoch: 171, Train_loss: 1.6769, Train_acc: 0.4544, Test_loss: 1.6686, Test_acc: 0.4528
Epoch: 176, Train_loss: 1.6621, Train_acc: 0.4594, Test_loss: 1.6566, Test_acc: 0.4580
Epoch: 181, Train_loss: 1.6645, Train_acc: 0.4572, Test_loss: 1.6537, Test_acc: 0.4594
Epoch: 186, Train_loss: 1.6466, Train_acc: 0.4598, Test_loss: 1.6426, Test_acc: 0.4571
Epoch: 191, Train_loss: 1.6444, Train_acc: 0.4533, Test_loss: 1.6358, Test_acc: 0.4547
Epoch: 196, Train_loss: 1.6397, Train_acc: 0.4578, Test_loss: 1.6389, Test_acc: 0.4536
Model saved at ./models/ft_checkpoints/20231002172423_model_random.pt.
>>> Fine-tuning done!

************************************************************************************************************************

uid: 20231002174949
>>> Training model_random
Epoch: 001, Train_loss: 2.2255, Train_acc: 0.1892, Test_loss: 2.2128, Test_acc: 0.1959
Epoch: 006, Train_loss: 2.0112, Train_acc: 0.2800, Test_loss: 1.9901, Test_acc: 0.2897
Epoch: 011, Train_loss: 1.8849, Train_acc: 0.3402, Test_loss: 1.8687, Test_acc: 0.3452
Epoch: 016, Train_loss: 1.8038, Train_acc: 0.3696, Test_loss: 1.7956, Test_acc: 0.3670
Epoch: 021, Train_loss: 1.7386, Train_acc: 0.4103, Test_loss: 1.7278, Test_acc: 0.4047
Epoch: 026, Train_loss: 1.6911, Train_acc: 0.4350, Test_loss: 1.6825, Test_acc: 0.4300
Epoch: 031, Train_loss: 1.6467, Train_acc: 0.4542, Test_loss: 1.6347, Test_acc: 0.4488
Epoch: 036, Train_loss: 1.6162, Train_acc: 0.4678, Test_loss: 1.6075, Test_acc: 0.4614
Epoch: 041, Train_loss: 1.5851, Train_acc: 0.4795, Test_loss: 1.5737, Test_acc: 0.4743
Epoch: 046, Train_loss: 1.5643, Train_acc: 0.4868, Test_loss: 1.5592, Test_acc: 0.4779
Epoch: 051, Train_loss: 1.5449, Train_acc: 0.4954, Test_loss: 1.5388, Test_acc: 0.4883
Epoch: 056, Train_loss: 1.5272, Train_acc: 0.5038, Test_loss: 1.5196, Test_acc: 0.5005
Epoch: 061, Train_loss: 1.5175, Train_acc: 0.5083, Test_loss: 1.5098, Test_acc: 0.5052
Epoch: 066, Train_loss: 1.5040, Train_acc: 0.5132, Test_loss: 1.4983, Test_acc: 0.5083
Epoch: 071, Train_loss: 1.4943, Train_acc: 0.5107, Test_loss: 1.4889, Test_acc: 0.5039
Epoch: 076, Train_loss: 1.4852, Train_acc: 0.5223, Test_loss: 1.4815, Test_acc: 0.5161
Epoch: 081, Train_loss: 1.4756, Train_acc: 0.5265, Test_loss: 1.4722, Test_acc: 0.5223
Epoch: 086, Train_loss: 1.4677, Train_acc: 0.5304, Test_loss: 1.4640, Test_acc: 0.5260
Epoch: 091, Train_loss: 1.4626, Train_acc: 0.5377, Test_loss: 1.4570, Test_acc: 0.5315
Epoch: 096, Train_loss: 1.4576, Train_acc: 0.5347, Test_loss: 1.4522, Test_acc: 0.5311
Epoch: 101, Train_loss: 1.4514, Train_acc: 0.5411, Test_loss: 1.4503, Test_acc: 0.5333
Epoch: 106, Train_loss: 1.4464, Train_acc: 0.5363, Test_loss: 1.4399, Test_acc: 0.5343
Epoch: 111, Train_loss: 1.4431, Train_acc: 0.5398, Test_loss: 1.4403, Test_acc: 0.5340
Epoch: 116, Train_loss: 1.4386, Train_acc: 0.5468, Test_loss: 1.4332, Test_acc: 0.5460
Epoch: 121, Train_loss: 1.4331, Train_acc: 0.5482, Test_loss: 1.4319, Test_acc: 0.5429
Epoch: 126, Train_loss: 1.4297, Train_acc: 0.5480, Test_loss: 1.4265, Test_acc: 0.5469
Epoch: 131, Train_loss: 1.4267, Train_acc: 0.5499, Test_loss: 1.4273, Test_acc: 0.5439
Epoch: 136, Train_loss: 1.4233, Train_acc: 0.5508, Test_loss: 1.4236, Test_acc: 0.5455
Epoch: 141, Train_loss: 1.4180, Train_acc: 0.5568, Test_loss: 1.4152, Test_acc: 0.5516
Epoch: 146, Train_loss: 1.4204, Train_acc: 0.5543, Test_loss: 1.4207, Test_acc: 0.5471
Epoch: 151, Train_loss: 1.4132, Train_acc: 0.5567, Test_loss: 1.4083, Test_acc: 0.5528
Epoch: 156, Train_loss: 1.4096, Train_acc: 0.5607, Test_loss: 1.4073, Test_acc: 0.5556
Epoch: 161, Train_loss: 1.4069, Train_acc: 0.5601, Test_loss: 1.4029, Test_acc: 0.5570
Epoch: 166, Train_loss: 1.4050, Train_acc: 0.5571, Test_loss: 1.4027, Test_acc: 0.5516
Epoch: 171, Train_loss: 1.4051, Train_acc: 0.5574, Test_loss: 1.4063, Test_acc: 0.5517
Epoch: 176, Train_loss: 1.4029, Train_acc: 0.5629, Test_loss: 1.3977, Test_acc: 0.5609
Epoch: 181, Train_loss: 1.3975, Train_acc: 0.5575, Test_loss: 1.3946, Test_acc: 0.5550
Epoch: 186, Train_loss: 1.3967, Train_acc: 0.5654, Test_loss: 1.3922, Test_acc: 0.5622
Epoch: 191, Train_loss: 1.3934, Train_acc: 0.5645, Test_loss: 1.3911, Test_acc: 0.5598
Epoch: 196, Train_loss: 1.3883, Train_acc: 0.5694, Test_loss: 1.3866, Test_acc: 0.5647
Model saved at ./models/ft_checkpoints/20231002174949_model_random.pt.
>>> Fine-tuning done!
model_random_test_acc_mean 0.5414489858635525
