nohup: ignoring input
Using device: cuda:0
>>> Arguments:
	             algo : fedavgtl
	            alpha : 51871.0
	       batch_size : 32
	clients_per_round : 100
	          dataset : mnist_all_data_1_equal_niid
	           device : cuda:0
	              dis : 
	   early_stopping : 20
	       eval_every : 5
	    ft_batch_size : 128
	       ft_dataset : mnist-m
	        ft_epochs : 2
	            ft_lr : 0.01
	            ft_wd : 0.0
	              gpu : True
	      input_shape : (1, 28, 28)
	           last_k : 2
	               lr : 0.05
	            model : lenet
	           n_init : 5
	        noaverage : False
	          noprint : False
	        num_class : 10
	        num_epoch : 1
	        num_round : 200
	           opt_lr : False
	            reg_J : False
	       reg_J_coef : 0.0
	             seed : 0
	               wd : 0.0001
>>> Read data from:
     ./data/mnist/data/all_data_1.pkl
>>> The estimate of constant alpha is 51871.0.
>>> Read data from:
     ./data/mnist/data/train/all_data_1_equal_niid.pkl
     ./data/mnist/data/test/all_data_1_equal_niid.pkl
>>> Use gpu on device cuda:0
>>> Model statistic per layer
LeNet_MNIST(
  286.12 KMac, 100.000% MACs, 
  (conv1): Conv2d(89.856 KMac, 31.405% MACs, 1, 6, kernel_size=(5, 5), stride=(1, 1))
  (conv2): Conv2d(154.624 KMac, 54.042% MACs, 6, 16, kernel_size=(5, 5), stride=(1, 1))
  (fc1): Linear(30.72 KMac, 10.737% MACs, in_features=256, out_features=120, bias=True)
  (fc2): Linear(10.08 KMac, 3.523% MACs, in_features=120, out_features=84, bias=True)
  (fc3): Linear(840.0 Mac, 0.294% MACs, in_features=84, out_features=10, bias=True)
)
>>> Activate a worker for training
>>> Initialize 100 clients in total
>>> Weigh updates by simple average
>>> Select 100 clients per round 


>>> Round:    0 / Acc: 5.406% / Loss: 10.8435 / Grad Norm: 139.2740 / Grad Diff: 51592.5294 / Time: 7.50s
======================================================================================================

= Test = round: 0 / acc: 5.250% / loss: 11.0175 / Time: 0.63s
======================================================================================================

round 0 local learning rate = 0.05

>>> Round:    1 / Acc: 10.212% / Loss: 2.3039 / Grad Norm: 0.0308 / Grad Diff: 0.5222 / Time: 7.86s
======================================================================================================

round 1 local learning rate = 0.05

>>> Round:    2 / Acc: 10.269% / Loss: 2.3034 / Grad Norm: 0.0310 / Grad Diff: 0.5327 / Time: 7.52s
======================================================================================================

round 2 local learning rate = 0.025

>>> Round:    3 / Acc: 10.328% / Loss: 2.3032 / Grad Norm: 0.0311 / Grad Diff: 0.5357 / Time: 7.63s
======================================================================================================

round 3 local learning rate = 0.016666666666666666

>>> Round:    4 / Acc: 10.336% / Loss: 2.3030 / Grad Norm: 0.0313 / Grad Diff: 0.5373 / Time: 7.84s
======================================================================================================

round 4 local learning rate = 0.0125

>>> Round:    5 / Acc: 10.406% / Loss: 2.3029 / Grad Norm: 0.0315 / Grad Diff: 0.5382 / Time: 7.61s
======================================================================================================

= Test = round: 5 / acc: 10.550% / loss: 2.3030 / Time: 0.60s
======================================================================================================

round 5 local learning rate = 0.01

>>> Round:    6 / Acc: 10.456% / Loss: 2.3028 / Grad Norm: 0.0319 / Grad Diff: 0.5389 / Time: 7.45s
======================================================================================================

round 6 local learning rate = 0.008333333333333333

>>> Round:    7 / Acc: 10.500% / Loss: 2.3027 / Grad Norm: 0.0322 / Grad Diff: 0.5395 / Time: 7.52s
======================================================================================================

round 7 local learning rate = 0.0071428571428571435

>>> Round:    8 / Acc: 10.579% / Loss: 2.3026 / Grad Norm: 0.0323 / Grad Diff: 0.5398 / Time: 7.58s
======================================================================================================

round 8 local learning rate = 0.00625

>>> Round:    9 / Acc: 10.601% / Loss: 2.3025 / Grad Norm: 0.0325 / Grad Diff: 0.5401 / Time: 7.78s
======================================================================================================

round 9 local learning rate = 0.005555555555555556

>>> Round:   10 / Acc: 10.662% / Loss: 2.3025 / Grad Norm: 0.0327 / Grad Diff: 0.5403 / Time: 7.75s
======================================================================================================

= Test = round: 10 / acc: 10.840% / loss: 2.3026 / Time: 0.65s
======================================================================================================

round 10 local learning rate = 0.005

>>> Round:   11 / Acc: 10.694% / Loss: 2.3024 / Grad Norm: 0.0328 / Grad Diff: 0.5405 / Time: 8.48s
======================================================================================================

round 11 local learning rate = 0.004545454545454546

>>> Round:   12 / Acc: 10.721% / Loss: 2.3024 / Grad Norm: 0.0330 / Grad Diff: 0.5407 / Time: 8.24s
======================================================================================================

round 12 local learning rate = 0.004166666666666667

>>> Round:   13 / Acc: 10.742% / Loss: 2.3023 / Grad Norm: 0.0331 / Grad Diff: 0.5408 / Time: 8.03s
======================================================================================================

round 13 local learning rate = 0.0038461538461538464

>>> Round:   14 / Acc: 10.810% / Loss: 2.3023 / Grad Norm: 0.0332 / Grad Diff: 0.5410 / Time: 7.48s
======================================================================================================

round 14 local learning rate = 0.0035714285714285718

>>> Round:   15 / Acc: 10.834% / Loss: 2.3022 / Grad Norm: 0.0333 / Grad Diff: 0.5411 / Time: 8.58s
======================================================================================================

= Test = round: 15 / acc: 11.010% / loss: 2.3024 / Time: 0.66s
======================================================================================================

round 15 local learning rate = 0.0033333333333333335

>>> Round:   16 / Acc: 10.834% / Loss: 2.3022 / Grad Norm: 0.0334 / Grad Diff: 0.5412 / Time: 7.66s
======================================================================================================

round 16 local learning rate = 0.003125

>>> Round:   17 / Acc: 10.836% / Loss: 2.3022 / Grad Norm: 0.0336 / Grad Diff: 0.5414 / Time: 7.56s
======================================================================================================

round 17 local learning rate = 0.0029411764705882353

>>> Round:   18 / Acc: 10.871% / Loss: 2.3021 / Grad Norm: 0.0337 / Grad Diff: 0.5414 / Time: 7.55s
======================================================================================================

round 18 local learning rate = 0.002777777777777778

>>> Round:   19 / Acc: 10.893% / Loss: 2.3021 / Grad Norm: 0.0337 / Grad Diff: 0.5415 / Time: 7.56s
======================================================================================================

round 19 local learning rate = 0.002631578947368421

>>> Round:   20 / Acc: 10.917% / Loss: 2.3021 / Grad Norm: 0.0338 / Grad Diff: 0.5416 / Time: 7.58s
======================================================================================================

= Test = round: 20 / acc: 11.140% / loss: 2.3022 / Time: 0.60s
======================================================================================================

round 20 local learning rate = 0.0025

>>> Round:   21 / Acc: 10.958% / Loss: 2.3021 / Grad Norm: 0.0339 / Grad Diff: 0.5417 / Time: 7.63s
======================================================================================================

round 21 local learning rate = 0.002380952380952381

>>> Round:   22 / Acc: 10.956% / Loss: 2.3020 / Grad Norm: 0.0341 / Grad Diff: 0.5418 / Time: 7.63s
======================================================================================================

round 22 local learning rate = 0.002272727272727273

>>> Round:   23 / Acc: 10.993% / Loss: 2.3020 / Grad Norm: 0.0342 / Grad Diff: 0.5419 / Time: 7.60s
======================================================================================================

round 23 local learning rate = 0.002173913043478261

>>> Round:   24 / Acc: 11.033% / Loss: 2.3020 / Grad Norm: 0.0343 / Grad Diff: 0.5420 / Time: 7.73s
======================================================================================================

round 24 local learning rate = 0.0020833333333333333

>>> Round:   25 / Acc: 11.065% / Loss: 2.3019 / Grad Norm: 0.0343 / Grad Diff: 0.5420 / Time: 7.69s
======================================================================================================

= Test = round: 25 / acc: 11.210% / loss: 2.3020 / Time: 0.64s
======================================================================================================

round 25 local learning rate = 0.002

>>> Round:   26 / Acc: 11.079% / Loss: 2.3019 / Grad Norm: 0.0344 / Grad Diff: 0.5421 / Time: 7.59s
======================================================================================================

round 26 local learning rate = 0.0019230769230769232

>>> Round:   27 / Acc: 11.118% / Loss: 2.3019 / Grad Norm: 0.0344 / Grad Diff: 0.5421 / Time: 7.80s
======================================================================================================

round 27 local learning rate = 0.001851851851851852

>>> Round:   28 / Acc: 11.133% / Loss: 2.3019 / Grad Norm: 0.0345 / Grad Diff: 0.5422 / Time: 7.42s
======================================================================================================

round 28 local learning rate = 0.0017857142857142859

>>> Round:   29 / Acc: 11.140% / Loss: 2.3019 / Grad Norm: 0.0346 / Grad Diff: 0.5422 / Time: 7.35s
======================================================================================================

round 29 local learning rate = 0.001724137931034483

>>> Round:   30 / Acc: 11.185% / Loss: 2.3018 / Grad Norm: 0.0346 / Grad Diff: 0.5423 / Time: 7.43s
======================================================================================================

= Test = round: 30 / acc: 11.310% / loss: 2.3019 / Time: 0.61s
======================================================================================================

round 30 local learning rate = 0.0016666666666666668

>>> Round:   31 / Acc: 11.220% / Loss: 2.3018 / Grad Norm: 0.0347 / Grad Diff: 0.5423 / Time: 7.66s
======================================================================================================

round 31 local learning rate = 0.0016129032258064516

>>> Round:   32 / Acc: 11.227% / Loss: 2.3018 / Grad Norm: 0.0348 / Grad Diff: 0.5424 / Time: 8.31s
======================================================================================================

round 32 local learning rate = 0.0015625

>>> Round:   33 / Acc: 11.244% / Loss: 2.3018 / Grad Norm: 0.0348 / Grad Diff: 0.5424 / Time: 7.53s
======================================================================================================

round 33 local learning rate = 0.0015151515151515152

>>> Round:   34 / Acc: 11.253% / Loss: 2.3018 / Grad Norm: 0.0349 / Grad Diff: 0.5425 / Time: 7.55s
======================================================================================================

round 34 local learning rate = 0.0014705882352941176

>>> Round:   35 / Acc: 11.273% / Loss: 2.3017 / Grad Norm: 0.0349 / Grad Diff: 0.5425 / Time: 7.49s
======================================================================================================

= Test = round: 35 / acc: 11.420% / loss: 2.3018 / Time: 0.62s
======================================================================================================

round 35 local learning rate = 0.0014285714285714286

>>> Round:   36 / Acc: 11.303% / Loss: 2.3017 / Grad Norm: 0.0350 / Grad Diff: 0.5425 / Time: 7.36s
======================================================================================================

round 36 local learning rate = 0.001388888888888889

>>> Round:   37 / Acc: 11.306% / Loss: 2.3017 / Grad Norm: 0.0350 / Grad Diff: 0.5426 / Time: 7.77s
======================================================================================================

round 37 local learning rate = 0.0013513513513513514

>>> Round:   38 / Acc: 11.327% / Loss: 2.3017 / Grad Norm: 0.0351 / Grad Diff: 0.5426 / Time: 7.30s
======================================================================================================

round 38 local learning rate = 0.0013157894736842105

>>> Round:   39 / Acc: 11.319% / Loss: 2.3017 / Grad Norm: 0.0351 / Grad Diff: 0.5426 / Time: 9.50s
======================================================================================================

round 39 local learning rate = 0.001282051282051282

>>> Round:   40 / Acc: 11.334% / Loss: 2.3017 / Grad Norm: 0.0352 / Grad Diff: 0.5427 / Time: 7.32s
======================================================================================================

= Test = round: 40 / acc: 11.420% / loss: 2.3017 / Time: 0.63s
======================================================================================================

round 40 local learning rate = 0.00125

>>> Round:   41 / Acc: 11.345% / Loss: 2.3016 / Grad Norm: 0.0352 / Grad Diff: 0.5427 / Time: 7.70s
======================================================================================================

round 41 local learning rate = 0.0012195121951219512

>>> Round:   42 / Acc: 11.358% / Loss: 2.3016 / Grad Norm: 0.0353 / Grad Diff: 0.5427 / Time: 7.72s
======================================================================================================

round 42 local learning rate = 0.0011904761904761906

>>> Round:   43 / Acc: 11.354% / Loss: 2.3016 / Grad Norm: 0.0355 / Grad Diff: 0.5428 / Time: 8.60s
======================================================================================================

round 43 local learning rate = 0.0011627906976744186

>>> Round:   44 / Acc: 11.369% / Loss: 2.3016 / Grad Norm: 0.0355 / Grad Diff: 0.5429 / Time: 7.63s
======================================================================================================

round 44 local learning rate = 0.0011363636363636365

>>> Round:   45 / Acc: 11.369% / Loss: 2.3016 / Grad Norm: 0.0355 / Grad Diff: 0.5429 / Time: 7.60s
======================================================================================================

= Test = round: 45 / acc: 11.470% / loss: 2.3017 / Time: 0.63s
======================================================================================================

round 45 local learning rate = 0.0011111111111111111

>>> Round:   46 / Acc: 11.399% / Loss: 2.3016 / Grad Norm: 0.0357 / Grad Diff: 0.5430 / Time: 9.89s
======================================================================================================

round 46 local learning rate = 0.0010869565217391304

>>> Round:   47 / Acc: 11.406% / Loss: 2.3016 / Grad Norm: 0.0358 / Grad Diff: 0.5430 / Time: 7.81s
======================================================================================================

round 47 local learning rate = 0.0010638297872340426

>>> Round:   48 / Acc: 11.424% / Loss: 2.3015 / Grad Norm: 0.0358 / Grad Diff: 0.5430 / Time: 7.53s
======================================================================================================

round 48 local learning rate = 0.0010416666666666667

>>> Round:   49 / Acc: 11.445% / Loss: 2.3015 / Grad Norm: 0.0359 / Grad Diff: 0.5431 / Time: 7.47s
======================================================================================================

round 49 local learning rate = 0.0010204081632653062

>>> Round:   50 / Acc: 11.474% / Loss: 2.3015 / Grad Norm: 0.0359 / Grad Diff: 0.5431 / Time: 7.41s
======================================================================================================

= Test = round: 50 / acc: 11.580% / loss: 2.3016 / Time: 0.63s
======================================================================================================

round 50 local learning rate = 0.001

>>> Round:   51 / Acc: 11.493% / Loss: 2.3015 / Grad Norm: 0.0360 / Grad Diff: 0.5431 / Time: 7.65s
======================================================================================================

round 51 local learning rate = 0.000980392156862745

>>> Round:   52 / Acc: 11.496% / Loss: 2.3015 / Grad Norm: 0.0360 / Grad Diff: 0.5431 / Time: 6.97s
======================================================================================================

round 52 local learning rate = 0.0009615384615384616

>>> Round:   53 / Acc: 11.509% / Loss: 2.3015 / Grad Norm: 0.0360 / Grad Diff: 0.5432 / Time: 7.50s
======================================================================================================

round 53 local learning rate = 0.0009433962264150943

>>> Round:   54 / Acc: 11.504% / Loss: 2.3015 / Grad Norm: 0.0360 / Grad Diff: 0.5432 / Time: 7.37s
======================================================================================================

round 54 local learning rate = 0.000925925925925926

>>> Round:   55 / Acc: 11.535% / Loss: 2.3014 / Grad Norm: 0.0360 / Grad Diff: 0.5432 / Time: 8.16s
======================================================================================================

= Test = round: 55 / acc: 11.650% / loss: 2.3015 / Time: 0.81s
======================================================================================================

round 55 local learning rate = 0.0009090909090909091

>>> Round:   56 / Acc: 11.548% / Loss: 2.3014 / Grad Norm: 0.0361 / Grad Diff: 0.5433 / Time: 7.52s
======================================================================================================

round 56 local learning rate = 0.0008928571428571429

>>> Round:   57 / Acc: 11.555% / Loss: 2.3014 / Grad Norm: 0.0361 / Grad Diff: 0.5433 / Time: 7.75s
======================================================================================================

round 57 local learning rate = 0.0008771929824561404

>>> Round:   58 / Acc: 11.559% / Loss: 2.3014 / Grad Norm: 0.0362 / Grad Diff: 0.5433 / Time: 7.67s
======================================================================================================

round 58 local learning rate = 0.0008620689655172415

>>> Round:   59 / Acc: 11.570% / Loss: 2.3014 / Grad Norm: 0.0362 / Grad Diff: 0.5433 / Time: 7.36s
======================================================================================================

round 59 local learning rate = 0.0008474576271186442

>>> Round:   60 / Acc: 11.583% / Loss: 2.3014 / Grad Norm: 0.0362 / Grad Diff: 0.5434 / Time: 7.62s
======================================================================================================

= Test = round: 60 / acc: 11.760% / loss: 2.3015 / Time: 0.62s
======================================================================================================

round 60 local learning rate = 0.0008333333333333334

>>> Round:   61 / Acc: 11.585% / Loss: 2.3014 / Grad Norm: 0.0363 / Grad Diff: 0.5434 / Time: 7.84s
======================================================================================================

round 61 local learning rate = 0.000819672131147541

>>> Round:   62 / Acc: 11.596% / Loss: 2.3014 / Grad Norm: 0.0363 / Grad Diff: 0.5434 / Time: 7.54s
======================================================================================================

round 62 local learning rate = 0.0008064516129032258

>>> Round:   63 / Acc: 11.616% / Loss: 2.3014 / Grad Norm: 0.0365 / Grad Diff: 0.5436 / Time: 7.12s
======================================================================================================

round 63 local learning rate = 0.0007936507936507937

>>> Round:   64 / Acc: 11.640% / Loss: 2.3013 / Grad Norm: 0.0365 / Grad Diff: 0.5437 / Time: 7.80s
======================================================================================================

round 64 local learning rate = 0.00078125

>>> Round:   65 / Acc: 11.642% / Loss: 2.3013 / Grad Norm: 0.0366 / Grad Diff: 0.5437 / Time: 7.95s
======================================================================================================

= Test = round: 65 / acc: 11.820% / loss: 2.3014 / Time: 0.62s
======================================================================================================

round 65 local learning rate = 0.0007692307692307692

>>> Round:   66 / Acc: 11.659% / Loss: 2.3013 / Grad Norm: 0.0366 / Grad Diff: 0.5437 / Time: 7.67s
======================================================================================================

round 66 local learning rate = 0.0007575757575757576

>>> Round:   67 / Acc: 11.673% / Loss: 2.3013 / Grad Norm: 0.0366 / Grad Diff: 0.5437 / Time: 7.81s
======================================================================================================

round 67 local learning rate = 0.0007462686567164179

>>> Round:   68 / Acc: 11.675% / Loss: 2.3013 / Grad Norm: 0.0366 / Grad Diff: 0.5437 / Time: 7.71s
======================================================================================================

round 68 local learning rate = 0.0007352941176470588

>>> Round:   69 / Acc: 11.670% / Loss: 2.3013 / Grad Norm: 0.0366 / Grad Diff: 0.5437 / Time: 7.91s
======================================================================================================

round 69 local learning rate = 0.0007246376811594203

>>> Round:   70 / Acc: 11.670% / Loss: 2.3013 / Grad Norm: 0.0366 / Grad Diff: 0.5438 / Time: 7.86s
======================================================================================================

= Test = round: 70 / acc: 11.890% / loss: 2.3013 / Time: 0.67s
======================================================================================================

round 70 local learning rate = 0.0007142857142857143

>>> Round:   71 / Acc: 11.686% / Loss: 2.3013 / Grad Norm: 0.0367 / Grad Diff: 0.5438 / Time: 9.09s
======================================================================================================

round 71 local learning rate = 0.0007042253521126761

>>> Round:   72 / Acc: 11.705% / Loss: 2.3013 / Grad Norm: 0.0367 / Grad Diff: 0.5438 / Time: 7.42s
======================================================================================================

round 72 local learning rate = 0.0006944444444444445

>>> Round:   73 / Acc: 11.721% / Loss: 2.3013 / Grad Norm: 0.0367 / Grad Diff: 0.5438 / Time: 7.54s
======================================================================================================

round 73 local learning rate = 0.0006849315068493151

>>> Round:   74 / Acc: 11.721% / Loss: 2.3013 / Grad Norm: 0.0367 / Grad Diff: 0.5439 / Time: 7.63s
======================================================================================================

round 74 local learning rate = 0.0006756756756756757

>>> Round:   75 / Acc: 11.731% / Loss: 2.3012 / Grad Norm: 0.0368 / Grad Diff: 0.5439 / Time: 7.33s
======================================================================================================

= Test = round: 75 / acc: 12.000% / loss: 2.3013 / Time: 0.63s
======================================================================================================

round 75 local learning rate = 0.0006666666666666668

>>> Round:   76 / Acc: 11.742% / Loss: 2.3012 / Grad Norm: 0.0368 / Grad Diff: 0.5439 / Time: 7.81s
======================================================================================================

round 76 local learning rate = 0.0006578947368421052

>>> Round:   77 / Acc: 11.749% / Loss: 2.3012 / Grad Norm: 0.0371 / Grad Diff: 0.5440 / Time: 7.60s
======================================================================================================

round 77 local learning rate = 0.0006493506493506494

>>> Round:   78 / Acc: 11.764% / Loss: 2.3012 / Grad Norm: 0.0371 / Grad Diff: 0.5440 / Time: 8.00s
======================================================================================================

round 78 local learning rate = 0.000641025641025641

>>> Round:   79 / Acc: 11.773% / Loss: 2.3012 / Grad Norm: 0.0372 / Grad Diff: 0.5441 / Time: 7.63s
======================================================================================================

round 79 local learning rate = 0.0006329113924050633

>>> Round:   80 / Acc: 11.777% / Loss: 2.3012 / Grad Norm: 0.0372 / Grad Diff: 0.5441 / Time: 7.59s
======================================================================================================

= Test = round: 80 / acc: 11.990% / loss: 2.3013 / Time: 0.63s
======================================================================================================

round 80 local learning rate = 0.000625

>>> Round:   81 / Acc: 11.786% / Loss: 2.3012 / Grad Norm: 0.0372 / Grad Diff: 0.5441 / Time: 7.85s
======================================================================================================

round 81 local learning rate = 0.0006172839506172839

>>> Round:   82 / Acc: 11.790% / Loss: 2.3012 / Grad Norm: 0.0373 / Grad Diff: 0.5441 / Time: 7.56s
======================================================================================================

round 82 local learning rate = 0.0006097560975609756

>>> Round:   83 / Acc: 11.806% / Loss: 2.3012 / Grad Norm: 0.0373 / Grad Diff: 0.5441 / Time: 7.74s
======================================================================================================

round 83 local learning rate = 0.0006024096385542169

>>> Round:   84 / Acc: 11.815% / Loss: 2.3012 / Grad Norm: 0.0373 / Grad Diff: 0.5442 / Time: 7.98s
======================================================================================================

round 84 local learning rate = 0.0005952380952380953

>>> Round:   85 / Acc: 11.832% / Loss: 2.3012 / Grad Norm: 0.0374 / Grad Diff: 0.5442 / Time: 7.05s
======================================================================================================

= Test = round: 85 / acc: 12.030% / loss: 2.3012 / Time: 0.60s
======================================================================================================

round 85 local learning rate = 0.0005882352941176471

>>> Round:   86 / Acc: 11.834% / Loss: 2.3011 / Grad Norm: 0.0374 / Grad Diff: 0.5442 / Time: 6.84s
======================================================================================================

round 86 local learning rate = 0.0005813953488372093

>>> Round:   87 / Acc: 11.843% / Loss: 2.3011 / Grad Norm: 0.0374 / Grad Diff: 0.5442 / Time: 6.82s
======================================================================================================

round 87 local learning rate = 0.0005747126436781609

>>> Round:   88 / Acc: 11.843% / Loss: 2.3011 / Grad Norm: 0.0374 / Grad Diff: 0.5443 / Time: 6.80s
======================================================================================================

round 88 local learning rate = 0.0005681818181818183

>>> Round:   89 / Acc: 11.854% / Loss: 2.3011 / Grad Norm: 0.0374 / Grad Diff: 0.5442 / Time: 8.53s
======================================================================================================

round 89 local learning rate = 0.0005617977528089888

>>> Round:   90 / Acc: 11.873% / Loss: 2.3011 / Grad Norm: 0.0374 / Grad Diff: 0.5443 / Time: 7.69s
======================================================================================================

= Test = round: 90 / acc: 12.040% / loss: 2.3012 / Time: 0.61s
======================================================================================================

round 90 local learning rate = 0.0005555555555555556

>>> Round:   91 / Acc: 11.910% / Loss: 2.3011 / Grad Norm: 0.0374 / Grad Diff: 0.5443 / Time: 7.64s
======================================================================================================

round 91 local learning rate = 0.0005494505494505495

>>> Round:   92 / Acc: 11.913% / Loss: 2.3011 / Grad Norm: 0.0374 / Grad Diff: 0.5443 / Time: 7.61s
======================================================================================================

round 92 local learning rate = 0.0005434782608695652

>>> Round:   93 / Acc: 11.917% / Loss: 2.3011 / Grad Norm: 0.0375 / Grad Diff: 0.5443 / Time: 7.69s
======================================================================================================

round 93 local learning rate = 0.0005376344086021505

>>> Round:   94 / Acc: 11.930% / Loss: 2.3011 / Grad Norm: 0.0375 / Grad Diff: 0.5443 / Time: 7.51s
======================================================================================================

round 94 local learning rate = 0.0005319148936170213

>>> Round:   95 / Acc: 11.939% / Loss: 2.3011 / Grad Norm: 0.0375 / Grad Diff: 0.5443 / Time: 7.51s
======================================================================================================

= Test = round: 95 / acc: 12.130% / loss: 2.3011 / Time: 0.61s
======================================================================================================

round 95 local learning rate = 0.0005263157894736842

>>> Round:   96 / Acc: 11.956% / Loss: 2.3011 / Grad Norm: 0.0375 / Grad Diff: 0.5444 / Time: 7.89s
======================================================================================================

round 96 local learning rate = 0.0005208333333333333

>>> Round:   97 / Acc: 11.963% / Loss: 2.3011 / Grad Norm: 0.0375 / Grad Diff: 0.5444 / Time: 7.59s
======================================================================================================

round 97 local learning rate = 0.0005154639175257732

>>> Round:   98 / Acc: 11.970% / Loss: 2.3011 / Grad Norm: 0.0375 / Grad Diff: 0.5444 / Time: 7.77s
======================================================================================================

round 98 local learning rate = 0.0005102040816326531

>>> Round:   99 / Acc: 11.969% / Loss: 2.3010 / Grad Norm: 0.0375 / Grad Diff: 0.5444 / Time: 7.57s
======================================================================================================

round 99 local learning rate = 0.000505050505050505

>>> Round:  100 / Acc: 11.982% / Loss: 2.3010 / Grad Norm: 0.0375 / Grad Diff: 0.5444 / Time: 7.72s
======================================================================================================

= Test = round: 100 / acc: 12.180% / loss: 2.3011 / Time: 0.61s
======================================================================================================

round 100 local learning rate = 0.0005

>>> Round:  101 / Acc: 12.007% / Loss: 2.3010 / Grad Norm: 0.0377 / Grad Diff: 0.5445 / Time: 7.78s
======================================================================================================

round 101 local learning rate = 0.0004950495049504951

>>> Round:  102 / Acc: 12.020% / Loss: 2.3010 / Grad Norm: 0.0377 / Grad Diff: 0.5445 / Time: 7.57s
======================================================================================================

round 102 local learning rate = 0.0004901960784313725

>>> Round:  103 / Acc: 12.024% / Loss: 2.3010 / Grad Norm: 0.0377 / Grad Diff: 0.5445 / Time: 7.80s
======================================================================================================

round 103 local learning rate = 0.00048543689320388353

>>> Round:  104 / Acc: 12.031% / Loss: 2.3010 / Grad Norm: 0.0377 / Grad Diff: 0.5445 / Time: 7.50s
======================================================================================================

round 104 local learning rate = 0.0004807692307692308

>>> Round:  105 / Acc: 12.031% / Loss: 2.3010 / Grad Norm: 0.0377 / Grad Diff: 0.5445 / Time: 8.73s
======================================================================================================

= Test = round: 105 / acc: 12.190% / loss: 2.3010 / Time: 0.62s
======================================================================================================

round 105 local learning rate = 0.0004761904761904762

>>> Round:  106 / Acc: 12.046% / Loss: 2.3010 / Grad Norm: 0.0377 / Grad Diff: 0.5446 / Time: 7.70s
======================================================================================================

round 106 local learning rate = 0.0004716981132075472

>>> Round:  107 / Acc: 12.063% / Loss: 2.3010 / Grad Norm: 0.0378 / Grad Diff: 0.5446 / Time: 7.65s
======================================================================================================

round 107 local learning rate = 0.00046728971962616824

>>> Round:  108 / Acc: 12.068% / Loss: 2.3010 / Grad Norm: 0.0378 / Grad Diff: 0.5446 / Time: 8.59s
======================================================================================================

round 108 local learning rate = 0.000462962962962963

>>> Round:  109 / Acc: 12.074% / Loss: 2.3010 / Grad Norm: 0.0378 / Grad Diff: 0.5446 / Time: 7.50s
======================================================================================================

round 109 local learning rate = 0.00045871559633027525

>>> Round:  110 / Acc: 12.070% / Loss: 2.3010 / Grad Norm: 0.0378 / Grad Diff: 0.5446 / Time: 8.70s
======================================================================================================

= Test = round: 110 / acc: 12.230% / loss: 2.3010 / Time: 0.64s
======================================================================================================

round 110 local learning rate = 0.00045454545454545455

>>> Round:  111 / Acc: 12.077% / Loss: 2.3010 / Grad Norm: 0.0378 / Grad Diff: 0.5447 / Time: 7.52s
======================================================================================================

round 111 local learning rate = 0.00045045045045045046

>>> Round:  112 / Acc: 12.072% / Loss: 2.3010 / Grad Norm: 0.0378 / Grad Diff: 0.5447 / Time: 7.64s
======================================================================================================

round 112 local learning rate = 0.00044642857142857147

>>> Round:  113 / Acc: 12.090% / Loss: 2.3010 / Grad Norm: 0.0379 / Grad Diff: 0.5447 / Time: 7.51s
======================================================================================================

round 113 local learning rate = 0.00044247787610619474

>>> Round:  114 / Acc: 12.085% / Loss: 2.3009 / Grad Norm: 0.0379 / Grad Diff: 0.5447 / Time: 7.58s
======================================================================================================

round 114 local learning rate = 0.0004385964912280702

>>> Round:  115 / Acc: 12.101% / Loss: 2.3009 / Grad Norm: 0.0379 / Grad Diff: 0.5447 / Time: 7.28s
======================================================================================================

= Test = round: 115 / acc: 12.310% / loss: 2.3010 / Time: 0.62s
======================================================================================================

round 115 local learning rate = 0.0004347826086956522

>>> Round:  116 / Acc: 12.109% / Loss: 2.3009 / Grad Norm: 0.0379 / Grad Diff: 0.5447 / Time: 7.48s
======================================================================================================

round 116 local learning rate = 0.00043103448275862074

>>> Round:  117 / Acc: 12.122% / Loss: 2.3009 / Grad Norm: 0.0379 / Grad Diff: 0.5447 / Time: 8.50s
======================================================================================================

round 117 local learning rate = 0.00042735042735042735

>>> Round:  118 / Acc: 12.135% / Loss: 2.3009 / Grad Norm: 0.0380 / Grad Diff: 0.5448 / Time: 8.86s
======================================================================================================

round 118 local learning rate = 0.0004237288135593221

>>> Round:  119 / Acc: 12.137% / Loss: 2.3009 / Grad Norm: 0.0380 / Grad Diff: 0.5448 / Time: 7.65s
======================================================================================================

round 119 local learning rate = 0.0004201680672268908

>>> Round:  120 / Acc: 12.144% / Loss: 2.3009 / Grad Norm: 0.0380 / Grad Diff: 0.5448 / Time: 7.88s
======================================================================================================

= Test = round: 120 / acc: 12.310% / loss: 2.3009 / Time: 0.65s
======================================================================================================

round 120 local learning rate = 0.0004166666666666667

>>> Round:  121 / Acc: 12.164% / Loss: 2.3009 / Grad Norm: 0.0380 / Grad Diff: 0.5448 / Time: 7.50s
======================================================================================================

round 121 local learning rate = 0.0004132231404958678

>>> Round:  122 / Acc: 12.173% / Loss: 2.3009 / Grad Norm: 0.0380 / Grad Diff: 0.5448 / Time: 7.69s
======================================================================================================

round 122 local learning rate = 0.0004098360655737705

>>> Round:  123 / Acc: 12.181% / Loss: 2.3009 / Grad Norm: 0.0380 / Grad Diff: 0.5448 / Time: 7.74s
======================================================================================================

round 123 local learning rate = 0.0004065040650406504

>>> Round:  124 / Acc: 12.190% / Loss: 2.3009 / Grad Norm: 0.0381 / Grad Diff: 0.5448 / Time: 7.54s
======================================================================================================

round 124 local learning rate = 0.0004032258064516129

>>> Round:  125 / Acc: 12.203% / Loss: 2.3009 / Grad Norm: 0.0381 / Grad Diff: 0.5449 / Time: 7.66s
======================================================================================================

= Test = round: 125 / acc: 12.320% / loss: 2.3009 / Time: 0.64s
======================================================================================================

round 125 local learning rate = 0.0004

>>> Round:  126 / Acc: 12.216% / Loss: 2.3009 / Grad Norm: 0.0381 / Grad Diff: 0.5449 / Time: 7.85s
======================================================================================================

round 126 local learning rate = 0.0003968253968253968

>>> Round:  127 / Acc: 12.231% / Loss: 2.3009 / Grad Norm: 0.0381 / Grad Diff: 0.5449 / Time: 8.78s
======================================================================================================

round 127 local learning rate = 0.00039370078740157485

>>> Round:  128 / Acc: 12.229% / Loss: 2.3009 / Grad Norm: 0.0381 / Grad Diff: 0.5449 / Time: 8.20s
======================================================================================================

round 128 local learning rate = 0.000390625

>>> Round:  129 / Acc: 12.225% / Loss: 2.3009 / Grad Norm: 0.0381 / Grad Diff: 0.5449 / Time: 7.44s
======================================================================================================

round 129 local learning rate = 0.0003875968992248062

>>> Round:  130 / Acc: 12.231% / Loss: 2.3008 / Grad Norm: 0.0381 / Grad Diff: 0.5449 / Time: 7.98s
======================================================================================================

= Test = round: 130 / acc: 12.450% / loss: 2.3009 / Time: 0.63s
======================================================================================================

round 130 local learning rate = 0.0003846153846153846

>>> Round:  131 / Acc: 12.240% / Loss: 2.3008 / Grad Norm: 0.0382 / Grad Diff: 0.5450 / Time: 8.94s
======================================================================================================

round 131 local learning rate = 0.0003816793893129771

>>> Round:  132 / Acc: 12.244% / Loss: 2.3008 / Grad Norm: 0.0382 / Grad Diff: 0.5450 / Time: 7.76s
======================================================================================================

round 132 local learning rate = 0.0003787878787878788

>>> Round:  133 / Acc: 12.247% / Loss: 2.3008 / Grad Norm: 0.0382 / Grad Diff: 0.5450 / Time: 7.76s
======================================================================================================

round 133 local learning rate = 0.00037593984962406017

>>> Round:  134 / Acc: 12.260% / Loss: 2.3008 / Grad Norm: 0.0382 / Grad Diff: 0.5450 / Time: 7.93s
======================================================================================================

round 134 local learning rate = 0.00037313432835820896

>>> Round:  135 / Acc: 12.268% / Loss: 2.3008 / Grad Norm: 0.0382 / Grad Diff: 0.5450 / Time: 8.16s
======================================================================================================

= Test = round: 135 / acc: 12.510% / loss: 2.3009 / Time: 0.63s
======================================================================================================

round 135 local learning rate = 0.0003703703703703704

>>> Round:  136 / Acc: 12.284% / Loss: 2.3008 / Grad Norm: 0.0382 / Grad Diff: 0.5450 / Time: 8.23s
======================================================================================================

round 136 local learning rate = 0.0003676470588235294

>>> Round:  137 / Acc: 12.279% / Loss: 2.3008 / Grad Norm: 0.0383 / Grad Diff: 0.5450 / Time: 8.74s
======================================================================================================

round 137 local learning rate = 0.00036496350364963507

>>> Round:  138 / Acc: 12.284% / Loss: 2.3008 / Grad Norm: 0.0383 / Grad Diff: 0.5450 / Time: 7.68s
======================================================================================================

round 138 local learning rate = 0.00036231884057971015

>>> Round:  139 / Acc: 12.286% / Loss: 2.3008 / Grad Norm: 0.0383 / Grad Diff: 0.5450 / Time: 7.69s
======================================================================================================

round 139 local learning rate = 0.00035971223021582735

>>> Round:  140 / Acc: 12.295% / Loss: 2.3008 / Grad Norm: 0.0383 / Grad Diff: 0.5451 / Time: 7.42s
======================================================================================================

= Test = round: 140 / acc: 12.560% / loss: 2.3008 / Time: 0.61s
======================================================================================================

round 140 local learning rate = 0.00035714285714285714

>>> Round:  141 / Acc: 12.319% / Loss: 2.3008 / Grad Norm: 0.0383 / Grad Diff: 0.5451 / Time: 7.63s
======================================================================================================

round 141 local learning rate = 0.0003546099290780142

>>> Round:  142 / Acc: 12.327% / Loss: 2.3008 / Grad Norm: 0.0383 / Grad Diff: 0.5451 / Time: 7.68s
======================================================================================================

round 142 local learning rate = 0.00035211267605633805

>>> Round:  143 / Acc: 12.339% / Loss: 2.3008 / Grad Norm: 0.0384 / Grad Diff: 0.5451 / Time: 7.72s
======================================================================================================

round 143 local learning rate = 0.00034965034965034965

>>> Round:  144 / Acc: 12.351% / Loss: 2.3008 / Grad Norm: 0.0384 / Grad Diff: 0.5451 / Time: 7.61s
======================================================================================================

round 144 local learning rate = 0.00034722222222222224

>>> Round:  145 / Acc: 12.365% / Loss: 2.3008 / Grad Norm: 0.0384 / Grad Diff: 0.5451 / Time: 7.49s
======================================================================================================

= Test = round: 145 / acc: 12.580% / loss: 2.3008 / Time: 0.60s
======================================================================================================

round 145 local learning rate = 0.0003448275862068966

>>> Round:  146 / Acc: 12.362% / Loss: 2.3008 / Grad Norm: 0.0384 / Grad Diff: 0.5451 / Time: 7.78s
======================================================================================================

round 146 local learning rate = 0.00034246575342465754

>>> Round:  147 / Acc: 12.373% / Loss: 2.3008 / Grad Norm: 0.0384 / Grad Diff: 0.5451 / Time: 9.93s
======================================================================================================

round 147 local learning rate = 0.00034013605442176874

>>> Round:  148 / Acc: 12.371% / Loss: 2.3008 / Grad Norm: 0.0385 / Grad Diff: 0.5451 / Time: 9.86s
======================================================================================================

round 148 local learning rate = 0.00033783783783783786

>>> Round:  149 / Acc: 12.373% / Loss: 2.3007 / Grad Norm: 0.0385 / Grad Diff: 0.5452 / Time: 8.06s
======================================================================================================

round 149 local learning rate = 0.00033557046979865775

>>> Round:  150 / Acc: 12.376% / Loss: 2.3007 / Grad Norm: 0.0385 / Grad Diff: 0.5452 / Time: 7.79s
======================================================================================================

= Test = round: 150 / acc: 12.580% / loss: 2.3008 / Time: 0.61s
======================================================================================================

round 150 local learning rate = 0.0003333333333333334

>>> Round:  151 / Acc: 12.375% / Loss: 2.3007 / Grad Norm: 0.0386 / Grad Diff: 0.5452 / Time: 7.47s
======================================================================================================

round 151 local learning rate = 0.00033112582781456954

>>> Round:  152 / Acc: 12.378% / Loss: 2.3007 / Grad Norm: 0.0386 / Grad Diff: 0.5452 / Time: 7.41s
======================================================================================================

round 152 local learning rate = 0.0003289473684210526

>>> Round:  153 / Acc: 12.400% / Loss: 2.3007 / Grad Norm: 0.0386 / Grad Diff: 0.5452 / Time: 7.64s
======================================================================================================

round 153 local learning rate = 0.00032679738562091506

>>> Round:  154 / Acc: 12.413% / Loss: 2.3007 / Grad Norm: 0.0386 / Grad Diff: 0.5453 / Time: 7.51s
======================================================================================================

round 154 local learning rate = 0.0003246753246753247

>>> Round:  155 / Acc: 12.424% / Loss: 2.3007 / Grad Norm: 0.0387 / Grad Diff: 0.5453 / Time: 8.28s
======================================================================================================

= Test = round: 155 / acc: 12.610% / loss: 2.3007 / Time: 0.61s
======================================================================================================

round 155 local learning rate = 0.0003225806451612903

>>> Round:  156 / Acc: 12.437% / Loss: 2.3007 / Grad Norm: 0.0387 / Grad Diff: 0.5453 / Time: 7.49s
======================================================================================================

round 156 local learning rate = 0.0003205128205128205

>>> Round:  157 / Acc: 12.432% / Loss: 2.3007 / Grad Norm: 0.0387 / Grad Diff: 0.5453 / Time: 7.12s
======================================================================================================

round 157 local learning rate = 0.00031847133757961787

>>> Round:  158 / Acc: 12.441% / Loss: 2.3007 / Grad Norm: 0.0387 / Grad Diff: 0.5453 / Time: 7.64s
======================================================================================================

round 158 local learning rate = 0.00031645569620253165

>>> Round:  159 / Acc: 12.445% / Loss: 2.3007 / Grad Norm: 0.0387 / Grad Diff: 0.5453 / Time: 7.79s
======================================================================================================

round 159 local learning rate = 0.0003144654088050315

>>> Round:  160 / Acc: 12.450% / Loss: 2.3007 / Grad Norm: 0.0387 / Grad Diff: 0.5453 / Time: 7.53s
======================================================================================================

= Test = round: 160 / acc: 12.650% / loss: 2.3007 / Time: 0.60s
======================================================================================================

round 160 local learning rate = 0.0003125

>>> Round:  161 / Acc: 12.461% / Loss: 2.3007 / Grad Norm: 0.0388 / Grad Diff: 0.5453 / Time: 7.33s
======================================================================================================

round 161 local learning rate = 0.00031055900621118014

>>> Round:  162 / Acc: 12.470% / Loss: 2.3007 / Grad Norm: 0.0388 / Grad Diff: 0.5453 / Time: 6.69s
======================================================================================================

round 162 local learning rate = 0.00030864197530864197

>>> Round:  163 / Acc: 12.476% / Loss: 2.3007 / Grad Norm: 0.0388 / Grad Diff: 0.5454 / Time: 7.14s
======================================================================================================

round 163 local learning rate = 0.00030674846625766873

>>> Round:  164 / Acc: 12.480% / Loss: 2.3007 / Grad Norm: 0.0388 / Grad Diff: 0.5454 / Time: 7.61s
======================================================================================================

round 164 local learning rate = 0.0003048780487804878

>>> Round:  165 / Acc: 12.493% / Loss: 2.3007 / Grad Norm: 0.0388 / Grad Diff: 0.5455 / Time: 7.47s
======================================================================================================

= Test = round: 165 / acc: 12.650% / loss: 2.3007 / Time: 0.63s
======================================================================================================

round 165 local learning rate = 0.00030303030303030303

>>> Round:  166 / Acc: 12.487% / Loss: 2.3007 / Grad Norm: 0.0388 / Grad Diff: 0.5455 / Time: 7.92s
======================================================================================================

round 166 local learning rate = 0.00030120481927710846

>>> Round:  167 / Acc: 12.494% / Loss: 2.3007 / Grad Norm: 0.0388 / Grad Diff: 0.5455 / Time: 7.95s
======================================================================================================

round 167 local learning rate = 0.0002994011976047904

>>> Round:  168 / Acc: 12.502% / Loss: 2.3007 / Grad Norm: 0.0388 / Grad Diff: 0.5455 / Time: 7.88s
======================================================================================================

round 168 local learning rate = 0.00029761904761904765

>>> Round:  169 / Acc: 12.507% / Loss: 2.3007 / Grad Norm: 0.0389 / Grad Diff: 0.5455 / Time: 7.77s
======================================================================================================

round 169 local learning rate = 0.0002958579881656805

>>> Round:  170 / Acc: 12.511% / Loss: 2.3006 / Grad Norm: 0.0390 / Grad Diff: 0.5456 / Time: 7.56s
======================================================================================================

= Test = round: 170 / acc: 12.670% / loss: 2.3007 / Time: 0.80s
======================================================================================================

round 170 local learning rate = 0.00029411764705882356

>>> Round:  171 / Acc: 12.513% / Loss: 2.3006 / Grad Norm: 0.0390 / Grad Diff: 0.5456 / Time: 7.50s
======================================================================================================

round 171 local learning rate = 0.00029239766081871346

>>> Round:  172 / Acc: 12.520% / Loss: 2.3006 / Grad Norm: 0.0390 / Grad Diff: 0.5456 / Time: 8.66s
======================================================================================================

round 172 local learning rate = 0.00029069767441860465

>>> Round:  173 / Acc: 12.524% / Loss: 2.3006 / Grad Norm: 0.0390 / Grad Diff: 0.5456 / Time: 7.69s
======================================================================================================

round 173 local learning rate = 0.00028901734104046245

>>> Round:  174 / Acc: 12.526% / Loss: 2.3006 / Grad Norm: 0.0390 / Grad Diff: 0.5456 / Time: 8.79s
======================================================================================================

round 174 local learning rate = 0.00028735632183908046

>>> Round:  175 / Acc: 12.524% / Loss: 2.3006 / Grad Norm: 0.0390 / Grad Diff: 0.5456 / Time: 7.64s
======================================================================================================

= Test = round: 175 / acc: 12.710% / loss: 2.3006 / Time: 0.61s
======================================================================================================

round 175 local learning rate = 0.00028571428571428574

>>> Round:  176 / Acc: 12.530% / Loss: 2.3006 / Grad Norm: 0.0391 / Grad Diff: 0.5456 / Time: 7.60s
======================================================================================================

round 176 local learning rate = 0.00028409090909090913

>>> Round:  177 / Acc: 12.531% / Loss: 2.3006 / Grad Norm: 0.0391 / Grad Diff: 0.5456 / Time: 7.57s
======================================================================================================

round 177 local learning rate = 0.0002824858757062147

>>> Round:  178 / Acc: 12.531% / Loss: 2.3006 / Grad Norm: 0.0391 / Grad Diff: 0.5457 / Time: 6.78s
======================================================================================================

round 178 local learning rate = 0.0002808988764044944

>>> Round:  179 / Acc: 12.546% / Loss: 2.3006 / Grad Norm: 0.0391 / Grad Diff: 0.5457 / Time: 7.77s
======================================================================================================

round 179 local learning rate = 0.0002793296089385475

>>> Round:  180 / Acc: 12.544% / Loss: 2.3006 / Grad Norm: 0.0391 / Grad Diff: 0.5457 / Time: 7.67s
======================================================================================================

= Test = round: 180 / acc: 12.720% / loss: 2.3006 / Time: 0.62s
======================================================================================================

round 180 local learning rate = 0.0002777777777777778

>>> Round:  181 / Acc: 12.559% / Loss: 2.3006 / Grad Norm: 0.0389 / Grad Diff: 0.5458 / Time: 7.58s
======================================================================================================

round 181 local learning rate = 0.00027624309392265195

>>> Round:  182 / Acc: 12.559% / Loss: 2.3006 / Grad Norm: 0.0390 / Grad Diff: 0.5459 / Time: 7.30s
======================================================================================================

round 182 local learning rate = 0.0002747252747252747

>>> Round:  183 / Acc: 12.576% / Loss: 2.3006 / Grad Norm: 0.0391 / Grad Diff: 0.5459 / Time: 7.67s
======================================================================================================

round 183 local learning rate = 0.000273224043715847

>>> Round:  184 / Acc: 12.579% / Loss: 2.3006 / Grad Norm: 0.0391 / Grad Diff: 0.5459 / Time: 7.56s
======================================================================================================

round 184 local learning rate = 0.0002717391304347826

>>> Round:  185 / Acc: 12.585% / Loss: 2.3006 / Grad Norm: 0.0391 / Grad Diff: 0.5459 / Time: 7.48s
======================================================================================================

= Test = round: 185 / acc: 12.730% / loss: 2.3006 / Time: 0.63s
======================================================================================================

round 185 local learning rate = 0.0002702702702702703

>>> Round:  186 / Acc: 12.589% / Loss: 2.3006 / Grad Norm: 0.0391 / Grad Diff: 0.5460 / Time: 7.74s
======================================================================================================

round 186 local learning rate = 0.00026881720430107527

>>> Round:  187 / Acc: 12.596% / Loss: 2.3006 / Grad Norm: 0.0391 / Grad Diff: 0.5460 / Time: 7.67s
======================================================================================================

round 187 local learning rate = 0.00026737967914438503

>>> Round:  188 / Acc: 12.594% / Loss: 2.3006 / Grad Norm: 0.0391 / Grad Diff: 0.5460 / Time: 8.07s
======================================================================================================

round 188 local learning rate = 0.00026595744680851064

>>> Round:  189 / Acc: 12.601% / Loss: 2.3006 / Grad Norm: 0.0391 / Grad Diff: 0.5460 / Time: 7.76s
======================================================================================================

round 189 local learning rate = 0.00026455026455026457

>>> Round:  190 / Acc: 12.605% / Loss: 2.3006 / Grad Norm: 0.0391 / Grad Diff: 0.5460 / Time: 7.91s
======================================================================================================

= Test = round: 190 / acc: 12.710% / loss: 2.3006 / Time: 0.64s
======================================================================================================

round 190 local learning rate = 0.0002631578947368421

>>> Round:  191 / Acc: 12.611% / Loss: 2.3006 / Grad Norm: 0.0391 / Grad Diff: 0.5460 / Time: 8.01s
======================================================================================================

round 191 local learning rate = 0.0002617801047120419

>>> Round:  192 / Acc: 12.614% / Loss: 2.3006 / Grad Norm: 0.0391 / Grad Diff: 0.5460 / Time: 7.59s
======================================================================================================

round 192 local learning rate = 0.00026041666666666666

>>> Round:  193 / Acc: 12.622% / Loss: 2.3006 / Grad Norm: 0.0392 / Grad Diff: 0.5460 / Time: 7.88s
======================================================================================================

round 193 local learning rate = 0.00025906735751295336

>>> Round:  194 / Acc: 12.633% / Loss: 2.3005 / Grad Norm: 0.0392 / Grad Diff: 0.5460 / Time: 8.00s
======================================================================================================

round 194 local learning rate = 0.0002577319587628866

>>> Round:  195 / Acc: 12.642% / Loss: 2.3005 / Grad Norm: 0.0392 / Grad Diff: 0.5460 / Time: 6.89s
======================================================================================================

= Test = round: 195 / acc: 12.750% / loss: 2.3006 / Time: 0.68s
======================================================================================================

round 195 local learning rate = 0.0002564102564102564

>>> Round:  196 / Acc: 12.640% / Loss: 2.3005 / Grad Norm: 0.0394 / Grad Diff: 0.5462 / Time: 7.47s
======================================================================================================

round 196 local learning rate = 0.00025510204081632655

>>> Round:  197 / Acc: 12.648% / Loss: 2.3005 / Grad Norm: 0.0395 / Grad Diff: 0.5462 / Time: 7.66s
======================================================================================================

round 197 local learning rate = 0.0002538071065989848

>>> Round:  198 / Acc: 12.649% / Loss: 2.3005 / Grad Norm: 0.0395 / Grad Diff: 0.5462 / Time: 8.21s
======================================================================================================

round 198 local learning rate = 0.0002525252525252525

>>> Round:  199 / Acc: 12.648% / Loss: 2.3005 / Grad Norm: 0.0395 / Grad Diff: 0.5462 / Time: 7.74s
======================================================================================================

round 199 local learning rate = 0.0002512562814070352

>>> Round:  200 / Acc: 12.648% / Loss: 2.3005 / Grad Norm: 0.0395 / Grad Diff: 0.5462 / Time: 7.66s
======================================================================================================

= Test = round: 200 / acc: 12.740% / loss: 2.3005 / Time: 0.60s
======================================================================================================

