nohup: ignoring input
Using device: cuda:0
>>> Arguments:
	             algo : fedavgtl
	            alpha : 51871.0
	       batch_size : 64
	clients_per_round : 100
	          dataset : mnist_all_data_1_equal_niid
	           device : cuda:0
	              dis : 
	   early_stopping : 20
	       eval_every : 5
	    ft_batch_size : 128
	       ft_dataset : mnist-m
	        ft_epochs : 2
	            ft_lr : 0.01
	            ft_wd : 0.0
	              gpu : True
	      input_shape : (1, 28, 28)
	           last_k : 2
	               lr : 0.01
	            model : lenet
	           n_init : 5
	        noaverage : False
	          noprint : False
	        num_class : 10
	        num_epoch : 1
	        num_round : 200
	           opt_lr : False
	            reg_J : True
	       reg_J_coef : 0.001
	             seed : 0
	               wd : 0.0
>>> Read data from:
     ./data/mnist/data/all_data_1.pkl
>>> The estimate of constant alpha is 51871.0.
>>> Read data from:
     ./data/mnist/data/train/all_data_1_equal_niid.pkl
     ./data/mnist/data/test/all_data_1_equal_niid.pkl
>>> Use gpu on device cuda:0
>>> Model statistic per layer
LeNet_MNIST(
  286.12 KMac, 100.000% MACs, 
  (conv1): Conv2d(89.856 KMac, 31.405% MACs, 1, 6, kernel_size=(5, 5), stride=(1, 1))
  (conv2): Conv2d(154.624 KMac, 54.042% MACs, 6, 16, kernel_size=(5, 5), stride=(1, 1))
  (fc1): Linear(30.72 KMac, 10.737% MACs, in_features=256, out_features=120, bias=True)
  (fc2): Linear(10.08 KMac, 3.523% MACs, in_features=120, out_features=84, bias=True)
  (fc3): Linear(840.0 Mac, 0.294% MACs, in_features=84, out_features=10, bias=True)
)
>>> Activate a worker for training
>>> Initialize 100 clients in total
>>> Weigh updates by simple average
>>> Select 100 clients per round 


>>> Round:    0 / Acc: 9.561% / Loss: 8.7403 / Grad Norm: 158.9212 / Grad Diff: 25512.4320 / Time: 6.27s
======================================================================================================

= Test = round: 0 / acc: 8.980% / loss: 8.7696 / Time: 0.52s
======================================================================================================

round 0 local learning rate = 0.01

>>> Round:    1 / Acc: 11.708% / Loss: 2.3195 / Grad Norm: 2.5672 / Grad Diff: 81.3832 / Time: 6.29s
======================================================================================================

round 1 local learning rate = 0.01

>>> Round:    2 / Acc: 29.587% / Loss: 2.0476 / Grad Norm: 3.6047 / Grad Diff: 199.6567 / Time: 6.37s
======================================================================================================

round 2 local learning rate = 0.005

>>> Round:    3 / Acc: 44.166% / Loss: 1.7140 / Grad Norm: 5.4825 / Grad Diff: 543.9749 / Time: 7.03s
======================================================================================================

round 3 local learning rate = 0.0033333333333333335

>>> Round:    4 / Acc: 54.135% / Loss: 1.4564 / Grad Norm: 5.5439 / Grad Diff: 753.8424 / Time: 6.30s
======================================================================================================

round 4 local learning rate = 0.0025

>>> Round:    5 / Acc: 60.550% / Loss: 1.2775 / Grad Norm: 5.2823 / Grad Diff: 852.6134 / Time: 6.24s
======================================================================================================

= Test = round: 5 / acc: 62.540% / loss: 1.2427 / Time: 0.50s
======================================================================================================

round 5 local learning rate = 0.002

>>> Round:    6 / Acc: 64.849% / Loss: 1.1486 / Grad Norm: 4.9953 / Grad Diff: 895.1922 / Time: 6.19s
======================================================================================================

round 6 local learning rate = 0.0016666666666666668

>>> Round:    7 / Acc: 67.893% / Loss: 1.0520 / Grad Norm: 4.6838 / Grad Diff: 916.6232 / Time: 6.19s
======================================================================================================

round 7 local learning rate = 0.0014285714285714286

>>> Round:    8 / Acc: 70.164% / Loss: 0.9767 / Grad Norm: 4.3543 / Grad Diff: 917.5739 / Time: 6.57s
======================================================================================================

round 8 local learning rate = 0.00125

>>> Round:    9 / Acc: 71.921% / Loss: 0.9181 / Grad Norm: 4.1523 / Grad Diff: 923.1948 / Time: 6.44s
======================================================================================================

round 9 local learning rate = 0.0011111111111111111

>>> Round:   10 / Acc: 73.328% / Loss: 0.8704 / Grad Norm: 3.9373 / Grad Diff: 920.2166 / Time: 6.37s
======================================================================================================

= Test = round: 10 / acc: 75.200% / loss: 0.8308 / Time: 0.54s
======================================================================================================

round 10 local learning rate = 0.001

>>> Round:   11 / Acc: 74.397% / Loss: 0.8305 / Grad Norm: 3.7164 / Grad Diff: 915.1357 / Time: 6.44s
======================================================================================================

round 11 local learning rate = 0.0009090909090909091

>>> Round:   12 / Acc: 75.434% / Loss: 0.7970 / Grad Norm: 3.5524 / Grad Diff: 908.6276 / Time: 6.43s
======================================================================================================

round 12 local learning rate = 0.0008333333333333334

>>> Round:   13 / Acc: 76.232% / Loss: 0.7689 / Grad Norm: 3.4653 / Grad Diff: 905.1809 / Time: 6.12s
======================================================================================================

round 13 local learning rate = 0.0007692307692307692

>>> Round:   14 / Acc: 76.943% / Loss: 0.7441 / Grad Norm: 3.3449 / Grad Diff: 900.7462 / Time: 6.42s
======================================================================================================

round 14 local learning rate = 0.0007142857142857143

>>> Round:   15 / Acc: 77.607% / Loss: 0.7223 / Grad Norm: 3.2441 / Grad Diff: 894.8466 / Time: 6.35s
======================================================================================================

= Test = round: 15 / acc: 78.870% / loss: 0.6828 / Time: 0.50s
======================================================================================================

round 15 local learning rate = 0.0006666666666666666

>>> Round:   16 / Acc: 78.197% / Loss: 0.7030 / Grad Norm: 3.1580 / Grad Diff: 888.8567 / Time: 6.49s
======================================================================================================

round 16 local learning rate = 0.000625

>>> Round:   17 / Acc: 78.701% / Loss: 0.6857 / Grad Norm: 3.0696 / Grad Diff: 883.0027 / Time: 6.19s
======================================================================================================

round 17 local learning rate = 0.0005882352941176471

>>> Round:   18 / Acc: 79.199% / Loss: 0.6705 / Grad Norm: 3.0032 / Grad Diff: 877.9227 / Time: 6.11s
======================================================================================================

round 18 local learning rate = 0.0005555555555555556

>>> Round:   19 / Acc: 79.631% / Loss: 0.6564 / Grad Norm: 2.9362 / Grad Diff: 872.3890 / Time: 6.23s
======================================================================================================

round 19 local learning rate = 0.0005263157894736842

>>> Round:   20 / Acc: 79.969% / Loss: 0.6436 / Grad Norm: 2.8616 / Grad Diff: 866.6996 / Time: 6.37s
======================================================================================================

= Test = round: 20 / acc: 80.950% / loss: 0.6059 / Time: 0.48s
======================================================================================================

round 20 local learning rate = 0.0005

>>> Round:   21 / Acc: 80.284% / Loss: 0.6321 / Grad Norm: 2.8328 / Grad Diff: 862.1596 / Time: 6.18s
======================================================================================================

round 21 local learning rate = 0.0004761904761904762

>>> Round:   22 / Acc: 80.609% / Loss: 0.6215 / Grad Norm: 2.7855 / Grad Diff: 857.7539 / Time: 6.21s
======================================================================================================

round 22 local learning rate = 0.00045454545454545455

>>> Round:   23 / Acc: 80.841% / Loss: 0.6116 / Grad Norm: 2.7507 / Grad Diff: 853.2082 / Time: 6.38s
======================================================================================================

round 23 local learning rate = 0.0004347826086956522

>>> Round:   24 / Acc: 81.101% / Loss: 0.6024 / Grad Norm: 2.7213 / Grad Diff: 848.9800 / Time: 6.28s
======================================================================================================

round 24 local learning rate = 0.0004166666666666667

>>> Round:   25 / Acc: 81.338% / Loss: 0.5935 / Grad Norm: 2.6498 / Grad Diff: 844.0775 / Time: 6.56s
======================================================================================================

= Test = round: 25 / acc: 82.530% / loss: 0.5566 / Time: 0.54s
======================================================================================================

round 25 local learning rate = 0.0004

>>> Round:   26 / Acc: 81.624% / Loss: 0.5851 / Grad Norm: 2.5589 / Grad Diff: 837.7139 / Time: 7.09s
======================================================================================================

round 26 local learning rate = 0.0003846153846153846

>>> Round:   27 / Acc: 81.845% / Loss: 0.5776 / Grad Norm: 2.5475 / Grad Diff: 832.7844 / Time: 5.97s
======================================================================================================

round 27 local learning rate = 0.00037037037037037035

>>> Round:   28 / Acc: 82.081% / Loss: 0.5702 / Grad Norm: 2.4810 / Grad Diff: 827.9265 / Time: 6.34s
======================================================================================================

round 28 local learning rate = 0.00035714285714285714

>>> Round:   29 / Acc: 82.301% / Loss: 0.5635 / Grad Norm: 2.4532 / Grad Diff: 823.3515 / Time: 6.85s
======================================================================================================

round 29 local learning rate = 0.0003448275862068966

>>> Round:   30 / Acc: 82.456% / Loss: 0.5572 / Grad Norm: 2.4335 / Grad Diff: 820.0910 / Time: 6.61s
======================================================================================================

= Test = round: 30 / acc: 83.460% / loss: 0.5217 / Time: 0.52s
======================================================================================================

round 30 local learning rate = 0.0003333333333333333

>>> Round:   31 / Acc: 82.607% / Loss: 0.5514 / Grad Norm: 2.4533 / Grad Diff: 817.2755 / Time: 6.52s
======================================================================================================

round 31 local learning rate = 0.0003225806451612903

>>> Round:   32 / Acc: 82.795% / Loss: 0.5454 / Grad Norm: 2.4104 / Grad Diff: 813.1142 / Time: 6.41s
======================================================================================================

round 32 local learning rate = 0.0003125

>>> Round:   33 / Acc: 82.985% / Loss: 0.5400 / Grad Norm: 2.3784 / Grad Diff: 809.5945 / Time: 6.30s
======================================================================================================

round 33 local learning rate = 0.00030303030303030303

>>> Round:   34 / Acc: 83.173% / Loss: 0.5347 / Grad Norm: 2.3264 / Grad Diff: 804.9405 / Time: 6.19s
======================================================================================================

round 34 local learning rate = 0.00029411764705882356

>>> Round:   35 / Acc: 83.343% / Loss: 0.5296 / Grad Norm: 2.2940 / Grad Diff: 801.4203 / Time: 6.19s
======================================================================================================

= Test = round: 35 / acc: 84.240% / loss: 0.4951 / Time: 0.50s
======================================================================================================

round 35 local learning rate = 0.00028571428571428574

>>> Round:   36 / Acc: 83.467% / Loss: 0.5249 / Grad Norm: 2.2747 / Grad Diff: 797.5794 / Time: 6.36s
======================================================================================================

round 36 local learning rate = 0.0002777777777777778

>>> Round:   37 / Acc: 83.594% / Loss: 0.5204 / Grad Norm: 2.2664 / Grad Diff: 793.7326 / Time: 6.43s
======================================================================================================

round 37 local learning rate = 0.0002702702702702703

>>> Round:   38 / Acc: 83.721% / Loss: 0.5162 / Grad Norm: 2.2846 / Grad Diff: 791.5496 / Time: 6.80s
======================================================================================================

round 38 local learning rate = 0.0002631578947368421

>>> Round:   39 / Acc: 83.851% / Loss: 0.5120 / Grad Norm: 2.2267 / Grad Diff: 787.5263 / Time: 6.25s
======================================================================================================

round 39 local learning rate = 0.0002564102564102564

>>> Round:   40 / Acc: 83.952% / Loss: 0.5080 / Grad Norm: 2.2015 / Grad Diff: 784.2479 / Time: 6.51s
======================================================================================================

= Test = round: 40 / acc: 84.940% / loss: 0.4740 / Time: 0.51s
======================================================================================================

round 40 local learning rate = 0.00025

>>> Round:   41 / Acc: 84.070% / Loss: 0.5040 / Grad Norm: 2.1310 / Grad Diff: 779.3399 / Time: 6.31s
======================================================================================================

round 41 local learning rate = 0.00024390243902439024

>>> Round:   42 / Acc: 84.177% / Loss: 0.5003 / Grad Norm: 2.1664 / Grad Diff: 776.7300 / Time: 6.32s
======================================================================================================

round 42 local learning rate = 0.0002380952380952381

>>> Round:   43 / Acc: 84.297% / Loss: 0.4966 / Grad Norm: 2.1013 / Grad Diff: 772.7991 / Time: 6.22s
======================================================================================================

round 43 local learning rate = 0.00023255813953488373

>>> Round:   44 / Acc: 84.395% / Loss: 0.4933 / Grad Norm: 2.1015 / Grad Diff: 769.8914 / Time: 6.37s
======================================================================================================

round 44 local learning rate = 0.00022727272727272727

>>> Round:   45 / Acc: 84.530% / Loss: 0.4899 / Grad Norm: 2.0641 / Grad Diff: 766.5951 / Time: 6.25s
======================================================================================================

= Test = round: 45 / acc: 85.610% / loss: 0.4569 / Time: 0.51s
======================================================================================================

round 45 local learning rate = 0.00022222222222222223

>>> Round:   46 / Acc: 84.672% / Loss: 0.4866 / Grad Norm: 2.0496 / Grad Diff: 762.8880 / Time: 6.31s
======================================================================================================

round 46 local learning rate = 0.0002173913043478261

>>> Round:   47 / Acc: 84.784% / Loss: 0.4833 / Grad Norm: 1.9903 / Grad Diff: 758.6897 / Time: 6.18s
======================================================================================================

round 47 local learning rate = 0.0002127659574468085

>>> Round:   48 / Acc: 84.852% / Loss: 0.4805 / Grad Norm: 2.0451 / Grad Diff: 757.2979 / Time: 6.34s
======================================================================================================

round 48 local learning rate = 0.00020833333333333335

>>> Round:   49 / Acc: 84.961% / Loss: 0.4774 / Grad Norm: 1.9573 / Grad Diff: 753.0805 / Time: 5.99s
======================================================================================================

round 49 local learning rate = 0.00020408163265306123

>>> Round:   50 / Acc: 85.030% / Loss: 0.4748 / Grad Norm: 1.9738 / Grad Diff: 751.0613 / Time: 6.50s
======================================================================================================

= Test = round: 50 / acc: 86.120% / loss: 0.4424 / Time: 0.52s
======================================================================================================

round 50 local learning rate = 0.0002

>>> Round:   51 / Acc: 85.116% / Loss: 0.4723 / Grad Norm: 2.0355 / Grad Diff: 750.6773 / Time: 5.97s
======================================================================================================

round 51 local learning rate = 0.000196078431372549

>>> Round:   52 / Acc: 85.172% / Loss: 0.4697 / Grad Norm: 2.0286 / Grad Diff: 748.0348 / Time: 6.31s
======================================================================================================

round 52 local learning rate = 0.0001923076923076923

>>> Round:   53 / Acc: 85.268% / Loss: 0.4671 / Grad Norm: 2.0022 / Grad Diff: 744.9275 / Time: 6.29s
======================================================================================================

round 53 local learning rate = 0.00018867924528301886

>>> Round:   54 / Acc: 85.356% / Loss: 0.4646 / Grad Norm: 1.9757 / Grad Diff: 742.2924 / Time: 6.25s
======================================================================================================

round 54 local learning rate = 0.00018518518518518518

>>> Round:   55 / Acc: 85.408% / Loss: 0.4622 / Grad Norm: 1.9336 / Grad Diff: 739.3806 / Time: 6.15s
======================================================================================================

= Test = round: 55 / acc: 86.540% / loss: 0.4303 / Time: 0.64s
======================================================================================================

round 55 local learning rate = 0.00018181818181818183

>>> Round:   56 / Acc: 85.478% / Loss: 0.4598 / Grad Norm: 1.9180 / Grad Diff: 737.0746 / Time: 8.19s
======================================================================================================

round 56 local learning rate = 0.00017857142857142857

>>> Round:   57 / Acc: 85.544% / Loss: 0.4575 / Grad Norm: 1.9151 / Grad Diff: 734.5754 / Time: 6.44s
======================================================================================================

round 57 local learning rate = 0.00017543859649122808

>>> Round:   58 / Acc: 85.644% / Loss: 0.4552 / Grad Norm: 1.8849 / Grad Diff: 732.1086 / Time: 6.24s
======================================================================================================

round 58 local learning rate = 0.0001724137931034483

>>> Round:   59 / Acc: 85.729% / Loss: 0.4531 / Grad Norm: 1.8762 / Grad Diff: 729.5364 / Time: 6.19s
======================================================================================================

round 59 local learning rate = 0.00016949152542372882

>>> Round:   60 / Acc: 85.784% / Loss: 0.4510 / Grad Norm: 1.8720 / Grad Diff: 727.2682 / Time: 6.25s
======================================================================================================

= Test = round: 60 / acc: 86.970% / loss: 0.4198 / Time: 0.49s
======================================================================================================

round 60 local learning rate = 0.00016666666666666666

>>> Round:   61 / Acc: 85.814% / Loss: 0.4490 / Grad Norm: 1.8994 / Grad Diff: 725.4863 / Time: 6.46s
======================================================================================================

round 61 local learning rate = 0.0001639344262295082

>>> Round:   62 / Acc: 85.886% / Loss: 0.4471 / Grad Norm: 1.9266 / Grad Diff: 724.4654 / Time: 6.39s
======================================================================================================

round 62 local learning rate = 0.00016129032258064516

>>> Round:   63 / Acc: 85.943% / Loss: 0.4451 / Grad Norm: 1.8853 / Grad Diff: 721.7846 / Time: 6.42s
======================================================================================================

round 63 local learning rate = 0.00015873015873015873

>>> Round:   64 / Acc: 86.002% / Loss: 0.4432 / Grad Norm: 1.8832 / Grad Diff: 719.9689 / Time: 6.32s
======================================================================================================

round 64 local learning rate = 0.00015625

>>> Round:   65 / Acc: 86.063% / Loss: 0.4414 / Grad Norm: 1.8790 / Grad Diff: 718.0347 / Time: 6.57s
======================================================================================================

= Test = round: 65 / acc: 87.220% / loss: 0.4109 / Time: 0.55s
======================================================================================================

round 65 local learning rate = 0.00015384615384615385

>>> Round:   66 / Acc: 86.140% / Loss: 0.4395 / Grad Norm: 1.8301 / Grad Diff: 715.2254 / Time: 6.20s
======================================================================================================

round 66 local learning rate = 0.00015151515151515152

>>> Round:   67 / Acc: 86.197% / Loss: 0.4377 / Grad Norm: 1.7945 / Grad Diff: 712.2085 / Time: 5.59s
======================================================================================================

round 67 local learning rate = 0.00014925373134328358

>>> Round:   68 / Acc: 86.253% / Loss: 0.4359 / Grad Norm: 1.7938 / Grad Diff: 710.0913 / Time: 6.18s
======================================================================================================

round 68 local learning rate = 0.00014705882352941178

>>> Round:   69 / Acc: 86.297% / Loss: 0.4342 / Grad Norm: 1.7909 / Grad Diff: 708.3549 / Time: 6.34s
======================================================================================================

round 69 local learning rate = 0.00014492753623188405

>>> Round:   70 / Acc: 86.365% / Loss: 0.4326 / Grad Norm: 1.7879 / Grad Diff: 706.0017 / Time: 6.35s
======================================================================================================

= Test = round: 70 / acc: 87.550% / loss: 0.4025 / Time: 0.50s
======================================================================================================

round 70 local learning rate = 0.00014285714285714287

>>> Round:   71 / Acc: 86.413% / Loss: 0.4310 / Grad Norm: 1.7942 / Grad Diff: 704.5919 / Time: 6.39s
======================================================================================================

round 71 local learning rate = 0.00014084507042253522

>>> Round:   72 / Acc: 86.458% / Loss: 0.4293 / Grad Norm: 1.7332 / Grad Diff: 701.1074 / Time: 6.33s
======================================================================================================

round 72 local learning rate = 0.0001388888888888889

>>> Round:   73 / Acc: 86.507% / Loss: 0.4278 / Grad Norm: 1.7326 / Grad Diff: 699.7594 / Time: 6.36s
======================================================================================================

round 73 local learning rate = 0.000136986301369863

>>> Round:   74 / Acc: 86.555% / Loss: 0.4263 / Grad Norm: 1.7166 / Grad Diff: 697.8052 / Time: 6.27s
======================================================================================================

round 74 local learning rate = 0.00013513513513513514

>>> Round:   75 / Acc: 86.592% / Loss: 0.4248 / Grad Norm: 1.7172 / Grad Diff: 696.3449 / Time: 6.24s
======================================================================================================

= Test = round: 75 / acc: 87.790% / loss: 0.3953 / Time: 0.52s
======================================================================================================

round 75 local learning rate = 0.00013333333333333334

>>> Round:   76 / Acc: 86.666% / Loss: 0.4234 / Grad Norm: 1.7568 / Grad Diff: 695.0836 / Time: 6.24s
======================================================================================================

round 76 local learning rate = 0.00013157894736842105

>>> Round:   77 / Acc: 86.708% / Loss: 0.4220 / Grad Norm: 1.7590 / Grad Diff: 693.5719 / Time: 6.29s
======================================================================================================

round 77 local learning rate = 0.00012987012987012987

>>> Round:   78 / Acc: 86.751% / Loss: 0.4205 / Grad Norm: 1.7146 / Grad Diff: 691.1266 / Time: 6.34s
======================================================================================================

round 78 local learning rate = 0.0001282051282051282

>>> Round:   79 / Acc: 86.804% / Loss: 0.4191 / Grad Norm: 1.6724 / Grad Diff: 688.2264 / Time: 6.33s
======================================================================================================

round 79 local learning rate = 0.00012658227848101267

>>> Round:   80 / Acc: 86.838% / Loss: 0.4178 / Grad Norm: 1.6760 / Grad Diff: 687.1601 / Time: 6.32s
======================================================================================================

= Test = round: 80 / acc: 87.970% / loss: 0.3888 / Time: 0.53s
======================================================================================================

round 80 local learning rate = 0.000125

>>> Round:   81 / Acc: 86.867% / Loss: 0.4164 / Grad Norm: 1.6475 / Grad Diff: 684.7932 / Time: 6.46s
======================================================================================================

round 81 local learning rate = 0.0001234567901234568

>>> Round:   82 / Acc: 86.923% / Loss: 0.4150 / Grad Norm: 1.6324 / Grad Diff: 682.8906 / Time: 6.83s
======================================================================================================

round 82 local learning rate = 0.00012195121951219512

>>> Round:   83 / Acc: 86.965% / Loss: 0.4138 / Grad Norm: 1.6725 / Grad Diff: 681.9207 / Time: 6.56s
======================================================================================================

round 83 local learning rate = 0.00012048192771084338

>>> Round:   84 / Acc: 87.006% / Loss: 0.4126 / Grad Norm: 1.6708 / Grad Diff: 680.2544 / Time: 6.28s
======================================================================================================

round 84 local learning rate = 0.00011904761904761905

>>> Round:   85 / Acc: 87.042% / Loss: 0.4114 / Grad Norm: 1.6646 / Grad Diff: 678.5199 / Time: 6.60s
======================================================================================================

= Test = round: 85 / acc: 88.260% / loss: 0.3828 / Time: 0.51s
======================================================================================================

round 85 local learning rate = 0.00011764705882352942

>>> Round:   86 / Acc: 87.096% / Loss: 0.4101 / Grad Norm: 1.6112 / Grad Diff: 676.0131 / Time: 6.87s
======================================================================================================

round 86 local learning rate = 0.00011627906976744187

>>> Round:   87 / Acc: 87.103% / Loss: 0.4089 / Grad Norm: 1.5981 / Grad Diff: 674.3921 / Time: 6.34s
======================================================================================================

round 87 local learning rate = 0.00011494252873563218

>>> Round:   88 / Acc: 87.142% / Loss: 0.4078 / Grad Norm: 1.5999 / Grad Diff: 673.0882 / Time: 6.47s
======================================================================================================

round 88 local learning rate = 0.00011363636363636364

>>> Round:   89 / Acc: 87.199% / Loss: 0.4067 / Grad Norm: 1.6206 / Grad Diff: 671.8541 / Time: 6.36s
======================================================================================================

round 89 local learning rate = 0.00011235955056179776

>>> Round:   90 / Acc: 87.220% / Loss: 0.4054 / Grad Norm: 1.5310 / Grad Diff: 668.8465 / Time: 6.32s
======================================================================================================

= Test = round: 90 / acc: 88.400% / loss: 0.3772 / Time: 0.50s
======================================================================================================

round 90 local learning rate = 0.00011111111111111112

>>> Round:   91 / Acc: 87.236% / Loss: 0.4043 / Grad Norm: 1.5180 / Grad Diff: 667.2069 / Time: 6.33s
======================================================================================================

round 91 local learning rate = 0.00010989010989010989

>>> Round:   92 / Acc: 87.260% / Loss: 0.4032 / Grad Norm: 1.5097 / Grad Diff: 665.7256 / Time: 6.37s
======================================================================================================

round 92 local learning rate = 0.00010869565217391305

>>> Round:   93 / Acc: 87.292% / Loss: 0.4023 / Grad Norm: 1.5748 / Grad Diff: 665.4698 / Time: 6.53s
======================================================================================================

round 93 local learning rate = 0.00010752688172043011

>>> Round:   94 / Acc: 87.334% / Loss: 0.4013 / Grad Norm: 1.5814 / Grad Diff: 664.1721 / Time: 6.38s
======================================================================================================

round 94 local learning rate = 0.00010638297872340425

>>> Round:   95 / Acc: 87.352% / Loss: 0.4002 / Grad Norm: 1.5799 / Grad Diff: 662.7197 / Time: 6.42s
======================================================================================================

= Test = round: 95 / acc: 88.540% / loss: 0.3725 / Time: 0.53s
======================================================================================================

round 95 local learning rate = 0.00010526315789473685

>>> Round:   96 / Acc: 87.399% / Loss: 0.3992 / Grad Norm: 1.5425 / Grad Diff: 660.7741 / Time: 6.48s
======================================================================================================

round 96 local learning rate = 0.00010416666666666667

>>> Round:   97 / Acc: 87.437% / Loss: 0.3981 / Grad Norm: 1.5084 / Grad Diff: 659.0050 / Time: 6.42s
======================================================================================================

round 97 local learning rate = 0.00010309278350515464

>>> Round:   98 / Acc: 87.470% / Loss: 0.3971 / Grad Norm: 1.4823 / Grad Diff: 657.2461 / Time: 7.52s
======================================================================================================

round 98 local learning rate = 0.00010204081632653062

>>> Round:   99 / Acc: 87.500% / Loss: 0.3962 / Grad Norm: 1.4899 / Grad Diff: 656.0739 / Time: 6.30s
======================================================================================================

round 99 local learning rate = 0.00010101010101010101

>>> Round:  100 / Acc: 87.530% / Loss: 0.3953 / Grad Norm: 1.5089 / Grad Diff: 655.2635 / Time: 6.34s
======================================================================================================

= Test = round: 100 / acc: 88.640% / loss: 0.3678 / Time: 0.52s
======================================================================================================

round 100 local learning rate = 0.0001

>>> Round:  101 / Acc: 87.555% / Loss: 0.3944 / Grad Norm: 1.5376 / Grad Diff: 654.5512 / Time: 6.35s
======================================================================================================

round 101 local learning rate = 9.900990099009902e-05

>>> Round:  102 / Acc: 87.579% / Loss: 0.3935 / Grad Norm: 1.5525 / Grad Diff: 653.3024 / Time: 6.25s
======================================================================================================

round 102 local learning rate = 9.80392156862745e-05

>>> Round:  103 / Acc: 87.607% / Loss: 0.3926 / Grad Norm: 1.5181 / Grad Diff: 651.3837 / Time: 6.29s
======================================================================================================

round 103 local learning rate = 9.70873786407767e-05

>>> Round:  104 / Acc: 87.635% / Loss: 0.3917 / Grad Norm: 1.5063 / Grad Diff: 649.8898 / Time: 6.38s
======================================================================================================

round 104 local learning rate = 9.615384615384615e-05

>>> Round:  105 / Acc: 87.659% / Loss: 0.3908 / Grad Norm: 1.4791 / Grad Diff: 648.3443 / Time: 6.21s
======================================================================================================

= Test = round: 105 / acc: 88.820% / loss: 0.3635 / Time: 0.53s
======================================================================================================

round 105 local learning rate = 9.523809523809524e-05

>>> Round:  106 / Acc: 87.688% / Loss: 0.3899 / Grad Norm: 1.4699 / Grad Diff: 646.8444 / Time: 6.37s
======================================================================================================

round 106 local learning rate = 9.433962264150943e-05

>>> Round:  107 / Acc: 87.708% / Loss: 0.3890 / Grad Norm: 1.4433 / Grad Diff: 645.3615 / Time: 6.26s
======================================================================================================

round 107 local learning rate = 9.345794392523364e-05

>>> Round:  108 / Acc: 87.744% / Loss: 0.3882 / Grad Norm: 1.4700 / Grad Diff: 644.6057 / Time: 6.29s
======================================================================================================

round 108 local learning rate = 9.259259259259259e-05

>>> Round:  109 / Acc: 87.758% / Loss: 0.3873 / Grad Norm: 1.4722 / Grad Diff: 643.3706 / Time: 6.41s
======================================================================================================

round 109 local learning rate = 9.174311926605505e-05

>>> Round:  110 / Acc: 87.788% / Loss: 0.3865 / Grad Norm: 1.4439 / Grad Diff: 641.5740 / Time: 5.75s
======================================================================================================

= Test = round: 110 / acc: 88.930% / loss: 0.3595 / Time: 0.52s
======================================================================================================

round 110 local learning rate = 9.090909090909092e-05

>>> Round:  111 / Acc: 87.812% / Loss: 0.3857 / Grad Norm: 1.4706 / Grad Diff: 640.7849 / Time: 6.21s
======================================================================================================

round 111 local learning rate = 9.009009009009009e-05

>>> Round:  112 / Acc: 87.838% / Loss: 0.3849 / Grad Norm: 1.4540 / Grad Diff: 639.2803 / Time: 6.28s
======================================================================================================

round 112 local learning rate = 8.928571428571429e-05

>>> Round:  113 / Acc: 87.878% / Loss: 0.3841 / Grad Norm: 1.4514 / Grad Diff: 637.8083 / Time: 6.37s
======================================================================================================

round 113 local learning rate = 8.849557522123894e-05

>>> Round:  114 / Acc: 87.902% / Loss: 0.3833 / Grad Norm: 1.4293 / Grad Diff: 636.3377 / Time: 6.35s
======================================================================================================

round 114 local learning rate = 8.771929824561404e-05

>>> Round:  115 / Acc: 87.923% / Loss: 0.3825 / Grad Norm: 1.4254 / Grad Diff: 635.1833 / Time: 6.37s
======================================================================================================

= Test = round: 115 / acc: 89.050% / loss: 0.3559 / Time: 0.52s
======================================================================================================

round 115 local learning rate = 8.695652173913044e-05

>>> Round:  116 / Acc: 87.945% / Loss: 0.3818 / Grad Norm: 1.4139 / Grad Diff: 633.6883 / Time: 6.19s
======================================================================================================

round 116 local learning rate = 8.620689655172414e-05

>>> Round:  117 / Acc: 87.974% / Loss: 0.3810 / Grad Norm: 1.3790 / Grad Diff: 632.1446 / Time: 6.23s
======================================================================================================

round 117 local learning rate = 8.547008547008547e-05

>>> Round:  118 / Acc: 87.991% / Loss: 0.3803 / Grad Norm: 1.4031 / Grad Diff: 631.2778 / Time: 6.37s
======================================================================================================

round 118 local learning rate = 8.474576271186441e-05

>>> Round:  119 / Acc: 88.035% / Loss: 0.3796 / Grad Norm: 1.4110 / Grad Diff: 630.3667 / Time: 6.29s
======================================================================================================

round 119 local learning rate = 8.403361344537815e-05

>>> Round:  120 / Acc: 88.074% / Loss: 0.3788 / Grad Norm: 1.3952 / Grad Diff: 629.0398 / Time: 6.37s
======================================================================================================

= Test = round: 120 / acc: 89.130% / loss: 0.3524 / Time: 0.51s
======================================================================================================

round 120 local learning rate = 8.333333333333333e-05

>>> Round:  121 / Acc: 88.094% / Loss: 0.3781 / Grad Norm: 1.4055 / Grad Diff: 627.8485 / Time: 8.21s
======================================================================================================

round 121 local learning rate = 8.264462809917356e-05

>>> Round:  122 / Acc: 88.127% / Loss: 0.3774 / Grad Norm: 1.4222 / Grad Diff: 627.0052 / Time: 7.44s
======================================================================================================

round 122 local learning rate = 8.19672131147541e-05

>>> Round:  123 / Acc: 88.146% / Loss: 0.3767 / Grad Norm: 1.3884 / Grad Diff: 625.1546 / Time: 6.22s
======================================================================================================

round 123 local learning rate = 8.130081300813008e-05

>>> Round:  124 / Acc: 88.190% / Loss: 0.3760 / Grad Norm: 1.3797 / Grad Diff: 623.9289 / Time: 6.33s
======================================================================================================

round 124 local learning rate = 8.064516129032258e-05

>>> Round:  125 / Acc: 88.207% / Loss: 0.3753 / Grad Norm: 1.3353 / Grad Diff: 622.1956 / Time: 6.18s
======================================================================================================

= Test = round: 125 / acc: 89.280% / loss: 0.3493 / Time: 0.50s
======================================================================================================

round 125 local learning rate = 8e-05

>>> Round:  126 / Acc: 88.225% / Loss: 0.3746 / Grad Norm: 1.3364 / Grad Diff: 621.1984 / Time: 5.50s
======================================================================================================

round 126 local learning rate = 7.936507936507937e-05

>>> Round:  127 / Acc: 88.244% / Loss: 0.3740 / Grad Norm: 1.3571 / Grad Diff: 620.5612 / Time: 6.48s
======================================================================================================

round 127 local learning rate = 7.874015748031496e-05

>>> Round:  128 / Acc: 88.264% / Loss: 0.3733 / Grad Norm: 1.3694 / Grad Diff: 619.5183 / Time: 6.29s
======================================================================================================

round 128 local learning rate = 7.8125e-05

>>> Round:  129 / Acc: 88.288% / Loss: 0.3727 / Grad Norm: 1.3643 / Grad Diff: 618.4810 / Time: 6.39s
======================================================================================================

round 129 local learning rate = 7.751937984496124e-05

>>> Round:  130 / Acc: 88.310% / Loss: 0.3721 / Grad Norm: 1.3560 / Grad Diff: 617.3885 / Time: 6.41s
======================================================================================================

= Test = round: 130 / acc: 89.330% / loss: 0.3463 / Time: 0.51s
======================================================================================================

round 130 local learning rate = 7.692307692307693e-05

>>> Round:  131 / Acc: 88.338% / Loss: 0.3715 / Grad Norm: 1.3552 / Grad Diff: 616.4369 / Time: 6.37s
======================================================================================================

round 131 local learning rate = 7.633587786259542e-05

>>> Round:  132 / Acc: 88.362% / Loss: 0.3708 / Grad Norm: 1.3318 / Grad Diff: 614.8419 / Time: 6.07s
======================================================================================================

round 132 local learning rate = 7.575757575757576e-05

>>> Round:  133 / Acc: 88.397% / Loss: 0.3702 / Grad Norm: 1.3085 / Grad Diff: 613.5532 / Time: 6.41s
======================================================================================================

round 133 local learning rate = 7.518796992481203e-05

>>> Round:  134 / Acc: 88.411% / Loss: 0.3695 / Grad Norm: 1.2774 / Grad Diff: 611.9771 / Time: 5.64s
======================================================================================================

round 134 local learning rate = 7.462686567164179e-05

>>> Round:  135 / Acc: 88.419% / Loss: 0.3689 / Grad Norm: 1.2868 / Grad Diff: 611.1363 / Time: 6.49s
======================================================================================================

= Test = round: 135 / acc: 89.430% / loss: 0.3434 / Time: 0.52s
======================================================================================================

round 135 local learning rate = 7.407407407407407e-05

>>> Round:  136 / Acc: 88.450% / Loss: 0.3684 / Grad Norm: 1.2994 / Grad Diff: 610.3330 / Time: 6.33s
======================================================================================================

round 136 local learning rate = 7.352941176470589e-05

>>> Round:  137 / Acc: 88.463% / Loss: 0.3678 / Grad Norm: 1.2847 / Grad Diff: 609.0834 / Time: 6.37s
======================================================================================================

round 137 local learning rate = 7.299270072992701e-05

>>> Round:  138 / Acc: 88.470% / Loss: 0.3672 / Grad Norm: 1.2970 / Grad Diff: 608.1713 / Time: 6.73s
======================================================================================================

round 138 local learning rate = 7.246376811594203e-05

>>> Round:  139 / Acc: 88.493% / Loss: 0.3666 / Grad Norm: 1.2920 / Grad Diff: 607.3440 / Time: 6.50s
======================================================================================================

round 139 local learning rate = 7.194244604316547e-05

>>> Round:  140 / Acc: 88.502% / Loss: 0.3661 / Grad Norm: 1.2831 / Grad Diff: 606.2456 / Time: 6.26s
======================================================================================================

= Test = round: 140 / acc: 89.540% / loss: 0.3408 / Time: 0.50s
======================================================================================================

round 140 local learning rate = 7.142857142857143e-05

>>> Round:  141 / Acc: 88.535% / Loss: 0.3655 / Grad Norm: 1.2831 / Grad Diff: 605.1677 / Time: 6.99s
======================================================================================================

round 141 local learning rate = 7.092198581560284e-05

>>> Round:  142 / Acc: 88.544% / Loss: 0.3649 / Grad Norm: 1.2754 / Grad Diff: 604.2793 / Time: 6.49s
======================================================================================================

round 142 local learning rate = 7.042253521126761e-05

>>> Round:  143 / Acc: 88.554% / Loss: 0.3644 / Grad Norm: 1.2948 / Grad Diff: 603.7201 / Time: 5.88s
======================================================================================================

round 143 local learning rate = 6.993006993006993e-05

>>> Round:  144 / Acc: 88.570% / Loss: 0.3639 / Grad Norm: 1.2943 / Grad Diff: 602.7840 / Time: 6.02s
======================================================================================================

round 144 local learning rate = 6.944444444444444e-05

>>> Round:  145 / Acc: 88.585% / Loss: 0.3633 / Grad Norm: 1.2763 / Grad Diff: 601.5268 / Time: 6.49s
======================================================================================================

= Test = round: 145 / acc: 89.640% / loss: 0.3383 / Time: 0.53s
======================================================================================================

round 145 local learning rate = 6.896551724137931e-05

>>> Round:  146 / Acc: 88.611% / Loss: 0.3628 / Grad Norm: 1.2610 / Grad Diff: 600.3752 / Time: 6.08s
======================================================================================================

round 146 local learning rate = 6.84931506849315e-05

>>> Round:  147 / Acc: 88.627% / Loss: 0.3623 / Grad Norm: 1.2566 / Grad Diff: 599.1868 / Time: 6.31s
======================================================================================================

round 147 local learning rate = 6.802721088435374e-05

>>> Round:  148 / Acc: 88.629% / Loss: 0.3617 / Grad Norm: 1.2363 / Grad Diff: 597.9170 / Time: 6.44s
======================================================================================================

round 148 local learning rate = 6.756756756756757e-05

>>> Round:  149 / Acc: 88.646% / Loss: 0.3612 / Grad Norm: 1.2438 / Grad Diff: 597.3355 / Time: 6.51s
======================================================================================================

round 149 local learning rate = 6.711409395973155e-05

>>> Round:  150 / Acc: 88.653% / Loss: 0.3607 / Grad Norm: 1.2468 / Grad Diff: 596.4787 / Time: 6.45s
======================================================================================================

= Test = round: 150 / acc: 89.720% / loss: 0.3358 / Time: 0.50s
======================================================================================================

round 150 local learning rate = 6.666666666666667e-05

>>> Round:  151 / Acc: 88.675% / Loss: 0.3602 / Grad Norm: 1.2547 / Grad Diff: 595.7876 / Time: 6.42s
======================================================================================================

round 151 local learning rate = 6.622516556291391e-05

>>> Round:  152 / Acc: 88.703% / Loss: 0.3597 / Grad Norm: 1.2262 / Grad Diff: 594.6744 / Time: 6.47s
======================================================================================================

round 152 local learning rate = 6.578947368421052e-05

>>> Round:  153 / Acc: 88.707% / Loss: 0.3592 / Grad Norm: 1.2182 / Grad Diff: 593.6567 / Time: 5.75s
======================================================================================================

round 153 local learning rate = 6.535947712418301e-05

>>> Round:  154 / Acc: 88.725% / Loss: 0.3587 / Grad Norm: 1.2151 / Grad Diff: 592.7226 / Time: 6.36s
======================================================================================================

round 154 local learning rate = 6.493506493506494e-05

>>> Round:  155 / Acc: 88.749% / Loss: 0.3582 / Grad Norm: 1.2206 / Grad Diff: 592.1057 / Time: 6.25s
======================================================================================================

= Test = round: 155 / acc: 89.760% / loss: 0.3335 / Time: 0.62s
======================================================================================================

round 155 local learning rate = 6.451612903225807e-05

>>> Round:  156 / Acc: 88.753% / Loss: 0.3577 / Grad Norm: 1.2080 / Grad Diff: 590.9776 / Time: 6.21s
======================================================================================================

round 156 local learning rate = 6.41025641025641e-05

>>> Round:  157 / Acc: 88.764% / Loss: 0.3573 / Grad Norm: 1.2158 / Grad Diff: 590.4308 / Time: 6.58s
======================================================================================================

round 157 local learning rate = 6.369426751592357e-05

>>> Round:  158 / Acc: 88.788% / Loss: 0.3568 / Grad Norm: 1.2074 / Grad Diff: 589.4607 / Time: 7.39s
======================================================================================================

round 158 local learning rate = 6.329113924050633e-05

>>> Round:  159 / Acc: 88.806% / Loss: 0.3563 / Grad Norm: 1.2023 / Grad Diff: 588.4825 / Time: 7.56s
======================================================================================================

round 159 local learning rate = 6.289308176100629e-05

>>> Round:  160 / Acc: 88.812% / Loss: 0.3559 / Grad Norm: 1.1991 / Grad Diff: 587.6101 / Time: 6.43s
======================================================================================================

= Test = round: 160 / acc: 89.810% / loss: 0.3314 / Time: 0.54s
======================================================================================================

round 160 local learning rate = 6.25e-05

>>> Round:  161 / Acc: 88.845% / Loss: 0.3554 / Grad Norm: 1.2011 / Grad Diff: 586.8454 / Time: 6.26s
======================================================================================================

round 161 local learning rate = 6.211180124223603e-05

>>> Round:  162 / Acc: 88.860% / Loss: 0.3550 / Grad Norm: 1.1952 / Grad Diff: 585.8146 / Time: 5.50s
======================================================================================================

round 162 local learning rate = 6.17283950617284e-05

>>> Round:  163 / Acc: 88.849% / Loss: 0.3545 / Grad Norm: 1.1911 / Grad Diff: 584.9457 / Time: 6.32s
======================================================================================================

round 163 local learning rate = 6.134969325153375e-05

>>> Round:  164 / Acc: 88.867% / Loss: 0.3541 / Grad Norm: 1.1942 / Grad Diff: 584.2663 / Time: 6.59s
======================================================================================================

round 164 local learning rate = 6.097560975609756e-05

>>> Round:  165 / Acc: 88.897% / Loss: 0.3537 / Grad Norm: 1.2112 / Grad Diff: 583.8901 / Time: 6.52s
======================================================================================================

= Test = round: 165 / acc: 89.840% / loss: 0.3294 / Time: 0.66s
======================================================================================================

round 165 local learning rate = 6.0606060606060605e-05

>>> Round:  166 / Acc: 88.906% / Loss: 0.3532 / Grad Norm: 1.1923 / Grad Diff: 582.8642 / Time: 6.34s
======================================================================================================

round 166 local learning rate = 6.024096385542169e-05

>>> Round:  167 / Acc: 88.924% / Loss: 0.3528 / Grad Norm: 1.2055 / Grad Diff: 582.3855 / Time: 6.39s
======================================================================================================

round 167 local learning rate = 5.988023952095808e-05

>>> Round:  168 / Acc: 88.950% / Loss: 0.3524 / Grad Norm: 1.2216 / Grad Diff: 581.8374 / Time: 6.41s
======================================================================================================

round 168 local learning rate = 5.9523809523809524e-05

>>> Round:  169 / Acc: 88.967% / Loss: 0.3520 / Grad Norm: 1.2198 / Grad Diff: 580.9888 / Time: 6.41s
======================================================================================================

round 169 local learning rate = 5.9171597633136094e-05

>>> Round:  170 / Acc: 88.970% / Loss: 0.3515 / Grad Norm: 1.2165 / Grad Diff: 580.1919 / Time: 5.60s
======================================================================================================

= Test = round: 170 / acc: 89.900% / loss: 0.3274 / Time: 0.51s
======================================================================================================

round 170 local learning rate = 5.882352941176471e-05

>>> Round:  171 / Acc: 88.978% / Loss: 0.3511 / Grad Norm: 1.1897 / Grad Diff: 578.8546 / Time: 5.63s
======================================================================================================

round 171 local learning rate = 5.847953216374269e-05

>>> Round:  172 / Acc: 89.009% / Loss: 0.3507 / Grad Norm: 1.1962 / Grad Diff: 578.1501 / Time: 6.20s
======================================================================================================

round 172 local learning rate = 5.8139534883720933e-05

>>> Round:  173 / Acc: 89.018% / Loss: 0.3503 / Grad Norm: 1.2019 / Grad Diff: 577.3847 / Time: 6.24s
======================================================================================================

round 173 local learning rate = 5.7803468208092484e-05

>>> Round:  174 / Acc: 89.026% / Loss: 0.3499 / Grad Norm: 1.1928 / Grad Diff: 576.5220 / Time: 6.33s
======================================================================================================

round 174 local learning rate = 5.747126436781609e-05

>>> Round:  175 / Acc: 89.039% / Loss: 0.3495 / Grad Norm: 1.1809 / Grad Diff: 575.7222 / Time: 6.22s
======================================================================================================

= Test = round: 175 / acc: 89.930% / loss: 0.3254 / Time: 0.51s
======================================================================================================

round 175 local learning rate = 5.714285714285714e-05

>>> Round:  176 / Acc: 89.041% / Loss: 0.3490 / Grad Norm: 1.1638 / Grad Diff: 574.6860 / Time: 6.06s
======================================================================================================

round 176 local learning rate = 5.681818181818182e-05

>>> Round:  177 / Acc: 89.037% / Loss: 0.3486 / Grad Norm: 1.1566 / Grad Diff: 573.7960 / Time: 6.38s
======================================================================================================

round 177 local learning rate = 5.649717514124294e-05

>>> Round:  178 / Acc: 89.061% / Loss: 0.3482 / Grad Norm: 1.1526 / Grad Diff: 572.9335 / Time: 6.33s
======================================================================================================

round 178 local learning rate = 5.617977528089888e-05

>>> Round:  179 / Acc: 89.083% / Loss: 0.3478 / Grad Norm: 1.1431 / Grad Diff: 572.0869 / Time: 6.28s
======================================================================================================

round 179 local learning rate = 5.58659217877095e-05

>>> Round:  180 / Acc: 89.087% / Loss: 0.3474 / Grad Norm: 1.1380 / Grad Diff: 571.2427 / Time: 6.36s
======================================================================================================

= Test = round: 180 / acc: 89.990% / loss: 0.3235 / Time: 0.50s
======================================================================================================

round 180 local learning rate = 5.555555555555556e-05

>>> Round:  181 / Acc: 89.096% / Loss: 0.3471 / Grad Norm: 1.1437 / Grad Diff: 570.5363 / Time: 6.39s
======================================================================================================

round 181 local learning rate = 5.524861878453039e-05

>>> Round:  182 / Acc: 89.101% / Loss: 0.3466 / Grad Norm: 1.1102 / Grad Diff: 569.2858 / Time: 6.33s
======================================================================================================

round 182 local learning rate = 5.4945054945054945e-05

>>> Round:  183 / Acc: 89.116% / Loss: 0.3463 / Grad Norm: 1.1356 / Grad Diff: 569.1644 / Time: 6.43s
======================================================================================================

round 183 local learning rate = 5.46448087431694e-05

>>> Round:  184 / Acc: 89.118% / Loss: 0.3459 / Grad Norm: 1.1224 / Grad Diff: 568.1529 / Time: 6.38s
======================================================================================================

round 184 local learning rate = 5.4347826086956524e-05

>>> Round:  185 / Acc: 89.135% / Loss: 0.3456 / Grad Norm: 1.1310 / Grad Diff: 567.4358 / Time: 6.26s
======================================================================================================

= Test = round: 185 / acc: 90.030% / loss: 0.3219 / Time: 0.53s
======================================================================================================

round 185 local learning rate = 5.4054054054054054e-05

>>> Round:  186 / Acc: 89.151% / Loss: 0.3452 / Grad Norm: 1.1225 / Grad Diff: 566.6329 / Time: 6.35s
======================================================================================================

round 186 local learning rate = 5.3763440860215054e-05

>>> Round:  187 / Acc: 89.164% / Loss: 0.3448 / Grad Norm: 1.1253 / Grad Diff: 566.0107 / Time: 6.30s
======================================================================================================

round 187 local learning rate = 5.347593582887701e-05

>>> Round:  188 / Acc: 89.181% / Loss: 0.3444 / Grad Norm: 1.1186 / Grad Diff: 565.2862 / Time: 6.18s
======================================================================================================

round 188 local learning rate = 5.319148936170213e-05

>>> Round:  189 / Acc: 89.201% / Loss: 0.3441 / Grad Norm: 1.1126 / Grad Diff: 564.4328 / Time: 6.24s
======================================================================================================

round 189 local learning rate = 5.291005291005291e-05

>>> Round:  190 / Acc: 89.208% / Loss: 0.3437 / Grad Norm: 1.1096 / Grad Diff: 563.7630 / Time: 6.43s
======================================================================================================

= Test = round: 190 / acc: 90.080% / loss: 0.3202 / Time: 0.50s
======================================================================================================

round 190 local learning rate = 5.2631578947368424e-05

>>> Round:  191 / Acc: 89.220% / Loss: 0.3434 / Grad Norm: 1.1443 / Grad Diff: 563.6525 / Time: 6.56s
======================================================================================================

round 191 local learning rate = 5.2356020942408376e-05

>>> Round:  192 / Acc: 89.229% / Loss: 0.3431 / Grad Norm: 1.1265 / Grad Diff: 562.6742 / Time: 6.38s
======================================================================================================

round 192 local learning rate = 5.208333333333334e-05

>>> Round:  193 / Acc: 89.236% / Loss: 0.3427 / Grad Norm: 1.1221 / Grad Diff: 561.9227 / Time: 6.34s
======================================================================================================

round 193 local learning rate = 5.1813471502590674e-05

>>> Round:  194 / Acc: 89.256% / Loss: 0.3424 / Grad Norm: 1.1141 / Grad Diff: 561.2049 / Time: 6.22s
======================================================================================================

round 194 local learning rate = 5.154639175257732e-05

>>> Round:  195 / Acc: 89.260% / Loss: 0.3420 / Grad Norm: 1.1027 / Grad Diff: 560.4088 / Time: 6.67s
======================================================================================================

= Test = round: 195 / acc: 90.080% / loss: 0.3185 / Time: 0.54s
======================================================================================================

round 195 local learning rate = 5.1282051282051286e-05

>>> Round:  196 / Acc: 89.273% / Loss: 0.3417 / Grad Norm: 1.0909 / Grad Diff: 559.6193 / Time: 6.33s
======================================================================================================

round 196 local learning rate = 5.102040816326531e-05

>>> Round:  197 / Acc: 89.280% / Loss: 0.3413 / Grad Norm: 1.0966 / Grad Diff: 559.0139 / Time: 7.67s
======================================================================================================

round 197 local learning rate = 5.076142131979695e-05

>>> Round:  198 / Acc: 89.286% / Loss: 0.3410 / Grad Norm: 1.0936 / Grad Diff: 558.3663 / Time: 6.43s
======================================================================================================

round 198 local learning rate = 5.0505050505050505e-05

>>> Round:  199 / Acc: 89.282% / Loss: 0.3406 / Grad Norm: 1.0853 / Grad Diff: 557.6422 / Time: 6.46s
======================================================================================================

round 199 local learning rate = 5.0251256281407036e-05

>>> Round:  200 / Acc: 89.295% / Loss: 0.3403 / Grad Norm: 1.0881 / Grad Diff: 557.0829 / Time: 7.39s
======================================================================================================

= Test = round: 200 / acc: 90.210% / loss: 0.3168 / Time: 0.53s
======================================================================================================

