nohup: ignoring input
Using device: cuda:0
>>> Arguments:
	             algo : fedavgtl
	            alpha : 51871.0
	       batch_size : 64
	clients_per_round : 100
	          dataset : mnist_all_data_1_equal_niid
	           device : cuda:0
	              dis : 
	   early_stopping : 20
	       eval_every : 5
	    ft_batch_size : 128
	       ft_dataset : mnist-m
	        ft_epochs : 2
	            ft_lr : 0.01
	            ft_wd : 0.0
	              gpu : True
	      input_shape : (1, 28, 28)
	           last_k : 2
	               lr : 0.01
	            model : lenet
	           n_init : 5
	        noaverage : False
	          noprint : False
	        num_class : 10
	        num_epoch : 1
	        num_round : 200
	           opt_lr : False
	            reg_J : True
	       reg_J_coef : 0.001
	             seed : 0
	               wd : 0.0001
>>> Read data from:
     ./data/mnist/data/all_data_1.pkl
>>> The estimate of constant alpha is 51871.0.
>>> Read data from:
     ./data/mnist/data/train/all_data_1_equal_niid.pkl
     ./data/mnist/data/test/all_data_1_equal_niid.pkl
>>> Use gpu on device cuda:0
>>> Model statistic per layer
LeNet_MNIST(
  286.12 KMac, 100.000% MACs, 
  (conv1): Conv2d(89.856 KMac, 31.405% MACs, 1, 6, kernel_size=(5, 5), stride=(1, 1))
  (conv2): Conv2d(154.624 KMac, 54.042% MACs, 6, 16, kernel_size=(5, 5), stride=(1, 1))
  (fc1): Linear(30.72 KMac, 10.737% MACs, in_features=256, out_features=120, bias=True)
  (fc2): Linear(10.08 KMac, 3.523% MACs, in_features=120, out_features=84, bias=True)
  (fc3): Linear(840.0 Mac, 0.294% MACs, in_features=84, out_features=10, bias=True)
)
>>> Activate a worker for training
>>> Initialize 100 clients in total
>>> Weigh updates by simple average
>>> Select 100 clients per round 


>>> Round:    0 / Acc: 9.923% / Loss: 9.9031 / Grad Norm: 143.5672 / Grad Diff: 11172.8176 / Time: 6.35s
======================================================================================================

= Test = round: 0 / acc: 9.500% / loss: 10.0666 / Time: 0.51s
======================================================================================================

round 0 local learning rate = 0.01

>>> Round:    1 / Acc: 14.744% / Loss: 2.3307 / Grad Norm: 1.8048 / Grad Diff: 45.2405 / Time: 6.23s
======================================================================================================

round 1 local learning rate = 0.01

>>> Round:    2 / Acc: 25.175% / Loss: 2.1650 / Grad Norm: 2.9582 / Grad Diff: 123.5028 / Time: 6.36s
======================================================================================================

round 2 local learning rate = 0.005

>>> Round:    3 / Acc: 36.387% / Loss: 1.9339 / Grad Norm: 5.6593 / Grad Diff: 493.3328 / Time: 6.54s
======================================================================================================

round 3 local learning rate = 0.0033333333333333335

>>> Round:    4 / Acc: 43.544% / Loss: 1.7286 / Grad Norm: 6.1589 / Grad Diff: 816.4113 / Time: 6.51s
======================================================================================================

round 4 local learning rate = 0.0025

>>> Round:    5 / Acc: 48.413% / Loss: 1.5674 / Grad Norm: 5.9850 / Grad Diff: 1022.0442 / Time: 6.31s
======================================================================================================

= Test = round: 5 / acc: 50.140% / loss: 1.5210 / Time: 0.50s
======================================================================================================

round 5 local learning rate = 0.002

>>> Round:    6 / Acc: 52.253% / Loss: 1.4416 / Grad Norm: 5.7599 / Grad Diff: 1165.1720 / Time: 6.34s
======================================================================================================

round 6 local learning rate = 0.0016666666666666668

>>> Round:    7 / Acc: 55.299% / Loss: 1.3420 / Grad Norm: 5.5617 / Grad Diff: 1250.1438 / Time: 6.38s
======================================================================================================

round 7 local learning rate = 0.0014285714285714286

>>> Round:    8 / Acc: 57.950% / Loss: 1.2620 / Grad Norm: 5.3936 / Grad Diff: 1321.4420 / Time: 6.33s
======================================================================================================

round 8 local learning rate = 0.00125

>>> Round:    9 / Acc: 60.083% / Loss: 1.1967 / Grad Norm: 5.2177 / Grad Diff: 1364.5432 / Time: 6.44s
======================================================================================================

round 9 local learning rate = 0.0011111111111111111

>>> Round:   10 / Acc: 61.941% / Loss: 1.1418 / Grad Norm: 5.1029 / Grad Diff: 1403.6696 / Time: 6.34s
======================================================================================================

= Test = round: 10 / acc: 64.160% / loss: 1.0807 / Time: 0.50s
======================================================================================================

round 10 local learning rate = 0.001

>>> Round:   11 / Acc: 63.502% / Loss: 1.0945 / Grad Norm: 4.9323 / Grad Diff: 1432.4023 / Time: 6.25s
======================================================================================================

round 11 local learning rate = 0.0009090909090909091

>>> Round:   12 / Acc: 64.967% / Loss: 1.0542 / Grad Norm: 4.7839 / Grad Diff: 1457.5285 / Time: 6.42s
======================================================================================================

round 12 local learning rate = 0.0008333333333333334

>>> Round:   13 / Acc: 66.238% / Loss: 1.0195 / Grad Norm: 4.5810 / Grad Diff: 1476.6288 / Time: 6.39s
======================================================================================================

round 13 local learning rate = 0.0007692307692307692

>>> Round:   14 / Acc: 67.196% / Loss: 0.9911 / Grad Norm: 4.6940 / Grad Diff: 1502.0671 / Time: 6.44s
======================================================================================================

round 14 local learning rate = 0.0007142857142857143

>>> Round:   15 / Acc: 68.144% / Loss: 0.9648 / Grad Norm: 4.5523 / Grad Diff: 1518.2736 / Time: 6.38s
======================================================================================================

= Test = round: 15 / acc: 70.080% / loss: 0.9004 / Time: 0.52s
======================================================================================================

round 15 local learning rate = 0.0006666666666666666

>>> Round:   16 / Acc: 68.908% / Loss: 0.9417 / Grad Norm: 4.5354 / Grad Diff: 1531.0590 / Time: 6.49s
======================================================================================================

round 16 local learning rate = 0.000625

>>> Round:   17 / Acc: 69.598% / Loss: 0.9207 / Grad Norm: 4.4069 / Grad Diff: 1545.6692 / Time: 6.40s
======================================================================================================

round 17 local learning rate = 0.0005882352941176471

>>> Round:   18 / Acc: 70.286% / Loss: 0.9025 / Grad Norm: 4.4500 / Grad Diff: 1560.3650 / Time: 6.56s
======================================================================================================

round 18 local learning rate = 0.0005555555555555556

>>> Round:   19 / Acc: 70.913% / Loss: 0.8848 / Grad Norm: 4.2811 / Grad Diff: 1570.1222 / Time: 6.39s
======================================================================================================

round 19 local learning rate = 0.0005263157894736842

>>> Round:   20 / Acc: 71.417% / Loss: 0.8694 / Grad Norm: 4.2525 / Grad Diff: 1578.7345 / Time: 6.44s
======================================================================================================

= Test = round: 20 / acc: 72.920% / loss: 0.8050 / Time: 0.52s
======================================================================================================

round 20 local learning rate = 0.0005

>>> Round:   21 / Acc: 71.895% / Loss: 0.8550 / Grad Norm: 4.1402 / Grad Diff: 1589.3886 / Time: 6.38s
======================================================================================================

round 21 local learning rate = 0.0004761904761904762

>>> Round:   22 / Acc: 72.303% / Loss: 0.8415 / Grad Norm: 4.0459 / Grad Diff: 1597.5022 / Time: 6.35s
======================================================================================================

round 22 local learning rate = 0.00045454545454545455

>>> Round:   23 / Acc: 72.664% / Loss: 0.8296 / Grad Norm: 4.0437 / Grad Diff: 1608.5959 / Time: 6.46s
======================================================================================================

round 23 local learning rate = 0.0004347826086956522

>>> Round:   24 / Acc: 73.035% / Loss: 0.8184 / Grad Norm: 4.0511 / Grad Diff: 1616.1786 / Time: 6.39s
======================================================================================================

round 24 local learning rate = 0.0004166666666666667

>>> Round:   25 / Acc: 73.400% / Loss: 0.8076 / Grad Norm: 3.9729 / Grad Diff: 1623.4095 / Time: 6.79s
======================================================================================================

= Test = round: 25 / acc: 74.920% / loss: 0.7438 / Time: 0.51s
======================================================================================================

round 25 local learning rate = 0.0004

>>> Round:   26 / Acc: 73.725% / Loss: 0.7973 / Grad Norm: 3.8992 / Grad Diff: 1630.5411 / Time: 6.51s
======================================================================================================

round 26 local learning rate = 0.0003846153846153846

>>> Round:   27 / Acc: 74.026% / Loss: 0.7882 / Grad Norm: 3.8914 / Grad Diff: 1638.7973 / Time: 6.62s
======================================================================================================

round 27 local learning rate = 0.00037037037037037035

>>> Round:   28 / Acc: 74.273% / Loss: 0.7797 / Grad Norm: 3.8690 / Grad Diff: 1648.5479 / Time: 6.32s
======================================================================================================

round 28 local learning rate = 0.00035714285714285714

>>> Round:   29 / Acc: 74.607% / Loss: 0.7712 / Grad Norm: 3.7979 / Grad Diff: 1654.1629 / Time: 6.27s
======================================================================================================

round 29 local learning rate = 0.0003448275862068966

>>> Round:   30 / Acc: 74.867% / Loss: 0.7629 / Grad Norm: 3.6737 / Grad Diff: 1657.0617 / Time: 6.59s
======================================================================================================

= Test = round: 30 / acc: 76.270% / loss: 0.7009 / Time: 0.53s
======================================================================================================

round 30 local learning rate = 0.0003333333333333333

>>> Round:   31 / Acc: 75.100% / Loss: 0.7561 / Grad Norm: 3.8474 / Grad Diff: 1666.9986 / Time: 6.25s
======================================================================================================

round 31 local learning rate = 0.0003225806451612903

>>> Round:   32 / Acc: 75.310% / Loss: 0.7491 / Grad Norm: 3.7768 / Grad Diff: 1673.1753 / Time: 6.94s
======================================================================================================

round 32 local learning rate = 0.0003125

>>> Round:   33 / Acc: 75.476% / Loss: 0.7422 / Grad Norm: 3.7233 / Grad Diff: 1678.1295 / Time: 6.92s
======================================================================================================

round 33 local learning rate = 0.00030303030303030303

>>> Round:   34 / Acc: 75.699% / Loss: 0.7357 / Grad Norm: 3.6870 / Grad Diff: 1682.2388 / Time: 6.37s
======================================================================================================

round 34 local learning rate = 0.00029411764705882356

>>> Round:   35 / Acc: 75.886% / Loss: 0.7296 / Grad Norm: 3.7027 / Grad Diff: 1687.3724 / Time: 5.54s
======================================================================================================

= Test = round: 35 / acc: 77.340% / loss: 0.6687 / Time: 0.52s
======================================================================================================

round 35 local learning rate = 0.00028571428571428574

>>> Round:   36 / Acc: 76.039% / Loss: 0.7238 / Grad Norm: 3.6832 / Grad Diff: 1692.2646 / Time: 6.36s
======================================================================================================

round 36 local learning rate = 0.0002777777777777778

>>> Round:   37 / Acc: 76.238% / Loss: 0.7180 / Grad Norm: 3.6300 / Grad Diff: 1694.3176 / Time: 6.32s
======================================================================================================

round 37 local learning rate = 0.0002702702702702703

>>> Round:   38 / Acc: 76.397% / Loss: 0.7126 / Grad Norm: 3.6332 / Grad Diff: 1698.7590 / Time: 6.39s
======================================================================================================

round 38 local learning rate = 0.0002631578947368421

>>> Round:   39 / Acc: 76.637% / Loss: 0.7073 / Grad Norm: 3.5817 / Grad Diff: 1703.2081 / Time: 6.93s
======================================================================================================

round 39 local learning rate = 0.0002564102564102564

>>> Round:   40 / Acc: 76.795% / Loss: 0.7025 / Grad Norm: 3.5762 / Grad Diff: 1706.7569 / Time: 6.37s
======================================================================================================

= Test = round: 40 / acc: 78.340% / loss: 0.6427 / Time: 0.57s
======================================================================================================

round 40 local learning rate = 0.00025

>>> Round:   41 / Acc: 76.989% / Loss: 0.6977 / Grad Norm: 3.5586 / Grad Diff: 1710.7018 / Time: 6.44s
======================================================================================================

round 41 local learning rate = 0.00024390243902439024

>>> Round:   42 / Acc: 77.144% / Loss: 0.6929 / Grad Norm: 3.5378 / Grad Diff: 1713.8329 / Time: 7.29s
======================================================================================================

round 42 local learning rate = 0.0002380952380952381

>>> Round:   43 / Acc: 77.303% / Loss: 0.6883 / Grad Norm: 3.5342 / Grad Diff: 1715.8632 / Time: 6.58s
======================================================================================================

round 43 local learning rate = 0.00023255813953488373

>>> Round:   44 / Acc: 77.445% / Loss: 0.6841 / Grad Norm: 3.5354 / Grad Diff: 1718.4301 / Time: 6.45s
======================================================================================================

round 44 local learning rate = 0.00022727272727272727

>>> Round:   45 / Acc: 77.563% / Loss: 0.6797 / Grad Norm: 3.4771 / Grad Diff: 1719.3123 / Time: 6.29s
======================================================================================================

= Test = round: 45 / acc: 79.090% / loss: 0.6210 / Time: 0.52s
======================================================================================================

round 45 local learning rate = 0.00022222222222222223

>>> Round:   46 / Acc: 77.727% / Loss: 0.6755 / Grad Norm: 3.3982 / Grad Diff: 1720.0968 / Time: 6.76s
======================================================================================================

round 46 local learning rate = 0.0002173913043478261

>>> Round:   47 / Acc: 77.860% / Loss: 0.6716 / Grad Norm: 3.3569 / Grad Diff: 1722.5354 / Time: 6.52s
======================================================================================================

round 47 local learning rate = 0.0002127659574468085

>>> Round:   48 / Acc: 78.007% / Loss: 0.6676 / Grad Norm: 3.2810 / Grad Diff: 1723.9510 / Time: 6.34s
======================================================================================================

round 48 local learning rate = 0.00020833333333333335

>>> Round:   49 / Acc: 78.135% / Loss: 0.6641 / Grad Norm: 3.2933 / Grad Diff: 1726.7631 / Time: 6.37s
======================================================================================================

round 49 local learning rate = 0.00020408163265306123

>>> Round:   50 / Acc: 78.260% / Loss: 0.6604 / Grad Norm: 3.2646 / Grad Diff: 1727.5054 / Time: 6.37s
======================================================================================================

= Test = round: 50 / acc: 79.810% / loss: 0.6025 / Time: 0.54s
======================================================================================================

round 50 local learning rate = 0.0002

>>> Round:   51 / Acc: 78.351% / Loss: 0.6570 / Grad Norm: 3.3109 / Grad Diff: 1730.0217 / Time: 6.42s
======================================================================================================

round 51 local learning rate = 0.000196078431372549

>>> Round:   52 / Acc: 78.450% / Loss: 0.6537 / Grad Norm: 3.3438 / Grad Diff: 1733.2620 / Time: 6.45s
======================================================================================================

round 52 local learning rate = 0.0001923076923076923

>>> Round:   53 / Acc: 78.546% / Loss: 0.6507 / Grad Norm: 3.4161 / Grad Diff: 1736.7781 / Time: 6.42s
======================================================================================================

round 53 local learning rate = 0.00018867924528301886

>>> Round:   54 / Acc: 78.631% / Loss: 0.6472 / Grad Norm: 3.3115 / Grad Diff: 1735.4702 / Time: 7.32s
======================================================================================================

round 54 local learning rate = 0.00018518518518518518

>>> Round:   55 / Acc: 78.731% / Loss: 0.6442 / Grad Norm: 3.3101 / Grad Diff: 1737.6001 / Time: 6.53s
======================================================================================================

= Test = round: 55 / acc: 80.480% / loss: 0.5870 / Time: 0.52s
======================================================================================================

round 55 local learning rate = 0.00018181818181818183

>>> Round:   56 / Acc: 78.836% / Loss: 0.6412 / Grad Norm: 3.3469 / Grad Diff: 1739.0475 / Time: 6.21s
======================================================================================================

round 56 local learning rate = 0.00017857142857142857

>>> Round:   57 / Acc: 78.897% / Loss: 0.6384 / Grad Norm: 3.3591 / Grad Diff: 1740.8296 / Time: 6.51s
======================================================================================================

round 57 local learning rate = 0.00017543859649122808

>>> Round:   58 / Acc: 78.989% / Loss: 0.6354 / Grad Norm: 3.2630 / Grad Diff: 1740.1263 / Time: 6.61s
======================================================================================================

round 58 local learning rate = 0.0001724137931034483

>>> Round:   59 / Acc: 79.098% / Loss: 0.6325 / Grad Norm: 3.2463 / Grad Diff: 1740.0962 / Time: 6.75s
======================================================================================================

round 59 local learning rate = 0.00016949152542372882

>>> Round:   60 / Acc: 79.188% / Loss: 0.6297 / Grad Norm: 3.2031 / Grad Diff: 1739.7369 / Time: 5.58s
======================================================================================================

= Test = round: 60 / acc: 80.930% / loss: 0.5734 / Time: 0.51s
======================================================================================================

round 60 local learning rate = 0.00016666666666666666

>>> Round:   61 / Acc: 79.321% / Loss: 0.6267 / Grad Norm: 3.0864 / Grad Diff: 1736.3790 / Time: 6.37s
======================================================================================================

round 61 local learning rate = 0.0001639344262295082

>>> Round:   62 / Acc: 79.397% / Loss: 0.6243 / Grad Norm: 3.1033 / Grad Diff: 1740.0109 / Time: 5.64s
======================================================================================================

round 62 local learning rate = 0.00016129032258064516

>>> Round:   63 / Acc: 79.482% / Loss: 0.6217 / Grad Norm: 3.0323 / Grad Diff: 1740.7558 / Time: 5.53s
======================================================================================================

round 63 local learning rate = 0.00015873015873015873

>>> Round:   64 / Acc: 79.587% / Loss: 0.6193 / Grad Norm: 3.0606 / Grad Diff: 1740.9143 / Time: 6.31s
======================================================================================================

round 64 local learning rate = 0.00015625

>>> Round:   65 / Acc: 79.685% / Loss: 0.6166 / Grad Norm: 2.9534 / Grad Diff: 1740.2382 / Time: 6.33s
======================================================================================================

= Test = round: 65 / acc: 81.260% / loss: 0.5613 / Time: 0.55s
======================================================================================================

round 65 local learning rate = 0.00015384615384615385

>>> Round:   66 / Acc: 79.758% / Loss: 0.6146 / Grad Norm: 3.0728 / Grad Diff: 1744.0717 / Time: 6.34s
======================================================================================================

round 66 local learning rate = 0.00015151515151515152

>>> Round:   67 / Acc: 79.817% / Loss: 0.6125 / Grad Norm: 3.1163 / Grad Diff: 1745.6733 / Time: 6.49s
======================================================================================================

round 67 local learning rate = 0.00014925373134328358

>>> Round:   68 / Acc: 79.932% / Loss: 0.6100 / Grad Norm: 3.0478 / Grad Diff: 1744.5873 / Time: 6.28s
======================================================================================================

round 68 local learning rate = 0.00014705882352941178

>>> Round:   69 / Acc: 80.011% / Loss: 0.6076 / Grad Norm: 2.9585 / Grad Diff: 1742.9176 / Time: 6.58s
======================================================================================================

round 69 local learning rate = 0.00014492753623188405

>>> Round:   70 / Acc: 80.085% / Loss: 0.6054 / Grad Norm: 2.9856 / Grad Diff: 1743.2898 / Time: 6.37s
======================================================================================================

= Test = round: 70 / acc: 81.610% / loss: 0.5507 / Time: 0.51s
======================================================================================================

round 70 local learning rate = 0.00014285714285714287

>>> Round:   71 / Acc: 80.144% / Loss: 0.6034 / Grad Norm: 3.0495 / Grad Diff: 1745.7059 / Time: 6.57s
======================================================================================================

round 71 local learning rate = 0.00014084507042253522

>>> Round:   72 / Acc: 80.199% / Loss: 0.6015 / Grad Norm: 3.1090 / Grad Diff: 1747.5645 / Time: 6.64s
======================================================================================================

round 72 local learning rate = 0.0001388888888888889

>>> Round:   73 / Acc: 80.266% / Loss: 0.5993 / Grad Norm: 3.0940 / Grad Diff: 1746.8685 / Time: 6.25s
======================================================================================================

round 73 local learning rate = 0.000136986301369863

>>> Round:   74 / Acc: 80.317% / Loss: 0.5974 / Grad Norm: 3.1749 / Grad Diff: 1748.5186 / Time: 6.34s
======================================================================================================

round 74 local learning rate = 0.00013513513513513514

>>> Round:   75 / Acc: 80.402% / Loss: 0.5953 / Grad Norm: 3.0544 / Grad Diff: 1747.0353 / Time: 6.32s
======================================================================================================

= Test = round: 75 / acc: 81.960% / loss: 0.5412 / Time: 0.51s
======================================================================================================

round 75 local learning rate = 0.00013333333333333334

>>> Round:   76 / Acc: 80.472% / Loss: 0.5934 / Grad Norm: 3.1114 / Grad Diff: 1747.3451 / Time: 5.99s
======================================================================================================

round 76 local learning rate = 0.00013157894736842105

>>> Round:   77 / Acc: 80.555% / Loss: 0.5910 / Grad Norm: 2.8963 / Grad Diff: 1742.9057 / Time: 6.26s
======================================================================================================

round 77 local learning rate = 0.00012987012987012987

>>> Round:   78 / Acc: 80.631% / Loss: 0.5892 / Grad Norm: 2.9218 / Grad Diff: 1743.8956 / Time: 6.59s
======================================================================================================

round 78 local learning rate = 0.0001282051282051282

>>> Round:   79 / Acc: 80.677% / Loss: 0.5874 / Grad Norm: 2.9359 / Grad Diff: 1744.3769 / Time: 6.55s
======================================================================================================

round 79 local learning rate = 0.00012658227848101267

>>> Round:   80 / Acc: 80.744% / Loss: 0.5855 / Grad Norm: 2.9035 / Grad Diff: 1743.9274 / Time: 7.25s
======================================================================================================

= Test = round: 80 / acc: 82.450% / loss: 0.5320 / Time: 0.51s
======================================================================================================

round 80 local learning rate = 0.000125

>>> Round:   81 / Acc: 80.810% / Loss: 0.5835 / Grad Norm: 2.8186 / Grad Diff: 1741.5561 / Time: 6.40s
======================================================================================================

round 81 local learning rate = 0.0001234567901234568

>>> Round:   82 / Acc: 80.899% / Loss: 0.5818 / Grad Norm: 2.8076 / Grad Diff: 1741.8564 / Time: 6.23s
======================================================================================================

round 82 local learning rate = 0.00012195121951219512

>>> Round:   83 / Acc: 80.939% / Loss: 0.5801 / Grad Norm: 2.8030 / Grad Diff: 1741.6702 / Time: 6.11s
======================================================================================================

round 83 local learning rate = 0.00012048192771084338

>>> Round:   84 / Acc: 81.002% / Loss: 0.5786 / Grad Norm: 2.8707 / Grad Diff: 1743.1611 / Time: 6.44s
======================================================================================================

round 84 local learning rate = 0.00011904761904761905

>>> Round:   85 / Acc: 81.046% / Loss: 0.5769 / Grad Norm: 2.8640 / Grad Diff: 1742.8744 / Time: 7.94s
======================================================================================================

= Test = round: 85 / acc: 82.750% / loss: 0.5240 / Time: 0.52s
======================================================================================================

round 85 local learning rate = 0.00011764705882352942

>>> Round:   86 / Acc: 81.120% / Loss: 0.5752 / Grad Norm: 2.8103 / Grad Diff: 1742.3347 / Time: 6.42s
======================================================================================================

round 86 local learning rate = 0.00011627906976744187

>>> Round:   87 / Acc: 81.157% / Loss: 0.5736 / Grad Norm: 2.8088 / Grad Diff: 1742.4057 / Time: 6.25s
======================================================================================================

round 87 local learning rate = 0.00011494252873563218

>>> Round:   88 / Acc: 81.253% / Loss: 0.5718 / Grad Norm: 2.7181 / Grad Diff: 1739.1083 / Time: 6.32s
======================================================================================================

round 88 local learning rate = 0.00011363636363636364

>>> Round:   89 / Acc: 81.310% / Loss: 0.5701 / Grad Norm: 2.6806 / Grad Diff: 1738.3778 / Time: 6.44s
======================================================================================================

round 89 local learning rate = 0.00011235955056179776

>>> Round:   90 / Acc: 81.375% / Loss: 0.5687 / Grad Norm: 2.7332 / Grad Diff: 1738.7121 / Time: 6.47s
======================================================================================================

= Test = round: 90 / acc: 83.030% / loss: 0.5164 / Time: 0.51s
======================================================================================================

round 90 local learning rate = 0.00011111111111111112

>>> Round:   91 / Acc: 81.384% / Loss: 0.5673 / Grad Norm: 2.8428 / Grad Diff: 1740.3884 / Time: 6.43s
======================================================================================================

round 91 local learning rate = 0.00010989010989010989

>>> Round:   92 / Acc: 81.445% / Loss: 0.5659 / Grad Norm: 2.8328 / Grad Diff: 1740.2936 / Time: 6.46s
======================================================================================================

round 92 local learning rate = 0.00010869565217391305

>>> Round:   93 / Acc: 81.526% / Loss: 0.5644 / Grad Norm: 2.7696 / Grad Diff: 1739.5387 / Time: 6.37s
======================================================================================================

round 93 local learning rate = 0.00010752688172043011

>>> Round:   94 / Acc: 81.581% / Loss: 0.5628 / Grad Norm: 2.6939 / Grad Diff: 1736.6844 / Time: 6.39s
======================================================================================================

round 94 local learning rate = 0.00010638297872340425

>>> Round:   95 / Acc: 81.609% / Loss: 0.5613 / Grad Norm: 2.6983 / Grad Diff: 1736.4155 / Time: 6.44s
======================================================================================================

= Test = round: 95 / acc: 83.350% / loss: 0.5094 / Time: 0.51s
======================================================================================================

round 95 local learning rate = 0.00010526315789473685

>>> Round:   96 / Acc: 81.644% / Loss: 0.5599 / Grad Norm: 2.7231 / Grad Diff: 1736.6016 / Time: 6.46s
======================================================================================================

round 96 local learning rate = 0.00010416666666666667

>>> Round:   97 / Acc: 81.701% / Loss: 0.5585 / Grad Norm: 2.6987 / Grad Diff: 1735.6484 / Time: 6.49s
======================================================================================================

round 97 local learning rate = 0.00010309278350515464

>>> Round:   98 / Acc: 81.725% / Loss: 0.5572 / Grad Norm: 2.7336 / Grad Diff: 1736.1656 / Time: 8.47s
======================================================================================================

round 98 local learning rate = 0.00010204081632653062

>>> Round:   99 / Acc: 81.786% / Loss: 0.5558 / Grad Norm: 2.6968 / Grad Diff: 1735.3511 / Time: 6.26s
======================================================================================================

round 99 local learning rate = 0.00010101010101010101

>>> Round:  100 / Acc: 81.812% / Loss: 0.5543 / Grad Norm: 2.6028 / Grad Diff: 1732.5803 / Time: 6.35s
======================================================================================================

= Test = round: 100 / acc: 83.650% / loss: 0.5029 / Time: 0.51s
======================================================================================================

round 100 local learning rate = 0.0001

>>> Round:  101 / Acc: 81.878% / Loss: 0.5530 / Grad Norm: 2.6338 / Grad Diff: 1732.7425 / Time: 8.34s
======================================================================================================

round 101 local learning rate = 9.900990099009902e-05

>>> Round:  102 / Acc: 81.900% / Loss: 0.5518 / Grad Norm: 2.6826 / Grad Diff: 1733.4279 / Time: 6.91s
======================================================================================================

round 102 local learning rate = 9.80392156862745e-05

>>> Round:  103 / Acc: 81.959% / Loss: 0.5506 / Grad Norm: 2.7158 / Grad Diff: 1733.0532 / Time: 5.77s
======================================================================================================

round 103 local learning rate = 9.70873786407767e-05

>>> Round:  104 / Acc: 82.017% / Loss: 0.5491 / Grad Norm: 2.5840 / Grad Diff: 1730.0993 / Time: 6.64s
======================================================================================================

round 104 local learning rate = 9.615384615384615e-05

>>> Round:  105 / Acc: 82.055% / Loss: 0.5478 / Grad Norm: 2.5641 / Grad Diff: 1729.0521 / Time: 6.42s
======================================================================================================

= Test = round: 105 / acc: 83.850% / loss: 0.4969 / Time: 0.54s
======================================================================================================

round 105 local learning rate = 9.523809523809524e-05

>>> Round:  106 / Acc: 82.122% / Loss: 0.5464 / Grad Norm: 2.4679 / Grad Diff: 1726.5565 / Time: 5.57s
======================================================================================================

round 106 local learning rate = 9.433962264150943e-05

>>> Round:  107 / Acc: 82.140% / Loss: 0.5452 / Grad Norm: 2.5077 / Grad Diff: 1725.9451 / Time: 6.46s
======================================================================================================

round 107 local learning rate = 9.345794392523364e-05

>>> Round:  108 / Acc: 82.172% / Loss: 0.5439 / Grad Norm: 2.4812 / Grad Diff: 1725.1424 / Time: 6.48s
======================================================================================================

round 108 local learning rate = 9.259259259259259e-05

>>> Round:  109 / Acc: 82.212% / Loss: 0.5429 / Grad Norm: 2.5668 / Grad Diff: 1725.9736 / Time: 6.54s
======================================================================================================

round 109 local learning rate = 9.174311926605505e-05

>>> Round:  110 / Acc: 82.260% / Loss: 0.5415 / Grad Norm: 2.4672 / Grad Diff: 1723.0020 / Time: 7.57s
======================================================================================================

= Test = round: 110 / acc: 84.030% / loss: 0.4910 / Time: 0.53s
======================================================================================================

round 110 local learning rate = 9.090909090909092e-05

>>> Round:  111 / Acc: 82.303% / Loss: 0.5404 / Grad Norm: 2.4537 / Grad Diff: 1722.8127 / Time: 6.37s
======================================================================================================

round 111 local learning rate = 9.009009009009009e-05

>>> Round:  112 / Acc: 82.351% / Loss: 0.5392 / Grad Norm: 2.4872 / Grad Diff: 1721.6125 / Time: 6.44s
======================================================================================================

round 112 local learning rate = 8.928571428571429e-05

>>> Round:  113 / Acc: 82.373% / Loss: 0.5382 / Grad Norm: 2.5487 / Grad Diff: 1722.3223 / Time: 6.80s
======================================================================================================

round 113 local learning rate = 8.849557522123894e-05

>>> Round:  114 / Acc: 82.424% / Loss: 0.5372 / Grad Norm: 2.5779 / Grad Diff: 1722.1057 / Time: 6.53s
======================================================================================================

round 114 local learning rate = 8.771929824561404e-05

>>> Round:  115 / Acc: 82.441% / Loss: 0.5362 / Grad Norm: 2.6319 / Grad Diff: 1722.0884 / Time: 6.50s
======================================================================================================

= Test = round: 115 / acc: 84.190% / loss: 0.4861 / Time: 0.53s
======================================================================================================

round 115 local learning rate = 8.695652173913044e-05

>>> Round:  116 / Acc: 82.511% / Loss: 0.5350 / Grad Norm: 2.6095 / Grad Diff: 1721.2828 / Time: 6.52s
======================================================================================================

round 116 local learning rate = 8.620689655172414e-05

>>> Round:  117 / Acc: 82.561% / Loss: 0.5338 / Grad Norm: 2.5223 / Grad Diff: 1719.1873 / Time: 6.30s
======================================================================================================

round 117 local learning rate = 8.547008547008547e-05

>>> Round:  118 / Acc: 82.624% / Loss: 0.5327 / Grad Norm: 2.5030 / Grad Diff: 1718.2979 / Time: 6.35s
======================================================================================================

round 118 local learning rate = 8.474576271186441e-05

>>> Round:  119 / Acc: 82.631% / Loss: 0.5317 / Grad Norm: 2.5121 / Grad Diff: 1717.1091 / Time: 6.50s
======================================================================================================

round 119 local learning rate = 8.403361344537815e-05

>>> Round:  120 / Acc: 82.692% / Loss: 0.5305 / Grad Norm: 2.4571 / Grad Diff: 1714.7475 / Time: 6.23s
======================================================================================================

= Test = round: 120 / acc: 84.380% / loss: 0.4809 / Time: 0.54s
======================================================================================================

round 120 local learning rate = 8.333333333333333e-05

>>> Round:  121 / Acc: 82.718% / Loss: 0.5294 / Grad Norm: 2.4005 / Grad Diff: 1712.7203 / Time: 6.55s
======================================================================================================

round 121 local learning rate = 8.264462809917356e-05

>>> Round:  122 / Acc: 82.780% / Loss: 0.5283 / Grad Norm: 2.3722 / Grad Diff: 1711.5432 / Time: 6.53s
======================================================================================================

round 122 local learning rate = 8.19672131147541e-05

>>> Round:  123 / Acc: 82.812% / Loss: 0.5273 / Grad Norm: 2.3584 / Grad Diff: 1710.1669 / Time: 6.35s
======================================================================================================

round 123 local learning rate = 8.130081300813008e-05

>>> Round:  124 / Acc: 82.843% / Loss: 0.5262 / Grad Norm: 2.3133 / Grad Diff: 1707.9400 / Time: 6.30s
======================================================================================================

round 124 local learning rate = 8.064516129032258e-05

>>> Round:  125 / Acc: 82.900% / Loss: 0.5252 / Grad Norm: 2.3487 / Grad Diff: 1707.4386 / Time: 6.35s
======================================================================================================

= Test = round: 125 / acc: 84.530% / loss: 0.4761 / Time: 0.51s
======================================================================================================

round 125 local learning rate = 8e-05

>>> Round:  126 / Acc: 82.945% / Loss: 0.5243 / Grad Norm: 2.3526 / Grad Diff: 1707.3015 / Time: 6.40s
======================================================================================================

round 126 local learning rate = 7.936507936507937e-05

>>> Round:  127 / Acc: 82.974% / Loss: 0.5233 / Grad Norm: 2.3445 / Grad Diff: 1706.1107 / Time: 6.32s
======================================================================================================

round 127 local learning rate = 7.874015748031496e-05

>>> Round:  128 / Acc: 82.998% / Loss: 0.5223 / Grad Norm: 2.3426 / Grad Diff: 1704.2442 / Time: 6.23s
======================================================================================================

round 128 local learning rate = 7.8125e-05

>>> Round:  129 / Acc: 83.042% / Loss: 0.5212 / Grad Norm: 2.2787 / Grad Diff: 1700.7008 / Time: 6.34s
======================================================================================================

round 129 local learning rate = 7.751937984496124e-05

>>> Round:  130 / Acc: 83.083% / Loss: 0.5203 / Grad Norm: 2.3096 / Grad Diff: 1700.5378 / Time: 6.73s
======================================================================================================

= Test = round: 130 / acc: 84.750% / loss: 0.4714 / Time: 0.56s
======================================================================================================

round 130 local learning rate = 7.692307692307693e-05

>>> Round:  131 / Acc: 83.096% / Loss: 0.5195 / Grad Norm: 2.3717 / Grad Diff: 1701.2294 / Time: 6.42s
======================================================================================================

round 131 local learning rate = 7.633587786259542e-05

>>> Round:  132 / Acc: 83.148% / Loss: 0.5184 / Grad Norm: 2.2873 / Grad Diff: 1698.6251 / Time: 6.46s
======================================================================================================

round 132 local learning rate = 7.575757575757576e-05

>>> Round:  133 / Acc: 83.175% / Loss: 0.5175 / Grad Norm: 2.2983 / Grad Diff: 1697.7268 / Time: 6.43s
======================================================================================================

round 133 local learning rate = 7.518796992481203e-05

>>> Round:  134 / Acc: 83.183% / Loss: 0.5166 / Grad Norm: 2.2961 / Grad Diff: 1696.5924 / Time: 6.42s
======================================================================================================

round 134 local learning rate = 7.462686567164179e-05

>>> Round:  135 / Acc: 83.214% / Loss: 0.5157 / Grad Norm: 2.2838 / Grad Diff: 1694.8137 / Time: 6.43s
======================================================================================================

= Test = round: 135 / acc: 84.870% / loss: 0.4672 / Time: 0.53s
======================================================================================================

round 135 local learning rate = 7.407407407407407e-05

>>> Round:  136 / Acc: 83.245% / Loss: 0.5149 / Grad Norm: 2.3223 / Grad Diff: 1695.3674 / Time: 7.45s
======================================================================================================

round 136 local learning rate = 7.352941176470589e-05

>>> Round:  137 / Acc: 83.286% / Loss: 0.5139 / Grad Norm: 2.2525 / Grad Diff: 1692.4218 / Time: 6.81s
======================================================================================================

round 137 local learning rate = 7.299270072992701e-05

>>> Round:  138 / Acc: 83.314% / Loss: 0.5130 / Grad Norm: 2.2295 / Grad Diff: 1691.3611 / Time: 6.47s
======================================================================================================

round 138 local learning rate = 7.246376811594203e-05

>>> Round:  139 / Acc: 83.328% / Loss: 0.5121 / Grad Norm: 2.2352 / Grad Diff: 1690.6711 / Time: 6.83s
======================================================================================================

round 139 local learning rate = 7.194244604316547e-05

>>> Round:  140 / Acc: 83.358% / Loss: 0.5114 / Grad Norm: 2.2722 / Grad Diff: 1690.6546 / Time: 6.77s
======================================================================================================

= Test = round: 140 / acc: 84.950% / loss: 0.4632 / Time: 0.53s
======================================================================================================

round 140 local learning rate = 7.142857142857143e-05

>>> Round:  141 / Acc: 83.380% / Loss: 0.5105 / Grad Norm: 2.2601 / Grad Diff: 1688.8931 / Time: 8.18s
======================================================================================================

round 141 local learning rate = 7.092198581560284e-05

>>> Round:  142 / Acc: 83.415% / Loss: 0.5097 / Grad Norm: 2.2976 / Grad Diff: 1689.1589 / Time: 6.22s
======================================================================================================

round 142 local learning rate = 7.042253521126761e-05

>>> Round:  143 / Acc: 83.434% / Loss: 0.5088 / Grad Norm: 2.2479 / Grad Diff: 1686.5084 / Time: 5.62s
======================================================================================================

round 143 local learning rate = 6.993006993006993e-05

>>> Round:  144 / Acc: 83.467% / Loss: 0.5081 / Grad Norm: 2.3178 / Grad Diff: 1687.1587 / Time: 6.82s
======================================================================================================

round 144 local learning rate = 6.944444444444444e-05

>>> Round:  145 / Acc: 83.511% / Loss: 0.5073 / Grad Norm: 2.3340 / Grad Diff: 1686.4844 / Time: 6.49s
======================================================================================================

= Test = round: 145 / acc: 85.080% / loss: 0.4594 / Time: 0.53s
======================================================================================================

round 145 local learning rate = 6.896551724137931e-05

>>> Round:  146 / Acc: 83.522% / Loss: 0.5064 / Grad Norm: 2.2615 / Grad Diff: 1683.7298 / Time: 6.39s
======================================================================================================

round 146 local learning rate = 6.84931506849315e-05

>>> Round:  147 / Acc: 83.550% / Loss: 0.5056 / Grad Norm: 2.2156 / Grad Diff: 1682.1136 / Time: 6.34s
======================================================================================================

round 147 local learning rate = 6.802721088435374e-05

>>> Round:  148 / Acc: 83.592% / Loss: 0.5048 / Grad Norm: 2.2201 / Grad Diff: 1680.7726 / Time: 6.43s
======================================================================================================

round 148 local learning rate = 6.756756756756757e-05

>>> Round:  149 / Acc: 83.627% / Loss: 0.5039 / Grad Norm: 2.1664 / Grad Diff: 1678.8997 / Time: 6.34s
======================================================================================================

round 149 local learning rate = 6.711409395973155e-05

>>> Round:  150 / Acc: 83.635% / Loss: 0.5033 / Grad Norm: 2.2764 / Grad Diff: 1680.4392 / Time: 7.44s
======================================================================================================

= Test = round: 150 / acc: 85.280% / loss: 0.4557 / Time: 0.52s
======================================================================================================

round 150 local learning rate = 6.666666666666667e-05

>>> Round:  151 / Acc: 83.657% / Loss: 0.5025 / Grad Norm: 2.2584 / Grad Diff: 1678.2194 / Time: 6.33s
======================================================================================================

round 151 local learning rate = 6.622516556291391e-05

>>> Round:  152 / Acc: 83.688% / Loss: 0.5016 / Grad Norm: 2.2121 / Grad Diff: 1675.9794 / Time: 6.43s
======================================================================================================

round 152 local learning rate = 6.578947368421052e-05

>>> Round:  153 / Acc: 83.720% / Loss: 0.5008 / Grad Norm: 2.1466 / Grad Diff: 1673.5037 / Time: 6.38s
======================================================================================================

round 153 local learning rate = 6.535947712418301e-05

>>> Round:  154 / Acc: 83.736% / Loss: 0.5001 / Grad Norm: 2.1834 / Grad Diff: 1673.1102 / Time: 6.41s
======================================================================================================

round 154 local learning rate = 6.493506493506494e-05

>>> Round:  155 / Acc: 83.749% / Loss: 0.4994 / Grad Norm: 2.1929 / Grad Diff: 1672.4043 / Time: 6.35s
======================================================================================================

= Test = round: 155 / acc: 85.350% / loss: 0.4521 / Time: 0.54s
======================================================================================================

round 155 local learning rate = 6.451612903225807e-05

>>> Round:  156 / Acc: 83.786% / Loss: 0.4986 / Grad Norm: 2.1762 / Grad Diff: 1671.3923 / Time: 6.28s
======================================================================================================

round 156 local learning rate = 6.41025641025641e-05

>>> Round:  157 / Acc: 83.801% / Loss: 0.4979 / Grad Norm: 2.1683 / Grad Diff: 1670.0704 / Time: 6.25s
======================================================================================================

round 157 local learning rate = 6.369426751592357e-05

>>> Round:  158 / Acc: 83.823% / Loss: 0.4971 / Grad Norm: 2.1447 / Grad Diff: 1668.5134 / Time: 6.26s
======================================================================================================

round 158 local learning rate = 6.329113924050633e-05

>>> Round:  159 / Acc: 83.836% / Loss: 0.4964 / Grad Norm: 2.1204 / Grad Diff: 1666.8702 / Time: 6.32s
======================================================================================================

round 159 local learning rate = 6.289308176100629e-05

>>> Round:  160 / Acc: 83.847% / Loss: 0.4957 / Grad Norm: 2.1610 / Grad Diff: 1665.9923 / Time: 6.35s
======================================================================================================

= Test = round: 160 / acc: 85.460% / loss: 0.4486 / Time: 0.52s
======================================================================================================

round 160 local learning rate = 6.25e-05

>>> Round:  161 / Acc: 83.865% / Loss: 0.4950 / Grad Norm: 2.1716 / Grad Diff: 1665.0802 / Time: 6.22s
======================================================================================================

round 161 local learning rate = 6.211180124223603e-05

>>> Round:  162 / Acc: 83.908% / Loss: 0.4943 / Grad Norm: 2.1295 / Grad Diff: 1662.8000 / Time: 6.19s
======================================================================================================

round 162 local learning rate = 6.17283950617284e-05

>>> Round:  163 / Acc: 83.934% / Loss: 0.4935 / Grad Norm: 2.0803 / Grad Diff: 1661.0212 / Time: 6.32s
======================================================================================================

round 163 local learning rate = 6.134969325153375e-05

>>> Round:  164 / Acc: 83.939% / Loss: 0.4928 / Grad Norm: 2.1095 / Grad Diff: 1660.2458 / Time: 6.46s
======================================================================================================

round 164 local learning rate = 6.097560975609756e-05

>>> Round:  165 / Acc: 83.982% / Loss: 0.4921 / Grad Norm: 2.0803 / Grad Diff: 1658.2180 / Time: 6.48s
======================================================================================================

= Test = round: 165 / acc: 85.580% / loss: 0.4455 / Time: 0.54s
======================================================================================================

round 165 local learning rate = 6.0606060606060605e-05

>>> Round:  166 / Acc: 84.006% / Loss: 0.4914 / Grad Norm: 2.0472 / Grad Diff: 1657.1279 / Time: 6.54s
======================================================================================================

round 166 local learning rate = 6.024096385542169e-05

>>> Round:  167 / Acc: 84.037% / Loss: 0.4907 / Grad Norm: 2.0401 / Grad Diff: 1655.8886 / Time: 6.38s
======================================================================================================

round 167 local learning rate = 5.988023952095808e-05

>>> Round:  168 / Acc: 84.065% / Loss: 0.4900 / Grad Norm: 2.0321 / Grad Diff: 1654.0831 / Time: 6.43s
======================================================================================================

round 168 local learning rate = 5.9523809523809524e-05

>>> Round:  169 / Acc: 84.070% / Loss: 0.4893 / Grad Norm: 2.0180 / Grad Diff: 1652.3009 / Time: 6.61s
======================================================================================================

round 169 local learning rate = 5.9171597633136094e-05

>>> Round:  170 / Acc: 84.089% / Loss: 0.4886 / Grad Norm: 2.0258 / Grad Diff: 1651.1419 / Time: 6.38s
======================================================================================================

= Test = round: 170 / acc: 85.720% / loss: 0.4423 / Time: 0.53s
======================================================================================================

round 170 local learning rate = 5.882352941176471e-05

>>> Round:  171 / Acc: 84.111% / Loss: 0.4880 / Grad Norm: 2.0486 / Grad Diff: 1650.7261 / Time: 6.08s
======================================================================================================

round 171 local learning rate = 5.847953216374269e-05

>>> Round:  172 / Acc: 84.129% / Loss: 0.4874 / Grad Norm: 2.1044 / Grad Diff: 1650.7493 / Time: 6.30s
======================================================================================================

round 172 local learning rate = 5.8139534883720933e-05

>>> Round:  173 / Acc: 84.148% / Loss: 0.4867 / Grad Norm: 2.0429 / Grad Diff: 1648.1653 / Time: 6.35s
======================================================================================================

round 173 local learning rate = 5.7803468208092484e-05

>>> Round:  174 / Acc: 84.175% / Loss: 0.4860 / Grad Norm: 2.0140 / Grad Diff: 1646.5116 / Time: 6.52s
======================================================================================================

round 174 local learning rate = 5.747126436781609e-05

>>> Round:  175 / Acc: 84.192% / Loss: 0.4853 / Grad Norm: 1.9965 / Grad Diff: 1645.0275 / Time: 6.52s
======================================================================================================

= Test = round: 175 / acc: 85.840% / loss: 0.4392 / Time: 0.65s
======================================================================================================

round 175 local learning rate = 5.714285714285714e-05

>>> Round:  176 / Acc: 84.231% / Loss: 0.4848 / Grad Norm: 2.0493 / Grad Diff: 1644.6610 / Time: 6.35s
======================================================================================================

round 176 local learning rate = 5.681818181818182e-05

>>> Round:  177 / Acc: 84.256% / Loss: 0.4841 / Grad Norm: 2.0520 / Grad Diff: 1642.6587 / Time: 6.30s
======================================================================================================

round 177 local learning rate = 5.649717514124294e-05

>>> Round:  178 / Acc: 84.266% / Loss: 0.4835 / Grad Norm: 2.0630 / Grad Diff: 1642.2208 / Time: 6.35s
======================================================================================================

round 178 local learning rate = 5.617977528089888e-05

>>> Round:  179 / Acc: 84.282% / Loss: 0.4828 / Grad Norm: 1.9886 / Grad Diff: 1639.7492 / Time: 6.49s
======================================================================================================

round 179 local learning rate = 5.58659217877095e-05

>>> Round:  180 / Acc: 84.303% / Loss: 0.4821 / Grad Norm: 1.9577 / Grad Diff: 1637.7904 / Time: 6.22s
======================================================================================================

= Test = round: 180 / acc: 85.920% / loss: 0.4362 / Time: 0.52s
======================================================================================================

round 180 local learning rate = 5.555555555555556e-05

>>> Round:  181 / Acc: 84.323% / Loss: 0.4815 / Grad Norm: 1.9141 / Grad Diff: 1636.0174 / Time: 6.21s
======================================================================================================

round 181 local learning rate = 5.524861878453039e-05

>>> Round:  182 / Acc: 84.349% / Loss: 0.4809 / Grad Norm: 1.9352 / Grad Diff: 1635.4983 / Time: 6.32s
======================================================================================================

round 182 local learning rate = 5.4945054945054945e-05

>>> Round:  183 / Acc: 84.356% / Loss: 0.4803 / Grad Norm: 1.9029 / Grad Diff: 1633.4621 / Time: 6.46s
======================================================================================================

round 183 local learning rate = 5.46448087431694e-05

>>> Round:  184 / Acc: 84.356% / Loss: 0.4798 / Grad Norm: 2.0332 / Grad Diff: 1634.4680 / Time: 6.47s
======================================================================================================

round 184 local learning rate = 5.4347826086956524e-05

>>> Round:  185 / Acc: 84.406% / Loss: 0.4792 / Grad Norm: 1.9861 / Grad Diff: 1632.2016 / Time: 6.51s
======================================================================================================

= Test = round: 185 / acc: 86.010% / loss: 0.4336 / Time: 0.50s
======================================================================================================

round 185 local learning rate = 5.4054054054054054e-05

>>> Round:  186 / Acc: 84.395% / Loss: 0.4785 / Grad Norm: 1.9772 / Grad Diff: 1630.4761 / Time: 6.39s
======================================================================================================

round 186 local learning rate = 5.3763440860215054e-05

>>> Round:  187 / Acc: 84.406% / Loss: 0.4780 / Grad Norm: 2.0326 / Grad Diff: 1630.1589 / Time: 6.37s
======================================================================================================

round 187 local learning rate = 5.347593582887701e-05

>>> Round:  188 / Acc: 84.461% / Loss: 0.4774 / Grad Norm: 2.0026 / Grad Diff: 1628.2027 / Time: 6.33s
======================================================================================================

round 188 local learning rate = 5.319148936170213e-05

>>> Round:  189 / Acc: 84.448% / Loss: 0.4768 / Grad Norm: 2.0039 / Grad Diff: 1627.0585 / Time: 6.45s
======================================================================================================

round 189 local learning rate = 5.291005291005291e-05

>>> Round:  190 / Acc: 84.489% / Loss: 0.4761 / Grad Norm: 1.8971 / Grad Diff: 1624.2594 / Time: 6.57s
======================================================================================================

= Test = round: 190 / acc: 86.090% / loss: 0.4308 / Time: 0.55s
======================================================================================================

round 190 local learning rate = 5.2631578947368424e-05

>>> Round:  191 / Acc: 84.500% / Loss: 0.4755 / Grad Norm: 1.8921 / Grad Diff: 1623.0310 / Time: 6.25s
======================================================================================================

round 191 local learning rate = 5.2356020942408376e-05

>>> Round:  192 / Acc: 84.524% / Loss: 0.4749 / Grad Norm: 1.8789 / Grad Diff: 1621.1170 / Time: 6.95s
======================================================================================================

round 192 local learning rate = 5.208333333333334e-05

>>> Round:  193 / Acc: 84.587% / Loss: 0.4744 / Grad Norm: 1.8899 / Grad Diff: 1620.0591 / Time: 6.54s
======================================================================================================

round 193 local learning rate = 5.1813471502590674e-05

>>> Round:  194 / Acc: 84.563% / Loss: 0.4738 / Grad Norm: 1.9010 / Grad Diff: 1619.1085 / Time: 6.74s
======================================================================================================

round 194 local learning rate = 5.154639175257732e-05

>>> Round:  195 / Acc: 84.577% / Loss: 0.4733 / Grad Norm: 1.9060 / Grad Diff: 1618.0638 / Time: 6.33s
======================================================================================================

= Test = round: 195 / acc: 86.200% / loss: 0.4282 / Time: 0.52s
======================================================================================================

round 195 local learning rate = 5.1282051282051286e-05

>>> Round:  196 / Acc: 84.594% / Loss: 0.4727 / Grad Norm: 1.8647 / Grad Diff: 1616.5923 / Time: 6.37s
======================================================================================================

round 196 local learning rate = 5.102040816326531e-05

>>> Round:  197 / Acc: 84.624% / Loss: 0.4721 / Grad Norm: 1.8654 / Grad Diff: 1614.6575 / Time: 6.35s
======================================================================================================

round 197 local learning rate = 5.076142131979695e-05

>>> Round:  198 / Acc: 84.653% / Loss: 0.4716 / Grad Norm: 1.8530 / Grad Diff: 1613.6438 / Time: 6.38s
======================================================================================================

round 198 local learning rate = 5.0505050505050505e-05

>>> Round:  199 / Acc: 84.655% / Loss: 0.4711 / Grad Norm: 1.8930 / Grad Diff: 1613.0475 / Time: 6.32s
======================================================================================================

round 199 local learning rate = 5.0251256281407036e-05

>>> Round:  200 / Acc: 84.673% / Loss: 0.4705 / Grad Norm: 1.8521 / Grad Diff: 1610.7392 / Time: 6.27s
======================================================================================================

= Test = round: 200 / acc: 86.310% / loss: 0.4257 / Time: 0.52s
======================================================================================================

