nohup: ignoring input
Using device: cuda:0
>>> Arguments:
	             algo : fedavgtl
	            alpha : 51871.0
	       batch_size : 32
	clients_per_round : 100
	          dataset : mnist_all_data_1_equal_niid
	           device : cuda:0
	              dis : 
	   early_stopping : 20
	       eval_every : 5
	    ft_batch_size : 128
	       ft_dataset : mnist-m
	        ft_epochs : 2
	            ft_lr : 0.01
	            ft_wd : 0.0
	              gpu : True
	      input_shape : (1, 28, 28)
	           last_k : 2
	               lr : 0.01
	            model : lenet
	           n_init : 5
	        noaverage : False
	          noprint : False
	        num_class : 10
	        num_epoch : 1
	        num_round : 200
	           opt_lr : False
	            reg_J : True
	       reg_J_coef : 0.01
	             seed : 0
	               wd : 0.0001
>>> Read data from:
     ./data/mnist/data/all_data_1.pkl
>>> The estimate of constant alpha is 51871.0.
>>> Read data from:
     ./data/mnist/data/train/all_data_1_equal_niid.pkl
     ./data/mnist/data/test/all_data_1_equal_niid.pkl
>>> Use gpu on device cuda:0
>>> Model statistic per layer
LeNet_MNIST(
  286.12 KMac, 100.000% MACs, 
  (conv1): Conv2d(89.856 KMac, 31.405% MACs, 1, 6, kernel_size=(5, 5), stride=(1, 1))
  (conv2): Conv2d(154.624 KMac, 54.042% MACs, 6, 16, kernel_size=(5, 5), stride=(1, 1))
  (fc1): Linear(30.72 KMac, 10.737% MACs, in_features=256, out_features=120, bias=True)
  (fc2): Linear(10.08 KMac, 3.523% MACs, in_features=120, out_features=84, bias=True)
  (fc3): Linear(840.0 Mac, 0.294% MACs, in_features=84, out_features=10, bias=True)
)
>>> Activate a worker for training
>>> Initialize 100 clients in total
>>> Weigh updates by simple average
>>> Select 100 clients per round 


>>> Round:    0 / Acc: 14.162% / Loss: 13.7888 / Grad Norm: 172.8104 / Grad Diff: 47978.7143 / Time: 7.78s
======================================================================================================

= Test = round: 0 / acc: 14.350% / loss: 13.8258 / Time: 0.69s
======================================================================================================

round 0 local learning rate = 0.01

>>> Round:    1 / Acc: 12.657% / Loss: 2.3018 / Grad Norm: 2.2854 / Grad Diff: 72.0063 / Time: 7.85s
======================================================================================================

round 1 local learning rate = 0.01

>>> Round:    2 / Acc: 27.862% / Loss: 2.0505 / Grad Norm: 3.9322 / Grad Diff: 218.8527 / Time: 7.56s
======================================================================================================

round 2 local learning rate = 0.005

>>> Round:    3 / Acc: 40.011% / Loss: 1.7211 / Grad Norm: 5.2696 / Grad Diff: 534.8948 / Time: 7.36s
======================================================================================================

round 3 local learning rate = 0.0033333333333333335

>>> Round:    4 / Acc: 47.537% / Loss: 1.4918 / Grad Norm: 5.4445 / Grad Diff: 757.3558 / Time: 7.22s
======================================================================================================

round 4 local learning rate = 0.0025

>>> Round:    5 / Acc: 53.185% / Loss: 1.3341 / Grad Norm: 5.1346 / Grad Diff: 887.6702 / Time: 7.32s
======================================================================================================

= Test = round: 5 / acc: 54.930% / loss: 1.2881 / Time: 0.58s
======================================================================================================

round 5 local learning rate = 0.002

>>> Round:    6 / Acc: 57.339% / Loss: 1.2251 / Grad Norm: 4.8692 / Grad Diff: 976.8357 / Time: 7.43s
======================================================================================================

round 6 local learning rate = 0.0016666666666666668

>>> Round:    7 / Acc: 60.389% / Loss: 1.1441 / Grad Norm: 4.6515 / Grad Diff: 1031.0657 / Time: 7.31s
======================================================================================================

round 7 local learning rate = 0.0014285714285714286

>>> Round:    8 / Acc: 62.773% / Loss: 1.0819 / Grad Norm: 4.5266 / Grad Diff: 1068.7535 / Time: 7.52s
======================================================================================================

round 8 local learning rate = 0.00125

>>> Round:    9 / Acc: 64.731% / Loss: 1.0316 / Grad Norm: 4.4459 / Grad Diff: 1104.4176 / Time: 7.47s
======================================================================================================

round 9 local learning rate = 0.0011111111111111111

>>> Round:   10 / Acc: 66.260% / Loss: 0.9904 / Grad Norm: 4.4253 / Grad Diff: 1128.1900 / Time: 7.58s
======================================================================================================

= Test = round: 10 / acc: 68.460% / loss: 0.9334 / Time: 0.59s
======================================================================================================

round 10 local learning rate = 0.001

>>> Round:   11 / Acc: 67.528% / Loss: 0.9554 / Grad Norm: 4.4104 / Grad Diff: 1148.2380 / Time: 7.33s
======================================================================================================

round 11 local learning rate = 0.0009090909090909091

>>> Round:   12 / Acc: 68.732% / Loss: 0.9232 / Grad Norm: 4.1758 / Grad Diff: 1156.7169 / Time: 7.48s
======================================================================================================

round 12 local learning rate = 0.0008333333333333334

>>> Round:   13 / Acc: 69.900% / Loss: 0.8955 / Grad Norm: 4.0573 / Grad Diff: 1168.2984 / Time: 7.52s
======================================================================================================

round 13 local learning rate = 0.0007692307692307692

>>> Round:   14 / Acc: 70.828% / Loss: 0.8718 / Grad Norm: 4.0047 / Grad Diff: 1179.2630 / Time: 7.44s
======================================================================================================

round 14 local learning rate = 0.0007142857142857143

>>> Round:   15 / Acc: 71.646% / Loss: 0.8507 / Grad Norm: 3.9186 / Grad Diff: 1188.6823 / Time: 7.47s
======================================================================================================

= Test = round: 15 / acc: 74.190% / loss: 0.7910 / Time: 0.59s
======================================================================================================

round 15 local learning rate = 0.0006666666666666666

>>> Round:   16 / Acc: 72.312% / Loss: 0.8320 / Grad Norm: 3.8937 / Grad Diff: 1199.3045 / Time: 7.62s
======================================================================================================

round 16 local learning rate = 0.000625

>>> Round:   17 / Acc: 72.941% / Loss: 0.8142 / Grad Norm: 3.7847 / Grad Diff: 1202.2042 / Time: 7.56s
======================================================================================================

round 17 local learning rate = 0.0005882352941176471

>>> Round:   18 / Acc: 73.616% / Loss: 0.7979 / Grad Norm: 3.7102 / Grad Diff: 1206.5402 / Time: 7.34s
======================================================================================================

round 18 local learning rate = 0.0005555555555555556

>>> Round:   19 / Acc: 74.087% / Loss: 0.7841 / Grad Norm: 3.7186 / Grad Diff: 1215.7897 / Time: 7.60s
======================================================================================================

round 19 local learning rate = 0.0005263157894736842

>>> Round:   20 / Acc: 74.574% / Loss: 0.7713 / Grad Norm: 3.6879 / Grad Diff: 1221.6349 / Time: 7.37s
======================================================================================================

= Test = round: 20 / acc: 76.960% / loss: 0.7112 / Time: 0.60s
======================================================================================================

round 20 local learning rate = 0.0005

>>> Round:   21 / Acc: 74.974% / Loss: 0.7589 / Grad Norm: 3.5931 / Grad Diff: 1224.9265 / Time: 7.45s
======================================================================================================

round 21 local learning rate = 0.0004761904761904762

>>> Round:   22 / Acc: 75.343% / Loss: 0.7470 / Grad Norm: 3.4784 / Grad Diff: 1225.0141 / Time: 7.38s
======================================================================================================

round 22 local learning rate = 0.00045454545454545455

>>> Round:   23 / Acc: 75.766% / Loss: 0.7365 / Grad Norm: 3.4609 / Grad Diff: 1227.6095 / Time: 7.51s
======================================================================================================

round 23 local learning rate = 0.0004347826086956522

>>> Round:   24 / Acc: 76.120% / Loss: 0.7270 / Grad Norm: 3.5339 / Grad Diff: 1235.1474 / Time: 7.44s
======================================================================================================

round 24 local learning rate = 0.0004166666666666667

>>> Round:   25 / Acc: 76.450% / Loss: 0.7173 / Grad Norm: 3.3886 / Grad Diff: 1235.4699 / Time: 7.70s
======================================================================================================

= Test = round: 25 / acc: 79.060% / loss: 0.6575 / Time: 0.61s
======================================================================================================

round 25 local learning rate = 0.0004

>>> Round:   26 / Acc: 76.771% / Loss: 0.7083 / Grad Norm: 3.3218 / Grad Diff: 1236.4767 / Time: 7.70s
======================================================================================================

round 26 local learning rate = 0.0003846153846153846

>>> Round:   27 / Acc: 77.050% / Loss: 0.7001 / Grad Norm: 3.2654 / Grad Diff: 1240.3992 / Time: 7.51s
======================================================================================================

round 27 local learning rate = 0.00037037037037037035

>>> Round:   28 / Acc: 77.231% / Loss: 0.6930 / Grad Norm: 3.3067 / Grad Diff: 1245.6131 / Time: 7.50s
======================================================================================================

round 28 local learning rate = 0.00035714285714285714

>>> Round:   29 / Acc: 77.541% / Loss: 0.6858 / Grad Norm: 3.2423 / Grad Diff: 1246.7156 / Time: 7.35s
======================================================================================================

round 29 local learning rate = 0.0003448275862068966

>>> Round:   30 / Acc: 77.786% / Loss: 0.6789 / Grad Norm: 3.2235 / Grad Diff: 1246.0040 / Time: 7.39s
======================================================================================================

= Test = round: 30 / acc: 80.380% / loss: 0.6194 / Time: 0.60s
======================================================================================================

round 30 local learning rate = 0.0003333333333333333

>>> Round:   31 / Acc: 77.991% / Loss: 0.6726 / Grad Norm: 3.2483 / Grad Diff: 1249.9957 / Time: 7.49s
======================================================================================================

round 31 local learning rate = 0.0003225806451612903

>>> Round:   32 / Acc: 78.268% / Loss: 0.6658 / Grad Norm: 3.1470 / Grad Diff: 1248.9932 / Time: 7.72s
======================================================================================================

round 32 local learning rate = 0.0003125

>>> Round:   33 / Acc: 78.537% / Loss: 0.6595 / Grad Norm: 3.0559 / Grad Diff: 1249.8839 / Time: 7.60s
======================================================================================================

round 33 local learning rate = 0.00030303030303030303

>>> Round:   34 / Acc: 78.681% / Loss: 0.6546 / Grad Norm: 3.2227 / Grad Diff: 1256.8677 / Time: 7.59s
======================================================================================================

round 34 local learning rate = 0.00029411764705882356

>>> Round:   35 / Acc: 78.799% / Loss: 0.6491 / Grad Norm: 3.1080 / Grad Diff: 1258.8274 / Time: 7.54s
======================================================================================================

= Test = round: 35 / acc: 81.620% / loss: 0.5902 / Time: 0.61s
======================================================================================================

round 35 local learning rate = 0.00028571428571428574

>>> Round:   36 / Acc: 78.930% / Loss: 0.6442 / Grad Norm: 3.1261 / Grad Diff: 1263.1732 / Time: 7.28s
======================================================================================================

round 36 local learning rate = 0.0002777777777777778

>>> Round:   37 / Acc: 79.122% / Loss: 0.6389 / Grad Norm: 3.0741 / Grad Diff: 1264.0632 / Time: 7.44s
======================================================================================================

round 37 local learning rate = 0.0002702702702702703

>>> Round:   38 / Acc: 79.266% / Loss: 0.6344 / Grad Norm: 3.0909 / Grad Diff: 1267.4248 / Time: 7.35s
======================================================================================================

round 38 local learning rate = 0.0002631578947368421

>>> Round:   39 / Acc: 79.494% / Loss: 0.6295 / Grad Norm: 3.0125 / Grad Diff: 1266.3705 / Time: 7.23s
======================================================================================================

round 39 local learning rate = 0.0002564102564102564

>>> Round:   40 / Acc: 79.631% / Loss: 0.6252 / Grad Norm: 3.0090 / Grad Diff: 1268.7446 / Time: 7.53s
======================================================================================================

= Test = round: 40 / acc: 82.310% / loss: 0.5672 / Time: 0.61s
======================================================================================================

round 40 local learning rate = 0.00025

>>> Round:   41 / Acc: 79.788% / Loss: 0.6210 / Grad Norm: 2.9513 / Grad Diff: 1269.5244 / Time: 7.48s
======================================================================================================

round 41 local learning rate = 0.00024390243902439024

>>> Round:   42 / Acc: 79.921% / Loss: 0.6171 / Grad Norm: 3.0322 / Grad Diff: 1272.8652 / Time: 7.44s
======================================================================================================

round 42 local learning rate = 0.0002380952380952381

>>> Round:   43 / Acc: 80.066% / Loss: 0.6130 / Grad Norm: 2.9352 / Grad Diff: 1271.3309 / Time: 7.36s
======================================================================================================

round 43 local learning rate = 0.00023255813953488373

>>> Round:   44 / Acc: 80.181% / Loss: 0.6092 / Grad Norm: 2.9157 / Grad Diff: 1274.7646 / Time: 7.46s
======================================================================================================

round 44 local learning rate = 0.00022727272727272727

>>> Round:   45 / Acc: 80.292% / Loss: 0.6063 / Grad Norm: 3.0547 / Grad Diff: 1283.2715 / Time: 7.35s
======================================================================================================

= Test = round: 45 / acc: 82.850% / loss: 0.5491 / Time: 0.60s
======================================================================================================

round 45 local learning rate = 0.00022222222222222223

>>> Round:   46 / Acc: 80.411% / Loss: 0.6029 / Grad Norm: 3.0352 / Grad Diff: 1285.1098 / Time: 7.41s
======================================================================================================

round 46 local learning rate = 0.0002173913043478261

>>> Round:   47 / Acc: 80.565% / Loss: 0.5992 / Grad Norm: 2.9556 / Grad Diff: 1284.1431 / Time: 7.47s
======================================================================================================

round 47 local learning rate = 0.0002127659574468085

>>> Round:   48 / Acc: 80.640% / Loss: 0.5962 / Grad Norm: 2.9981 / Grad Diff: 1287.0657 / Time: 7.49s
======================================================================================================

round 48 local learning rate = 0.00020833333333333335

>>> Round:   49 / Acc: 80.768% / Loss: 0.5928 / Grad Norm: 2.9638 / Grad Diff: 1287.3333 / Time: 7.51s
======================================================================================================

round 49 local learning rate = 0.00020408163265306123

>>> Round:   50 / Acc: 80.891% / Loss: 0.5895 / Grad Norm: 2.8720 / Grad Diff: 1286.2882 / Time: 7.60s
======================================================================================================

= Test = round: 50 / acc: 83.270% / loss: 0.5333 / Time: 0.64s
======================================================================================================

round 50 local learning rate = 0.0002

>>> Round:   51 / Acc: 80.976% / Loss: 0.5864 / Grad Norm: 2.8257 / Grad Diff: 1285.2012 / Time: 7.52s
======================================================================================================

round 51 local learning rate = 0.000196078431372549

>>> Round:   52 / Acc: 81.055% / Loss: 0.5836 / Grad Norm: 2.8310 / Grad Diff: 1286.3246 / Time: 7.44s
======================================================================================================

round 52 local learning rate = 0.0001923076923076923

>>> Round:   53 / Acc: 81.142% / Loss: 0.5808 / Grad Norm: 2.8614 / Grad Diff: 1288.6787 / Time: 7.37s
======================================================================================================

round 53 local learning rate = 0.00018867924528301886

>>> Round:   54 / Acc: 81.266% / Loss: 0.5778 / Grad Norm: 2.8150 / Grad Diff: 1287.0211 / Time: 7.89s
======================================================================================================

round 54 local learning rate = 0.00018518518518518518

>>> Round:   55 / Acc: 81.391% / Loss: 0.5751 / Grad Norm: 2.8476 / Grad Diff: 1288.8575 / Time: 7.89s
======================================================================================================

= Test = round: 55 / acc: 83.720% / loss: 0.5200 / Time: 0.61s
======================================================================================================

round 55 local learning rate = 0.00018181818181818183

>>> Round:   56 / Acc: 81.452% / Loss: 0.5726 / Grad Norm: 2.8063 / Grad Diff: 1289.2448 / Time: 7.94s
======================================================================================================

round 56 local learning rate = 0.00017857142857142857

>>> Round:   57 / Acc: 81.583% / Loss: 0.5699 / Grad Norm: 2.6873 / Grad Diff: 1287.0073 / Time: 7.83s
======================================================================================================

round 57 local learning rate = 0.00017543859649122808

>>> Round:   58 / Acc: 81.672% / Loss: 0.5672 / Grad Norm: 2.7143 / Grad Diff: 1286.8634 / Time: 8.32s
======================================================================================================

round 58 local learning rate = 0.0001724137931034483

>>> Round:   59 / Acc: 81.753% / Loss: 0.5648 / Grad Norm: 2.6584 / Grad Diff: 1286.6194 / Time: 7.13s
======================================================================================================

round 59 local learning rate = 0.00016949152542372882

>>> Round:   60 / Acc: 81.828% / Loss: 0.5628 / Grad Norm: 2.7429 / Grad Diff: 1291.1699 / Time: 7.79s
======================================================================================================

= Test = round: 60 / acc: 84.180% / loss: 0.5082 / Time: 0.62s
======================================================================================================

round 60 local learning rate = 0.00016666666666666666

>>> Round:   61 / Acc: 81.904% / Loss: 0.5604 / Grad Norm: 2.6745 / Grad Diff: 1289.3751 / Time: 7.61s
======================================================================================================

round 61 local learning rate = 0.0001639344262295082

>>> Round:   62 / Acc: 81.982% / Loss: 0.5580 / Grad Norm: 2.6717 / Grad Diff: 1289.8919 / Time: 7.82s
======================================================================================================

round 62 local learning rate = 0.00016129032258064516

>>> Round:   63 / Acc: 82.083% / Loss: 0.5557 / Grad Norm: 2.5608 / Grad Diff: 1287.4025 / Time: 7.57s
======================================================================================================

round 63 local learning rate = 0.00015873015873015873

>>> Round:   64 / Acc: 82.162% / Loss: 0.5538 / Grad Norm: 2.6450 / Grad Diff: 1289.1468 / Time: 7.60s
======================================================================================================

round 64 local learning rate = 0.00015625

>>> Round:   65 / Acc: 82.216% / Loss: 0.5518 / Grad Norm: 2.6470 / Grad Diff: 1289.0450 / Time: 9.24s
======================================================================================================

= Test = round: 65 / acc: 84.520% / loss: 0.4982 / Time: 0.63s
======================================================================================================

round 65 local learning rate = 0.00015384615384615385

>>> Round:   66 / Acc: 82.264% / Loss: 0.5499 / Grad Norm: 2.6946 / Grad Diff: 1292.3049 / Time: 7.96s
======================================================================================================

round 66 local learning rate = 0.00015151515151515152

>>> Round:   67 / Acc: 82.349% / Loss: 0.5478 / Grad Norm: 2.6321 / Grad Diff: 1289.6085 / Time: 7.81s
======================================================================================================

round 67 local learning rate = 0.00014925373134328358

>>> Round:   68 / Acc: 82.391% / Loss: 0.5459 / Grad Norm: 2.6059 / Grad Diff: 1291.9115 / Time: 7.77s
======================================================================================================

round 68 local learning rate = 0.00014705882352941178

>>> Round:   69 / Acc: 82.522% / Loss: 0.5438 / Grad Norm: 2.5333 / Grad Diff: 1289.7314 / Time: 7.66s
======================================================================================================

round 69 local learning rate = 0.00014492753623188405

>>> Round:   70 / Acc: 82.635% / Loss: 0.5417 / Grad Norm: 2.4627 / Grad Diff: 1288.5478 / Time: 8.06s
======================================================================================================

= Test = round: 70 / acc: 84.780% / loss: 0.4890 / Time: 0.65s
======================================================================================================

round 70 local learning rate = 0.00014285714285714287

>>> Round:   71 / Acc: 82.675% / Loss: 0.5401 / Grad Norm: 2.5148 / Grad Diff: 1291.7927 / Time: 7.67s
======================================================================================================

round 71 local learning rate = 0.00014084507042253522

>>> Round:   72 / Acc: 82.718% / Loss: 0.5385 / Grad Norm: 2.5596 / Grad Diff: 1294.2655 / Time: 7.47s
======================================================================================================

round 72 local learning rate = 0.0001388888888888889

>>> Round:   73 / Acc: 82.771% / Loss: 0.5368 / Grad Norm: 2.5584 / Grad Diff: 1294.6628 / Time: 7.63s
======================================================================================================

round 73 local learning rate = 0.000136986301369863

>>> Round:   74 / Acc: 82.845% / Loss: 0.5352 / Grad Norm: 2.5915 / Grad Diff: 1295.4231 / Time: 7.38s
======================================================================================================

round 74 local learning rate = 0.00013513513513513514

>>> Round:   75 / Acc: 82.915% / Loss: 0.5334 / Grad Norm: 2.5286 / Grad Diff: 1294.1406 / Time: 7.70s
======================================================================================================

= Test = round: 75 / acc: 84.960% / loss: 0.4814 / Time: 0.62s
======================================================================================================

round 75 local learning rate = 0.00013333333333333334

>>> Round:   76 / Acc: 82.970% / Loss: 0.5320 / Grad Norm: 2.6044 / Grad Diff: 1295.8781 / Time: 7.62s
======================================================================================================

round 76 local learning rate = 0.00013157894736842105

>>> Round:   77 / Acc: 83.042% / Loss: 0.5303 / Grad Norm: 2.5478 / Grad Diff: 1295.4913 / Time: 7.63s
======================================================================================================

round 77 local learning rate = 0.00012987012987012987

>>> Round:   78 / Acc: 83.042% / Loss: 0.5288 / Grad Norm: 2.5287 / Grad Diff: 1292.8753 / Time: 7.75s
======================================================================================================

round 78 local learning rate = 0.0001282051282051282

>>> Round:   79 / Acc: 83.135% / Loss: 0.5273 / Grad Norm: 2.5157 / Grad Diff: 1294.1115 / Time: 8.07s
======================================================================================================

round 79 local learning rate = 0.00012658227848101267

>>> Round:   80 / Acc: 83.185% / Loss: 0.5258 / Grad Norm: 2.5236 / Grad Diff: 1294.6855 / Time: 7.69s
======================================================================================================

= Test = round: 80 / acc: 85.180% / loss: 0.4742 / Time: 0.64s
======================================================================================================

round 80 local learning rate = 0.000125

>>> Round:   81 / Acc: 83.220% / Loss: 0.5243 / Grad Norm: 2.5762 / Grad Diff: 1296.1365 / Time: 8.10s
======================================================================================================

round 81 local learning rate = 0.0001234567901234568

>>> Round:   82 / Acc: 83.275% / Loss: 0.5229 / Grad Norm: 2.5834 / Grad Diff: 1295.2775 / Time: 8.83s
======================================================================================================

round 82 local learning rate = 0.00012195121951219512

>>> Round:   83 / Acc: 83.317% / Loss: 0.5212 / Grad Norm: 2.4911 / Grad Diff: 1293.6368 / Time: 7.66s
======================================================================================================

round 83 local learning rate = 0.00012048192771084338

>>> Round:   84 / Acc: 83.400% / Loss: 0.5199 / Grad Norm: 2.5285 / Grad Diff: 1294.4322 / Time: 7.35s
======================================================================================================

round 84 local learning rate = 0.00011904761904761905

>>> Round:   85 / Acc: 83.406% / Loss: 0.5186 / Grad Norm: 2.6082 / Grad Diff: 1296.2233 / Time: 7.46s
======================================================================================================

= Test = round: 85 / acc: 85.430% / loss: 0.4676 / Time: 0.61s
======================================================================================================

round 85 local learning rate = 0.00011764705882352942

>>> Round:   86 / Acc: 83.465% / Loss: 0.5170 / Grad Norm: 2.4743 / Grad Diff: 1293.4842 / Time: 7.61s
======================================================================================================

round 86 local learning rate = 0.00011627906976744187

>>> Round:   87 / Acc: 83.485% / Loss: 0.5156 / Grad Norm: 2.4663 / Grad Diff: 1293.4900 / Time: 8.04s
======================================================================================================

round 87 local learning rate = 0.00011494252873563218

>>> Round:   88 / Acc: 83.520% / Loss: 0.5144 / Grad Norm: 2.4657 / Grad Diff: 1293.9591 / Time: 9.06s
======================================================================================================

round 88 local learning rate = 0.00011363636363636364

>>> Round:   89 / Acc: 83.561% / Loss: 0.5131 / Grad Norm: 2.4266 / Grad Diff: 1292.5649 / Time: 7.62s
======================================================================================================

round 89 local learning rate = 0.00011235955056179776

>>> Round:   90 / Acc: 83.631% / Loss: 0.5117 / Grad Norm: 2.4047 / Grad Diff: 1291.8357 / Time: 8.39s
======================================================================================================

= Test = round: 90 / acc: 85.680% / loss: 0.4613 / Time: 0.64s
======================================================================================================

round 90 local learning rate = 0.00011111111111111112

>>> Round:   91 / Acc: 83.655% / Loss: 0.5105 / Grad Norm: 2.4386 / Grad Diff: 1293.1063 / Time: 8.15s
======================================================================================================

round 91 local learning rate = 0.00010989010989010989

>>> Round:   92 / Acc: 83.732% / Loss: 0.5092 / Grad Norm: 2.4071 / Grad Diff: 1292.2479 / Time: 7.49s
======================================================================================================

round 92 local learning rate = 0.00010869565217391305

>>> Round:   93 / Acc: 83.751% / Loss: 0.5078 / Grad Norm: 2.3096 / Grad Diff: 1288.5960 / Time: 7.54s
======================================================================================================

round 93 local learning rate = 0.00010752688172043011

>>> Round:   94 / Acc: 83.788% / Loss: 0.5065 / Grad Norm: 2.2899 / Grad Diff: 1287.0906 / Time: 7.40s
======================================================================================================

round 94 local learning rate = 0.00010638297872340425

>>> Round:   95 / Acc: 83.875% / Loss: 0.5051 / Grad Norm: 2.1725 / Grad Diff: 1284.1529 / Time: 7.58s
======================================================================================================

= Test = round: 95 / acc: 85.910% / loss: 0.4553 / Time: 0.62s
======================================================================================================

round 95 local learning rate = 0.00010526315789473685

>>> Round:   96 / Acc: 83.891% / Loss: 0.5042 / Grad Norm: 2.2487 / Grad Diff: 1287.5952 / Time: 7.61s
======================================================================================================

round 96 local learning rate = 0.00010416666666666667

>>> Round:   97 / Acc: 83.917% / Loss: 0.5032 / Grad Norm: 2.3238 / Grad Diff: 1289.7109 / Time: 7.56s
======================================================================================================

round 97 local learning rate = 0.00010309278350515464

>>> Round:   98 / Acc: 83.924% / Loss: 0.5025 / Grad Norm: 2.4820 / Grad Diff: 1294.5507 / Time: 8.52s
======================================================================================================

round 98 local learning rate = 0.00010204081632653062

>>> Round:   99 / Acc: 83.970% / Loss: 0.5014 / Grad Norm: 2.4178 / Grad Diff: 1293.5673 / Time: 7.80s
======================================================================================================

round 99 local learning rate = 0.00010101010101010101

>>> Round:  100 / Acc: 84.033% / Loss: 0.5004 / Grad Norm: 2.5012 / Grad Diff: 1295.2160 / Time: 7.60s
======================================================================================================

= Test = round: 100 / acc: 86.000% / loss: 0.4510 / Time: 0.63s
======================================================================================================

round 100 local learning rate = 0.0001

>>> Round:  101 / Acc: 84.065% / Loss: 0.4993 / Grad Norm: 2.4456 / Grad Diff: 1293.4625 / Time: 8.23s
======================================================================================================

round 101 local learning rate = 9.900990099009902e-05

>>> Round:  102 / Acc: 84.092% / Loss: 0.4982 / Grad Norm: 2.4538 / Grad Diff: 1293.5635 / Time: 7.57s
======================================================================================================

round 102 local learning rate = 9.80392156862745e-05

>>> Round:  103 / Acc: 84.131% / Loss: 0.4970 / Grad Norm: 2.3643 / Grad Diff: 1290.9410 / Time: 7.69s
======================================================================================================

round 103 local learning rate = 9.70873786407767e-05

>>> Round:  104 / Acc: 84.149% / Loss: 0.4960 / Grad Norm: 2.3783 / Grad Diff: 1289.9616 / Time: 7.87s
======================================================================================================

round 104 local learning rate = 9.615384615384615e-05

>>> Round:  105 / Acc: 84.190% / Loss: 0.4949 / Grad Norm: 2.2649 / Grad Diff: 1287.3465 / Time: 7.70s
======================================================================================================

= Test = round: 105 / acc: 86.220% / loss: 0.4460 / Time: 0.63s
======================================================================================================

round 105 local learning rate = 9.523809523809524e-05

>>> Round:  106 / Acc: 84.256% / Loss: 0.4938 / Grad Norm: 2.2297 / Grad Diff: 1286.6030 / Time: 7.58s
======================================================================================================

round 106 local learning rate = 9.433962264150943e-05

>>> Round:  107 / Acc: 84.315% / Loss: 0.4929 / Grad Norm: 2.2554 / Grad Diff: 1287.2904 / Time: 7.49s
======================================================================================================

round 107 local learning rate = 9.345794392523364e-05

>>> Round:  108 / Acc: 84.330% / Loss: 0.4921 / Grad Norm: 2.3417 / Grad Diff: 1289.3146 / Time: 7.48s
======================================================================================================

round 108 local learning rate = 9.259259259259259e-05

>>> Round:  109 / Acc: 84.389% / Loss: 0.4909 / Grad Norm: 2.2629 / Grad Diff: 1285.9229 / Time: 7.62s
======================================================================================================

round 109 local learning rate = 9.174311926605505e-05

>>> Round:  110 / Acc: 84.413% / Loss: 0.4900 / Grad Norm: 2.2837 / Grad Diff: 1286.4549 / Time: 7.70s
======================================================================================================

= Test = round: 110 / acc: 86.340% / loss: 0.4418 / Time: 0.63s
======================================================================================================

round 110 local learning rate = 9.090909090909092e-05

>>> Round:  111 / Acc: 84.461% / Loss: 0.4891 / Grad Norm: 2.2336 / Grad Diff: 1284.2970 / Time: 6.98s
======================================================================================================

round 111 local learning rate = 9.009009009009009e-05

>>> Round:  112 / Acc: 84.493% / Loss: 0.4881 / Grad Norm: 2.2096 / Grad Diff: 1284.2038 / Time: 7.14s
======================================================================================================

round 112 local learning rate = 8.928571428571429e-05

>>> Round:  113 / Acc: 84.502% / Loss: 0.4873 / Grad Norm: 2.2227 / Grad Diff: 1284.6798 / Time: 7.62s
======================================================================================================

round 113 local learning rate = 8.849557522123894e-05

>>> Round:  114 / Acc: 84.520% / Loss: 0.4864 / Grad Norm: 2.2785 / Grad Diff: 1284.5861 / Time: 8.45s
======================================================================================================

round 114 local learning rate = 8.771929824561404e-05

>>> Round:  115 / Acc: 84.568% / Loss: 0.4853 / Grad Norm: 2.2205 / Grad Diff: 1283.3899 / Time: 7.63s
======================================================================================================

= Test = round: 115 / acc: 86.480% / loss: 0.4378 / Time: 0.61s
======================================================================================================

round 115 local learning rate = 8.695652173913044e-05

>>> Round:  116 / Acc: 84.590% / Loss: 0.4846 / Grad Norm: 2.2332 / Grad Diff: 1283.1897 / Time: 8.17s
======================================================================================================

round 116 local learning rate = 8.620689655172414e-05

>>> Round:  117 / Acc: 84.629% / Loss: 0.4837 / Grad Norm: 2.1667 / Grad Diff: 1280.8455 / Time: 9.28s
======================================================================================================

round 117 local learning rate = 8.547008547008547e-05

>>> Round:  118 / Acc: 84.637% / Loss: 0.4828 / Grad Norm: 2.1973 / Grad Diff: 1281.6612 / Time: 7.75s
======================================================================================================

round 118 local learning rate = 8.474576271186441e-05

>>> Round:  119 / Acc: 84.679% / Loss: 0.4819 / Grad Norm: 2.1500 / Grad Diff: 1279.5804 / Time: 7.71s
======================================================================================================

round 119 local learning rate = 8.403361344537815e-05

>>> Round:  120 / Acc: 84.712% / Loss: 0.4811 / Grad Norm: 2.1566 / Grad Diff: 1279.1709 / Time: 7.55s
======================================================================================================

= Test = round: 120 / acc: 86.530% / loss: 0.4339 / Time: 0.78s
======================================================================================================

round 120 local learning rate = 8.333333333333333e-05

>>> Round:  121 / Acc: 84.749% / Loss: 0.4802 / Grad Norm: 2.1183 / Grad Diff: 1277.5351 / Time: 7.61s
======================================================================================================

round 121 local learning rate = 8.264462809917356e-05

>>> Round:  122 / Acc: 84.788% / Loss: 0.4794 / Grad Norm: 2.1491 / Grad Diff: 1277.6662 / Time: 7.37s
======================================================================================================

round 122 local learning rate = 8.19672131147541e-05

>>> Round:  123 / Acc: 84.784% / Loss: 0.4787 / Grad Norm: 2.1631 / Grad Diff: 1279.3727 / Time: 9.46s
======================================================================================================

round 123 local learning rate = 8.130081300813008e-05

>>> Round:  124 / Acc: 84.814% / Loss: 0.4781 / Grad Norm: 2.2593 / Grad Diff: 1281.2821 / Time: 7.69s
======================================================================================================

round 124 local learning rate = 8.064516129032258e-05

>>> Round:  125 / Acc: 84.854% / Loss: 0.4772 / Grad Norm: 2.1528 / Grad Diff: 1278.2588 / Time: 7.59s
======================================================================================================

= Test = round: 125 / acc: 86.690% / loss: 0.4304 / Time: 0.62s
======================================================================================================

round 125 local learning rate = 8e-05

>>> Round:  126 / Acc: 84.871% / Loss: 0.4766 / Grad Norm: 2.2551 / Grad Diff: 1281.5647 / Time: 7.34s
======================================================================================================

round 126 local learning rate = 7.936507936507937e-05

>>> Round:  127 / Acc: 84.869% / Loss: 0.4760 / Grad Norm: 2.2688 / Grad Diff: 1282.2252 / Time: 8.02s
======================================================================================================

round 127 local learning rate = 7.874015748031496e-05

>>> Round:  128 / Acc: 84.934% / Loss: 0.4750 / Grad Norm: 2.1388 / Grad Diff: 1277.7624 / Time: 7.49s
======================================================================================================

round 128 local learning rate = 7.8125e-05

>>> Round:  129 / Acc: 84.959% / Loss: 0.4742 / Grad Norm: 2.1482 / Grad Diff: 1277.4467 / Time: 7.62s
======================================================================================================

round 129 local learning rate = 7.751937984496124e-05

>>> Round:  130 / Acc: 84.994% / Loss: 0.4733 / Grad Norm: 2.0847 / Grad Diff: 1274.0601 / Time: 7.60s
======================================================================================================

= Test = round: 130 / acc: 86.770% / loss: 0.4269 / Time: 0.63s
======================================================================================================

round 130 local learning rate = 7.692307692307693e-05

>>> Round:  131 / Acc: 85.011% / Loss: 0.4725 / Grad Norm: 2.0432 / Grad Diff: 1271.9916 / Time: 7.69s
======================================================================================================

round 131 local learning rate = 7.633587786259542e-05

>>> Round:  132 / Acc: 85.046% / Loss: 0.4718 / Grad Norm: 2.0295 / Grad Diff: 1272.8146 / Time: 7.43s
======================================================================================================

round 132 local learning rate = 7.575757575757576e-05

>>> Round:  133 / Acc: 85.074% / Loss: 0.4710 / Grad Norm: 1.9821 / Grad Diff: 1270.6978 / Time: 7.85s
======================================================================================================

round 133 local learning rate = 7.518796992481203e-05

>>> Round:  134 / Acc: 85.072% / Loss: 0.4705 / Grad Norm: 2.0578 / Grad Diff: 1273.2951 / Time: 7.00s
======================================================================================================

round 134 local learning rate = 7.462686567164179e-05

>>> Round:  135 / Acc: 85.129% / Loss: 0.4698 / Grad Norm: 2.0110 / Grad Diff: 1271.4248 / Time: 7.71s
======================================================================================================

= Test = round: 135 / acc: 86.910% / loss: 0.4238 / Time: 0.65s
======================================================================================================

round 135 local learning rate = 7.407407407407407e-05

>>> Round:  136 / Acc: 85.151% / Loss: 0.4691 / Grad Norm: 2.0718 / Grad Diff: 1271.5187 / Time: 7.74s
======================================================================================================

round 136 local learning rate = 7.352941176470589e-05

>>> Round:  137 / Acc: 85.148% / Loss: 0.4687 / Grad Norm: 2.2261 / Grad Diff: 1275.8627 / Time: 7.46s
======================================================================================================

round 137 local learning rate = 7.299270072992701e-05

>>> Round:  138 / Acc: 85.177% / Loss: 0.4677 / Grad Norm: 2.0489 / Grad Diff: 1270.6472 / Time: 7.49s
======================================================================================================

round 138 local learning rate = 7.246376811594203e-05

>>> Round:  139 / Acc: 85.208% / Loss: 0.4671 / Grad Norm: 2.0744 / Grad Diff: 1272.1077 / Time: 7.35s
======================================================================================================

round 139 local learning rate = 7.194244604316547e-05

>>> Round:  140 / Acc: 85.234% / Loss: 0.4665 / Grad Norm: 2.0741 / Grad Diff: 1272.1995 / Time: 8.30s
======================================================================================================

= Test = round: 140 / acc: 86.990% / loss: 0.4210 / Time: 0.66s
======================================================================================================

round 140 local learning rate = 7.142857142857143e-05

>>> Round:  141 / Acc: 85.255% / Loss: 0.4658 / Grad Norm: 2.0594 / Grad Diff: 1270.9082 / Time: 7.74s
======================================================================================================

round 141 local learning rate = 7.092198581560284e-05

>>> Round:  142 / Acc: 85.293% / Loss: 0.4650 / Grad Norm: 1.9934 / Grad Diff: 1268.0585 / Time: 7.48s
======================================================================================================

round 142 local learning rate = 7.042253521126761e-05

>>> Round:  143 / Acc: 85.304% / Loss: 0.4644 / Grad Norm: 1.9668 / Grad Diff: 1267.0301 / Time: 7.54s
======================================================================================================

round 143 local learning rate = 6.993006993006993e-05

>>> Round:  144 / Acc: 85.328% / Loss: 0.4639 / Grad Norm: 2.0044 / Grad Diff: 1267.1037 / Time: 7.57s
======================================================================================================

round 144 local learning rate = 6.944444444444444e-05

>>> Round:  145 / Acc: 85.358% / Loss: 0.4632 / Grad Norm: 2.0177 / Grad Diff: 1267.5058 / Time: 8.51s
======================================================================================================

= Test = round: 145 / acc: 87.030% / loss: 0.4180 / Time: 0.64s
======================================================================================================

round 145 local learning rate = 6.896551724137931e-05

>>> Round:  146 / Acc: 85.360% / Loss: 0.4626 / Grad Norm: 2.0180 / Grad Diff: 1267.8843 / Time: 7.66s
======================================================================================================

round 146 local learning rate = 6.84931506849315e-05

>>> Round:  147 / Acc: 85.371% / Loss: 0.4621 / Grad Norm: 2.1603 / Grad Diff: 1270.0033 / Time: 7.35s
======================================================================================================

round 147 local learning rate = 6.802721088435374e-05

>>> Round:  148 / Acc: 85.432% / Loss: 0.4614 / Grad Norm: 2.0134 / Grad Diff: 1265.8989 / Time: 7.37s
======================================================================================================

round 148 local learning rate = 6.756756756756757e-05

>>> Round:  149 / Acc: 85.434% / Loss: 0.4608 / Grad Norm: 2.0080 / Grad Diff: 1265.9792 / Time: 7.41s
======================================================================================================

round 149 local learning rate = 6.711409395973155e-05

>>> Round:  150 / Acc: 85.463% / Loss: 0.4601 / Grad Norm: 1.9365 / Grad Diff: 1264.0620 / Time: 8.71s
======================================================================================================

= Test = round: 150 / acc: 87.210% / loss: 0.4154 / Time: 0.63s
======================================================================================================

round 150 local learning rate = 6.666666666666667e-05

>>> Round:  151 / Acc: 85.504% / Loss: 0.4595 / Grad Norm: 1.9373 / Grad Diff: 1263.0524 / Time: 8.33s
======================================================================================================

round 151 local learning rate = 6.622516556291391e-05

>>> Round:  152 / Acc: 85.502% / Loss: 0.4591 / Grad Norm: 2.0227 / Grad Diff: 1265.8092 / Time: 7.74s
======================================================================================================

round 152 local learning rate = 6.578947368421052e-05

>>> Round:  153 / Acc: 85.530% / Loss: 0.4585 / Grad Norm: 2.0136 / Grad Diff: 1265.5558 / Time: 6.94s
======================================================================================================

round 153 local learning rate = 6.535947712418301e-05

>>> Round:  154 / Acc: 85.565% / Loss: 0.4578 / Grad Norm: 1.9063 / Grad Diff: 1262.6537 / Time: 7.54s
======================================================================================================

round 154 local learning rate = 6.493506493506494e-05

>>> Round:  155 / Acc: 85.577% / Loss: 0.4573 / Grad Norm: 1.9113 / Grad Diff: 1262.5668 / Time: 7.73s
======================================================================================================

= Test = round: 155 / acc: 87.270% / loss: 0.4130 / Time: 0.61s
======================================================================================================

round 155 local learning rate = 6.451612903225807e-05

>>> Round:  156 / Acc: 85.585% / Loss: 0.4569 / Grad Norm: 1.9793 / Grad Diff: 1264.0270 / Time: 7.56s
======================================================================================================

round 156 local learning rate = 6.41025641025641e-05

>>> Round:  157 / Acc: 85.596% / Loss: 0.4564 / Grad Norm: 2.0226 / Grad Diff: 1264.4491 / Time: 6.85s
======================================================================================================

round 157 local learning rate = 6.369426751592357e-05

>>> Round:  158 / Acc: 85.609% / Loss: 0.4558 / Grad Norm: 2.0380 / Grad Diff: 1264.5289 / Time: 7.45s
======================================================================================================

round 158 local learning rate = 6.329113924050633e-05

>>> Round:  159 / Acc: 85.644% / Loss: 0.4552 / Grad Norm: 2.0227 / Grad Diff: 1263.3211 / Time: 7.74s
======================================================================================================

round 159 local learning rate = 6.289308176100629e-05

>>> Round:  160 / Acc: 85.635% / Loss: 0.4547 / Grad Norm: 2.0356 / Grad Diff: 1262.6328 / Time: 7.58s
======================================================================================================

= Test = round: 160 / acc: 87.350% / loss: 0.4106 / Time: 0.63s
======================================================================================================

round 160 local learning rate = 6.25e-05

>>> Round:  161 / Acc: 85.653% / Loss: 0.4540 / Grad Norm: 1.9856 / Grad Diff: 1261.3138 / Time: 7.70s
======================================================================================================

round 161 local learning rate = 6.211180124223603e-05

>>> Round:  162 / Acc: 85.662% / Loss: 0.4535 / Grad Norm: 1.9821 / Grad Diff: 1259.8829 / Time: 8.58s
======================================================================================================

round 162 local learning rate = 6.17283950617284e-05

>>> Round:  163 / Acc: 85.703% / Loss: 0.4529 / Grad Norm: 1.9686 / Grad Diff: 1259.2345 / Time: 7.54s
======================================================================================================

round 163 local learning rate = 6.134969325153375e-05

>>> Round:  164 / Acc: 85.749% / Loss: 0.4524 / Grad Norm: 2.0049 / Grad Diff: 1259.6869 / Time: 8.67s
======================================================================================================

round 164 local learning rate = 6.097560975609756e-05

>>> Round:  165 / Acc: 85.771% / Loss: 0.4519 / Grad Norm: 1.8914 / Grad Diff: 1257.9839 / Time: 7.42s
======================================================================================================

= Test = round: 165 / acc: 87.360% / loss: 0.4082 / Time: 0.63s
======================================================================================================

round 165 local learning rate = 6.0606060606060605e-05

>>> Round:  166 / Acc: 85.769% / Loss: 0.4514 / Grad Norm: 1.9000 / Grad Diff: 1258.0245 / Time: 7.34s
======================================================================================================

round 166 local learning rate = 6.024096385542169e-05

>>> Round:  167 / Acc: 85.782% / Loss: 0.4510 / Grad Norm: 1.9522 / Grad Diff: 1258.5901 / Time: 7.87s
======================================================================================================

round 167 local learning rate = 5.988023952095808e-05

>>> Round:  168 / Acc: 85.771% / Loss: 0.4505 / Grad Norm: 1.9484 / Grad Diff: 1258.7672 / Time: 7.88s
======================================================================================================

round 168 local learning rate = 5.9523809523809524e-05

>>> Round:  169 / Acc: 85.808% / Loss: 0.4499 / Grad Norm: 1.8960 / Grad Diff: 1256.7284 / Time: 7.45s
======================================================================================================

round 169 local learning rate = 5.9171597633136094e-05

>>> Round:  170 / Acc: 85.856% / Loss: 0.4493 / Grad Norm: 1.8492 / Grad Diff: 1254.3059 / Time: 7.60s
======================================================================================================

= Test = round: 170 / acc: 87.400% / loss: 0.4059 / Time: 0.62s
======================================================================================================

round 170 local learning rate = 5.882352941176471e-05

>>> Round:  171 / Acc: 85.862% / Loss: 0.4487 / Grad Norm: 1.7943 / Grad Diff: 1252.7349 / Time: 7.64s
======================================================================================================

round 171 local learning rate = 5.847953216374269e-05

>>> Round:  172 / Acc: 85.882% / Loss: 0.4482 / Grad Norm: 1.8265 / Grad Diff: 1252.5216 / Time: 7.64s
======================================================================================================

round 172 local learning rate = 5.8139534883720933e-05

>>> Round:  173 / Acc: 85.893% / Loss: 0.4478 / Grad Norm: 1.8605 / Grad Diff: 1253.1248 / Time: 7.33s
======================================================================================================

round 173 local learning rate = 5.7803468208092484e-05

>>> Round:  174 / Acc: 85.913% / Loss: 0.4473 / Grad Norm: 1.8634 / Grad Diff: 1252.3433 / Time: 7.16s
======================================================================================================

round 174 local learning rate = 5.747126436781609e-05

>>> Round:  175 / Acc: 85.924% / Loss: 0.4468 / Grad Norm: 1.8231 / Grad Diff: 1250.9670 / Time: 8.48s
======================================================================================================

= Test = round: 175 / acc: 87.500% / loss: 0.4036 / Time: 0.64s
======================================================================================================

round 175 local learning rate = 5.714285714285714e-05

>>> Round:  176 / Acc: 85.923% / Loss: 0.4465 / Grad Norm: 1.8937 / Grad Diff: 1252.2999 / Time: 8.15s
======================================================================================================

round 176 local learning rate = 5.681818181818182e-05

>>> Round:  177 / Acc: 85.980% / Loss: 0.4459 / Grad Norm: 1.8441 / Grad Diff: 1251.1642 / Time: 7.30s
======================================================================================================

round 177 local learning rate = 5.649717514124294e-05

>>> Round:  178 / Acc: 85.980% / Loss: 0.4454 / Grad Norm: 1.8202 / Grad Diff: 1249.9873 / Time: 7.48s
======================================================================================================

round 178 local learning rate = 5.617977528089888e-05

>>> Round:  179 / Acc: 85.976% / Loss: 0.4451 / Grad Norm: 1.8977 / Grad Diff: 1251.8568 / Time: 7.53s
======================================================================================================

round 179 local learning rate = 5.58659217877095e-05

>>> Round:  180 / Acc: 85.989% / Loss: 0.4446 / Grad Norm: 1.9154 / Grad Diff: 1250.3159 / Time: 7.38s
======================================================================================================

= Test = round: 180 / acc: 87.520% / loss: 0.4018 / Time: 0.62s
======================================================================================================

round 180 local learning rate = 5.555555555555556e-05

>>> Round:  181 / Acc: 86.007% / Loss: 0.4441 / Grad Norm: 1.9132 / Grad Diff: 1249.1438 / Time: 7.65s
======================================================================================================

round 181 local learning rate = 5.524861878453039e-05

>>> Round:  182 / Acc: 86.028% / Loss: 0.4436 / Grad Norm: 1.8226 / Grad Diff: 1246.6346 / Time: 7.46s
======================================================================================================

round 182 local learning rate = 5.4945054945054945e-05

>>> Round:  183 / Acc: 86.063% / Loss: 0.4431 / Grad Norm: 1.7969 / Grad Diff: 1246.3040 / Time: 7.55s
======================================================================================================

round 183 local learning rate = 5.46448087431694e-05

>>> Round:  184 / Acc: 86.120% / Loss: 0.4426 / Grad Norm: 1.7455 / Grad Diff: 1244.9814 / Time: 8.05s
======================================================================================================

round 184 local learning rate = 5.4347826086956524e-05

>>> Round:  185 / Acc: 86.105% / Loss: 0.4422 / Grad Norm: 1.8068 / Grad Diff: 1246.2424 / Time: 7.55s
======================================================================================================

= Test = round: 185 / acc: 87.680% / loss: 0.3996 / Time: 0.60s
======================================================================================================

round 185 local learning rate = 5.4054054054054054e-05

>>> Round:  186 / Acc: 86.089% / Loss: 0.4419 / Grad Norm: 1.8587 / Grad Diff: 1247.2826 / Time: 7.44s
======================================================================================================

round 186 local learning rate = 5.3763440860215054e-05

>>> Round:  187 / Acc: 86.100% / Loss: 0.4414 / Grad Norm: 1.8194 / Grad Diff: 1245.7522 / Time: 7.47s
======================================================================================================

round 187 local learning rate = 5.347593582887701e-05

>>> Round:  188 / Acc: 86.113% / Loss: 0.4411 / Grad Norm: 1.8606 / Grad Diff: 1246.2700 / Time: 7.54s
======================================================================================================

round 188 local learning rate = 5.319148936170213e-05

>>> Round:  189 / Acc: 86.129% / Loss: 0.4405 / Grad Norm: 1.7813 / Grad Diff: 1243.1235 / Time: 7.50s
======================================================================================================

round 189 local learning rate = 5.291005291005291e-05

>>> Round:  190 / Acc: 86.131% / Loss: 0.4401 / Grad Norm: 1.7764 / Grad Diff: 1242.6557 / Time: 7.26s
======================================================================================================

= Test = round: 190 / acc: 87.730% / loss: 0.3977 / Time: 0.62s
======================================================================================================

round 190 local learning rate = 5.2631578947368424e-05

>>> Round:  191 / Acc: 86.151% / Loss: 0.4398 / Grad Norm: 1.8629 / Grad Diff: 1244.6692 / Time: 7.46s
======================================================================================================

round 191 local learning rate = 5.2356020942408376e-05

>>> Round:  192 / Acc: 86.181% / Loss: 0.4393 / Grad Norm: 1.7974 / Grad Diff: 1242.2086 / Time: 7.64s
======================================================================================================

round 192 local learning rate = 5.208333333333334e-05

>>> Round:  193 / Acc: 86.168% / Loss: 0.4389 / Grad Norm: 1.9011 / Grad Diff: 1244.1278 / Time: 7.47s
======================================================================================================

round 193 local learning rate = 5.1813471502590674e-05

>>> Round:  194 / Acc: 86.210% / Loss: 0.4385 / Grad Norm: 1.8290 / Grad Diff: 1242.7894 / Time: 7.73s
======================================================================================================

round 194 local learning rate = 5.154639175257732e-05

>>> Round:  195 / Acc: 86.190% / Loss: 0.4382 / Grad Norm: 1.9234 / Grad Diff: 1244.9334 / Time: 7.45s
======================================================================================================

= Test = round: 195 / acc: 87.750% / loss: 0.3960 / Time: 0.62s
======================================================================================================

round 195 local learning rate = 5.1282051282051286e-05

>>> Round:  196 / Acc: 86.236% / Loss: 0.4378 / Grad Norm: 1.8779 / Grad Diff: 1243.1406 / Time: 7.13s
======================================================================================================

round 196 local learning rate = 5.102040816326531e-05

>>> Round:  197 / Acc: 86.273% / Loss: 0.4373 / Grad Norm: 1.8337 / Grad Diff: 1241.5777 / Time: 7.17s
======================================================================================================

round 197 local learning rate = 5.076142131979695e-05

>>> Round:  198 / Acc: 86.266% / Loss: 0.4369 / Grad Norm: 1.8036 / Grad Diff: 1240.4462 / Time: 7.46s
======================================================================================================

round 198 local learning rate = 5.0505050505050505e-05

>>> Round:  199 / Acc: 86.264% / Loss: 0.4364 / Grad Norm: 1.7798 / Grad Diff: 1239.3231 / Time: 7.37s
======================================================================================================

round 199 local learning rate = 5.0251256281407036e-05

>>> Round:  200 / Acc: 86.295% / Loss: 0.4361 / Grad Norm: 1.8271 / Grad Diff: 1239.8790 / Time: 7.34s
======================================================================================================

= Test = round: 200 / acc: 87.820% / loss: 0.3942 / Time: 0.60s
======================================================================================================

