nohup: ignoring input
Using device: cuda:0
>>> Arguments:
	             algo : fedavgtl
	            alpha : 51871.0
	       batch_size : 32
	clients_per_round : 100
	          dataset : mnist_all_data_1_equal_niid
	           device : cuda:0
	              dis : 
	   early_stopping : 20
	       eval_every : 5
	    ft_batch_size : 128
	       ft_dataset : mnist-m
	        ft_epochs : 2
	            ft_lr : 0.01
	            ft_wd : 0.0
	              gpu : True
	      input_shape : (1, 28, 28)
	           last_k : 2
	               lr : 0.01
	            model : lenet
	           n_init : 5
	        noaverage : False
	          noprint : False
	        num_class : 10
	        num_epoch : 1
	        num_round : 200
	           opt_lr : False
	            reg_J : True
	       reg_J_coef : 0.0001
	             seed : 0
	               wd : 0.0
>>> Read data from:
     ./data/mnist/data/all_data_1.pkl
>>> The estimate of constant alpha is 51871.0.
>>> Read data from:
     ./data/mnist/data/train/all_data_1_equal_niid.pkl
     ./data/mnist/data/test/all_data_1_equal_niid.pkl
>>> Use gpu on device cuda:0
>>> Model statistic per layer
LeNet_MNIST(
  286.12 KMac, 100.000% MACs, 
  (conv1): Conv2d(89.856 KMac, 31.405% MACs, 1, 6, kernel_size=(5, 5), stride=(1, 1))
  (conv2): Conv2d(154.624 KMac, 54.042% MACs, 6, 16, kernel_size=(5, 5), stride=(1, 1))
  (fc1): Linear(30.72 KMac, 10.737% MACs, in_features=256, out_features=120, bias=True)
  (fc2): Linear(10.08 KMac, 3.523% MACs, in_features=120, out_features=84, bias=True)
  (fc3): Linear(840.0 Mac, 0.294% MACs, in_features=84, out_features=10, bias=True)
)
>>> Activate a worker for training
>>> Initialize 100 clients in total
>>> Weigh updates by simple average
>>> Select 100 clients per round 


>>> Round:    0 / Acc: 5.838% / Loss: 10.2782 / Grad Norm: 162.0942 / Grad Diff: 39499.7824 / Time: 8.00s
======================================================================================================

= Test = round: 0 / acc: 5.740% / loss: 9.9543 / Time: 0.63s
======================================================================================================

round 0 local learning rate = 0.01

>>> Round:    1 / Acc: 12.050% / Loss: 2.3689 / Grad Norm: 2.5753 / Grad Diff: 88.0480 / Time: 7.76s
======================================================================================================

round 1 local learning rate = 0.01

>>> Round:    2 / Acc: 24.297% / Loss: 2.1413 / Grad Norm: 3.5368 / Grad Diff: 165.5870 / Time: 7.30s
======================================================================================================

round 2 local learning rate = 0.005

>>> Round:    3 / Acc: 41.188% / Loss: 1.7741 / Grad Norm: 5.7917 / Grad Diff: 535.8930 / Time: 7.61s
======================================================================================================

round 3 local learning rate = 0.0033333333333333335

>>> Round:    4 / Acc: 53.413% / Loss: 1.4806 / Grad Norm: 5.9359 / Grad Diff: 781.3083 / Time: 7.58s
======================================================================================================

round 4 local learning rate = 0.0025

>>> Round:    5 / Acc: 60.072% / Loss: 1.2847 / Grad Norm: 5.6273 / Grad Diff: 895.8531 / Time: 8.53s
======================================================================================================

= Test = round: 5 / acc: 61.320% / loss: 1.2461 / Time: 0.60s
======================================================================================================

round 5 local learning rate = 0.002

>>> Round:    6 / Acc: 64.458% / Loss: 1.1442 / Grad Norm: 5.1827 / Grad Diff: 948.4430 / Time: 7.56s
======================================================================================================

round 6 local learning rate = 0.0016666666666666668

>>> Round:    7 / Acc: 67.515% / Loss: 1.0440 / Grad Norm: 4.8040 / Grad Diff: 966.0942 / Time: 7.46s
======================================================================================================

round 7 local learning rate = 0.0014285714285714286

>>> Round:    8 / Acc: 69.649% / Loss: 0.9695 / Grad Norm: 4.4886 / Grad Diff: 972.1970 / Time: 7.67s
======================================================================================================

round 8 local learning rate = 0.00125

>>> Round:    9 / Acc: 71.465% / Loss: 0.9115 / Grad Norm: 4.2505 / Grad Diff: 966.0432 / Time: 7.59s
======================================================================================================

round 9 local learning rate = 0.0011111111111111111

>>> Round:   10 / Acc: 72.832% / Loss: 0.8644 / Grad Norm: 4.0135 / Grad Diff: 957.9126 / Time: 7.60s
======================================================================================================

= Test = round: 10 / acc: 74.860% / loss: 0.8181 / Time: 0.63s
======================================================================================================

round 10 local learning rate = 0.001

>>> Round:   11 / Acc: 73.976% / Loss: 0.8253 / Grad Norm: 3.8087 / Grad Diff: 949.3758 / Time: 7.63s
======================================================================================================

round 11 local learning rate = 0.0009090909090909091

>>> Round:   12 / Acc: 74.965% / Loss: 0.7924 / Grad Norm: 3.6614 / Grad Diff: 941.2476 / Time: 7.57s
======================================================================================================

round 12 local learning rate = 0.0008333333333333334

>>> Round:   13 / Acc: 75.836% / Loss: 0.7641 / Grad Norm: 3.5632 / Grad Diff: 931.9567 / Time: 7.51s
======================================================================================================

round 13 local learning rate = 0.0007692307692307692

>>> Round:   14 / Acc: 76.574% / Loss: 0.7394 / Grad Norm: 3.3851 / Grad Diff: 922.3139 / Time: 7.54s
======================================================================================================

round 14 local learning rate = 0.0007142857142857143

>>> Round:   15 / Acc: 77.197% / Loss: 0.7181 / Grad Norm: 3.2775 / Grad Diff: 913.4433 / Time: 7.88s
======================================================================================================

= Test = round: 15 / acc: 79.130% / loss: 0.6719 / Time: 0.63s
======================================================================================================

round 15 local learning rate = 0.0006666666666666666

>>> Round:   16 / Acc: 77.771% / Loss: 0.6992 / Grad Norm: 3.2329 / Grad Diff: 904.6153 / Time: 7.81s
======================================================================================================

round 16 local learning rate = 0.000625

>>> Round:   17 / Acc: 78.256% / Loss: 0.6818 / Grad Norm: 3.1156 / Grad Diff: 894.0309 / Time: 7.03s
======================================================================================================

round 17 local learning rate = 0.0005882352941176471

>>> Round:   18 / Acc: 78.795% / Loss: 0.6662 / Grad Norm: 3.0289 / Grad Diff: 885.6470 / Time: 7.39s
======================================================================================================

round 18 local learning rate = 0.0005555555555555556

>>> Round:   19 / Acc: 79.245% / Loss: 0.6521 / Grad Norm: 2.9645 / Grad Diff: 877.3976 / Time: 8.41s
======================================================================================================

round 19 local learning rate = 0.0005263157894736842

>>> Round:   20 / Acc: 79.579% / Loss: 0.6396 / Grad Norm: 2.8992 / Grad Diff: 872.6573 / Time: 7.57s
======================================================================================================

= Test = round: 20 / acc: 81.580% / loss: 0.5926 / Time: 0.63s
======================================================================================================

round 20 local learning rate = 0.0005

>>> Round:   21 / Acc: 79.884% / Loss: 0.6277 / Grad Norm: 2.8322 / Grad Diff: 864.9012 / Time: 7.84s
======================================================================================================

round 21 local learning rate = 0.0004761904761904762

>>> Round:   22 / Acc: 80.288% / Loss: 0.6167 / Grad Norm: 2.7610 / Grad Diff: 858.4180 / Time: 7.66s
======================================================================================================

round 22 local learning rate = 0.00045454545454545455

>>> Round:   23 / Acc: 80.609% / Loss: 0.6069 / Grad Norm: 2.7562 / Grad Diff: 851.4528 / Time: 7.93s
======================================================================================================

round 23 local learning rate = 0.0004347826086956522

>>> Round:   24 / Acc: 80.899% / Loss: 0.5978 / Grad Norm: 2.7569 / Grad Diff: 846.2999 / Time: 7.56s
======================================================================================================

round 24 local learning rate = 0.0004166666666666667

>>> Round:   25 / Acc: 81.170% / Loss: 0.5891 / Grad Norm: 2.6780 / Grad Diff: 840.6006 / Time: 7.63s
======================================================================================================

= Test = round: 25 / acc: 82.860% / loss: 0.5421 / Time: 0.79s
======================================================================================================

round 25 local learning rate = 0.0004

>>> Round:   26 / Acc: 81.397% / Loss: 0.5810 / Grad Norm: 2.6260 / Grad Diff: 834.8328 / Time: 7.95s
======================================================================================================

round 26 local learning rate = 0.0003846153846153846

>>> Round:   27 / Acc: 81.648% / Loss: 0.5732 / Grad Norm: 2.5854 / Grad Diff: 829.8671 / Time: 7.49s
======================================================================================================

round 27 local learning rate = 0.00037037037037037035

>>> Round:   28 / Acc: 81.939% / Loss: 0.5656 / Grad Norm: 2.4667 / Grad Diff: 823.5828 / Time: 7.66s
======================================================================================================

round 28 local learning rate = 0.00035714285714285714

>>> Round:   29 / Acc: 82.070% / Loss: 0.5592 / Grad Norm: 2.5816 / Grad Diff: 819.0028 / Time: 7.80s
======================================================================================================

round 29 local learning rate = 0.0003448275862068966

>>> Round:   30 / Acc: 82.330% / Loss: 0.5526 / Grad Norm: 2.4643 / Grad Diff: 812.7766 / Time: 7.69s
======================================================================================================

= Test = round: 30 / acc: 84.110% / loss: 0.5063 / Time: 0.62s
======================================================================================================

round 30 local learning rate = 0.0003333333333333333

>>> Round:   31 / Acc: 82.552% / Loss: 0.5463 / Grad Norm: 2.3990 / Grad Diff: 807.3869 / Time: 7.64s
======================================================================================================

round 31 local learning rate = 0.0003225806451612903

>>> Round:   32 / Acc: 82.727% / Loss: 0.5410 / Grad Norm: 2.4133 / Grad Diff: 802.5855 / Time: 7.93s
======================================================================================================

round 32 local learning rate = 0.0003125

>>> Round:   33 / Acc: 82.913% / Loss: 0.5354 / Grad Norm: 2.3703 / Grad Diff: 797.9632 / Time: 7.59s
======================================================================================================

round 33 local learning rate = 0.00030303030303030303

>>> Round:   34 / Acc: 83.096% / Loss: 0.5301 / Grad Norm: 2.3330 / Grad Diff: 793.8666 / Time: 6.99s
======================================================================================================

round 34 local learning rate = 0.00029411764705882356

>>> Round:   35 / Acc: 83.279% / Loss: 0.5252 / Grad Norm: 2.2776 / Grad Diff: 789.7785 / Time: 7.52s
======================================================================================================

= Test = round: 35 / acc: 85.040% / loss: 0.4794 / Time: 0.64s
======================================================================================================

round 35 local learning rate = 0.00028571428571428574

>>> Round:   36 / Acc: 83.470% / Loss: 0.5205 / Grad Norm: 2.2604 / Grad Diff: 785.2043 / Time: 7.56s
======================================================================================================

round 36 local learning rate = 0.0002777777777777778

>>> Round:   37 / Acc: 83.625% / Loss: 0.5160 / Grad Norm: 2.2468 / Grad Diff: 781.8803 / Time: 7.66s
======================================================================================================

round 37 local learning rate = 0.0002702702702702703

>>> Round:   38 / Acc: 83.766% / Loss: 0.5116 / Grad Norm: 2.2475 / Grad Diff: 777.3617 / Time: 7.52s
======================================================================================================

round 38 local learning rate = 0.0002631578947368421

>>> Round:   39 / Acc: 83.908% / Loss: 0.5073 / Grad Norm: 2.1891 / Grad Diff: 773.8489 / Time: 6.79s
======================================================================================================

round 39 local learning rate = 0.0002564102564102564

>>> Round:   40 / Acc: 84.013% / Loss: 0.5030 / Grad Norm: 2.0829 / Grad Diff: 768.1046 / Time: 6.79s
======================================================================================================

= Test = round: 40 / acc: 85.810% / loss: 0.4575 / Time: 0.81s
======================================================================================================

round 40 local learning rate = 0.00025

>>> Round:   41 / Acc: 84.168% / Loss: 0.4993 / Grad Norm: 2.0906 / Grad Diff: 764.5202 / Time: 8.68s
======================================================================================================

round 41 local learning rate = 0.00024390243902439024

>>> Round:   42 / Acc: 84.293% / Loss: 0.4955 / Grad Norm: 2.0371 / Grad Diff: 760.7248 / Time: 8.06s
======================================================================================================

round 42 local learning rate = 0.0002380952380952381

>>> Round:   43 / Acc: 84.365% / Loss: 0.4921 / Grad Norm: 2.0953 / Grad Diff: 757.8084 / Time: 7.73s
======================================================================================================

round 43 local learning rate = 0.00023255813953488373

>>> Round:   44 / Acc: 84.446% / Loss: 0.4887 / Grad Norm: 2.0262 / Grad Diff: 754.6987 / Time: 7.51s
======================================================================================================

round 44 local learning rate = 0.00022727272727272727

>>> Round:   45 / Acc: 84.542% / Loss: 0.4855 / Grad Norm: 2.0289 / Grad Diff: 751.8475 / Time: 7.59s
======================================================================================================

= Test = round: 45 / acc: 86.410% / loss: 0.4404 / Time: 0.65s
======================================================================================================

round 45 local learning rate = 0.00022222222222222223

>>> Round:   46 / Acc: 84.668% / Loss: 0.4823 / Grad Norm: 2.0144 / Grad Diff: 748.6657 / Time: 7.55s
======================================================================================================

round 46 local learning rate = 0.0002173913043478261

>>> Round:   47 / Acc: 84.773% / Loss: 0.4793 / Grad Norm: 2.0164 / Grad Diff: 745.5694 / Time: 6.96s
======================================================================================================

round 47 local learning rate = 0.0002127659574468085

>>> Round:   48 / Acc: 84.834% / Loss: 0.4761 / Grad Norm: 1.9259 / Grad Diff: 741.7942 / Time: 7.48s
======================================================================================================

round 48 local learning rate = 0.00020833333333333335

>>> Round:   49 / Acc: 84.985% / Loss: 0.4732 / Grad Norm: 1.8793 / Grad Diff: 738.4453 / Time: 7.36s
======================================================================================================

round 49 local learning rate = 0.00020408163265306123

>>> Round:   50 / Acc: 85.042% / Loss: 0.4705 / Grad Norm: 1.8940 / Grad Diff: 736.7635 / Time: 7.60s
======================================================================================================

= Test = round: 50 / acc: 86.840% / loss: 0.4257 / Time: 0.61s
======================================================================================================

round 50 local learning rate = 0.0002

>>> Round:   51 / Acc: 85.138% / Loss: 0.4679 / Grad Norm: 1.9242 / Grad Diff: 734.2097 / Time: 7.58s
======================================================================================================

round 51 local learning rate = 0.000196078431372549

>>> Round:   52 / Acc: 85.203% / Loss: 0.4654 / Grad Norm: 1.9432 / Grad Diff: 732.1766 / Time: 8.03s
======================================================================================================

round 52 local learning rate = 0.0001923076923076923

>>> Round:   53 / Acc: 85.288% / Loss: 0.4628 / Grad Norm: 1.9466 / Grad Diff: 729.5212 / Time: 8.19s
======================================================================================================

round 53 local learning rate = 0.00018867924528301886

>>> Round:   54 / Acc: 85.389% / Loss: 0.4603 / Grad Norm: 1.9319 / Grad Diff: 726.0362 / Time: 8.07s
======================================================================================================

round 54 local learning rate = 0.00018518518518518518

>>> Round:   55 / Acc: 85.461% / Loss: 0.4579 / Grad Norm: 1.9279 / Grad Diff: 723.3020 / Time: 7.99s
======================================================================================================

= Test = round: 55 / acc: 87.220% / loss: 0.4135 / Time: 0.64s
======================================================================================================

round 55 local learning rate = 0.00018181818181818183

>>> Round:   56 / Acc: 85.581% / Loss: 0.4554 / Grad Norm: 1.8336 / Grad Diff: 720.1856 / Time: 7.91s
======================================================================================================

round 56 local learning rate = 0.00017857142857142857

>>> Round:   57 / Acc: 85.675% / Loss: 0.4532 / Grad Norm: 1.8164 / Grad Diff: 717.9834 / Time: 7.59s
======================================================================================================

round 57 local learning rate = 0.00017543859649122808

>>> Round:   58 / Acc: 85.731% / Loss: 0.4510 / Grad Norm: 1.8066 / Grad Diff: 716.2578 / Time: 7.96s
======================================================================================================

round 58 local learning rate = 0.0001724137931034483

>>> Round:   59 / Acc: 85.808% / Loss: 0.4491 / Grad Norm: 1.8443 / Grad Diff: 714.5134 / Time: 7.27s
======================================================================================================

round 59 local learning rate = 0.00016949152542372882

>>> Round:   60 / Acc: 85.889% / Loss: 0.4469 / Grad Norm: 1.8005 / Grad Diff: 711.2872 / Time: 9.08s
======================================================================================================

= Test = round: 60 / acc: 87.490% / loss: 0.4029 / Time: 0.63s
======================================================================================================

round 60 local learning rate = 0.00016666666666666666

>>> Round:   61 / Acc: 85.961% / Loss: 0.4451 / Grad Norm: 1.8077 / Grad Diff: 709.7914 / Time: 7.59s
======================================================================================================

round 61 local learning rate = 0.0001639344262295082

>>> Round:   62 / Acc: 86.020% / Loss: 0.4431 / Grad Norm: 1.8319 / Grad Diff: 707.5017 / Time: 7.55s
======================================================================================================

round 62 local learning rate = 0.00016129032258064516

>>> Round:   63 / Acc: 86.076% / Loss: 0.4412 / Grad Norm: 1.8266 / Grad Diff: 705.0506 / Time: 7.50s
======================================================================================================

round 63 local learning rate = 0.00015873015873015873

>>> Round:   64 / Acc: 86.124% / Loss: 0.4394 / Grad Norm: 1.8229 / Grad Diff: 703.4961 / Time: 7.81s
======================================================================================================

round 64 local learning rate = 0.00015625

>>> Round:   65 / Acc: 86.197% / Loss: 0.4375 / Grad Norm: 1.7865 / Grad Diff: 701.2533 / Time: 7.04s
======================================================================================================

= Test = round: 65 / acc: 87.780% / loss: 0.3937 / Time: 0.60s
======================================================================================================

round 65 local learning rate = 0.00015384615384615385

>>> Round:   66 / Acc: 86.260% / Loss: 0.4357 / Grad Norm: 1.7976 / Grad Diff: 699.9813 / Time: 7.58s
======================================================================================================

round 66 local learning rate = 0.00015151515151515152

>>> Round:   67 / Acc: 86.301% / Loss: 0.4338 / Grad Norm: 1.6977 / Grad Diff: 696.6719 / Time: 7.45s
======================================================================================================

round 67 local learning rate = 0.00014925373134328358

>>> Round:   68 / Acc: 86.338% / Loss: 0.4321 / Grad Norm: 1.6940 / Grad Diff: 694.7755 / Time: 7.65s
======================================================================================================

round 68 local learning rate = 0.00014705882352941178

>>> Round:   69 / Acc: 86.402% / Loss: 0.4304 / Grad Norm: 1.6534 / Grad Diff: 692.2271 / Time: 7.47s
======================================================================================================

round 69 local learning rate = 0.00014492753623188405

>>> Round:   70 / Acc: 86.461% / Loss: 0.4287 / Grad Norm: 1.6399 / Grad Diff: 689.7965 / Time: 7.18s
======================================================================================================

= Test = round: 70 / acc: 88.010% / loss: 0.3850 / Time: 0.62s
======================================================================================================

round 70 local learning rate = 0.00014285714285714287

>>> Round:   71 / Acc: 86.485% / Loss: 0.4270 / Grad Norm: 1.6121 / Grad Diff: 686.8044 / Time: 7.29s
======================================================================================================

round 71 local learning rate = 0.00014084507042253522

>>> Round:   72 / Acc: 86.570% / Loss: 0.4255 / Grad Norm: 1.6428 / Grad Diff: 684.8757 / Time: 7.43s
======================================================================================================

round 72 local learning rate = 0.0001388888888888889

>>> Round:   73 / Acc: 86.600% / Loss: 0.4240 / Grad Norm: 1.6313 / Grad Diff: 683.5500 / Time: 7.63s
======================================================================================================

round 73 local learning rate = 0.000136986301369863

>>> Round:   74 / Acc: 86.651% / Loss: 0.4226 / Grad Norm: 1.6736 / Grad Diff: 682.6094 / Time: 7.71s
======================================================================================================

round 74 local learning rate = 0.00013513513513513514

>>> Round:   75 / Acc: 86.710% / Loss: 0.4211 / Grad Norm: 1.6871 / Grad Diff: 680.6557 / Time: 7.54s
======================================================================================================

= Test = round: 75 / acc: 88.280% / loss: 0.3776 / Time: 0.64s
======================================================================================================

round 75 local learning rate = 0.00013333333333333334

>>> Round:   76 / Acc: 86.762% / Loss: 0.4196 / Grad Norm: 1.6464 / Grad Diff: 678.7950 / Time: 7.53s
======================================================================================================

round 76 local learning rate = 0.00013157894736842105

>>> Round:   77 / Acc: 86.804% / Loss: 0.4181 / Grad Norm: 1.5632 / Grad Diff: 675.8844 / Time: 7.45s
======================================================================================================

round 77 local learning rate = 0.00012987012987012987

>>> Round:   78 / Acc: 86.880% / Loss: 0.4168 / Grad Norm: 1.5762 / Grad Diff: 675.1985 / Time: 7.65s
======================================================================================================

round 78 local learning rate = 0.0001282051282051282

>>> Round:   79 / Acc: 86.913% / Loss: 0.4154 / Grad Norm: 1.5689 / Grad Diff: 673.0648 / Time: 7.54s
======================================================================================================

round 79 local learning rate = 0.00012658227848101267

>>> Round:   80 / Acc: 86.961% / Loss: 0.4141 / Grad Norm: 1.5783 / Grad Diff: 671.8766 / Time: 7.54s
======================================================================================================

= Test = round: 80 / acc: 88.540% / loss: 0.3708 / Time: 0.63s
======================================================================================================

round 80 local learning rate = 0.000125

>>> Round:   81 / Acc: 86.996% / Loss: 0.4129 / Grad Norm: 1.6178 / Grad Diff: 670.5998 / Time: 7.62s
======================================================================================================

round 81 local learning rate = 0.0001234567901234568

>>> Round:   82 / Acc: 87.083% / Loss: 0.4116 / Grad Norm: 1.6200 / Grad Diff: 668.7492 / Time: 7.65s
======================================================================================================

round 82 local learning rate = 0.00012195121951219512

>>> Round:   83 / Acc: 87.113% / Loss: 0.4103 / Grad Norm: 1.6083 / Grad Diff: 666.8162 / Time: 7.46s
======================================================================================================

round 83 local learning rate = 0.00012048192771084338

>>> Round:   84 / Acc: 87.124% / Loss: 0.4090 / Grad Norm: 1.5692 / Grad Diff: 665.2742 / Time: 7.57s
======================================================================================================

round 84 local learning rate = 0.00011904761904761905

>>> Round:   85 / Acc: 87.168% / Loss: 0.4077 / Grad Norm: 1.5330 / Grad Diff: 662.5590 / Time: 8.09s
======================================================================================================

= Test = round: 85 / acc: 88.730% / loss: 0.3647 / Time: 0.65s
======================================================================================================

round 85 local learning rate = 0.00011764705882352942

>>> Round:   86 / Acc: 87.205% / Loss: 0.4064 / Grad Norm: 1.4638 / Grad Diff: 660.1734 / Time: 9.00s
======================================================================================================

round 86 local learning rate = 0.00011627906976744187

>>> Round:   87 / Acc: 87.249% / Loss: 0.4053 / Grad Norm: 1.4891 / Grad Diff: 659.0975 / Time: 7.55s
======================================================================================================

round 87 local learning rate = 0.00011494252873563218

>>> Round:   88 / Acc: 87.292% / Loss: 0.4041 / Grad Norm: 1.4372 / Grad Diff: 656.5868 / Time: 7.33s
======================================================================================================

round 88 local learning rate = 0.00011363636363636364

>>> Round:   89 / Acc: 87.321% / Loss: 0.4030 / Grad Norm: 1.4391 / Grad Diff: 655.5109 / Time: 7.63s
======================================================================================================

round 89 local learning rate = 0.00011235955056179776

>>> Round:   90 / Acc: 87.354% / Loss: 0.4018 / Grad Norm: 1.4224 / Grad Diff: 654.0399 / Time: 7.60s
======================================================================================================

= Test = round: 90 / acc: 88.900% / loss: 0.3591 / Time: 0.64s
======================================================================================================

round 90 local learning rate = 0.00011111111111111112

>>> Round:   91 / Acc: 87.393% / Loss: 0.4008 / Grad Norm: 1.4417 / Grad Diff: 652.9267 / Time: 7.93s
======================================================================================================

round 91 local learning rate = 0.00010989010989010989

>>> Round:   92 / Acc: 87.421% / Loss: 0.3998 / Grad Norm: 1.4384 / Grad Diff: 651.8674 / Time: 7.55s
======================================================================================================

round 92 local learning rate = 0.00010869565217391305

>>> Round:   93 / Acc: 87.454% / Loss: 0.3987 / Grad Norm: 1.4230 / Grad Diff: 650.0552 / Time: 7.66s
======================================================================================================

round 93 local learning rate = 0.00010752688172043011

>>> Round:   94 / Acc: 87.472% / Loss: 0.3978 / Grad Norm: 1.4768 / Grad Diff: 649.9896 / Time: 7.70s
======================================================================================================

round 94 local learning rate = 0.00010638297872340425

>>> Round:   95 / Acc: 87.506% / Loss: 0.3967 / Grad Norm: 1.4400 / Grad Diff: 647.9328 / Time: 7.56s
======================================================================================================

= Test = round: 95 / acc: 89.010% / loss: 0.3542 / Time: 0.64s
======================================================================================================

round 95 local learning rate = 0.00010526315789473685

>>> Round:   96 / Acc: 87.533% / Loss: 0.3956 / Grad Norm: 1.4074 / Grad Diff: 646.1651 / Time: 7.46s
======================================================================================================

round 96 local learning rate = 0.00010416666666666667

>>> Round:   97 / Acc: 87.581% / Loss: 0.3947 / Grad Norm: 1.4069 / Grad Diff: 644.7131 / Time: 7.52s
======================================================================================================

round 97 local learning rate = 0.00010309278350515464

>>> Round:   98 / Acc: 87.601% / Loss: 0.3938 / Grad Norm: 1.4219 / Grad Diff: 643.5011 / Time: 7.55s
======================================================================================================

round 98 local learning rate = 0.00010204081632653062

>>> Round:   99 / Acc: 87.637% / Loss: 0.3928 / Grad Norm: 1.4175 / Grad Diff: 642.0701 / Time: 7.64s
======================================================================================================

round 99 local learning rate = 0.00010101010101010101

>>> Round:  100 / Acc: 87.679% / Loss: 0.3918 / Grad Norm: 1.4056 / Grad Diff: 640.4529 / Time: 7.58s
======================================================================================================

= Test = round: 100 / acc: 89.150% / loss: 0.3496 / Time: 0.63s
======================================================================================================

round 100 local learning rate = 0.0001

>>> Round:  101 / Acc: 87.727% / Loss: 0.3909 / Grad Norm: 1.4226 / Grad Diff: 639.3787 / Time: 7.39s
======================================================================================================

round 101 local learning rate = 9.900990099009902e-05

>>> Round:  102 / Acc: 87.738% / Loss: 0.3899 / Grad Norm: 1.3867 / Grad Diff: 637.1100 / Time: 7.66s
======================================================================================================

round 102 local learning rate = 9.80392156862745e-05

>>> Round:  103 / Acc: 87.769% / Loss: 0.3889 / Grad Norm: 1.3491 / Grad Diff: 635.2077 / Time: 7.61s
======================================================================================================

round 103 local learning rate = 9.70873786407767e-05

>>> Round:  104 / Acc: 87.803% / Loss: 0.3881 / Grad Norm: 1.3693 / Grad Diff: 634.4328 / Time: 7.64s
======================================================================================================

round 104 local learning rate = 9.615384615384615e-05

>>> Round:  105 / Acc: 87.821% / Loss: 0.3872 / Grad Norm: 1.3629 / Grad Diff: 632.9245 / Time: 7.65s
======================================================================================================

= Test = round: 105 / acc: 89.300% / loss: 0.3452 / Time: 0.62s
======================================================================================================

round 105 local learning rate = 9.523809523809524e-05

>>> Round:  106 / Acc: 87.852% / Loss: 0.3864 / Grad Norm: 1.3668 / Grad Diff: 631.6361 / Time: 7.89s
======================================================================================================

round 106 local learning rate = 9.433962264150943e-05

>>> Round:  107 / Acc: 87.880% / Loss: 0.3856 / Grad Norm: 1.3888 / Grad Diff: 631.0814 / Time: 7.83s
======================================================================================================

round 107 local learning rate = 9.345794392523364e-05

>>> Round:  108 / Acc: 87.889% / Loss: 0.3847 / Grad Norm: 1.3442 / Grad Diff: 629.2642 / Time: 8.07s
======================================================================================================

round 108 local learning rate = 9.259259259259259e-05

>>> Round:  109 / Acc: 87.902% / Loss: 0.3839 / Grad Norm: 1.3535 / Grad Diff: 627.6708 / Time: 7.62s
======================================================================================================

round 109 local learning rate = 9.174311926605505e-05

>>> Round:  110 / Acc: 87.946% / Loss: 0.3831 / Grad Norm: 1.3654 / Grad Diff: 627.2194 / Time: 8.33s
======================================================================================================

= Test = round: 110 / acc: 89.460% / loss: 0.3413 / Time: 0.66s
======================================================================================================

round 110 local learning rate = 9.090909090909092e-05

>>> Round:  111 / Acc: 87.991% / Loss: 0.3823 / Grad Norm: 1.3503 / Grad Diff: 626.0922 / Time: 8.10s
======================================================================================================

round 111 local learning rate = 9.009009009009009e-05

>>> Round:  112 / Acc: 87.993% / Loss: 0.3815 / Grad Norm: 1.3455 / Grad Diff: 624.7156 / Time: 7.11s
======================================================================================================

round 112 local learning rate = 8.928571428571429e-05

>>> Round:  113 / Acc: 88.017% / Loss: 0.3807 / Grad Norm: 1.3303 / Grad Diff: 623.0317 / Time: 7.54s
======================================================================================================

round 113 local learning rate = 8.849557522123894e-05

>>> Round:  114 / Acc: 88.033% / Loss: 0.3799 / Grad Norm: 1.3246 / Grad Diff: 621.5300 / Time: 7.43s
======================================================================================================

round 114 local learning rate = 8.771929824561404e-05

>>> Round:  115 / Acc: 88.065% / Loss: 0.3790 / Grad Norm: 1.2970 / Grad Diff: 619.8668 / Time: 7.53s
======================================================================================================

= Test = round: 115 / acc: 89.500% / loss: 0.3375 / Time: 0.61s
======================================================================================================

round 115 local learning rate = 8.695652173913044e-05

>>> Round:  116 / Acc: 88.085% / Loss: 0.3784 / Grad Norm: 1.3187 / Grad Diff: 619.2197 / Time: 7.32s
======================================================================================================

round 116 local learning rate = 8.620689655172414e-05

>>> Round:  117 / Acc: 88.094% / Loss: 0.3776 / Grad Norm: 1.3265 / Grad Diff: 617.9263 / Time: 7.52s
======================================================================================================

round 117 local learning rate = 8.547008547008547e-05

>>> Round:  118 / Acc: 88.131% / Loss: 0.3769 / Grad Norm: 1.3269 / Grad Diff: 616.4653 / Time: 7.95s
======================================================================================================

round 118 local learning rate = 8.474576271186441e-05

>>> Round:  119 / Acc: 88.168% / Loss: 0.3761 / Grad Norm: 1.3320 / Grad Diff: 615.5320 / Time: 7.47s
======================================================================================================

round 119 local learning rate = 8.403361344537815e-05

>>> Round:  120 / Acc: 88.199% / Loss: 0.3754 / Grad Norm: 1.3350 / Grad Diff: 614.5462 / Time: 7.04s
======================================================================================================

= Test = round: 120 / acc: 89.640% / loss: 0.3340 / Time: 0.60s
======================================================================================================

round 120 local learning rate = 8.333333333333333e-05

>>> Round:  121 / Acc: 88.214% / Loss: 0.3747 / Grad Norm: 1.3257 / Grad Diff: 613.5558 / Time: 6.74s
======================================================================================================

round 121 local learning rate = 8.264462809917356e-05

>>> Round:  122 / Acc: 88.262% / Loss: 0.3740 / Grad Norm: 1.3411 / Grad Diff: 612.8664 / Time: 7.50s
======================================================================================================

round 122 local learning rate = 8.19672131147541e-05

>>> Round:  123 / Acc: 88.262% / Loss: 0.3733 / Grad Norm: 1.3148 / Grad Diff: 611.3749 / Time: 7.43s
======================================================================================================

round 123 local learning rate = 8.130081300813008e-05

>>> Round:  124 / Acc: 88.297% / Loss: 0.3726 / Grad Norm: 1.2977 / Grad Diff: 610.0747 / Time: 7.32s
======================================================================================================

round 124 local learning rate = 8.064516129032258e-05

>>> Round:  125 / Acc: 88.306% / Loss: 0.3719 / Grad Norm: 1.2669 / Grad Diff: 608.7652 / Time: 7.61s
======================================================================================================

= Test = round: 125 / acc: 89.750% / loss: 0.3308 / Time: 0.63s
======================================================================================================

round 125 local learning rate = 8e-05

>>> Round:  126 / Acc: 88.349% / Loss: 0.3712 / Grad Norm: 1.2523 / Grad Diff: 607.4293 / Time: 7.84s
======================================================================================================

round 126 local learning rate = 7.936507936507937e-05

>>> Round:  127 / Acc: 88.376% / Loss: 0.3706 / Grad Norm: 1.2483 / Grad Diff: 606.5768 / Time: 7.68s
======================================================================================================

round 127 local learning rate = 7.874015748031496e-05

>>> Round:  128 / Acc: 88.413% / Loss: 0.3699 / Grad Norm: 1.2215 / Grad Diff: 605.1137 / Time: 8.44s
======================================================================================================

round 128 local learning rate = 7.8125e-05

>>> Round:  129 / Acc: 88.439% / Loss: 0.3692 / Grad Norm: 1.2240 / Grad Diff: 604.0451 / Time: 7.59s
======================================================================================================

round 129 local learning rate = 7.751937984496124e-05

>>> Round:  130 / Acc: 88.448% / Loss: 0.3686 / Grad Norm: 1.2347 / Grad Diff: 603.3234 / Time: 7.54s
======================================================================================================

= Test = round: 130 / acc: 89.850% / loss: 0.3277 / Time: 0.60s
======================================================================================================

round 130 local learning rate = 7.692307692307693e-05

>>> Round:  131 / Acc: 88.496% / Loss: 0.3681 / Grad Norm: 1.2653 / Grad Diff: 602.9264 / Time: 7.40s
======================================================================================================

round 131 local learning rate = 7.633587786259542e-05

>>> Round:  132 / Acc: 88.507% / Loss: 0.3674 / Grad Norm: 1.2597 / Grad Diff: 601.4030 / Time: 7.58s
======================================================================================================

round 132 local learning rate = 7.575757575757576e-05

>>> Round:  133 / Acc: 88.524% / Loss: 0.3668 / Grad Norm: 1.2520 / Grad Diff: 600.4742 / Time: 7.67s
======================================================================================================

round 133 local learning rate = 7.518796992481203e-05

>>> Round:  134 / Acc: 88.539% / Loss: 0.3662 / Grad Norm: 1.2612 / Grad Diff: 599.5167 / Time: 7.70s
======================================================================================================

round 134 local learning rate = 7.462686567164179e-05

>>> Round:  135 / Acc: 88.555% / Loss: 0.3656 / Grad Norm: 1.2590 / Grad Diff: 598.4597 / Time: 7.98s
======================================================================================================

= Test = round: 135 / acc: 89.940% / loss: 0.3248 / Time: 0.63s
======================================================================================================

round 135 local learning rate = 7.407407407407407e-05

>>> Round:  136 / Acc: 88.566% / Loss: 0.3651 / Grad Norm: 1.2837 / Grad Diff: 598.1978 / Time: 7.55s
======================================================================================================

round 136 local learning rate = 7.352941176470589e-05

>>> Round:  137 / Acc: 88.592% / Loss: 0.3645 / Grad Norm: 1.2628 / Grad Diff: 596.7632 / Time: 7.52s
======================================================================================================

round 137 local learning rate = 7.299270072992701e-05

>>> Round:  138 / Acc: 88.600% / Loss: 0.3639 / Grad Norm: 1.2774 / Grad Diff: 596.1211 / Time: 7.78s
======================================================================================================

round 138 local learning rate = 7.246376811594203e-05

>>> Round:  139 / Acc: 88.638% / Loss: 0.3633 / Grad Norm: 1.2554 / Grad Diff: 594.8563 / Time: 7.57s
======================================================================================================

round 139 local learning rate = 7.194244604316547e-05

>>> Round:  140 / Acc: 88.633% / Loss: 0.3628 / Grad Norm: 1.2634 / Grad Diff: 593.8167 / Time: 7.54s
======================================================================================================

= Test = round: 140 / acc: 90.030% / loss: 0.3221 / Time: 0.62s
======================================================================================================

round 140 local learning rate = 7.142857142857143e-05

>>> Round:  141 / Acc: 88.666% / Loss: 0.3621 / Grad Norm: 1.2076 / Grad Diff: 592.0405 / Time: 7.54s
======================================================================================================

round 141 local learning rate = 7.092198581560284e-05

>>> Round:  142 / Acc: 88.681% / Loss: 0.3616 / Grad Norm: 1.2169 / Grad Diff: 590.9877 / Time: 7.67s
======================================================================================================

round 142 local learning rate = 7.042253521126761e-05

>>> Round:  143 / Acc: 88.688% / Loss: 0.3610 / Grad Norm: 1.2313 / Grad Diff: 590.5874 / Time: 7.62s
======================================================================================================

round 143 local learning rate = 6.993006993006993e-05

>>> Round:  144 / Acc: 88.699% / Loss: 0.3605 / Grad Norm: 1.1997 / Grad Diff: 589.3132 / Time: 7.53s
======================================================================================================

round 144 local learning rate = 6.944444444444444e-05

>>> Round:  145 / Acc: 88.712% / Loss: 0.3599 / Grad Norm: 1.2068 / Grad Diff: 588.6995 / Time: 7.53s
======================================================================================================

= Test = round: 145 / acc: 90.080% / loss: 0.3197 / Time: 0.63s
======================================================================================================

round 145 local learning rate = 6.896551724137931e-05

>>> Round:  146 / Acc: 88.720% / Loss: 0.3594 / Grad Norm: 1.1810 / Grad Diff: 587.1903 / Time: 7.40s
======================================================================================================

round 146 local learning rate = 6.84931506849315e-05

>>> Round:  147 / Acc: 88.744% / Loss: 0.3588 / Grad Norm: 1.1873 / Grad Diff: 586.2007 / Time: 7.71s
======================================================================================================

round 147 local learning rate = 6.802721088435374e-05

>>> Round:  148 / Acc: 88.751% / Loss: 0.3583 / Grad Norm: 1.1745 / Grad Diff: 584.9258 / Time: 7.44s
======================================================================================================

round 148 local learning rate = 6.756756756756757e-05

>>> Round:  149 / Acc: 88.773% / Loss: 0.3578 / Grad Norm: 1.1980 / Grad Diff: 584.1104 / Time: 7.85s
======================================================================================================

round 149 local learning rate = 6.711409395973155e-05

>>> Round:  150 / Acc: 88.799% / Loss: 0.3573 / Grad Norm: 1.1690 / Grad Diff: 583.0555 / Time: 7.76s
======================================================================================================

= Test = round: 150 / acc: 90.170% / loss: 0.3171 / Time: 0.64s
======================================================================================================

round 150 local learning rate = 6.666666666666667e-05

>>> Round:  151 / Acc: 88.804% / Loss: 0.3568 / Grad Norm: 1.1696 / Grad Diff: 581.9233 / Time: 7.59s
======================================================================================================

round 151 local learning rate = 6.622516556291391e-05

>>> Round:  152 / Acc: 88.812% / Loss: 0.3563 / Grad Norm: 1.1810 / Grad Diff: 581.3069 / Time: 7.60s
======================================================================================================

round 152 local learning rate = 6.578947368421052e-05

>>> Round:  153 / Acc: 88.830% / Loss: 0.3558 / Grad Norm: 1.1773 / Grad Diff: 580.3448 / Time: 7.38s
======================================================================================================

round 153 local learning rate = 6.535947712418301e-05

>>> Round:  154 / Acc: 88.827% / Loss: 0.3553 / Grad Norm: 1.1610 / Grad Diff: 579.2942 / Time: 7.47s
======================================================================================================

round 154 local learning rate = 6.493506493506494e-05

>>> Round:  155 / Acc: 88.862% / Loss: 0.3548 / Grad Norm: 1.1601 / Grad Diff: 578.6633 / Time: 8.81s
======================================================================================================

= Test = round: 155 / acc: 90.300% / loss: 0.3149 / Time: 0.63s
======================================================================================================

round 155 local learning rate = 6.451612903225807e-05

>>> Round:  156 / Acc: 88.865% / Loss: 0.3543 / Grad Norm: 1.1340 / Grad Diff: 577.6349 / Time: 7.55s
======================================================================================================

round 156 local learning rate = 6.41025641025641e-05

>>> Round:  157 / Acc: 88.886% / Loss: 0.3538 / Grad Norm: 1.1229 / Grad Diff: 576.6339 / Time: 7.80s
======================================================================================================

round 157 local learning rate = 6.369426751592357e-05

>>> Round:  158 / Acc: 88.882% / Loss: 0.3533 / Grad Norm: 1.0981 / Grad Diff: 575.3274 / Time: 7.56s
======================================================================================================

round 158 local learning rate = 6.329113924050633e-05

>>> Round:  159 / Acc: 88.876% / Loss: 0.3528 / Grad Norm: 1.1056 / Grad Diff: 574.7120 / Time: 8.87s
======================================================================================================

round 159 local learning rate = 6.289308176100629e-05

>>> Round:  160 / Acc: 88.923% / Loss: 0.3524 / Grad Norm: 1.1412 / Grad Diff: 574.6547 / Time: 7.67s
======================================================================================================

= Test = round: 160 / acc: 90.270% / loss: 0.3126 / Time: 0.63s
======================================================================================================

round 160 local learning rate = 6.25e-05

>>> Round:  161 / Acc: 88.928% / Loss: 0.3520 / Grad Norm: 1.1322 / Grad Diff: 573.4943 / Time: 8.04s
======================================================================================================

round 161 local learning rate = 6.211180124223603e-05

>>> Round:  162 / Acc: 88.956% / Loss: 0.3515 / Grad Norm: 1.1438 / Grad Diff: 572.8459 / Time: 7.53s
======================================================================================================

round 162 local learning rate = 6.17283950617284e-05

>>> Round:  163 / Acc: 88.972% / Loss: 0.3511 / Grad Norm: 1.1685 / Grad Diff: 572.3097 / Time: 7.58s
======================================================================================================

round 163 local learning rate = 6.134969325153375e-05

>>> Round:  164 / Acc: 88.983% / Loss: 0.3506 / Grad Norm: 1.1348 / Grad Diff: 570.8775 / Time: 7.91s
======================================================================================================

round 164 local learning rate = 6.097560975609756e-05

>>> Round:  165 / Acc: 88.970% / Loss: 0.3501 / Grad Norm: 1.1070 / Grad Diff: 569.7612 / Time: 9.26s
======================================================================================================

= Test = round: 165 / acc: 90.310% / loss: 0.3105 / Time: 0.63s
======================================================================================================

round 165 local learning rate = 6.0606060606060605e-05

>>> Round:  166 / Acc: 88.993% / Loss: 0.3497 / Grad Norm: 1.1187 / Grad Diff: 569.2159 / Time: 8.27s
======================================================================================================

round 166 local learning rate = 6.024096385542169e-05

>>> Round:  167 / Acc: 88.987% / Loss: 0.3493 / Grad Norm: 1.1006 / Grad Diff: 568.2245 / Time: 7.33s
======================================================================================================

round 167 local learning rate = 5.988023952095808e-05

>>> Round:  168 / Acc: 89.011% / Loss: 0.3488 / Grad Norm: 1.0833 / Grad Diff: 566.8834 / Time: 7.69s
======================================================================================================

round 168 local learning rate = 5.9523809523809524e-05

>>> Round:  169 / Acc: 89.017% / Loss: 0.3484 / Grad Norm: 1.0696 / Grad Diff: 565.7434 / Time: 7.82s
======================================================================================================

round 169 local learning rate = 5.9171597633136094e-05

>>> Round:  170 / Acc: 89.030% / Loss: 0.3480 / Grad Norm: 1.0891 / Grad Diff: 565.4813 / Time: 7.74s
======================================================================================================

= Test = round: 170 / acc: 90.410% / loss: 0.3085 / Time: 0.63s
======================================================================================================

round 170 local learning rate = 5.882352941176471e-05

>>> Round:  171 / Acc: 89.048% / Loss: 0.3476 / Grad Norm: 1.0909 / Grad Diff: 564.8412 / Time: 8.80s
======================================================================================================

round 171 local learning rate = 5.847953216374269e-05

>>> Round:  172 / Acc: 89.059% / Loss: 0.3472 / Grad Norm: 1.1055 / Grad Diff: 564.2773 / Time: 9.38s
======================================================================================================

round 172 local learning rate = 5.8139534883720933e-05

>>> Round:  173 / Acc: 89.094% / Loss: 0.3468 / Grad Norm: 1.1230 / Grad Diff: 563.8988 / Time: 7.90s
======================================================================================================

round 173 local learning rate = 5.7803468208092484e-05

>>> Round:  174 / Acc: 89.094% / Loss: 0.3464 / Grad Norm: 1.1137 / Grad Diff: 563.0716 / Time: 7.75s
======================================================================================================

round 174 local learning rate = 5.747126436781609e-05

>>> Round:  175 / Acc: 89.111% / Loss: 0.3460 / Grad Norm: 1.1058 / Grad Diff: 562.2256 / Time: 7.46s
======================================================================================================

= Test = round: 175 / acc: 90.480% / loss: 0.3066 / Time: 0.61s
======================================================================================================

round 175 local learning rate = 5.714285714285714e-05

>>> Round:  176 / Acc: 89.116% / Loss: 0.3456 / Grad Norm: 1.1034 / Grad Diff: 561.3480 / Time: 7.43s
======================================================================================================

round 176 local learning rate = 5.681818181818182e-05

>>> Round:  177 / Acc: 89.137% / Loss: 0.3452 / Grad Norm: 1.1106 / Grad Diff: 560.8284 / Time: 8.11s
======================================================================================================

round 177 local learning rate = 5.649717514124294e-05

>>> Round:  178 / Acc: 89.159% / Loss: 0.3448 / Grad Norm: 1.1472 / Grad Diff: 560.6885 / Time: 9.07s
======================================================================================================

round 178 local learning rate = 5.617977528089888e-05

>>> Round:  179 / Acc: 89.159% / Loss: 0.3445 / Grad Norm: 1.1527 / Grad Diff: 559.9098 / Time: 7.58s
======================================================================================================

round 179 local learning rate = 5.58659217877095e-05

>>> Round:  180 / Acc: 89.175% / Loss: 0.3440 / Grad Norm: 1.1433 / Grad Diff: 558.8944 / Time: 6.83s
======================================================================================================

= Test = round: 180 / acc: 90.550% / loss: 0.3048 / Time: 0.62s
======================================================================================================

round 180 local learning rate = 5.555555555555556e-05

>>> Round:  181 / Acc: 89.190% / Loss: 0.3436 / Grad Norm: 1.1081 / Grad Diff: 557.5161 / Time: 6.78s
======================================================================================================

round 181 local learning rate = 5.524861878453039e-05

>>> Round:  182 / Acc: 89.214% / Loss: 0.3432 / Grad Norm: 1.0988 / Grad Diff: 556.5319 / Time: 6.81s
======================================================================================================

round 182 local learning rate = 5.4945054945054945e-05

>>> Round:  183 / Acc: 89.214% / Loss: 0.3428 / Grad Norm: 1.0970 / Grad Diff: 555.9528 / Time: 7.47s
======================================================================================================

round 183 local learning rate = 5.46448087431694e-05

>>> Round:  184 / Acc: 89.225% / Loss: 0.3425 / Grad Norm: 1.1144 / Grad Diff: 555.6974 / Time: 7.78s
======================================================================================================

round 184 local learning rate = 5.4347826086956524e-05

>>> Round:  185 / Acc: 89.242% / Loss: 0.3421 / Grad Norm: 1.0920 / Grad Diff: 554.6448 / Time: 9.17s
======================================================================================================

= Test = round: 185 / acc: 90.670% / loss: 0.3029 / Time: 0.66s
======================================================================================================

round 185 local learning rate = 5.4054054054054054e-05

>>> Round:  186 / Acc: 89.256% / Loss: 0.3417 / Grad Norm: 1.0896 / Grad Diff: 554.0540 / Time: 7.99s
======================================================================================================

round 186 local learning rate = 5.3763440860215054e-05

>>> Round:  187 / Acc: 89.262% / Loss: 0.3413 / Grad Norm: 1.0749 / Grad Diff: 553.1882 / Time: 7.58s
======================================================================================================

round 187 local learning rate = 5.347593582887701e-05

>>> Round:  188 / Acc: 89.279% / Loss: 0.3410 / Grad Norm: 1.0818 / Grad Diff: 552.6627 / Time: 7.79s
======================================================================================================

round 188 local learning rate = 5.319148936170213e-05

>>> Round:  189 / Acc: 89.277% / Loss: 0.3406 / Grad Norm: 1.0785 / Grad Diff: 552.0790 / Time: 7.63s
======================================================================================================

round 189 local learning rate = 5.291005291005291e-05

>>> Round:  190 / Acc: 89.303% / Loss: 0.3403 / Grad Norm: 1.0963 / Grad Diff: 551.8152 / Time: 8.09s
======================================================================================================

= Test = round: 190 / acc: 90.720% / loss: 0.3014 / Time: 0.64s
======================================================================================================

round 190 local learning rate = 5.2631578947368424e-05

>>> Round:  191 / Acc: 89.299% / Loss: 0.3399 / Grad Norm: 1.0883 / Grad Diff: 550.7503 / Time: 7.51s
======================================================================================================

round 191 local learning rate = 5.2356020942408376e-05

>>> Round:  192 / Acc: 89.310% / Loss: 0.3396 / Grad Norm: 1.0953 / Grad Diff: 550.1445 / Time: 7.48s
======================================================================================================

round 192 local learning rate = 5.208333333333334e-05

>>> Round:  193 / Acc: 89.317% / Loss: 0.3392 / Grad Norm: 1.0626 / Grad Diff: 549.0569 / Time: 7.55s
======================================================================================================

round 193 local learning rate = 5.1813471502590674e-05

>>> Round:  194 / Acc: 89.341% / Loss: 0.3388 / Grad Norm: 1.0358 / Grad Diff: 547.9615 / Time: 7.55s
======================================================================================================

round 194 local learning rate = 5.154639175257732e-05

>>> Round:  195 / Acc: 89.356% / Loss: 0.3385 / Grad Norm: 1.0662 / Grad Diff: 547.9596 / Time: 7.55s
======================================================================================================

= Test = round: 195 / acc: 90.760% / loss: 0.2997 / Time: 0.61s
======================================================================================================

round 195 local learning rate = 5.1282051282051286e-05

>>> Round:  196 / Acc: 89.369% / Loss: 0.3382 / Grad Norm: 1.0740 / Grad Diff: 547.4897 / Time: 7.53s
======================================================================================================

round 196 local learning rate = 5.102040816326531e-05

>>> Round:  197 / Acc: 89.365% / Loss: 0.3378 / Grad Norm: 1.0602 / Grad Diff: 546.3371 / Time: 7.48s
======================================================================================================

round 197 local learning rate = 5.076142131979695e-05

>>> Round:  198 / Acc: 89.375% / Loss: 0.3375 / Grad Norm: 1.0808 / Grad Diff: 546.0714 / Time: 7.43s
======================================================================================================

round 198 local learning rate = 5.0505050505050505e-05

>>> Round:  199 / Acc: 89.391% / Loss: 0.3372 / Grad Norm: 1.0690 / Grad Diff: 545.3048 / Time: 7.89s
======================================================================================================

round 199 local learning rate = 5.0251256281407036e-05

>>> Round:  200 / Acc: 89.399% / Loss: 0.3369 / Grad Norm: 1.0950 / Grad Diff: 544.9230 / Time: 7.91s
======================================================================================================

= Test = round: 200 / acc: 90.790% / loss: 0.2982 / Time: 0.61s
======================================================================================================

