nohup: ignoring input
Using device: cuda:0
>>> Arguments:
	             algo : fedavgtl
	            alpha : 51871.0
	       batch_size : 64
	clients_per_round : 100
	          dataset : mnist_all_data_1_equal_niid
	           device : cuda:0
	              dis : 
	   early_stopping : 20
	       eval_every : 5
	    ft_batch_size : 128
	       ft_dataset : mnist-m
	        ft_epochs : 2
	            ft_lr : 0.01
	            ft_wd : 0.0
	              gpu : True
	      input_shape : (1, 28, 28)
	           last_k : 2
	               lr : 0.01
	            model : lenet
	           n_init : 5
	        noaverage : False
	          noprint : False
	        num_class : 10
	        num_epoch : 1
	        num_round : 200
	           opt_lr : False
	            reg_J : True
	       reg_J_coef : 0.01
	             seed : 0
	               wd : 0.0
>>> Read data from:
     ./data/mnist/data/all_data_1.pkl
>>> The estimate of constant alpha is 51871.0.
>>> Read data from:
     ./data/mnist/data/train/all_data_1_equal_niid.pkl
     ./data/mnist/data/test/all_data_1_equal_niid.pkl
>>> Use gpu on device cuda:0
>>> Model statistic per layer
LeNet_MNIST(
  286.12 KMac, 100.000% MACs, 
  (conv1): Conv2d(89.856 KMac, 31.405% MACs, 1, 6, kernel_size=(5, 5), stride=(1, 1))
  (conv2): Conv2d(154.624 KMac, 54.042% MACs, 6, 16, kernel_size=(5, 5), stride=(1, 1))
  (fc1): Linear(30.72 KMac, 10.737% MACs, in_features=256, out_features=120, bias=True)
  (fc2): Linear(10.08 KMac, 3.523% MACs, in_features=120, out_features=84, bias=True)
  (fc3): Linear(840.0 Mac, 0.294% MACs, in_features=84, out_features=10, bias=True)
)
>>> Activate a worker for training
>>> Initialize 100 clients in total
>>> Weigh updates by simple average
>>> Select 100 clients per round 


>>> Round:    0 / Acc: 9.321% / Loss: 9.6807 / Grad Norm: 186.6721 / Grad Diff: 26838.5493 / Time: 6.67s
======================================================================================================

= Test = round: 0 / acc: 9.580% / loss: 9.7174 / Time: 0.54s
======================================================================================================

round 0 local learning rate = 0.01

>>> Round:    1 / Acc: 12.755% / Loss: 2.3299 / Grad Norm: 2.9966 / Grad Diff: 106.1019 / Time: 6.54s
======================================================================================================

round 1 local learning rate = 0.01

>>> Round:    2 / Acc: 26.146% / Loss: 2.0699 / Grad Norm: 3.9211 / Grad Diff: 216.9548 / Time: 6.50s
======================================================================================================

round 2 local learning rate = 0.005

>>> Round:    3 / Acc: 39.338% / Loss: 1.7709 / Grad Norm: 5.7477 / Grad Diff: 530.7389 / Time: 6.67s
======================================================================================================

round 3 local learning rate = 0.0033333333333333335

>>> Round:    4 / Acc: 49.317% / Loss: 1.5149 / Grad Norm: 5.8333 / Grad Diff: 741.8903 / Time: 6.41s
======================================================================================================

round 4 local learning rate = 0.0025

>>> Round:    5 / Acc: 55.618% / Loss: 1.3344 / Grad Norm: 5.3409 / Grad Diff: 863.2305 / Time: 6.45s
======================================================================================================

= Test = round: 5 / acc: 55.890% / loss: 1.3129 / Time: 0.51s
======================================================================================================

round 5 local learning rate = 0.002

>>> Round:    6 / Acc: 59.764% / Loss: 1.2087 / Grad Norm: 4.9430 / Grad Diff: 945.6628 / Time: 6.59s
======================================================================================================

round 6 local learning rate = 0.0016666666666666668

>>> Round:    7 / Acc: 62.834% / Loss: 1.1156 / Grad Norm: 4.6691 / Grad Diff: 1000.4861 / Time: 6.60s
======================================================================================================

round 7 local learning rate = 0.0014285714285714286

>>> Round:    8 / Acc: 65.166% / Loss: 1.0438 / Grad Norm: 4.4456 / Grad Diff: 1032.6266 / Time: 6.30s
======================================================================================================

round 8 local learning rate = 0.00125

>>> Round:    9 / Acc: 67.168% / Loss: 0.9866 / Grad Norm: 4.2664 / Grad Diff: 1059.2416 / Time: 6.52s
======================================================================================================

round 9 local learning rate = 0.0011111111111111111

>>> Round:   10 / Acc: 68.683% / Loss: 0.9396 / Grad Norm: 4.1183 / Grad Diff: 1075.5901 / Time: 6.52s
======================================================================================================

= Test = round: 10 / acc: 69.930% / loss: 0.9085 / Time: 0.51s
======================================================================================================

round 10 local learning rate = 0.001

>>> Round:   11 / Acc: 70.004% / Loss: 0.9014 / Grad Norm: 4.1293 / Grad Diff: 1092.6299 / Time: 6.54s
======================================================================================================

round 11 local learning rate = 0.0009090909090909091

>>> Round:   12 / Acc: 71.100% / Loss: 0.8685 / Grad Norm: 4.0672 / Grad Diff: 1099.8310 / Time: 6.54s
======================================================================================================

round 12 local learning rate = 0.0008333333333333334

>>> Round:   13 / Acc: 72.065% / Loss: 0.8406 / Grad Norm: 4.0750 / Grad Diff: 1109.2682 / Time: 6.71s
======================================================================================================

round 13 local learning rate = 0.0007692307692307692

>>> Round:   14 / Acc: 72.832% / Loss: 0.8153 / Grad Norm: 3.9277 / Grad Diff: 1110.2071 / Time: 6.74s
======================================================================================================

round 14 local learning rate = 0.0007142857142857143

>>> Round:   15 / Acc: 73.520% / Loss: 0.7940 / Grad Norm: 3.9726 / Grad Diff: 1114.8689 / Time: 6.54s
======================================================================================================

= Test = round: 15 / acc: 74.590% / loss: 0.7598 / Time: 0.53s
======================================================================================================

round 15 local learning rate = 0.0006666666666666666

>>> Round:   16 / Acc: 74.192% / Loss: 0.7741 / Grad Norm: 3.8376 / Grad Diff: 1113.9685 / Time: 7.25s
======================================================================================================

round 16 local learning rate = 0.000625

>>> Round:   17 / Acc: 74.834% / Loss: 0.7563 / Grad Norm: 3.7732 / Grad Diff: 1113.1833 / Time: 6.49s
======================================================================================================

round 17 local learning rate = 0.0005882352941176471

>>> Round:   18 / Acc: 75.384% / Loss: 0.7411 / Grad Norm: 3.7917 / Grad Diff: 1115.0510 / Time: 7.08s
======================================================================================================

round 18 local learning rate = 0.0005555555555555556

>>> Round:   19 / Acc: 75.863% / Loss: 0.7265 / Grad Norm: 3.7249 / Grad Diff: 1113.5391 / Time: 6.50s
======================================================================================================

round 19 local learning rate = 0.0005263157894736842

>>> Round:   20 / Acc: 76.308% / Loss: 0.7135 / Grad Norm: 3.7249 / Grad Diff: 1112.3275 / Time: 6.36s
======================================================================================================

= Test = round: 20 / acc: 77.280% / loss: 0.6788 / Time: 0.50s
======================================================================================================

round 20 local learning rate = 0.0005

>>> Round:   21 / Acc: 76.701% / Loss: 0.7016 / Grad Norm: 3.7786 / Grad Diff: 1113.9164 / Time: 6.49s
======================================================================================================

round 21 local learning rate = 0.0004761904761904762

>>> Round:   22 / Acc: 77.048% / Loss: 0.6900 / Grad Norm: 3.6347 / Grad Diff: 1109.2051 / Time: 6.51s
======================================================================================================

round 22 local learning rate = 0.00045454545454545455

>>> Round:   23 / Acc: 77.391% / Loss: 0.6796 / Grad Norm: 3.6076 / Grad Diff: 1106.9909 / Time: 6.37s
======================================================================================================

round 23 local learning rate = 0.0004347826086956522

>>> Round:   24 / Acc: 77.738% / Loss: 0.6696 / Grad Norm: 3.5368 / Grad Diff: 1102.6166 / Time: 6.51s
======================================================================================================

round 24 local learning rate = 0.0004166666666666667

>>> Round:   25 / Acc: 78.066% / Loss: 0.6603 / Grad Norm: 3.4729 / Grad Diff: 1098.4889 / Time: 6.47s
======================================================================================================

= Test = round: 25 / acc: 79.030% / loss: 0.6258 / Time: 0.68s
======================================================================================================

round 25 local learning rate = 0.0004

>>> Round:   26 / Acc: 78.356% / Loss: 0.6520 / Grad Norm: 3.4844 / Grad Diff: 1096.4414 / Time: 6.43s
======================================================================================================

round 26 local learning rate = 0.0003846153846153846

>>> Round:   27 / Acc: 78.629% / Loss: 0.6438 / Grad Norm: 3.4307 / Grad Diff: 1093.1973 / Time: 6.58s
======================================================================================================

round 27 local learning rate = 0.00037037037037037035

>>> Round:   28 / Acc: 78.851% / Loss: 0.6367 / Grad Norm: 3.4980 / Grad Diff: 1093.7131 / Time: 6.45s
======================================================================================================

round 28 local learning rate = 0.00035714285714285714

>>> Round:   29 / Acc: 79.101% / Loss: 0.6293 / Grad Norm: 3.4194 / Grad Diff: 1088.7198 / Time: 6.50s
======================================================================================================

round 29 local learning rate = 0.0003448275862068966

>>> Round:   30 / Acc: 79.312% / Loss: 0.6219 / Grad Norm: 3.2350 / Grad Diff: 1079.8162 / Time: 6.53s
======================================================================================================

= Test = round: 30 / acc: 80.310% / loss: 0.5876 / Time: 0.52s
======================================================================================================

round 30 local learning rate = 0.0003333333333333333

>>> Round:   31 / Acc: 79.566% / Loss: 0.6160 / Grad Norm: 3.3077 / Grad Diff: 1079.9009 / Time: 6.46s
======================================================================================================

round 31 local learning rate = 0.0003225806451612903

>>> Round:   32 / Acc: 79.795% / Loss: 0.6100 / Grad Norm: 3.3326 / Grad Diff: 1077.8580 / Time: 6.48s
======================================================================================================

round 32 local learning rate = 0.0003125

>>> Round:   33 / Acc: 79.982% / Loss: 0.6039 / Grad Norm: 3.2443 / Grad Diff: 1071.8930 / Time: 6.32s
======================================================================================================

round 33 local learning rate = 0.00030303030303030303

>>> Round:   34 / Acc: 80.162% / Loss: 0.5979 / Grad Norm: 3.1353 / Grad Diff: 1065.0699 / Time: 6.50s
======================================================================================================

round 34 local learning rate = 0.00029411764705882356

>>> Round:   35 / Acc: 80.376% / Loss: 0.5926 / Grad Norm: 3.1256 / Grad Diff: 1062.0970 / Time: 6.57s
======================================================================================================

= Test = round: 35 / acc: 81.340% / loss: 0.5587 / Time: 0.52s
======================================================================================================

round 35 local learning rate = 0.00028571428571428574

>>> Round:   36 / Acc: 80.541% / Loss: 0.5879 / Grad Norm: 3.1947 / Grad Diff: 1061.7741 / Time: 6.46s
======================================================================================================

round 36 local learning rate = 0.0002777777777777778

>>> Round:   37 / Acc: 80.718% / Loss: 0.5829 / Grad Norm: 3.1185 / Grad Diff: 1056.8536 / Time: 7.00s
======================================================================================================

round 37 local learning rate = 0.0002702702702702703

>>> Round:   38 / Acc: 80.851% / Loss: 0.5785 / Grad Norm: 3.1607 / Grad Diff: 1054.4434 / Time: 6.59s
======================================================================================================

round 38 local learning rate = 0.0002631578947368421

>>> Round:   39 / Acc: 81.017% / Loss: 0.5738 / Grad Norm: 3.0799 / Grad Diff: 1049.1787 / Time: 6.46s
======================================================================================================

round 39 local learning rate = 0.0002564102564102564

>>> Round:   40 / Acc: 81.159% / Loss: 0.5694 / Grad Norm: 3.0420 / Grad Diff: 1045.2650 / Time: 6.47s
======================================================================================================

= Test = round: 40 / acc: 82.020% / loss: 0.5355 / Time: 0.52s
======================================================================================================

round 40 local learning rate = 0.00025

>>> Round:   41 / Acc: 81.288% / Loss: 0.5651 / Grad Norm: 2.9913 / Grad Diff: 1040.8594 / Time: 6.61s
======================================================================================================

round 41 local learning rate = 0.00024390243902439024

>>> Round:   42 / Acc: 81.389% / Loss: 0.5613 / Grad Norm: 3.0209 / Grad Diff: 1039.0687 / Time: 6.67s
======================================================================================================

round 42 local learning rate = 0.0002380952380952381

>>> Round:   43 / Acc: 81.537% / Loss: 0.5576 / Grad Norm: 3.0613 / Grad Diff: 1037.6100 / Time: 6.58s
======================================================================================================

round 43 local learning rate = 0.00023255813953488373

>>> Round:   44 / Acc: 81.677% / Loss: 0.5538 / Grad Norm: 3.0376 / Grad Diff: 1033.9113 / Time: 6.61s
======================================================================================================

round 44 local learning rate = 0.00022727272727272727

>>> Round:   45 / Acc: 81.823% / Loss: 0.5502 / Grad Norm: 3.0126 / Grad Diff: 1029.8029 / Time: 6.62s
======================================================================================================

= Test = round: 45 / acc: 82.680% / loss: 0.5166 / Time: 0.69s
======================================================================================================

round 45 local learning rate = 0.00022222222222222223

>>> Round:   46 / Acc: 81.959% / Loss: 0.5464 / Grad Norm: 2.9176 / Grad Diff: 1024.3744 / Time: 6.50s
======================================================================================================

round 46 local learning rate = 0.0002173913043478261

>>> Round:   47 / Acc: 82.055% / Loss: 0.5429 / Grad Norm: 2.8263 / Grad Diff: 1019.6187 / Time: 6.43s
======================================================================================================

round 47 local learning rate = 0.0002127659574468085

>>> Round:   48 / Acc: 82.168% / Loss: 0.5399 / Grad Norm: 2.8871 / Grad Diff: 1018.6215 / Time: 6.53s
======================================================================================================

round 48 local learning rate = 0.00020833333333333335

>>> Round:   49 / Acc: 82.301% / Loss: 0.5365 / Grad Norm: 2.8262 / Grad Diff: 1013.7727 / Time: 7.69s
======================================================================================================

round 49 local learning rate = 0.00020408163265306123

>>> Round:   50 / Acc: 82.417% / Loss: 0.5334 / Grad Norm: 2.7745 / Grad Diff: 1009.8129 / Time: 6.39s
======================================================================================================

= Test = round: 50 / acc: 83.360% / loss: 0.5002 / Time: 0.52s
======================================================================================================

round 50 local learning rate = 0.0002

>>> Round:   51 / Acc: 82.506% / Loss: 0.5305 / Grad Norm: 2.7739 / Grad Diff: 1007.1024 / Time: 7.91s
======================================================================================================

round 51 local learning rate = 0.000196078431372549

>>> Round:   52 / Acc: 82.625% / Loss: 0.5276 / Grad Norm: 2.7477 / Grad Diff: 1003.1279 / Time: 6.45s
======================================================================================================

round 52 local learning rate = 0.0001923076923076923

>>> Round:   53 / Acc: 82.701% / Loss: 0.5248 / Grad Norm: 2.7714 / Grad Diff: 1001.2978 / Time: 6.46s
======================================================================================================

round 53 local learning rate = 0.00018867924528301886

>>> Round:   54 / Acc: 82.797% / Loss: 0.5222 / Grad Norm: 2.8242 / Grad Diff: 1000.0393 / Time: 6.64s
======================================================================================================

round 54 local learning rate = 0.00018518518518518518

>>> Round:   55 / Acc: 82.887% / Loss: 0.5197 / Grad Norm: 2.8557 / Grad Diff: 998.4706 / Time: 6.51s
======================================================================================================

= Test = round: 55 / acc: 83.740% / loss: 0.4867 / Time: 0.53s
======================================================================================================

round 55 local learning rate = 0.00018181818181818183

>>> Round:   56 / Acc: 83.017% / Loss: 0.5171 / Grad Norm: 2.7938 / Grad Diff: 994.7127 / Time: 6.53s
======================================================================================================

round 56 local learning rate = 0.00017857142857142857

>>> Round:   57 / Acc: 83.092% / Loss: 0.5143 / Grad Norm: 2.7145 / Grad Diff: 989.9368 / Time: 6.52s
======================================================================================================

round 57 local learning rate = 0.00017543859649122808

>>> Round:   58 / Acc: 83.186% / Loss: 0.5117 / Grad Norm: 2.6266 / Grad Diff: 985.2736 / Time: 6.67s
======================================================================================================

round 58 local learning rate = 0.0001724137931034483

>>> Round:   59 / Acc: 83.295% / Loss: 0.5090 / Grad Norm: 2.5489 / Grad Diff: 980.5350 / Time: 5.97s
======================================================================================================

round 59 local learning rate = 0.00016949152542372882

>>> Round:   60 / Acc: 83.375% / Loss: 0.5067 / Grad Norm: 2.5355 / Grad Diff: 977.7084 / Time: 6.60s
======================================================================================================

= Test = round: 60 / acc: 84.300% / loss: 0.4743 / Time: 0.59s
======================================================================================================

round 60 local learning rate = 0.00016666666666666666

>>> Round:   61 / Acc: 83.439% / Loss: 0.5043 / Grad Norm: 2.4991 / Grad Diff: 974.6813 / Time: 6.52s
======================================================================================================

round 61 local learning rate = 0.0001639344262295082

>>> Round:   62 / Acc: 83.502% / Loss: 0.5020 / Grad Norm: 2.4671 / Grad Diff: 971.2492 / Time: 6.53s
======================================================================================================

round 62 local learning rate = 0.00016129032258064516

>>> Round:   63 / Acc: 83.572% / Loss: 0.4998 / Grad Norm: 2.4571 / Grad Diff: 968.4176 / Time: 6.62s
======================================================================================================

round 63 local learning rate = 0.00015873015873015873

>>> Round:   64 / Acc: 83.633% / Loss: 0.4978 / Grad Norm: 2.4843 / Grad Diff: 966.7981 / Time: 6.06s
======================================================================================================

round 64 local learning rate = 0.00015625

>>> Round:   65 / Acc: 83.697% / Loss: 0.4958 / Grad Norm: 2.4694 / Grad Diff: 963.8980 / Time: 6.45s
======================================================================================================

= Test = round: 65 / acc: 84.780% / loss: 0.4635 / Time: 0.54s
======================================================================================================

round 65 local learning rate = 0.00015384615384615385

>>> Round:   66 / Acc: 83.782% / Loss: 0.4935 / Grad Norm: 2.4103 / Grad Diff: 959.7081 / Time: 6.06s
======================================================================================================

round 66 local learning rate = 0.00015151515151515152

>>> Round:   67 / Acc: 83.839% / Loss: 0.4916 / Grad Norm: 2.4349 / Grad Diff: 958.0569 / Time: 6.79s
======================================================================================================

round 67 local learning rate = 0.00014925373134328358

>>> Round:   68 / Acc: 83.884% / Loss: 0.4899 / Grad Norm: 2.5126 / Grad Diff: 957.8350 / Time: 6.62s
======================================================================================================

round 68 local learning rate = 0.00014705882352941178

>>> Round:   69 / Acc: 83.961% / Loss: 0.4878 / Grad Norm: 2.4239 / Grad Diff: 953.0253 / Time: 5.95s
======================================================================================================

round 69 local learning rate = 0.00014492753623188405

>>> Round:   70 / Acc: 84.031% / Loss: 0.4857 / Grad Norm: 2.3278 / Grad Diff: 948.1490 / Time: 6.57s
======================================================================================================

= Test = round: 70 / acc: 85.060% / loss: 0.4538 / Time: 0.53s
======================================================================================================

round 70 local learning rate = 0.00014285714285714287

>>> Round:   71 / Acc: 84.109% / Loss: 0.4840 / Grad Norm: 2.3700 / Grad Diff: 947.0722 / Time: 6.36s
======================================================================================================

round 71 local learning rate = 0.00014084507042253522

>>> Round:   72 / Acc: 84.190% / Loss: 0.4822 / Grad Norm: 2.3384 / Grad Diff: 944.0797 / Time: 6.38s
======================================================================================================

round 72 local learning rate = 0.0001388888888888889

>>> Round:   73 / Acc: 84.221% / Loss: 0.4804 / Grad Norm: 2.3255 / Grad Diff: 941.4360 / Time: 6.50s
======================================================================================================

round 73 local learning rate = 0.000136986301369863

>>> Round:   74 / Acc: 84.264% / Loss: 0.4787 / Grad Norm: 2.3267 / Grad Diff: 939.2461 / Time: 6.46s
======================================================================================================

round 74 local learning rate = 0.00013513513513513514

>>> Round:   75 / Acc: 84.312% / Loss: 0.4771 / Grad Norm: 2.3689 / Grad Diff: 937.6858 / Time: 6.48s
======================================================================================================

= Test = round: 75 / acc: 85.250% / loss: 0.4455 / Time: 0.53s
======================================================================================================

round 75 local learning rate = 0.00013333333333333334

>>> Round:   76 / Acc: 84.369% / Loss: 0.4753 / Grad Norm: 2.3423 / Grad Diff: 934.4971 / Time: 6.87s
======================================================================================================

round 76 local learning rate = 0.00013157894736842105

>>> Round:   77 / Acc: 84.432% / Loss: 0.4737 / Grad Norm: 2.3046 / Grad Diff: 931.5725 / Time: 6.45s
======================================================================================================

round 77 local learning rate = 0.00012987012987012987

>>> Round:   78 / Acc: 84.478% / Loss: 0.4720 / Grad Norm: 2.2599 / Grad Diff: 928.3650 / Time: 6.63s
======================================================================================================

round 78 local learning rate = 0.0001282051282051282

>>> Round:   79 / Acc: 84.539% / Loss: 0.4704 / Grad Norm: 2.2461 / Grad Diff: 925.9244 / Time: 6.85s
======================================================================================================

round 79 local learning rate = 0.00012658227848101267

>>> Round:   80 / Acc: 84.566% / Loss: 0.4689 / Grad Norm: 2.2464 / Grad Diff: 923.9675 / Time: 6.48s
======================================================================================================

= Test = round: 80 / acc: 85.560% / loss: 0.4376 / Time: 0.52s
======================================================================================================

round 80 local learning rate = 0.000125

>>> Round:   81 / Acc: 84.648% / Loss: 0.4674 / Grad Norm: 2.2433 / Grad Diff: 921.6034 / Time: 7.33s
======================================================================================================

round 81 local learning rate = 0.0001234567901234568

>>> Round:   82 / Acc: 84.686% / Loss: 0.4657 / Grad Norm: 2.1535 / Grad Diff: 917.2456 / Time: 6.44s
======================================================================================================

round 82 local learning rate = 0.00012195121951219512

>>> Round:   83 / Acc: 84.723% / Loss: 0.4642 / Grad Norm: 2.1414 / Grad Diff: 914.6579 / Time: 6.58s
======================================================================================================

round 83 local learning rate = 0.00012048192771084338

>>> Round:   84 / Acc: 84.786% / Loss: 0.4628 / Grad Norm: 2.1721 / Grad Diff: 913.6094 / Time: 6.51s
======================================================================================================

round 84 local learning rate = 0.00011904761904761905

>>> Round:   85 / Acc: 84.834% / Loss: 0.4613 / Grad Norm: 2.1198 / Grad Diff: 910.0615 / Time: 6.44s
======================================================================================================

= Test = round: 85 / acc: 85.870% / loss: 0.4304 / Time: 0.53s
======================================================================================================

round 85 local learning rate = 0.00011764705882352942

>>> Round:   86 / Acc: 84.878% / Loss: 0.4600 / Grad Norm: 2.1595 / Grad Diff: 909.0396 / Time: 6.56s
======================================================================================================

round 86 local learning rate = 0.00011627906976744187

>>> Round:   87 / Acc: 84.921% / Loss: 0.4586 / Grad Norm: 2.0917 / Grad Diff: 905.6524 / Time: 6.57s
======================================================================================================

round 87 local learning rate = 0.00011494252873563218

>>> Round:   88 / Acc: 84.963% / Loss: 0.4572 / Grad Norm: 2.0823 / Grad Diff: 903.5954 / Time: 6.11s
======================================================================================================

round 88 local learning rate = 0.00011363636363636364

>>> Round:   89 / Acc: 85.000% / Loss: 0.4559 / Grad Norm: 2.1033 / Grad Diff: 902.0807 / Time: 6.56s
======================================================================================================

round 89 local learning rate = 0.00011235955056179776

>>> Round:   90 / Acc: 85.074% / Loss: 0.4546 / Grad Norm: 2.0482 / Grad Diff: 899.0022 / Time: 6.54s
======================================================================================================

= Test = round: 90 / acc: 86.060% / loss: 0.4240 / Time: 0.56s
======================================================================================================

round 90 local learning rate = 0.00011111111111111112

>>> Round:   91 / Acc: 85.116% / Loss: 0.4535 / Grad Norm: 2.1262 / Grad Diff: 899.2726 / Time: 6.54s
======================================================================================================

round 91 local learning rate = 0.00010989010989010989

>>> Round:   92 / Acc: 85.153% / Loss: 0.4521 / Grad Norm: 2.0895 / Grad Diff: 896.3709 / Time: 6.49s
======================================================================================================

round 92 local learning rate = 0.00010869565217391305

>>> Round:   93 / Acc: 85.210% / Loss: 0.4507 / Grad Norm: 2.0317 / Grad Diff: 892.6801 / Time: 6.17s
======================================================================================================

round 93 local learning rate = 0.00010752688172043011

>>> Round:   94 / Acc: 85.266% / Loss: 0.4495 / Grad Norm: 2.0491 / Grad Diff: 891.2044 / Time: 6.52s
======================================================================================================

round 94 local learning rate = 0.00010638297872340425

>>> Round:   95 / Acc: 85.312% / Loss: 0.4484 / Grad Norm: 2.0493 / Grad Diff: 889.3687 / Time: 6.62s
======================================================================================================

= Test = round: 95 / acc: 86.180% / loss: 0.4180 / Time: 0.52s
======================================================================================================

round 95 local learning rate = 0.00010526315789473685

>>> Round:   96 / Acc: 85.330% / Loss: 0.4472 / Grad Norm: 2.0083 / Grad Diff: 886.8591 / Time: 6.47s
======================================================================================================

round 96 local learning rate = 0.00010416666666666667

>>> Round:   97 / Acc: 85.386% / Loss: 0.4461 / Grad Norm: 2.0428 / Grad Diff: 885.8485 / Time: 6.50s
======================================================================================================

round 97 local learning rate = 0.00010309278350515464

>>> Round:   98 / Acc: 85.426% / Loss: 0.4449 / Grad Norm: 2.0133 / Grad Diff: 883.4332 / Time: 6.59s
======================================================================================================

round 98 local learning rate = 0.00010204081632653062

>>> Round:   99 / Acc: 85.458% / Loss: 0.4437 / Grad Norm: 1.9895 / Grad Diff: 880.8327 / Time: 7.29s
======================================================================================================

round 99 local learning rate = 0.00010101010101010101

>>> Round:  100 / Acc: 85.485% / Loss: 0.4425 / Grad Norm: 1.9433 / Grad Diff: 877.9583 / Time: 7.64s
======================================================================================================

= Test = round: 100 / acc: 86.310% / loss: 0.4125 / Time: 0.57s
======================================================================================================

round 100 local learning rate = 0.0001

>>> Round:  101 / Acc: 85.544% / Loss: 0.4414 / Grad Norm: 1.9127 / Grad Diff: 875.4303 / Time: 6.69s
======================================================================================================

round 101 local learning rate = 9.900990099009902e-05

>>> Round:  102 / Acc: 85.583% / Loss: 0.4404 / Grad Norm: 1.9563 / Grad Diff: 874.5339 / Time: 6.59s
======================================================================================================

round 102 local learning rate = 9.80392156862745e-05

>>> Round:  103 / Acc: 85.613% / Loss: 0.4395 / Grad Norm: 2.0264 / Grad Diff: 874.8232 / Time: 6.50s
======================================================================================================

round 103 local learning rate = 9.70873786407767e-05

>>> Round:  104 / Acc: 85.653% / Loss: 0.4384 / Grad Norm: 1.9934 / Grad Diff: 872.5817 / Time: 6.64s
======================================================================================================

round 104 local learning rate = 9.615384615384615e-05

>>> Round:  105 / Acc: 85.705% / Loss: 0.4373 / Grad Norm: 1.9512 / Grad Diff: 869.5263 / Time: 6.56s
======================================================================================================

= Test = round: 105 / acc: 86.520% / loss: 0.4075 / Time: 0.51s
======================================================================================================

round 105 local learning rate = 9.523809523809524e-05

>>> Round:  106 / Acc: 85.747% / Loss: 0.4362 / Grad Norm: 1.9207 / Grad Diff: 867.2315 / Time: 5.85s
======================================================================================================

round 106 local learning rate = 9.433962264150943e-05

>>> Round:  107 / Acc: 85.780% / Loss: 0.4353 / Grad Norm: 1.9485 / Grad Diff: 866.3542 / Time: 6.45s
======================================================================================================

round 107 local learning rate = 9.345794392523364e-05

>>> Round:  108 / Acc: 85.821% / Loss: 0.4342 / Grad Norm: 1.8943 / Grad Diff: 863.4287 / Time: 6.48s
======================================================================================================

round 108 local learning rate = 9.259259259259259e-05

>>> Round:  109 / Acc: 85.854% / Loss: 0.4332 / Grad Norm: 1.9059 / Grad Diff: 861.9096 / Time: 5.83s
======================================================================================================

round 109 local learning rate = 9.174311926605505e-05

>>> Round:  110 / Acc: 85.897% / Loss: 0.4322 / Grad Norm: 1.8902 / Grad Diff: 859.7291 / Time: 6.52s
======================================================================================================

= Test = round: 110 / acc: 86.730% / loss: 0.4026 / Time: 0.54s
======================================================================================================

round 110 local learning rate = 9.090909090909092e-05

>>> Round:  111 / Acc: 85.967% / Loss: 0.4313 / Grad Norm: 1.8634 / Grad Diff: 857.3832 / Time: 6.53s
======================================================================================================

round 111 local learning rate = 9.009009009009009e-05

>>> Round:  112 / Acc: 85.976% / Loss: 0.4303 / Grad Norm: 1.8812 / Grad Diff: 856.2267 / Time: 6.60s
======================================================================================================

round 112 local learning rate = 8.928571428571429e-05

>>> Round:  113 / Acc: 86.017% / Loss: 0.4294 / Grad Norm: 1.8878 / Grad Diff: 855.0548 / Time: 6.52s
======================================================================================================

round 113 local learning rate = 8.849557522123894e-05

>>> Round:  114 / Acc: 86.033% / Loss: 0.4284 / Grad Norm: 1.7981 / Grad Diff: 851.2859 / Time: 6.59s
======================================================================================================

round 114 local learning rate = 8.771929824561404e-05

>>> Round:  115 / Acc: 86.065% / Loss: 0.4274 / Grad Norm: 1.7637 / Grad Diff: 848.8516 / Time: 6.64s
======================================================================================================

= Test = round: 115 / acc: 86.900% / loss: 0.3982 / Time: 0.52s
======================================================================================================

round 115 local learning rate = 8.695652173913044e-05

>>> Round:  116 / Acc: 86.079% / Loss: 0.4264 / Grad Norm: 1.7599 / Grad Diff: 847.1645 / Time: 6.63s
======================================================================================================

round 116 local learning rate = 8.620689655172414e-05

>>> Round:  117 / Acc: 86.131% / Loss: 0.4256 / Grad Norm: 1.7754 / Grad Diff: 845.8958 / Time: 6.52s
======================================================================================================

round 117 local learning rate = 8.547008547008547e-05

>>> Round:  118 / Acc: 86.172% / Loss: 0.4247 / Grad Norm: 1.7520 / Grad Diff: 843.9319 / Time: 6.52s
======================================================================================================

round 118 local learning rate = 8.474576271186441e-05

>>> Round:  119 / Acc: 86.196% / Loss: 0.4238 / Grad Norm: 1.7120 / Grad Diff: 841.4151 / Time: 6.52s
======================================================================================================

round 119 local learning rate = 8.403361344537815e-05

>>> Round:  120 / Acc: 86.221% / Loss: 0.4229 / Grad Norm: 1.6719 / Grad Diff: 838.8761 / Time: 8.33s
======================================================================================================

= Test = round: 120 / acc: 87.070% / loss: 0.3940 / Time: 0.58s
======================================================================================================

round 120 local learning rate = 8.333333333333333e-05

>>> Round:  121 / Acc: 86.247% / Loss: 0.4221 / Grad Norm: 1.7068 / Grad Diff: 838.0905 / Time: 6.56s
======================================================================================================

round 121 local learning rate = 8.264462809917356e-05

>>> Round:  122 / Acc: 86.286% / Loss: 0.4213 / Grad Norm: 1.6953 / Grad Diff: 836.3469 / Time: 6.59s
======================================================================================================

round 122 local learning rate = 8.19672131147541e-05

>>> Round:  123 / Acc: 86.319% / Loss: 0.4206 / Grad Norm: 1.7504 / Grad Diff: 836.3162 / Time: 7.39s
======================================================================================================

round 123 local learning rate = 8.130081300813008e-05

>>> Round:  124 / Acc: 86.347% / Loss: 0.4198 / Grad Norm: 1.7636 / Grad Diff: 835.0892 / Time: 6.58s
======================================================================================================

round 124 local learning rate = 8.064516129032258e-05

>>> Round:  125 / Acc: 86.367% / Loss: 0.4190 / Grad Norm: 1.7782 / Grad Diff: 833.9643 / Time: 7.14s
======================================================================================================

= Test = round: 125 / acc: 87.130% / loss: 0.3902 / Time: 0.53s
======================================================================================================

round 125 local learning rate = 8e-05

>>> Round:  126 / Acc: 86.426% / Loss: 0.4182 / Grad Norm: 1.7398 / Grad Diff: 831.5255 / Time: 6.54s
======================================================================================================

round 126 local learning rate = 7.936507936507937e-05

>>> Round:  127 / Acc: 86.452% / Loss: 0.4174 / Grad Norm: 1.7152 / Grad Diff: 829.7557 / Time: 5.85s
======================================================================================================

round 127 local learning rate = 7.874015748031496e-05

>>> Round:  128 / Acc: 86.478% / Loss: 0.4166 / Grad Norm: 1.7046 / Grad Diff: 827.9545 / Time: 6.48s
======================================================================================================

round 128 local learning rate = 7.8125e-05

>>> Round:  129 / Acc: 86.502% / Loss: 0.4159 / Grad Norm: 1.7244 / Grad Diff: 827.0893 / Time: 6.43s
======================================================================================================

round 129 local learning rate = 7.751937984496124e-05

>>> Round:  130 / Acc: 86.530% / Loss: 0.4151 / Grad Norm: 1.7319 / Grad Diff: 826.0878 / Time: 7.25s
======================================================================================================

= Test = round: 130 / acc: 87.290% / loss: 0.3865 / Time: 0.56s
======================================================================================================

round 130 local learning rate = 7.692307692307693e-05

>>> Round:  131 / Acc: 86.557% / Loss: 0.4143 / Grad Norm: 1.6578 / Grad Diff: 822.9438 / Time: 6.57s
======================================================================================================

round 131 local learning rate = 7.633587786259542e-05

>>> Round:  132 / Acc: 86.565% / Loss: 0.4136 / Grad Norm: 1.7161 / Grad Diff: 822.8232 / Time: 6.39s
======================================================================================================

round 132 local learning rate = 7.575757575757576e-05

>>> Round:  133 / Acc: 86.587% / Loss: 0.4129 / Grad Norm: 1.6892 / Grad Diff: 820.8854 / Time: 6.49s
======================================================================================================

round 133 local learning rate = 7.518796992481203e-05

>>> Round:  134 / Acc: 86.616% / Loss: 0.4122 / Grad Norm: 1.7416 / Grad Diff: 820.7903 / Time: 6.46s
======================================================================================================

round 134 local learning rate = 7.462686567164179e-05

>>> Round:  135 / Acc: 86.640% / Loss: 0.4115 / Grad Norm: 1.7130 / Grad Diff: 818.4378 / Time: 8.34s
======================================================================================================

= Test = round: 135 / acc: 87.390% / loss: 0.3829 / Time: 0.56s
======================================================================================================

round 135 local learning rate = 7.407407407407407e-05

>>> Round:  136 / Acc: 86.683% / Loss: 0.4107 / Grad Norm: 1.6799 / Grad Diff: 816.6034 / Time: 7.34s
======================================================================================================

round 136 local learning rate = 7.352941176470589e-05

>>> Round:  137 / Acc: 86.708% / Loss: 0.4099 / Grad Norm: 1.6306 / Grad Diff: 813.9858 / Time: 6.35s
======================================================================================================

round 137 local learning rate = 7.299270072992701e-05

>>> Round:  138 / Acc: 86.732% / Loss: 0.4093 / Grad Norm: 1.6583 / Grad Diff: 813.1181 / Time: 6.51s
======================================================================================================

round 138 local learning rate = 7.246376811594203e-05

>>> Round:  139 / Acc: 86.751% / Loss: 0.4086 / Grad Norm: 1.6353 / Grad Diff: 811.1833 / Time: 6.42s
======================================================================================================

round 139 local learning rate = 7.194244604316547e-05

>>> Round:  140 / Acc: 86.773% / Loss: 0.4078 / Grad Norm: 1.5990 / Grad Diff: 809.1247 / Time: 6.54s
======================================================================================================

= Test = round: 140 / acc: 87.620% / loss: 0.3796 / Time: 0.53s
======================================================================================================

round 140 local learning rate = 7.142857142857143e-05

>>> Round:  141 / Acc: 86.808% / Loss: 0.4071 / Grad Norm: 1.5676 / Grad Diff: 807.0080 / Time: 6.47s
======================================================================================================

round 141 local learning rate = 7.092198581560284e-05

>>> Round:  142 / Acc: 86.804% / Loss: 0.4064 / Grad Norm: 1.5870 / Grad Diff: 806.1447 / Time: 6.47s
======================================================================================================

round 142 local learning rate = 7.042253521126761e-05

>>> Round:  143 / Acc: 86.847% / Loss: 0.4058 / Grad Norm: 1.5607 / Grad Diff: 804.4279 / Time: 6.53s
======================================================================================================

round 143 local learning rate = 6.993006993006993e-05

>>> Round:  144 / Acc: 86.854% / Loss: 0.4051 / Grad Norm: 1.5782 / Grad Diff: 803.6060 / Time: 6.54s
======================================================================================================

round 144 local learning rate = 6.944444444444444e-05

>>> Round:  145 / Acc: 86.876% / Loss: 0.4045 / Grad Norm: 1.5482 / Grad Diff: 801.5044 / Time: 6.61s
======================================================================================================

= Test = round: 145 / acc: 87.690% / loss: 0.3764 / Time: 0.55s
======================================================================================================

round 145 local learning rate = 6.896551724137931e-05

>>> Round:  146 / Acc: 86.897% / Loss: 0.4038 / Grad Norm: 1.5416 / Grad Diff: 800.0721 / Time: 6.46s
======================================================================================================

round 146 local learning rate = 6.84931506849315e-05

>>> Round:  147 / Acc: 86.906% / Loss: 0.4031 / Grad Norm: 1.5318 / Grad Diff: 798.5330 / Time: 6.52s
======================================================================================================

round 147 local learning rate = 6.802721088435374e-05

>>> Round:  148 / Acc: 86.923% / Loss: 0.4025 / Grad Norm: 1.5308 / Grad Diff: 797.3057 / Time: 6.52s
======================================================================================================

round 148 local learning rate = 6.756756756756757e-05

>>> Round:  149 / Acc: 86.937% / Loss: 0.4020 / Grad Norm: 1.5566 / Grad Diff: 796.6171 / Time: 6.44s
======================================================================================================

round 149 local learning rate = 6.711409395973155e-05

>>> Round:  150 / Acc: 86.956% / Loss: 0.4013 / Grad Norm: 1.5201 / Grad Diff: 794.5835 / Time: 6.43s
======================================================================================================

= Test = round: 150 / acc: 87.790% / loss: 0.3733 / Time: 0.52s
======================================================================================================

round 150 local learning rate = 6.666666666666667e-05

>>> Round:  151 / Acc: 86.985% / Loss: 0.4006 / Grad Norm: 1.5034 / Grad Diff: 792.9544 / Time: 6.48s
======================================================================================================

round 151 local learning rate = 6.622516556291391e-05

>>> Round:  152 / Acc: 87.011% / Loss: 0.4001 / Grad Norm: 1.5414 / Grad Diff: 792.7107 / Time: 7.39s
======================================================================================================

round 152 local learning rate = 6.578947368421052e-05

>>> Round:  153 / Acc: 87.017% / Loss: 0.3995 / Grad Norm: 1.5446 / Grad Diff: 791.5386 / Time: 6.47s
======================================================================================================

round 153 local learning rate = 6.535947712418301e-05

>>> Round:  154 / Acc: 87.044% / Loss: 0.3988 / Grad Norm: 1.4950 / Grad Diff: 789.0472 / Time: 5.76s
======================================================================================================

round 154 local learning rate = 6.493506493506494e-05

>>> Round:  155 / Acc: 87.077% / Loss: 0.3982 / Grad Norm: 1.4775 / Grad Diff: 787.3285 / Time: 6.46s
======================================================================================================

= Test = round: 155 / acc: 87.940% / loss: 0.3704 / Time: 0.53s
======================================================================================================

round 155 local learning rate = 6.451612903225807e-05

>>> Round:  156 / Acc: 87.089% / Loss: 0.3977 / Grad Norm: 1.5131 / Grad Diff: 786.9637 / Time: 6.65s
======================================================================================================

round 156 local learning rate = 6.41025641025641e-05

>>> Round:  157 / Acc: 87.101% / Loss: 0.3972 / Grad Norm: 1.5524 / Grad Diff: 786.7373 / Time: 6.53s
======================================================================================================

round 157 local learning rate = 6.369426751592357e-05

>>> Round:  158 / Acc: 87.113% / Loss: 0.3965 / Grad Norm: 1.5120 / Grad Diff: 784.7063 / Time: 6.62s
======================================================================================================

round 158 local learning rate = 6.329113924050633e-05

>>> Round:  159 / Acc: 87.149% / Loss: 0.3960 / Grad Norm: 1.4971 / Grad Diff: 783.0802 / Time: 6.65s
======================================================================================================

round 159 local learning rate = 6.289308176100629e-05

>>> Round:  160 / Acc: 87.194% / Loss: 0.3953 / Grad Norm: 1.4478 / Grad Diff: 780.8971 / Time: 8.18s
======================================================================================================

= Test = round: 160 / acc: 88.040% / loss: 0.3677 / Time: 0.58s
======================================================================================================

round 160 local learning rate = 6.25e-05

>>> Round:  161 / Acc: 87.190% / Loss: 0.3948 / Grad Norm: 1.4887 / Grad Diff: 780.5607 / Time: 6.50s
======================================================================================================

round 161 local learning rate = 6.211180124223603e-05

>>> Round:  162 / Acc: 87.214% / Loss: 0.3943 / Grad Norm: 1.5139 / Grad Diff: 779.9676 / Time: 6.73s
======================================================================================================

round 162 local learning rate = 6.17283950617284e-05

>>> Round:  163 / Acc: 87.236% / Loss: 0.3937 / Grad Norm: 1.4649 / Grad Diff: 777.7088 / Time: 6.56s
======================================================================================================

round 163 local learning rate = 6.134969325153375e-05

>>> Round:  164 / Acc: 87.260% / Loss: 0.3932 / Grad Norm: 1.4466 / Grad Diff: 776.3427 / Time: 6.42s
======================================================================================================

round 164 local learning rate = 6.097560975609756e-05

>>> Round:  165 / Acc: 87.269% / Loss: 0.3927 / Grad Norm: 1.4459 / Grad Diff: 775.4960 / Time: 6.55s
======================================================================================================

= Test = round: 165 / acc: 88.100% / loss: 0.3651 / Time: 0.55s
======================================================================================================

round 165 local learning rate = 6.0606060606060605e-05

>>> Round:  166 / Acc: 87.279% / Loss: 0.3922 / Grad Norm: 1.4720 / Grad Diff: 774.9049 / Time: 6.42s
======================================================================================================

round 166 local learning rate = 6.024096385542169e-05

>>> Round:  167 / Acc: 87.280% / Loss: 0.3917 / Grad Norm: 1.4922 / Grad Diff: 774.2584 / Time: 6.59s
======================================================================================================

round 167 local learning rate = 5.988023952095808e-05

>>> Round:  168 / Acc: 87.299% / Loss: 0.3912 / Grad Norm: 1.4904 / Grad Diff: 772.8921 / Time: 6.47s
======================================================================================================

round 168 local learning rate = 5.9523809523809524e-05

>>> Round:  169 / Acc: 87.321% / Loss: 0.3906 / Grad Norm: 1.4518 / Grad Diff: 771.1153 / Time: 6.47s
======================================================================================================

round 169 local learning rate = 5.9171597633136094e-05

>>> Round:  170 / Acc: 87.354% / Loss: 0.3901 / Grad Norm: 1.4478 / Grad Diff: 769.8986 / Time: 6.45s
======================================================================================================

= Test = round: 170 / acc: 88.230% / loss: 0.3626 / Time: 0.53s
======================================================================================================

round 170 local learning rate = 5.882352941176471e-05

>>> Round:  171 / Acc: 87.382% / Loss: 0.3895 / Grad Norm: 1.4311 / Grad Diff: 768.3884 / Time: 6.46s
======================================================================================================

round 171 local learning rate = 5.847953216374269e-05

>>> Round:  172 / Acc: 87.387% / Loss: 0.3891 / Grad Norm: 1.4745 / Grad Diff: 768.0423 / Time: 6.85s
======================================================================================================

round 172 local learning rate = 5.8139534883720933e-05

>>> Round:  173 / Acc: 87.406% / Loss: 0.3886 / Grad Norm: 1.4723 / Grad Diff: 766.9985 / Time: 5.99s
======================================================================================================

round 173 local learning rate = 5.7803468208092484e-05

>>> Round:  174 / Acc: 87.428% / Loss: 0.3880 / Grad Norm: 1.4338 / Grad Diff: 765.1861 / Time: 6.52s
======================================================================================================

round 174 local learning rate = 5.747126436781609e-05

>>> Round:  175 / Acc: 87.459% / Loss: 0.3875 / Grad Norm: 1.3916 / Grad Diff: 762.9996 / Time: 6.63s
======================================================================================================

= Test = round: 175 / acc: 88.290% / loss: 0.3602 / Time: 0.54s
======================================================================================================

round 175 local learning rate = 5.714285714285714e-05

>>> Round:  176 / Acc: 87.483% / Loss: 0.3869 / Grad Norm: 1.3716 / Grad Diff: 761.5854 / Time: 6.68s
======================================================================================================

round 176 local learning rate = 5.681818181818182e-05

>>> Round:  177 / Acc: 87.500% / Loss: 0.3864 / Grad Norm: 1.3379 / Grad Diff: 759.6382 / Time: 6.37s
======================================================================================================

round 177 local learning rate = 5.649717514124294e-05

>>> Round:  178 / Acc: 87.513% / Loss: 0.3860 / Grad Norm: 1.3475 / Grad Diff: 759.0112 / Time: 6.82s
======================================================================================================

round 178 local learning rate = 5.617977528089888e-05

>>> Round:  179 / Acc: 87.528% / Loss: 0.3855 / Grad Norm: 1.3746 / Grad Diff: 758.7139 / Time: 6.85s
======================================================================================================

round 179 local learning rate = 5.58659217877095e-05

>>> Round:  180 / Acc: 87.535% / Loss: 0.3851 / Grad Norm: 1.3704 / Grad Diff: 757.6270 / Time: 6.58s
======================================================================================================

= Test = round: 180 / acc: 88.370% / loss: 0.3579 / Time: 0.58s
======================================================================================================

round 180 local learning rate = 5.555555555555556e-05

>>> Round:  181 / Acc: 87.548% / Loss: 0.3846 / Grad Norm: 1.3911 / Grad Diff: 757.0034 / Time: 6.45s
======================================================================================================

round 181 local learning rate = 5.524861878453039e-05

>>> Round:  182 / Acc: 87.561% / Loss: 0.3842 / Grad Norm: 1.4194 / Grad Diff: 756.6855 / Time: 6.54s
======================================================================================================

round 182 local learning rate = 5.4945054945054945e-05

>>> Round:  183 / Acc: 87.585% / Loss: 0.3838 / Grad Norm: 1.4386 / Grad Diff: 756.1752 / Time: 6.50s
======================================================================================================

round 183 local learning rate = 5.46448087431694e-05

>>> Round:  184 / Acc: 87.590% / Loss: 0.3832 / Grad Norm: 1.4012 / Grad Diff: 754.3376 / Time: 6.50s
======================================================================================================

round 184 local learning rate = 5.4347826086956524e-05

>>> Round:  185 / Acc: 87.614% / Loss: 0.3828 / Grad Norm: 1.4023 / Grad Diff: 753.4343 / Time: 6.45s
======================================================================================================

= Test = round: 185 / acc: 88.450% / loss: 0.3558 / Time: 0.52s
======================================================================================================

round 185 local learning rate = 5.4054054054054054e-05

>>> Round:  186 / Acc: 87.618% / Loss: 0.3823 / Grad Norm: 1.4043 / Grad Diff: 752.2945 / Time: 6.45s
======================================================================================================

round 186 local learning rate = 5.3763440860215054e-05

>>> Round:  187 / Acc: 87.644% / Loss: 0.3819 / Grad Norm: 1.3808 / Grad Diff: 750.9829 / Time: 6.40s
======================================================================================================

round 187 local learning rate = 5.347593582887701e-05

>>> Round:  188 / Acc: 87.653% / Loss: 0.3815 / Grad Norm: 1.4149 / Grad Diff: 750.8982 / Time: 6.58s
======================================================================================================

round 188 local learning rate = 5.319148936170213e-05

>>> Round:  189 / Acc: 87.666% / Loss: 0.3810 / Grad Norm: 1.3894 / Grad Diff: 749.5254 / Time: 6.60s
======================================================================================================

round 189 local learning rate = 5.291005291005291e-05

>>> Round:  190 / Acc: 87.686% / Loss: 0.3806 / Grad Norm: 1.3961 / Grad Diff: 748.6075 / Time: 6.48s
======================================================================================================

= Test = round: 190 / acc: 88.530% / loss: 0.3536 / Time: 0.51s
======================================================================================================

round 190 local learning rate = 5.2631578947368424e-05

>>> Round:  191 / Acc: 87.686% / Loss: 0.3802 / Grad Norm: 1.3812 / Grad Diff: 747.4816 / Time: 6.42s
======================================================================================================

round 191 local learning rate = 5.2356020942408376e-05

>>> Round:  192 / Acc: 87.710% / Loss: 0.3797 / Grad Norm: 1.3571 / Grad Diff: 746.0806 / Time: 6.42s
======================================================================================================

round 192 local learning rate = 5.208333333333334e-05

>>> Round:  193 / Acc: 87.721% / Loss: 0.3793 / Grad Norm: 1.3730 / Grad Diff: 745.5699 / Time: 6.65s
======================================================================================================

round 193 local learning rate = 5.1813471502590674e-05

>>> Round:  194 / Acc: 87.732% / Loss: 0.3788 / Grad Norm: 1.3440 / Grad Diff: 743.8415 / Time: 6.54s
======================================================================================================

round 194 local learning rate = 5.154639175257732e-05

>>> Round:  195 / Acc: 87.755% / Loss: 0.3784 / Grad Norm: 1.3625 / Grad Diff: 743.4431 / Time: 6.45s
======================================================================================================

= Test = round: 195 / acc: 88.640% / loss: 0.3516 / Time: 0.52s
======================================================================================================

round 195 local learning rate = 5.1282051282051286e-05

>>> Round:  196 / Acc: 87.769% / Loss: 0.3780 / Grad Norm: 1.3532 / Grad Diff: 742.1360 / Time: 6.70s
======================================================================================================

round 196 local learning rate = 5.102040816326531e-05

>>> Round:  197 / Acc: 87.790% / Loss: 0.3776 / Grad Norm: 1.3493 / Grad Diff: 741.0304 / Time: 6.57s
======================================================================================================

round 197 local learning rate = 5.076142131979695e-05

>>> Round:  198 / Acc: 87.797% / Loss: 0.3771 / Grad Norm: 1.3378 / Grad Diff: 739.6690 / Time: 6.52s
======================================================================================================

round 198 local learning rate = 5.0505050505050505e-05

>>> Round:  199 / Acc: 87.823% / Loss: 0.3767 / Grad Norm: 1.3333 / Grad Diff: 738.6987 / Time: 6.57s
======================================================================================================

round 199 local learning rate = 5.0251256281407036e-05

>>> Round:  200 / Acc: 87.830% / Loss: 0.3763 / Grad Norm: 1.3640 / Grad Diff: 738.4386 / Time: 6.54s
======================================================================================================

= Test = round: 200 / acc: 88.720% / loss: 0.3497 / Time: 0.52s
======================================================================================================

