nohup: ignoring input
Traceback (most recent call last):
  File "main_mnist_mnist_m.py", line 6, in <module>
    import torch
  File "/home/chaopan2/miniconda3/envs/graph_unlearn/lib/python3.7/site-packages/torch/__init__.py", line 29, in <module>
    from .torch_version import __version__ as __version__
  File "/home/chaopan2/miniconda3/envs/graph_unlearn/lib/python3.7/site-packages/torch/torch_version.py", line 3, in <module>
    from pkg_resources import packaging  # type: ignore[attr-defined]
  File "/home/chaopan2/miniconda3/envs/graph_unlearn/lib/python3.7/site-packages/pkg_resources/__init__.py", line 33, in <module>
    import email.parser
  File "/home/chaopan2/miniconda3/envs/graph_unlearn/lib/python3.7/email/parser.py", line 12, in <module>
    from email.feedparser import FeedParser, BytesFeedParser
  File "/home/chaopan2/miniconda3/envs/graph_unlearn/lib/python3.7/email/feedparser.py", line 31, in <module>
    NLCRE = re.compile(r'\r\n|\r|\n')
  File "/home/chaopan2/miniconda3/envs/graph_unlearn/lib/python3.7/re.py", line 236, in compile
    return _compile(pattern, flags)
  File "/home/chaopan2/miniconda3/envs/graph_unlearn/lib/python3.7/re.py", line 288, in _compile
    p = sre_compile.compile(pattern, flags)
  File "/home/chaopan2/miniconda3/envs/graph_unlearn/lib/python3.7/sre_compile.py", line 764, in compile
    p = sre_parse.parse(p, flags)
  File "/home/chaopan2/miniconda3/envs/graph_unlearn/lib/python3.7/sre_parse.py", line 924, in parse
    p = _parse_sub(source, pattern, flags & SRE_FLAG_VERBOSE, 0)
  File "/home/chaopan2/miniconda3/envs/graph_unlearn/lib/python3.7/sre_parse.py", line 420, in _parse_sub
    not nested and not items))
  File "/home/chaopan2/miniconda3/envs/graph_unlearn/lib/python3.7/sre_parse.py", line 828, in _parse
    for i in range(len(subpattern))[::-1]:
KeyboardInterrupt
