nohup: ignoring input
Using device: cuda:0
>>> Arguments:
	             algo : fedavgtl
	            alpha : 51871.0
	       batch_size : 64
	clients_per_round : 100
	          dataset : mnist_all_data_1_equal_niid
	           device : cuda:0
	              dis : 
	   early_stopping : 20
	       eval_every : 5
	    ft_batch_size : 128
	       ft_dataset : mnist-m
	        ft_epochs : 2
	            ft_lr : 0.01
	            ft_wd : 0.0
	              gpu : True
	      input_shape : (1, 28, 28)
	           last_k : 2
	               lr : 0.01
	            model : lenet
	           n_init : 5
	        noaverage : False
	          noprint : False
	        num_class : 10
	        num_epoch : 1
	        num_round : 200
	           opt_lr : False
	            reg_J : True
	       reg_J_coef : 0.0001
	             seed : 0
	               wd : 0.0001
>>> Read data from:
     ./data/mnist/data/all_data_1.pkl
>>> The estimate of constant alpha is 51871.0.
>>> Read data from:
     ./data/mnist/data/train/all_data_1_equal_niid.pkl
     ./data/mnist/data/test/all_data_1_equal_niid.pkl
>>> Use gpu on device cuda:0
>>> Model statistic per layer
LeNet_MNIST(
  286.12 KMac, 100.000% MACs, 
  (conv1): Conv2d(89.856 KMac, 31.405% MACs, 1, 6, kernel_size=(5, 5), stride=(1, 1))
  (conv2): Conv2d(154.624 KMac, 54.042% MACs, 6, 16, kernel_size=(5, 5), stride=(1, 1))
  (fc1): Linear(30.72 KMac, 10.737% MACs, in_features=256, out_features=120, bias=True)
  (fc2): Linear(10.08 KMac, 3.523% MACs, in_features=120, out_features=84, bias=True)
  (fc3): Linear(840.0 Mac, 0.294% MACs, in_features=84, out_features=10, bias=True)
)
>>> Activate a worker for training
>>> Initialize 100 clients in total
>>> Weigh updates by simple average
>>> Select 100 clients per round 


>>> Round:    0 / Acc: 11.766% / Loss: 6.9568 / Grad Norm: 78.4207 / Grad Diff: 19468.7024 / Time: 6.47s
======================================================================================================

= Test = round: 0 / acc: 12.370% / loss: 6.8405 / Time: 0.51s
======================================================================================================

round 0 local learning rate = 0.01

>>> Round:    1 / Acc: 17.930% / Loss: 2.2823 / Grad Norm: 3.5864 / Grad Diff: 112.7297 / Time: 6.29s
======================================================================================================

round 1 local learning rate = 0.01

>>> Round:    2 / Acc: 34.144% / Loss: 1.9159 / Grad Norm: 4.5862 / Grad Diff: 238.5092 / Time: 6.17s
======================================================================================================

round 2 local learning rate = 0.005

>>> Round:    3 / Acc: 48.216% / Loss: 1.5688 / Grad Norm: 5.6415 / Grad Diff: 496.2200 / Time: 6.42s
======================================================================================================

round 3 local learning rate = 0.0033333333333333335

>>> Round:    4 / Acc: 56.900% / Loss: 1.3349 / Grad Norm: 5.6326 / Grad Diff: 677.7732 / Time: 6.46s
======================================================================================================

round 4 local learning rate = 0.0025

>>> Round:    5 / Acc: 61.720% / Loss: 1.1842 / Grad Norm: 5.0920 / Grad Diff: 776.6411 / Time: 6.41s
======================================================================================================

= Test = round: 5 / acc: 64.360% / loss: 1.1267 / Time: 0.52s
======================================================================================================

round 5 local learning rate = 0.002

>>> Round:    6 / Acc: 64.928% / Loss: 1.0831 / Grad Norm: 4.7926 / Grad Diff: 840.8250 / Time: 6.60s
======================================================================================================

round 6 local learning rate = 0.0016666666666666668

>>> Round:    7 / Acc: 67.314% / Loss: 1.0087 / Grad Norm: 4.5927 / Grad Diff: 884.6492 / Time: 6.50s
======================================================================================================

round 7 local learning rate = 0.0014285714285714286

>>> Round:    8 / Acc: 69.197% / Loss: 0.9506 / Grad Norm: 4.3736 / Grad Diff: 908.5436 / Time: 6.31s
======================================================================================================

round 8 local learning rate = 0.00125

>>> Round:    9 / Acc: 70.834% / Loss: 0.9028 / Grad Norm: 4.1979 / Grad Diff: 924.1572 / Time: 6.31s
======================================================================================================

round 9 local learning rate = 0.0011111111111111111

>>> Round:   10 / Acc: 72.113% / Loss: 0.8636 / Grad Norm: 4.0522 / Grad Diff: 934.3337 / Time: 6.28s
======================================================================================================

= Test = round: 10 / acc: 74.270% / loss: 0.8048 / Time: 0.51s
======================================================================================================

round 10 local learning rate = 0.001

>>> Round:   11 / Acc: 73.137% / Loss: 0.8310 / Grad Norm: 3.9628 / Grad Diff: 943.1636 / Time: 6.39s
======================================================================================================

round 11 local learning rate = 0.0009090909090909091

>>> Round:   12 / Acc: 74.074% / Loss: 0.8025 / Grad Norm: 3.8792 / Grad Diff: 944.6493 / Time: 6.91s
======================================================================================================

round 12 local learning rate = 0.0008333333333333334

>>> Round:   13 / Acc: 74.858% / Loss: 0.7780 / Grad Norm: 3.7772 / Grad Diff: 944.1286 / Time: 6.62s
======================================================================================================

round 13 local learning rate = 0.0007692307692307692

>>> Round:   14 / Acc: 75.526% / Loss: 0.7566 / Grad Norm: 3.6928 / Grad Diff: 945.8226 / Time: 6.34s
======================================================================================================

round 14 local learning rate = 0.0007142857142857143

>>> Round:   15 / Acc: 76.138% / Loss: 0.7374 / Grad Norm: 3.5757 / Grad Diff: 945.0735 / Time: 6.30s
======================================================================================================

= Test = round: 15 / acc: 77.970% / loss: 0.6833 / Time: 0.50s
======================================================================================================

round 15 local learning rate = 0.0006666666666666666

>>> Round:   16 / Acc: 76.688% / Loss: 0.7203 / Grad Norm: 3.4762 / Grad Diff: 946.5422 / Time: 5.59s
======================================================================================================

round 16 local learning rate = 0.000625

>>> Round:   17 / Acc: 77.161% / Loss: 0.7052 / Grad Norm: 3.4354 / Grad Diff: 946.9392 / Time: 6.31s
======================================================================================================

round 17 local learning rate = 0.0005882352941176471

>>> Round:   18 / Acc: 77.681% / Loss: 0.6916 / Grad Norm: 3.3190 / Grad Diff: 946.7859 / Time: 6.34s
======================================================================================================

round 18 local learning rate = 0.0005555555555555556

>>> Round:   19 / Acc: 78.017% / Loss: 0.6789 / Grad Norm: 3.2730 / Grad Diff: 944.9645 / Time: 6.35s
======================================================================================================

round 19 local learning rate = 0.0005263157894736842

>>> Round:   20 / Acc: 78.391% / Loss: 0.6673 / Grad Norm: 3.1819 / Grad Diff: 942.8423 / Time: 6.30s
======================================================================================================

= Test = round: 20 / acc: 80.150% / loss: 0.6167 / Time: 0.50s
======================================================================================================

round 20 local learning rate = 0.0005

>>> Round:   21 / Acc: 78.815% / Loss: 0.6567 / Grad Norm: 3.1556 / Grad Diff: 941.6270 / Time: 6.86s
======================================================================================================

round 21 local learning rate = 0.0004761904761904762

>>> Round:   22 / Acc: 79.131% / Loss: 0.6470 / Grad Norm: 3.0846 / Grad Diff: 940.6770 / Time: 6.47s
======================================================================================================

round 22 local learning rate = 0.00045454545454545455

>>> Round:   23 / Acc: 79.424% / Loss: 0.6379 / Grad Norm: 3.0801 / Grad Diff: 939.4973 / Time: 6.26s
======================================================================================================

round 23 local learning rate = 0.0004347826086956522

>>> Round:   24 / Acc: 79.758% / Loss: 0.6292 / Grad Norm: 2.9822 / Grad Diff: 937.6760 / Time: 6.47s
======================================================================================================

round 24 local learning rate = 0.0004166666666666667

>>> Round:   25 / Acc: 80.006% / Loss: 0.6215 / Grad Norm: 3.0039 / Grad Diff: 937.1314 / Time: 6.53s
======================================================================================================

= Test = round: 25 / acc: 81.540% / loss: 0.5741 / Time: 0.54s
======================================================================================================

round 25 local learning rate = 0.0004

>>> Round:   26 / Acc: 80.292% / Loss: 0.6135 / Grad Norm: 2.8577 / Grad Diff: 932.6315 / Time: 6.45s
======================================================================================================

round 26 local learning rate = 0.0003846153846153846

>>> Round:   27 / Acc: 80.450% / Loss: 0.6071 / Grad Norm: 2.9213 / Grad Diff: 933.3579 / Time: 6.38s
======================================================================================================

round 27 local learning rate = 0.00037037037037037035

>>> Round:   28 / Acc: 80.673% / Loss: 0.6006 / Grad Norm: 2.8809 / Grad Diff: 931.7078 / Time: 6.75s
======================================================================================================

round 28 local learning rate = 0.00035714285714285714

>>> Round:   29 / Acc: 80.910% / Loss: 0.5942 / Grad Norm: 2.8274 / Grad Diff: 929.4440 / Time: 6.32s
======================================================================================================

round 29 local learning rate = 0.0003448275862068966

>>> Round:   30 / Acc: 81.125% / Loss: 0.5885 / Grad Norm: 2.7923 / Grad Diff: 929.3274 / Time: 7.34s
======================================================================================================

= Test = round: 30 / acc: 82.650% / loss: 0.5432 / Time: 0.68s
======================================================================================================

round 30 local learning rate = 0.0003333333333333333

>>> Round:   31 / Acc: 81.277% / Loss: 0.5828 / Grad Norm: 2.7555 / Grad Diff: 927.5102 / Time: 6.29s
======================================================================================================

round 31 local learning rate = 0.0003225806451612903

>>> Round:   32 / Acc: 81.459% / Loss: 0.5774 / Grad Norm: 2.7146 / Grad Diff: 925.6966 / Time: 8.27s
======================================================================================================

round 32 local learning rate = 0.0003125

>>> Round:   33 / Acc: 81.635% / Loss: 0.5722 / Grad Norm: 2.6422 / Grad Diff: 923.5479 / Time: 7.84s
======================================================================================================

round 33 local learning rate = 0.00030303030303030303

>>> Round:   34 / Acc: 81.760% / Loss: 0.5673 / Grad Norm: 2.6029 / Grad Diff: 921.8166 / Time: 6.41s
======================================================================================================

round 34 local learning rate = 0.00029411764705882356

>>> Round:   35 / Acc: 81.878% / Loss: 0.5627 / Grad Norm: 2.5853 / Grad Diff: 920.6418 / Time: 6.46s
======================================================================================================

= Test = round: 35 / acc: 83.340% / loss: 0.5196 / Time: 0.52s
======================================================================================================

round 35 local learning rate = 0.00028571428571428574

>>> Round:   36 / Acc: 82.009% / Loss: 0.5582 / Grad Norm: 2.5633 / Grad Diff: 918.6123 / Time: 6.60s
======================================================================================================

round 36 local learning rate = 0.0002777777777777778

>>> Round:   37 / Acc: 82.164% / Loss: 0.5538 / Grad Norm: 2.5004 / Grad Diff: 916.3218 / Time: 6.43s
======================================================================================================

round 37 local learning rate = 0.0002702702702702703

>>> Round:   38 / Acc: 82.273% / Loss: 0.5500 / Grad Norm: 2.5351 / Grad Diff: 916.6241 / Time: 6.38s
======================================================================================================

round 38 local learning rate = 0.0002631578947368421

>>> Round:   39 / Acc: 82.384% / Loss: 0.5464 / Grad Norm: 2.5788 / Grad Diff: 917.3855 / Time: 6.46s
======================================================================================================

round 39 local learning rate = 0.0002564102564102564

>>> Round:   40 / Acc: 82.498% / Loss: 0.5425 / Grad Norm: 2.5171 / Grad Diff: 914.6235 / Time: 6.45s
======================================================================================================

= Test = round: 40 / acc: 83.940% / loss: 0.5012 / Time: 0.53s
======================================================================================================

round 40 local learning rate = 0.00025

>>> Round:   41 / Acc: 82.637% / Loss: 0.5388 / Grad Norm: 2.4919 / Grad Diff: 913.2140 / Time: 6.41s
======================================================================================================

round 41 local learning rate = 0.00024390243902439024

>>> Round:   42 / Acc: 82.729% / Loss: 0.5356 / Grad Norm: 2.5512 / Grad Diff: 913.9243 / Time: 6.57s
======================================================================================================

round 42 local learning rate = 0.0002380952380952381

>>> Round:   43 / Acc: 82.843% / Loss: 0.5322 / Grad Norm: 2.5137 / Grad Diff: 913.0075 / Time: 7.46s
======================================================================================================

round 43 local learning rate = 0.00023255813953488373

>>> Round:   44 / Acc: 82.935% / Loss: 0.5287 / Grad Norm: 2.4045 / Grad Diff: 910.2215 / Time: 6.76s
======================================================================================================

round 44 local learning rate = 0.00022727272727272727

>>> Round:   45 / Acc: 83.011% / Loss: 0.5255 / Grad Norm: 2.3567 / Grad Diff: 908.7046 / Time: 6.74s
======================================================================================================

= Test = round: 45 / acc: 84.590% / loss: 0.4855 / Time: 0.54s
======================================================================================================

round 45 local learning rate = 0.00022222222222222223

>>> Round:   46 / Acc: 83.111% / Loss: 0.5226 / Grad Norm: 2.3676 / Grad Diff: 907.8533 / Time: 6.63s
======================================================================================================

round 46 local learning rate = 0.0002173913043478261

>>> Round:   47 / Acc: 83.212% / Loss: 0.5197 / Grad Norm: 2.3627 / Grad Diff: 907.1676 / Time: 5.82s
======================================================================================================

round 47 local learning rate = 0.0002127659574468085

>>> Round:   48 / Acc: 83.282% / Loss: 0.5170 / Grad Norm: 2.3413 / Grad Diff: 906.1979 / Time: 5.79s
======================================================================================================

round 48 local learning rate = 0.00020833333333333335

>>> Round:   49 / Acc: 83.371% / Loss: 0.5142 / Grad Norm: 2.3595 / Grad Diff: 905.0055 / Time: 6.13s
======================================================================================================

round 49 local learning rate = 0.00020408163265306123

>>> Round:   50 / Acc: 83.458% / Loss: 0.5115 / Grad Norm: 2.3117 / Grad Diff: 903.0692 / Time: 6.33s
======================================================================================================

= Test = round: 50 / acc: 84.960% / loss: 0.4730 / Time: 0.50s
======================================================================================================

round 50 local learning rate = 0.0002

>>> Round:   51 / Acc: 83.546% / Loss: 0.5087 / Grad Norm: 2.2218 / Grad Diff: 900.7648 / Time: 6.09s
======================================================================================================

round 51 local learning rate = 0.000196078431372549

>>> Round:   52 / Acc: 83.618% / Loss: 0.5063 / Grad Norm: 2.1932 / Grad Diff: 899.3078 / Time: 6.32s
======================================================================================================

round 52 local learning rate = 0.0001923076923076923

>>> Round:   53 / Acc: 83.707% / Loss: 0.5040 / Grad Norm: 2.2030 / Grad Diff: 898.9590 / Time: 6.27s
======================================================================================================

round 53 local learning rate = 0.00018867924528301886

>>> Round:   54 / Acc: 83.788% / Loss: 0.5016 / Grad Norm: 2.2050 / Grad Diff: 897.1899 / Time: 6.17s
======================================================================================================

round 54 local learning rate = 0.00018518518518518518

>>> Round:   55 / Acc: 83.865% / Loss: 0.4993 / Grad Norm: 2.2236 / Grad Diff: 897.0484 / Time: 6.35s
======================================================================================================

= Test = round: 55 / acc: 85.410% / loss: 0.4620 / Time: 0.51s
======================================================================================================

round 55 local learning rate = 0.00018181818181818183

>>> Round:   56 / Acc: 83.935% / Loss: 0.4971 / Grad Norm: 2.2115 / Grad Diff: 895.7717 / Time: 6.29s
======================================================================================================

round 56 local learning rate = 0.00017857142857142857

>>> Round:   57 / Acc: 83.996% / Loss: 0.4949 / Grad Norm: 2.1967 / Grad Diff: 894.8103 / Time: 6.28s
======================================================================================================

round 57 local learning rate = 0.00017543859649122808

>>> Round:   58 / Acc: 84.092% / Loss: 0.4927 / Grad Norm: 2.1361 / Grad Diff: 892.2101 / Time: 6.42s
======================================================================================================

round 58 local learning rate = 0.0001724137931034483

>>> Round:   59 / Acc: 84.151% / Loss: 0.4907 / Grad Norm: 2.1258 / Grad Diff: 891.7888 / Time: 6.16s
======================================================================================================

round 59 local learning rate = 0.00016949152542372882

>>> Round:   60 / Acc: 84.214% / Loss: 0.4888 / Grad Norm: 2.1735 / Grad Diff: 891.6310 / Time: 5.85s
======================================================================================================

= Test = round: 60 / acc: 85.660% / loss: 0.4525 / Time: 0.51s
======================================================================================================

round 60 local learning rate = 0.00016666666666666666

>>> Round:   61 / Acc: 84.268% / Loss: 0.4870 / Grad Norm: 2.2041 / Grad Diff: 892.3460 / Time: 5.64s
======================================================================================================

round 61 local learning rate = 0.0001639344262295082

>>> Round:   62 / Acc: 84.349% / Loss: 0.4849 / Grad Norm: 2.1486 / Grad Diff: 889.5208 / Time: 6.27s
======================================================================================================

round 62 local learning rate = 0.00016129032258064516

>>> Round:   63 / Acc: 84.391% / Loss: 0.4829 / Grad Norm: 2.0820 / Grad Diff: 887.6909 / Time: 6.31s
======================================================================================================

round 63 local learning rate = 0.00015873015873015873

>>> Round:   64 / Acc: 84.454% / Loss: 0.4811 / Grad Norm: 2.0876 / Grad Diff: 885.8060 / Time: 6.23s
======================================================================================================

round 64 local learning rate = 0.00015625

>>> Round:   65 / Acc: 84.518% / Loss: 0.4793 / Grad Norm: 2.1001 / Grad Diff: 884.6947 / Time: 6.44s
======================================================================================================

= Test = round: 65 / acc: 85.840% / loss: 0.4441 / Time: 0.52s
======================================================================================================

round 65 local learning rate = 0.00015384615384615385

>>> Round:   66 / Acc: 84.587% / Loss: 0.4774 / Grad Norm: 2.0669 / Grad Diff: 882.5639 / Time: 7.34s
======================================================================================================

round 66 local learning rate = 0.00015151515151515152

>>> Round:   67 / Acc: 84.633% / Loss: 0.4756 / Grad Norm: 2.0491 / Grad Diff: 881.0896 / Time: 6.34s
======================================================================================================

round 67 local learning rate = 0.00014925373134328358

>>> Round:   68 / Acc: 84.683% / Loss: 0.4739 / Grad Norm: 2.0346 / Grad Diff: 880.0511 / Time: 6.18s
======================================================================================================

round 68 local learning rate = 0.00014705882352941178

>>> Round:   69 / Acc: 84.771% / Loss: 0.4722 / Grad Norm: 2.0259 / Grad Diff: 878.7051 / Time: 6.22s
======================================================================================================

round 69 local learning rate = 0.00014492753623188405

>>> Round:   70 / Acc: 84.806% / Loss: 0.4707 / Grad Norm: 2.0312 / Grad Diff: 878.0633 / Time: 6.33s
======================================================================================================

= Test = round: 70 / acc: 86.040% / loss: 0.4363 / Time: 0.53s
======================================================================================================

round 70 local learning rate = 0.00014285714285714287

>>> Round:   71 / Acc: 84.854% / Loss: 0.4691 / Grad Norm: 2.0265 / Grad Diff: 876.7046 / Time: 6.71s
======================================================================================================

round 71 local learning rate = 0.00014084507042253522

>>> Round:   72 / Acc: 84.882% / Loss: 0.4674 / Grad Norm: 1.9864 / Grad Diff: 874.3605 / Time: 6.45s
======================================================================================================

round 72 local learning rate = 0.0001388888888888889

>>> Round:   73 / Acc: 84.958% / Loss: 0.4659 / Grad Norm: 2.0144 / Grad Diff: 873.3624 / Time: 6.48s
======================================================================================================

round 73 local learning rate = 0.000136986301369863

>>> Round:   74 / Acc: 84.994% / Loss: 0.4644 / Grad Norm: 2.0105 / Grad Diff: 872.5408 / Time: 6.31s
======================================================================================================

round 74 local learning rate = 0.00013513513513513514

>>> Round:   75 / Acc: 85.028% / Loss: 0.4629 / Grad Norm: 1.9583 / Grad Diff: 870.3873 / Time: 6.33s
======================================================================================================

= Test = round: 75 / acc: 86.220% / loss: 0.4293 / Time: 0.51s
======================================================================================================

round 75 local learning rate = 0.00013333333333333334

>>> Round:   76 / Acc: 85.105% / Loss: 0.4613 / Grad Norm: 1.9188 / Grad Diff: 867.8356 / Time: 6.34s
======================================================================================================

round 76 local learning rate = 0.00013157894736842105

>>> Round:   77 / Acc: 85.164% / Loss: 0.4599 / Grad Norm: 1.9335 / Grad Diff: 867.4364 / Time: 6.30s
======================================================================================================

round 77 local learning rate = 0.00012987012987012987

>>> Round:   78 / Acc: 85.218% / Loss: 0.4585 / Grad Norm: 1.8935 / Grad Diff: 865.5637 / Time: 6.37s
======================================================================================================

round 78 local learning rate = 0.0001282051282051282

>>> Round:   79 / Acc: 85.271% / Loss: 0.4572 / Grad Norm: 1.9016 / Grad Diff: 864.6517 / Time: 7.01s
======================================================================================================

round 79 local learning rate = 0.00012658227848101267

>>> Round:   80 / Acc: 85.310% / Loss: 0.4558 / Grad Norm: 1.8913 / Grad Diff: 863.6837 / Time: 6.39s
======================================================================================================

= Test = round: 80 / acc: 86.520% / loss: 0.4228 / Time: 0.65s
======================================================================================================

round 80 local learning rate = 0.000125

>>> Round:   81 / Acc: 85.365% / Loss: 0.4545 / Grad Norm: 1.9345 / Grad Diff: 862.6707 / Time: 6.34s
======================================================================================================

round 81 local learning rate = 0.0001234567901234568

>>> Round:   82 / Acc: 85.413% / Loss: 0.4532 / Grad Norm: 1.9267 / Grad Diff: 860.9336 / Time: 6.25s
======================================================================================================

round 82 local learning rate = 0.00012195121951219512

>>> Round:   83 / Acc: 85.445% / Loss: 0.4519 / Grad Norm: 1.8956 / Grad Diff: 859.2621 / Time: 6.33s
======================================================================================================

round 83 local learning rate = 0.00012048192771084338

>>> Round:   84 / Acc: 85.502% / Loss: 0.4506 / Grad Norm: 1.8872 / Grad Diff: 857.5193 / Time: 6.37s
======================================================================================================

round 84 local learning rate = 0.00011904761904761905

>>> Round:   85 / Acc: 85.559% / Loss: 0.4493 / Grad Norm: 1.8182 / Grad Diff: 854.8342 / Time: 6.19s
======================================================================================================

= Test = round: 85 / acc: 86.700% / loss: 0.4169 / Time: 0.63s
======================================================================================================

round 85 local learning rate = 0.00011764705882352942

>>> Round:   86 / Acc: 85.609% / Loss: 0.4481 / Grad Norm: 1.8058 / Grad Diff: 853.9845 / Time: 6.40s
======================================================================================================

round 86 local learning rate = 0.00011627906976744187

>>> Round:   87 / Acc: 85.635% / Loss: 0.4469 / Grad Norm: 1.8515 / Grad Diff: 853.0231 / Time: 6.40s
======================================================================================================

round 87 local learning rate = 0.00011494252873563218

>>> Round:   88 / Acc: 85.677% / Loss: 0.4458 / Grad Norm: 1.8424 / Grad Diff: 852.3773 / Time: 6.44s
======================================================================================================

round 88 local learning rate = 0.00011363636363636364

>>> Round:   89 / Acc: 85.714% / Loss: 0.4447 / Grad Norm: 1.8790 / Grad Diff: 851.9407 / Time: 6.24s
======================================================================================================

round 89 local learning rate = 0.00011235955056179776

>>> Round:   90 / Acc: 85.756% / Loss: 0.4435 / Grad Norm: 1.8663 / Grad Diff: 850.4524 / Time: 5.65s
======================================================================================================

= Test = round: 90 / acc: 86.900% / loss: 0.4116 / Time: 0.54s
======================================================================================================

round 90 local learning rate = 0.00011111111111111112

>>> Round:   91 / Acc: 85.790% / Loss: 0.4424 / Grad Norm: 1.8533 / Grad Diff: 849.1923 / Time: 6.28s
======================================================================================================

round 91 local learning rate = 0.00010989010989010989

>>> Round:   92 / Acc: 85.830% / Loss: 0.4413 / Grad Norm: 1.8491 / Grad Diff: 848.3037 / Time: 6.30s
======================================================================================================

round 92 local learning rate = 0.00010869565217391305

>>> Round:   93 / Acc: 85.860% / Loss: 0.4402 / Grad Norm: 1.8351 / Grad Diff: 846.6717 / Time: 6.35s
======================================================================================================

round 93 local learning rate = 0.00010752688172043011

>>> Round:   94 / Acc: 85.911% / Loss: 0.4391 / Grad Norm: 1.8319 / Grad Diff: 845.5825 / Time: 6.37s
======================================================================================================

round 94 local learning rate = 0.00010638297872340425

>>> Round:   95 / Acc: 85.952% / Loss: 0.4380 / Grad Norm: 1.8241 / Grad Diff: 844.5273 / Time: 6.39s
======================================================================================================

= Test = round: 95 / acc: 87.070% / loss: 0.4064 / Time: 0.52s
======================================================================================================

round 95 local learning rate = 0.00010526315789473685

>>> Round:   96 / Acc: 85.991% / Loss: 0.4368 / Grad Norm: 1.7308 / Grad Diff: 842.0278 / Time: 6.33s
======================================================================================================

round 96 local learning rate = 0.00010416666666666667

>>> Round:   97 / Acc: 86.033% / Loss: 0.4358 / Grad Norm: 1.7735 / Grad Diff: 840.9109 / Time: 6.43s
======================================================================================================

round 97 local learning rate = 0.00010309278350515464

>>> Round:   98 / Acc: 86.079% / Loss: 0.4346 / Grad Norm: 1.6771 / Grad Diff: 837.8600 / Time: 6.43s
======================================================================================================

round 98 local learning rate = 0.00010204081632653062

>>> Round:   99 / Acc: 86.111% / Loss: 0.4336 / Grad Norm: 1.6768 / Grad Diff: 837.1485 / Time: 6.93s
======================================================================================================

round 99 local learning rate = 0.00010101010101010101

>>> Round:  100 / Acc: 86.153% / Loss: 0.4326 / Grad Norm: 1.6644 / Grad Diff: 835.9189 / Time: 7.49s
======================================================================================================

= Test = round: 100 / acc: 87.260% / loss: 0.4017 / Time: 0.50s
======================================================================================================

round 100 local learning rate = 0.0001

>>> Round:  101 / Acc: 86.177% / Loss: 0.4317 / Grad Norm: 1.6702 / Grad Diff: 835.3199 / Time: 6.48s
======================================================================================================

round 101 local learning rate = 9.900990099009902e-05

>>> Round:  102 / Acc: 86.190% / Loss: 0.4308 / Grad Norm: 1.7094 / Grad Diff: 834.5368 / Time: 6.46s
======================================================================================================

round 102 local learning rate = 9.80392156862745e-05

>>> Round:  103 / Acc: 86.255% / Loss: 0.4299 / Grad Norm: 1.7319 / Grad Diff: 833.9836 / Time: 6.22s
======================================================================================================

round 103 local learning rate = 9.70873786407767e-05

>>> Round:  104 / Acc: 86.282% / Loss: 0.4288 / Grad Norm: 1.6058 / Grad Diff: 830.9659 / Time: 6.16s
======================================================================================================

round 104 local learning rate = 9.615384615384615e-05

>>> Round:  105 / Acc: 86.304% / Loss: 0.4279 / Grad Norm: 1.6492 / Grad Diff: 830.3714 / Time: 6.63s
======================================================================================================

= Test = round: 105 / acc: 87.370% / loss: 0.3974 / Time: 0.52s
======================================================================================================

round 105 local learning rate = 9.523809523809524e-05

>>> Round:  106 / Acc: 86.367% / Loss: 0.4270 / Grad Norm: 1.6189 / Grad Diff: 828.9830 / Time: 6.32s
======================================================================================================

round 106 local learning rate = 9.433962264150943e-05

>>> Round:  107 / Acc: 86.410% / Loss: 0.4261 / Grad Norm: 1.6014 / Grad Diff: 828.0415 / Time: 6.67s
======================================================================================================

round 107 local learning rate = 9.345794392523364e-05

>>> Round:  108 / Acc: 86.426% / Loss: 0.4252 / Grad Norm: 1.6010 / Grad Diff: 826.6414 / Time: 6.35s
======================================================================================================

round 108 local learning rate = 9.259259259259259e-05

>>> Round:  109 / Acc: 86.454% / Loss: 0.4244 / Grad Norm: 1.6711 / Grad Diff: 826.8337 / Time: 6.38s
======================================================================================================

round 109 local learning rate = 9.174311926605505e-05

>>> Round:  110 / Acc: 86.483% / Loss: 0.4235 / Grad Norm: 1.6847 / Grad Diff: 825.8717 / Time: 6.42s
======================================================================================================

= Test = round: 110 / acc: 87.410% / loss: 0.3934 / Time: 0.50s
======================================================================================================

round 110 local learning rate = 9.090909090909092e-05

>>> Round:  111 / Acc: 86.531% / Loss: 0.4227 / Grad Norm: 1.6822 / Grad Diff: 824.9550 / Time: 6.36s
======================================================================================================

round 111 local learning rate = 9.009009009009009e-05

>>> Round:  112 / Acc: 86.546% / Loss: 0.4218 / Grad Norm: 1.6626 / Grad Diff: 823.2864 / Time: 6.37s
======================================================================================================

round 112 local learning rate = 8.928571428571429e-05

>>> Round:  113 / Acc: 86.594% / Loss: 0.4209 / Grad Norm: 1.5931 / Grad Diff: 820.8223 / Time: 6.39s
======================================================================================================

round 113 local learning rate = 8.849557522123894e-05

>>> Round:  114 / Acc: 86.613% / Loss: 0.4201 / Grad Norm: 1.6035 / Grad Diff: 820.1251 / Time: 6.31s
======================================================================================================

round 114 local learning rate = 8.771929824561404e-05

>>> Round:  115 / Acc: 86.648% / Loss: 0.4193 / Grad Norm: 1.6067 / Grad Diff: 819.7803 / Time: 6.32s
======================================================================================================

= Test = round: 115 / acc: 87.580% / loss: 0.3894 / Time: 0.52s
======================================================================================================

round 115 local learning rate = 8.695652173913044e-05

>>> Round:  116 / Acc: 86.679% / Loss: 0.4185 / Grad Norm: 1.6049 / Grad Diff: 818.4958 / Time: 6.24s
======================================================================================================

round 116 local learning rate = 8.620689655172414e-05

>>> Round:  117 / Acc: 86.718% / Loss: 0.4177 / Grad Norm: 1.5709 / Grad Diff: 816.9925 / Time: 6.95s
======================================================================================================

round 117 local learning rate = 8.547008547008547e-05

>>> Round:  118 / Acc: 86.727% / Loss: 0.4169 / Grad Norm: 1.5889 / Grad Diff: 816.4508 / Time: 6.46s
======================================================================================================

round 118 local learning rate = 8.474576271186441e-05

>>> Round:  119 / Acc: 86.775% / Loss: 0.4161 / Grad Norm: 1.5818 / Grad Diff: 815.3141 / Time: 6.49s
======================================================================================================

round 119 local learning rate = 8.403361344537815e-05

>>> Round:  120 / Acc: 86.775% / Loss: 0.4154 / Grad Norm: 1.5774 / Grad Diff: 813.9704 / Time: 6.44s
======================================================================================================

= Test = round: 120 / acc: 87.690% / loss: 0.3859 / Time: 0.51s
======================================================================================================

round 120 local learning rate = 8.333333333333333e-05

>>> Round:  121 / Acc: 86.797% / Loss: 0.4146 / Grad Norm: 1.5693 / Grad Diff: 812.8482 / Time: 6.22s
======================================================================================================

round 121 local learning rate = 8.264462809917356e-05

>>> Round:  122 / Acc: 86.832% / Loss: 0.4139 / Grad Norm: 1.6012 / Grad Diff: 812.5588 / Time: 6.26s
======================================================================================================

round 122 local learning rate = 8.19672131147541e-05

>>> Round:  123 / Acc: 86.847% / Loss: 0.4131 / Grad Norm: 1.6125 / Grad Diff: 811.4575 / Time: 6.44s
======================================================================================================

round 123 local learning rate = 8.130081300813008e-05

>>> Round:  124 / Acc: 86.865% / Loss: 0.4124 / Grad Norm: 1.6500 / Grad Diff: 810.9518 / Time: 6.70s
======================================================================================================

round 124 local learning rate = 8.064516129032258e-05

>>> Round:  125 / Acc: 86.893% / Loss: 0.4116 / Grad Norm: 1.6096 / Grad Diff: 809.3022 / Time: 6.30s
======================================================================================================

= Test = round: 125 / acc: 87.820% / loss: 0.3826 / Time: 0.52s
======================================================================================================

round 125 local learning rate = 8e-05

>>> Round:  126 / Acc: 86.934% / Loss: 0.4108 / Grad Norm: 1.5428 / Grad Diff: 807.1509 / Time: 7.16s
======================================================================================================

round 126 local learning rate = 7.936507936507937e-05

>>> Round:  127 / Acc: 86.952% / Loss: 0.4101 / Grad Norm: 1.5513 / Grad Diff: 806.5115 / Time: 6.31s
======================================================================================================

round 127 local learning rate = 7.874015748031496e-05

>>> Round:  128 / Acc: 86.983% / Loss: 0.4095 / Grad Norm: 1.5628 / Grad Diff: 805.7768 / Time: 6.26s
======================================================================================================

round 128 local learning rate = 7.8125e-05

>>> Round:  129 / Acc: 87.011% / Loss: 0.4087 / Grad Norm: 1.5638 / Grad Diff: 804.4687 / Time: 6.18s
======================================================================================================

round 129 local learning rate = 7.751937984496124e-05

>>> Round:  130 / Acc: 87.055% / Loss: 0.4081 / Grad Norm: 1.5673 / Grad Diff: 803.6218 / Time: 6.52s
======================================================================================================

= Test = round: 130 / acc: 88.030% / loss: 0.3793 / Time: 0.53s
======================================================================================================

round 130 local learning rate = 7.692307692307693e-05

>>> Round:  131 / Acc: 87.072% / Loss: 0.4074 / Grad Norm: 1.5453 / Grad Diff: 802.5372 / Time: 8.19s
======================================================================================================

round 131 local learning rate = 7.633587786259542e-05

>>> Round:  132 / Acc: 87.090% / Loss: 0.4066 / Grad Norm: 1.4732 / Grad Diff: 800.1613 / Time: 6.24s
======================================================================================================

round 132 local learning rate = 7.575757575757576e-05

>>> Round:  133 / Acc: 87.116% / Loss: 0.4060 / Grad Norm: 1.4973 / Grad Diff: 799.7339 / Time: 6.39s
======================================================================================================

round 133 local learning rate = 7.518796992481203e-05

>>> Round:  134 / Acc: 87.161% / Loss: 0.4053 / Grad Norm: 1.4677 / Grad Diff: 797.8201 / Time: 6.33s
======================================================================================================

round 134 local learning rate = 7.462686567164179e-05

>>> Round:  135 / Acc: 87.155% / Loss: 0.4046 / Grad Norm: 1.4574 / Grad Diff: 796.8601 / Time: 6.40s
======================================================================================================

= Test = round: 135 / acc: 88.150% / loss: 0.3762 / Time: 0.63s
======================================================================================================

round 135 local learning rate = 7.407407407407407e-05

>>> Round:  136 / Acc: 87.192% / Loss: 0.4040 / Grad Norm: 1.4696 / Grad Diff: 796.1681 / Time: 6.34s
======================================================================================================

round 136 local learning rate = 7.352941176470589e-05

>>> Round:  137 / Acc: 87.218% / Loss: 0.4033 / Grad Norm: 1.4594 / Grad Diff: 794.8536 / Time: 6.43s
======================================================================================================

round 137 local learning rate = 7.299270072992701e-05

>>> Round:  138 / Acc: 87.244% / Loss: 0.4026 / Grad Norm: 1.4503 / Grad Diff: 793.5143 / Time: 6.19s
======================================================================================================

round 138 local learning rate = 7.246376811594203e-05

>>> Round:  139 / Acc: 87.271% / Loss: 0.4020 / Grad Norm: 1.4545 / Grad Diff: 792.7297 / Time: 6.09s
======================================================================================================

round 139 local learning rate = 7.194244604316547e-05

>>> Round:  140 / Acc: 87.293% / Loss: 0.4014 / Grad Norm: 1.4634 / Grad Diff: 792.0568 / Time: 6.28s
======================================================================================================

= Test = round: 140 / acc: 88.240% / loss: 0.3735 / Time: 0.53s
======================================================================================================

round 140 local learning rate = 7.142857142857143e-05

>>> Round:  141 / Acc: 87.312% / Loss: 0.4008 / Grad Norm: 1.4645 / Grad Diff: 791.1136 / Time: 6.46s
======================================================================================================

round 141 local learning rate = 7.092198581560284e-05

>>> Round:  142 / Acc: 87.315% / Loss: 0.4002 / Grad Norm: 1.4480 / Grad Diff: 789.8497 / Time: 6.44s
======================================================================================================

round 142 local learning rate = 7.042253521126761e-05

>>> Round:  143 / Acc: 87.347% / Loss: 0.3996 / Grad Norm: 1.4530 / Grad Diff: 789.0365 / Time: 6.19s
======================================================================================================

round 143 local learning rate = 6.993006993006993e-05

>>> Round:  144 / Acc: 87.354% / Loss: 0.3990 / Grad Norm: 1.4895 / Grad Diff: 788.7389 / Time: 6.27s
======================================================================================================

round 144 local learning rate = 6.944444444444444e-05

>>> Round:  145 / Acc: 87.378% / Loss: 0.3984 / Grad Norm: 1.4467 / Grad Diff: 787.0699 / Time: 6.35s
======================================================================================================

= Test = round: 145 / acc: 88.330% / loss: 0.3706 / Time: 0.54s
======================================================================================================

round 145 local learning rate = 6.896551724137931e-05

>>> Round:  146 / Acc: 87.400% / Loss: 0.3978 / Grad Norm: 1.4485 / Grad Diff: 786.0354 / Time: 8.18s
======================================================================================================

round 146 local learning rate = 6.84931506849315e-05

>>> Round:  147 / Acc: 87.424% / Loss: 0.3972 / Grad Norm: 1.4646 / Grad Diff: 785.1448 / Time: 6.37s
======================================================================================================

round 147 local learning rate = 6.802721088435374e-05

>>> Round:  148 / Acc: 87.459% / Loss: 0.3966 / Grad Norm: 1.4513 / Grad Diff: 784.2049 / Time: 6.23s
======================================================================================================

round 148 local learning rate = 6.756756756756757e-05

>>> Round:  149 / Acc: 87.467% / Loss: 0.3961 / Grad Norm: 1.4489 / Grad Diff: 783.2982 / Time: 6.22s
======================================================================================================

round 149 local learning rate = 6.711409395973155e-05

>>> Round:  150 / Acc: 87.476% / Loss: 0.3955 / Grad Norm: 1.4543 / Grad Diff: 782.5389 / Time: 6.55s
======================================================================================================

= Test = round: 150 / acc: 88.390% / loss: 0.3680 / Time: 0.54s
======================================================================================================

round 150 local learning rate = 6.666666666666667e-05

>>> Round:  151 / Acc: 87.489% / Loss: 0.3950 / Grad Norm: 1.4579 / Grad Diff: 781.7021 / Time: 6.16s
======================================================================================================

round 151 local learning rate = 6.622516556291391e-05

>>> Round:  152 / Acc: 87.515% / Loss: 0.3944 / Grad Norm: 1.4527 / Grad Diff: 780.7150 / Time: 6.17s
======================================================================================================

round 152 local learning rate = 6.578947368421052e-05

>>> Round:  153 / Acc: 87.524% / Loss: 0.3939 / Grad Norm: 1.4824 / Grad Diff: 780.2811 / Time: 6.33s
======================================================================================================

round 153 local learning rate = 6.535947712418301e-05

>>> Round:  154 / Acc: 87.544% / Loss: 0.3933 / Grad Norm: 1.4384 / Grad Diff: 778.5703 / Time: 6.55s
======================================================================================================

round 154 local learning rate = 6.493506493506494e-05

>>> Round:  155 / Acc: 87.557% / Loss: 0.3928 / Grad Norm: 1.4607 / Grad Diff: 778.1110 / Time: 6.35s
======================================================================================================

= Test = round: 155 / acc: 88.490% / loss: 0.3655 / Time: 0.53s
======================================================================================================

round 155 local learning rate = 6.451612903225807e-05

>>> Round:  156 / Acc: 87.576% / Loss: 0.3923 / Grad Norm: 1.4660 / Grad Diff: 777.1558 / Time: 6.52s
======================================================================================================

round 156 local learning rate = 6.41025641025641e-05

>>> Round:  157 / Acc: 87.583% / Loss: 0.3918 / Grad Norm: 1.5008 / Grad Diff: 776.8503 / Time: 6.22s
======================================================================================================

round 157 local learning rate = 6.369426751592357e-05

>>> Round:  158 / Acc: 87.603% / Loss: 0.3912 / Grad Norm: 1.4613 / Grad Diff: 774.9711 / Time: 6.54s
======================================================================================================

round 158 local learning rate = 6.329113924050633e-05

>>> Round:  159 / Acc: 87.607% / Loss: 0.3907 / Grad Norm: 1.4676 / Grad Diff: 774.1039 / Time: 6.38s
======================================================================================================

round 159 local learning rate = 6.289308176100629e-05

>>> Round:  160 / Acc: 87.613% / Loss: 0.3901 / Grad Norm: 1.4267 / Grad Diff: 772.2598 / Time: 6.46s
======================================================================================================

= Test = round: 160 / acc: 88.540% / loss: 0.3632 / Time: 0.52s
======================================================================================================

round 160 local learning rate = 6.25e-05

>>> Round:  161 / Acc: 87.655% / Loss: 0.3896 / Grad Norm: 1.4267 / Grad Diff: 771.3594 / Time: 5.69s
======================================================================================================

round 161 local learning rate = 6.211180124223603e-05

>>> Round:  162 / Acc: 87.666% / Loss: 0.3891 / Grad Norm: 1.4432 / Grad Diff: 770.8307 / Time: 6.56s
======================================================================================================

round 162 local learning rate = 6.17283950617284e-05

>>> Round:  163 / Acc: 87.661% / Loss: 0.3886 / Grad Norm: 1.4028 / Grad Diff: 769.1391 / Time: 6.51s
======================================================================================================

round 163 local learning rate = 6.134969325153375e-05

>>> Round:  164 / Acc: 87.685% / Loss: 0.3880 / Grad Norm: 1.3848 / Grad Diff: 767.8751 / Time: 6.30s
======================================================================================================

round 164 local learning rate = 6.097560975609756e-05

>>> Round:  165 / Acc: 87.703% / Loss: 0.3876 / Grad Norm: 1.4128 / Grad Diff: 767.7152 / Time: 7.57s
======================================================================================================

= Test = round: 165 / acc: 88.610% / loss: 0.3609 / Time: 0.61s
======================================================================================================

round 165 local learning rate = 6.0606060606060605e-05

>>> Round:  166 / Acc: 87.705% / Loss: 0.3871 / Grad Norm: 1.4353 / Grad Diff: 767.1172 / Time: 6.73s
======================================================================================================

round 166 local learning rate = 6.024096385542169e-05

>>> Round:  167 / Acc: 87.731% / Loss: 0.3866 / Grad Norm: 1.4235 / Grad Diff: 766.2574 / Time: 6.71s
======================================================================================================

round 167 local learning rate = 5.988023952095808e-05

>>> Round:  168 / Acc: 87.745% / Loss: 0.3861 / Grad Norm: 1.3960 / Grad Diff: 765.0064 / Time: 6.51s
======================================================================================================

round 168 local learning rate = 5.9523809523809524e-05

>>> Round:  169 / Acc: 87.751% / Loss: 0.3857 / Grad Norm: 1.4426 / Grad Diff: 764.7464 / Time: 6.27s
======================================================================================================

round 169 local learning rate = 5.9171597633136094e-05

>>> Round:  170 / Acc: 87.773% / Loss: 0.3852 / Grad Norm: 1.4210 / Grad Diff: 763.7209 / Time: 6.25s
======================================================================================================

= Test = round: 170 / acc: 88.730% / loss: 0.3587 / Time: 0.51s
======================================================================================================

round 170 local learning rate = 5.882352941176471e-05

>>> Round:  171 / Acc: 87.786% / Loss: 0.3848 / Grad Norm: 1.4653 / Grad Diff: 763.2840 / Time: 6.31s
======================================================================================================

round 171 local learning rate = 5.847953216374269e-05

>>> Round:  172 / Acc: 87.799% / Loss: 0.3843 / Grad Norm: 1.4282 / Grad Diff: 761.8514 / Time: 6.19s
======================================================================================================

round 172 local learning rate = 5.8139534883720933e-05

>>> Round:  173 / Acc: 87.827% / Loss: 0.3838 / Grad Norm: 1.4235 / Grad Diff: 760.6864 / Time: 6.38s
======================================================================================================

round 173 local learning rate = 5.7803468208092484e-05

>>> Round:  174 / Acc: 87.852% / Loss: 0.3833 / Grad Norm: 1.3709 / Grad Diff: 759.0204 / Time: 6.28s
======================================================================================================

round 174 local learning rate = 5.747126436781609e-05

>>> Round:  175 / Acc: 87.845% / Loss: 0.3828 / Grad Norm: 1.3846 / Grad Diff: 758.2548 / Time: 6.25s
======================================================================================================

= Test = round: 175 / acc: 88.850% / loss: 0.3566 / Time: 0.53s
======================================================================================================

round 175 local learning rate = 5.714285714285714e-05

>>> Round:  176 / Acc: 87.869% / Loss: 0.3823 / Grad Norm: 1.3709 / Grad Diff: 757.0603 / Time: 5.87s
======================================================================================================

round 176 local learning rate = 5.681818181818182e-05

>>> Round:  177 / Acc: 87.908% / Loss: 0.3819 / Grad Norm: 1.3828 / Grad Diff: 756.2352 / Time: 6.30s
======================================================================================================

round 177 local learning rate = 5.649717514124294e-05

>>> Round:  178 / Acc: 87.911% / Loss: 0.3814 / Grad Norm: 1.3385 / Grad Diff: 754.5434 / Time: 6.37s
======================================================================================================

round 178 local learning rate = 5.617977528089888e-05

>>> Round:  179 / Acc: 87.928% / Loss: 0.3809 / Grad Norm: 1.3114 / Grad Diff: 753.1470 / Time: 6.35s
======================================================================================================

round 179 local learning rate = 5.58659217877095e-05

>>> Round:  180 / Acc: 87.946% / Loss: 0.3805 / Grad Norm: 1.3055 / Grad Diff: 752.1981 / Time: 8.13s
======================================================================================================

= Test = round: 180 / acc: 88.850% / loss: 0.3545 / Time: 0.54s
======================================================================================================

round 180 local learning rate = 5.555555555555556e-05

>>> Round:  181 / Acc: 87.965% / Loss: 0.3801 / Grad Norm: 1.3352 / Grad Diff: 752.0308 / Time: 6.37s
======================================================================================================

round 181 local learning rate = 5.524861878453039e-05

>>> Round:  182 / Acc: 87.969% / Loss: 0.3796 / Grad Norm: 1.3096 / Grad Diff: 750.5165 / Time: 7.34s
======================================================================================================

round 182 local learning rate = 5.4945054945054945e-05

>>> Round:  183 / Acc: 87.991% / Loss: 0.3793 / Grad Norm: 1.3570 / Grad Diff: 750.6254 / Time: 6.26s
======================================================================================================

round 183 local learning rate = 5.46448087431694e-05

>>> Round:  184 / Acc: 87.994% / Loss: 0.3789 / Grad Norm: 1.3939 / Grad Diff: 750.2553 / Time: 6.28s
======================================================================================================

round 184 local learning rate = 5.4347826086956524e-05

>>> Round:  185 / Acc: 88.024% / Loss: 0.3784 / Grad Norm: 1.3453 / Grad Diff: 748.6351 / Time: 6.49s
======================================================================================================

= Test = round: 185 / acc: 89.010% / loss: 0.3526 / Time: 0.52s
======================================================================================================

round 185 local learning rate = 5.4054054054054054e-05

>>> Round:  186 / Acc: 88.065% / Loss: 0.3779 / Grad Norm: 1.2827 / Grad Diff: 746.8700 / Time: 6.40s
======================================================================================================

round 186 local learning rate = 5.3763440860215054e-05

>>> Round:  187 / Acc: 88.074% / Loss: 0.3775 / Grad Norm: 1.3077 / Grad Diff: 746.3866 / Time: 6.56s
======================================================================================================

round 187 local learning rate = 5.347593582887701e-05

>>> Round:  188 / Acc: 88.085% / Loss: 0.3771 / Grad Norm: 1.2763 / Grad Diff: 744.9787 / Time: 6.44s
======================================================================================================

round 188 local learning rate = 5.319148936170213e-05

>>> Round:  189 / Acc: 88.077% / Loss: 0.3767 / Grad Norm: 1.3129 / Grad Diff: 744.6078 / Time: 6.36s
======================================================================================================

round 189 local learning rate = 5.291005291005291e-05

>>> Round:  190 / Acc: 88.113% / Loss: 0.3763 / Grad Norm: 1.2665 / Grad Diff: 743.1482 / Time: 6.37s
======================================================================================================

= Test = round: 190 / acc: 89.050% / loss: 0.3508 / Time: 0.51s
======================================================================================================

round 190 local learning rate = 5.2631578947368424e-05

>>> Round:  191 / Acc: 88.120% / Loss: 0.3759 / Grad Norm: 1.2796 / Grad Diff: 742.6041 / Time: 6.27s
======================================================================================================

round 191 local learning rate = 5.2356020942408376e-05

>>> Round:  192 / Acc: 88.129% / Loss: 0.3755 / Grad Norm: 1.2607 / Grad Diff: 741.6788 / Time: 6.37s
======================================================================================================

round 192 local learning rate = 5.208333333333334e-05

>>> Round:  193 / Acc: 88.155% / Loss: 0.3751 / Grad Norm: 1.2688 / Grad Diff: 740.6828 / Time: 6.28s
======================================================================================================

round 193 local learning rate = 5.1813471502590674e-05

>>> Round:  194 / Acc: 88.162% / Loss: 0.3747 / Grad Norm: 1.2609 / Grad Diff: 739.7673 / Time: 7.76s
======================================================================================================

round 194 local learning rate = 5.154639175257732e-05

>>> Round:  195 / Acc: 88.148% / Loss: 0.3743 / Grad Norm: 1.2600 / Grad Diff: 738.9825 / Time: 6.36s
======================================================================================================

= Test = round: 195 / acc: 89.100% / loss: 0.3490 / Time: 0.53s
======================================================================================================

round 195 local learning rate = 5.1282051282051286e-05

>>> Round:  196 / Acc: 88.164% / Loss: 0.3739 / Grad Norm: 1.2906 / Grad Diff: 738.5623 / Time: 6.62s
======================================================================================================

round 196 local learning rate = 5.102040816326531e-05

>>> Round:  197 / Acc: 88.177% / Loss: 0.3736 / Grad Norm: 1.3184 / Grad Diff: 738.4911 / Time: 6.29s
======================================================================================================

round 197 local learning rate = 5.076142131979695e-05

>>> Round:  198 / Acc: 88.186% / Loss: 0.3732 / Grad Norm: 1.2994 / Grad Diff: 737.2840 / Time: 6.30s
======================================================================================================

round 198 local learning rate = 5.0505050505050505e-05

>>> Round:  199 / Acc: 88.208% / Loss: 0.3728 / Grad Norm: 1.2647 / Grad Diff: 735.8095 / Time: 6.42s
======================================================================================================

round 199 local learning rate = 5.0251256281407036e-05

>>> Round:  200 / Acc: 88.218% / Loss: 0.3724 / Grad Norm: 1.2649 / Grad Diff: 735.1411 / Time: 7.47s
======================================================================================================

= Test = round: 200 / acc: 89.150% / loss: 0.3473 / Time: 0.51s
======================================================================================================

