nohup: ignoring input
Using device: cuda:0
>>> Arguments:
	             algo : fedavgtl
	            alpha : 51871.0
	       batch_size : 32
	clients_per_round : 100
	          dataset : mnist_all_data_1_equal_niid
	           device : cuda:0
	              dis : 
	   early_stopping : 20
	       eval_every : 5
	    ft_batch_size : 128
	       ft_dataset : mnist-m
	        ft_epochs : 2
	            ft_lr : 0.01
	            ft_wd : 0.0
	              gpu : True
	      input_shape : (1, 28, 28)
	           last_k : 2
	               lr : 0.05
	            model : lenet
	           n_init : 5
	        noaverage : False
	          noprint : False
	        num_class : 10
	        num_epoch : 1
	        num_round : 200
	           opt_lr : False
	            reg_J : True
	       reg_J_coef : 0.001
	             seed : 0
	               wd : 0.0
>>> Read data from:
     ./data/mnist/data/all_data_1.pkl
>>> The estimate of constant alpha is 51871.0.
>>> Read data from:
     ./data/mnist/data/train/all_data_1_equal_niid.pkl
     ./data/mnist/data/test/all_data_1_equal_niid.pkl
>>> Use gpu on device cuda:0
>>> Model statistic per layer
LeNet_MNIST(
  286.12 KMac, 100.000% MACs, 
  (conv1): Conv2d(89.856 KMac, 31.405% MACs, 1, 6, kernel_size=(5, 5), stride=(1, 1))
  (conv2): Conv2d(154.624 KMac, 54.042% MACs, 6, 16, kernel_size=(5, 5), stride=(1, 1))
  (fc1): Linear(30.72 KMac, 10.737% MACs, in_features=256, out_features=120, bias=True)
  (fc2): Linear(10.08 KMac, 3.523% MACs, in_features=120, out_features=84, bias=True)
  (fc3): Linear(840.0 Mac, 0.294% MACs, in_features=84, out_features=10, bias=True)
)
>>> Activate a worker for training
>>> Initialize 100 clients in total
>>> Weigh updates by simple average
>>> Select 100 clients per round 


>>> Round:    0 / Acc: 2.862% / Loss: 16.9365 / Grad Norm: 253.6073 / Grad Diff: 47908.2240 / Time: 7.83s
======================================================================================================

= Test = round: 0 / acc: 2.730% / loss: 16.8980 / Time: 0.63s
======================================================================================================

round 0 local learning rate = 0.05

>>> Round:    1 / Acc: 10.026% / Loss: 2.3043 / Grad Norm: 0.0254 / Grad Diff: 0.5351 / Time: 8.00s
======================================================================================================

round 1 local learning rate = 0.05

>>> Round:    2 / Acc: 10.024% / Loss: 2.3041 / Grad Norm: 0.0246 / Grad Diff: 0.5428 / Time: 7.99s
======================================================================================================

round 2 local learning rate = 0.025

>>> Round:    3 / Acc: 10.026% / Loss: 2.3040 / Grad Norm: 0.0242 / Grad Diff: 0.5447 / Time: 7.56s
======================================================================================================

round 3 local learning rate = 0.016666666666666666

>>> Round:    4 / Acc: 10.033% / Loss: 2.3039 / Grad Norm: 0.0237 / Grad Diff: 0.5454 / Time: 7.99s
======================================================================================================

round 4 local learning rate = 0.0125

>>> Round:    5 / Acc: 10.028% / Loss: 2.3039 / Grad Norm: 0.0234 / Grad Diff: 0.5458 / Time: 7.69s
======================================================================================================

= Test = round: 5 / acc: 9.850% / loss: 2.3040 / Time: 0.61s
======================================================================================================

round 5 local learning rate = 0.01

>>> Round:    6 / Acc: 10.033% / Loss: 2.3038 / Grad Norm: 0.0232 / Grad Diff: 0.5460 / Time: 7.95s
======================================================================================================

round 6 local learning rate = 0.008333333333333333

>>> Round:    7 / Acc: 10.033% / Loss: 2.3038 / Grad Norm: 0.0230 / Grad Diff: 0.5462 / Time: 8.04s
======================================================================================================

round 7 local learning rate = 0.0071428571428571435

>>> Round:    8 / Acc: 10.033% / Loss: 2.3037 / Grad Norm: 0.0224 / Grad Diff: 0.5462 / Time: 7.86s
======================================================================================================

round 8 local learning rate = 0.00625

>>> Round:    9 / Acc: 10.033% / Loss: 2.3037 / Grad Norm: 0.0223 / Grad Diff: 0.5462 / Time: 7.92s
======================================================================================================

round 9 local learning rate = 0.005555555555555556

>>> Round:   10 / Acc: 10.033% / Loss: 2.3037 / Grad Norm: 0.0222 / Grad Diff: 0.5463 / Time: 8.07s
======================================================================================================

= Test = round: 10 / acc: 9.830% / loss: 2.3038 / Time: 0.63s
======================================================================================================

round 10 local learning rate = 0.005

>>> Round:   11 / Acc: 10.033% / Loss: 2.3037 / Grad Norm: 0.0221 / Grad Diff: 0.5463 / Time: 7.94s
======================================================================================================

round 11 local learning rate = 0.004545454545454546

>>> Round:   12 / Acc: 10.033% / Loss: 2.3036 / Grad Norm: 0.0220 / Grad Diff: 0.5463 / Time: 7.86s
======================================================================================================

round 12 local learning rate = 0.004166666666666667

>>> Round:   13 / Acc: 10.033% / Loss: 2.3036 / Grad Norm: 0.0220 / Grad Diff: 0.5463 / Time: 7.91s
======================================================================================================

round 13 local learning rate = 0.0038461538461538464

>>> Round:   14 / Acc: 10.033% / Loss: 2.3036 / Grad Norm: 0.0219 / Grad Diff: 0.5463 / Time: 7.65s
======================================================================================================

round 14 local learning rate = 0.0035714285714285718

>>> Round:   15 / Acc: 10.035% / Loss: 2.3036 / Grad Norm: 0.0218 / Grad Diff: 0.5463 / Time: 8.17s
======================================================================================================

= Test = round: 15 / acc: 9.830% / loss: 2.3037 / Time: 0.63s
======================================================================================================

round 15 local learning rate = 0.0033333333333333335

>>> Round:   16 / Acc: 10.037% / Loss: 2.3036 / Grad Norm: 0.0217 / Grad Diff: 0.5463 / Time: 7.94s
======================================================================================================

round 16 local learning rate = 0.003125

>>> Round:   17 / Acc: 10.039% / Loss: 2.3036 / Grad Norm: 0.0217 / Grad Diff: 0.5463 / Time: 7.87s
======================================================================================================

round 17 local learning rate = 0.0029411764705882353

>>> Round:   18 / Acc: 10.039% / Loss: 2.3035 / Grad Norm: 0.0216 / Grad Diff: 0.5463 / Time: 8.05s
======================================================================================================

round 18 local learning rate = 0.002777777777777778

>>> Round:   19 / Acc: 10.039% / Loss: 2.3035 / Grad Norm: 0.0216 / Grad Diff: 0.5463 / Time: 7.85s
======================================================================================================

round 19 local learning rate = 0.002631578947368421

>>> Round:   20 / Acc: 10.039% / Loss: 2.3035 / Grad Norm: 0.0215 / Grad Diff: 0.5463 / Time: 7.60s
======================================================================================================

= Test = round: 20 / acc: 9.830% / loss: 2.3036 / Time: 0.65s
======================================================================================================

round 20 local learning rate = 0.0025

>>> Round:   21 / Acc: 10.041% / Loss: 2.3035 / Grad Norm: 0.0215 / Grad Diff: 0.5463 / Time: 7.90s
======================================================================================================

round 21 local learning rate = 0.002380952380952381

>>> Round:   22 / Acc: 10.039% / Loss: 2.3035 / Grad Norm: 0.0215 / Grad Diff: 0.5462 / Time: 7.97s
======================================================================================================

round 22 local learning rate = 0.002272727272727273

>>> Round:   23 / Acc: 10.042% / Loss: 2.3035 / Grad Norm: 0.0214 / Grad Diff: 0.5462 / Time: 8.02s
======================================================================================================

round 23 local learning rate = 0.002173913043478261

>>> Round:   24 / Acc: 10.042% / Loss: 2.3035 / Grad Norm: 0.0214 / Grad Diff: 0.5462 / Time: 7.86s
======================================================================================================

round 24 local learning rate = 0.0020833333333333333

>>> Round:   25 / Acc: 10.042% / Loss: 2.3035 / Grad Norm: 0.0214 / Grad Diff: 0.5462 / Time: 7.88s
======================================================================================================

= Test = round: 25 / acc: 9.830% / loss: 2.3035 / Time: 0.64s
======================================================================================================

round 25 local learning rate = 0.002

>>> Round:   26 / Acc: 10.042% / Loss: 2.3035 / Grad Norm: 0.0214 / Grad Diff: 0.5462 / Time: 8.02s
======================================================================================================

round 26 local learning rate = 0.0019230769230769232

>>> Round:   27 / Acc: 10.044% / Loss: 2.3034 / Grad Norm: 0.0213 / Grad Diff: 0.5462 / Time: 8.08s
======================================================================================================

round 27 local learning rate = 0.001851851851851852

>>> Round:   28 / Acc: 10.042% / Loss: 2.3034 / Grad Norm: 0.0213 / Grad Diff: 0.5462 / Time: 8.22s
======================================================================================================

round 28 local learning rate = 0.0017857142857142859

>>> Round:   29 / Acc: 10.046% / Loss: 2.3034 / Grad Norm: 0.0213 / Grad Diff: 0.5462 / Time: 9.00s
======================================================================================================

round 29 local learning rate = 0.001724137931034483

>>> Round:   30 / Acc: 10.046% / Loss: 2.3034 / Grad Norm: 0.0213 / Grad Diff: 0.5462 / Time: 8.41s
======================================================================================================

= Test = round: 30 / acc: 9.830% / loss: 2.3035 / Time: 0.63s
======================================================================================================

round 30 local learning rate = 0.0016666666666666668

>>> Round:   31 / Acc: 10.042% / Loss: 2.3034 / Grad Norm: 0.0212 / Grad Diff: 0.5462 / Time: 8.29s
======================================================================================================

round 31 local learning rate = 0.0016129032258064516

>>> Round:   32 / Acc: 10.042% / Loss: 2.3034 / Grad Norm: 0.0212 / Grad Diff: 0.5461 / Time: 8.04s
======================================================================================================

round 32 local learning rate = 0.0015625

>>> Round:   33 / Acc: 10.046% / Loss: 2.3034 / Grad Norm: 0.0212 / Grad Diff: 0.5461 / Time: 7.96s
======================================================================================================

round 33 local learning rate = 0.0015151515151515152

>>> Round:   34 / Acc: 10.046% / Loss: 2.3034 / Grad Norm: 0.0212 / Grad Diff: 0.5461 / Time: 7.59s
======================================================================================================

round 34 local learning rate = 0.0014705882352941176

>>> Round:   35 / Acc: 10.044% / Loss: 2.3034 / Grad Norm: 0.0211 / Grad Diff: 0.5461 / Time: 8.08s
======================================================================================================

= Test = round: 35 / acc: 9.830% / loss: 2.3034 / Time: 0.65s
======================================================================================================

round 35 local learning rate = 0.0014285714285714286

>>> Round:   36 / Acc: 10.046% / Loss: 2.3034 / Grad Norm: 0.0211 / Grad Diff: 0.5461 / Time: 7.86s
======================================================================================================

round 36 local learning rate = 0.001388888888888889

>>> Round:   37 / Acc: 10.044% / Loss: 2.3034 / Grad Norm: 0.0211 / Grad Diff: 0.5461 / Time: 7.78s
======================================================================================================

round 37 local learning rate = 0.0013513513513513514

>>> Round:   38 / Acc: 10.044% / Loss: 2.3034 / Grad Norm: 0.0211 / Grad Diff: 0.5461 / Time: 7.83s
======================================================================================================

round 38 local learning rate = 0.0013157894736842105

>>> Round:   39 / Acc: 10.044% / Loss: 2.3034 / Grad Norm: 0.0211 / Grad Diff: 0.5461 / Time: 7.97s
======================================================================================================

round 39 local learning rate = 0.001282051282051282

>>> Round:   40 / Acc: 10.044% / Loss: 2.3034 / Grad Norm: 0.0211 / Grad Diff: 0.5461 / Time: 8.08s
======================================================================================================

= Test = round: 40 / acc: 9.830% / loss: 2.3034 / Time: 0.63s
======================================================================================================

round 40 local learning rate = 0.00125

>>> Round:   41 / Acc: 10.044% / Loss: 2.3034 / Grad Norm: 0.0210 / Grad Diff: 0.5460 / Time: 8.12s
======================================================================================================

round 41 local learning rate = 0.0012195121951219512

>>> Round:   42 / Acc: 10.046% / Loss: 2.3033 / Grad Norm: 0.0210 / Grad Diff: 0.5460 / Time: 7.92s
======================================================================================================

round 42 local learning rate = 0.0011904761904761906

>>> Round:   43 / Acc: 10.046% / Loss: 2.3033 / Grad Norm: 0.0210 / Grad Diff: 0.5460 / Time: 7.83s
======================================================================================================

round 43 local learning rate = 0.0011627906976744186

>>> Round:   44 / Acc: 10.046% / Loss: 2.3033 / Grad Norm: 0.0210 / Grad Diff: 0.5460 / Time: 7.81s
======================================================================================================

round 44 local learning rate = 0.0011363636363636365

>>> Round:   45 / Acc: 10.046% / Loss: 2.3033 / Grad Norm: 0.0210 / Grad Diff: 0.5460 / Time: 7.86s
======================================================================================================

= Test = round: 45 / acc: 9.830% / loss: 2.3034 / Time: 0.62s
======================================================================================================

round 45 local learning rate = 0.0011111111111111111

>>> Round:   46 / Acc: 10.046% / Loss: 2.3033 / Grad Norm: 0.0210 / Grad Diff: 0.5460 / Time: 7.60s
======================================================================================================

round 46 local learning rate = 0.0010869565217391304

>>> Round:   47 / Acc: 10.044% / Loss: 2.3033 / Grad Norm: 0.0209 / Grad Diff: 0.5460 / Time: 7.64s
======================================================================================================

round 47 local learning rate = 0.0010638297872340426

>>> Round:   48 / Acc: 10.044% / Loss: 2.3033 / Grad Norm: 0.0209 / Grad Diff: 0.5460 / Time: 7.87s
======================================================================================================

round 48 local learning rate = 0.0010416666666666667

>>> Round:   49 / Acc: 10.046% / Loss: 2.3033 / Grad Norm: 0.0209 / Grad Diff: 0.5460 / Time: 7.93s
======================================================================================================

round 49 local learning rate = 0.0010204081632653062

>>> Round:   50 / Acc: 10.046% / Loss: 2.3033 / Grad Norm: 0.0209 / Grad Diff: 0.5460 / Time: 7.72s
======================================================================================================

= Test = round: 50 / acc: 9.830% / loss: 2.3034 / Time: 0.63s
======================================================================================================

round 50 local learning rate = 0.001

>>> Round:   51 / Acc: 10.046% / Loss: 2.3033 / Grad Norm: 0.0209 / Grad Diff: 0.5460 / Time: 7.77s
======================================================================================================

round 51 local learning rate = 0.000980392156862745

>>> Round:   52 / Acc: 10.046% / Loss: 2.3033 / Grad Norm: 0.0209 / Grad Diff: 0.5460 / Time: 7.91s
======================================================================================================

round 52 local learning rate = 0.0009615384615384616

>>> Round:   53 / Acc: 10.046% / Loss: 2.3033 / Grad Norm: 0.0209 / Grad Diff: 0.5459 / Time: 7.91s
======================================================================================================

round 53 local learning rate = 0.0009433962264150943

>>> Round:   54 / Acc: 10.046% / Loss: 2.3033 / Grad Norm: 0.0209 / Grad Diff: 0.5459 / Time: 8.00s
======================================================================================================

round 54 local learning rate = 0.000925925925925926

>>> Round:   55 / Acc: 10.046% / Loss: 2.3033 / Grad Norm: 0.0208 / Grad Diff: 0.5459 / Time: 7.82s
======================================================================================================

= Test = round: 55 / acc: 9.820% / loss: 2.3033 / Time: 0.63s
======================================================================================================

round 55 local learning rate = 0.0009090909090909091

>>> Round:   56 / Acc: 10.046% / Loss: 2.3033 / Grad Norm: 0.0208 / Grad Diff: 0.5459 / Time: 7.89s
======================================================================================================

round 56 local learning rate = 0.0008928571428571429

>>> Round:   57 / Acc: 10.048% / Loss: 2.3033 / Grad Norm: 0.0208 / Grad Diff: 0.5459 / Time: 7.93s
======================================================================================================

round 57 local learning rate = 0.0008771929824561404

>>> Round:   58 / Acc: 10.048% / Loss: 2.3033 / Grad Norm: 0.0208 / Grad Diff: 0.5459 / Time: 7.68s
======================================================================================================

round 58 local learning rate = 0.0008620689655172415

>>> Round:   59 / Acc: 10.048% / Loss: 2.3033 / Grad Norm: 0.0208 / Grad Diff: 0.5459 / Time: 8.42s
======================================================================================================

round 59 local learning rate = 0.0008474576271186442

>>> Round:   60 / Acc: 10.048% / Loss: 2.3033 / Grad Norm: 0.0208 / Grad Diff: 0.5459 / Time: 7.87s
======================================================================================================

= Test = round: 60 / acc: 9.830% / loss: 2.3033 / Time: 0.62s
======================================================================================================

round 60 local learning rate = 0.0008333333333333334

>>> Round:   61 / Acc: 10.048% / Loss: 2.3033 / Grad Norm: 0.0208 / Grad Diff: 0.5459 / Time: 7.65s
======================================================================================================

round 61 local learning rate = 0.000819672131147541

>>> Round:   62 / Acc: 10.048% / Loss: 2.3033 / Grad Norm: 0.0208 / Grad Diff: 0.5459 / Time: 7.65s
======================================================================================================

round 62 local learning rate = 0.0008064516129032258

>>> Round:   63 / Acc: 10.048% / Loss: 2.3033 / Grad Norm: 0.0208 / Grad Diff: 0.5459 / Time: 8.02s
======================================================================================================

round 63 local learning rate = 0.0007936507936507937

>>> Round:   64 / Acc: 10.048% / Loss: 2.3033 / Grad Norm: 0.0208 / Grad Diff: 0.5459 / Time: 7.72s
======================================================================================================

round 64 local learning rate = 0.00078125

>>> Round:   65 / Acc: 10.048% / Loss: 2.3032 / Grad Norm: 0.0208 / Grad Diff: 0.5458 / Time: 7.82s
======================================================================================================

= Test = round: 65 / acc: 9.830% / loss: 2.3033 / Time: 0.63s
======================================================================================================

round 65 local learning rate = 0.0007692307692307692

>>> Round:   66 / Acc: 10.048% / Loss: 2.3032 / Grad Norm: 0.0208 / Grad Diff: 0.5458 / Time: 7.90s
======================================================================================================

round 66 local learning rate = 0.0007575757575757576

>>> Round:   67 / Acc: 10.048% / Loss: 2.3032 / Grad Norm: 0.0208 / Grad Diff: 0.5458 / Time: 7.46s
======================================================================================================

round 67 local learning rate = 0.0007462686567164179

>>> Round:   68 / Acc: 10.048% / Loss: 2.3032 / Grad Norm: 0.0208 / Grad Diff: 0.5458 / Time: 7.06s
======================================================================================================

round 68 local learning rate = 0.0007352941176470588

>>> Round:   69 / Acc: 10.048% / Loss: 2.3032 / Grad Norm: 0.0207 / Grad Diff: 0.5458 / Time: 7.58s
======================================================================================================

round 69 local learning rate = 0.0007246376811594203

>>> Round:   70 / Acc: 10.048% / Loss: 2.3032 / Grad Norm: 0.0207 / Grad Diff: 0.5458 / Time: 7.85s
======================================================================================================

= Test = round: 70 / acc: 9.830% / loss: 2.3033 / Time: 0.62s
======================================================================================================

round 70 local learning rate = 0.0007142857142857143

>>> Round:   71 / Acc: 10.048% / Loss: 2.3032 / Grad Norm: 0.0207 / Grad Diff: 0.5458 / Time: 7.74s
======================================================================================================

round 71 local learning rate = 0.0007042253521126761

>>> Round:   72 / Acc: 10.048% / Loss: 2.3032 / Grad Norm: 0.0207 / Grad Diff: 0.5458 / Time: 7.53s
======================================================================================================

round 72 local learning rate = 0.0006944444444444445

>>> Round:   73 / Acc: 10.048% / Loss: 2.3032 / Grad Norm: 0.0207 / Grad Diff: 0.5458 / Time: 7.77s
======================================================================================================

round 73 local learning rate = 0.0006849315068493151

>>> Round:   74 / Acc: 10.048% / Loss: 2.3032 / Grad Norm: 0.0207 / Grad Diff: 0.5458 / Time: 7.90s
======================================================================================================

round 74 local learning rate = 0.0006756756756756757

>>> Round:   75 / Acc: 10.048% / Loss: 2.3032 / Grad Norm: 0.0207 / Grad Diff: 0.5458 / Time: 7.81s
======================================================================================================

= Test = round: 75 / acc: 9.820% / loss: 2.3032 / Time: 0.65s
======================================================================================================

round 75 local learning rate = 0.0006666666666666668

>>> Round:   76 / Acc: 10.046% / Loss: 2.3032 / Grad Norm: 0.0207 / Grad Diff: 0.5458 / Time: 7.85s
======================================================================================================

round 76 local learning rate = 0.0006578947368421052

>>> Round:   77 / Acc: 10.048% / Loss: 2.3032 / Grad Norm: 0.0207 / Grad Diff: 0.5458 / Time: 7.80s
======================================================================================================

round 77 local learning rate = 0.0006493506493506494

>>> Round:   78 / Acc: 10.048% / Loss: 2.3032 / Grad Norm: 0.0207 / Grad Diff: 0.5458 / Time: 7.99s
======================================================================================================

round 78 local learning rate = 0.000641025641025641

>>> Round:   79 / Acc: 10.048% / Loss: 2.3032 / Grad Norm: 0.0207 / Grad Diff: 0.5458 / Time: 8.07s
======================================================================================================

round 79 local learning rate = 0.0006329113924050633

>>> Round:   80 / Acc: 10.048% / Loss: 2.3032 / Grad Norm: 0.0207 / Grad Diff: 0.5457 / Time: 8.13s
======================================================================================================

= Test = round: 80 / acc: 9.830% / loss: 2.3032 / Time: 0.63s
======================================================================================================

round 80 local learning rate = 0.000625

>>> Round:   81 / Acc: 10.048% / Loss: 2.3032 / Grad Norm: 0.0207 / Grad Diff: 0.5457 / Time: 9.19s
======================================================================================================

round 81 local learning rate = 0.0006172839506172839

>>> Round:   82 / Acc: 10.048% / Loss: 2.3032 / Grad Norm: 0.0207 / Grad Diff: 0.5457 / Time: 8.18s
======================================================================================================

round 82 local learning rate = 0.0006097560975609756

>>> Round:   83 / Acc: 10.048% / Loss: 2.3032 / Grad Norm: 0.0207 / Grad Diff: 0.5457 / Time: 7.87s
======================================================================================================

round 83 local learning rate = 0.0006024096385542169

>>> Round:   84 / Acc: 10.048% / Loss: 2.3032 / Grad Norm: 0.0207 / Grad Diff: 0.5457 / Time: 7.86s
======================================================================================================

round 84 local learning rate = 0.0005952380952380953

>>> Round:   85 / Acc: 10.048% / Loss: 2.3032 / Grad Norm: 0.0207 / Grad Diff: 0.5457 / Time: 8.02s
======================================================================================================

= Test = round: 85 / acc: 9.830% / loss: 2.3032 / Time: 0.82s
======================================================================================================

round 85 local learning rate = 0.0005882352941176471

>>> Round:   86 / Acc: 10.048% / Loss: 2.3032 / Grad Norm: 0.0207 / Grad Diff: 0.5457 / Time: 7.77s
======================================================================================================

round 86 local learning rate = 0.0005813953488372093

>>> Round:   87 / Acc: 10.048% / Loss: 2.3032 / Grad Norm: 0.0207 / Grad Diff: 0.5457 / Time: 7.79s
======================================================================================================

round 87 local learning rate = 0.0005747126436781609

>>> Round:   88 / Acc: 10.048% / Loss: 2.3032 / Grad Norm: 0.0207 / Grad Diff: 0.5457 / Time: 7.93s
======================================================================================================

round 88 local learning rate = 0.0005681818181818183

>>> Round:   89 / Acc: 10.050% / Loss: 2.3032 / Grad Norm: 0.0207 / Grad Diff: 0.5457 / Time: 7.94s
======================================================================================================

round 89 local learning rate = 0.0005617977528089888

>>> Round:   90 / Acc: 10.050% / Loss: 2.3032 / Grad Norm: 0.0207 / Grad Diff: 0.5457 / Time: 7.90s
======================================================================================================

= Test = round: 90 / acc: 9.830% / loss: 2.3032 / Time: 0.63s
======================================================================================================

round 90 local learning rate = 0.0005555555555555556

>>> Round:   91 / Acc: 10.050% / Loss: 2.3032 / Grad Norm: 0.0207 / Grad Diff: 0.5457 / Time: 7.70s
======================================================================================================

round 91 local learning rate = 0.0005494505494505495

>>> Round:   92 / Acc: 10.050% / Loss: 2.3032 / Grad Norm: 0.0207 / Grad Diff: 0.5457 / Time: 7.31s
======================================================================================================

round 92 local learning rate = 0.0005434782608695652

>>> Round:   93 / Acc: 10.052% / Loss: 2.3032 / Grad Norm: 0.0207 / Grad Diff: 0.5457 / Time: 7.96s
======================================================================================================

round 93 local learning rate = 0.0005376344086021505

>>> Round:   94 / Acc: 10.052% / Loss: 2.3032 / Grad Norm: 0.0207 / Grad Diff: 0.5457 / Time: 7.87s
======================================================================================================

round 94 local learning rate = 0.0005319148936170213

>>> Round:   95 / Acc: 10.050% / Loss: 2.3032 / Grad Norm: 0.0206 / Grad Diff: 0.5456 / Time: 8.04s
======================================================================================================

= Test = round: 95 / acc: 9.830% / loss: 2.3032 / Time: 0.62s
======================================================================================================

round 95 local learning rate = 0.0005263157894736842

>>> Round:   96 / Acc: 10.052% / Loss: 2.3032 / Grad Norm: 0.0206 / Grad Diff: 0.5456 / Time: 7.84s
======================================================================================================

round 96 local learning rate = 0.0005208333333333333

>>> Round:   97 / Acc: 10.052% / Loss: 2.3032 / Grad Norm: 0.0206 / Grad Diff: 0.5456 / Time: 7.83s
======================================================================================================

round 97 local learning rate = 0.0005154639175257732

>>> Round:   98 / Acc: 10.050% / Loss: 2.3032 / Grad Norm: 0.0206 / Grad Diff: 0.5456 / Time: 7.43s
======================================================================================================

round 98 local learning rate = 0.0005102040816326531

>>> Round:   99 / Acc: 10.050% / Loss: 2.3032 / Grad Norm: 0.0206 / Grad Diff: 0.5456 / Time: 8.80s
======================================================================================================

round 99 local learning rate = 0.000505050505050505

>>> Round:  100 / Acc: 10.050% / Loss: 2.3032 / Grad Norm: 0.0206 / Grad Diff: 0.5456 / Time: 7.44s
======================================================================================================

= Test = round: 100 / acc: 9.830% / loss: 2.3032 / Time: 0.65s
======================================================================================================

round 100 local learning rate = 0.0005

>>> Round:  101 / Acc: 10.050% / Loss: 2.3032 / Grad Norm: 0.0206 / Grad Diff: 0.5456 / Time: 8.72s
======================================================================================================

round 101 local learning rate = 0.0004950495049504951

>>> Round:  102 / Acc: 10.050% / Loss: 2.3032 / Grad Norm: 0.0206 / Grad Diff: 0.5456 / Time: 8.11s
======================================================================================================

round 102 local learning rate = 0.0004901960784313725

>>> Round:  103 / Acc: 10.050% / Loss: 2.3032 / Grad Norm: 0.0206 / Grad Diff: 0.5456 / Time: 8.93s
======================================================================================================

round 103 local learning rate = 0.00048543689320388353

>>> Round:  104 / Acc: 10.050% / Loss: 2.3031 / Grad Norm: 0.0206 / Grad Diff: 0.5456 / Time: 7.44s
======================================================================================================

round 104 local learning rate = 0.0004807692307692308

>>> Round:  105 / Acc: 10.048% / Loss: 2.3031 / Grad Norm: 0.0206 / Grad Diff: 0.5456 / Time: 7.98s
======================================================================================================

= Test = round: 105 / acc: 9.830% / loss: 2.3032 / Time: 0.65s
======================================================================================================

round 105 local learning rate = 0.0004761904761904762

>>> Round:  106 / Acc: 10.050% / Loss: 2.3031 / Grad Norm: 0.0206 / Grad Diff: 0.5456 / Time: 7.48s
======================================================================================================

round 106 local learning rate = 0.0004716981132075472

>>> Round:  107 / Acc: 10.050% / Loss: 2.3031 / Grad Norm: 0.0206 / Grad Diff: 0.5456 / Time: 7.31s
======================================================================================================

round 107 local learning rate = 0.00046728971962616824

>>> Round:  108 / Acc: 10.050% / Loss: 2.3031 / Grad Norm: 0.0206 / Grad Diff: 0.5456 / Time: 7.74s
======================================================================================================

round 108 local learning rate = 0.000462962962962963

>>> Round:  109 / Acc: 10.050% / Loss: 2.3031 / Grad Norm: 0.0206 / Grad Diff: 0.5456 / Time: 7.83s
======================================================================================================

round 109 local learning rate = 0.00045871559633027525

>>> Round:  110 / Acc: 10.048% / Loss: 2.3031 / Grad Norm: 0.0206 / Grad Diff: 0.5456 / Time: 7.95s
======================================================================================================

= Test = round: 110 / acc: 9.830% / loss: 2.3032 / Time: 0.63s
======================================================================================================

round 110 local learning rate = 0.00045454545454545455

>>> Round:  111 / Acc: 10.048% / Loss: 2.3031 / Grad Norm: 0.0206 / Grad Diff: 0.5456 / Time: 7.59s
======================================================================================================

round 111 local learning rate = 0.00045045045045045046

>>> Round:  112 / Acc: 10.050% / Loss: 2.3031 / Grad Norm: 0.0206 / Grad Diff: 0.5456 / Time: 7.62s
======================================================================================================

round 112 local learning rate = 0.00044642857142857147

>>> Round:  113 / Acc: 10.050% / Loss: 2.3031 / Grad Norm: 0.0206 / Grad Diff: 0.5456 / Time: 7.75s
======================================================================================================

round 113 local learning rate = 0.00044247787610619474

>>> Round:  114 / Acc: 10.050% / Loss: 2.3031 / Grad Norm: 0.0206 / Grad Diff: 0.5456 / Time: 8.89s
======================================================================================================

round 114 local learning rate = 0.0004385964912280702

>>> Round:  115 / Acc: 10.050% / Loss: 2.3031 / Grad Norm: 0.0206 / Grad Diff: 0.5456 / Time: 7.80s
======================================================================================================

= Test = round: 115 / acc: 9.830% / loss: 2.3031 / Time: 0.65s
======================================================================================================

round 115 local learning rate = 0.0004347826086956522

>>> Round:  116 / Acc: 10.050% / Loss: 2.3031 / Grad Norm: 0.0206 / Grad Diff: 0.5456 / Time: 8.80s
======================================================================================================

round 116 local learning rate = 0.00043103448275862074

>>> Round:  117 / Acc: 10.050% / Loss: 2.3031 / Grad Norm: 0.0206 / Grad Diff: 0.5455 / Time: 7.95s
======================================================================================================

round 117 local learning rate = 0.00042735042735042735

>>> Round:  118 / Acc: 10.050% / Loss: 2.3031 / Grad Norm: 0.0206 / Grad Diff: 0.5455 / Time: 7.75s
======================================================================================================

round 118 local learning rate = 0.0004237288135593221

>>> Round:  119 / Acc: 10.050% / Loss: 2.3031 / Grad Norm: 0.0206 / Grad Diff: 0.5455 / Time: 6.97s
======================================================================================================

round 119 local learning rate = 0.0004201680672268908

>>> Round:  120 / Acc: 10.050% / Loss: 2.3031 / Grad Norm: 0.0206 / Grad Diff: 0.5455 / Time: 7.71s
======================================================================================================

= Test = round: 120 / acc: 9.830% / loss: 2.3031 / Time: 0.65s
======================================================================================================

round 120 local learning rate = 0.0004166666666666667

>>> Round:  121 / Acc: 10.050% / Loss: 2.3031 / Grad Norm: 0.0206 / Grad Diff: 0.5455 / Time: 9.49s
======================================================================================================

round 121 local learning rate = 0.0004132231404958678

>>> Round:  122 / Acc: 10.050% / Loss: 2.3031 / Grad Norm: 0.0206 / Grad Diff: 0.5455 / Time: 7.88s
======================================================================================================

round 122 local learning rate = 0.0004098360655737705

>>> Round:  123 / Acc: 10.050% / Loss: 2.3031 / Grad Norm: 0.0206 / Grad Diff: 0.5455 / Time: 7.89s
======================================================================================================

round 123 local learning rate = 0.0004065040650406504

>>> Round:  124 / Acc: 10.050% / Loss: 2.3031 / Grad Norm: 0.0206 / Grad Diff: 0.5455 / Time: 7.74s
======================================================================================================

round 124 local learning rate = 0.0004032258064516129

>>> Round:  125 / Acc: 10.048% / Loss: 2.3031 / Grad Norm: 0.0206 / Grad Diff: 0.5455 / Time: 7.82s
======================================================================================================

= Test = round: 125 / acc: 9.830% / loss: 2.3031 / Time: 0.63s
======================================================================================================

round 125 local learning rate = 0.0004

>>> Round:  126 / Acc: 10.048% / Loss: 2.3031 / Grad Norm: 0.0206 / Grad Diff: 0.5455 / Time: 7.62s
======================================================================================================

round 126 local learning rate = 0.0003968253968253968

>>> Round:  127 / Acc: 10.048% / Loss: 2.3031 / Grad Norm: 0.0206 / Grad Diff: 0.5455 / Time: 7.39s
======================================================================================================

round 127 local learning rate = 0.00039370078740157485

>>> Round:  128 / Acc: 10.048% / Loss: 2.3031 / Grad Norm: 0.0206 / Grad Diff: 0.5455 / Time: 7.63s
======================================================================================================

round 128 local learning rate = 0.000390625

>>> Round:  129 / Acc: 10.048% / Loss: 2.3031 / Grad Norm: 0.0206 / Grad Diff: 0.5455 / Time: 8.25s
======================================================================================================

round 129 local learning rate = 0.0003875968992248062

>>> Round:  130 / Acc: 10.048% / Loss: 2.3031 / Grad Norm: 0.0206 / Grad Diff: 0.5455 / Time: 7.95s
======================================================================================================

= Test = round: 130 / acc: 9.830% / loss: 2.3031 / Time: 0.62s
======================================================================================================

round 130 local learning rate = 0.0003846153846153846

>>> Round:  131 / Acc: 10.048% / Loss: 2.3031 / Grad Norm: 0.0206 / Grad Diff: 0.5455 / Time: 7.73s
======================================================================================================

round 131 local learning rate = 0.0003816793893129771

>>> Round:  132 / Acc: 10.048% / Loss: 2.3031 / Grad Norm: 0.0206 / Grad Diff: 0.5455 / Time: 7.68s
======================================================================================================

round 132 local learning rate = 0.0003787878787878788

>>> Round:  133 / Acc: 10.050% / Loss: 2.3031 / Grad Norm: 0.0206 / Grad Diff: 0.5455 / Time: 7.86s
======================================================================================================

round 133 local learning rate = 0.00037593984962406017

>>> Round:  134 / Acc: 10.050% / Loss: 2.3031 / Grad Norm: 0.0206 / Grad Diff: 0.5455 / Time: 8.28s
======================================================================================================

round 134 local learning rate = 0.00037313432835820896

>>> Round:  135 / Acc: 10.052% / Loss: 2.3031 / Grad Norm: 0.0205 / Grad Diff: 0.5455 / Time: 8.14s
======================================================================================================

= Test = round: 135 / acc: 9.830% / loss: 2.3031 / Time: 0.64s
======================================================================================================

round 135 local learning rate = 0.0003703703703703704

>>> Round:  136 / Acc: 10.052% / Loss: 2.3031 / Grad Norm: 0.0206 / Grad Diff: 0.5455 / Time: 7.82s
======================================================================================================

round 136 local learning rate = 0.0003676470588235294

>>> Round:  137 / Acc: 10.050% / Loss: 2.3031 / Grad Norm: 0.0205 / Grad Diff: 0.5455 / Time: 7.92s
======================================================================================================

round 137 local learning rate = 0.00036496350364963507

>>> Round:  138 / Acc: 10.052% / Loss: 2.3031 / Grad Norm: 0.0205 / Grad Diff: 0.5455 / Time: 8.12s
======================================================================================================

round 138 local learning rate = 0.00036231884057971015

>>> Round:  139 / Acc: 10.050% / Loss: 2.3031 / Grad Norm: 0.0205 / Grad Diff: 0.5455 / Time: 7.84s
======================================================================================================

round 139 local learning rate = 0.00035971223021582735

>>> Round:  140 / Acc: 10.050% / Loss: 2.3031 / Grad Norm: 0.0205 / Grad Diff: 0.5455 / Time: 7.58s
======================================================================================================

= Test = round: 140 / acc: 9.830% / loss: 2.3031 / Time: 0.62s
======================================================================================================

round 140 local learning rate = 0.00035714285714285714

>>> Round:  141 / Acc: 10.050% / Loss: 2.3031 / Grad Norm: 0.0205 / Grad Diff: 0.5455 / Time: 7.73s
======================================================================================================

round 141 local learning rate = 0.0003546099290780142

>>> Round:  142 / Acc: 10.048% / Loss: 2.3031 / Grad Norm: 0.0205 / Grad Diff: 0.5454 / Time: 7.87s
======================================================================================================

round 142 local learning rate = 0.00035211267605633805

>>> Round:  143 / Acc: 10.048% / Loss: 2.3031 / Grad Norm: 0.0205 / Grad Diff: 0.5454 / Time: 7.72s
======================================================================================================

round 143 local learning rate = 0.00034965034965034965

>>> Round:  144 / Acc: 10.046% / Loss: 2.3031 / Grad Norm: 0.0205 / Grad Diff: 0.5454 / Time: 7.84s
======================================================================================================

round 144 local learning rate = 0.00034722222222222224

>>> Round:  145 / Acc: 10.046% / Loss: 2.3031 / Grad Norm: 0.0205 / Grad Diff: 0.5454 / Time: 7.59s
======================================================================================================

= Test = round: 145 / acc: 9.830% / loss: 2.3031 / Time: 0.63s
======================================================================================================

round 145 local learning rate = 0.0003448275862068966

>>> Round:  146 / Acc: 10.048% / Loss: 2.3031 / Grad Norm: 0.0205 / Grad Diff: 0.5454 / Time: 8.00s
======================================================================================================

round 146 local learning rate = 0.00034246575342465754

>>> Round:  147 / Acc: 10.046% / Loss: 2.3031 / Grad Norm: 0.0205 / Grad Diff: 0.5454 / Time: 8.63s
======================================================================================================

round 147 local learning rate = 0.00034013605442176874

>>> Round:  148 / Acc: 10.046% / Loss: 2.3031 / Grad Norm: 0.0205 / Grad Diff: 0.5454 / Time: 7.84s
======================================================================================================

round 148 local learning rate = 0.00033783783783783786

>>> Round:  149 / Acc: 10.046% / Loss: 2.3031 / Grad Norm: 0.0205 / Grad Diff: 0.5454 / Time: 7.89s
======================================================================================================

round 149 local learning rate = 0.00033557046979865775

>>> Round:  150 / Acc: 10.046% / Loss: 2.3031 / Grad Norm: 0.0205 / Grad Diff: 0.5454 / Time: 7.85s
======================================================================================================

= Test = round: 150 / acc: 9.830% / loss: 2.3031 / Time: 0.64s
======================================================================================================

round 150 local learning rate = 0.0003333333333333334

>>> Round:  151 / Acc: 10.044% / Loss: 2.3031 / Grad Norm: 0.0205 / Grad Diff: 0.5454 / Time: 7.95s
======================================================================================================

round 151 local learning rate = 0.00033112582781456954

>>> Round:  152 / Acc: 10.044% / Loss: 2.3031 / Grad Norm: 0.0205 / Grad Diff: 0.5454 / Time: 7.83s
======================================================================================================

round 152 local learning rate = 0.0003289473684210526

>>> Round:  153 / Acc: 10.044% / Loss: 2.3031 / Grad Norm: 0.0205 / Grad Diff: 0.5454 / Time: 7.61s
======================================================================================================

round 153 local learning rate = 0.00032679738562091506

>>> Round:  154 / Acc: 10.044% / Loss: 2.3031 / Grad Norm: 0.0205 / Grad Diff: 0.5454 / Time: 7.65s
======================================================================================================

round 154 local learning rate = 0.0003246753246753247

>>> Round:  155 / Acc: 10.044% / Loss: 2.3031 / Grad Norm: 0.0205 / Grad Diff: 0.5454 / Time: 7.64s
======================================================================================================

= Test = round: 155 / acc: 9.830% / loss: 2.3031 / Time: 0.61s
======================================================================================================

round 155 local learning rate = 0.0003225806451612903

>>> Round:  156 / Acc: 10.044% / Loss: 2.3031 / Grad Norm: 0.0205 / Grad Diff: 0.5454 / Time: 7.64s
======================================================================================================

round 156 local learning rate = 0.0003205128205128205

>>> Round:  157 / Acc: 10.044% / Loss: 2.3031 / Grad Norm: 0.0205 / Grad Diff: 0.5454 / Time: 7.48s
======================================================================================================

round 157 local learning rate = 0.00031847133757961787

>>> Round:  158 / Acc: 10.044% / Loss: 2.3031 / Grad Norm: 0.0205 / Grad Diff: 0.5454 / Time: 7.96s
======================================================================================================

round 158 local learning rate = 0.00031645569620253165

>>> Round:  159 / Acc: 10.046% / Loss: 2.3031 / Grad Norm: 0.0205 / Grad Diff: 0.5454 / Time: 7.72s
======================================================================================================

round 159 local learning rate = 0.0003144654088050315

>>> Round:  160 / Acc: 10.046% / Loss: 2.3031 / Grad Norm: 0.0205 / Grad Diff: 0.5454 / Time: 7.79s
======================================================================================================

= Test = round: 160 / acc: 9.830% / loss: 2.3031 / Time: 0.63s
======================================================================================================

round 160 local learning rate = 0.0003125

>>> Round:  161 / Acc: 10.048% / Loss: 2.3031 / Grad Norm: 0.0205 / Grad Diff: 0.5454 / Time: 7.61s
======================================================================================================

round 161 local learning rate = 0.00031055900621118014

>>> Round:  162 / Acc: 10.048% / Loss: 2.3031 / Grad Norm: 0.0205 / Grad Diff: 0.5454 / Time: 7.80s
======================================================================================================

round 162 local learning rate = 0.00030864197530864197

>>> Round:  163 / Acc: 10.048% / Loss: 2.3031 / Grad Norm: 0.0205 / Grad Diff: 0.5454 / Time: 7.94s
======================================================================================================

round 163 local learning rate = 0.00030674846625766873

>>> Round:  164 / Acc: 10.046% / Loss: 2.3031 / Grad Norm: 0.0205 / Grad Diff: 0.5454 / Time: 7.81s
======================================================================================================

round 164 local learning rate = 0.0003048780487804878

>>> Round:  165 / Acc: 10.048% / Loss: 2.3031 / Grad Norm: 0.0205 / Grad Diff: 0.5454 / Time: 7.80s
======================================================================================================

= Test = round: 165 / acc: 9.830% / loss: 2.3031 / Time: 0.63s
======================================================================================================

round 165 local learning rate = 0.00030303030303030303

>>> Round:  166 / Acc: 10.048% / Loss: 2.3031 / Grad Norm: 0.0205 / Grad Diff: 0.5454 / Time: 8.22s
======================================================================================================

round 166 local learning rate = 0.00030120481927710846

>>> Round:  167 / Acc: 10.048% / Loss: 2.3030 / Grad Norm: 0.0205 / Grad Diff: 0.5454 / Time: 7.91s
======================================================================================================

round 167 local learning rate = 0.0002994011976047904

>>> Round:  168 / Acc: 10.048% / Loss: 2.3030 / Grad Norm: 0.0205 / Grad Diff: 0.5454 / Time: 7.72s
======================================================================================================

round 168 local learning rate = 0.00029761904761904765

>>> Round:  169 / Acc: 10.048% / Loss: 2.3030 / Grad Norm: 0.0205 / Grad Diff: 0.5454 / Time: 8.16s
======================================================================================================

round 169 local learning rate = 0.0002958579881656805

>>> Round:  170 / Acc: 10.048% / Loss: 2.3030 / Grad Norm: 0.0205 / Grad Diff: 0.5454 / Time: 7.74s
======================================================================================================

= Test = round: 170 / acc: 9.830% / loss: 2.3030 / Time: 0.63s
======================================================================================================

round 170 local learning rate = 0.00029411764705882356

>>> Round:  171 / Acc: 10.048% / Loss: 2.3030 / Grad Norm: 0.0205 / Grad Diff: 0.5453 / Time: 7.58s
======================================================================================================

round 171 local learning rate = 0.00029239766081871346

>>> Round:  172 / Acc: 10.048% / Loss: 2.3030 / Grad Norm: 0.0205 / Grad Diff: 0.5453 / Time: 7.78s
======================================================================================================

round 172 local learning rate = 0.00029069767441860465

>>> Round:  173 / Acc: 10.048% / Loss: 2.3030 / Grad Norm: 0.0205 / Grad Diff: 0.5453 / Time: 7.68s
======================================================================================================

round 173 local learning rate = 0.00028901734104046245

>>> Round:  174 / Acc: 10.048% / Loss: 2.3030 / Grad Norm: 0.0205 / Grad Diff: 0.5453 / Time: 7.82s
======================================================================================================

round 174 local learning rate = 0.00028735632183908046

>>> Round:  175 / Acc: 10.048% / Loss: 2.3030 / Grad Norm: 0.0205 / Grad Diff: 0.5453 / Time: 7.64s
======================================================================================================

= Test = round: 175 / acc: 9.830% / loss: 2.3030 / Time: 0.67s
======================================================================================================

round 175 local learning rate = 0.00028571428571428574

>>> Round:  176 / Acc: 10.048% / Loss: 2.3030 / Grad Norm: 0.0205 / Grad Diff: 0.5453 / Time: 7.88s
======================================================================================================

round 176 local learning rate = 0.00028409090909090913

>>> Round:  177 / Acc: 10.048% / Loss: 2.3030 / Grad Norm: 0.0205 / Grad Diff: 0.5453 / Time: 7.62s
======================================================================================================

round 177 local learning rate = 0.0002824858757062147

>>> Round:  178 / Acc: 10.048% / Loss: 2.3030 / Grad Norm: 0.0205 / Grad Diff: 0.5453 / Time: 7.77s
======================================================================================================

round 178 local learning rate = 0.0002808988764044944

>>> Round:  179 / Acc: 10.048% / Loss: 2.3030 / Grad Norm: 0.0205 / Grad Diff: 0.5453 / Time: 7.59s
======================================================================================================

round 179 local learning rate = 0.0002793296089385475

>>> Round:  180 / Acc: 10.048% / Loss: 2.3030 / Grad Norm: 0.0205 / Grad Diff: 0.5453 / Time: 7.52s
======================================================================================================

= Test = round: 180 / acc: 9.830% / loss: 2.3030 / Time: 0.63s
======================================================================================================

round 180 local learning rate = 0.0002777777777777778

>>> Round:  181 / Acc: 10.048% / Loss: 2.3030 / Grad Norm: 0.0205 / Grad Diff: 0.5453 / Time: 7.50s
======================================================================================================

round 181 local learning rate = 0.00027624309392265195

>>> Round:  182 / Acc: 10.048% / Loss: 2.3030 / Grad Norm: 0.0205 / Grad Diff: 0.5453 / Time: 7.57s
======================================================================================================

round 182 local learning rate = 0.0002747252747252747

>>> Round:  183 / Acc: 10.048% / Loss: 2.3030 / Grad Norm: 0.0205 / Grad Diff: 0.5453 / Time: 7.46s
======================================================================================================

round 183 local learning rate = 0.000273224043715847

>>> Round:  184 / Acc: 10.048% / Loss: 2.3030 / Grad Norm: 0.0205 / Grad Diff: 0.5453 / Time: 7.78s
======================================================================================================

round 184 local learning rate = 0.0002717391304347826

>>> Round:  185 / Acc: 10.048% / Loss: 2.3030 / Grad Norm: 0.0205 / Grad Diff: 0.5453 / Time: 7.74s
======================================================================================================

= Test = round: 185 / acc: 9.830% / loss: 2.3030 / Time: 0.65s
======================================================================================================

round 185 local learning rate = 0.0002702702702702703

>>> Round:  186 / Acc: 10.048% / Loss: 2.3030 / Grad Norm: 0.0205 / Grad Diff: 0.5453 / Time: 8.21s
======================================================================================================

round 186 local learning rate = 0.00026881720430107527

>>> Round:  187 / Acc: 10.048% / Loss: 2.3030 / Grad Norm: 0.0205 / Grad Diff: 0.5453 / Time: 8.05s
======================================================================================================

round 187 local learning rate = 0.00026737967914438503

>>> Round:  188 / Acc: 10.048% / Loss: 2.3030 / Grad Norm: 0.0205 / Grad Diff: 0.5453 / Time: 8.00s
======================================================================================================

round 188 local learning rate = 0.00026595744680851064

>>> Round:  189 / Acc: 10.048% / Loss: 2.3030 / Grad Norm: 0.0205 / Grad Diff: 0.5453 / Time: 8.93s
======================================================================================================

round 189 local learning rate = 0.00026455026455026457

>>> Round:  190 / Acc: 10.048% / Loss: 2.3030 / Grad Norm: 0.0205 / Grad Diff: 0.5453 / Time: 7.47s
======================================================================================================

= Test = round: 190 / acc: 9.830% / loss: 2.3030 / Time: 0.62s
======================================================================================================

round 190 local learning rate = 0.0002631578947368421

>>> Round:  191 / Acc: 10.048% / Loss: 2.3030 / Grad Norm: 0.0205 / Grad Diff: 0.5453 / Time: 7.66s
======================================================================================================

round 191 local learning rate = 0.0002617801047120419

>>> Round:  192 / Acc: 10.048% / Loss: 2.3030 / Grad Norm: 0.0205 / Grad Diff: 0.5453 / Time: 7.81s
======================================================================================================

round 192 local learning rate = 0.00026041666666666666

>>> Round:  193 / Acc: 10.048% / Loss: 2.3030 / Grad Norm: 0.0205 / Grad Diff: 0.5453 / Time: 8.73s
======================================================================================================

round 193 local learning rate = 0.00025906735751295336

>>> Round:  194 / Acc: 10.048% / Loss: 2.3030 / Grad Norm: 0.0205 / Grad Diff: 0.5453 / Time: 7.65s
======================================================================================================

round 194 local learning rate = 0.0002577319587628866

>>> Round:  195 / Acc: 10.048% / Loss: 2.3030 / Grad Norm: 0.0205 / Grad Diff: 0.5453 / Time: 7.59s
======================================================================================================

= Test = round: 195 / acc: 9.830% / loss: 2.3030 / Time: 0.62s
======================================================================================================

round 195 local learning rate = 0.0002564102564102564

>>> Round:  196 / Acc: 10.048% / Loss: 2.3030 / Grad Norm: 0.0205 / Grad Diff: 0.5453 / Time: 7.96s
======================================================================================================

round 196 local learning rate = 0.00025510204081632655

>>> Round:  197 / Acc: 10.048% / Loss: 2.3030 / Grad Norm: 0.0205 / Grad Diff: 0.5453 / Time: 7.81s
======================================================================================================

round 197 local learning rate = 0.0002538071065989848

>>> Round:  198 / Acc: 10.048% / Loss: 2.3030 / Grad Norm: 0.0205 / Grad Diff: 0.5453 / Time: 7.62s
======================================================================================================

round 198 local learning rate = 0.0002525252525252525

>>> Round:  199 / Acc: 10.048% / Loss: 2.3030 / Grad Norm: 0.0205 / Grad Diff: 0.5453 / Time: 7.82s
======================================================================================================

round 199 local learning rate = 0.0002512562814070352

>>> Round:  200 / Acc: 10.048% / Loss: 2.3030 / Grad Norm: 0.0205 / Grad Diff: 0.5453 / Time: 7.72s
======================================================================================================

= Test = round: 200 / acc: 9.830% / loss: 2.3030 / Time: 0.62s
======================================================================================================

