nohup: ignoring input
Using device: cuda:0
>>> Arguments:
	             algo : fedavgtl
	            alpha : 51871.0
	       batch_size : 32
	clients_per_round : 100
	          dataset : mnist_all_data_1_equal_niid
	           device : cuda:0
	              dis : 
	   early_stopping : 20
	       eval_every : 5
	    ft_batch_size : 128
	       ft_dataset : mnist-m
	        ft_epochs : 2
	            ft_lr : 0.01
	            ft_wd : 0.0
	              gpu : True
	      input_shape : (1, 28, 28)
	           last_k : 2
	               lr : 0.01
	            model : lenet
	           n_init : 5
	        noaverage : False
	          noprint : False
	        num_class : 10
	        num_epoch : 1
	        num_round : 200
	           opt_lr : False
	            reg_J : False
	       reg_J_coef : 0.0
	             seed : 0
	               wd : 0.0001
>>> Read data from:
     ./data/mnist/data/all_data_1.pkl
>>> The estimate of constant alpha is 51871.0.
>>> Read data from:
     ./data/mnist/data/train/all_data_1_equal_niid.pkl
     ./data/mnist/data/test/all_data_1_equal_niid.pkl
>>> Use gpu on device cuda:0
>>> Model statistic per layer
LeNet_MNIST(
  286.12 KMac, 100.000% MACs, 
  (conv1): Conv2d(89.856 KMac, 31.405% MACs, 1, 6, kernel_size=(5, 5), stride=(1, 1))
  (conv2): Conv2d(154.624 KMac, 54.042% MACs, 6, 16, kernel_size=(5, 5), stride=(1, 1))
  (fc1): Linear(30.72 KMac, 10.737% MACs, in_features=256, out_features=120, bias=True)
  (fc2): Linear(10.08 KMac, 3.523% MACs, in_features=120, out_features=84, bias=True)
  (fc3): Linear(840.0 Mac, 0.294% MACs, in_features=84, out_features=10, bias=True)
)
>>> Activate a worker for training
>>> Initialize 100 clients in total
>>> Weigh updates by simple average
>>> Select 100 clients per round 


>>> Round:    0 / Acc: 6.177% / Loss: 11.5313 / Grad Norm: 141.8607 / Grad Diff: 40739.5914 / Time: 7.79s
======================================================================================================

= Test = round: 0 / acc: 6.500% / loss: 11.6923 / Time: 0.63s
======================================================================================================

round 0 local learning rate = 0.01

>>> Round:    1 / Acc: 13.203% / Loss: 2.3180 / Grad Norm: 3.2530 / Grad Diff: 115.4464 / Time: 8.08s
======================================================================================================

round 1 local learning rate = 0.01

>>> Round:    2 / Acc: 27.758% / Loss: 2.0071 / Grad Norm: 4.6162 / Grad Diff: 271.6601 / Time: 7.85s
======================================================================================================

round 2 local learning rate = 0.005

>>> Round:    3 / Acc: 41.673% / Loss: 1.7039 / Grad Norm: 5.8923 / Grad Diff: 538.8364 / Time: 7.87s
======================================================================================================

round 3 local learning rate = 0.0033333333333333335

>>> Round:    4 / Acc: 52.367% / Loss: 1.4657 / Grad Norm: 5.9431 / Grad Diff: 712.0541 / Time: 8.00s
======================================================================================================

round 4 local learning rate = 0.0025

>>> Round:    5 / Acc: 58.943% / Loss: 1.2895 / Grad Norm: 5.4230 / Grad Diff: 811.7967 / Time: 7.99s
======================================================================================================

= Test = round: 5 / acc: 59.790% / loss: 1.2550 / Time: 0.64s
======================================================================================================

round 5 local learning rate = 0.002

>>> Round:    6 / Acc: 62.980% / Loss: 1.1697 / Grad Norm: 5.2950 / Grad Diff: 882.3095 / Time: 8.10s
======================================================================================================

round 6 local learning rate = 0.0016666666666666668

>>> Round:    7 / Acc: 65.886% / Loss: 1.0797 / Grad Norm: 5.1902 / Grad Diff: 939.7839 / Time: 8.00s
======================================================================================================

round 7 local learning rate = 0.0014285714285714286

>>> Round:    8 / Acc: 68.052% / Loss: 1.0088 / Grad Norm: 4.8053 / Grad Diff: 968.1385 / Time: 7.85s
======================================================================================================

round 8 local learning rate = 0.00125

>>> Round:    9 / Acc: 69.775% / Loss: 0.9550 / Grad Norm: 4.8409 / Grad Diff: 1004.7746 / Time: 7.89s
======================================================================================================

round 9 local learning rate = 0.0011111111111111111

>>> Round:   10 / Acc: 71.125% / Loss: 0.9110 / Grad Norm: 4.7536 / Grad Diff: 1024.8929 / Time: 7.64s
======================================================================================================

= Test = round: 10 / acc: 72.550% / loss: 0.8703 / Time: 0.62s
======================================================================================================

round 10 local learning rate = 0.001

>>> Round:   11 / Acc: 72.363% / Loss: 0.8737 / Grad Norm: 4.5528 / Grad Diff: 1035.7066 / Time: 7.39s
======================================================================================================

round 11 local learning rate = 0.0009090909090909091

>>> Round:   12 / Acc: 73.277% / Loss: 0.8423 / Grad Norm: 4.3919 / Grad Diff: 1046.2406 / Time: 6.89s
======================================================================================================

round 12 local learning rate = 0.0008333333333333334

>>> Round:   13 / Acc: 74.133% / Loss: 0.8146 / Grad Norm: 4.2570 / Grad Diff: 1052.4765 / Time: 7.44s
======================================================================================================

round 13 local learning rate = 0.0007692307692307692

>>> Round:   14 / Acc: 74.904% / Loss: 0.7916 / Grad Norm: 4.2386 / Grad Diff: 1057.6663 / Time: 7.26s
======================================================================================================

round 14 local learning rate = 0.0007142857142857143

>>> Round:   15 / Acc: 75.502% / Loss: 0.7712 / Grad Norm: 4.1642 / Grad Diff: 1059.8838 / Time: 7.31s
======================================================================================================

= Test = round: 15 / acc: 76.710% / loss: 0.7304 / Time: 0.58s
======================================================================================================

round 15 local learning rate = 0.0006666666666666666

>>> Round:   16 / Acc: 76.052% / Loss: 0.7535 / Grad Norm: 4.1943 / Grad Diff: 1069.5806 / Time: 7.40s
======================================================================================================

round 16 local learning rate = 0.000625

>>> Round:   17 / Acc: 76.629% / Loss: 0.7368 / Grad Norm: 4.1541 / Grad Diff: 1074.2763 / Time: 7.41s
======================================================================================================

round 17 local learning rate = 0.0005882352941176471

>>> Round:   18 / Acc: 77.157% / Loss: 0.7216 / Grad Norm: 3.9324 / Grad Diff: 1075.0636 / Time: 7.64s
======================================================================================================

round 18 local learning rate = 0.0005555555555555556

>>> Round:   19 / Acc: 77.579% / Loss: 0.7075 / Grad Norm: 3.7803 / Grad Diff: 1073.0598 / Time: 8.95s
======================================================================================================

round 19 local learning rate = 0.0005263157894736842

>>> Round:   20 / Acc: 77.941% / Loss: 0.6960 / Grad Norm: 3.7851 / Grad Diff: 1077.8991 / Time: 7.54s
======================================================================================================

= Test = round: 20 / acc: 79.270% / loss: 0.6569 / Time: 0.61s
======================================================================================================

round 20 local learning rate = 0.0005

>>> Round:   21 / Acc: 78.325% / Loss: 0.6847 / Grad Norm: 3.7563 / Grad Diff: 1080.7109 / Time: 7.51s
======================================================================================================

round 21 local learning rate = 0.0004761904761904762

>>> Round:   22 / Acc: 78.598% / Loss: 0.6745 / Grad Norm: 3.6411 / Grad Diff: 1082.7712 / Time: 7.39s
======================================================================================================

round 22 local learning rate = 0.00045454545454545455

>>> Round:   23 / Acc: 78.897% / Loss: 0.6642 / Grad Norm: 3.3926 / Grad Diff: 1079.6939 / Time: 7.58s
======================================================================================================

round 23 local learning rate = 0.0004347826086956522

>>> Round:   24 / Acc: 79.196% / Loss: 0.6560 / Grad Norm: 3.6280 / Grad Diff: 1088.1007 / Time: 7.57s
======================================================================================================

round 24 local learning rate = 0.0004166666666666667

>>> Round:   25 / Acc: 79.489% / Loss: 0.6478 / Grad Norm: 3.5468 / Grad Diff: 1088.6812 / Time: 7.55s
======================================================================================================

= Test = round: 25 / acc: 80.690% / loss: 0.6107 / Time: 0.63s
======================================================================================================

round 25 local learning rate = 0.0004

>>> Round:   26 / Acc: 79.697% / Loss: 0.6398 / Grad Norm: 3.3203 / Grad Diff: 1086.7593 / Time: 8.03s
======================================================================================================

round 26 local learning rate = 0.0003846153846153846

>>> Round:   27 / Acc: 79.887% / Loss: 0.6328 / Grad Norm: 3.4867 / Grad Diff: 1092.3314 / Time: 7.66s
======================================================================================================

round 27 local learning rate = 0.00037037037037037035

>>> Round:   28 / Acc: 80.089% / Loss: 0.6258 / Grad Norm: 3.3216 / Grad Diff: 1090.6664 / Time: 7.84s
======================================================================================================

round 28 local learning rate = 0.00035714285714285714

>>> Round:   29 / Acc: 80.277% / Loss: 0.6194 / Grad Norm: 3.2939 / Grad Diff: 1094.2297 / Time: 8.07s
======================================================================================================

round 29 local learning rate = 0.0003448275862068966

>>> Round:   30 / Acc: 80.472% / Loss: 0.6134 / Grad Norm: 3.2675 / Grad Diff: 1098.9788 / Time: 8.44s
======================================================================================================

= Test = round: 30 / acc: 81.600% / loss: 0.5780 / Time: 0.67s
======================================================================================================

round 30 local learning rate = 0.0003333333333333333

>>> Round:   31 / Acc: 80.644% / Loss: 0.6078 / Grad Norm: 3.1647 / Grad Diff: 1097.2045 / Time: 8.08s
======================================================================================================

round 31 local learning rate = 0.0003225806451612903

>>> Round:   32 / Acc: 80.760% / Loss: 0.6030 / Grad Norm: 3.4331 / Grad Diff: 1105.1671 / Time: 8.37s
======================================================================================================

round 32 local learning rate = 0.0003125

>>> Round:   33 / Acc: 80.956% / Loss: 0.5975 / Grad Norm: 3.1905 / Grad Diff: 1102.1376 / Time: 8.11s
======================================================================================================

round 33 local learning rate = 0.00030303030303030303

>>> Round:   34 / Acc: 81.107% / Loss: 0.5923 / Grad Norm: 3.0273 / Grad Diff: 1099.8953 / Time: 7.51s
======================================================================================================

round 34 local learning rate = 0.00029411764705882356

>>> Round:   35 / Acc: 81.223% / Loss: 0.5874 / Grad Norm: 2.9428 / Grad Diff: 1098.6405 / Time: 7.52s
======================================================================================================

= Test = round: 35 / acc: 82.370% / loss: 0.5529 / Time: 0.62s
======================================================================================================

round 35 local learning rate = 0.00028571428571428574

>>> Round:   36 / Acc: 81.339% / Loss: 0.5837 / Grad Norm: 3.2013 / Grad Diff: 1106.8868 / Time: 8.89s
======================================================================================================

round 36 local learning rate = 0.0002777777777777778

>>> Round:   37 / Acc: 81.487% / Loss: 0.5790 / Grad Norm: 2.9055 / Grad Diff: 1103.3412 / Time: 7.67s
======================================================================================================

round 37 local learning rate = 0.0002702702702702703

>>> Round:   38 / Acc: 81.572% / Loss: 0.5753 / Grad Norm: 3.0113 / Grad Diff: 1107.6654 / Time: 8.03s
======================================================================================================

round 38 local learning rate = 0.0002631578947368421

>>> Round:   39 / Acc: 81.692% / Loss: 0.5714 / Grad Norm: 2.9364 / Grad Diff: 1107.4048 / Time: 7.53s
======================================================================================================

round 39 local learning rate = 0.0002564102564102564

>>> Round:   40 / Acc: 81.808% / Loss: 0.5679 / Grad Norm: 3.0943 / Grad Diff: 1110.5476 / Time: 7.62s
======================================================================================================

= Test = round: 40 / acc: 83.030% / loss: 0.5346 / Time: 0.62s
======================================================================================================

round 40 local learning rate = 0.00025

>>> Round:   41 / Acc: 81.939% / Loss: 0.5641 / Grad Norm: 3.0070 / Grad Diff: 1109.4099 / Time: 7.44s
======================================================================================================

round 41 local learning rate = 0.00024390243902439024

>>> Round:   42 / Acc: 82.052% / Loss: 0.5604 / Grad Norm: 2.9393 / Grad Diff: 1108.7174 / Time: 7.62s
======================================================================================================

round 42 local learning rate = 0.0002380952380952381

>>> Round:   43 / Acc: 82.155% / Loss: 0.5568 / Grad Norm: 2.8108 / Grad Diff: 1105.9634 / Time: 7.77s
======================================================================================================

round 43 local learning rate = 0.00023255813953488373

>>> Round:   44 / Acc: 82.256% / Loss: 0.5535 / Grad Norm: 2.6928 / Grad Diff: 1105.5428 / Time: 7.71s
======================================================================================================

round 44 local learning rate = 0.00022727272727272727

>>> Round:   45 / Acc: 82.375% / Loss: 0.5507 / Grad Norm: 2.8169 / Grad Diff: 1109.3908 / Time: 7.83s
======================================================================================================

= Test = round: 45 / acc: 83.640% / loss: 0.5182 / Time: 0.63s
======================================================================================================

round 45 local learning rate = 0.00022222222222222223

>>> Round:   46 / Acc: 82.454% / Loss: 0.5476 / Grad Norm: 2.7169 / Grad Diff: 1108.6171 / Time: 7.44s
======================================================================================================

round 46 local learning rate = 0.0002173913043478261

>>> Round:   47 / Acc: 82.592% / Loss: 0.5447 / Grad Norm: 2.6799 / Grad Diff: 1108.1117 / Time: 7.51s
======================================================================================================

round 47 local learning rate = 0.0002127659574468085

>>> Round:   48 / Acc: 82.618% / Loss: 0.5422 / Grad Norm: 2.8026 / Grad Diff: 1113.8566 / Time: 6.99s
======================================================================================================

round 48 local learning rate = 0.00020833333333333335

>>> Round:   49 / Acc: 82.760% / Loss: 0.5393 / Grad Norm: 2.6561 / Grad Diff: 1112.1503 / Time: 7.51s
======================================================================================================

round 49 local learning rate = 0.00020408163265306123

>>> Round:   50 / Acc: 82.849% / Loss: 0.5370 / Grad Norm: 2.8547 / Grad Diff: 1116.3294 / Time: 8.25s
======================================================================================================

= Test = round: 50 / acc: 84.100% / loss: 0.5050 / Time: 0.69s
======================================================================================================

round 50 local learning rate = 0.0002

>>> Round:   51 / Acc: 82.948% / Loss: 0.5344 / Grad Norm: 2.8256 / Grad Diff: 1115.7158 / Time: 8.41s
======================================================================================================

round 51 local learning rate = 0.000196078431372549

>>> Round:   52 / Acc: 83.031% / Loss: 0.5318 / Grad Norm: 2.7909 / Grad Diff: 1115.5625 / Time: 7.73s
======================================================================================================

round 52 local learning rate = 0.0001923076923076923

>>> Round:   53 / Acc: 83.094% / Loss: 0.5293 / Grad Norm: 2.7676 / Grad Diff: 1115.5016 / Time: 7.61s
======================================================================================================

round 53 local learning rate = 0.00018867924528301886

>>> Round:   54 / Acc: 83.173% / Loss: 0.5269 / Grad Norm: 2.7309 / Grad Diff: 1115.4145 / Time: 9.82s
======================================================================================================

round 54 local learning rate = 0.00018518518518518518

>>> Round:   55 / Acc: 83.255% / Loss: 0.5244 / Grad Norm: 2.6808 / Grad Diff: 1112.9497 / Time: 7.54s
======================================================================================================

= Test = round: 55 / acc: 84.410% / loss: 0.4932 / Time: 0.62s
======================================================================================================

round 55 local learning rate = 0.00018181818181818183

>>> Round:   56 / Acc: 83.308% / Loss: 0.5223 / Grad Norm: 2.7710 / Grad Diff: 1115.1577 / Time: 7.52s
======================================================================================================

round 56 local learning rate = 0.00017857142857142857

>>> Round:   57 / Acc: 83.363% / Loss: 0.5199 / Grad Norm: 2.6141 / Grad Diff: 1112.9495 / Time: 7.62s
======================================================================================================

round 57 local learning rate = 0.00017543859649122808

>>> Round:   58 / Acc: 83.445% / Loss: 0.5177 / Grad Norm: 2.5892 / Grad Diff: 1112.0191 / Time: 7.69s
======================================================================================================

round 58 local learning rate = 0.0001724137931034483

>>> Round:   59 / Acc: 83.470% / Loss: 0.5154 / Grad Norm: 2.4711 / Grad Diff: 1109.0006 / Time: 9.36s
======================================================================================================

round 59 local learning rate = 0.00016949152542372882

>>> Round:   60 / Acc: 83.496% / Loss: 0.5138 / Grad Norm: 2.5980 / Grad Diff: 1113.9236 / Time: 7.77s
======================================================================================================

= Test = round: 60 / acc: 84.630% / loss: 0.4831 / Time: 0.63s
======================================================================================================

round 60 local learning rate = 0.00016666666666666666

>>> Round:   61 / Acc: 83.555% / Loss: 0.5120 / Grad Norm: 2.6959 / Grad Diff: 1115.4968 / Time: 7.70s
======================================================================================================

round 61 local learning rate = 0.0001639344262295082

>>> Round:   62 / Acc: 83.576% / Loss: 0.5103 / Grad Norm: 2.8683 / Grad Diff: 1119.8304 / Time: 7.31s
======================================================================================================

round 62 local learning rate = 0.00016129032258064516

>>> Round:   63 / Acc: 83.675% / Loss: 0.5082 / Grad Norm: 2.7212 / Grad Diff: 1116.7944 / Time: 7.51s
======================================================================================================

round 63 local learning rate = 0.00015873015873015873

>>> Round:   64 / Acc: 83.716% / Loss: 0.5061 / Grad Norm: 2.5965 / Grad Diff: 1114.2237 / Time: 7.39s
======================================================================================================

round 64 local learning rate = 0.00015625

>>> Round:   65 / Acc: 83.788% / Loss: 0.5042 / Grad Norm: 2.5247 / Grad Diff: 1113.1185 / Time: 8.56s
======================================================================================================

= Test = round: 65 / acc: 84.930% / loss: 0.4737 / Time: 0.65s
======================================================================================================

round 65 local learning rate = 0.00015384615384615385

>>> Round:   66 / Acc: 83.827% / Loss: 0.5025 / Grad Norm: 2.5955 / Grad Diff: 1113.8069 / Time: 7.56s
======================================================================================================

round 66 local learning rate = 0.00015151515151515152

>>> Round:   67 / Acc: 83.906% / Loss: 0.5008 / Grad Norm: 2.5823 / Grad Diff: 1113.8879 / Time: 8.61s
======================================================================================================

round 67 local learning rate = 0.00014925373134328358

>>> Round:   68 / Acc: 83.972% / Loss: 0.4989 / Grad Norm: 2.4953 / Grad Diff: 1110.8300 / Time: 7.48s
======================================================================================================

round 68 local learning rate = 0.00014705882352941178

>>> Round:   69 / Acc: 83.989% / Loss: 0.4977 / Grad Norm: 2.6533 / Grad Diff: 1115.1732 / Time: 7.53s
======================================================================================================

round 69 local learning rate = 0.00014492753623188405

>>> Round:   70 / Acc: 84.046% / Loss: 0.4959 / Grad Norm: 2.5591 / Grad Diff: 1111.8332 / Time: 7.58s
======================================================================================================

= Test = round: 70 / acc: 85.210% / loss: 0.4659 / Time: 0.61s
======================================================================================================

round 70 local learning rate = 0.00014285714285714287

>>> Round:   71 / Acc: 84.096% / Loss: 0.4944 / Grad Norm: 2.6457 / Grad Diff: 1113.9376 / Time: 7.41s
======================================================================================================

round 71 local learning rate = 0.00014084507042253522

>>> Round:   72 / Acc: 84.149% / Loss: 0.4928 / Grad Norm: 2.6324 / Grad Diff: 1113.4641 / Time: 7.45s
======================================================================================================

round 72 local learning rate = 0.0001388888888888889

>>> Round:   73 / Acc: 84.216% / Loss: 0.4912 / Grad Norm: 2.5741 / Grad Diff: 1112.5574 / Time: 7.72s
======================================================================================================

round 73 local learning rate = 0.000136986301369863

>>> Round:   74 / Acc: 84.268% / Loss: 0.4894 / Grad Norm: 2.3624 / Grad Diff: 1107.4421 / Time: 7.66s
======================================================================================================

round 74 local learning rate = 0.00013513513513513514

>>> Round:   75 / Acc: 84.328% / Loss: 0.4880 / Grad Norm: 2.4484 / Grad Diff: 1109.1981 / Time: 7.64s
======================================================================================================

= Test = round: 75 / acc: 85.360% / loss: 0.4587 / Time: 0.63s
======================================================================================================

round 75 local learning rate = 0.00013333333333333334

>>> Round:   76 / Acc: 84.349% / Loss: 0.4866 / Grad Norm: 2.5055 / Grad Diff: 1109.9078 / Time: 7.63s
======================================================================================================

round 76 local learning rate = 0.00013157894736842105

>>> Round:   77 / Acc: 84.391% / Loss: 0.4851 / Grad Norm: 2.4659 / Grad Diff: 1107.8605 / Time: 6.93s
======================================================================================================

round 77 local learning rate = 0.00012987012987012987

>>> Round:   78 / Acc: 84.423% / Loss: 0.4835 / Grad Norm: 2.3241 / Grad Diff: 1104.7937 / Time: 6.94s
======================================================================================================

round 78 local learning rate = 0.0001282051282051282

>>> Round:   79 / Acc: 84.478% / Loss: 0.4821 / Grad Norm: 2.2906 / Grad Diff: 1104.1454 / Time: 7.38s
======================================================================================================

round 79 local learning rate = 0.00012658227848101267

>>> Round:   80 / Acc: 84.522% / Loss: 0.4809 / Grad Norm: 2.4065 / Grad Diff: 1105.9457 / Time: 7.65s
======================================================================================================

= Test = round: 80 / acc: 85.620% / loss: 0.4519 / Time: 0.65s
======================================================================================================

round 80 local learning rate = 0.000125

>>> Round:   81 / Acc: 84.568% / Loss: 0.4797 / Grad Norm: 2.5060 / Grad Diff: 1108.3538 / Time: 7.91s
======================================================================================================

round 81 local learning rate = 0.0001234567901234568

>>> Round:   82 / Acc: 84.607% / Loss: 0.4784 / Grad Norm: 2.5752 / Grad Diff: 1108.7939 / Time: 7.97s
======================================================================================================

round 82 local learning rate = 0.00012195121951219512

>>> Round:   83 / Acc: 84.655% / Loss: 0.4768 / Grad Norm: 2.2892 / Grad Diff: 1102.9180 / Time: 7.50s
======================================================================================================

round 83 local learning rate = 0.00012048192771084338

>>> Round:   84 / Acc: 84.681% / Loss: 0.4754 / Grad Norm: 2.2869 / Grad Diff: 1102.1795 / Time: 8.17s
======================================================================================================

round 84 local learning rate = 0.00011904761904761905

>>> Round:   85 / Acc: 84.742% / Loss: 0.4742 / Grad Norm: 2.2717 / Grad Diff: 1102.2096 / Time: 7.99s
======================================================================================================

= Test = round: 85 / acc: 85.790% / loss: 0.4458 / Time: 0.64s
======================================================================================================

round 85 local learning rate = 0.00011764705882352942

>>> Round:   86 / Acc: 84.780% / Loss: 0.4730 / Grad Norm: 2.2631 / Grad Diff: 1101.1726 / Time: 7.77s
======================================================================================================

round 86 local learning rate = 0.00011627906976744187

>>> Round:   87 / Acc: 84.832% / Loss: 0.4717 / Grad Norm: 2.1907 / Grad Diff: 1098.5002 / Time: 7.72s
======================================================================================================

round 87 local learning rate = 0.00011494252873563218

>>> Round:   88 / Acc: 84.843% / Loss: 0.4707 / Grad Norm: 2.3819 / Grad Diff: 1101.5093 / Time: 9.60s
======================================================================================================

round 88 local learning rate = 0.00011363636363636364

>>> Round:   89 / Acc: 84.899% / Loss: 0.4696 / Grad Norm: 2.4054 / Grad Diff: 1102.5553 / Time: 8.89s
======================================================================================================

round 89 local learning rate = 0.00011235955056179776

>>> Round:   90 / Acc: 84.954% / Loss: 0.4684 / Grad Norm: 2.3414 / Grad Diff: 1100.2407 / Time: 7.91s
======================================================================================================

= Test = round: 90 / acc: 86.020% / loss: 0.4403 / Time: 0.65s
======================================================================================================

round 90 local learning rate = 0.00011111111111111112

>>> Round:   91 / Acc: 84.996% / Loss: 0.4673 / Grad Norm: 2.3571 / Grad Diff: 1099.9776 / Time: 8.13s
======================================================================================================

round 91 local learning rate = 0.00010989010989010989

>>> Round:   92 / Acc: 85.052% / Loss: 0.4659 / Grad Norm: 2.1655 / Grad Diff: 1096.1110 / Time: 7.94s
======================================================================================================

round 92 local learning rate = 0.00010869565217391305

>>> Round:   93 / Acc: 85.081% / Loss: 0.4649 / Grad Norm: 2.3285 / Grad Diff: 1098.5634 / Time: 7.66s
======================================================================================================

round 93 local learning rate = 0.00010752688172043011

>>> Round:   94 / Acc: 85.116% / Loss: 0.4638 / Grad Norm: 2.3081 / Grad Diff: 1097.2454 / Time: 7.95s
======================================================================================================

round 94 local learning rate = 0.00010638297872340425

>>> Round:   95 / Acc: 85.144% / Loss: 0.4626 / Grad Norm: 2.1956 / Grad Diff: 1093.8939 / Time: 7.62s
======================================================================================================

= Test = round: 95 / acc: 86.110% / loss: 0.4350 / Time: 0.67s
======================================================================================================

round 95 local learning rate = 0.00010526315789473685

>>> Round:   96 / Acc: 85.170% / Loss: 0.4614 / Grad Norm: 2.0906 / Grad Diff: 1091.1243 / Time: 7.58s
======================================================================================================

round 96 local learning rate = 0.00010416666666666667

>>> Round:   97 / Acc: 85.177% / Loss: 0.4605 / Grad Norm: 2.2416 / Grad Diff: 1093.3005 / Time: 7.22s
======================================================================================================

round 97 local learning rate = 0.00010309278350515464

>>> Round:   98 / Acc: 85.207% / Loss: 0.4595 / Grad Norm: 2.2336 / Grad Diff: 1092.9655 / Time: 7.80s
======================================================================================================

round 98 local learning rate = 0.00010204081632653062

>>> Round:   99 / Acc: 85.295% / Loss: 0.4584 / Grad Norm: 2.1436 / Grad Diff: 1089.8237 / Time: 8.05s
======================================================================================================

round 99 local learning rate = 0.00010101010101010101

>>> Round:  100 / Acc: 85.338% / Loss: 0.4572 / Grad Norm: 2.0544 / Grad Diff: 1087.2144 / Time: 7.77s
======================================================================================================

= Test = round: 100 / acc: 86.170% / loss: 0.4302 / Time: 0.63s
======================================================================================================

round 100 local learning rate = 0.0001

>>> Round:  101 / Acc: 85.345% / Loss: 0.4562 / Grad Norm: 2.0238 / Grad Diff: 1086.8555 / Time: 7.73s
======================================================================================================

round 101 local learning rate = 9.900990099009902e-05

>>> Round:  102 / Acc: 85.376% / Loss: 0.4555 / Grad Norm: 2.1828 / Grad Diff: 1089.7989 / Time: 7.79s
======================================================================================================

round 102 local learning rate = 9.80392156862745e-05

>>> Round:  103 / Acc: 85.363% / Loss: 0.4547 / Grad Norm: 2.3156 / Grad Diff: 1091.9614 / Time: 7.89s
======================================================================================================

round 103 local learning rate = 9.70873786407767e-05

>>> Round:  104 / Acc: 85.417% / Loss: 0.4536 / Grad Norm: 2.2257 / Grad Diff: 1089.3768 / Time: 7.88s
======================================================================================================

round 104 local learning rate = 9.615384615384615e-05

>>> Round:  105 / Acc: 85.448% / Loss: 0.4525 / Grad Norm: 2.1256 / Grad Diff: 1086.3816 / Time: 7.82s
======================================================================================================

= Test = round: 105 / acc: 86.330% / loss: 0.4257 / Time: 0.63s
======================================================================================================

round 105 local learning rate = 9.523809523809524e-05

>>> Round:  106 / Acc: 85.483% / Loss: 0.4518 / Grad Norm: 2.3036 / Grad Diff: 1088.9111 / Time: 7.96s
======================================================================================================

round 106 local learning rate = 9.433962264150943e-05

>>> Round:  107 / Acc: 85.524% / Loss: 0.4508 / Grad Norm: 2.2702 / Grad Diff: 1087.2347 / Time: 7.60s
======================================================================================================

round 107 local learning rate = 9.345794392523364e-05

>>> Round:  108 / Acc: 85.524% / Loss: 0.4498 / Grad Norm: 2.2094 / Grad Diff: 1085.6870 / Time: 7.56s
======================================================================================================

round 108 local learning rate = 9.259259259259259e-05

>>> Round:  109 / Acc: 85.570% / Loss: 0.4488 / Grad Norm: 2.1610 / Grad Diff: 1083.9951 / Time: 8.08s
======================================================================================================

round 109 local learning rate = 9.174311926605505e-05

>>> Round:  110 / Acc: 85.601% / Loss: 0.4479 / Grad Norm: 2.1099 / Grad Diff: 1082.6093 / Time: 7.69s
======================================================================================================

= Test = round: 110 / acc: 86.430% / loss: 0.4214 / Time: 0.63s
======================================================================================================

round 110 local learning rate = 9.090909090909092e-05

>>> Round:  111 / Acc: 85.627% / Loss: 0.4471 / Grad Norm: 2.2393 / Grad Diff: 1083.3332 / Time: 7.64s
======================================================================================================

round 111 local learning rate = 9.009009009009009e-05

>>> Round:  112 / Acc: 85.637% / Loss: 0.4458 / Grad Norm: 1.9447 / Grad Diff: 1075.6777 / Time: 7.73s
======================================================================================================

round 112 local learning rate = 8.928571428571429e-05

>>> Round:  113 / Acc: 85.696% / Loss: 0.4449 / Grad Norm: 1.9532 / Grad Diff: 1074.9580 / Time: 7.60s
======================================================================================================

round 113 local learning rate = 8.849557522123894e-05

>>> Round:  114 / Acc: 85.725% / Loss: 0.4442 / Grad Norm: 1.9739 / Grad Diff: 1075.2927 / Time: 7.76s
======================================================================================================

round 114 local learning rate = 8.771929824561404e-05

>>> Round:  115 / Acc: 85.744% / Loss: 0.4433 / Grad Norm: 2.0742 / Grad Diff: 1075.2370 / Time: 7.56s
======================================================================================================

= Test = round: 115 / acc: 86.490% / loss: 0.4169 / Time: 0.62s
======================================================================================================

round 115 local learning rate = 8.695652173913044e-05

>>> Round:  116 / Acc: 85.756% / Loss: 0.4425 / Grad Norm: 2.0370 / Grad Diff: 1073.5698 / Time: 7.88s
======================================================================================================

round 116 local learning rate = 8.620689655172414e-05

>>> Round:  117 / Acc: 85.823% / Loss: 0.4418 / Grad Norm: 2.0901 / Grad Diff: 1073.8713 / Time: 7.64s
======================================================================================================

round 117 local learning rate = 8.547008547008547e-05

>>> Round:  118 / Acc: 85.841% / Loss: 0.4410 / Grad Norm: 2.0751 / Grad Diff: 1073.4931 / Time: 7.84s
======================================================================================================

round 118 local learning rate = 8.474576271186441e-05

>>> Round:  119 / Acc: 85.845% / Loss: 0.4401 / Grad Norm: 1.9742 / Grad Diff: 1070.8967 / Time: 7.69s
======================================================================================================

round 119 local learning rate = 8.403361344537815e-05

>>> Round:  120 / Acc: 85.889% / Loss: 0.4394 / Grad Norm: 2.0375 / Grad Diff: 1072.3118 / Time: 8.07s
======================================================================================================

= Test = round: 120 / acc: 86.650% / loss: 0.4134 / Time: 0.62s
======================================================================================================

round 120 local learning rate = 8.333333333333333e-05

>>> Round:  121 / Acc: 85.902% / Loss: 0.4388 / Grad Norm: 2.1665 / Grad Diff: 1074.2348 / Time: 8.56s
======================================================================================================

round 121 local learning rate = 8.264462809917356e-05

>>> Round:  122 / Acc: 85.943% / Loss: 0.4380 / Grad Norm: 2.0991 / Grad Diff: 1072.6878 / Time: 8.10s
======================================================================================================

round 122 local learning rate = 8.19672131147541e-05

>>> Round:  123 / Acc: 85.980% / Loss: 0.4371 / Grad Norm: 1.9943 / Grad Diff: 1069.7362 / Time: 7.74s
======================================================================================================

round 123 local learning rate = 8.130081300813008e-05

>>> Round:  124 / Acc: 85.970% / Loss: 0.4362 / Grad Norm: 1.9057 / Grad Diff: 1067.1018 / Time: 7.46s
======================================================================================================

round 124 local learning rate = 8.064516129032258e-05

>>> Round:  125 / Acc: 86.007% / Loss: 0.4355 / Grad Norm: 1.9458 / Grad Diff: 1066.6005 / Time: 7.77s
======================================================================================================

= Test = round: 125 / acc: 86.740% / loss: 0.4098 / Time: 0.61s
======================================================================================================

round 125 local learning rate = 8e-05

>>> Round:  126 / Acc: 86.037% / Loss: 0.4348 / Grad Norm: 2.0272 / Grad Diff: 1067.1098 / Time: 7.70s
======================================================================================================

round 126 local learning rate = 7.936507936507937e-05

>>> Round:  127 / Acc: 86.085% / Loss: 0.4339 / Grad Norm: 1.8998 / Grad Diff: 1063.1478 / Time: 7.86s
======================================================================================================

round 127 local learning rate = 7.874015748031496e-05

>>> Round:  128 / Acc: 86.083% / Loss: 0.4332 / Grad Norm: 1.9281 / Grad Diff: 1063.1713 / Time: 7.49s
======================================================================================================

round 128 local learning rate = 7.8125e-05

>>> Round:  129 / Acc: 86.116% / Loss: 0.4325 / Grad Norm: 1.9056 / Grad Diff: 1062.0453 / Time: 7.67s
======================================================================================================

round 129 local learning rate = 7.751937984496124e-05

>>> Round:  130 / Acc: 86.124% / Loss: 0.4318 / Grad Norm: 1.9543 / Grad Diff: 1061.8095 / Time: 7.54s
======================================================================================================

= Test = round: 130 / acc: 86.830% / loss: 0.4064 / Time: 0.63s
======================================================================================================

round 130 local learning rate = 7.692307692307693e-05

>>> Round:  131 / Acc: 86.153% / Loss: 0.4311 / Grad Norm: 1.9352 / Grad Diff: 1060.0535 / Time: 7.62s
======================================================================================================

round 131 local learning rate = 7.633587786259542e-05

>>> Round:  132 / Acc: 86.188% / Loss: 0.4304 / Grad Norm: 1.9087 / Grad Diff: 1058.7610 / Time: 7.75s
======================================================================================================

round 132 local learning rate = 7.575757575757576e-05

>>> Round:  133 / Acc: 86.183% / Loss: 0.4297 / Grad Norm: 1.9696 / Grad Diff: 1059.8783 / Time: 7.81s
======================================================================================================

round 133 local learning rate = 7.518796992481203e-05

>>> Round:  134 / Acc: 86.218% / Loss: 0.4291 / Grad Norm: 2.0095 / Grad Diff: 1059.7095 / Time: 7.62s
======================================================================================================

round 134 local learning rate = 7.462686567164179e-05

>>> Round:  135 / Acc: 86.232% / Loss: 0.4283 / Grad Norm: 1.9125 / Grad Diff: 1057.7376 / Time: 7.43s
======================================================================================================

= Test = round: 135 / acc: 87.030% / loss: 0.4030 / Time: 0.61s
======================================================================================================

round 135 local learning rate = 7.407407407407407e-05

>>> Round:  136 / Acc: 86.275% / Loss: 0.4277 / Grad Norm: 1.9572 / Grad Diff: 1057.8454 / Time: 8.28s
======================================================================================================

round 136 local learning rate = 7.352941176470589e-05

>>> Round:  137 / Acc: 86.293% / Loss: 0.4271 / Grad Norm: 1.9728 / Grad Diff: 1057.6384 / Time: 8.02s
======================================================================================================

round 137 local learning rate = 7.299270072992701e-05

>>> Round:  138 / Acc: 86.301% / Loss: 0.4264 / Grad Norm: 1.9882 / Grad Diff: 1056.9311 / Time: 7.36s
======================================================================================================

round 138 local learning rate = 7.246376811594203e-05

>>> Round:  139 / Acc: 86.317% / Loss: 0.4256 / Grad Norm: 1.8846 / Grad Diff: 1054.4531 / Time: 7.78s
======================================================================================================

round 139 local learning rate = 7.194244604316547e-05

>>> Round:  140 / Acc: 86.332% / Loss: 0.4250 / Grad Norm: 1.8988 / Grad Diff: 1053.4056 / Time: 8.45s
======================================================================================================

= Test = round: 140 / acc: 87.070% / loss: 0.4001 / Time: 0.62s
======================================================================================================

round 140 local learning rate = 7.142857142857143e-05

>>> Round:  141 / Acc: 86.371% / Loss: 0.4243 / Grad Norm: 1.8257 / Grad Diff: 1051.8678 / Time: 7.93s
======================================================================================================

round 141 local learning rate = 7.092198581560284e-05

>>> Round:  142 / Acc: 86.410% / Loss: 0.4236 / Grad Norm: 1.7590 / Grad Diff: 1049.0870 / Time: 7.84s
======================================================================================================

round 142 local learning rate = 7.042253521126761e-05

>>> Round:  143 / Acc: 86.408% / Loss: 0.4230 / Grad Norm: 1.8014 / Grad Diff: 1049.2614 / Time: 7.67s
======================================================================================================

round 143 local learning rate = 6.993006993006993e-05

>>> Round:  144 / Acc: 86.465% / Loss: 0.4223 / Grad Norm: 1.7362 / Grad Diff: 1046.4560 / Time: 7.63s
======================================================================================================

round 144 local learning rate = 6.944444444444444e-05

>>> Round:  145 / Acc: 86.458% / Loss: 0.4218 / Grad Norm: 1.8119 / Grad Diff: 1046.9009 / Time: 7.80s
======================================================================================================

= Test = round: 145 / acc: 87.200% / loss: 0.3969 / Time: 0.64s
======================================================================================================

round 145 local learning rate = 6.896551724137931e-05

>>> Round:  146 / Acc: 86.463% / Loss: 0.4212 / Grad Norm: 1.9224 / Grad Diff: 1048.2081 / Time: 7.46s
======================================================================================================

round 146 local learning rate = 6.84931506849315e-05

>>> Round:  147 / Acc: 86.494% / Loss: 0.4206 / Grad Norm: 1.9291 / Grad Diff: 1047.0333 / Time: 7.48s
======================================================================================================

round 147 local learning rate = 6.802721088435374e-05

>>> Round:  148 / Acc: 86.502% / Loss: 0.4201 / Grad Norm: 1.9657 / Grad Diff: 1047.0450 / Time: 7.58s
======================================================================================================

round 148 local learning rate = 6.756756756756757e-05

>>> Round:  149 / Acc: 86.530% / Loss: 0.4194 / Grad Norm: 1.9115 / Grad Diff: 1044.9825 / Time: 7.38s
======================================================================================================

round 149 local learning rate = 6.711409395973155e-05

>>> Round:  150 / Acc: 86.539% / Loss: 0.4189 / Grad Norm: 2.0140 / Grad Diff: 1046.4646 / Time: 7.73s
======================================================================================================

= Test = round: 150 / acc: 87.160% / loss: 0.3942 / Time: 0.63s
======================================================================================================

round 150 local learning rate = 6.666666666666667e-05

>>> Round:  151 / Acc: 86.561% / Loss: 0.4182 / Grad Norm: 1.9360 / Grad Diff: 1043.6918 / Time: 7.89s
======================================================================================================

round 151 local learning rate = 6.622516556291391e-05

>>> Round:  152 / Acc: 86.579% / Loss: 0.4177 / Grad Norm: 1.9654 / Grad Diff: 1043.5994 / Time: 7.48s
======================================================================================================

round 152 local learning rate = 6.578947368421052e-05

>>> Round:  153 / Acc: 86.613% / Loss: 0.4170 / Grad Norm: 1.8131 / Grad Diff: 1040.6303 / Time: 7.64s
======================================================================================================

round 153 local learning rate = 6.535947712418301e-05

>>> Round:  154 / Acc: 86.624% / Loss: 0.4164 / Grad Norm: 1.8712 / Grad Diff: 1040.6400 / Time: 7.47s
======================================================================================================

round 154 local learning rate = 6.493506493506494e-05

>>> Round:  155 / Acc: 86.648% / Loss: 0.4159 / Grad Norm: 1.8852 / Grad Diff: 1039.9890 / Time: 7.36s
======================================================================================================

= Test = round: 155 / acc: 87.270% / loss: 0.3914 / Time: 0.63s
======================================================================================================

round 155 local learning rate = 6.451612903225807e-05

>>> Round:  156 / Acc: 86.657% / Loss: 0.4153 / Grad Norm: 1.8333 / Grad Diff: 1038.5538 / Time: 7.52s
======================================================================================================

round 156 local learning rate = 6.41025641025641e-05

>>> Round:  157 / Acc: 86.679% / Loss: 0.4146 / Grad Norm: 1.7910 / Grad Diff: 1035.5586 / Time: 7.60s
======================================================================================================

round 157 local learning rate = 6.369426751592357e-05

>>> Round:  158 / Acc: 86.697% / Loss: 0.4141 / Grad Norm: 1.7758 / Grad Diff: 1035.3851 / Time: 7.73s
======================================================================================================

round 158 local learning rate = 6.329113924050633e-05

>>> Round:  159 / Acc: 86.721% / Loss: 0.4135 / Grad Norm: 1.7363 / Grad Diff: 1033.1607 / Time: 7.66s
======================================================================================================

round 159 local learning rate = 6.289308176100629e-05

>>> Round:  160 / Acc: 86.736% / Loss: 0.4131 / Grad Norm: 1.8784 / Grad Diff: 1034.9458 / Time: 7.83s
======================================================================================================

= Test = round: 160 / acc: 87.350% / loss: 0.3888 / Time: 0.63s
======================================================================================================

round 160 local learning rate = 6.25e-05

>>> Round:  161 / Acc: 86.771% / Loss: 0.4126 / Grad Norm: 1.9114 / Grad Diff: 1034.3821 / Time: 7.62s
======================================================================================================

round 161 local learning rate = 6.211180124223603e-05

>>> Round:  162 / Acc: 86.784% / Loss: 0.4120 / Grad Norm: 1.9265 / Grad Diff: 1033.7729 / Time: 7.51s
======================================================================================================

round 162 local learning rate = 6.17283950617284e-05

>>> Round:  163 / Acc: 86.806% / Loss: 0.4113 / Grad Norm: 1.7790 / Grad Diff: 1030.6360 / Time: 7.45s
======================================================================================================

round 163 local learning rate = 6.134969325153375e-05

>>> Round:  164 / Acc: 86.817% / Loss: 0.4108 / Grad Norm: 1.7149 / Grad Diff: 1028.4429 / Time: 7.44s
======================================================================================================

round 164 local learning rate = 6.097560975609756e-05

>>> Round:  165 / Acc: 86.856% / Loss: 0.4102 / Grad Norm: 1.7266 / Grad Diff: 1027.8826 / Time: 7.69s
======================================================================================================

= Test = round: 165 / acc: 87.450% / loss: 0.3861 / Time: 0.61s
======================================================================================================

round 165 local learning rate = 6.0606060606060605e-05

>>> Round:  166 / Acc: 86.862% / Loss: 0.4097 / Grad Norm: 1.6773 / Grad Diff: 1026.5216 / Time: 7.50s
======================================================================================================

round 166 local learning rate = 6.024096385542169e-05

>>> Round:  167 / Acc: 86.876% / Loss: 0.4092 / Grad Norm: 1.7195 / Grad Diff: 1026.3475 / Time: 7.84s
======================================================================================================

round 167 local learning rate = 5.988023952095808e-05

>>> Round:  168 / Acc: 86.893% / Loss: 0.4087 / Grad Norm: 1.7054 / Grad Diff: 1025.1306 / Time: 7.45s
======================================================================================================

round 168 local learning rate = 5.9523809523809524e-05

>>> Round:  169 / Acc: 86.921% / Loss: 0.4082 / Grad Norm: 1.7638 / Grad Diff: 1025.1338 / Time: 7.48s
======================================================================================================

round 169 local learning rate = 5.9171597633136094e-05

>>> Round:  170 / Acc: 86.937% / Loss: 0.4076 / Grad Norm: 1.7196 / Grad Diff: 1022.2068 / Time: 7.34s
======================================================================================================

= Test = round: 170 / acc: 87.500% / loss: 0.3837 / Time: 0.63s
======================================================================================================

round 170 local learning rate = 5.882352941176471e-05

>>> Round:  171 / Acc: 86.948% / Loss: 0.4072 / Grad Norm: 1.7925 / Grad Diff: 1023.8960 / Time: 7.46s
======================================================================================================

round 171 local learning rate = 5.847953216374269e-05

>>> Round:  172 / Acc: 86.963% / Loss: 0.4067 / Grad Norm: 1.7799 / Grad Diff: 1022.7169 / Time: 7.59s
======================================================================================================

round 172 local learning rate = 5.8139534883720933e-05

>>> Round:  173 / Acc: 86.982% / Loss: 0.4062 / Grad Norm: 1.7437 / Grad Diff: 1020.8385 / Time: 7.58s
======================================================================================================

round 173 local learning rate = 5.7803468208092484e-05

>>> Round:  174 / Acc: 86.987% / Loss: 0.4057 / Grad Norm: 1.7171 / Grad Diff: 1019.3669 / Time: 7.66s
======================================================================================================

round 174 local learning rate = 5.747126436781609e-05

>>> Round:  175 / Acc: 87.024% / Loss: 0.4052 / Grad Norm: 1.6669 / Grad Diff: 1018.2775 / Time: 7.40s
======================================================================================================

= Test = round: 175 / acc: 87.580% / loss: 0.3814 / Time: 0.64s
======================================================================================================

round 175 local learning rate = 5.714285714285714e-05

>>> Round:  176 / Acc: 87.041% / Loss: 0.4046 / Grad Norm: 1.5961 / Grad Diff: 1016.2683 / Time: 7.66s
======================================================================================================

round 176 local learning rate = 5.681818181818182e-05

>>> Round:  177 / Acc: 87.052% / Loss: 0.4041 / Grad Norm: 1.5907 / Grad Diff: 1015.2352 / Time: 7.64s
======================================================================================================

round 177 local learning rate = 5.649717514124294e-05

>>> Round:  178 / Acc: 87.063% / Loss: 0.4037 / Grad Norm: 1.6031 / Grad Diff: 1014.7318 / Time: 7.75s
======================================================================================================

round 178 local learning rate = 5.617977528089888e-05

>>> Round:  179 / Acc: 87.066% / Loss: 0.4033 / Grad Norm: 1.6550 / Grad Diff: 1015.2665 / Time: 7.70s
======================================================================================================

round 179 local learning rate = 5.58659217877095e-05

>>> Round:  180 / Acc: 87.098% / Loss: 0.4028 / Grad Norm: 1.6319 / Grad Diff: 1013.9231 / Time: 7.49s
======================================================================================================

= Test = round: 180 / acc: 87.630% / loss: 0.3792 / Time: 0.63s
======================================================================================================

round 180 local learning rate = 5.555555555555556e-05

>>> Round:  181 / Acc: 87.109% / Loss: 0.4024 / Grad Norm: 1.6720 / Grad Diff: 1013.5242 / Time: 7.41s
======================================================================================================

round 181 local learning rate = 5.524861878453039e-05

>>> Round:  182 / Acc: 87.129% / Loss: 0.4019 / Grad Norm: 1.6570 / Grad Diff: 1012.1711 / Time: 7.46s
======================================================================================================

round 182 local learning rate = 5.4945054945054945e-05

>>> Round:  183 / Acc: 87.146% / Loss: 0.4014 / Grad Norm: 1.6083 / Grad Diff: 1009.6215 / Time: 7.50s
======================================================================================================

round 183 local learning rate = 5.46448087431694e-05

>>> Round:  184 / Acc: 87.168% / Loss: 0.4009 / Grad Norm: 1.6117 / Grad Diff: 1008.5516 / Time: 7.52s
======================================================================================================

round 184 local learning rate = 5.4347826086956524e-05

>>> Round:  185 / Acc: 87.173% / Loss: 0.4005 / Grad Norm: 1.6743 / Grad Diff: 1008.7089 / Time: 7.69s
======================================================================================================

= Test = round: 185 / acc: 87.720% / loss: 0.3769 / Time: 0.63s
======================================================================================================

round 185 local learning rate = 5.4054054054054054e-05

>>> Round:  186 / Acc: 87.185% / Loss: 0.4001 / Grad Norm: 1.6884 / Grad Diff: 1008.4323 / Time: 7.62s
======================================================================================================

round 186 local learning rate = 5.3763440860215054e-05

>>> Round:  187 / Acc: 87.201% / Loss: 0.3996 / Grad Norm: 1.6830 / Grad Diff: 1007.6600 / Time: 7.66s
======================================================================================================

round 187 local learning rate = 5.347593582887701e-05

>>> Round:  188 / Acc: 87.205% / Loss: 0.3991 / Grad Norm: 1.5619 / Grad Diff: 1003.8889 / Time: 7.54s
======================================================================================================

round 188 local learning rate = 5.319148936170213e-05

>>> Round:  189 / Acc: 87.234% / Loss: 0.3986 / Grad Norm: 1.4746 / Grad Diff: 1001.7572 / Time: 7.63s
======================================================================================================

round 189 local learning rate = 5.291005291005291e-05

>>> Round:  190 / Acc: 87.234% / Loss: 0.3982 / Grad Norm: 1.5291 / Grad Diff: 1002.3532 / Time: 7.57s
======================================================================================================

= Test = round: 190 / acc: 87.810% / loss: 0.3749 / Time: 0.62s
======================================================================================================

round 190 local learning rate = 5.2631578947368424e-05

>>> Round:  191 / Acc: 87.255% / Loss: 0.3978 / Grad Norm: 1.5363 / Grad Diff: 1001.4518 / Time: 7.37s
======================================================================================================

round 191 local learning rate = 5.2356020942408376e-05

>>> Round:  192 / Acc: 87.260% / Loss: 0.3974 / Grad Norm: 1.5817 / Grad Diff: 1001.9002 / Time: 7.46s
======================================================================================================

round 192 local learning rate = 5.208333333333334e-05

>>> Round:  193 / Acc: 87.273% / Loss: 0.3970 / Grad Norm: 1.6120 / Grad Diff: 1001.6783 / Time: 7.60s
======================================================================================================

round 193 local learning rate = 5.1813471502590674e-05

>>> Round:  194 / Acc: 87.290% / Loss: 0.3965 / Grad Norm: 1.5086 / Grad Diff: 998.9661 / Time: 7.52s
======================================================================================================

round 194 local learning rate = 5.154639175257732e-05

>>> Round:  195 / Acc: 87.292% / Loss: 0.3961 / Grad Norm: 1.5280 / Grad Diff: 998.2097 / Time: 7.94s
======================================================================================================

= Test = round: 195 / acc: 87.900% / loss: 0.3728 / Time: 0.65s
======================================================================================================

round 195 local learning rate = 5.1282051282051286e-05

>>> Round:  196 / Acc: 87.317% / Loss: 0.3957 / Grad Norm: 1.5162 / Grad Diff: 997.3952 / Time: 7.83s
======================================================================================================

round 196 local learning rate = 5.102040816326531e-05

>>> Round:  197 / Acc: 87.317% / Loss: 0.3953 / Grad Norm: 1.5606 / Grad Diff: 997.2144 / Time: 7.02s
======================================================================================================

round 197 local learning rate = 5.076142131979695e-05

>>> Round:  198 / Acc: 87.332% / Loss: 0.3948 / Grad Norm: 1.5561 / Grad Diff: 996.0647 / Time: 7.96s
======================================================================================================

round 198 local learning rate = 5.0505050505050505e-05

>>> Round:  199 / Acc: 87.347% / Loss: 0.3944 / Grad Norm: 1.5463 / Grad Diff: 995.0771 / Time: 7.80s
======================================================================================================

round 199 local learning rate = 5.0251256281407036e-05

>>> Round:  200 / Acc: 87.347% / Loss: 0.3940 / Grad Norm: 1.5383 / Grad Diff: 994.4960 / Time: 7.55s
======================================================================================================

= Test = round: 200 / acc: 87.920% / loss: 0.3709 / Time: 0.61s
======================================================================================================

