nohup: ignoring input
Using device: cuda:0
>>> Arguments:
	             algo : fedavgtl
	            alpha : 51871.0
	       batch_size : 64
	clients_per_round : 100
	          dataset : mnist_all_data_1_equal_niid
	           device : cuda:0
	              dis : 
	   early_stopping : 20
	       eval_every : 5
	    ft_batch_size : 128
	       ft_dataset : mnist-m
	        ft_epochs : 2
	            ft_lr : 0.01
	            ft_wd : 0.0
	              gpu : True
	      input_shape : (1, 28, 28)
	           last_k : 2
	               lr : 0.01
	            model : lenet
	           n_init : 5
	        noaverage : False
	          noprint : False
	        num_class : 10
	        num_epoch : 1
	        num_round : 200
	           opt_lr : False
	            reg_J : True
	       reg_J_coef : 0.01
	             seed : 0
	               wd : 0.0001
>>> Read data from:
     ./data/mnist/data/all_data_1.pkl
>>> The estimate of constant alpha is 51871.0.
>>> Read data from:
     ./data/mnist/data/train/all_data_1_equal_niid.pkl
     ./data/mnist/data/test/all_data_1_equal_niid.pkl
>>> Use gpu on device cuda:0
>>> Model statistic per layer
LeNet_MNIST(
  286.12 KMac, 100.000% MACs, 
  (conv1): Conv2d(89.856 KMac, 31.405% MACs, 1, 6, kernel_size=(5, 5), stride=(1, 1))
  (conv2): Conv2d(154.624 KMac, 54.042% MACs, 6, 16, kernel_size=(5, 5), stride=(1, 1))
  (fc1): Linear(30.72 KMac, 10.737% MACs, in_features=256, out_features=120, bias=True)
  (fc2): Linear(10.08 KMac, 3.523% MACs, in_features=120, out_features=84, bias=True)
  (fc3): Linear(840.0 Mac, 0.294% MACs, in_features=84, out_features=10, bias=True)
)
>>> Activate a worker for training
>>> Initialize 100 clients in total
>>> Weigh updates by simple average
>>> Select 100 clients per round 


>>> Round:    0 / Acc: 2.410% / Loss: 12.8045 / Grad Norm: 161.4960 / Grad Diff: 21039.7105 / Time: 6.65s
======================================================================================================

= Test = round: 0 / acc: 2.010% / loss: 12.6743 / Time: 0.54s
======================================================================================================

round 0 local learning rate = 0.01

>>> Round:    1 / Acc: 17.037% / Loss: 2.2259 / Grad Norm: 1.9105 / Grad Diff: 60.7131 / Time: 6.63s
======================================================================================================

round 1 local learning rate = 0.01

>>> Round:    2 / Acc: 35.185% / Loss: 1.9581 / Grad Norm: 3.5127 / Grad Diff: 160.4986 / Time: 6.46s
======================================================================================================

round 2 local learning rate = 0.005

>>> Round:    3 / Acc: 48.251% / Loss: 1.6177 / Grad Norm: 4.8293 / Grad Diff: 444.6788 / Time: 6.41s
======================================================================================================

round 3 local learning rate = 0.0033333333333333335

>>> Round:    4 / Acc: 55.114% / Loss: 1.3976 / Grad Norm: 4.9728 / Grad Diff: 651.9422 / Time: 6.57s
======================================================================================================

round 4 local learning rate = 0.0025

>>> Round:    5 / Acc: 59.448% / Loss: 1.2564 / Grad Norm: 4.7917 / Grad Diff: 778.1593 / Time: 6.59s
======================================================================================================

= Test = round: 5 / acc: 60.300% / loss: 1.2099 / Time: 0.52s
======================================================================================================

round 5 local learning rate = 0.002

>>> Round:    6 / Acc: 62.450% / Loss: 1.1583 / Grad Norm: 4.5197 / Grad Diff: 848.4655 / Time: 6.47s
======================================================================================================

round 6 local learning rate = 0.0016666666666666668

>>> Round:    7 / Acc: 64.459% / Loss: 1.0866 / Grad Norm: 4.2633 / Grad Diff: 901.9747 / Time: 6.65s
======================================================================================================

round 7 local learning rate = 0.0014285714285714286

>>> Round:    8 / Acc: 65.982% / Loss: 1.0329 / Grad Norm: 4.2481 / Grad Diff: 943.5702 / Time: 6.68s
======================================================================================================

round 8 local learning rate = 0.00125

>>> Round:    9 / Acc: 67.135% / Loss: 0.9903 / Grad Norm: 4.2954 / Grad Diff: 974.2158 / Time: 5.91s
======================================================================================================

round 9 local learning rate = 0.0011111111111111111

>>> Round:   10 / Acc: 68.266% / Loss: 0.9540 / Grad Norm: 4.2313 / Grad Diff: 1001.5214 / Time: 6.64s
======================================================================================================

= Test = round: 10 / acc: 70.420% / loss: 0.8972 / Time: 0.53s
======================================================================================================

round 10 local learning rate = 0.001

>>> Round:   11 / Acc: 69.268% / Loss: 0.9225 / Grad Norm: 3.9745 / Grad Diff: 1019.8140 / Time: 6.73s
======================================================================================================

round 11 local learning rate = 0.0009090909090909091

>>> Round:   12 / Acc: 69.996% / Loss: 0.8966 / Grad Norm: 3.9256 / Grad Diff: 1039.5315 / Time: 6.59s
======================================================================================================

round 12 local learning rate = 0.0008333333333333334

>>> Round:   13 / Acc: 70.710% / Loss: 0.8738 / Grad Norm: 3.9485 / Grad Diff: 1052.0496 / Time: 6.82s
======================================================================================================

round 13 local learning rate = 0.0007692307692307692

>>> Round:   14 / Acc: 71.384% / Loss: 0.8538 / Grad Norm: 3.9133 / Grad Diff: 1065.7910 / Time: 6.56s
======================================================================================================

round 14 local learning rate = 0.0007142857142857143

>>> Round:   15 / Acc: 71.967% / Loss: 0.8354 / Grad Norm: 3.8054 / Grad Diff: 1075.3107 / Time: 6.75s
======================================================================================================

= Test = round: 15 / acc: 73.950% / loss: 0.7783 / Time: 0.59s
======================================================================================================

round 15 local learning rate = 0.0006666666666666666

>>> Round:   16 / Acc: 72.454% / Loss: 0.8194 / Grad Norm: 3.7569 / Grad Diff: 1086.1815 / Time: 7.80s
======================================================================================================

round 16 local learning rate = 0.000625

>>> Round:   17 / Acc: 72.913% / Loss: 0.8054 / Grad Norm: 3.8788 / Grad Diff: 1097.7873 / Time: 6.65s
======================================================================================================

round 17 local learning rate = 0.0005882352941176471

>>> Round:   18 / Acc: 73.391% / Loss: 0.7908 / Grad Norm: 3.7102 / Grad Diff: 1100.1514 / Time: 6.83s
======================================================================================================

round 18 local learning rate = 0.0005555555555555556

>>> Round:   19 / Acc: 73.817% / Loss: 0.7786 / Grad Norm: 3.7714 / Grad Diff: 1107.5539 / Time: 6.75s
======================================================================================================

round 19 local learning rate = 0.0005263157894736842

>>> Round:   20 / Acc: 74.181% / Loss: 0.7668 / Grad Norm: 3.6569 / Grad Diff: 1111.6549 / Time: 6.88s
======================================================================================================

= Test = round: 20 / acc: 76.110% / loss: 0.7099 / Time: 0.53s
======================================================================================================

round 20 local learning rate = 0.0005

>>> Round:   21 / Acc: 74.570% / Loss: 0.7561 / Grad Norm: 3.6695 / Grad Diff: 1117.9782 / Time: 6.38s
======================================================================================================

round 21 local learning rate = 0.0004761904761904762

>>> Round:   22 / Acc: 74.899% / Loss: 0.7455 / Grad Norm: 3.5445 / Grad Diff: 1121.1411 / Time: 6.70s
======================================================================================================

round 22 local learning rate = 0.00045454545454545455

>>> Round:   23 / Acc: 75.268% / Loss: 0.7359 / Grad Norm: 3.5663 / Grad Diff: 1125.9012 / Time: 8.00s
======================================================================================================

round 23 local learning rate = 0.0004347826086956522

>>> Round:   24 / Acc: 75.583% / Loss: 0.7270 / Grad Norm: 3.4797 / Grad Diff: 1129.6928 / Time: 6.71s
======================================================================================================

round 24 local learning rate = 0.0004166666666666667

>>> Round:   25 / Acc: 75.897% / Loss: 0.7184 / Grad Norm: 3.3738 / Grad Diff: 1130.7483 / Time: 6.47s
======================================================================================================

= Test = round: 25 / acc: 77.760% / loss: 0.6630 / Time: 0.60s
======================================================================================================

round 25 local learning rate = 0.0004

>>> Round:   26 / Acc: 76.138% / Loss: 0.7105 / Grad Norm: 3.4306 / Grad Diff: 1135.3996 / Time: 6.59s
======================================================================================================

round 26 local learning rate = 0.0003846153846153846

>>> Round:   27 / Acc: 76.459% / Loss: 0.7025 / Grad Norm: 3.2933 / Grad Diff: 1135.1169 / Time: 6.46s
======================================================================================================

round 27 local learning rate = 0.00037037037037037035

>>> Round:   28 / Acc: 76.720% / Loss: 0.6950 / Grad Norm: 3.2386 / Grad Diff: 1135.7119 / Time: 6.49s
======================================================================================================

round 28 local learning rate = 0.00035714285714285714

>>> Round:   29 / Acc: 76.965% / Loss: 0.6884 / Grad Norm: 3.2396 / Grad Diff: 1139.4481 / Time: 6.47s
======================================================================================================

round 29 local learning rate = 0.0003448275862068966

>>> Round:   30 / Acc: 77.183% / Loss: 0.6815 / Grad Norm: 3.1231 / Grad Diff: 1138.8797 / Time: 6.47s
======================================================================================================

= Test = round: 30 / acc: 78.990% / loss: 0.6281 / Time: 0.51s
======================================================================================================

round 30 local learning rate = 0.0003333333333333333

>>> Round:   31 / Acc: 77.397% / Loss: 0.6755 / Grad Norm: 3.1853 / Grad Diff: 1140.7404 / Time: 6.62s
======================================================================================================

round 31 local learning rate = 0.0003225806451612903

>>> Round:   32 / Acc: 77.605% / Loss: 0.6690 / Grad Norm: 3.0743 / Grad Diff: 1139.6253 / Time: 5.94s
======================================================================================================

round 32 local learning rate = 0.0003125

>>> Round:   33 / Acc: 77.797% / Loss: 0.6634 / Grad Norm: 3.0956 / Grad Diff: 1141.7584 / Time: 6.59s
======================================================================================================

round 33 local learning rate = 0.00030303030303030303

>>> Round:   34 / Acc: 77.969% / Loss: 0.6576 / Grad Norm: 2.9980 / Grad Diff: 1141.4640 / Time: 6.52s
======================================================================================================

round 34 local learning rate = 0.00029411764705882356

>>> Round:   35 / Acc: 78.129% / Loss: 0.6524 / Grad Norm: 3.0040 / Grad Diff: 1142.7030 / Time: 5.79s
======================================================================================================

= Test = round: 35 / acc: 79.790% / loss: 0.6005 / Time: 0.54s
======================================================================================================

round 35 local learning rate = 0.00028571428571428574

>>> Round:   36 / Acc: 78.299% / Loss: 0.6474 / Grad Norm: 3.0041 / Grad Diff: 1143.2870 / Time: 6.47s
======================================================================================================

round 36 local learning rate = 0.0002777777777777778

>>> Round:   37 / Acc: 78.439% / Loss: 0.6423 / Grad Norm: 2.9139 / Grad Diff: 1143.4361 / Time: 6.45s
======================================================================================================

round 37 local learning rate = 0.0002702702702702703

>>> Round:   38 / Acc: 78.600% / Loss: 0.6376 / Grad Norm: 2.9125 / Grad Diff: 1144.3187 / Time: 6.55s
======================================================================================================

round 38 local learning rate = 0.0002631578947368421

>>> Round:   39 / Acc: 78.793% / Loss: 0.6329 / Grad Norm: 2.8220 / Grad Diff: 1143.4389 / Time: 6.53s
======================================================================================================

round 39 local learning rate = 0.0002564102564102564

>>> Round:   40 / Acc: 78.950% / Loss: 0.6284 / Grad Norm: 2.7756 / Grad Diff: 1142.6395 / Time: 6.36s
======================================================================================================

= Test = round: 40 / acc: 80.590% / loss: 0.5775 / Time: 0.56s
======================================================================================================

round 40 local learning rate = 0.00025

>>> Round:   41 / Acc: 79.079% / Loss: 0.6243 / Grad Norm: 2.7415 / Grad Diff: 1142.8014 / Time: 6.56s
======================================================================================================

round 41 local learning rate = 0.00024390243902439024

>>> Round:   42 / Acc: 79.260% / Loss: 0.6201 / Grad Norm: 2.7346 / Grad Diff: 1142.4378 / Time: 6.48s
======================================================================================================

round 42 local learning rate = 0.0002380952380952381

>>> Round:   43 / Acc: 79.423% / Loss: 0.6162 / Grad Norm: 2.7656 / Grad Diff: 1142.6828 / Time: 6.52s
======================================================================================================

round 43 local learning rate = 0.00023255813953488373

>>> Round:   44 / Acc: 79.589% / Loss: 0.6124 / Grad Norm: 2.7609 / Grad Diff: 1143.4037 / Time: 5.97s
======================================================================================================

round 44 local learning rate = 0.00022727272727272727

>>> Round:   45 / Acc: 79.755% / Loss: 0.6084 / Grad Norm: 2.6695 / Grad Diff: 1141.4794 / Time: 6.31s
======================================================================================================

= Test = round: 45 / acc: 81.420% / loss: 0.5590 / Time: 0.52s
======================================================================================================

round 45 local learning rate = 0.00022222222222222223

>>> Round:   46 / Acc: 79.906% / Loss: 0.6051 / Grad Norm: 2.7195 / Grad Diff: 1143.1759 / Time: 6.35s
======================================================================================================

round 46 local learning rate = 0.0002173913043478261

>>> Round:   47 / Acc: 80.009% / Loss: 0.6014 / Grad Norm: 2.6380 / Grad Diff: 1142.1592 / Time: 6.37s
======================================================================================================

round 47 local learning rate = 0.0002127659574468085

>>> Round:   48 / Acc: 80.149% / Loss: 0.5979 / Grad Norm: 2.6370 / Grad Diff: 1142.0559 / Time: 6.18s
======================================================================================================

round 48 local learning rate = 0.00020833333333333335

>>> Round:   49 / Acc: 80.280% / Loss: 0.5944 / Grad Norm: 2.5046 / Grad Diff: 1139.9380 / Time: 6.34s
======================================================================================================

round 49 local learning rate = 0.00020408163265306123

>>> Round:   50 / Acc: 80.395% / Loss: 0.5911 / Grad Norm: 2.4887 / Grad Diff: 1139.8066 / Time: 6.34s
======================================================================================================

= Test = round: 50 / acc: 82.080% / loss: 0.5427 / Time: 0.52s
======================================================================================================

round 50 local learning rate = 0.0002

>>> Round:   51 / Acc: 80.530% / Loss: 0.5881 / Grad Norm: 2.5074 / Grad Diff: 1140.6852 / Time: 6.59s
======================================================================================================

round 51 local learning rate = 0.000196078431372549

>>> Round:   52 / Acc: 80.646% / Loss: 0.5850 / Grad Norm: 2.4545 / Grad Diff: 1139.5971 / Time: 6.48s
======================================================================================================

round 52 local learning rate = 0.0001923076923076923

>>> Round:   53 / Acc: 80.766% / Loss: 0.5820 / Grad Norm: 2.4823 / Grad Diff: 1138.8700 / Time: 6.55s
======================================================================================================

round 53 local learning rate = 0.00018867924528301886

>>> Round:   54 / Acc: 80.862% / Loss: 0.5790 / Grad Norm: 2.4305 / Grad Diff: 1138.3328 / Time: 6.35s
======================================================================================================

round 54 local learning rate = 0.00018518518518518518

>>> Round:   55 / Acc: 80.948% / Loss: 0.5763 / Grad Norm: 2.4420 / Grad Diff: 1138.5871 / Time: 6.58s
======================================================================================================

= Test = round: 55 / acc: 82.490% / loss: 0.5292 / Time: 0.55s
======================================================================================================

round 55 local learning rate = 0.00018181818181818183

>>> Round:   56 / Acc: 81.055% / Loss: 0.5736 / Grad Norm: 2.3825 / Grad Diff: 1138.2713 / Time: 6.38s
======================================================================================================

round 56 local learning rate = 0.00017857142857142857

>>> Round:   57 / Acc: 81.157% / Loss: 0.5709 / Grad Norm: 2.4121 / Grad Diff: 1137.6162 / Time: 6.23s
======================================================================================================

round 57 local learning rate = 0.00017543859649122808

>>> Round:   58 / Acc: 81.273% / Loss: 0.5683 / Grad Norm: 2.3916 / Grad Diff: 1136.9937 / Time: 6.36s
======================================================================================================

round 58 local learning rate = 0.0001724137931034483

>>> Round:   59 / Acc: 81.339% / Loss: 0.5657 / Grad Norm: 2.3849 / Grad Diff: 1136.3874 / Time: 6.41s
======================================================================================================

round 59 local learning rate = 0.00016949152542372882

>>> Round:   60 / Acc: 81.452% / Loss: 0.5633 / Grad Norm: 2.3811 / Grad Diff: 1136.5564 / Time: 6.50s
======================================================================================================

= Test = round: 60 / acc: 82.750% / loss: 0.5169 / Time: 0.52s
======================================================================================================

round 60 local learning rate = 0.00016666666666666666

>>> Round:   61 / Acc: 81.498% / Loss: 0.5609 / Grad Norm: 2.3731 / Grad Diff: 1135.9371 / Time: 6.49s
======================================================================================================

round 61 local learning rate = 0.0001639344262295082

>>> Round:   62 / Acc: 81.583% / Loss: 0.5585 / Grad Norm: 2.3824 / Grad Diff: 1135.4148 / Time: 6.51s
======================================================================================================

round 62 local learning rate = 0.00016129032258064516

>>> Round:   63 / Acc: 81.685% / Loss: 0.5560 / Grad Norm: 2.3244 / Grad Diff: 1133.4481 / Time: 6.61s
======================================================================================================

round 63 local learning rate = 0.00015873015873015873

>>> Round:   64 / Acc: 81.764% / Loss: 0.5537 / Grad Norm: 2.2861 / Grad Diff: 1132.2111 / Time: 6.47s
======================================================================================================

round 64 local learning rate = 0.00015625

>>> Round:   65 / Acc: 81.854% / Loss: 0.5514 / Grad Norm: 2.2540 / Grad Diff: 1130.6684 / Time: 5.68s
======================================================================================================

= Test = round: 65 / acc: 83.070% / loss: 0.5057 / Time: 0.52s
======================================================================================================

round 65 local learning rate = 0.00015384615384615385

>>> Round:   66 / Acc: 81.886% / Loss: 0.5494 / Grad Norm: 2.3701 / Grad Diff: 1131.6506 / Time: 6.46s
======================================================================================================

round 66 local learning rate = 0.00015151515151515152

>>> Round:   67 / Acc: 81.991% / Loss: 0.5472 / Grad Norm: 2.3325 / Grad Diff: 1130.6692 / Time: 6.59s
======================================================================================================

round 67 local learning rate = 0.00014925373134328358

>>> Round:   68 / Acc: 82.074% / Loss: 0.5450 / Grad Norm: 2.2907 / Grad Diff: 1128.7821 / Time: 5.90s
======================================================================================================

round 68 local learning rate = 0.00014705882352941178

>>> Round:   69 / Acc: 82.146% / Loss: 0.5429 / Grad Norm: 2.2555 / Grad Diff: 1127.2801 / Time: 5.68s
======================================================================================================

round 69 local learning rate = 0.00014492753623188405

>>> Round:   70 / Acc: 82.229% / Loss: 0.5408 / Grad Norm: 2.2400 / Grad Diff: 1126.7125 / Time: 6.59s
======================================================================================================

= Test = round: 70 / acc: 83.510% / loss: 0.4958 / Time: 0.52s
======================================================================================================

round 70 local learning rate = 0.00014285714285714287

>>> Round:   71 / Acc: 82.303% / Loss: 0.5388 / Grad Norm: 2.2276 / Grad Diff: 1125.3515 / Time: 6.71s
======================================================================================================

round 71 local learning rate = 0.00014084507042253522

>>> Round:   72 / Acc: 82.363% / Loss: 0.5370 / Grad Norm: 2.2688 / Grad Diff: 1125.3636 / Time: 6.62s
======================================================================================================

round 72 local learning rate = 0.0001388888888888889

>>> Round:   73 / Acc: 82.434% / Loss: 0.5349 / Grad Norm: 2.2169 / Grad Diff: 1122.8714 / Time: 6.40s
======================================================================================================

round 73 local learning rate = 0.000136986301369863

>>> Round:   74 / Acc: 82.507% / Loss: 0.5331 / Grad Norm: 2.2164 / Grad Diff: 1121.6752 / Time: 6.40s
======================================================================================================

round 74 local learning rate = 0.00013513513513513514

>>> Round:   75 / Acc: 82.572% / Loss: 0.5312 / Grad Norm: 2.1949 / Grad Diff: 1120.7246 / Time: 6.43s
======================================================================================================

= Test = round: 75 / acc: 83.820% / loss: 0.4868 / Time: 0.52s
======================================================================================================

round 75 local learning rate = 0.00013333333333333334

>>> Round:   76 / Acc: 82.622% / Loss: 0.5294 / Grad Norm: 2.1752 / Grad Diff: 1119.6518 / Time: 6.39s
======================================================================================================

round 76 local learning rate = 0.00013157894736842105

>>> Round:   77 / Acc: 82.694% / Loss: 0.5277 / Grad Norm: 2.1798 / Grad Diff: 1118.8953 / Time: 6.58s
======================================================================================================

round 77 local learning rate = 0.00012987012987012987

>>> Round:   78 / Acc: 82.784% / Loss: 0.5258 / Grad Norm: 2.1205 / Grad Diff: 1116.9107 / Time: 6.48s
======================================================================================================

round 78 local learning rate = 0.0001282051282051282

>>> Round:   79 / Acc: 82.849% / Loss: 0.5240 / Grad Norm: 2.0524 / Grad Diff: 1114.8939 / Time: 6.58s
======================================================================================================

round 79 local learning rate = 0.00012658227848101267

>>> Round:   80 / Acc: 82.910% / Loss: 0.5224 / Grad Norm: 2.0722 / Grad Diff: 1114.1354 / Time: 6.34s
======================================================================================================

= Test = round: 80 / acc: 84.060% / loss: 0.4789 / Time: 0.55s
======================================================================================================

round 80 local learning rate = 0.000125

>>> Round:   81 / Acc: 82.934% / Loss: 0.5208 / Grad Norm: 2.1251 / Grad Diff: 1114.0082 / Time: 6.46s
======================================================================================================

round 81 local learning rate = 0.0001234567901234568

>>> Round:   82 / Acc: 83.018% / Loss: 0.5191 / Grad Norm: 2.1265 / Grad Diff: 1112.2284 / Time: 6.45s
======================================================================================================

round 82 local learning rate = 0.00012195121951219512

>>> Round:   83 / Acc: 83.061% / Loss: 0.5174 / Grad Norm: 2.0704 / Grad Diff: 1110.3612 / Time: 6.63s
======================================================================================================

round 83 local learning rate = 0.00012048192771084338

>>> Round:   84 / Acc: 83.135% / Loss: 0.5158 / Grad Norm: 2.0309 / Grad Diff: 1108.5551 / Time: 6.50s
======================================================================================================

round 84 local learning rate = 0.00011904761904761905

>>> Round:   85 / Acc: 83.168% / Loss: 0.5142 / Grad Norm: 2.0172 / Grad Diff: 1107.4470 / Time: 6.32s
======================================================================================================

= Test = round: 85 / acc: 84.330% / loss: 0.4712 / Time: 0.52s
======================================================================================================

round 85 local learning rate = 0.00011764705882352942

>>> Round:   86 / Acc: 83.220% / Loss: 0.5127 / Grad Norm: 2.0101 / Grad Diff: 1106.6086 / Time: 6.54s
======================================================================================================

round 86 local learning rate = 0.00011627906976744187

>>> Round:   87 / Acc: 83.273% / Loss: 0.5113 / Grad Norm: 2.0131 / Grad Diff: 1105.9423 / Time: 6.44s
======================================================================================================

round 87 local learning rate = 0.00011494252873563218

>>> Round:   88 / Acc: 83.303% / Loss: 0.5097 / Grad Norm: 1.9499 / Grad Diff: 1103.4222 / Time: 5.84s
======================================================================================================

round 88 local learning rate = 0.00011363636363636364

>>> Round:   89 / Acc: 83.373% / Loss: 0.5083 / Grad Norm: 1.9578 / Grad Diff: 1102.6374 / Time: 7.01s
======================================================================================================

round 89 local learning rate = 0.00011235955056179776

>>> Round:   90 / Acc: 83.408% / Loss: 0.5069 / Grad Norm: 1.9613 / Grad Diff: 1101.8581 / Time: 6.29s
======================================================================================================

= Test = round: 90 / acc: 84.740% / loss: 0.4644 / Time: 0.51s
======================================================================================================

round 90 local learning rate = 0.00011111111111111112

>>> Round:   91 / Acc: 83.463% / Loss: 0.5055 / Grad Norm: 1.9602 / Grad Diff: 1100.7514 / Time: 5.87s
======================================================================================================

round 91 local learning rate = 0.00010989010989010989

>>> Round:   92 / Acc: 83.507% / Loss: 0.5041 / Grad Norm: 1.9546 / Grad Diff: 1099.2130 / Time: 6.26s
======================================================================================================

round 92 local learning rate = 0.00010869565217391305

>>> Round:   93 / Acc: 83.566% / Loss: 0.5028 / Grad Norm: 1.9833 / Grad Diff: 1097.9981 / Time: 6.37s
======================================================================================================

round 93 local learning rate = 0.00010752688172043011

>>> Round:   94 / Acc: 83.616% / Loss: 0.5015 / Grad Norm: 1.9912 / Grad Diff: 1097.1916 / Time: 6.28s
======================================================================================================

round 94 local learning rate = 0.00010638297872340425

>>> Round:   95 / Acc: 83.662% / Loss: 0.5001 / Grad Norm: 1.9325 / Grad Diff: 1095.5416 / Time: 6.49s
======================================================================================================

= Test = round: 95 / acc: 85.020% / loss: 0.4581 / Time: 0.52s
======================================================================================================

round 95 local learning rate = 0.00010526315789473685

>>> Round:   96 / Acc: 83.697% / Loss: 0.4988 / Grad Norm: 1.9325 / Grad Diff: 1093.8568 / Time: 6.46s
======================================================================================================

round 96 local learning rate = 0.00010416666666666667

>>> Round:   97 / Acc: 83.758% / Loss: 0.4975 / Grad Norm: 1.9267 / Grad Diff: 1092.9373 / Time: 6.50s
======================================================================================================

round 97 local learning rate = 0.00010309278350515464

>>> Round:   98 / Acc: 83.827% / Loss: 0.4961 / Grad Norm: 1.8652 / Grad Diff: 1090.6695 / Time: 6.58s
======================================================================================================

round 98 local learning rate = 0.00010204081632653062

>>> Round:   99 / Acc: 83.858% / Loss: 0.4949 / Grad Norm: 1.8556 / Grad Diff: 1089.9895 / Time: 6.39s
======================================================================================================

round 99 local learning rate = 0.00010101010101010101

>>> Round:  100 / Acc: 83.921% / Loss: 0.4937 / Grad Norm: 1.8668 / Grad Diff: 1088.8169 / Time: 6.76s
======================================================================================================

= Test = round: 100 / acc: 85.200% / loss: 0.4522 / Time: 0.53s
======================================================================================================

round 100 local learning rate = 0.0001

>>> Round:  101 / Acc: 83.961% / Loss: 0.4924 / Grad Norm: 1.8259 / Grad Diff: 1087.2912 / Time: 6.46s
======================================================================================================

round 101 local learning rate = 9.900990099009902e-05

>>> Round:  102 / Acc: 84.009% / Loss: 0.4913 / Grad Norm: 1.8652 / Grad Diff: 1086.3406 / Time: 6.72s
======================================================================================================

round 102 local learning rate = 9.80392156862745e-05

>>> Round:  103 / Acc: 84.035% / Loss: 0.4901 / Grad Norm: 1.8869 / Grad Diff: 1085.2064 / Time: 6.49s
======================================================================================================

round 103 local learning rate = 9.70873786407767e-05

>>> Round:  104 / Acc: 84.081% / Loss: 0.4890 / Grad Norm: 1.8893 / Grad Diff: 1084.2562 / Time: 6.35s
======================================================================================================

round 104 local learning rate = 9.615384615384615e-05

>>> Round:  105 / Acc: 84.105% / Loss: 0.4879 / Grad Norm: 1.8797 / Grad Diff: 1083.6168 / Time: 6.58s
======================================================================================================

= Test = round: 105 / acc: 85.450% / loss: 0.4467 / Time: 0.54s
======================================================================================================

round 105 local learning rate = 9.523809523809524e-05

>>> Round:  106 / Acc: 84.157% / Loss: 0.4868 / Grad Norm: 1.8675 / Grad Diff: 1082.4400 / Time: 6.49s
======================================================================================================

round 106 local learning rate = 9.433962264150943e-05

>>> Round:  107 / Acc: 84.192% / Loss: 0.4857 / Grad Norm: 1.8745 / Grad Diff: 1081.9170 / Time: 6.42s
======================================================================================================

round 107 local learning rate = 9.345794392523364e-05

>>> Round:  108 / Acc: 84.203% / Loss: 0.4846 / Grad Norm: 1.8711 / Grad Diff: 1080.6862 / Time: 6.41s
======================================================================================================

round 108 local learning rate = 9.259259259259259e-05

>>> Round:  109 / Acc: 84.253% / Loss: 0.4835 / Grad Norm: 1.8337 / Grad Diff: 1079.2547 / Time: 6.61s
======================================================================================================

round 109 local learning rate = 9.174311926605505e-05

>>> Round:  110 / Acc: 84.301% / Loss: 0.4824 / Grad Norm: 1.8299 / Grad Diff: 1078.2574 / Time: 6.52s
======================================================================================================

= Test = round: 110 / acc: 85.640% / loss: 0.4417 / Time: 0.57s
======================================================================================================

round 110 local learning rate = 9.090909090909092e-05

>>> Round:  111 / Acc: 84.336% / Loss: 0.4812 / Grad Norm: 1.7835 / Grad Diff: 1076.4163 / Time: 7.27s
======================================================================================================

round 111 local learning rate = 9.009009009009009e-05

>>> Round:  112 / Acc: 84.391% / Loss: 0.4802 / Grad Norm: 1.7848 / Grad Diff: 1075.2636 / Time: 7.73s
======================================================================================================

round 112 local learning rate = 8.928571428571429e-05

>>> Round:  113 / Acc: 84.404% / Loss: 0.4792 / Grad Norm: 1.8077 / Grad Diff: 1074.6762 / Time: 6.84s
======================================================================================================

round 113 local learning rate = 8.849557522123894e-05

>>> Round:  114 / Acc: 84.452% / Loss: 0.4781 / Grad Norm: 1.7833 / Grad Diff: 1072.7571 / Time: 7.03s
======================================================================================================

round 114 local learning rate = 8.771929824561404e-05

>>> Round:  115 / Acc: 84.509% / Loss: 0.4771 / Grad Norm: 1.7710 / Grad Diff: 1071.3656 / Time: 6.56s
======================================================================================================

= Test = round: 115 / acc: 85.790% / loss: 0.4369 / Time: 0.59s
======================================================================================================

round 115 local learning rate = 8.695652173913044e-05

>>> Round:  116 / Acc: 84.520% / Loss: 0.4760 / Grad Norm: 1.7408 / Grad Diff: 1069.8928 / Time: 6.53s
======================================================================================================

round 116 local learning rate = 8.620689655172414e-05

>>> Round:  117 / Acc: 84.576% / Loss: 0.4750 / Grad Norm: 1.7216 / Grad Diff: 1068.2575 / Time: 6.39s
======================================================================================================

round 117 local learning rate = 8.547008547008547e-05

>>> Round:  118 / Acc: 84.585% / Loss: 0.4741 / Grad Norm: 1.7401 / Grad Diff: 1067.4875 / Time: 6.47s
======================================================================================================

round 118 local learning rate = 8.474576271186441e-05

>>> Round:  119 / Acc: 84.605% / Loss: 0.4731 / Grad Norm: 1.7380 / Grad Diff: 1066.6138 / Time: 6.62s
======================================================================================================

round 119 local learning rate = 8.403361344537815e-05

>>> Round:  120 / Acc: 84.633% / Loss: 0.4722 / Grad Norm: 1.7414 / Grad Diff: 1065.6864 / Time: 6.57s
======================================================================================================

= Test = round: 120 / acc: 86.020% / loss: 0.4322 / Time: 0.52s
======================================================================================================

round 120 local learning rate = 8.333333333333333e-05

>>> Round:  121 / Acc: 84.664% / Loss: 0.4713 / Grad Norm: 1.7606 / Grad Diff: 1065.0145 / Time: 6.50s
======================================================================================================

round 121 local learning rate = 8.264462809917356e-05

>>> Round:  122 / Acc: 84.705% / Loss: 0.4704 / Grad Norm: 1.7530 / Grad Diff: 1063.9849 / Time: 5.87s
======================================================================================================

round 122 local learning rate = 8.19672131147541e-05

>>> Round:  123 / Acc: 84.736% / Loss: 0.4695 / Grad Norm: 1.7692 / Grad Diff: 1063.0039 / Time: 6.12s
======================================================================================================

round 123 local learning rate = 8.130081300813008e-05

>>> Round:  124 / Acc: 84.766% / Loss: 0.4685 / Grad Norm: 1.7487 / Grad Diff: 1061.2615 / Time: 6.43s
======================================================================================================

round 124 local learning rate = 8.064516129032258e-05

>>> Round:  125 / Acc: 84.825% / Loss: 0.4676 / Grad Norm: 1.7237 / Grad Diff: 1059.1571 / Time: 6.03s
======================================================================================================

= Test = round: 125 / acc: 86.210% / loss: 0.4280 / Time: 0.53s
======================================================================================================

round 125 local learning rate = 8e-05

>>> Round:  126 / Acc: 84.858% / Loss: 0.4667 / Grad Norm: 1.7337 / Grad Diff: 1058.0785 / Time: 6.45s
======================================================================================================

round 126 local learning rate = 7.936507936507937e-05

>>> Round:  127 / Acc: 84.878% / Loss: 0.4658 / Grad Norm: 1.7272 / Grad Diff: 1056.8207 / Time: 6.49s
======================================================================================================

round 127 local learning rate = 7.874015748031496e-05

>>> Round:  128 / Acc: 84.921% / Loss: 0.4649 / Grad Norm: 1.7144 / Grad Diff: 1055.5447 / Time: 6.32s
======================================================================================================

round 128 local learning rate = 7.8125e-05

>>> Round:  129 / Acc: 84.961% / Loss: 0.4640 / Grad Norm: 1.7066 / Grad Diff: 1054.2031 / Time: 6.39s
======================================================================================================

round 129 local learning rate = 7.751937984496124e-05

>>> Round:  130 / Acc: 84.989% / Loss: 0.4631 / Grad Norm: 1.6699 / Grad Diff: 1052.8510 / Time: 6.43s
======================================================================================================

= Test = round: 130 / acc: 86.370% / loss: 0.4244 / Time: 0.52s
======================================================================================================

round 130 local learning rate = 7.692307692307693e-05

>>> Round:  131 / Acc: 85.031% / Loss: 0.4623 / Grad Norm: 1.6448 / Grad Diff: 1051.2997 / Time: 6.37s
======================================================================================================

round 131 local learning rate = 7.633587786259542e-05

>>> Round:  132 / Acc: 85.072% / Loss: 0.4615 / Grad Norm: 1.6688 / Grad Diff: 1050.6246 / Time: 6.38s
======================================================================================================

round 132 local learning rate = 7.575757575757576e-05

>>> Round:  133 / Acc: 85.081% / Loss: 0.4607 / Grad Norm: 1.6833 / Grad Diff: 1049.9344 / Time: 6.39s
======================================================================================================

round 133 local learning rate = 7.518796992481203e-05

>>> Round:  134 / Acc: 85.105% / Loss: 0.4599 / Grad Norm: 1.6775 / Grad Diff: 1048.7948 / Time: 6.32s
======================================================================================================

round 134 local learning rate = 7.462686567164179e-05

>>> Round:  135 / Acc: 85.129% / Loss: 0.4591 / Grad Norm: 1.6794 / Grad Diff: 1047.7589 / Time: 6.47s
======================================================================================================

= Test = round: 135 / acc: 86.440% / loss: 0.4205 / Time: 0.53s
======================================================================================================

round 135 local learning rate = 7.407407407407407e-05

>>> Round:  136 / Acc: 85.149% / Loss: 0.4583 / Grad Norm: 1.6769 / Grad Diff: 1046.7593 / Time: 6.44s
======================================================================================================

round 136 local learning rate = 7.352941176470589e-05

>>> Round:  137 / Acc: 85.185% / Loss: 0.4575 / Grad Norm: 1.6652 / Grad Diff: 1045.3346 / Time: 6.36s
======================================================================================================

round 137 local learning rate = 7.299270072992701e-05

>>> Round:  138 / Acc: 85.212% / Loss: 0.4567 / Grad Norm: 1.6423 / Grad Diff: 1043.8664 / Time: 6.50s
======================================================================================================

round 138 local learning rate = 7.246376811594203e-05

>>> Round:  139 / Acc: 85.255% / Loss: 0.4560 / Grad Norm: 1.6718 / Grad Diff: 1043.1700 / Time: 6.40s
======================================================================================================

round 139 local learning rate = 7.194244604316547e-05

>>> Round:  140 / Acc: 85.273% / Loss: 0.4552 / Grad Norm: 1.6753 / Grad Diff: 1042.0683 / Time: 6.33s
======================================================================================================

= Test = round: 140 / acc: 86.530% / loss: 0.4167 / Time: 0.53s
======================================================================================================

round 140 local learning rate = 7.142857142857143e-05

>>> Round:  141 / Acc: 85.315% / Loss: 0.4544 / Grad Norm: 1.6183 / Grad Diff: 1040.2255 / Time: 6.51s
======================================================================================================

round 141 local learning rate = 7.092198581560284e-05

>>> Round:  142 / Acc: 85.360% / Loss: 0.4536 / Grad Norm: 1.6069 / Grad Diff: 1038.4096 / Time: 6.33s
======================================================================================================

round 142 local learning rate = 7.042253521126761e-05

>>> Round:  143 / Acc: 85.389% / Loss: 0.4528 / Grad Norm: 1.5861 / Grad Diff: 1037.2513 / Time: 6.37s
======================================================================================================

round 143 local learning rate = 6.993006993006993e-05

>>> Round:  144 / Acc: 85.419% / Loss: 0.4521 / Grad Norm: 1.5783 / Grad Diff: 1035.9286 / Time: 6.41s
======================================================================================================

round 144 local learning rate = 6.944444444444444e-05

>>> Round:  145 / Acc: 85.432% / Loss: 0.4514 / Grad Norm: 1.6147 / Grad Diff: 1035.4612 / Time: 6.33s
======================================================================================================

= Test = round: 145 / acc: 86.640% / loss: 0.4134 / Time: 0.53s
======================================================================================================

round 145 local learning rate = 6.896551724137931e-05

>>> Round:  146 / Acc: 85.456% / Loss: 0.4507 / Grad Norm: 1.6188 / Grad Diff: 1034.4360 / Time: 6.44s
======================================================================================================

round 146 local learning rate = 6.84931506849315e-05

>>> Round:  147 / Acc: 85.470% / Loss: 0.4500 / Grad Norm: 1.5920 / Grad Diff: 1033.2117 / Time: 6.27s
======================================================================================================

round 147 local learning rate = 6.802721088435374e-05

>>> Round:  148 / Acc: 85.491% / Loss: 0.4493 / Grad Norm: 1.6006 / Grad Diff: 1032.2196 / Time: 6.31s
======================================================================================================

round 148 local learning rate = 6.756756756756757e-05

>>> Round:  149 / Acc: 85.544% / Loss: 0.4485 / Grad Norm: 1.5690 / Grad Diff: 1030.6512 / Time: 6.35s
======================================================================================================

round 149 local learning rate = 6.711409395973155e-05

>>> Round:  150 / Acc: 85.555% / Loss: 0.4479 / Grad Norm: 1.5894 / Grad Diff: 1030.1627 / Time: 6.36s
======================================================================================================

= Test = round: 150 / acc: 86.750% / loss: 0.4101 / Time: 0.52s
======================================================================================================

round 150 local learning rate = 6.666666666666667e-05

>>> Round:  151 / Acc: 85.574% / Loss: 0.4472 / Grad Norm: 1.5621 / Grad Diff: 1028.6927 / Time: 6.35s
======================================================================================================

round 151 local learning rate = 6.622516556291391e-05

>>> Round:  152 / Acc: 85.605% / Loss: 0.4465 / Grad Norm: 1.5646 / Grad Diff: 1027.7197 / Time: 6.39s
======================================================================================================

round 152 local learning rate = 6.578947368421052e-05

>>> Round:  153 / Acc: 85.637% / Loss: 0.4458 / Grad Norm: 1.5713 / Grad Diff: 1026.8796 / Time: 6.46s
======================================================================================================

round 153 local learning rate = 6.535947712418301e-05

>>> Round:  154 / Acc: 85.659% / Loss: 0.4452 / Grad Norm: 1.5565 / Grad Diff: 1025.7207 / Time: 6.51s
======================================================================================================

round 154 local learning rate = 6.493506493506494e-05

>>> Round:  155 / Acc: 85.694% / Loss: 0.4445 / Grad Norm: 1.5806 / Grad Diff: 1025.0704 / Time: 6.41s
======================================================================================================

= Test = round: 155 / acc: 86.840% / loss: 0.4069 / Time: 0.52s
======================================================================================================

round 155 local learning rate = 6.451612903225807e-05

>>> Round:  156 / Acc: 85.731% / Loss: 0.4438 / Grad Norm: 1.5442 / Grad Diff: 1023.2528 / Time: 6.54s
======================================================================================================

round 156 local learning rate = 6.41025641025641e-05

>>> Round:  157 / Acc: 85.734% / Loss: 0.4431 / Grad Norm: 1.5320 / Grad Diff: 1021.8811 / Time: 5.90s
======================================================================================================

round 157 local learning rate = 6.369426751592357e-05

>>> Round:  158 / Acc: 85.766% / Loss: 0.4425 / Grad Norm: 1.5563 / Grad Diff: 1021.2463 / Time: 6.49s
======================================================================================================

round 158 local learning rate = 6.329113924050633e-05

>>> Round:  159 / Acc: 85.795% / Loss: 0.4419 / Grad Norm: 1.5465 / Grad Diff: 1020.1741 / Time: 6.38s
======================================================================================================

round 159 local learning rate = 6.289308176100629e-05

>>> Round:  160 / Acc: 85.825% / Loss: 0.4412 / Grad Norm: 1.5158 / Grad Diff: 1018.7111 / Time: 6.41s
======================================================================================================

= Test = round: 160 / acc: 86.970% / loss: 0.4040 / Time: 0.52s
======================================================================================================

round 160 local learning rate = 6.25e-05

>>> Round:  161 / Acc: 85.849% / Loss: 0.4406 / Grad Norm: 1.5052 / Grad Diff: 1017.5284 / Time: 6.29s
======================================================================================================

round 161 local learning rate = 6.211180124223603e-05

>>> Round:  162 / Acc: 85.882% / Loss: 0.4400 / Grad Norm: 1.5074 / Grad Diff: 1016.2312 / Time: 6.33s
======================================================================================================

round 162 local learning rate = 6.17283950617284e-05

>>> Round:  163 / Acc: 85.880% / Loss: 0.4394 / Grad Norm: 1.5112 / Grad Diff: 1015.5206 / Time: 6.53s
======================================================================================================

round 163 local learning rate = 6.134969325153375e-05

>>> Round:  164 / Acc: 85.915% / Loss: 0.4388 / Grad Norm: 1.5002 / Grad Diff: 1014.4310 / Time: 6.46s
======================================================================================================

round 164 local learning rate = 6.097560975609756e-05

>>> Round:  165 / Acc: 85.952% / Loss: 0.4382 / Grad Norm: 1.4922 / Grad Diff: 1013.1251 / Time: 6.44s
======================================================================================================

= Test = round: 165 / acc: 86.980% / loss: 0.4011 / Time: 0.54s
======================================================================================================

round 165 local learning rate = 6.0606060606060605e-05

>>> Round:  166 / Acc: 85.972% / Loss: 0.4375 / Grad Norm: 1.4450 / Grad Diff: 1011.1776 / Time: 6.37s
======================================================================================================

round 166 local learning rate = 6.024096385542169e-05

>>> Round:  167 / Acc: 86.013% / Loss: 0.4369 / Grad Norm: 1.4467 / Grad Diff: 1010.2911 / Time: 5.89s
======================================================================================================

round 167 local learning rate = 5.988023952095808e-05

>>> Round:  168 / Acc: 86.044% / Loss: 0.4364 / Grad Norm: 1.4508 / Grad Diff: 1009.4900 / Time: 5.97s
======================================================================================================

round 168 local learning rate = 5.9523809523809524e-05

>>> Round:  169 / Acc: 86.046% / Loss: 0.4358 / Grad Norm: 1.4621 / Grad Diff: 1008.5555 / Time: 6.55s
======================================================================================================

round 169 local learning rate = 5.9171597633136094e-05

>>> Round:  170 / Acc: 86.068% / Loss: 0.4353 / Grad Norm: 1.4900 / Grad Diff: 1008.1369 / Time: 5.84s
======================================================================================================

= Test = round: 170 / acc: 87.070% / loss: 0.3985 / Time: 0.62s
======================================================================================================

round 170 local learning rate = 5.882352941176471e-05

>>> Round:  171 / Acc: 86.085% / Loss: 0.4347 / Grad Norm: 1.4815 / Grad Diff: 1007.3390 / Time: 6.61s
======================================================================================================

round 171 local learning rate = 5.847953216374269e-05

>>> Round:  172 / Acc: 86.111% / Loss: 0.4341 / Grad Norm: 1.4967 / Grad Diff: 1006.4454 / Time: 6.40s
======================================================================================================

round 172 local learning rate = 5.8139534883720933e-05

>>> Round:  173 / Acc: 86.131% / Loss: 0.4335 / Grad Norm: 1.4745 / Grad Diff: 1005.1152 / Time: 6.60s
======================================================================================================

round 173 local learning rate = 5.7803468208092484e-05

>>> Round:  174 / Acc: 86.159% / Loss: 0.4330 / Grad Norm: 1.4823 / Grad Diff: 1004.4789 / Time: 6.62s
======================================================================================================

round 174 local learning rate = 5.747126436781609e-05

>>> Round:  175 / Acc: 86.185% / Loss: 0.4324 / Grad Norm: 1.4783 / Grad Diff: 1003.2940 / Time: 6.50s
======================================================================================================

= Test = round: 175 / acc: 87.130% / loss: 0.3960 / Time: 0.53s
======================================================================================================

round 175 local learning rate = 5.714285714285714e-05

>>> Round:  176 / Acc: 86.175% / Loss: 0.4319 / Grad Norm: 1.4718 / Grad Diff: 1002.0502 / Time: 6.44s
======================================================================================================

round 176 local learning rate = 5.681818181818182e-05

>>> Round:  177 / Acc: 86.196% / Loss: 0.4313 / Grad Norm: 1.4648 / Grad Diff: 1000.7592 / Time: 6.47s
======================================================================================================

round 177 local learning rate = 5.649717514124294e-05

>>> Round:  178 / Acc: 86.220% / Loss: 0.4308 / Grad Norm: 1.4434 / Grad Diff: 1000.0392 / Time: 6.52s
======================================================================================================

round 178 local learning rate = 5.617977528089888e-05

>>> Round:  179 / Acc: 86.244% / Loss: 0.4302 / Grad Norm: 1.4512 / Grad Diff: 999.2116 / Time: 6.52s
======================================================================================================

round 179 local learning rate = 5.58659217877095e-05

>>> Round:  180 / Acc: 86.255% / Loss: 0.4297 / Grad Norm: 1.4465 / Grad Diff: 997.9542 / Time: 6.46s
======================================================================================================

= Test = round: 180 / acc: 87.240% / loss: 0.3934 / Time: 0.53s
======================================================================================================

round 180 local learning rate = 5.555555555555556e-05

>>> Round:  181 / Acc: 86.271% / Loss: 0.4292 / Grad Norm: 1.4358 / Grad Diff: 996.7739 / Time: 6.38s
======================================================================================================

round 181 local learning rate = 5.524861878453039e-05

>>> Round:  182 / Acc: 86.301% / Loss: 0.4286 / Grad Norm: 1.4213 / Grad Diff: 995.4911 / Time: 6.62s
======================================================================================================

round 182 local learning rate = 5.4945054945054945e-05

>>> Round:  183 / Acc: 86.321% / Loss: 0.4281 / Grad Norm: 1.4334 / Grad Diff: 994.8917 / Time: 6.75s
======================================================================================================

round 183 local learning rate = 5.46448087431694e-05

>>> Round:  184 / Acc: 86.343% / Loss: 0.4276 / Grad Norm: 1.4570 / Grad Diff: 994.3760 / Time: 6.47s
======================================================================================================

round 184 local learning rate = 5.4347826086956524e-05

>>> Round:  185 / Acc: 86.358% / Loss: 0.4271 / Grad Norm: 1.4446 / Grad Diff: 993.3699 / Time: 6.53s
======================================================================================================

= Test = round: 185 / acc: 87.320% / loss: 0.3908 / Time: 0.53s
======================================================================================================

round 185 local learning rate = 5.4054054054054054e-05

>>> Round:  186 / Acc: 86.375% / Loss: 0.4266 / Grad Norm: 1.4210 / Grad Diff: 992.0411 / Time: 6.58s
======================================================================================================

round 186 local learning rate = 5.3763440860215054e-05

>>> Round:  187 / Acc: 86.402% / Loss: 0.4261 / Grad Norm: 1.4197 / Grad Diff: 991.1174 / Time: 6.49s
======================================================================================================

round 187 local learning rate = 5.347593582887701e-05

>>> Round:  188 / Acc: 86.411% / Loss: 0.4256 / Grad Norm: 1.4241 / Grad Diff: 990.2925 / Time: 6.46s
======================================================================================================

round 188 local learning rate = 5.319148936170213e-05

>>> Round:  189 / Acc: 86.415% / Loss: 0.4251 / Grad Norm: 1.4086 / Grad Diff: 989.0687 / Time: 6.39s
======================================================================================================

round 189 local learning rate = 5.291005291005291e-05

>>> Round:  190 / Acc: 86.435% / Loss: 0.4246 / Grad Norm: 1.4128 / Grad Diff: 988.2087 / Time: 6.35s
======================================================================================================

= Test = round: 190 / acc: 87.360% / loss: 0.3886 / Time: 0.53s
======================================================================================================

round 190 local learning rate = 5.2631578947368424e-05

>>> Round:  191 / Acc: 86.441% / Loss: 0.4241 / Grad Norm: 1.4090 / Grad Diff: 987.4022 / Time: 6.47s
======================================================================================================

round 191 local learning rate = 5.2356020942408376e-05

>>> Round:  192 / Acc: 86.448% / Loss: 0.4236 / Grad Norm: 1.4341 / Grad Diff: 986.8749 / Time: 6.51s
======================================================================================================

round 192 local learning rate = 5.208333333333334e-05

>>> Round:  193 / Acc: 86.465% / Loss: 0.4231 / Grad Norm: 1.4085 / Grad Diff: 985.5338 / Time: 6.50s
======================================================================================================

round 193 local learning rate = 5.1813471502590674e-05

>>> Round:  194 / Acc: 86.491% / Loss: 0.4226 / Grad Norm: 1.3695 / Grad Diff: 984.1728 / Time: 6.17s
======================================================================================================

round 194 local learning rate = 5.154639175257732e-05

>>> Round:  195 / Acc: 86.494% / Loss: 0.4221 / Grad Norm: 1.3748 / Grad Diff: 983.2658 / Time: 6.29s
======================================================================================================

= Test = round: 195 / acc: 87.400% / loss: 0.3864 / Time: 0.56s
======================================================================================================

round 195 local learning rate = 5.1282051282051286e-05

>>> Round:  196 / Acc: 86.524% / Loss: 0.4217 / Grad Norm: 1.3675 / Grad Diff: 982.2168 / Time: 6.55s
======================================================================================================

round 196 local learning rate = 5.102040816326531e-05

>>> Round:  197 / Acc: 86.515% / Loss: 0.4212 / Grad Norm: 1.3873 / Grad Diff: 981.4448 / Time: 6.38s
======================================================================================================

round 197 local learning rate = 5.076142131979695e-05

>>> Round:  198 / Acc: 86.533% / Loss: 0.4208 / Grad Norm: 1.3841 / Grad Diff: 980.6137 / Time: 6.42s
======================================================================================================

round 198 local learning rate = 5.0505050505050505e-05

>>> Round:  199 / Acc: 86.552% / Loss: 0.4203 / Grad Norm: 1.3857 / Grad Diff: 979.7907 / Time: 6.42s
======================================================================================================

round 199 local learning rate = 5.0251256281407036e-05

>>> Round:  200 / Acc: 86.579% / Loss: 0.4199 / Grad Norm: 1.4087 / Grad Diff: 979.2296 / Time: 6.42s
======================================================================================================

= Test = round: 200 / acc: 87.490% / loss: 0.3843 / Time: 0.52s
======================================================================================================

