nohup: ignoring input
Using device: cuda:0
>>> Arguments:
	             algo : fedavgtl
	            alpha : 51871.0
	       batch_size : 64
	clients_per_round : 100
	          dataset : mnist_all_data_1_equal_niid
	           device : cuda:0
	              dis : 
	   early_stopping : 20
	       eval_every : 5
	    ft_batch_size : 128
	       ft_dataset : mnist-m
	        ft_epochs : 2
	            ft_lr : 0.01
	            ft_wd : 0.0
	              gpu : True
	      input_shape : (1, 28, 28)
	           last_k : 2
	               lr : 0.01
	            model : lenet
	           n_init : 5
	        noaverage : False
	          noprint : False
	        num_class : 10
	        num_epoch : 1
	        num_round : 200
	           opt_lr : False
	            reg_J : False
	       reg_J_coef : 0.0
	             seed : 0
	               wd : 0.0001
>>> Read data from:
     ./data/mnist/data/all_data_1.pkl
>>> The estimate of constant alpha is 51871.0.
>>> Read data from:
     ./data/mnist/data/train/all_data_1_equal_niid.pkl
     ./data/mnist/data/test/all_data_1_equal_niid.pkl
>>> Use gpu on device cuda:0
>>> Model statistic per layer
LeNet_MNIST(
  286.12 KMac, 100.000% MACs, 
  (conv1): Conv2d(89.856 KMac, 31.405% MACs, 1, 6, kernel_size=(5, 5), stride=(1, 1))
  (conv2): Conv2d(154.624 KMac, 54.042% MACs, 6, 16, kernel_size=(5, 5), stride=(1, 1))
  (fc1): Linear(30.72 KMac, 10.737% MACs, in_features=256, out_features=120, bias=True)
  (fc2): Linear(10.08 KMac, 3.523% MACs, in_features=120, out_features=84, bias=True)
  (fc3): Linear(840.0 Mac, 0.294% MACs, in_features=84, out_features=10, bias=True)
)
>>> Activate a worker for training
>>> Initialize 100 clients in total
>>> Weigh updates by simple average
>>> Select 100 clients per round 


>>> Round:    0 / Acc: 11.594% / Loss: 7.9705 / Grad Norm: 140.2401 / Grad Diff: 21219.5132 / Time: 6.38s
======================================================================================================

= Test = round: 0 / acc: 11.550% / loss: 7.9241 / Time: 0.51s
======================================================================================================

round 0 local learning rate = 0.01

>>> Round:    1 / Acc: 13.061% / Loss: 2.3405 / Grad Norm: 2.1725 / Grad Diff: 55.3101 / Time: 6.37s
======================================================================================================

round 1 local learning rate = 0.01

>>> Round:    2 / Acc: 23.657% / Loss: 2.1631 / Grad Norm: 2.8590 / Grad Diff: 97.0122 / Time: 5.76s
======================================================================================================

round 2 local learning rate = 0.005

>>> Round:    3 / Acc: 36.618% / Loss: 1.8349 / Grad Norm: 5.3561 / Grad Diff: 478.3915 / Time: 5.79s
======================================================================================================

round 3 local learning rate = 0.0033333333333333335

>>> Round:    4 / Acc: 43.972% / Loss: 1.6111 / Grad Norm: 6.6250 / Grad Diff: 861.5704 / Time: 6.39s
======================================================================================================

round 4 local learning rate = 0.0025

>>> Round:    5 / Acc: 50.670% / Loss: 1.4343 / Grad Norm: 6.5394 / Grad Diff: 1039.7614 / Time: 6.25s
======================================================================================================

= Test = round: 5 / acc: 52.270% / loss: 1.3879 / Time: 0.51s
======================================================================================================

round 5 local learning rate = 0.002

>>> Round:    6 / Acc: 55.983% / Loss: 1.2968 / Grad Norm: 6.0648 / Grad Diff: 1124.8741 / Time: 6.41s
======================================================================================================

round 6 local learning rate = 0.0016666666666666668

>>> Round:    7 / Acc: 59.694% / Loss: 1.1933 / Grad Norm: 5.8053 / Grad Diff: 1182.3974 / Time: 6.58s
======================================================================================================

round 7 local learning rate = 0.0014285714285714286

>>> Round:    8 / Acc: 62.705% / Loss: 1.1092 / Grad Norm: 5.4617 / Grad Diff: 1207.1146 / Time: 6.37s
======================================================================================================

round 8 local learning rate = 0.00125

>>> Round:    9 / Acc: 64.910% / Loss: 1.0414 / Grad Norm: 5.2177 / Grad Diff: 1226.5618 / Time: 6.31s
======================================================================================================

round 9 local learning rate = 0.0011111111111111111

>>> Round:   10 / Acc: 66.860% / Loss: 0.9864 / Grad Norm: 5.0436 / Grad Diff: 1247.0120 / Time: 6.00s
======================================================================================================

= Test = round: 10 / acc: 68.570% / loss: 0.9276 / Time: 0.51s
======================================================================================================

round 10 local learning rate = 0.001

>>> Round:   11 / Acc: 68.583% / Loss: 0.9393 / Grad Norm: 4.8741 / Grad Diff: 1247.6046 / Time: 6.31s
======================================================================================================

round 11 local learning rate = 0.0009090909090909091

>>> Round:   12 / Acc: 69.884% / Loss: 0.8994 / Grad Norm: 4.7473 / Grad Diff: 1256.6030 / Time: 6.31s
======================================================================================================

round 12 local learning rate = 0.0008333333333333334

>>> Round:   13 / Acc: 71.170% / Loss: 0.8643 / Grad Norm: 4.5536 / Grad Diff: 1255.3129 / Time: 6.86s
======================================================================================================

round 13 local learning rate = 0.0007692307692307692

>>> Round:   14 / Acc: 72.212% / Loss: 0.8341 / Grad Norm: 4.4137 / Grad Diff: 1257.3226 / Time: 6.22s
======================================================================================================

round 14 local learning rate = 0.0007142857142857143

>>> Round:   15 / Acc: 73.122% / Loss: 0.8070 / Grad Norm: 4.3152 / Grad Diff: 1250.4921 / Time: 6.67s
======================================================================================================

= Test = round: 15 / acc: 75.290% / loss: 0.7496 / Time: 0.53s
======================================================================================================

round 15 local learning rate = 0.0006666666666666666

>>> Round:   16 / Acc: 73.974% / Loss: 0.7829 / Grad Norm: 4.1855 / Grad Diff: 1245.9447 / Time: 6.45s
======================================================================================================

round 16 local learning rate = 0.000625

>>> Round:   17 / Acc: 74.777% / Loss: 0.7612 / Grad Norm: 4.0464 / Grad Diff: 1241.6831 / Time: 6.12s
======================================================================================================

round 17 local learning rate = 0.0005882352941176471

>>> Round:   18 / Acc: 75.528% / Loss: 0.7425 / Grad Norm: 4.0739 / Grad Diff: 1233.4895 / Time: 6.37s
======================================================================================================

round 18 local learning rate = 0.0005555555555555556

>>> Round:   19 / Acc: 76.173% / Loss: 0.7250 / Grad Norm: 4.0334 / Grad Diff: 1226.4664 / Time: 6.30s
======================================================================================================

round 19 local learning rate = 0.0005263157894736842

>>> Round:   20 / Acc: 76.729% / Loss: 0.7090 / Grad Norm: 3.8864 / Grad Diff: 1219.6066 / Time: 6.39s
======================================================================================================

= Test = round: 20 / acc: 78.940% / loss: 0.6543 / Time: 0.52s
======================================================================================================

round 20 local learning rate = 0.0005

>>> Round:   21 / Acc: 77.227% / Loss: 0.6943 / Grad Norm: 3.7767 / Grad Diff: 1213.8006 / Time: 6.32s
======================================================================================================

round 21 local learning rate = 0.0004761904761904762

>>> Round:   22 / Acc: 77.712% / Loss: 0.6811 / Grad Norm: 3.7281 / Grad Diff: 1207.5895 / Time: 8.19s
======================================================================================================

round 22 local learning rate = 0.00045454545454545455

>>> Round:   23 / Acc: 78.151% / Loss: 0.6690 / Grad Norm: 3.7108 / Grad Diff: 1201.4635 / Time: 6.33s
======================================================================================================

round 23 local learning rate = 0.0004347826086956522

>>> Round:   24 / Acc: 78.603% / Loss: 0.6573 / Grad Norm: 3.5596 / Grad Diff: 1195.4336 / Time: 6.55s
======================================================================================================

round 24 local learning rate = 0.0004166666666666667

>>> Round:   25 / Acc: 79.011% / Loss: 0.6463 / Grad Norm: 3.4625 / Grad Diff: 1186.9959 / Time: 6.36s
======================================================================================================

= Test = round: 25 / acc: 80.970% / loss: 0.5941 / Time: 0.55s
======================================================================================================

round 25 local learning rate = 0.0004

>>> Round:   26 / Acc: 79.362% / Loss: 0.6365 / Grad Norm: 3.3855 / Grad Diff: 1180.5281 / Time: 6.32s
======================================================================================================

round 26 local learning rate = 0.0003846153846153846

>>> Round:   27 / Acc: 79.685% / Loss: 0.6278 / Grad Norm: 3.4411 / Grad Diff: 1175.3632 / Time: 6.39s
======================================================================================================

round 27 local learning rate = 0.00037037037037037035

>>> Round:   28 / Acc: 80.028% / Loss: 0.6189 / Grad Norm: 3.3043 / Grad Diff: 1169.5142 / Time: 6.51s
======================================================================================================

round 28 local learning rate = 0.00035714285714285714

>>> Round:   29 / Acc: 80.282% / Loss: 0.6106 / Grad Norm: 3.2509 / Grad Diff: 1162.7725 / Time: 5.65s
======================================================================================================

round 29 local learning rate = 0.0003448275862068966

>>> Round:   30 / Acc: 80.557% / Loss: 0.6031 / Grad Norm: 3.2613 / Grad Diff: 1159.0382 / Time: 6.36s
======================================================================================================

= Test = round: 30 / acc: 82.330% / loss: 0.5534 / Time: 0.51s
======================================================================================================

round 30 local learning rate = 0.0003333333333333333

>>> Round:   31 / Acc: 80.779% / Loss: 0.5960 / Grad Norm: 3.2252 / Grad Diff: 1154.0953 / Time: 6.35s
======================================================================================================

round 31 local learning rate = 0.0003225806451612903

>>> Round:   32 / Acc: 81.011% / Loss: 0.5892 / Grad Norm: 3.1462 / Grad Diff: 1148.3990 / Time: 6.34s
======================================================================================================

round 32 local learning rate = 0.0003125

>>> Round:   33 / Acc: 81.244% / Loss: 0.5827 / Grad Norm: 3.1330 / Grad Diff: 1142.8768 / Time: 7.59s
======================================================================================================

round 33 local learning rate = 0.00030303030303030303

>>> Round:   34 / Acc: 81.445% / Loss: 0.5765 / Grad Norm: 3.0973 / Grad Diff: 1138.7785 / Time: 6.51s
======================================================================================================

round 34 local learning rate = 0.00029411764705882356

>>> Round:   35 / Acc: 81.638% / Loss: 0.5707 / Grad Norm: 2.9992 / Grad Diff: 1133.3606 / Time: 6.39s
======================================================================================================

= Test = round: 35 / acc: 83.470% / loss: 0.5224 / Time: 0.53s
======================================================================================================

round 35 local learning rate = 0.00028571428571428574

>>> Round:   36 / Acc: 81.863% / Loss: 0.5647 / Grad Norm: 2.8544 / Grad Diff: 1127.0188 / Time: 6.58s
======================================================================================================

round 36 local learning rate = 0.0002777777777777778

>>> Round:   37 / Acc: 82.041% / Loss: 0.5596 / Grad Norm: 2.8772 / Grad Diff: 1123.3171 / Time: 6.50s
======================================================================================================

round 37 local learning rate = 0.0002702702702702703

>>> Round:   38 / Acc: 82.229% / Loss: 0.5546 / Grad Norm: 2.8652 / Grad Diff: 1118.4629 / Time: 5.62s
======================================================================================================

round 38 local learning rate = 0.0002631578947368421

>>> Round:   39 / Acc: 82.410% / Loss: 0.5497 / Grad Norm: 2.8636 / Grad Diff: 1113.2759 / Time: 6.87s
======================================================================================================

round 39 local learning rate = 0.0002564102564102564

>>> Round:   40 / Acc: 82.563% / Loss: 0.5452 / Grad Norm: 2.8819 / Grad Diff: 1110.3416 / Time: 6.33s
======================================================================================================

= Test = round: 40 / acc: 84.210% / loss: 0.4983 / Time: 0.53s
======================================================================================================

round 40 local learning rate = 0.00025

>>> Round:   41 / Acc: 82.727% / Loss: 0.5408 / Grad Norm: 2.8544 / Grad Diff: 1106.5309 / Time: 6.28s
======================================================================================================

round 41 local learning rate = 0.00024390243902439024

>>> Round:   42 / Acc: 82.884% / Loss: 0.5362 / Grad Norm: 2.7499 / Grad Diff: 1100.3074 / Time: 6.34s
======================================================================================================

round 42 local learning rate = 0.0002380952380952381

>>> Round:   43 / Acc: 83.055% / Loss: 0.5319 / Grad Norm: 2.7155 / Grad Diff: 1094.9623 / Time: 6.45s
======================================================================================================

round 43 local learning rate = 0.00023255813953488373

>>> Round:   44 / Acc: 83.137% / Loss: 0.5283 / Grad Norm: 2.8239 / Grad Diff: 1092.2331 / Time: 5.79s
======================================================================================================

round 44 local learning rate = 0.00022727272727272727

>>> Round:   45 / Acc: 83.299% / Loss: 0.5244 / Grad Norm: 2.7382 / Grad Diff: 1087.2710 / Time: 6.65s
======================================================================================================

= Test = round: 45 / acc: 84.840% / loss: 0.4791 / Time: 0.53s
======================================================================================================

round 45 local learning rate = 0.00022222222222222223

>>> Round:   46 / Acc: 83.410% / Loss: 0.5206 / Grad Norm: 2.7419 / Grad Diff: 1082.7222 / Time: 6.36s
======================================================================================================

round 46 local learning rate = 0.0002173913043478261

>>> Round:   47 / Acc: 83.544% / Loss: 0.5170 / Grad Norm: 2.6841 / Grad Diff: 1078.5686 / Time: 6.51s
======================================================================================================

round 47 local learning rate = 0.0002127659574468085

>>> Round:   48 / Acc: 83.661% / Loss: 0.5136 / Grad Norm: 2.6427 / Grad Diff: 1075.1199 / Time: 5.80s
======================================================================================================

round 48 local learning rate = 0.00020833333333333335

>>> Round:   49 / Acc: 83.744% / Loss: 0.5101 / Grad Norm: 2.5816 / Grad Diff: 1070.3484 / Time: 6.38s
======================================================================================================

round 49 local learning rate = 0.00020408163265306123

>>> Round:   50 / Acc: 83.886% / Loss: 0.5069 / Grad Norm: 2.5251 / Grad Diff: 1065.9645 / Time: 6.41s
======================================================================================================

= Test = round: 50 / acc: 85.290% / loss: 0.4625 / Time: 0.53s
======================================================================================================

round 50 local learning rate = 0.0002

>>> Round:   51 / Acc: 83.961% / Loss: 0.5041 / Grad Norm: 2.5935 / Grad Diff: 1064.7223 / Time: 6.50s
======================================================================================================

round 51 local learning rate = 0.000196078431372549

>>> Round:   52 / Acc: 84.068% / Loss: 0.5008 / Grad Norm: 2.4878 / Grad Diff: 1059.7678 / Time: 6.28s
======================================================================================================

round 52 local learning rate = 0.0001923076923076923

>>> Round:   53 / Acc: 84.175% / Loss: 0.4979 / Grad Norm: 2.4796 / Grad Diff: 1056.0162 / Time: 7.38s
======================================================================================================

round 53 local learning rate = 0.00018867924528301886

>>> Round:   54 / Acc: 84.245% / Loss: 0.4953 / Grad Norm: 2.5312 / Grad Diff: 1053.7354 / Time: 6.40s
======================================================================================================

round 54 local learning rate = 0.00018518518518518518

>>> Round:   55 / Acc: 84.376% / Loss: 0.4923 / Grad Norm: 2.4612 / Grad Diff: 1049.5226 / Time: 6.41s
======================================================================================================

= Test = round: 55 / acc: 85.860% / loss: 0.4493 / Time: 0.53s
======================================================================================================

round 55 local learning rate = 0.00018181818181818183

>>> Round:   56 / Acc: 84.483% / Loss: 0.4899 / Grad Norm: 2.5250 / Grad Diff: 1047.8515 / Time: 6.52s
======================================================================================================

round 56 local learning rate = 0.00017857142857142857

>>> Round:   57 / Acc: 84.574% / Loss: 0.4873 / Grad Norm: 2.5471 / Grad Diff: 1044.2783 / Time: 6.32s
======================================================================================================

round 57 local learning rate = 0.00017543859649122808

>>> Round:   58 / Acc: 84.692% / Loss: 0.4847 / Grad Norm: 2.4493 / Grad Diff: 1040.1246 / Time: 6.56s
======================================================================================================

round 58 local learning rate = 0.0001724137931034483

>>> Round:   59 / Acc: 84.771% / Loss: 0.4822 / Grad Norm: 2.4627 / Grad Diff: 1036.2729 / Time: 6.46s
======================================================================================================

round 59 local learning rate = 0.00016949152542372882

>>> Round:   60 / Acc: 84.836% / Loss: 0.4798 / Grad Norm: 2.4900 / Grad Diff: 1033.2727 / Time: 6.39s
======================================================================================================

= Test = round: 60 / acc: 86.350% / loss: 0.4378 / Time: 0.55s
======================================================================================================

round 60 local learning rate = 0.00016666666666666666

>>> Round:   61 / Acc: 84.926% / Loss: 0.4772 / Grad Norm: 2.3868 / Grad Diff: 1028.4344 / Time: 6.39s
======================================================================================================

round 61 local learning rate = 0.0001639344262295082

>>> Round:   62 / Acc: 85.022% / Loss: 0.4748 / Grad Norm: 2.3340 / Grad Diff: 1024.8467 / Time: 6.36s
======================================================================================================

round 62 local learning rate = 0.00016129032258064516

>>> Round:   63 / Acc: 85.083% / Loss: 0.4724 / Grad Norm: 2.2946 / Grad Diff: 1021.2607 / Time: 6.49s
======================================================================================================

round 63 local learning rate = 0.00015873015873015873

>>> Round:   64 / Acc: 85.194% / Loss: 0.4701 / Grad Norm: 2.2370 / Grad Diff: 1017.6887 / Time: 6.25s
======================================================================================================

round 64 local learning rate = 0.00015625

>>> Round:   65 / Acc: 85.244% / Loss: 0.4681 / Grad Norm: 2.2881 / Grad Diff: 1016.0094 / Time: 6.45s
======================================================================================================

= Test = round: 65 / acc: 86.700% / loss: 0.4270 / Time: 0.51s
======================================================================================================

round 65 local learning rate = 0.00015384615384615385

>>> Round:   66 / Acc: 85.349% / Loss: 0.4662 / Grad Norm: 2.3584 / Grad Diff: 1013.7294 / Time: 6.50s
======================================================================================================

round 66 local learning rate = 0.00015151515151515152

>>> Round:   67 / Acc: 85.421% / Loss: 0.4640 / Grad Norm: 2.2775 / Grad Diff: 1009.6104 / Time: 6.29s
======================================================================================================

round 67 local learning rate = 0.00014925373134328358

>>> Round:   68 / Acc: 85.506% / Loss: 0.4620 / Grad Norm: 2.2321 / Grad Diff: 1006.4014 / Time: 6.86s
======================================================================================================

round 68 local learning rate = 0.00014705882352941178

>>> Round:   69 / Acc: 85.559% / Loss: 0.4599 / Grad Norm: 2.1848 / Grad Diff: 1003.0367 / Time: 6.20s
======================================================================================================

round 69 local learning rate = 0.00014492753623188405

>>> Round:   70 / Acc: 85.587% / Loss: 0.4580 / Grad Norm: 2.2351 / Grad Diff: 1000.4372 / Time: 6.48s
======================================================================================================

= Test = round: 70 / acc: 87.040% / loss: 0.4177 / Time: 0.69s
======================================================================================================

round 70 local learning rate = 0.00014285714285714287

>>> Round:   71 / Acc: 85.649% / Loss: 0.4562 / Grad Norm: 2.2306 / Grad Diff: 997.5068 / Time: 6.54s
======================================================================================================

round 71 local learning rate = 0.00014084507042253522

>>> Round:   72 / Acc: 85.729% / Loss: 0.4542 / Grad Norm: 2.1760 / Grad Diff: 993.6757 / Time: 6.46s
======================================================================================================

round 72 local learning rate = 0.0001388888888888889

>>> Round:   73 / Acc: 85.799% / Loss: 0.4525 / Grad Norm: 2.1894 / Grad Diff: 990.9767 / Time: 7.21s
======================================================================================================

round 73 local learning rate = 0.000136986301369863

>>> Round:   74 / Acc: 85.839% / Loss: 0.4507 / Grad Norm: 2.1818 / Grad Diff: 988.2616 / Time: 6.54s
======================================================================================================

round 74 local learning rate = 0.00013513513513513514

>>> Round:   75 / Acc: 85.915% / Loss: 0.4490 / Grad Norm: 2.1274 / Grad Diff: 984.7349 / Time: 6.38s
======================================================================================================

= Test = round: 75 / acc: 87.180% / loss: 0.4094 / Time: 0.53s
======================================================================================================

round 75 local learning rate = 0.00013333333333333334

>>> Round:   76 / Acc: 85.959% / Loss: 0.4473 / Grad Norm: 2.1186 / Grad Diff: 981.4890 / Time: 6.32s
======================================================================================================

round 76 local learning rate = 0.00013157894736842105

>>> Round:   77 / Acc: 86.031% / Loss: 0.4454 / Grad Norm: 2.0092 / Grad Diff: 977.5915 / Time: 6.36s
======================================================================================================

round 77 local learning rate = 0.00012987012987012987

>>> Round:   78 / Acc: 86.068% / Loss: 0.4438 / Grad Norm: 2.0196 / Grad Diff: 975.1471 / Time: 6.45s
======================================================================================================

round 78 local learning rate = 0.0001282051282051282

>>> Round:   79 / Acc: 86.122% / Loss: 0.4422 / Grad Norm: 2.0247 / Grad Diff: 973.7434 / Time: 6.39s
======================================================================================================

round 79 local learning rate = 0.00012658227848101267

>>> Round:   80 / Acc: 86.172% / Loss: 0.4407 / Grad Norm: 2.0483 / Grad Diff: 971.4101 / Time: 6.32s
======================================================================================================

= Test = round: 80 / acc: 87.350% / loss: 0.4020 / Time: 0.52s
======================================================================================================

round 80 local learning rate = 0.000125

>>> Round:   81 / Acc: 86.231% / Loss: 0.4393 / Grad Norm: 2.0803 / Grad Diff: 969.5941 / Time: 6.98s
======================================================================================================

round 81 local learning rate = 0.0001234567901234568

>>> Round:   82 / Acc: 86.268% / Loss: 0.4378 / Grad Norm: 2.0986 / Grad Diff: 967.3215 / Time: 7.29s
======================================================================================================

round 82 local learning rate = 0.00012195121951219512

>>> Round:   83 / Acc: 86.339% / Loss: 0.4360 / Grad Norm: 1.9726 / Grad Diff: 962.1680 / Time: 6.45s
======================================================================================================

round 83 local learning rate = 0.00012048192771084338

>>> Round:   84 / Acc: 86.369% / Loss: 0.4345 / Grad Norm: 1.9223 / Grad Diff: 958.8482 / Time: 6.36s
======================================================================================================

round 84 local learning rate = 0.00011904761904761905

>>> Round:   85 / Acc: 86.402% / Loss: 0.4330 / Grad Norm: 1.9218 / Grad Diff: 956.4052 / Time: 6.36s
======================================================================================================

= Test = round: 85 / acc: 87.570% / loss: 0.3950 / Time: 0.55s
======================================================================================================

round 85 local learning rate = 0.00011764705882352942

>>> Round:   86 / Acc: 86.458% / Loss: 0.4317 / Grad Norm: 1.9758 / Grad Diff: 954.7229 / Time: 6.50s
======================================================================================================

round 86 local learning rate = 0.00011627906976744187

>>> Round:   87 / Acc: 86.487% / Loss: 0.4303 / Grad Norm: 1.9447 / Grad Diff: 952.3901 / Time: 6.35s
======================================================================================================

round 87 local learning rate = 0.00011494252873563218

>>> Round:   88 / Acc: 86.541% / Loss: 0.4290 / Grad Norm: 2.0006 / Grad Diff: 950.6785 / Time: 6.31s
======================================================================================================

round 88 local learning rate = 0.00011363636363636364

>>> Round:   89 / Acc: 86.574% / Loss: 0.4277 / Grad Norm: 2.0168 / Grad Diff: 948.5727 / Time: 6.45s
======================================================================================================

round 89 local learning rate = 0.00011235955056179776

>>> Round:   90 / Acc: 86.616% / Loss: 0.4264 / Grad Norm: 2.0179 / Grad Diff: 946.0520 / Time: 6.41s
======================================================================================================

= Test = round: 90 / acc: 87.830% / loss: 0.3890 / Time: 0.53s
======================================================================================================

round 90 local learning rate = 0.00011111111111111112

>>> Round:   91 / Acc: 86.649% / Loss: 0.4251 / Grad Norm: 1.9970 / Grad Diff: 943.7366 / Time: 6.28s
======================================================================================================

round 91 local learning rate = 0.00010989010989010989

>>> Round:   92 / Acc: 86.677% / Loss: 0.4237 / Grad Norm: 1.9660 / Grad Diff: 940.6813 / Time: 6.46s
======================================================================================================

round 92 local learning rate = 0.00010869565217391305

>>> Round:   93 / Acc: 86.716% / Loss: 0.4223 / Grad Norm: 1.8835 / Grad Diff: 937.5977 / Time: 6.41s
======================================================================================================

round 93 local learning rate = 0.00010752688172043011

>>> Round:   94 / Acc: 86.734% / Loss: 0.4211 / Grad Norm: 1.9014 / Grad Diff: 935.6637 / Time: 6.42s
======================================================================================================

round 94 local learning rate = 0.00010638297872340425

>>> Round:   95 / Acc: 86.786% / Loss: 0.4198 / Grad Norm: 1.8869 / Grad Diff: 933.2209 / Time: 6.47s
======================================================================================================

= Test = round: 95 / acc: 88.000% / loss: 0.3831 / Time: 0.52s
======================================================================================================

round 95 local learning rate = 0.00010526315789473685

>>> Round:   96 / Acc: 86.856% / Loss: 0.4186 / Grad Norm: 1.8851 / Grad Diff: 930.8792 / Time: 6.35s
======================================================================================================

round 96 local learning rate = 0.00010416666666666667

>>> Round:   97 / Acc: 86.889% / Loss: 0.4174 / Grad Norm: 1.8195 / Grad Diff: 928.1505 / Time: 6.39s
======================================================================================================

round 97 local learning rate = 0.00010309278350515464

>>> Round:   98 / Acc: 86.928% / Loss: 0.4163 / Grad Norm: 1.8802 / Grad Diff: 926.7712 / Time: 6.31s
======================================================================================================

round 98 local learning rate = 0.00010204081632653062

>>> Round:   99 / Acc: 86.958% / Loss: 0.4152 / Grad Norm: 1.8897 / Grad Diff: 925.0469 / Time: 6.33s
======================================================================================================

round 99 local learning rate = 0.00010101010101010101

>>> Round:  100 / Acc: 86.996% / Loss: 0.4139 / Grad Norm: 1.8279 / Grad Diff: 921.9773 / Time: 6.24s
======================================================================================================

= Test = round: 100 / acc: 88.220% / loss: 0.3776 / Time: 0.51s
======================================================================================================

round 100 local learning rate = 0.0001

>>> Round:  101 / Acc: 87.041% / Loss: 0.4128 / Grad Norm: 1.8223 / Grad Diff: 919.4748 / Time: 6.35s
======================================================================================================

round 101 local learning rate = 9.900990099009902e-05

>>> Round:  102 / Acc: 87.074% / Loss: 0.4117 / Grad Norm: 1.8260 / Grad Diff: 916.8321 / Time: 6.34s
======================================================================================================

round 102 local learning rate = 9.80392156862745e-05

>>> Round:  103 / Acc: 87.092% / Loss: 0.4105 / Grad Norm: 1.7920 / Grad Diff: 914.5439 / Time: 6.51s
======================================================================================================

round 103 local learning rate = 9.70873786407767e-05

>>> Round:  104 / Acc: 87.138% / Loss: 0.4095 / Grad Norm: 1.7983 / Grad Diff: 912.3046 / Time: 7.32s
======================================================================================================

round 104 local learning rate = 9.615384615384615e-05

>>> Round:  105 / Acc: 87.192% / Loss: 0.4083 / Grad Norm: 1.7316 / Grad Diff: 909.8423 / Time: 5.59s
======================================================================================================

= Test = round: 105 / acc: 88.400% / loss: 0.3725 / Time: 0.54s
======================================================================================================

round 105 local learning rate = 9.523809523809524e-05

>>> Round:  106 / Acc: 87.218% / Loss: 0.4073 / Grad Norm: 1.7256 / Grad Diff: 907.5288 / Time: 5.79s
======================================================================================================

round 106 local learning rate = 9.433962264150943e-05

>>> Round:  107 / Acc: 87.249% / Loss: 0.4063 / Grad Norm: 1.7473 / Grad Diff: 905.3647 / Time: 5.54s
======================================================================================================

round 107 local learning rate = 9.345794392523364e-05

>>> Round:  108 / Acc: 87.288% / Loss: 0.4052 / Grad Norm: 1.7374 / Grad Diff: 902.8240 / Time: 6.37s
======================================================================================================

round 108 local learning rate = 9.259259259259259e-05

>>> Round:  109 / Acc: 87.343% / Loss: 0.4043 / Grad Norm: 1.7692 / Grad Diff: 901.6125 / Time: 6.30s
======================================================================================================

round 109 local learning rate = 9.174311926605505e-05

>>> Round:  110 / Acc: 87.375% / Loss: 0.4032 / Grad Norm: 1.7117 / Grad Diff: 898.9338 / Time: 6.44s
======================================================================================================

= Test = round: 110 / acc: 88.530% / loss: 0.3680 / Time: 0.52s
======================================================================================================

round 110 local learning rate = 9.090909090909092e-05

>>> Round:  111 / Acc: 87.426% / Loss: 0.4023 / Grad Norm: 1.7247 / Grad Diff: 897.0176 / Time: 6.38s
======================================================================================================

round 111 local learning rate = 9.009009009009009e-05

>>> Round:  112 / Acc: 87.452% / Loss: 0.4013 / Grad Norm: 1.6819 / Grad Diff: 894.6230 / Time: 6.94s
======================================================================================================

round 112 local learning rate = 8.928571428571429e-05

>>> Round:  113 / Acc: 87.496% / Loss: 0.4004 / Grad Norm: 1.7254 / Grad Diff: 893.5753 / Time: 6.45s
======================================================================================================

round 113 local learning rate = 8.849557522123894e-05

>>> Round:  114 / Acc: 87.526% / Loss: 0.3995 / Grad Norm: 1.7241 / Grad Diff: 891.7315 / Time: 6.28s
======================================================================================================

round 114 local learning rate = 8.771929824561404e-05

>>> Round:  115 / Acc: 87.565% / Loss: 0.3985 / Grad Norm: 1.7037 / Grad Diff: 889.6964 / Time: 6.36s
======================================================================================================

= Test = round: 115 / acc: 88.760% / loss: 0.3639 / Time: 0.51s
======================================================================================================

round 115 local learning rate = 8.695652173913044e-05

>>> Round:  116 / Acc: 87.576% / Loss: 0.3975 / Grad Norm: 1.6421 / Grad Diff: 886.3906 / Time: 6.37s
======================================================================================================

round 116 local learning rate = 8.620689655172414e-05

>>> Round:  117 / Acc: 87.607% / Loss: 0.3966 / Grad Norm: 1.6310 / Grad Diff: 884.4464 / Time: 6.24s
======================================================================================================

round 117 local learning rate = 8.547008547008547e-05

>>> Round:  118 / Acc: 87.670% / Loss: 0.3958 / Grad Norm: 1.6731 / Grad Diff: 883.3030 / Time: 6.33s
======================================================================================================

round 118 local learning rate = 8.474576271186441e-05

>>> Round:  119 / Acc: 87.705% / Loss: 0.3948 / Grad Norm: 1.6456 / Grad Diff: 881.0481 / Time: 6.13s
======================================================================================================

round 119 local learning rate = 8.403361344537815e-05

>>> Round:  120 / Acc: 87.718% / Loss: 0.3940 / Grad Norm: 1.6704 / Grad Diff: 879.3453 / Time: 6.42s
======================================================================================================

= Test = round: 120 / acc: 88.840% / loss: 0.3598 / Time: 0.51s
======================================================================================================

round 120 local learning rate = 8.333333333333333e-05

>>> Round:  121 / Acc: 87.721% / Loss: 0.3931 / Grad Norm: 1.6500 / Grad Diff: 877.1427 / Time: 6.46s
======================================================================================================

round 121 local learning rate = 8.264462809917356e-05

>>> Round:  122 / Acc: 87.753% / Loss: 0.3924 / Grad Norm: 1.6762 / Grad Diff: 876.0148 / Time: 7.67s
======================================================================================================

round 122 local learning rate = 8.19672131147541e-05

>>> Round:  123 / Acc: 87.790% / Loss: 0.3916 / Grad Norm: 1.6864 / Grad Diff: 874.5433 / Time: 7.24s
======================================================================================================

round 123 local learning rate = 8.130081300813008e-05

>>> Round:  124 / Acc: 87.825% / Loss: 0.3907 / Grad Norm: 1.6796 / Grad Diff: 872.8538 / Time: 8.21s
======================================================================================================

round 124 local learning rate = 8.064516129032258e-05

>>> Round:  125 / Acc: 87.836% / Loss: 0.3898 / Grad Norm: 1.6251 / Grad Diff: 870.0940 / Time: 6.45s
======================================================================================================

= Test = round: 125 / acc: 88.980% / loss: 0.3558 / Time: 0.49s
======================================================================================================

round 125 local learning rate = 8e-05

>>> Round:  126 / Acc: 87.862% / Loss: 0.3890 / Grad Norm: 1.6200 / Grad Diff: 868.5002 / Time: 5.73s
======================================================================================================

round 126 local learning rate = 7.936507936507937e-05

>>> Round:  127 / Acc: 87.867% / Loss: 0.3881 / Grad Norm: 1.6009 / Grad Diff: 866.4519 / Time: 6.30s
======================================================================================================

round 127 local learning rate = 7.874015748031496e-05

>>> Round:  128 / Acc: 87.906% / Loss: 0.3873 / Grad Norm: 1.5446 / Grad Diff: 863.8844 / Time: 6.30s
======================================================================================================

round 128 local learning rate = 7.8125e-05

>>> Round:  129 / Acc: 87.924% / Loss: 0.3865 / Grad Norm: 1.5723 / Grad Diff: 862.4973 / Time: 6.29s
======================================================================================================

round 129 local learning rate = 7.751937984496124e-05

>>> Round:  130 / Acc: 87.950% / Loss: 0.3857 / Grad Norm: 1.5506 / Grad Diff: 860.4287 / Time: 6.52s
======================================================================================================

= Test = round: 130 / acc: 89.070% / loss: 0.3523 / Time: 0.58s
======================================================================================================

round 130 local learning rate = 7.692307692307693e-05

>>> Round:  131 / Acc: 87.987% / Loss: 0.3849 / Grad Norm: 1.5220 / Grad Diff: 858.5337 / Time: 6.12s
======================================================================================================

round 131 local learning rate = 7.633587786259542e-05

>>> Round:  132 / Acc: 88.018% / Loss: 0.3842 / Grad Norm: 1.5270 / Grad Diff: 857.2116 / Time: 6.42s
======================================================================================================

round 132 local learning rate = 7.575757575757576e-05

>>> Round:  133 / Acc: 88.035% / Loss: 0.3835 / Grad Norm: 1.5377 / Grad Diff: 855.7142 / Time: 6.32s
======================================================================================================

round 133 local learning rate = 7.518796992481203e-05

>>> Round:  134 / Acc: 88.061% / Loss: 0.3827 / Grad Norm: 1.5333 / Grad Diff: 853.3274 / Time: 6.28s
======================================================================================================

round 134 local learning rate = 7.462686567164179e-05

>>> Round:  135 / Acc: 88.096% / Loss: 0.3820 / Grad Norm: 1.5098 / Grad Diff: 851.4529 / Time: 6.64s
======================================================================================================

= Test = round: 135 / acc: 89.110% / loss: 0.3486 / Time: 0.51s
======================================================================================================

round 135 local learning rate = 7.407407407407407e-05

>>> Round:  136 / Acc: 88.109% / Loss: 0.3812 / Grad Norm: 1.5245 / Grad Diff: 849.9713 / Time: 6.37s
======================================================================================================

round 136 local learning rate = 7.352941176470589e-05

>>> Round:  137 / Acc: 88.135% / Loss: 0.3805 / Grad Norm: 1.5101 / Grad Diff: 848.3807 / Time: 6.61s
======================================================================================================

round 137 local learning rate = 7.299270072992701e-05

>>> Round:  138 / Acc: 88.155% / Loss: 0.3798 / Grad Norm: 1.5100 / Grad Diff: 846.8640 / Time: 6.10s
======================================================================================================

round 138 local learning rate = 7.246376811594203e-05

>>> Round:  139 / Acc: 88.181% / Loss: 0.3791 / Grad Norm: 1.5058 / Grad Diff: 845.1946 / Time: 6.72s
======================================================================================================

round 139 local learning rate = 7.194244604316547e-05

>>> Round:  140 / Acc: 88.208% / Loss: 0.3784 / Grad Norm: 1.5166 / Grad Diff: 843.6421 / Time: 6.45s
======================================================================================================

= Test = round: 140 / acc: 89.220% / loss: 0.3454 / Time: 0.54s
======================================================================================================

round 140 local learning rate = 7.142857142857143e-05

>>> Round:  141 / Acc: 88.223% / Loss: 0.3777 / Grad Norm: 1.4907 / Grad Diff: 841.8336 / Time: 6.63s
======================================================================================================

round 141 local learning rate = 7.092198581560284e-05

>>> Round:  142 / Acc: 88.242% / Loss: 0.3770 / Grad Norm: 1.5044 / Grad Diff: 840.4850 / Time: 6.34s
======================================================================================================

round 142 local learning rate = 7.042253521126761e-05

>>> Round:  143 / Acc: 88.258% / Loss: 0.3764 / Grad Norm: 1.5066 / Grad Diff: 838.9696 / Time: 7.62s
======================================================================================================

round 143 local learning rate = 6.993006993006993e-05

>>> Round:  144 / Acc: 88.288% / Loss: 0.3757 / Grad Norm: 1.4744 / Grad Diff: 837.0815 / Time: 6.31s
======================================================================================================

round 144 local learning rate = 6.944444444444444e-05

>>> Round:  145 / Acc: 88.306% / Loss: 0.3751 / Grad Norm: 1.4793 / Grad Diff: 836.0350 / Time: 6.35s
======================================================================================================

= Test = round: 145 / acc: 89.280% / loss: 0.3424 / Time: 0.52s
======================================================================================================

round 145 local learning rate = 6.896551724137931e-05

>>> Round:  146 / Acc: 88.345% / Loss: 0.3744 / Grad Norm: 1.4894 / Grad Diff: 834.4652 / Time: 6.41s
======================================================================================================

round 146 local learning rate = 6.84931506849315e-05

>>> Round:  147 / Acc: 88.360% / Loss: 0.3738 / Grad Norm: 1.4956 / Grad Diff: 833.1244 / Time: 6.45s
======================================================================================================

round 147 local learning rate = 6.802721088435374e-05

>>> Round:  148 / Acc: 88.386% / Loss: 0.3731 / Grad Norm: 1.4524 / Grad Diff: 831.0938 / Time: 6.51s
======================================================================================================

round 148 local learning rate = 6.756756756756757e-05

>>> Round:  149 / Acc: 88.406% / Loss: 0.3725 / Grad Norm: 1.4758 / Grad Diff: 830.0831 / Time: 6.37s
======================================================================================================

round 149 local learning rate = 6.711409395973155e-05

>>> Round:  150 / Acc: 88.423% / Loss: 0.3718 / Grad Norm: 1.4658 / Grad Diff: 828.1257 / Time: 6.42s
======================================================================================================

= Test = round: 150 / acc: 89.390% / loss: 0.3397 / Time: 0.52s
======================================================================================================

round 150 local learning rate = 6.666666666666667e-05

>>> Round:  151 / Acc: 88.446% / Loss: 0.3712 / Grad Norm: 1.4749 / Grad Diff: 826.7308 / Time: 6.39s
======================================================================================================

round 151 local learning rate = 6.622516556291391e-05

>>> Round:  152 / Acc: 88.456% / Loss: 0.3706 / Grad Norm: 1.4420 / Grad Diff: 824.9789 / Time: 5.73s
======================================================================================================

round 152 local learning rate = 6.578947368421052e-05

>>> Round:  153 / Acc: 88.487% / Loss: 0.3699 / Grad Norm: 1.4144 / Grad Diff: 823.1541 / Time: 6.38s
======================================================================================================

round 153 local learning rate = 6.535947712418301e-05

>>> Round:  154 / Acc: 88.511% / Loss: 0.3693 / Grad Norm: 1.4087 / Grad Diff: 821.7218 / Time: 6.28s
======================================================================================================

round 154 local learning rate = 6.493506493506494e-05

>>> Round:  155 / Acc: 88.531% / Loss: 0.3687 / Grad Norm: 1.4016 / Grad Diff: 820.1806 / Time: 5.76s
======================================================================================================

= Test = round: 155 / acc: 89.410% / loss: 0.3368 / Time: 0.52s
======================================================================================================

round 155 local learning rate = 6.451612903225807e-05

>>> Round:  156 / Acc: 88.539% / Loss: 0.3681 / Grad Norm: 1.3926 / Grad Diff: 818.6982 / Time: 6.34s
======================================================================================================

round 156 local learning rate = 6.41025641025641e-05

>>> Round:  157 / Acc: 88.559% / Loss: 0.3675 / Grad Norm: 1.4097 / Grad Diff: 817.6263 / Time: 6.38s
======================================================================================================

round 157 local learning rate = 6.369426751592357e-05

>>> Round:  158 / Acc: 88.577% / Loss: 0.3670 / Grad Norm: 1.4126 / Grad Diff: 816.4107 / Time: 6.46s
======================================================================================================

round 158 local learning rate = 6.329113924050633e-05

>>> Round:  159 / Acc: 88.598% / Loss: 0.3664 / Grad Norm: 1.4272 / Grad Diff: 815.0919 / Time: 6.45s
======================================================================================================

round 159 local learning rate = 6.289308176100629e-05

>>> Round:  160 / Acc: 88.614% / Loss: 0.3659 / Grad Norm: 1.4270 / Grad Diff: 813.6119 / Time: 6.35s
======================================================================================================

= Test = round: 160 / acc: 89.570% / loss: 0.3342 / Time: 0.52s
======================================================================================================

round 160 local learning rate = 6.25e-05

>>> Round:  161 / Acc: 88.624% / Loss: 0.3653 / Grad Norm: 1.4480 / Grad Diff: 812.3256 / Time: 7.03s
======================================================================================================

round 161 local learning rate = 6.211180124223603e-05

>>> Round:  162 / Acc: 88.646% / Loss: 0.3647 / Grad Norm: 1.4045 / Grad Diff: 810.5107 / Time: 6.61s
======================================================================================================

round 162 local learning rate = 6.17283950617284e-05

>>> Round:  163 / Acc: 88.666% / Loss: 0.3641 / Grad Norm: 1.3804 / Grad Diff: 808.8269 / Time: 6.44s
======================================================================================================

round 163 local learning rate = 6.134969325153375e-05

>>> Round:  164 / Acc: 88.686% / Loss: 0.3636 / Grad Norm: 1.3749 / Grad Diff: 807.3540 / Time: 6.36s
======================================================================================================

round 164 local learning rate = 6.097560975609756e-05

>>> Round:  165 / Acc: 88.703% / Loss: 0.3630 / Grad Norm: 1.3876 / Grad Diff: 806.3766 / Time: 6.38s
======================================================================================================

= Test = round: 165 / acc: 89.690% / loss: 0.3316 / Time: 0.54s
======================================================================================================

round 165 local learning rate = 6.0606060606060605e-05

>>> Round:  166 / Acc: 88.736% / Loss: 0.3625 / Grad Norm: 1.3790 / Grad Diff: 804.7356 / Time: 6.16s
======================================================================================================

round 166 local learning rate = 6.024096385542169e-05

>>> Round:  167 / Acc: 88.740% / Loss: 0.3620 / Grad Norm: 1.4093 / Grad Diff: 803.9509 / Time: 5.54s
======================================================================================================

round 167 local learning rate = 5.988023952095808e-05

>>> Round:  168 / Acc: 88.762% / Loss: 0.3615 / Grad Norm: 1.3731 / Grad Diff: 802.5278 / Time: 6.29s
======================================================================================================

round 168 local learning rate = 5.9523809523809524e-05

>>> Round:  169 / Acc: 88.782% / Loss: 0.3609 / Grad Norm: 1.3587 / Grad Diff: 800.8655 / Time: 6.39s
======================================================================================================

round 169 local learning rate = 5.9171597633136094e-05

>>> Round:  170 / Acc: 88.784% / Loss: 0.3604 / Grad Norm: 1.3581 / Grad Diff: 799.4128 / Time: 6.42s
======================================================================================================

= Test = round: 170 / acc: 89.790% / loss: 0.3292 / Time: 0.63s
======================================================================================================

round 170 local learning rate = 5.882352941176471e-05

>>> Round:  171 / Acc: 88.801% / Loss: 0.3599 / Grad Norm: 1.3467 / Grad Diff: 798.2234 / Time: 7.94s
======================================================================================================

round 171 local learning rate = 5.847953216374269e-05

>>> Round:  172 / Acc: 88.828% / Loss: 0.3594 / Grad Norm: 1.3471 / Grad Diff: 796.8916 / Time: 6.39s
======================================================================================================

round 172 local learning rate = 5.8139534883720933e-05

>>> Round:  173 / Acc: 88.839% / Loss: 0.3588 / Grad Norm: 1.3288 / Grad Diff: 795.0697 / Time: 6.44s
======================================================================================================

round 173 local learning rate = 5.7803468208092484e-05

>>> Round:  174 / Acc: 88.849% / Loss: 0.3583 / Grad Norm: 1.3137 / Grad Diff: 793.6118 / Time: 6.86s
======================================================================================================

round 174 local learning rate = 5.747126436781609e-05

>>> Round:  175 / Acc: 88.860% / Loss: 0.3578 / Grad Norm: 1.3252 / Grad Diff: 792.4832 / Time: 6.34s
======================================================================================================

= Test = round: 175 / acc: 89.810% / loss: 0.3269 / Time: 0.52s
======================================================================================================

round 175 local learning rate = 5.714285714285714e-05

>>> Round:  176 / Acc: 88.873% / Loss: 0.3573 / Grad Norm: 1.3224 / Grad Diff: 790.9586 / Time: 6.56s
======================================================================================================

round 176 local learning rate = 5.681818181818182e-05

>>> Round:  177 / Acc: 88.889% / Loss: 0.3568 / Grad Norm: 1.3085 / Grad Diff: 789.5255 / Time: 6.71s
======================================================================================================

round 177 local learning rate = 5.649717514124294e-05

>>> Round:  178 / Acc: 88.911% / Loss: 0.3563 / Grad Norm: 1.2970 / Grad Diff: 788.1937 / Time: 5.79s
======================================================================================================

round 178 local learning rate = 5.617977528089888e-05

>>> Round:  179 / Acc: 88.921% / Loss: 0.3558 / Grad Norm: 1.3214 / Grad Diff: 787.4202 / Time: 6.38s
======================================================================================================

round 179 local learning rate = 5.58659217877095e-05

>>> Round:  180 / Acc: 88.934% / Loss: 0.3554 / Grad Norm: 1.3288 / Grad Diff: 786.0884 / Time: 6.38s
======================================================================================================

= Test = round: 180 / acc: 89.930% / loss: 0.3248 / Time: 0.52s
======================================================================================================

round 180 local learning rate = 5.555555555555556e-05

>>> Round:  181 / Acc: 88.950% / Loss: 0.3549 / Grad Norm: 1.3272 / Grad Diff: 785.1032 / Time: 5.68s
======================================================================================================

round 181 local learning rate = 5.524861878453039e-05

>>> Round:  182 / Acc: 88.965% / Loss: 0.3544 / Grad Norm: 1.3122 / Grad Diff: 783.8510 / Time: 5.66s
======================================================================================================

round 182 local learning rate = 5.4945054945054945e-05

>>> Round:  183 / Acc: 88.980% / Loss: 0.3539 / Grad Norm: 1.3018 / Grad Diff: 782.3957 / Time: 5.80s
======================================================================================================

round 183 local learning rate = 5.46448087431694e-05

>>> Round:  184 / Acc: 89.000% / Loss: 0.3534 / Grad Norm: 1.2876 / Grad Diff: 780.7811 / Time: 6.77s
======================================================================================================

round 184 local learning rate = 5.4347826086956524e-05

>>> Round:  185 / Acc: 89.017% / Loss: 0.3530 / Grad Norm: 1.3074 / Grad Diff: 779.6691 / Time: 8.37s
======================================================================================================

= Test = round: 185 / acc: 89.960% / loss: 0.3226 / Time: 0.69s
======================================================================================================

round 185 local learning rate = 5.4054054054054054e-05

>>> Round:  186 / Acc: 89.033% / Loss: 0.3526 / Grad Norm: 1.3343 / Grad Diff: 778.9132 / Time: 7.41s
======================================================================================================

round 186 local learning rate = 5.3763440860215054e-05

>>> Round:  187 / Acc: 89.046% / Loss: 0.3521 / Grad Norm: 1.2860 / Grad Diff: 777.1964 / Time: 7.64s
======================================================================================================

round 187 local learning rate = 5.347593582887701e-05

>>> Round:  188 / Acc: 89.065% / Loss: 0.3516 / Grad Norm: 1.2988 / Grad Diff: 775.9682 / Time: 6.45s
======================================================================================================

round 188 local learning rate = 5.319148936170213e-05

>>> Round:  189 / Acc: 89.079% / Loss: 0.3512 / Grad Norm: 1.2838 / Grad Diff: 774.8439 / Time: 6.43s
======================================================================================================

round 189 local learning rate = 5.291005291005291e-05

>>> Round:  190 / Acc: 89.081% / Loss: 0.3507 / Grad Norm: 1.2668 / Grad Diff: 773.3811 / Time: 6.38s
======================================================================================================

= Test = round: 190 / acc: 90.020% / loss: 0.3204 / Time: 0.53s
======================================================================================================

round 190 local learning rate = 5.2631578947368424e-05

>>> Round:  191 / Acc: 89.096% / Loss: 0.3503 / Grad Norm: 1.2636 / Grad Diff: 772.1870 / Time: 5.69s
======================================================================================================

round 191 local learning rate = 5.2356020942408376e-05

>>> Round:  192 / Acc: 89.111% / Loss: 0.3498 / Grad Norm: 1.2683 / Grad Diff: 771.2062 / Time: 6.29s
======================================================================================================

round 192 local learning rate = 5.208333333333334e-05

>>> Round:  193 / Acc: 89.144% / Loss: 0.3494 / Grad Norm: 1.2699 / Grad Diff: 770.1062 / Time: 6.34s
======================================================================================================

round 193 local learning rate = 5.1813471502590674e-05

>>> Round:  194 / Acc: 89.166% / Loss: 0.3490 / Grad Norm: 1.2974 / Grad Diff: 769.5036 / Time: 6.52s
======================================================================================================

round 194 local learning rate = 5.154639175257732e-05

>>> Round:  195 / Acc: 89.188% / Loss: 0.3486 / Grad Norm: 1.2930 / Grad Diff: 768.3663 / Time: 6.53s
======================================================================================================

= Test = round: 195 / acc: 90.080% / loss: 0.3185 / Time: 0.56s
======================================================================================================

round 195 local learning rate = 5.1282051282051286e-05

>>> Round:  196 / Acc: 89.192% / Loss: 0.3481 / Grad Norm: 1.2664 / Grad Diff: 766.8108 / Time: 6.42s
======================================================================================================

round 196 local learning rate = 5.102040816326531e-05

>>> Round:  197 / Acc: 89.216% / Loss: 0.3477 / Grad Norm: 1.2692 / Grad Diff: 765.6494 / Time: 6.47s
======================================================================================================

round 197 local learning rate = 5.076142131979695e-05

>>> Round:  198 / Acc: 89.216% / Loss: 0.3473 / Grad Norm: 1.2716 / Grad Diff: 764.5782 / Time: 6.37s
======================================================================================================

round 198 local learning rate = 5.0505050505050505e-05

>>> Round:  199 / Acc: 89.214% / Loss: 0.3469 / Grad Norm: 1.2470 / Grad Diff: 763.2016 / Time: 6.42s
======================================================================================================

round 199 local learning rate = 5.0251256281407036e-05

>>> Round:  200 / Acc: 89.238% / Loss: 0.3465 / Grad Norm: 1.2619 / Grad Diff: 762.5618 / Time: 6.29s
======================================================================================================

= Test = round: 200 / acc: 90.140% / loss: 0.3166 / Time: 0.52s
======================================================================================================

