nohup: ignoring input
Using device: cuda:0
>>> Arguments:
	             algo : fedavgtl
	            alpha : 51871.0
	       batch_size : 32
	clients_per_round : 100
	          dataset : mnist_all_data_1_equal_niid
	           device : cuda:0
	              dis : 
	   early_stopping : 20
	       eval_every : 5
	    ft_batch_size : 128
	       ft_dataset : mnist-m
	        ft_epochs : 2
	            ft_lr : 0.01
	            ft_wd : 0.0
	              gpu : True
	      input_shape : (1, 28, 28)
	           last_k : 2
	               lr : 0.01
	            model : lenet
	           n_init : 5
	        noaverage : False
	          noprint : False
	        num_class : 10
	        num_epoch : 1
	        num_round : 200
	           opt_lr : False
	            reg_J : True
	       reg_J_coef : 0.01
	             seed : 0
	               wd : 0.0
>>> Read data from:
     ./data/mnist/data/all_data_1.pkl
>>> The estimate of constant alpha is 51871.0.
>>> Read data from:
     ./data/mnist/data/train/all_data_1_equal_niid.pkl
     ./data/mnist/data/test/all_data_1_equal_niid.pkl
>>> Use gpu on device cuda:0
>>> Model statistic per layer
LeNet_MNIST(
  286.12 KMac, 100.000% MACs, 
  (conv1): Conv2d(89.856 KMac, 31.405% MACs, 1, 6, kernel_size=(5, 5), stride=(1, 1))
  (conv2): Conv2d(154.624 KMac, 54.042% MACs, 6, 16, kernel_size=(5, 5), stride=(1, 1))
  (fc1): Linear(30.72 KMac, 10.737% MACs, in_features=256, out_features=120, bias=True)
  (fc2): Linear(10.08 KMac, 3.523% MACs, in_features=120, out_features=84, bias=True)
  (fc3): Linear(840.0 Mac, 0.294% MACs, in_features=84, out_features=10, bias=True)
)
>>> Activate a worker for training
>>> Initialize 100 clients in total
>>> Weigh updates by simple average
>>> Select 100 clients per round 


>>> Round:    0 / Acc: 8.434% / Loss: 11.5222 / Grad Norm: 228.1354 / Grad Diff: 63707.4639 / Time: 7.55s
======================================================================================================

= Test = round: 0 / acc: 8.270% / loss: 11.7139 / Time: 0.61s
======================================================================================================

round 0 local learning rate = 0.01

>>> Round:    1 / Acc: 10.908% / Loss: 2.3355 / Grad Norm: 1.8202 / Grad Diff: 45.5017 / Time: 7.59s
======================================================================================================

round 1 local learning rate = 0.01

>>> Round:    2 / Acc: 21.496% / Loss: 2.1553 / Grad Norm: 2.9678 / Grad Diff: 106.3897 / Time: 7.45s
======================================================================================================

round 2 local learning rate = 0.005

>>> Round:    3 / Acc: 36.860% / Loss: 1.8471 / Grad Norm: 4.6753 / Grad Diff: 412.8450 / Time: 7.36s
======================================================================================================

round 3 local learning rate = 0.0033333333333333335

>>> Round:    4 / Acc: 45.876% / Loss: 1.6212 / Grad Norm: 5.5588 / Grad Diff: 709.2818 / Time: 7.52s
======================================================================================================

round 4 local learning rate = 0.0025

>>> Round:    5 / Acc: 52.450% / Loss: 1.4446 / Grad Norm: 5.2628 / Grad Diff: 880.6582 / Time: 8.72s
======================================================================================================

= Test = round: 5 / acc: 54.510% / loss: 1.4014 / Time: 0.60s
======================================================================================================

round 5 local learning rate = 0.002

>>> Round:    6 / Acc: 56.633% / Loss: 1.3190 / Grad Norm: 4.9624 / Grad Diff: 999.3425 / Time: 7.66s
======================================================================================================

round 6 local learning rate = 0.0016666666666666668

>>> Round:    7 / Acc: 59.784% / Loss: 1.2217 / Grad Norm: 4.6707 / Grad Diff: 1063.5505 / Time: 7.37s
======================================================================================================

round 7 local learning rate = 0.0014285714285714286

>>> Round:    8 / Acc: 62.339% / Loss: 1.1450 / Grad Norm: 4.5273 / Grad Diff: 1110.8899 / Time: 7.53s
======================================================================================================

round 8 local learning rate = 0.00125

>>> Round:    9 / Acc: 64.476% / Loss: 1.0813 / Grad Norm: 4.3215 / Grad Diff: 1132.6515 / Time: 7.49s
======================================================================================================

round 9 local learning rate = 0.0011111111111111111

>>> Round:   10 / Acc: 66.273% / Loss: 1.0302 / Grad Norm: 4.2542 / Grad Diff: 1166.2020 / Time: 7.47s
======================================================================================================

= Test = round: 10 / acc: 67.930% / loss: 0.9793 / Time: 0.60s
======================================================================================================

round 10 local learning rate = 0.001

>>> Round:   11 / Acc: 67.625% / Loss: 0.9860 / Grad Norm: 4.1820 / Grad Diff: 1184.9840 / Time: 7.64s
======================================================================================================

round 11 local learning rate = 0.0009090909090909091

>>> Round:   12 / Acc: 68.991% / Loss: 0.9466 / Grad Norm: 3.8967 / Grad Diff: 1197.9270 / Time: 7.50s
======================================================================================================

round 12 local learning rate = 0.0008333333333333334

>>> Round:   13 / Acc: 69.959% / Loss: 0.9140 / Grad Norm: 3.9310 / Grad Diff: 1219.4009 / Time: 7.42s
======================================================================================================

round 13 local learning rate = 0.0007692307692307692

>>> Round:   14 / Acc: 70.884% / Loss: 0.8849 / Grad Norm: 3.7798 / Grad Diff: 1233.2702 / Time: 7.70s
======================================================================================================

round 14 local learning rate = 0.0007142857142857143

>>> Round:   15 / Acc: 71.758% / Loss: 0.8592 / Grad Norm: 3.8465 / Grad Diff: 1239.3744 / Time: 7.61s
======================================================================================================

= Test = round: 15 / acc: 73.020% / loss: 0.8132 / Time: 0.61s
======================================================================================================

round 15 local learning rate = 0.0006666666666666666

>>> Round:   16 / Acc: 72.470% / Loss: 0.8359 / Grad Norm: 3.7196 / Grad Diff: 1247.2238 / Time: 7.57s
======================================================================================================

round 16 local learning rate = 0.000625

>>> Round:   17 / Acc: 73.192% / Loss: 0.8147 / Grad Norm: 3.6237 / Grad Diff: 1252.1250 / Time: 7.63s
======================================================================================================

round 17 local learning rate = 0.0005882352941176471

>>> Round:   18 / Acc: 73.734% / Loss: 0.7966 / Grad Norm: 3.6334 / Grad Diff: 1259.0061 / Time: 7.41s
======================================================================================================

round 18 local learning rate = 0.0005555555555555556

>>> Round:   19 / Acc: 74.360% / Loss: 0.7793 / Grad Norm: 3.4593 / Grad Diff: 1263.0684 / Time: 7.40s
======================================================================================================

round 19 local learning rate = 0.0005263157894736842

>>> Round:   20 / Acc: 74.849% / Loss: 0.7643 / Grad Norm: 3.5183 / Grad Diff: 1269.8327 / Time: 7.85s
======================================================================================================

= Test = round: 20 / acc: 75.860% / loss: 0.7225 / Time: 0.59s
======================================================================================================

round 20 local learning rate = 0.0005

>>> Round:   21 / Acc: 75.284% / Loss: 0.7505 / Grad Norm: 3.5520 / Grad Diff: 1274.8800 / Time: 7.63s
======================================================================================================

round 21 local learning rate = 0.0004761904761904762

>>> Round:   22 / Acc: 75.725% / Loss: 0.7370 / Grad Norm: 3.4740 / Grad Diff: 1276.0615 / Time: 7.72s
======================================================================================================

round 22 local learning rate = 0.00045454545454545455

>>> Round:   23 / Acc: 76.125% / Loss: 0.7249 / Grad Norm: 3.5153 / Grad Diff: 1278.5819 / Time: 7.94s
======================================================================================================

round 23 local learning rate = 0.0004347826086956522

>>> Round:   24 / Acc: 76.596% / Loss: 0.7126 / Grad Norm: 3.2326 / Grad Diff: 1275.4619 / Time: 8.36s
======================================================================================================

round 24 local learning rate = 0.0004166666666666667

>>> Round:   25 / Acc: 76.911% / Loss: 0.7023 / Grad Norm: 3.2854 / Grad Diff: 1277.1321 / Time: 9.95s
======================================================================================================

= Test = round: 25 / acc: 78.030% / loss: 0.6633 / Time: 0.79s
======================================================================================================

round 25 local learning rate = 0.0004

>>> Round:   26 / Acc: 77.247% / Loss: 0.6925 / Grad Norm: 3.2906 / Grad Diff: 1278.7061 / Time: 8.58s
======================================================================================================

round 26 local learning rate = 0.0003846153846153846

>>> Round:   27 / Acc: 77.489% / Loss: 0.6833 / Grad Norm: 3.3876 / Grad Diff: 1282.1793 / Time: 8.10s
======================================================================================================

round 27 local learning rate = 0.00037037037037037035

>>> Round:   28 / Acc: 77.852% / Loss: 0.6743 / Grad Norm: 3.2603 / Grad Diff: 1279.7228 / Time: 9.59s
======================================================================================================

round 28 local learning rate = 0.00035714285714285714

>>> Round:   29 / Acc: 78.212% / Loss: 0.6653 / Grad Norm: 3.0017 / Grad Diff: 1273.8389 / Time: 7.47s
======================================================================================================

round 29 local learning rate = 0.0003448275862068966

>>> Round:   30 / Acc: 78.441% / Loss: 0.6576 / Grad Norm: 3.0170 / Grad Diff: 1273.3856 / Time: 8.01s
======================================================================================================

= Test = round: 30 / acc: 79.480% / loss: 0.6206 / Time: 0.64s
======================================================================================================

round 30 local learning rate = 0.0003333333333333333

>>> Round:   31 / Acc: 78.633% / Loss: 0.6508 / Grad Norm: 3.1625 / Grad Diff: 1277.6336 / Time: 7.40s
======================================================================================================

round 31 local learning rate = 0.0003225806451612903

>>> Round:   32 / Acc: 78.886% / Loss: 0.6438 / Grad Norm: 3.1069 / Grad Diff: 1277.0502 / Time: 7.66s
======================================================================================================

round 32 local learning rate = 0.0003125

>>> Round:   33 / Acc: 79.129% / Loss: 0.6367 / Grad Norm: 2.9760 / Grad Diff: 1276.0814 / Time: 7.56s
======================================================================================================

round 33 local learning rate = 0.00030303030303030303

>>> Round:   34 / Acc: 79.354% / Loss: 0.6307 / Grad Norm: 3.0538 / Grad Diff: 1278.0406 / Time: 7.44s
======================================================================================================

round 34 local learning rate = 0.00029411764705882356

>>> Round:   35 / Acc: 79.522% / Loss: 0.6249 / Grad Norm: 3.1408 / Grad Diff: 1279.5074 / Time: 7.51s
======================================================================================================

= Test = round: 35 / acc: 80.620% / loss: 0.5893 / Time: 0.59s
======================================================================================================

round 35 local learning rate = 0.00028571428571428574

>>> Round:   36 / Acc: 79.729% / Loss: 0.6189 / Grad Norm: 2.9858 / Grad Diff: 1276.7258 / Time: 7.59s
======================================================================================================

round 36 local learning rate = 0.0002777777777777778

>>> Round:   37 / Acc: 79.886% / Loss: 0.6132 / Grad Norm: 2.8869 / Grad Diff: 1275.0324 / Time: 7.55s
======================================================================================================

round 37 local learning rate = 0.0002702702702702703

>>> Round:   38 / Acc: 80.018% / Loss: 0.6079 / Grad Norm: 2.9633 / Grad Diff: 1275.0836 / Time: 7.64s
======================================================================================================

round 38 local learning rate = 0.0002631578947368421

>>> Round:   39 / Acc: 80.218% / Loss: 0.6025 / Grad Norm: 2.8666 / Grad Diff: 1273.7208 / Time: 7.27s
======================================================================================================

round 39 local learning rate = 0.0002564102564102564

>>> Round:   40 / Acc: 80.386% / Loss: 0.5977 / Grad Norm: 2.7952 / Grad Diff: 1271.7034 / Time: 7.46s
======================================================================================================

= Test = round: 40 / acc: 81.500% / loss: 0.5626 / Time: 0.63s
======================================================================================================

round 40 local learning rate = 0.00025

>>> Round:   41 / Acc: 80.577% / Loss: 0.5928 / Grad Norm: 2.7298 / Grad Diff: 1270.1263 / Time: 7.78s
======================================================================================================

round 41 local learning rate = 0.00024390243902439024

>>> Round:   42 / Acc: 80.723% / Loss: 0.5885 / Grad Norm: 2.7698 / Grad Diff: 1269.9424 / Time: 7.63s
======================================================================================================

round 42 local learning rate = 0.0002380952380952381

>>> Round:   43 / Acc: 80.899% / Loss: 0.5841 / Grad Norm: 2.7649 / Grad Diff: 1270.2376 / Time: 7.82s
======================================================================================================

round 43 local learning rate = 0.00023255813953488373

>>> Round:   44 / Acc: 81.033% / Loss: 0.5800 / Grad Norm: 2.7650 / Grad Diff: 1268.2058 / Time: 7.65s
======================================================================================================

round 44 local learning rate = 0.00022727272727272727

>>> Round:   45 / Acc: 81.129% / Loss: 0.5767 / Grad Norm: 3.0341 / Grad Diff: 1272.1523 / Time: 7.66s
======================================================================================================

= Test = round: 45 / acc: 82.110% / loss: 0.5422 / Time: 0.70s
======================================================================================================

round 45 local learning rate = 0.00022222222222222223

>>> Round:   46 / Acc: 81.275% / Loss: 0.5724 / Grad Norm: 2.9021 / Grad Diff: 1268.6602 / Time: 7.85s
======================================================================================================

round 46 local learning rate = 0.0002173913043478261

>>> Round:   47 / Acc: 81.445% / Loss: 0.5681 / Grad Norm: 2.6724 / Grad Diff: 1262.9093 / Time: 7.69s
======================================================================================================

round 47 local learning rate = 0.0002127659574468085

>>> Round:   48 / Acc: 81.546% / Loss: 0.5643 / Grad Norm: 2.6093 / Grad Diff: 1260.6121 / Time: 7.72s
======================================================================================================

round 48 local learning rate = 0.00020833333333333335

>>> Round:   49 / Acc: 81.644% / Loss: 0.5610 / Grad Norm: 2.7032 / Grad Diff: 1262.9481 / Time: 7.64s
======================================================================================================

round 49 local learning rate = 0.00020408163265306123

>>> Round:   50 / Acc: 81.771% / Loss: 0.5574 / Grad Norm: 2.6137 / Grad Diff: 1258.4805 / Time: 7.35s
======================================================================================================

= Test = round: 50 / acc: 82.750% / loss: 0.5235 / Time: 0.61s
======================================================================================================

round 50 local learning rate = 0.0002

>>> Round:   51 / Acc: 81.862% / Loss: 0.5542 / Grad Norm: 2.6670 / Grad Diff: 1259.9059 / Time: 7.31s
======================================================================================================

round 51 local learning rate = 0.000196078431372549

>>> Round:   52 / Acc: 81.963% / Loss: 0.5509 / Grad Norm: 2.6834 / Grad Diff: 1257.5062 / Time: 7.45s
======================================================================================================

round 52 local learning rate = 0.0001923076923076923

>>> Round:   53 / Acc: 82.070% / Loss: 0.5477 / Grad Norm: 2.6613 / Grad Diff: 1256.8826 / Time: 7.49s
======================================================================================================

round 53 local learning rate = 0.00018867924528301886

>>> Round:   54 / Acc: 82.161% / Loss: 0.5448 / Grad Norm: 2.6650 / Grad Diff: 1255.5447 / Time: 7.65s
======================================================================================================

round 54 local learning rate = 0.00018518518518518518

>>> Round:   55 / Acc: 82.244% / Loss: 0.5418 / Grad Norm: 2.6805 / Grad Diff: 1254.6256 / Time: 7.62s
======================================================================================================

= Test = round: 55 / acc: 83.240% / loss: 0.5084 / Time: 0.62s
======================================================================================================

round 55 local learning rate = 0.00018181818181818183

>>> Round:   56 / Acc: 82.367% / Loss: 0.5388 / Grad Norm: 2.6119 / Grad Diff: 1251.3192 / Time: 7.70s
======================================================================================================

round 56 local learning rate = 0.00017857142857142857

>>> Round:   57 / Acc: 82.434% / Loss: 0.5360 / Grad Norm: 2.6234 / Grad Diff: 1249.2102 / Time: 7.51s
======================================================================================================

round 57 local learning rate = 0.00017543859649122808

>>> Round:   58 / Acc: 82.511% / Loss: 0.5328 / Grad Norm: 2.4383 / Grad Diff: 1243.5668 / Time: 7.12s
======================================================================================================

round 58 local learning rate = 0.0001724137931034483

>>> Round:   59 / Acc: 82.662% / Loss: 0.5299 / Grad Norm: 2.3339 / Grad Diff: 1241.0426 / Time: 7.61s
======================================================================================================

round 59 local learning rate = 0.00016949152542372882

>>> Round:   60 / Acc: 82.725% / Loss: 0.5274 / Grad Norm: 2.3576 / Grad Diff: 1240.0595 / Time: 7.60s
======================================================================================================

= Test = round: 60 / acc: 83.710% / loss: 0.4945 / Time: 0.63s
======================================================================================================

round 60 local learning rate = 0.00016666666666666666

>>> Round:   61 / Acc: 82.812% / Loss: 0.5248 / Grad Norm: 2.3583 / Grad Diff: 1238.6247 / Time: 7.60s
======================================================================================================

round 61 local learning rate = 0.0001639344262295082

>>> Round:   62 / Acc: 82.873% / Loss: 0.5224 / Grad Norm: 2.4352 / Grad Diff: 1239.0257 / Time: 8.32s
======================================================================================================

round 62 local learning rate = 0.00016129032258064516

>>> Round:   63 / Acc: 82.994% / Loss: 0.5201 / Grad Norm: 2.4621 / Grad Diff: 1239.1423 / Time: 7.86s
======================================================================================================

round 63 local learning rate = 0.00015873015873015873

>>> Round:   64 / Acc: 83.052% / Loss: 0.5178 / Grad Norm: 2.4885 / Grad Diff: 1237.6017 / Time: 7.37s
======================================================================================================

round 64 local learning rate = 0.00015625

>>> Round:   65 / Acc: 83.159% / Loss: 0.5150 / Grad Norm: 2.2622 / Grad Diff: 1231.1656 / Time: 7.76s
======================================================================================================

= Test = round: 65 / acc: 84.070% / loss: 0.4827 / Time: 0.62s
======================================================================================================

round 65 local learning rate = 0.00015384615384615385

>>> Round:   66 / Acc: 83.253% / Loss: 0.5129 / Grad Norm: 2.2786 / Grad Diff: 1229.1265 / Time: 8.02s
======================================================================================================

round 66 local learning rate = 0.00015151515151515152

>>> Round:   67 / Acc: 83.323% / Loss: 0.5107 / Grad Norm: 2.2754 / Grad Diff: 1227.7825 / Time: 7.53s
======================================================================================================

round 67 local learning rate = 0.00014925373134328358

>>> Round:   68 / Acc: 83.380% / Loss: 0.5087 / Grad Norm: 2.3592 / Grad Diff: 1228.4594 / Time: 7.79s
======================================================================================================

round 68 local learning rate = 0.00014705882352941178

>>> Round:   69 / Acc: 83.467% / Loss: 0.5066 / Grad Norm: 2.3784 / Grad Diff: 1226.6195 / Time: 7.65s
======================================================================================================

round 69 local learning rate = 0.00014492753623188405

>>> Round:   70 / Acc: 83.542% / Loss: 0.5043 / Grad Norm: 2.2904 / Grad Diff: 1222.7133 / Time: 7.35s
======================================================================================================

= Test = round: 70 / acc: 84.360% / loss: 0.4721 / Time: 0.61s
======================================================================================================

round 70 local learning rate = 0.00014285714285714287

>>> Round:   71 / Acc: 83.607% / Loss: 0.5023 / Grad Norm: 2.2050 / Grad Diff: 1221.6280 / Time: 7.53s
======================================================================================================

round 71 local learning rate = 0.00014084507042253522

>>> Round:   72 / Acc: 83.675% / Loss: 0.5004 / Grad Norm: 2.2930 / Grad Diff: 1222.0669 / Time: 7.71s
======================================================================================================

round 72 local learning rate = 0.0001388888888888889

>>> Round:   73 / Acc: 83.731% / Loss: 0.4986 / Grad Norm: 2.3700 / Grad Diff: 1222.1631 / Time: 7.65s
======================================================================================================

round 73 local learning rate = 0.000136986301369863

>>> Round:   74 / Acc: 83.755% / Loss: 0.4965 / Grad Norm: 2.3076 / Grad Diff: 1219.2397 / Time: 7.60s
======================================================================================================

round 74 local learning rate = 0.00013513513513513514

>>> Round:   75 / Acc: 83.795% / Loss: 0.4947 / Grad Norm: 2.3590 / Grad Diff: 1218.9690 / Time: 7.80s
======================================================================================================

= Test = round: 75 / acc: 84.790% / loss: 0.4628 / Time: 0.63s
======================================================================================================

round 75 local learning rate = 0.00013333333333333334

>>> Round:   76 / Acc: 83.886% / Loss: 0.4926 / Grad Norm: 2.2123 / Grad Diff: 1214.9972 / Time: 7.83s
======================================================================================================

round 76 local learning rate = 0.00013157894736842105

>>> Round:   77 / Acc: 83.958% / Loss: 0.4908 / Grad Norm: 2.1627 / Grad Diff: 1212.2578 / Time: 7.72s
======================================================================================================

round 77 local learning rate = 0.00012987012987012987

>>> Round:   78 / Acc: 83.989% / Loss: 0.4892 / Grad Norm: 2.2692 / Grad Diff: 1212.2807 / Time: 7.69s
======================================================================================================

round 78 local learning rate = 0.0001282051282051282

>>> Round:   79 / Acc: 84.076% / Loss: 0.4874 / Grad Norm: 2.2504 / Grad Diff: 1210.7285 / Time: 7.88s
======================================================================================================

round 79 local learning rate = 0.00012658227848101267

>>> Round:   80 / Acc: 84.125% / Loss: 0.4857 / Grad Norm: 2.2415 / Grad Diff: 1208.6446 / Time: 7.58s
======================================================================================================

= Test = round: 80 / acc: 85.120% / loss: 0.4542 / Time: 0.62s
======================================================================================================

round 80 local learning rate = 0.000125

>>> Round:   81 / Acc: 84.192% / Loss: 0.4839 / Grad Norm: 2.1888 / Grad Diff: 1205.9424 / Time: 6.77s
======================================================================================================

round 81 local learning rate = 0.0001234567901234568

>>> Round:   82 / Acc: 84.264% / Loss: 0.4827 / Grad Norm: 2.4386 / Grad Diff: 1209.5267 / Time: 7.65s
======================================================================================================

round 82 local learning rate = 0.00012195121951219512

>>> Round:   83 / Acc: 84.290% / Loss: 0.4808 / Grad Norm: 2.2192 / Grad Diff: 1204.5995 / Time: 7.75s
======================================================================================================

round 83 local learning rate = 0.00012048192771084338

>>> Round:   84 / Acc: 84.332% / Loss: 0.4791 / Grad Norm: 2.1352 / Grad Diff: 1201.0131 / Time: 8.52s
======================================================================================================

round 84 local learning rate = 0.00011904761904761905

>>> Round:   85 / Acc: 84.397% / Loss: 0.4779 / Grad Norm: 2.3971 / Grad Diff: 1203.1876 / Time: 7.78s
======================================================================================================

= Test = round: 85 / acc: 85.360% / loss: 0.4466 / Time: 0.60s
======================================================================================================

round 85 local learning rate = 0.00011764705882352942

>>> Round:   86 / Acc: 84.450% / Loss: 0.4764 / Grad Norm: 2.4760 / Grad Diff: 1202.7407 / Time: 8.09s
======================================================================================================

round 86 local learning rate = 0.00011627906976744187

>>> Round:   87 / Acc: 84.520% / Loss: 0.4748 / Grad Norm: 2.4761 / Grad Diff: 1200.1316 / Time: 7.71s
======================================================================================================

round 87 local learning rate = 0.00011494252873563218

>>> Round:   88 / Acc: 84.555% / Loss: 0.4731 / Grad Norm: 2.2964 / Grad Diff: 1194.8501 / Time: 7.57s
======================================================================================================

round 88 local learning rate = 0.00011363636363636364

>>> Round:   89 / Acc: 84.603% / Loss: 0.4715 / Grad Norm: 2.1856 / Grad Diff: 1191.4927 / Time: 7.55s
======================================================================================================

round 89 local learning rate = 0.00011235955056179776

>>> Round:   90 / Acc: 84.681% / Loss: 0.4700 / Grad Norm: 2.1624 / Grad Diff: 1190.0309 / Time: 7.45s
======================================================================================================

= Test = round: 90 / acc: 85.620% / loss: 0.4391 / Time: 0.65s
======================================================================================================

round 90 local learning rate = 0.00011111111111111112

>>> Round:   91 / Acc: 84.734% / Loss: 0.4686 / Grad Norm: 2.1825 / Grad Diff: 1189.5909 / Time: 7.44s
======================================================================================================

round 91 local learning rate = 0.00010989010989010989

>>> Round:   92 / Acc: 84.773% / Loss: 0.4671 / Grad Norm: 2.0819 / Grad Diff: 1185.6207 / Time: 9.35s
======================================================================================================

round 92 local learning rate = 0.00010869565217391305

>>> Round:   93 / Acc: 84.804% / Loss: 0.4656 / Grad Norm: 1.9841 / Grad Diff: 1182.2096 / Time: 7.52s
======================================================================================================

round 93 local learning rate = 0.00010752688172043011

>>> Round:   94 / Acc: 84.856% / Loss: 0.4643 / Grad Norm: 2.0121 / Grad Diff: 1182.3813 / Time: 7.75s
======================================================================================================

round 94 local learning rate = 0.00010638297872340425

>>> Round:   95 / Acc: 84.891% / Loss: 0.4630 / Grad Norm: 2.0140 / Grad Diff: 1181.0056 / Time: 7.58s
======================================================================================================

= Test = round: 95 / acc: 85.780% / loss: 0.4325 / Time: 0.62s
======================================================================================================

round 95 local learning rate = 0.00010526315789473685

>>> Round:   96 / Acc: 84.978% / Loss: 0.4616 / Grad Norm: 1.9385 / Grad Diff: 1178.5382 / Time: 7.55s
======================================================================================================

round 96 local learning rate = 0.00010416666666666667

>>> Round:   97 / Acc: 84.987% / Loss: 0.4604 / Grad Norm: 2.0378 / Grad Diff: 1178.6565 / Time: 7.68s
======================================================================================================

round 97 local learning rate = 0.00010309278350515464

>>> Round:   98 / Acc: 85.009% / Loss: 0.4591 / Grad Norm: 2.0188 / Grad Diff: 1176.7501 / Time: 7.72s
======================================================================================================

round 98 local learning rate = 0.00010204081632653062

>>> Round:   99 / Acc: 85.046% / Loss: 0.4579 / Grad Norm: 1.9395 / Grad Diff: 1174.4443 / Time: 7.57s
======================================================================================================

round 99 local learning rate = 0.00010101010101010101

>>> Round:  100 / Acc: 85.066% / Loss: 0.4569 / Grad Norm: 2.0897 / Grad Diff: 1175.7859 / Time: 7.48s
======================================================================================================

= Test = round: 100 / acc: 85.970% / loss: 0.4263 / Time: 0.61s
======================================================================================================

round 100 local learning rate = 0.0001

>>> Round:  101 / Acc: 85.127% / Loss: 0.4556 / Grad Norm: 2.0024 / Grad Diff: 1172.8572 / Time: 7.54s
======================================================================================================

round 101 local learning rate = 9.900990099009902e-05

>>> Round:  102 / Acc: 85.183% / Loss: 0.4542 / Grad Norm: 1.8912 / Grad Diff: 1169.6140 / Time: 7.46s
======================================================================================================

round 102 local learning rate = 9.80392156862745e-05

>>> Round:  103 / Acc: 85.201% / Loss: 0.4532 / Grad Norm: 1.9751 / Grad Diff: 1170.4297 / Time: 7.50s
======================================================================================================

round 103 local learning rate = 9.70873786407767e-05

>>> Round:  104 / Acc: 85.245% / Loss: 0.4519 / Grad Norm: 1.8947 / Grad Diff: 1167.7388 / Time: 7.36s
======================================================================================================

round 104 local learning rate = 9.615384615384615e-05

>>> Round:  105 / Acc: 85.268% / Loss: 0.4508 / Grad Norm: 1.9476 / Grad Diff: 1167.6754 / Time: 8.51s
======================================================================================================

= Test = round: 105 / acc: 86.250% / loss: 0.4205 / Time: 0.63s
======================================================================================================

round 105 local learning rate = 9.523809523809524e-05

>>> Round:  106 / Acc: 85.325% / Loss: 0.4497 / Grad Norm: 1.9593 / Grad Diff: 1166.2398 / Time: 7.85s
======================================================================================================

round 106 local learning rate = 9.433962264150943e-05

>>> Round:  107 / Acc: 85.351% / Loss: 0.4486 / Grad Norm: 1.9866 / Grad Diff: 1164.9155 / Time: 7.50s
======================================================================================================

round 107 local learning rate = 9.345794392523364e-05

>>> Round:  108 / Acc: 85.376% / Loss: 0.4475 / Grad Norm: 2.0113 / Grad Diff: 1164.4054 / Time: 7.38s
======================================================================================================

round 108 local learning rate = 9.259259259259259e-05

>>> Round:  109 / Acc: 85.434% / Loss: 0.4464 / Grad Norm: 2.0205 / Grad Diff: 1163.2527 / Time: 7.53s
======================================================================================================

round 109 local learning rate = 9.174311926605505e-05

>>> Round:  110 / Acc: 85.454% / Loss: 0.4455 / Grad Norm: 2.0306 / Grad Diff: 1162.1933 / Time: 7.41s
======================================================================================================

= Test = round: 110 / acc: 86.440% / loss: 0.4153 / Time: 0.63s
======================================================================================================

round 110 local learning rate = 9.090909090909092e-05

>>> Round:  111 / Acc: 85.470% / Loss: 0.4446 / Grad Norm: 2.1903 / Grad Diff: 1163.8449 / Time: 9.56s
======================================================================================================

round 111 local learning rate = 9.009009009009009e-05

>>> Round:  112 / Acc: 85.524% / Loss: 0.4435 / Grad Norm: 2.1741 / Grad Diff: 1161.2868 / Time: 7.38s
======================================================================================================

round 112 local learning rate = 8.928571428571429e-05

>>> Round:  113 / Acc: 85.561% / Loss: 0.4423 / Grad Norm: 2.0071 / Grad Diff: 1156.8876 / Time: 7.58s
======================================================================================================

round 113 local learning rate = 8.849557522123894e-05

>>> Round:  114 / Acc: 85.596% / Loss: 0.4412 / Grad Norm: 1.9871 / Grad Diff: 1155.1493 / Time: 7.54s
======================================================================================================

round 114 local learning rate = 8.771929824561404e-05

>>> Round:  115 / Acc: 85.616% / Loss: 0.4402 / Grad Norm: 1.9877 / Grad Diff: 1153.7102 / Time: 7.68s
======================================================================================================

= Test = round: 115 / acc: 86.610% / loss: 0.4103 / Time: 0.62s
======================================================================================================

round 115 local learning rate = 8.695652173913044e-05

>>> Round:  116 / Acc: 85.668% / Loss: 0.4391 / Grad Norm: 1.9660 / Grad Diff: 1151.9271 / Time: 7.61s
======================================================================================================

round 116 local learning rate = 8.620689655172414e-05

>>> Round:  117 / Acc: 85.679% / Loss: 0.4382 / Grad Norm: 2.0735 / Grad Diff: 1152.4984 / Time: 7.69s
======================================================================================================

round 117 local learning rate = 8.547008547008547e-05

>>> Round:  118 / Acc: 85.738% / Loss: 0.4372 / Grad Norm: 2.0224 / Grad Diff: 1150.2908 / Time: 8.63s
======================================================================================================

round 118 local learning rate = 8.474576271186441e-05

>>> Round:  119 / Acc: 85.734% / Loss: 0.4364 / Grad Norm: 2.1594 / Grad Diff: 1151.0035 / Time: 7.58s
======================================================================================================

round 119 local learning rate = 8.403361344537815e-05

>>> Round:  120 / Acc: 85.795% / Loss: 0.4353 / Grad Norm: 2.0272 / Grad Diff: 1147.2509 / Time: 8.78s
======================================================================================================

= Test = round: 120 / acc: 86.710% / loss: 0.4055 / Time: 0.63s
======================================================================================================

round 120 local learning rate = 8.333333333333333e-05

>>> Round:  121 / Acc: 85.814% / Loss: 0.4343 / Grad Norm: 2.0064 / Grad Diff: 1145.9464 / Time: 7.71s
======================================================================================================

round 121 local learning rate = 8.264462809917356e-05

>>> Round:  122 / Acc: 85.863% / Loss: 0.4334 / Grad Norm: 2.0106 / Grad Diff: 1144.6867 / Time: 7.66s
======================================================================================================

round 122 local learning rate = 8.19672131147541e-05

>>> Round:  123 / Acc: 85.893% / Loss: 0.4324 / Grad Norm: 1.9448 / Grad Diff: 1142.0037 / Time: 7.53s
======================================================================================================

round 123 local learning rate = 8.130081300813008e-05

>>> Round:  124 / Acc: 85.913% / Loss: 0.4316 / Grad Norm: 1.9423 / Grad Diff: 1140.4354 / Time: 7.71s
======================================================================================================

round 124 local learning rate = 8.064516129032258e-05

>>> Round:  125 / Acc: 85.946% / Loss: 0.4307 / Grad Norm: 1.9389 / Grad Diff: 1138.9161 / Time: 7.35s
======================================================================================================

= Test = round: 125 / acc: 86.800% / loss: 0.4010 / Time: 0.65s
======================================================================================================

round 125 local learning rate = 8e-05

>>> Round:  126 / Acc: 85.983% / Loss: 0.4297 / Grad Norm: 1.9225 / Grad Diff: 1136.8972 / Time: 7.56s
======================================================================================================

round 126 local learning rate = 7.936507936507937e-05

>>> Round:  127 / Acc: 86.022% / Loss: 0.4290 / Grad Norm: 2.0066 / Grad Diff: 1137.0305 / Time: 7.61s
======================================================================================================

round 127 local learning rate = 7.874015748031496e-05

>>> Round:  128 / Acc: 86.052% / Loss: 0.4280 / Grad Norm: 1.9379 / Grad Diff: 1133.8783 / Time: 7.86s
======================================================================================================

round 128 local learning rate = 7.8125e-05

>>> Round:  129 / Acc: 86.094% / Loss: 0.4271 / Grad Norm: 1.9225 / Grad Diff: 1132.4582 / Time: 7.43s
======================================================================================================

round 129 local learning rate = 7.751937984496124e-05

>>> Round:  130 / Acc: 86.120% / Loss: 0.4264 / Grad Norm: 2.0358 / Grad Diff: 1133.6642 / Time: 7.45s
======================================================================================================

= Test = round: 130 / acc: 86.930% / loss: 0.3970 / Time: 0.61s
======================================================================================================

round 130 local learning rate = 7.692307692307693e-05

>>> Round:  131 / Acc: 86.181% / Loss: 0.4254 / Grad Norm: 1.9440 / Grad Diff: 1130.2133 / Time: 7.66s
======================================================================================================

round 131 local learning rate = 7.633587786259542e-05

>>> Round:  132 / Acc: 86.218% / Loss: 0.4246 / Grad Norm: 1.8846 / Grad Diff: 1128.4823 / Time: 7.66s
======================================================================================================

round 132 local learning rate = 7.575757575757576e-05

>>> Round:  133 / Acc: 86.236% / Loss: 0.4237 / Grad Norm: 1.8157 / Grad Diff: 1125.7247 / Time: 7.47s
======================================================================================================

round 133 local learning rate = 7.518796992481203e-05

>>> Round:  134 / Acc: 86.268% / Loss: 0.4228 / Grad Norm: 1.7993 / Grad Diff: 1124.0684 / Time: 7.73s
======================================================================================================

round 134 local learning rate = 7.462686567164179e-05

>>> Round:  135 / Acc: 86.304% / Loss: 0.4220 / Grad Norm: 1.8277 / Grad Diff: 1122.8339 / Time: 7.64s
======================================================================================================

= Test = round: 135 / acc: 87.130% / loss: 0.3929 / Time: 0.64s
======================================================================================================

round 135 local learning rate = 7.407407407407407e-05

>>> Round:  136 / Acc: 86.341% / Loss: 0.4211 / Grad Norm: 1.6714 / Grad Diff: 1119.4796 / Time: 7.40s
======================================================================================================

round 136 local learning rate = 7.352941176470589e-05

>>> Round:  137 / Acc: 86.389% / Loss: 0.4202 / Grad Norm: 1.5938 / Grad Diff: 1116.7610 / Time: 7.98s
======================================================================================================

round 137 local learning rate = 7.299270072992701e-05

>>> Round:  138 / Acc: 86.397% / Loss: 0.4196 / Grad Norm: 1.6696 / Grad Diff: 1117.0874 / Time: 7.90s
======================================================================================================

round 138 local learning rate = 7.246376811594203e-05

>>> Round:  139 / Acc: 86.432% / Loss: 0.4188 / Grad Norm: 1.6913 / Grad Diff: 1116.5457 / Time: 7.14s
======================================================================================================

round 139 local learning rate = 7.194244604316547e-05

>>> Round:  140 / Acc: 86.439% / Loss: 0.4182 / Grad Norm: 1.7713 / Grad Diff: 1117.1655 / Time: 8.04s
======================================================================================================

= Test = round: 140 / acc: 87.340% / loss: 0.3890 / Time: 0.63s
======================================================================================================

round 140 local learning rate = 7.142857142857143e-05

>>> Round:  141 / Acc: 86.489% / Loss: 0.4174 / Grad Norm: 1.6966 / Grad Diff: 1114.5679 / Time: 8.10s
======================================================================================================

round 141 local learning rate = 7.092198581560284e-05

>>> Round:  142 / Acc: 86.513% / Loss: 0.4165 / Grad Norm: 1.6656 / Grad Diff: 1112.4732 / Time: 6.80s
======================================================================================================

round 142 local learning rate = 7.042253521126761e-05

>>> Round:  143 / Acc: 86.518% / Loss: 0.4158 / Grad Norm: 1.7106 / Grad Diff: 1111.4067 / Time: 7.40s
======================================================================================================

round 143 local learning rate = 6.993006993006993e-05

>>> Round:  144 / Acc: 86.544% / Loss: 0.4152 / Grad Norm: 1.7854 / Grad Diff: 1111.3393 / Time: 7.68s
======================================================================================================

round 144 local learning rate = 6.944444444444444e-05

>>> Round:  145 / Acc: 86.609% / Loss: 0.4143 / Grad Norm: 1.6403 / Grad Diff: 1107.6160 / Time: 6.98s
======================================================================================================

= Test = round: 145 / acc: 87.450% / loss: 0.3852 / Time: 0.61s
======================================================================================================

round 145 local learning rate = 6.896551724137931e-05

>>> Round:  146 / Acc: 86.620% / Loss: 0.4135 / Grad Norm: 1.6545 / Grad Diff: 1106.2660 / Time: 6.85s
======================================================================================================

round 146 local learning rate = 6.84931506849315e-05

>>> Round:  147 / Acc: 86.661% / Loss: 0.4128 / Grad Norm: 1.6695 / Grad Diff: 1104.7552 / Time: 7.40s
======================================================================================================

round 147 local learning rate = 6.802721088435374e-05

>>> Round:  148 / Acc: 86.657% / Loss: 0.4122 / Grad Norm: 1.7360 / Grad Diff: 1105.0830 / Time: 7.35s
======================================================================================================

round 148 local learning rate = 6.756756756756757e-05

>>> Round:  149 / Acc: 86.661% / Loss: 0.4116 / Grad Norm: 1.8199 / Grad Diff: 1105.2224 / Time: 7.35s
======================================================================================================

round 149 local learning rate = 6.711409395973155e-05

>>> Round:  150 / Acc: 86.686% / Loss: 0.4109 / Grad Norm: 1.8260 / Grad Diff: 1104.0358 / Time: 7.58s
======================================================================================================

= Test = round: 150 / acc: 87.650% / loss: 0.3819 / Time: 0.61s
======================================================================================================

round 150 local learning rate = 6.666666666666667e-05

>>> Round:  151 / Acc: 86.723% / Loss: 0.4101 / Grad Norm: 1.7228 / Grad Diff: 1100.8130 / Time: 7.62s
======================================================================================================

round 151 local learning rate = 6.622516556291391e-05

>>> Round:  152 / Acc: 86.758% / Loss: 0.4094 / Grad Norm: 1.7093 / Grad Diff: 1099.3313 / Time: 7.54s
======================================================================================================

round 152 local learning rate = 6.578947368421052e-05

>>> Round:  153 / Acc: 86.771% / Loss: 0.4087 / Grad Norm: 1.7098 / Grad Diff: 1097.9349 / Time: 7.64s
======================================================================================================

round 153 local learning rate = 6.535947712418301e-05

>>> Round:  154 / Acc: 86.815% / Loss: 0.4080 / Grad Norm: 1.6809 / Grad Diff: 1096.8405 / Time: 7.52s
======================================================================================================

round 154 local learning rate = 6.493506493506494e-05

>>> Round:  155 / Acc: 86.797% / Loss: 0.4074 / Grad Norm: 1.7543 / Grad Diff: 1096.7053 / Time: 7.69s
======================================================================================================

= Test = round: 155 / acc: 87.750% / loss: 0.3786 / Time: 0.64s
======================================================================================================

round 155 local learning rate = 6.451612903225807e-05

>>> Round:  156 / Acc: 86.812% / Loss: 0.4069 / Grad Norm: 1.8541 / Grad Diff: 1097.5065 / Time: 7.20s
======================================================================================================

round 156 local learning rate = 6.41025641025641e-05

>>> Round:  157 / Acc: 86.854% / Loss: 0.4062 / Grad Norm: 1.7554 / Grad Diff: 1094.7991 / Time: 7.88s
======================================================================================================

round 157 local learning rate = 6.369426751592357e-05

>>> Round:  158 / Acc: 86.876% / Loss: 0.4055 / Grad Norm: 1.7948 / Grad Diff: 1094.3414 / Time: 7.38s
======================================================================================================

round 158 local learning rate = 6.329113924050633e-05

>>> Round:  159 / Acc: 86.921% / Loss: 0.4047 / Grad Norm: 1.6729 / Grad Diff: 1090.8789 / Time: 7.67s
======================================================================================================

round 159 local learning rate = 6.289308176100629e-05

>>> Round:  160 / Acc: 86.937% / Loss: 0.4041 / Grad Norm: 1.6150 / Grad Diff: 1088.9173 / Time: 7.60s
======================================================================================================

= Test = round: 160 / acc: 87.900% / loss: 0.3757 / Time: 0.62s
======================================================================================================

round 160 local learning rate = 6.25e-05

>>> Round:  161 / Acc: 86.948% / Loss: 0.4036 / Grad Norm: 1.7273 / Grad Diff: 1089.5900 / Time: 7.67s
======================================================================================================

round 161 local learning rate = 6.211180124223603e-05

>>> Round:  162 / Acc: 86.993% / Loss: 0.4029 / Grad Norm: 1.6567 / Grad Diff: 1087.0327 / Time: 7.87s
======================================================================================================

round 162 local learning rate = 6.17283950617284e-05

>>> Round:  163 / Acc: 87.009% / Loss: 0.4022 / Grad Norm: 1.6038 / Grad Diff: 1085.3092 / Time: 7.56s
======================================================================================================

round 163 local learning rate = 6.134969325153375e-05

>>> Round:  164 / Acc: 87.020% / Loss: 0.4016 / Grad Norm: 1.6376 / Grad Diff: 1084.6480 / Time: 7.66s
======================================================================================================

round 164 local learning rate = 6.097560975609756e-05

>>> Round:  165 / Acc: 87.055% / Loss: 0.4010 / Grad Norm: 1.6029 / Grad Diff: 1083.1307 / Time: 7.51s
======================================================================================================

= Test = round: 165 / acc: 88.030% / loss: 0.3728 / Time: 0.78s
======================================================================================================

round 165 local learning rate = 6.0606060606060605e-05

>>> Round:  166 / Acc: 87.046% / Loss: 0.4004 / Grad Norm: 1.6105 / Grad Diff: 1081.9919 / Time: 7.58s
======================================================================================================

round 166 local learning rate = 6.024096385542169e-05

>>> Round:  167 / Acc: 87.057% / Loss: 0.3998 / Grad Norm: 1.5781 / Grad Diff: 1080.4278 / Time: 7.03s
======================================================================================================

round 167 local learning rate = 5.988023952095808e-05

>>> Round:  168 / Acc: 87.092% / Loss: 0.3992 / Grad Norm: 1.5775 / Grad Diff: 1079.1906 / Time: 6.91s
======================================================================================================

round 168 local learning rate = 5.9523809523809524e-05

>>> Round:  169 / Acc: 87.120% / Loss: 0.3987 / Grad Norm: 1.6143 / Grad Diff: 1079.2953 / Time: 9.32s
======================================================================================================

round 169 local learning rate = 5.9171597633136094e-05

>>> Round:  170 / Acc: 87.140% / Loss: 0.3981 / Grad Norm: 1.6216 / Grad Diff: 1078.0913 / Time: 7.54s
======================================================================================================

= Test = round: 170 / acc: 88.120% / loss: 0.3699 / Time: 0.62s
======================================================================================================

round 170 local learning rate = 5.882352941176471e-05

>>> Round:  171 / Acc: 87.148% / Loss: 0.3975 / Grad Norm: 1.6042 / Grad Diff: 1075.9460 / Time: 7.89s
======================================================================================================

round 171 local learning rate = 5.847953216374269e-05

>>> Round:  172 / Acc: 87.168% / Loss: 0.3970 / Grad Norm: 1.6421 / Grad Diff: 1075.4638 / Time: 7.47s
======================================================================================================

round 172 local learning rate = 5.8139534883720933e-05

>>> Round:  173 / Acc: 87.164% / Loss: 0.3963 / Grad Norm: 1.5746 / Grad Diff: 1072.8734 / Time: 7.70s
======================================================================================================

round 173 local learning rate = 5.7803468208092484e-05

>>> Round:  174 / Acc: 87.197% / Loss: 0.3958 / Grad Norm: 1.5820 / Grad Diff: 1071.9871 / Time: 9.04s
======================================================================================================

round 174 local learning rate = 5.747126436781609e-05

>>> Round:  175 / Acc: 87.223% / Loss: 0.3952 / Grad Norm: 1.5835 / Grad Diff: 1070.6807 / Time: 9.54s
======================================================================================================

= Test = round: 175 / acc: 88.210% / loss: 0.3669 / Time: 0.61s
======================================================================================================

round 175 local learning rate = 5.714285714285714e-05

>>> Round:  176 / Acc: 87.242% / Loss: 0.3946 / Grad Norm: 1.5907 / Grad Diff: 1069.9263 / Time: 7.67s
======================================================================================================

round 176 local learning rate = 5.681818181818182e-05

>>> Round:  177 / Acc: 87.258% / Loss: 0.3940 / Grad Norm: 1.5176 / Grad Diff: 1067.6066 / Time: 7.61s
======================================================================================================

round 177 local learning rate = 5.649717514124294e-05

>>> Round:  178 / Acc: 87.262% / Loss: 0.3936 / Grad Norm: 1.6186 / Grad Diff: 1068.2620 / Time: 8.53s
======================================================================================================

round 178 local learning rate = 5.617977528089888e-05

>>> Round:  179 / Acc: 87.280% / Loss: 0.3931 / Grad Norm: 1.6562 / Grad Diff: 1067.8183 / Time: 7.81s
======================================================================================================

round 179 local learning rate = 5.58659217877095e-05

>>> Round:  180 / Acc: 87.306% / Loss: 0.3927 / Grad Norm: 1.7724 / Grad Diff: 1068.7417 / Time: 8.46s
======================================================================================================

= Test = round: 180 / acc: 88.400% / loss: 0.3643 / Time: 0.66s
======================================================================================================

round 180 local learning rate = 5.555555555555556e-05

>>> Round:  181 / Acc: 87.319% / Loss: 0.3921 / Grad Norm: 1.7099 / Grad Diff: 1066.6640 / Time: 7.44s
======================================================================================================

round 181 local learning rate = 5.524861878453039e-05

>>> Round:  182 / Acc: 87.330% / Loss: 0.3914 / Grad Norm: 1.5757 / Grad Diff: 1063.2992 / Time: 7.63s
======================================================================================================

round 182 local learning rate = 5.4945054945054945e-05

>>> Round:  183 / Acc: 87.338% / Loss: 0.3910 / Grad Norm: 1.6305 / Grad Diff: 1063.2869 / Time: 7.64s
======================================================================================================

round 183 local learning rate = 5.46448087431694e-05

>>> Round:  184 / Acc: 87.354% / Loss: 0.3904 / Grad Norm: 1.5955 / Grad Diff: 1061.4614 / Time: 7.60s
======================================================================================================

round 184 local learning rate = 5.4347826086956524e-05

>>> Round:  185 / Acc: 87.395% / Loss: 0.3900 / Grad Norm: 1.6613 / Grad Diff: 1061.2110 / Time: 7.56s
======================================================================================================

= Test = round: 185 / acc: 88.430% / loss: 0.3618 / Time: 0.62s
======================================================================================================

round 185 local learning rate = 5.4054054054054054e-05

>>> Round:  186 / Acc: 87.393% / Loss: 0.3895 / Grad Norm: 1.6964 / Grad Diff: 1060.3560 / Time: 7.87s
======================================================================================================

round 186 local learning rate = 5.3763440860215054e-05

>>> Round:  187 / Acc: 87.419% / Loss: 0.3889 / Grad Norm: 1.6504 / Grad Diff: 1058.4348 / Time: 7.68s
======================================================================================================

round 187 local learning rate = 5.347593582887701e-05

>>> Round:  188 / Acc: 87.441% / Loss: 0.3884 / Grad Norm: 1.5730 / Grad Diff: 1056.0049 / Time: 9.19s
======================================================================================================

round 188 local learning rate = 5.319148936170213e-05

>>> Round:  189 / Acc: 87.496% / Loss: 0.3878 / Grad Norm: 1.4869 / Grad Diff: 1053.1081 / Time: 7.66s
======================================================================================================

round 189 local learning rate = 5.291005291005291e-05

>>> Round:  190 / Acc: 87.502% / Loss: 0.3873 / Grad Norm: 1.5127 / Grad Diff: 1052.6223 / Time: 7.82s
======================================================================================================

= Test = round: 190 / acc: 88.420% / loss: 0.3593 / Time: 0.64s
======================================================================================================

round 190 local learning rate = 5.2631578947368424e-05

>>> Round:  191 / Acc: 87.496% / Loss: 0.3868 / Grad Norm: 1.4959 / Grad Diff: 1051.2906 / Time: 7.60s
======================================================================================================

round 191 local learning rate = 5.2356020942408376e-05

>>> Round:  192 / Acc: 87.542% / Loss: 0.3863 / Grad Norm: 1.5039 / Grad Diff: 1050.3537 / Time: 7.85s
======================================================================================================

round 192 local learning rate = 5.208333333333334e-05

>>> Round:  193 / Acc: 87.566% / Loss: 0.3859 / Grad Norm: 1.5827 / Grad Diff: 1050.3599 / Time: 7.73s
======================================================================================================

round 193 local learning rate = 5.1813471502590674e-05

>>> Round:  194 / Acc: 87.572% / Loss: 0.3854 / Grad Norm: 1.5862 / Grad Diff: 1049.9619 / Time: 7.96s
======================================================================================================

round 194 local learning rate = 5.154639175257732e-05

>>> Round:  195 / Acc: 87.572% / Loss: 0.3850 / Grad Norm: 1.6529 / Grad Diff: 1050.0678 / Time: 7.68s
======================================================================================================

= Test = round: 195 / acc: 88.510% / loss: 0.3573 / Time: 0.66s
======================================================================================================

round 195 local learning rate = 5.1282051282051286e-05

>>> Round:  196 / Acc: 87.609% / Loss: 0.3845 / Grad Norm: 1.5859 / Grad Diff: 1047.6020 / Time: 8.23s
======================================================================================================

round 196 local learning rate = 5.102040816326531e-05

>>> Round:  197 / Acc: 87.629% / Loss: 0.3839 / Grad Norm: 1.5743 / Grad Diff: 1046.4850 / Time: 7.42s
======================================================================================================

round 197 local learning rate = 5.076142131979695e-05

>>> Round:  198 / Acc: 87.633% / Loss: 0.3835 / Grad Norm: 1.5291 / Grad Diff: 1045.3009 / Time: 7.47s
======================================================================================================

round 198 local learning rate = 5.0505050505050505e-05

>>> Round:  199 / Acc: 87.638% / Loss: 0.3831 / Grad Norm: 1.5646 / Grad Diff: 1044.8771 / Time: 7.59s
======================================================================================================

round 199 local learning rate = 5.0251256281407036e-05

>>> Round:  200 / Acc: 87.657% / Loss: 0.3826 / Grad Norm: 1.5801 / Grad Diff: 1043.9115 / Time: 7.77s
======================================================================================================

= Test = round: 200 / acc: 88.610% / loss: 0.3551 / Time: 0.63s
======================================================================================================

