nohup: ignoring input
Using device: cuda:0
>>> Arguments:
	             algo : fedavgtl
	            alpha : 51871.0
	       batch_size : 32
	clients_per_round : 100
	          dataset : mnist_all_data_1_equal_niid
	           device : cuda:0
	              dis : 
	   early_stopping : 20
	       eval_every : 5
	    ft_batch_size : 128
	       ft_dataset : mnist-m
	        ft_epochs : 2
	            ft_lr : 0.01
	            ft_wd : 0.0
	              gpu : True
	      input_shape : (1, 28, 28)
	           last_k : 2
	               lr : 0.01
	            model : lenet
	           n_init : 5
	        noaverage : False
	          noprint : False
	        num_class : 10
	        num_epoch : 1
	        num_round : 200
	           opt_lr : False
	            reg_J : False
	       reg_J_coef : 0.0
	             seed : 0
	               wd : 0.0
>>> Read data from:
     ./data/mnist/data/all_data_1.pkl
>>> The estimate of constant alpha is 51871.0.
>>> Read data from:
     ./data/mnist/data/train/all_data_1_equal_niid.pkl
     ./data/mnist/data/test/all_data_1_equal_niid.pkl
>>> Use gpu on device cuda:0
>>> Model statistic per layer
LeNet_MNIST(
  286.12 KMac, 100.000% MACs, 
  (conv1): Conv2d(89.856 KMac, 31.405% MACs, 1, 6, kernel_size=(5, 5), stride=(1, 1))
  (conv2): Conv2d(154.624 KMac, 54.042% MACs, 6, 16, kernel_size=(5, 5), stride=(1, 1))
  (fc1): Linear(30.72 KMac, 10.737% MACs, in_features=256, out_features=120, bias=True)
  (fc2): Linear(10.08 KMac, 3.523% MACs, in_features=120, out_features=84, bias=True)
  (fc3): Linear(840.0 Mac, 0.294% MACs, in_features=84, out_features=10, bias=True)
)
>>> Activate a worker for training
>>> Initialize 100 clients in total
>>> Weigh updates by simple average
>>> Select 100 clients per round 


>>> Round:    0 / Acc: 5.142% / Loss: 12.5465 / Grad Norm: 189.5792 / Grad Diff: 80292.1656 / Time: 7.49s
======================================================================================================

= Test = round: 0 / acc: 5.000% / loss: 12.5774 / Time: 0.62s
======================================================================================================

round 0 local learning rate = 0.01

>>> Round:    1 / Acc: 12.725% / Loss: 2.3075 / Grad Norm: 1.2919 / Grad Diff: 18.2842 / Time: 7.87s
======================================================================================================

round 1 local learning rate = 0.01

>>> Round:    2 / Acc: 19.162% / Loss: 2.1854 / Grad Norm: 2.4581 / Grad Diff: 68.3197 / Time: 7.82s
======================================================================================================

round 2 local learning rate = 0.005

>>> Round:    3 / Acc: 28.399% / Loss: 1.9761 / Grad Norm: 5.6977 / Grad Diff: 412.0196 / Time: 7.02s
======================================================================================================

round 3 local learning rate = 0.0033333333333333335

>>> Round:    4 / Acc: 36.435% / Loss: 1.7919 / Grad Norm: 8.0815 / Grad Diff: 855.4730 / Time: 7.57s
======================================================================================================

round 4 local learning rate = 0.0025

>>> Round:    5 / Acc: 44.256% / Loss: 1.6063 / Grad Norm: 7.9555 / Grad Diff: 1067.9809 / Time: 7.78s
======================================================================================================

= Test = round: 5 / acc: 45.550% / loss: 1.5609 / Time: 0.61s
======================================================================================================

round 5 local learning rate = 0.002

>>> Round:    6 / Acc: 50.404% / Loss: 1.4529 / Grad Norm: 7.3754 / Grad Diff: 1164.2630 / Time: 7.59s
======================================================================================================

round 6 local learning rate = 0.0016666666666666668

>>> Round:    7 / Acc: 54.934% / Loss: 1.3277 / Grad Norm: 6.6138 / Grad Diff: 1176.6198 / Time: 7.59s
======================================================================================================

round 7 local learning rate = 0.0014285714285714286

>>> Round:    8 / Acc: 58.506% / Loss: 1.2342 / Grad Norm: 6.4521 / Grad Diff: 1220.8575 / Time: 7.58s
======================================================================================================

round 8 local learning rate = 0.00125

>>> Round:    9 / Acc: 61.310% / Loss: 1.1537 / Grad Norm: 6.0492 / Grad Diff: 1208.6344 / Time: 7.75s
======================================================================================================

round 9 local learning rate = 0.0011111111111111111

>>> Round:   10 / Acc: 63.629% / Loss: 1.0908 / Grad Norm: 5.9195 / Grad Diff: 1219.5784 / Time: 7.46s
======================================================================================================

= Test = round: 10 / acc: 65.930% / loss: 1.0336 / Time: 0.61s
======================================================================================================

round 10 local learning rate = 0.001

>>> Round:   11 / Acc: 65.439% / Loss: 1.0371 / Grad Norm: 5.6200 / Grad Diff: 1214.5998 / Time: 7.63s
======================================================================================================

round 11 local learning rate = 0.0009090909090909091

>>> Round:   12 / Acc: 67.157% / Loss: 0.9899 / Grad Norm: 5.0426 / Grad Diff: 1199.0316 / Time: 7.56s
======================================================================================================

round 12 local learning rate = 0.0008333333333333334

>>> Round:   13 / Acc: 68.480% / Loss: 0.9522 / Grad Norm: 4.9404 / Grad Diff: 1198.6529 / Time: 7.88s
======================================================================================================

round 13 local learning rate = 0.0007692307692307692

>>> Round:   14 / Acc: 69.629% / Loss: 0.9196 / Grad Norm: 4.6641 / Grad Diff: 1198.9880 / Time: 7.74s
======================================================================================================

round 14 local learning rate = 0.0007142857142857143

>>> Round:   15 / Acc: 70.504% / Loss: 0.8911 / Grad Norm: 4.5486 / Grad Diff: 1199.5831 / Time: 7.60s
======================================================================================================

= Test = round: 15 / acc: 72.370% / loss: 0.8323 / Time: 0.61s
======================================================================================================

round 15 local learning rate = 0.0006666666666666666

>>> Round:   16 / Acc: 71.435% / Loss: 0.8657 / Grad Norm: 4.2899 / Grad Diff: 1195.9338 / Time: 7.58s
======================================================================================================

round 16 local learning rate = 0.000625

>>> Round:   17 / Acc: 72.201% / Loss: 0.8439 / Grad Norm: 4.2584 / Grad Diff: 1199.4490 / Time: 7.62s
======================================================================================================

round 17 local learning rate = 0.0005882352941176471

>>> Round:   18 / Acc: 72.817% / Loss: 0.8248 / Grad Norm: 4.2229 / Grad Diff: 1205.4251 / Time: 7.75s
======================================================================================================

round 18 local learning rate = 0.0005555555555555556

>>> Round:   19 / Acc: 73.476% / Loss: 0.8060 / Grad Norm: 3.9835 / Grad Diff: 1200.6033 / Time: 7.77s
======================================================================================================

round 19 local learning rate = 0.0005263157894736842

>>> Round:   20 / Acc: 74.083% / Loss: 0.7899 / Grad Norm: 3.9144 / Grad Diff: 1200.0484 / Time: 7.61s
======================================================================================================

= Test = round: 20 / acc: 75.860% / loss: 0.7323 / Time: 0.62s
======================================================================================================

round 20 local learning rate = 0.0005

>>> Round:   21 / Acc: 74.596% / Loss: 0.7753 / Grad Norm: 3.8435 / Grad Diff: 1203.7757 / Time: 7.53s
======================================================================================================

round 21 local learning rate = 0.0004761904761904762

>>> Round:   22 / Acc: 75.065% / Loss: 0.7622 / Grad Norm: 3.8542 / Grad Diff: 1210.3951 / Time: 7.52s
======================================================================================================

round 22 local learning rate = 0.00045454545454545455

>>> Round:   23 / Acc: 75.483% / Loss: 0.7490 / Grad Norm: 3.6346 / Grad Diff: 1206.7870 / Time: 7.56s
======================================================================================================

round 23 local learning rate = 0.0004347826086956522

>>> Round:   24 / Acc: 75.814% / Loss: 0.7386 / Grad Norm: 3.8225 / Grad Diff: 1214.7233 / Time: 7.62s
======================================================================================================

round 24 local learning rate = 0.0004166666666666667

>>> Round:   25 / Acc: 76.127% / Loss: 0.7281 / Grad Norm: 3.7693 / Grad Diff: 1219.2500 / Time: 7.51s
======================================================================================================

= Test = round: 25 / acc: 77.730% / loss: 0.6721 / Time: 0.62s
======================================================================================================

round 25 local learning rate = 0.0004

>>> Round:   26 / Acc: 76.387% / Loss: 0.7188 / Grad Norm: 3.8423 / Grad Diff: 1228.1829 / Time: 7.82s
======================================================================================================

round 26 local learning rate = 0.0003846153846153846

>>> Round:   27 / Acc: 76.692% / Loss: 0.7092 / Grad Norm: 3.7629 / Grad Diff: 1230.8547 / Time: 7.66s
======================================================================================================

round 27 local learning rate = 0.00037037037037037035

>>> Round:   28 / Acc: 76.919% / Loss: 0.7003 / Grad Norm: 3.7418 / Grad Diff: 1235.5198 / Time: 7.59s
======================================================================================================

round 28 local learning rate = 0.00035714285714285714

>>> Round:   29 / Acc: 77.231% / Loss: 0.6914 / Grad Norm: 3.5240 / Grad Diff: 1232.8227 / Time: 7.79s
======================================================================================================

round 29 local learning rate = 0.0003448275862068966

>>> Round:   30 / Acc: 77.530% / Loss: 0.6835 / Grad Norm: 3.4103 / Grad Diff: 1236.2446 / Time: 7.79s
======================================================================================================

= Test = round: 30 / acc: 78.940% / loss: 0.6286 / Time: 0.62s
======================================================================================================

round 30 local learning rate = 0.0003333333333333333

>>> Round:   31 / Acc: 77.788% / Loss: 0.6765 / Grad Norm: 3.4612 / Grad Diff: 1242.4606 / Time: 7.56s
======================================================================================================

round 31 local learning rate = 0.0003225806451612903

>>> Round:   32 / Acc: 78.028% / Loss: 0.6701 / Grad Norm: 3.6304 / Grad Diff: 1251.2014 / Time: 7.74s
======================================================================================================

round 32 local learning rate = 0.0003125

>>> Round:   33 / Acc: 78.251% / Loss: 0.6637 / Grad Norm: 3.5652 / Grad Diff: 1255.8683 / Time: 7.83s
======================================================================================================

round 33 local learning rate = 0.00030303030303030303

>>> Round:   34 / Acc: 78.446% / Loss: 0.6569 / Grad Norm: 3.4595 / Grad Diff: 1258.3361 / Time: 7.79s
======================================================================================================

round 34 local learning rate = 0.00029411764705882356

>>> Round:   35 / Acc: 78.625% / Loss: 0.6502 / Grad Norm: 3.2207 / Grad Diff: 1257.6840 / Time: 7.72s
======================================================================================================

= Test = round: 35 / acc: 80.230% / loss: 0.5958 / Time: 0.61s
======================================================================================================

round 35 local learning rate = 0.00028571428571428574

>>> Round:   36 / Acc: 78.828% / Loss: 0.6448 / Grad Norm: 3.3978 / Grad Diff: 1265.0453 / Time: 7.69s
======================================================================================================

round 36 local learning rate = 0.0002777777777777778

>>> Round:   37 / Acc: 79.050% / Loss: 0.6388 / Grad Norm: 3.2337 / Grad Diff: 1265.4919 / Time: 7.94s
======================================================================================================

round 37 local learning rate = 0.0002702702702702703

>>> Round:   38 / Acc: 79.247% / Loss: 0.6338 / Grad Norm: 3.3012 / Grad Diff: 1271.8070 / Time: 7.79s
======================================================================================================

round 38 local learning rate = 0.0002631578947368421

>>> Round:   39 / Acc: 79.402% / Loss: 0.6292 / Grad Norm: 3.4602 / Grad Diff: 1281.6544 / Time: 7.85s
======================================================================================================

round 39 local learning rate = 0.0002564102564102564

>>> Round:   40 / Acc: 79.552% / Loss: 0.6245 / Grad Norm: 3.4335 / Grad Diff: 1286.3353 / Time: 7.91s
======================================================================================================

= Test = round: 40 / acc: 81.050% / loss: 0.5701 / Time: 0.63s
======================================================================================================

round 40 local learning rate = 0.00025

>>> Round:   41 / Acc: 79.683% / Loss: 0.6194 / Grad Norm: 3.3278 / Grad Diff: 1286.5077 / Time: 7.58s
======================================================================================================

round 41 local learning rate = 0.00024390243902439024

>>> Round:   42 / Acc: 79.876% / Loss: 0.6149 / Grad Norm: 3.2509 / Grad Diff: 1288.8812 / Time: 7.90s
======================================================================================================

round 42 local learning rate = 0.0002380952380952381

>>> Round:   43 / Acc: 79.994% / Loss: 0.6107 / Grad Norm: 3.4373 / Grad Diff: 1295.3297 / Time: 7.84s
======================================================================================================

round 43 local learning rate = 0.00023255813953488373

>>> Round:   44 / Acc: 80.146% / Loss: 0.6067 / Grad Norm: 3.4076 / Grad Diff: 1299.2085 / Time: 7.74s
======================================================================================================

round 44 local learning rate = 0.00022727272727272727

>>> Round:   45 / Acc: 80.293% / Loss: 0.6027 / Grad Norm: 3.3991 / Grad Diff: 1304.9782 / Time: 7.79s
======================================================================================================

= Test = round: 45 / acc: 81.670% / loss: 0.5485 / Time: 0.62s
======================================================================================================

round 45 local learning rate = 0.00022222222222222223

>>> Round:   46 / Acc: 80.450% / Loss: 0.5983 / Grad Norm: 3.2075 / Grad Diff: 1304.2024 / Time: 7.52s
======================================================================================================

round 46 local learning rate = 0.0002173913043478261

>>> Round:   47 / Acc: 80.541% / Loss: 0.5946 / Grad Norm: 3.2479 / Grad Diff: 1307.1655 / Time: 7.67s
======================================================================================================

round 47 local learning rate = 0.0002127659574468085

>>> Round:   48 / Acc: 80.662% / Loss: 0.5911 / Grad Norm: 3.3025 / Grad Diff: 1315.2808 / Time: 7.90s
======================================================================================================

round 48 local learning rate = 0.00020833333333333335

>>> Round:   49 / Acc: 80.760% / Loss: 0.5881 / Grad Norm: 3.5538 / Grad Diff: 1325.2226 / Time: 7.81s
======================================================================================================

round 49 local learning rate = 0.00020408163265306123

>>> Round:   50 / Acc: 80.854% / Loss: 0.5843 / Grad Norm: 3.3832 / Grad Diff: 1324.5947 / Time: 7.74s
======================================================================================================

= Test = round: 50 / acc: 82.240% / loss: 0.5306 / Time: 0.62s
======================================================================================================

round 50 local learning rate = 0.0002

>>> Round:   51 / Acc: 80.980% / Loss: 0.5807 / Grad Norm: 3.2609 / Grad Diff: 1325.9417 / Time: 7.94s
======================================================================================================

round 51 local learning rate = 0.000196078431372549

>>> Round:   52 / Acc: 81.066% / Loss: 0.5771 / Grad Norm: 3.1029 / Grad Diff: 1326.3644 / Time: 7.90s
======================================================================================================

round 52 local learning rate = 0.0001923076923076923

>>> Round:   53 / Acc: 81.142% / Loss: 0.5740 / Grad Norm: 3.0415 / Grad Diff: 1331.2373 / Time: 7.74s
======================================================================================================

round 53 local learning rate = 0.00018867924528301886

>>> Round:   54 / Acc: 81.232% / Loss: 0.5713 / Grad Norm: 3.2655 / Grad Diff: 1339.1773 / Time: 7.80s
======================================================================================================

round 54 local learning rate = 0.00018518518518518518

>>> Round:   55 / Acc: 81.334% / Loss: 0.5680 / Grad Norm: 3.1367 / Grad Diff: 1340.0670 / Time: 8.02s
======================================================================================================

= Test = round: 55 / acc: 82.990% / loss: 0.5146 / Time: 0.66s
======================================================================================================

round 55 local learning rate = 0.00018181818181818183

>>> Round:   56 / Acc: 81.417% / Loss: 0.5651 / Grad Norm: 3.2006 / Grad Diff: 1342.8832 / Time: 8.21s
======================================================================================================

round 56 local learning rate = 0.00017857142857142857

>>> Round:   57 / Acc: 81.530% / Loss: 0.5623 / Grad Norm: 3.2139 / Grad Diff: 1347.9808 / Time: 8.40s
======================================================================================================

round 57 local learning rate = 0.00017543859649122808

>>> Round:   58 / Acc: 81.607% / Loss: 0.5598 / Grad Norm: 3.3358 / Grad Diff: 1354.9145 / Time: 8.08s
======================================================================================================

round 58 local learning rate = 0.0001724137931034483

>>> Round:   59 / Acc: 81.727% / Loss: 0.5574 / Grad Norm: 3.4875 / Grad Diff: 1360.3485 / Time: 8.18s
======================================================================================================

round 59 local learning rate = 0.00016949152542372882

>>> Round:   60 / Acc: 81.804% / Loss: 0.5545 / Grad Norm: 3.3526 / Grad Diff: 1361.2287 / Time: 7.50s
======================================================================================================

= Test = round: 60 / acc: 83.450% / loss: 0.5015 / Time: 0.65s
======================================================================================================

round 60 local learning rate = 0.00016666666666666666

>>> Round:   61 / Acc: 81.910% / Loss: 0.5519 / Grad Norm: 3.4076 / Grad Diff: 1366.4909 / Time: 8.14s
======================================================================================================

round 61 local learning rate = 0.0001639344262295082

>>> Round:   62 / Acc: 82.042% / Loss: 0.5489 / Grad Norm: 3.1442 / Grad Diff: 1361.8811 / Time: 7.65s
======================================================================================================

round 62 local learning rate = 0.00016129032258064516

>>> Round:   63 / Acc: 82.098% / Loss: 0.5468 / Grad Norm: 3.3474 / Grad Diff: 1368.9086 / Time: 7.83s
======================================================================================================

round 63 local learning rate = 0.00015873015873015873

>>> Round:   64 / Acc: 82.207% / Loss: 0.5442 / Grad Norm: 3.2625 / Grad Diff: 1369.2419 / Time: 7.75s
======================================================================================================

round 64 local learning rate = 0.00015625

>>> Round:   65 / Acc: 82.275% / Loss: 0.5421 / Grad Norm: 3.3897 / Grad Diff: 1375.5037 / Time: 7.74s
======================================================================================================

= Test = round: 65 / acc: 83.880% / loss: 0.4896 / Time: 0.60s
======================================================================================================

round 65 local learning rate = 0.00015384615384615385

>>> Round:   66 / Acc: 82.315% / Loss: 0.5401 / Grad Norm: 3.5289 / Grad Diff: 1382.7805 / Time: 7.88s
======================================================================================================

round 66 local learning rate = 0.00015151515151515152

>>> Round:   67 / Acc: 82.404% / Loss: 0.5374 / Grad Norm: 3.2950 / Grad Diff: 1379.6595 / Time: 7.77s
======================================================================================================

round 67 local learning rate = 0.00014925373134328358

>>> Round:   68 / Acc: 82.437% / Loss: 0.5355 / Grad Norm: 3.4454 / Grad Diff: 1386.0316 / Time: 7.64s
======================================================================================================

round 68 local learning rate = 0.00014705882352941178

>>> Round:   69 / Acc: 82.522% / Loss: 0.5330 / Grad Norm: 3.3210 / Grad Diff: 1385.4426 / Time: 7.59s
======================================================================================================

round 69 local learning rate = 0.00014492753623188405

>>> Round:   70 / Acc: 82.563% / Loss: 0.5312 / Grad Norm: 3.4812 / Grad Diff: 1392.1384 / Time: 7.67s
======================================================================================================

= Test = round: 70 / acc: 84.250% / loss: 0.4789 / Time: 0.61s
======================================================================================================

round 70 local learning rate = 0.00014285714285714287

>>> Round:   71 / Acc: 82.657% / Loss: 0.5291 / Grad Norm: 3.4925 / Grad Diff: 1394.5018 / Time: 7.91s
======================================================================================================

round 71 local learning rate = 0.00014084507042253522

>>> Round:   72 / Acc: 82.758% / Loss: 0.5264 / Grad Norm: 3.1425 / Grad Diff: 1388.8091 / Time: 7.84s
======================================================================================================

round 72 local learning rate = 0.0001388888888888889

>>> Round:   73 / Acc: 82.821% / Loss: 0.5248 / Grad Norm: 3.4168 / Grad Diff: 1396.7698 / Time: 7.81s
======================================================================================================

round 73 local learning rate = 0.000136986301369863

>>> Round:   74 / Acc: 82.899% / Loss: 0.5222 / Grad Norm: 3.0571 / Grad Diff: 1389.7718 / Time: 7.48s
======================================================================================================

round 74 local learning rate = 0.00013513513513513514

>>> Round:   75 / Acc: 82.939% / Loss: 0.5210 / Grad Norm: 3.4631 / Grad Diff: 1402.3530 / Time: 6.93s
======================================================================================================

= Test = round: 75 / acc: 84.480% / loss: 0.4691 / Time: 0.62s
======================================================================================================

round 75 local learning rate = 0.00013333333333333334

>>> Round:   76 / Acc: 83.011% / Loss: 0.5188 / Grad Norm: 3.2733 / Grad Diff: 1399.0793 / Time: 7.70s
======================================================================================================

round 76 local learning rate = 0.00013157894736842105

>>> Round:   77 / Acc: 83.068% / Loss: 0.5168 / Grad Norm: 3.1406 / Grad Diff: 1398.0129 / Time: 7.66s
======================================================================================================

round 77 local learning rate = 0.00012987012987012987

>>> Round:   78 / Acc: 83.157% / Loss: 0.5149 / Grad Norm: 3.1541 / Grad Diff: 1399.4636 / Time: 7.85s
======================================================================================================

round 78 local learning rate = 0.0001282051282051282

>>> Round:   79 / Acc: 83.203% / Loss: 0.5134 / Grad Norm: 3.3250 / Grad Diff: 1405.7250 / Time: 7.73s
======================================================================================================

round 79 local learning rate = 0.00012658227848101267

>>> Round:   80 / Acc: 83.260% / Loss: 0.5120 / Grad Norm: 3.4845 / Grad Diff: 1411.4624 / Time: 7.57s
======================================================================================================

= Test = round: 80 / acc: 84.730% / loss: 0.4605 / Time: 0.62s
======================================================================================================

round 80 local learning rate = 0.000125

>>> Round:   81 / Acc: 83.314% / Loss: 0.5100 / Grad Norm: 3.3071 / Grad Diff: 1409.7193 / Time: 7.79s
======================================================================================================

round 81 local learning rate = 0.0001234567901234568

>>> Round:   82 / Acc: 83.413% / Loss: 0.5079 / Grad Norm: 3.0412 / Grad Diff: 1405.7305 / Time: 7.58s
======================================================================================================

round 82 local learning rate = 0.00012195121951219512

>>> Round:   83 / Acc: 83.459% / Loss: 0.5063 / Grad Norm: 3.1465 / Grad Diff: 1409.6430 / Time: 8.09s
======================================================================================================

round 83 local learning rate = 0.00012048192771084338

>>> Round:   84 / Acc: 83.515% / Loss: 0.5044 / Grad Norm: 2.9472 / Grad Diff: 1406.2578 / Time: 7.95s
======================================================================================================

round 84 local learning rate = 0.00011904761904761905

>>> Round:   85 / Acc: 83.589% / Loss: 0.5027 / Grad Norm: 2.9284 / Grad Diff: 1406.5347 / Time: 7.69s
======================================================================================================

= Test = round: 85 / acc: 85.030% / loss: 0.4517 / Time: 0.61s
======================================================================================================

round 85 local learning rate = 0.00011764705882352942

>>> Round:   86 / Acc: 83.625% / Loss: 0.5014 / Grad Norm: 3.0470 / Grad Diff: 1412.6537 / Time: 7.68s
======================================================================================================

round 86 local learning rate = 0.00011627906976744187

>>> Round:   87 / Acc: 83.686% / Loss: 0.4999 / Grad Norm: 3.1352 / Grad Diff: 1415.7656 / Time: 7.63s
======================================================================================================

round 87 local learning rate = 0.00011494252873563218

>>> Round:   88 / Acc: 83.732% / Loss: 0.4984 / Grad Norm: 3.1511 / Grad Diff: 1418.2286 / Time: 7.73s
======================================================================================================

round 88 local learning rate = 0.00011363636363636364

>>> Round:   89 / Acc: 83.810% / Loss: 0.4969 / Grad Norm: 3.1939 / Grad Diff: 1419.1994 / Time: 7.58s
======================================================================================================

round 89 local learning rate = 0.00011235955056179776

>>> Round:   90 / Acc: 83.839% / Loss: 0.4956 / Grad Norm: 3.2354 / Grad Diff: 1422.8271 / Time: 7.56s
======================================================================================================

= Test = round: 90 / acc: 85.250% / loss: 0.4450 / Time: 0.64s
======================================================================================================

round 90 local learning rate = 0.00011111111111111112

>>> Round:   91 / Acc: 83.886% / Loss: 0.4943 / Grad Norm: 3.3383 / Grad Diff: 1425.3586 / Time: 7.90s
======================================================================================================

round 91 local learning rate = 0.00010989010989010989

>>> Round:   92 / Acc: 83.902% / Loss: 0.4926 / Grad Norm: 3.1617 / Grad Diff: 1423.6459 / Time: 7.83s
======================================================================================================

round 92 local learning rate = 0.00010869565217391305

>>> Round:   93 / Acc: 83.945% / Loss: 0.4912 / Grad Norm: 3.1424 / Grad Diff: 1426.2491 / Time: 7.68s
======================================================================================================

round 93 local learning rate = 0.00010752688172043011

>>> Round:   94 / Acc: 83.967% / Loss: 0.4902 / Grad Norm: 3.4091 / Grad Diff: 1434.4598 / Time: 7.55s
======================================================================================================

round 94 local learning rate = 0.00010638297872340425

>>> Round:   95 / Acc: 84.052% / Loss: 0.4881 / Grad Norm: 2.9326 / Grad Diff: 1424.5002 / Time: 7.58s
======================================================================================================

= Test = round: 95 / acc: 85.490% / loss: 0.4380 / Time: 0.62s
======================================================================================================

round 95 local learning rate = 0.00010526315789473685

>>> Round:   96 / Acc: 84.096% / Loss: 0.4867 / Grad Norm: 2.9299 / Grad Diff: 1425.5967 / Time: 7.50s
======================================================================================================

round 96 local learning rate = 0.00010416666666666667

>>> Round:   97 / Acc: 84.107% / Loss: 0.4857 / Grad Norm: 3.1583 / Grad Diff: 1433.2288 / Time: 8.64s
======================================================================================================

round 97 local learning rate = 0.00010309278350515464

>>> Round:   98 / Acc: 84.135% / Loss: 0.4847 / Grad Norm: 3.3064 / Grad Diff: 1438.1339 / Time: 8.65s
======================================================================================================

round 98 local learning rate = 0.00010204081632653062

>>> Round:   99 / Acc: 84.181% / Loss: 0.4833 / Grad Norm: 3.2792 / Grad Diff: 1437.7428 / Time: 7.54s
======================================================================================================

round 99 local learning rate = 0.00010101010101010101

>>> Round:  100 / Acc: 84.229% / Loss: 0.4818 / Grad Norm: 3.1526 / Grad Diff: 1435.0700 / Time: 7.91s
======================================================================================================

= Test = round: 100 / acc: 85.740% / loss: 0.4319 / Time: 0.65s
======================================================================================================

round 100 local learning rate = 0.0001

>>> Round:  101 / Acc: 84.319% / Loss: 0.4805 / Grad Norm: 3.1343 / Grad Diff: 1436.9052 / Time: 7.78s
======================================================================================================

round 101 local learning rate = 9.900990099009902e-05

>>> Round:  102 / Acc: 84.339% / Loss: 0.4792 / Grad Norm: 2.9971 / Grad Diff: 1435.3547 / Time: 8.10s
======================================================================================================

round 102 local learning rate = 9.80392156862745e-05

>>> Round:  103 / Acc: 84.435% / Loss: 0.4776 / Grad Norm: 2.7500 / Grad Diff: 1431.0723 / Time: 7.87s
======================================================================================================

round 103 local learning rate = 9.70873786407767e-05

>>> Round:  104 / Acc: 84.441% / Loss: 0.4766 / Grad Norm: 2.9187 / Grad Diff: 1437.2845 / Time: 7.96s
======================================================================================================

round 104 local learning rate = 9.615384615384615e-05

>>> Round:  105 / Acc: 84.482% / Loss: 0.4754 / Grad Norm: 2.9296 / Grad Diff: 1437.9858 / Time: 7.68s
======================================================================================================

= Test = round: 105 / acc: 85.870% / loss: 0.4259 / Time: 0.61s
======================================================================================================

round 105 local learning rate = 9.523809523809524e-05

>>> Round:  106 / Acc: 84.513% / Loss: 0.4744 / Grad Norm: 2.9870 / Grad Diff: 1440.7155 / Time: 7.83s
======================================================================================================

round 106 local learning rate = 9.433962264150943e-05

>>> Round:  107 / Acc: 84.520% / Loss: 0.4735 / Grad Norm: 3.1779 / Grad Diff: 1446.2264 / Time: 7.68s
======================================================================================================

round 107 local learning rate = 9.345794392523364e-05

>>> Round:  108 / Acc: 84.548% / Loss: 0.4724 / Grad Norm: 3.1703 / Grad Diff: 1447.0580 / Time: 7.73s
======================================================================================================

round 108 local learning rate = 9.259259259259259e-05

>>> Round:  109 / Acc: 84.618% / Loss: 0.4709 / Grad Norm: 2.9991 / Grad Diff: 1443.0333 / Time: 7.83s
======================================================================================================

round 109 local learning rate = 9.174311926605505e-05

>>> Round:  110 / Acc: 84.659% / Loss: 0.4696 / Grad Norm: 2.7581 / Grad Diff: 1440.2636 / Time: 7.71s
======================================================================================================

= Test = round: 110 / acc: 86.150% / loss: 0.4201 / Time: 0.62s
======================================================================================================

round 110 local learning rate = 9.090909090909092e-05

>>> Round:  111 / Acc: 84.681% / Loss: 0.4685 / Grad Norm: 2.7888 / Grad Diff: 1441.8592 / Time: 7.55s
======================================================================================================

round 111 local learning rate = 9.009009009009009e-05

>>> Round:  112 / Acc: 84.712% / Loss: 0.4676 / Grad Norm: 2.8511 / Grad Diff: 1444.7325 / Time: 8.32s
======================================================================================================

round 112 local learning rate = 8.928571428571429e-05

>>> Round:  113 / Acc: 84.762% / Loss: 0.4664 / Grad Norm: 2.8483 / Grad Diff: 1444.8407 / Time: 7.75s
======================================================================================================

round 113 local learning rate = 8.849557522123894e-05

>>> Round:  114 / Acc: 84.749% / Loss: 0.4657 / Grad Norm: 3.0826 / Grad Diff: 1452.8626 / Time: 7.59s
======================================================================================================

round 114 local learning rate = 8.771929824561404e-05

>>> Round:  115 / Acc: 84.804% / Loss: 0.4646 / Grad Norm: 3.0292 / Grad Diff: 1451.2701 / Time: 7.70s
======================================================================================================

= Test = round: 115 / acc: 86.270% / loss: 0.4154 / Time: 0.68s
======================================================================================================

round 115 local learning rate = 8.695652173913044e-05

>>> Round:  116 / Acc: 84.814% / Loss: 0.4638 / Grad Norm: 3.1985 / Grad Diff: 1456.8437 / Time: 8.08s
======================================================================================================

round 116 local learning rate = 8.620689655172414e-05

>>> Round:  117 / Acc: 84.845% / Loss: 0.4626 / Grad Norm: 3.1077 / Grad Diff: 1455.1968 / Time: 6.99s
======================================================================================================

round 117 local learning rate = 8.547008547008547e-05

>>> Round:  118 / Acc: 84.886% / Loss: 0.4616 / Grad Norm: 3.1122 / Grad Diff: 1456.4496 / Time: 7.63s
======================================================================================================

round 118 local learning rate = 8.474576271186441e-05

>>> Round:  119 / Acc: 84.910% / Loss: 0.4603 / Grad Norm: 2.8988 / Grad Diff: 1452.1264 / Time: 7.66s
======================================================================================================

round 119 local learning rate = 8.403361344537815e-05

>>> Round:  120 / Acc: 84.943% / Loss: 0.4593 / Grad Norm: 2.8638 / Grad Diff: 1452.1222 / Time: 7.85s
======================================================================================================

= Test = round: 120 / acc: 86.400% / loss: 0.4104 / Time: 0.66s
======================================================================================================

round 120 local learning rate = 8.333333333333333e-05

>>> Round:  121 / Acc: 84.974% / Loss: 0.4584 / Grad Norm: 2.9577 / Grad Diff: 1456.1686 / Time: 7.96s
======================================================================================================

round 121 local learning rate = 8.264462809917356e-05

>>> Round:  122 / Acc: 84.974% / Loss: 0.4576 / Grad Norm: 3.0473 / Grad Diff: 1459.0475 / Time: 8.22s
======================================================================================================

round 122 local learning rate = 8.19672131147541e-05

>>> Round:  123 / Acc: 85.039% / Loss: 0.4566 / Grad Norm: 2.9607 / Grad Diff: 1458.3044 / Time: 7.61s
======================================================================================================

round 123 local learning rate = 8.130081300813008e-05

>>> Round:  124 / Acc: 85.050% / Loss: 0.4558 / Grad Norm: 3.0788 / Grad Diff: 1461.2925 / Time: 8.02s
======================================================================================================

round 124 local learning rate = 8.064516129032258e-05

>>> Round:  125 / Acc: 85.089% / Loss: 0.4549 / Grad Norm: 3.1959 / Grad Diff: 1465.1922 / Time: 7.90s
======================================================================================================

= Test = round: 125 / acc: 86.640% / loss: 0.4064 / Time: 0.61s
======================================================================================================

round 125 local learning rate = 8e-05

>>> Round:  126 / Acc: 85.149% / Loss: 0.4539 / Grad Norm: 3.0861 / Grad Diff: 1463.1171 / Time: 7.92s
======================================================================================================

round 126 local learning rate = 7.936507936507937e-05

>>> Round:  127 / Acc: 85.168% / Loss: 0.4533 / Grad Norm: 3.2937 / Grad Diff: 1470.2924 / Time: 7.88s
======================================================================================================

round 127 local learning rate = 7.874015748031496e-05

>>> Round:  128 / Acc: 85.199% / Loss: 0.4525 / Grad Norm: 3.3761 / Grad Diff: 1473.2667 / Time: 7.71s
======================================================================================================

round 128 local learning rate = 7.8125e-05

>>> Round:  129 / Acc: 85.231% / Loss: 0.4512 / Grad Norm: 3.1413 / Grad Diff: 1467.4532 / Time: 7.54s
======================================================================================================

round 129 local learning rate = 7.751937984496124e-05

>>> Round:  130 / Acc: 85.253% / Loss: 0.4505 / Grad Norm: 3.2311 / Grad Diff: 1470.2561 / Time: 8.27s
======================================================================================================

= Test = round: 130 / acc: 86.720% / loss: 0.4023 / Time: 0.64s
======================================================================================================

round 130 local learning rate = 7.692307692307693e-05

>>> Round:  131 / Acc: 85.321% / Loss: 0.4492 / Grad Norm: 2.9238 / Grad Diff: 1464.1828 / Time: 7.48s
======================================================================================================

round 131 local learning rate = 7.633587786259542e-05

>>> Round:  132 / Acc: 85.334% / Loss: 0.4483 / Grad Norm: 2.9590 / Grad Diff: 1465.3323 / Time: 7.69s
======================================================================================================

round 132 local learning rate = 7.575757575757576e-05

>>> Round:  133 / Acc: 85.321% / Loss: 0.4477 / Grad Norm: 3.0745 / Grad Diff: 1469.6346 / Time: 7.92s
======================================================================================================

round 133 local learning rate = 7.518796992481203e-05

>>> Round:  134 / Acc: 85.380% / Loss: 0.4468 / Grad Norm: 3.0452 / Grad Diff: 1469.0630 / Time: 8.70s
======================================================================================================

round 134 local learning rate = 7.462686567164179e-05

>>> Round:  135 / Acc: 85.426% / Loss: 0.4460 / Grad Norm: 3.0525 / Grad Diff: 1469.7987 / Time: 7.81s
======================================================================================================

= Test = round: 135 / acc: 86.850% / loss: 0.3981 / Time: 0.84s
======================================================================================================

round 135 local learning rate = 7.407407407407407e-05

>>> Round:  136 / Acc: 85.443% / Loss: 0.4449 / Grad Norm: 2.9352 / Grad Diff: 1467.3007 / Time: 8.10s
======================================================================================================

round 136 local learning rate = 7.352941176470589e-05

>>> Round:  137 / Acc: 85.482% / Loss: 0.4442 / Grad Norm: 3.0388 / Grad Diff: 1470.1784 / Time: 7.82s
======================================================================================================

round 137 local learning rate = 7.299270072992701e-05

>>> Round:  138 / Acc: 85.530% / Loss: 0.4433 / Grad Norm: 2.9955 / Grad Diff: 1469.4307 / Time: 7.72s
======================================================================================================

round 138 local learning rate = 7.246376811594203e-05

>>> Round:  139 / Acc: 85.509% / Loss: 0.4427 / Grad Norm: 3.0750 / Grad Diff: 1471.6482 / Time: 7.97s
======================================================================================================

round 139 local learning rate = 7.194244604316547e-05

>>> Round:  140 / Acc: 85.539% / Loss: 0.4420 / Grad Norm: 3.2277 / Grad Diff: 1476.4431 / Time: 7.86s
======================================================================================================

= Test = round: 140 / acc: 87.020% / loss: 0.3944 / Time: 0.62s
======================================================================================================

round 140 local learning rate = 7.142857142857143e-05

>>> Round:  141 / Acc: 85.572% / Loss: 0.4410 / Grad Norm: 3.0998 / Grad Diff: 1472.9462 / Time: 7.70s
======================================================================================================

round 141 local learning rate = 7.092198581560284e-05

>>> Round:  142 / Acc: 85.601% / Loss: 0.4403 / Grad Norm: 3.1549 / Grad Diff: 1475.6453 / Time: 7.54s
======================================================================================================

round 142 local learning rate = 7.042253521126761e-05

>>> Round:  143 / Acc: 85.622% / Loss: 0.4397 / Grad Norm: 3.2511 / Grad Diff: 1478.3381 / Time: 6.81s
======================================================================================================

round 143 local learning rate = 6.993006993006993e-05

>>> Round:  144 / Acc: 85.670% / Loss: 0.4389 / Grad Norm: 3.2676 / Grad Diff: 1477.2027 / Time: 7.66s
======================================================================================================

round 144 local learning rate = 6.944444444444444e-05

>>> Round:  145 / Acc: 85.681% / Loss: 0.4379 / Grad Norm: 3.0919 / Grad Diff: 1473.9397 / Time: 8.49s
======================================================================================================

= Test = round: 145 / acc: 87.200% / loss: 0.3907 / Time: 0.62s
======================================================================================================

round 145 local learning rate = 6.896551724137931e-05

>>> Round:  146 / Acc: 85.727% / Loss: 0.4371 / Grad Norm: 3.0206 / Grad Diff: 1472.5252 / Time: 7.72s
======================================================================================================

round 146 local learning rate = 6.84931506849315e-05

>>> Round:  147 / Acc: 85.727% / Loss: 0.4366 / Grad Norm: 3.2508 / Grad Diff: 1479.5401 / Time: 7.83s
======================================================================================================

round 147 local learning rate = 6.802721088435374e-05

>>> Round:  148 / Acc: 85.756% / Loss: 0.4356 / Grad Norm: 3.0726 / Grad Diff: 1474.0832 / Time: 7.30s
======================================================================================================

round 148 local learning rate = 6.756756756756757e-05

>>> Round:  149 / Acc: 85.782% / Loss: 0.4349 / Grad Norm: 3.1331 / Grad Diff: 1476.0618 / Time: 7.79s
======================================================================================================

round 149 local learning rate = 6.711409395973155e-05

>>> Round:  150 / Acc: 85.797% / Loss: 0.4342 / Grad Norm: 3.1381 / Grad Diff: 1476.6578 / Time: 8.55s
======================================================================================================

= Test = round: 150 / acc: 87.310% / loss: 0.3871 / Time: 0.63s
======================================================================================================

round 150 local learning rate = 6.666666666666667e-05

>>> Round:  151 / Acc: 85.797% / Loss: 0.4335 / Grad Norm: 3.2046 / Grad Diff: 1478.7041 / Time: 7.71s
======================================================================================================

round 151 local learning rate = 6.622516556291391e-05

>>> Round:  152 / Acc: 85.839% / Loss: 0.4326 / Grad Norm: 3.0863 / Grad Diff: 1475.5421 / Time: 7.65s
======================================================================================================

round 152 local learning rate = 6.578947368421052e-05

>>> Round:  153 / Acc: 85.869% / Loss: 0.4318 / Grad Norm: 2.9628 / Grad Diff: 1472.4926 / Time: 7.68s
======================================================================================================

round 153 local learning rate = 6.535947712418301e-05

>>> Round:  154 / Acc: 85.913% / Loss: 0.4310 / Grad Norm: 2.9318 / Grad Diff: 1472.7947 / Time: 8.00s
======================================================================================================

round 154 local learning rate = 6.493506493506494e-05

>>> Round:  155 / Acc: 85.941% / Loss: 0.4303 / Grad Norm: 2.8253 / Grad Diff: 1470.9099 / Time: 7.87s
======================================================================================================

= Test = round: 155 / acc: 87.450% / loss: 0.3835 / Time: 0.66s
======================================================================================================

round 155 local learning rate = 6.451612903225807e-05

>>> Round:  156 / Acc: 85.952% / Loss: 0.4298 / Grad Norm: 2.9681 / Grad Diff: 1475.5115 / Time: 7.97s
======================================================================================================

round 156 local learning rate = 6.41025641025641e-05

>>> Round:  157 / Acc: 85.991% / Loss: 0.4292 / Grad Norm: 3.0297 / Grad Diff: 1477.8938 / Time: 7.70s
======================================================================================================

round 157 local learning rate = 6.369426751592357e-05

>>> Round:  158 / Acc: 86.011% / Loss: 0.4283 / Grad Norm: 2.9068 / Grad Diff: 1474.4210 / Time: 7.44s
======================================================================================================

round 158 local learning rate = 6.329113924050633e-05

>>> Round:  159 / Acc: 86.066% / Loss: 0.4278 / Grad Norm: 3.0761 / Grad Diff: 1478.9260 / Time: 7.57s
======================================================================================================

round 159 local learning rate = 6.289308176100629e-05

>>> Round:  160 / Acc: 86.081% / Loss: 0.4270 / Grad Norm: 2.8809 / Grad Diff: 1474.5591 / Time: 7.85s
======================================================================================================

= Test = round: 160 / acc: 87.580% / loss: 0.3804 / Time: 0.62s
======================================================================================================

round 160 local learning rate = 6.25e-05

>>> Round:  161 / Acc: 86.098% / Loss: 0.4263 / Grad Norm: 2.9542 / Grad Diff: 1476.6898 / Time: 7.86s
======================================================================================================

round 161 local learning rate = 6.211180124223603e-05

>>> Round:  162 / Acc: 86.118% / Loss: 0.4258 / Grad Norm: 3.0145 / Grad Diff: 1477.8502 / Time: 7.65s
======================================================================================================

round 162 local learning rate = 6.17283950617284e-05

>>> Round:  163 / Acc: 86.170% / Loss: 0.4252 / Grad Norm: 3.0357 / Grad Diff: 1478.4799 / Time: 7.91s
======================================================================================================

round 163 local learning rate = 6.134969325153375e-05

>>> Round:  164 / Acc: 86.172% / Loss: 0.4246 / Grad Norm: 3.2014 / Grad Diff: 1481.8919 / Time: 7.68s
======================================================================================================

round 164 local learning rate = 6.097560975609756e-05

>>> Round:  165 / Acc: 86.218% / Loss: 0.4238 / Grad Norm: 3.0430 / Grad Diff: 1477.3325 / Time: 7.72s
======================================================================================================

= Test = round: 165 / acc: 87.760% / loss: 0.3774 / Time: 0.63s
======================================================================================================

round 165 local learning rate = 6.0606060606060605e-05

>>> Round:  166 / Acc: 86.242% / Loss: 0.4231 / Grad Norm: 2.9420 / Grad Diff: 1475.1494 / Time: 8.32s
======================================================================================================

round 166 local learning rate = 6.024096385542169e-05

>>> Round:  167 / Acc: 86.260% / Loss: 0.4223 / Grad Norm: 2.8505 / Grad Diff: 1472.8056 / Time: 8.00s
======================================================================================================

round 167 local learning rate = 5.988023952095808e-05

>>> Round:  168 / Acc: 86.275% / Loss: 0.4218 / Grad Norm: 2.9393 / Grad Diff: 1475.8051 / Time: 8.35s
======================================================================================================

round 168 local learning rate = 5.9523809523809524e-05

>>> Round:  169 / Acc: 86.290% / Loss: 0.4212 / Grad Norm: 2.9498 / Grad Diff: 1476.0090 / Time: 8.31s
======================================================================================================

round 169 local learning rate = 5.9171597633136094e-05

>>> Round:  170 / Acc: 86.286% / Loss: 0.4206 / Grad Norm: 2.9867 / Grad Diff: 1477.0058 / Time: 7.77s
======================================================================================================

= Test = round: 170 / acc: 87.910% / loss: 0.3744 / Time: 0.65s
======================================================================================================

round 170 local learning rate = 5.882352941176471e-05

>>> Round:  171 / Acc: 86.288% / Loss: 0.4198 / Grad Norm: 2.8384 / Grad Diff: 1472.4418 / Time: 8.42s
======================================================================================================

round 171 local learning rate = 5.847953216374269e-05

>>> Round:  172 / Acc: 86.328% / Loss: 0.4191 / Grad Norm: 2.7987 / Grad Diff: 1470.1621 / Time: 7.98s
======================================================================================================

round 172 local learning rate = 5.8139534883720933e-05

>>> Round:  173 / Acc: 86.378% / Loss: 0.4185 / Grad Norm: 2.8565 / Grad Diff: 1470.8122 / Time: 7.69s
======================================================================================================

round 173 local learning rate = 5.7803468208092484e-05

>>> Round:  174 / Acc: 86.376% / Loss: 0.4179 / Grad Norm: 2.8571 / Grad Diff: 1471.7128 / Time: 7.78s
======================================================================================================

round 174 local learning rate = 5.747126436781609e-05

>>> Round:  175 / Acc: 86.386% / Loss: 0.4172 / Grad Norm: 2.7495 / Grad Diff: 1469.1282 / Time: 7.55s
======================================================================================================

= Test = round: 175 / acc: 88.050% / loss: 0.3712 / Time: 0.63s
======================================================================================================

round 175 local learning rate = 5.714285714285714e-05

>>> Round:  176 / Acc: 86.411% / Loss: 0.4168 / Grad Norm: 2.8834 / Grad Diff: 1472.3747 / Time: 7.71s
======================================================================================================

round 176 local learning rate = 5.681818181818182e-05

>>> Round:  177 / Acc: 86.435% / Loss: 0.4163 / Grad Norm: 2.9732 / Grad Diff: 1474.9268 / Time: 7.83s
======================================================================================================

round 177 local learning rate = 5.649717514124294e-05

>>> Round:  178 / Acc: 86.491% / Loss: 0.4156 / Grad Norm: 2.8634 / Grad Diff: 1471.9173 / Time: 7.72s
======================================================================================================

round 178 local learning rate = 5.617977528089888e-05

>>> Round:  179 / Acc: 86.494% / Loss: 0.4150 / Grad Norm: 2.8763 / Grad Diff: 1471.4557 / Time: 7.71s
======================================================================================================

round 179 local learning rate = 5.58659217877095e-05

>>> Round:  180 / Acc: 86.522% / Loss: 0.4144 / Grad Norm: 2.8565 / Grad Diff: 1470.9635 / Time: 7.78s
======================================================================================================

= Test = round: 180 / acc: 88.160% / loss: 0.3687 / Time: 0.64s
======================================================================================================

round 180 local learning rate = 5.555555555555556e-05

>>> Round:  181 / Acc: 86.552% / Loss: 0.4138 / Grad Norm: 2.8082 / Grad Diff: 1469.1299 / Time: 7.81s
======================================================================================================

round 181 local learning rate = 5.524861878453039e-05

>>> Round:  182 / Acc: 86.590% / Loss: 0.4132 / Grad Norm: 2.8108 / Grad Diff: 1469.3658 / Time: 7.80s
======================================================================================================

round 182 local learning rate = 5.4945054945054945e-05

>>> Round:  183 / Acc: 86.618% / Loss: 0.4127 / Grad Norm: 2.8066 / Grad Diff: 1468.9437 / Time: 7.58s
======================================================================================================

round 183 local learning rate = 5.46448087431694e-05

>>> Round:  184 / Acc: 86.603% / Loss: 0.4121 / Grad Norm: 2.7650 / Grad Diff: 1468.2349 / Time: 7.51s
======================================================================================================

round 184 local learning rate = 5.4347826086956524e-05

>>> Round:  185 / Acc: 86.631% / Loss: 0.4115 / Grad Norm: 2.7437 / Grad Diff: 1467.7308 / Time: 7.62s
======================================================================================================

= Test = round: 185 / acc: 88.260% / loss: 0.3658 / Time: 0.64s
======================================================================================================

round 185 local learning rate = 5.4054054054054054e-05

>>> Round:  186 / Acc: 86.657% / Loss: 0.4111 / Grad Norm: 2.8934 / Grad Diff: 1471.1263 / Time: 7.65s
======================================================================================================

round 186 local learning rate = 5.3763440860215054e-05

>>> Round:  187 / Acc: 86.677% / Loss: 0.4106 / Grad Norm: 2.9053 / Grad Diff: 1471.5656 / Time: 7.70s
======================================================================================================

round 187 local learning rate = 5.347593582887701e-05

>>> Round:  188 / Acc: 86.690% / Loss: 0.4098 / Grad Norm: 2.6787 / Grad Diff: 1465.3026 / Time: 7.67s
======================================================================================================

round 188 local learning rate = 5.319148936170213e-05

>>> Round:  189 / Acc: 86.729% / Loss: 0.4094 / Grad Norm: 2.8471 / Grad Diff: 1469.3913 / Time: 7.68s
======================================================================================================

round 189 local learning rate = 5.291005291005291e-05

>>> Round:  190 / Acc: 86.738% / Loss: 0.4088 / Grad Norm: 2.7193 / Grad Diff: 1465.9498 / Time: 7.64s
======================================================================================================

= Test = round: 190 / acc: 88.310% / loss: 0.3632 / Time: 0.67s
======================================================================================================

round 190 local learning rate = 5.2631578947368424e-05

>>> Round:  191 / Acc: 86.753% / Loss: 0.4084 / Grad Norm: 2.8305 / Grad Diff: 1468.9262 / Time: 7.73s
======================================================================================================

round 191 local learning rate = 5.2356020942408376e-05

>>> Round:  192 / Acc: 86.773% / Loss: 0.4079 / Grad Norm: 2.8675 / Grad Diff: 1469.4003 / Time: 7.83s
======================================================================================================

round 192 local learning rate = 5.208333333333334e-05

>>> Round:  193 / Acc: 86.777% / Loss: 0.4073 / Grad Norm: 2.8607 / Grad Diff: 1468.9399 / Time: 7.81s
======================================================================================================

round 193 local learning rate = 5.1813471502590674e-05

>>> Round:  194 / Acc: 86.780% / Loss: 0.4068 / Grad Norm: 2.8500 / Grad Diff: 1469.2872 / Time: 6.84s
======================================================================================================

round 194 local learning rate = 5.154639175257732e-05

>>> Round:  195 / Acc: 86.812% / Loss: 0.4066 / Grad Norm: 3.0652 / Grad Diff: 1474.8773 / Time: 7.32s
======================================================================================================

= Test = round: 195 / acc: 88.380% / loss: 0.3612 / Time: 0.61s
======================================================================================================

round 195 local learning rate = 5.1282051282051286e-05

>>> Round:  196 / Acc: 86.815% / Loss: 0.4063 / Grad Norm: 3.2724 / Grad Diff: 1480.1810 / Time: 7.57s
======================================================================================================

round 196 local learning rate = 5.102040816326531e-05

>>> Round:  197 / Acc: 86.873% / Loss: 0.4055 / Grad Norm: 2.9919 / Grad Diff: 1472.2700 / Time: 7.58s
======================================================================================================

round 197 local learning rate = 5.076142131979695e-05

>>> Round:  198 / Acc: 86.895% / Loss: 0.4049 / Grad Norm: 2.8910 / Grad Diff: 1469.2513 / Time: 7.63s
======================================================================================================

round 198 local learning rate = 5.0505050505050505e-05

>>> Round:  199 / Acc: 86.913% / Loss: 0.4042 / Grad Norm: 2.6967 / Grad Diff: 1464.3674 / Time: 7.54s
======================================================================================================

round 199 local learning rate = 5.0251256281407036e-05

>>> Round:  200 / Acc: 86.959% / Loss: 0.4035 / Grad Norm: 2.5612 / Grad Diff: 1460.0418 / Time: 7.58s
======================================================================================================

= Test = round: 200 / acc: 88.560% / loss: 0.3584 / Time: 0.64s
======================================================================================================

