nohup: ignoring input
Traceback (most recent call last):
  File "main_mnist_mnist_m.py", line 1, in <module>
    import numpy as np
  File "/home/chaopan2/miniconda3/envs/graph_unlearn/lib/python3.7/site-packages/numpy/__init__.py", line 150, in <module>
    from . import core
  File "/home/chaopan2/miniconda3/envs/graph_unlearn/lib/python3.7/site-packages/numpy/core/__init__.py", line 99, in <module>
    from . import _add_newdocs_scalars
  File "/home/chaopan2/miniconda3/envs/graph_unlearn/lib/python3.7/site-packages/numpy/core/_add_newdocs_scalars.py", line 9, in <module>
    import platform
  File "/home/chaopan2/miniconda3/envs/graph_unlearn/lib/python3.7/platform.py", line 116, in <module>
    import sys, os, re, subprocess
  File "/home/chaopan2/miniconda3/envs/graph_unlearn/lib/python3.7/subprocess.py", line 155, in <module>
    import threading
  File "<frozen importlib._bootstrap>", line 983, in _find_and_load
  File "<frozen importlib._bootstrap>", line 967, in _find_and_load_unlocked
  File "<frozen importlib._bootstrap>", line 677, in _load_unlocked
  File "<frozen importlib._bootstrap_external>", line 724, in exec_module
  File "<frozen importlib._bootstrap_external>", line 857, in get_code
  File "<frozen importlib._bootstrap_external>", line 525, in _compile_bytecode
KeyboardInterrupt
