nohup: ignoring input
Using device: cuda:0
>>> Arguments:
	             algo : fedavgtl
	            alpha : 51871.0
	       batch_size : 64
	clients_per_round : 100
	          dataset : mnist_all_data_1_equal_niid
	           device : cuda:0
	              dis : 
	   early_stopping : 20
	       eval_every : 5
	    ft_batch_size : 128
	       ft_dataset : mnist-m
	        ft_epochs : 2
	            ft_lr : 0.01
	            ft_wd : 0.0
	              gpu : True
	      input_shape : (1, 28, 28)
	           last_k : 2
	               lr : 0.01
	            model : lenet
	           n_init : 5
	        noaverage : False
	          noprint : False
	        num_class : 10
	        num_epoch : 1
	        num_round : 200
	           opt_lr : False
	            reg_J : False
	       reg_J_coef : 0.0
	             seed : 0
	               wd : 0.0
>>> Read data from:
     ./data/mnist/data/all_data_1.pkl
>>> The estimate of constant alpha is 51871.0.
>>> Read data from:
     ./data/mnist/data/train/all_data_1_equal_niid.pkl
     ./data/mnist/data/test/all_data_1_equal_niid.pkl
>>> Use gpu on device cuda:0
>>> Model statistic per layer
LeNet_MNIST(
  286.12 KMac, 100.000% MACs, 
  (conv1): Conv2d(89.856 KMac, 31.405% MACs, 1, 6, kernel_size=(5, 5), stride=(1, 1))
  (conv2): Conv2d(154.624 KMac, 54.042% MACs, 6, 16, kernel_size=(5, 5), stride=(1, 1))
  (fc1): Linear(30.72 KMac, 10.737% MACs, in_features=256, out_features=120, bias=True)
  (fc2): Linear(10.08 KMac, 3.523% MACs, in_features=120, out_features=84, bias=True)
  (fc3): Linear(840.0 Mac, 0.294% MACs, in_features=84, out_features=10, bias=True)
)
>>> Activate a worker for training
>>> Initialize 100 clients in total
>>> Weigh updates by simple average
>>> Select 100 clients per round 


>>> Round:    0 / Acc: 10.098% / Loss: 7.3884 / Grad Norm: 87.9971 / Grad Diff: 14838.8889 / Time: 8.30s
======================================================================================================

= Test = round: 0 / acc: 10.040% / loss: 7.2677 / Time: 0.70s
======================================================================================================

round 0 local learning rate = 0.01

>>> Round:    1 / Acc: 15.983% / Loss: 2.2709 / Grad Norm: 1.9407 / Grad Diff: 47.9546 / Time: 7.38s
======================================================================================================

round 1 local learning rate = 0.01

>>> Round:    2 / Acc: 29.173% / Loss: 2.0290 / Grad Norm: 3.2660 / Grad Diff: 152.0081 / Time: 6.36s
======================================================================================================

round 2 local learning rate = 0.005

>>> Round:    3 / Acc: 40.024% / Loss: 1.7459 / Grad Norm: 5.1161 / Grad Diff: 468.2513 / Time: 5.79s
======================================================================================================

round 3 local learning rate = 0.0033333333333333335

>>> Round:    4 / Acc: 48.638% / Loss: 1.5316 / Grad Norm: 5.4940 / Grad Diff: 706.6496 / Time: 5.74s
======================================================================================================

round 4 local learning rate = 0.0025

>>> Round:    5 / Acc: 54.362% / Loss: 1.3734 / Grad Norm: 5.1436 / Grad Diff: 840.6698 / Time: 6.50s
======================================================================================================

= Test = round: 5 / acc: 56.580% / loss: 1.3252 / Time: 0.50s
======================================================================================================

round 5 local learning rate = 0.002

>>> Round:    6 / Acc: 58.400% / Loss: 1.2590 / Grad Norm: 4.7971 / Grad Diff: 923.5472 / Time: 6.72s
======================================================================================================

round 6 local learning rate = 0.0016666666666666668

>>> Round:    7 / Acc: 61.467% / Loss: 1.1720 / Grad Norm: 4.5095 / Grad Diff: 977.8476 / Time: 6.36s
======================================================================================================

round 7 local learning rate = 0.0014285714285714286

>>> Round:    8 / Acc: 63.865% / Loss: 1.1035 / Grad Norm: 4.2850 / Grad Diff: 1015.2392 / Time: 6.37s
======================================================================================================

round 8 local learning rate = 0.00125

>>> Round:    9 / Acc: 65.729% / Loss: 1.0482 / Grad Norm: 4.1016 / Grad Diff: 1043.2227 / Time: 6.31s
======================================================================================================

round 9 local learning rate = 0.0011111111111111111

>>> Round:   10 / Acc: 67.290% / Loss: 1.0025 / Grad Norm: 3.9614 / Grad Diff: 1065.3210 / Time: 6.31s
======================================================================================================

= Test = round: 10 / acc: 69.530% / loss: 0.9512 / Time: 0.50s
======================================================================================================

round 10 local learning rate = 0.001

>>> Round:   11 / Acc: 68.708% / Loss: 0.9636 / Grad Norm: 3.8470 / Grad Diff: 1082.7278 / Time: 6.39s
======================================================================================================

round 11 local learning rate = 0.0009090909090909091

>>> Round:   12 / Acc: 69.906% / Loss: 0.9308 / Grad Norm: 3.8347 / Grad Diff: 1096.3404 / Time: 7.43s
======================================================================================================

round 12 local learning rate = 0.0008333333333333334

>>> Round:   13 / Acc: 70.828% / Loss: 0.9016 / Grad Norm: 3.7073 / Grad Diff: 1105.3113 / Time: 6.30s
======================================================================================================

round 13 local learning rate = 0.0007692307692307692

>>> Round:   14 / Acc: 71.648% / Loss: 0.8762 / Grad Norm: 3.6409 / Grad Diff: 1114.2816 / Time: 6.37s
======================================================================================================

round 14 local learning rate = 0.0007142857142857143

>>> Round:   15 / Acc: 72.399% / Loss: 0.8537 / Grad Norm: 3.4916 / Grad Diff: 1121.0881 / Time: 6.55s
======================================================================================================

= Test = round: 15 / acc: 74.320% / loss: 0.8008 / Time: 0.51s
======================================================================================================

round 15 local learning rate = 0.0006666666666666666

>>> Round:   16 / Acc: 73.066% / Loss: 0.8339 / Grad Norm: 3.4509 / Grad Diff: 1130.0327 / Time: 6.57s
======================================================================================================

round 16 local learning rate = 0.000625

>>> Round:   17 / Acc: 73.614% / Loss: 0.8155 / Grad Norm: 3.3976 / Grad Diff: 1133.2018 / Time: 7.40s
======================================================================================================

round 17 local learning rate = 0.0005882352941176471

>>> Round:   18 / Acc: 74.107% / Loss: 0.7992 / Grad Norm: 3.3901 / Grad Diff: 1137.9116 / Time: 6.43s
======================================================================================================

round 18 local learning rate = 0.0005555555555555556

>>> Round:   19 / Acc: 74.622% / Loss: 0.7844 / Grad Norm: 3.3798 / Grad Diff: 1142.7071 / Time: 6.45s
======================================================================================================

round 19 local learning rate = 0.0005263157894736842

>>> Round:   20 / Acc: 75.057% / Loss: 0.7703 / Grad Norm: 3.2773 / Grad Diff: 1144.4989 / Time: 6.57s
======================================================================================================

= Test = round: 20 / acc: 77.090% / loss: 0.7178 / Time: 0.51s
======================================================================================================

round 20 local learning rate = 0.0005

>>> Round:   21 / Acc: 75.459% / Loss: 0.7574 / Grad Norm: 3.1987 / Grad Diff: 1147.0943 / Time: 6.45s
======================================================================================================

round 21 local learning rate = 0.0004761904761904762

>>> Round:   22 / Acc: 75.777% / Loss: 0.7458 / Grad Norm: 3.2139 / Grad Diff: 1150.3941 / Time: 7.01s
======================================================================================================

round 22 local learning rate = 0.00045454545454545455

>>> Round:   23 / Acc: 76.120% / Loss: 0.7348 / Grad Norm: 3.1382 / Grad Diff: 1152.3124 / Time: 6.13s
======================================================================================================

round 23 local learning rate = 0.0004347826086956522

>>> Round:   24 / Acc: 76.467% / Loss: 0.7250 / Grad Norm: 3.2087 / Grad Diff: 1154.9489 / Time: 6.42s
======================================================================================================

round 24 local learning rate = 0.0004166666666666667

>>> Round:   25 / Acc: 76.812% / Loss: 0.7151 / Grad Norm: 3.1087 / Grad Diff: 1155.1241 / Time: 6.49s
======================================================================================================

= Test = round: 25 / acc: 78.910% / loss: 0.6633 / Time: 0.54s
======================================================================================================

round 25 local learning rate = 0.0004

>>> Round:   26 / Acc: 77.148% / Loss: 0.7061 / Grad Norm: 3.0929 / Grad Diff: 1156.0537 / Time: 6.55s
======================================================================================================

round 26 local learning rate = 0.0003846153846153846

>>> Round:   27 / Acc: 77.395% / Loss: 0.6976 / Grad Norm: 3.0169 / Grad Diff: 1157.8013 / Time: 6.52s
======================================================================================================

round 27 local learning rate = 0.00037037037037037035

>>> Round:   28 / Acc: 77.653% / Loss: 0.6897 / Grad Norm: 3.0633 / Grad Diff: 1158.2481 / Time: 5.89s
======================================================================================================

round 28 local learning rate = 0.00035714285714285714

>>> Round:   29 / Acc: 77.906% / Loss: 0.6819 / Grad Norm: 2.9979 / Grad Diff: 1157.8409 / Time: 6.07s
======================================================================================================

round 29 local learning rate = 0.0003448275862068966

>>> Round:   30 / Acc: 78.137% / Loss: 0.6745 / Grad Norm: 2.9486 / Grad Diff: 1157.1483 / Time: 6.17s
======================================================================================================

= Test = round: 30 / acc: 79.900% / loss: 0.6232 / Time: 0.50s
======================================================================================================

round 30 local learning rate = 0.0003333333333333333

>>> Round:   31 / Acc: 78.365% / Loss: 0.6676 / Grad Norm: 2.9250 / Grad Diff: 1156.0939 / Time: 6.32s
======================================================================================================

round 31 local learning rate = 0.0003225806451612903

>>> Round:   32 / Acc: 78.601% / Loss: 0.6610 / Grad Norm: 2.9040 / Grad Diff: 1155.8768 / Time: 6.45s
======================================================================================================

round 32 local learning rate = 0.0003125

>>> Round:   33 / Acc: 78.782% / Loss: 0.6548 / Grad Norm: 2.8977 / Grad Diff: 1155.1183 / Time: 6.33s
======================================================================================================

round 33 local learning rate = 0.00030303030303030303

>>> Round:   34 / Acc: 78.958% / Loss: 0.6489 / Grad Norm: 2.8947 / Grad Diff: 1155.6562 / Time: 5.79s
======================================================================================================

round 34 local learning rate = 0.00029411764705882356

>>> Round:   35 / Acc: 79.196% / Loss: 0.6431 / Grad Norm: 2.8172 / Grad Diff: 1154.3534 / Time: 6.50s
======================================================================================================

= Test = round: 35 / acc: 80.740% / loss: 0.5927 / Time: 0.52s
======================================================================================================

round 35 local learning rate = 0.00028571428571428574

>>> Round:   36 / Acc: 79.351% / Loss: 0.6377 / Grad Norm: 2.7703 / Grad Diff: 1153.9944 / Time: 7.22s
======================================================================================================

round 36 local learning rate = 0.0002777777777777778

>>> Round:   37 / Acc: 79.513% / Loss: 0.6325 / Grad Norm: 2.7559 / Grad Diff: 1153.3344 / Time: 6.52s
======================================================================================================

round 37 local learning rate = 0.0002702702702702703

>>> Round:   38 / Acc: 79.655% / Loss: 0.6279 / Grad Norm: 2.8312 / Grad Diff: 1153.2576 / Time: 6.47s
======================================================================================================

round 38 local learning rate = 0.0002631578947368421

>>> Round:   39 / Acc: 79.838% / Loss: 0.6230 / Grad Norm: 2.7660 / Grad Diff: 1152.4406 / Time: 6.35s
======================================================================================================

round 39 local learning rate = 0.0002564102564102564

>>> Round:   40 / Acc: 80.037% / Loss: 0.6184 / Grad Norm: 2.7658 / Grad Diff: 1150.9350 / Time: 6.30s
======================================================================================================

= Test = round: 40 / acc: 81.660% / loss: 0.5685 / Time: 0.49s
======================================================================================================

round 40 local learning rate = 0.00025

>>> Round:   41 / Acc: 80.185% / Loss: 0.6138 / Grad Norm: 2.6801 / Grad Diff: 1150.1041 / Time: 6.40s
======================================================================================================

round 41 local learning rate = 0.00024390243902439024

>>> Round:   42 / Acc: 80.339% / Loss: 0.6095 / Grad Norm: 2.6465 / Grad Diff: 1149.3905 / Time: 6.30s
======================================================================================================

round 42 local learning rate = 0.0002380952380952381

>>> Round:   43 / Acc: 80.482% / Loss: 0.6052 / Grad Norm: 2.5980 / Grad Diff: 1147.4899 / Time: 6.25s
======================================================================================================

round 43 local learning rate = 0.00023255813953488373

>>> Round:   44 / Acc: 80.631% / Loss: 0.6014 / Grad Norm: 2.6280 / Grad Diff: 1147.3972 / Time: 6.35s
======================================================================================================

round 44 local learning rate = 0.00022727272727272727

>>> Round:   45 / Acc: 80.756% / Loss: 0.5975 / Grad Norm: 2.6083 / Grad Diff: 1145.9864 / Time: 6.45s
======================================================================================================

= Test = round: 45 / acc: 82.300% / loss: 0.5482 / Time: 0.51s
======================================================================================================

round 45 local learning rate = 0.00022222222222222223

>>> Round:   46 / Acc: 80.847% / Loss: 0.5936 / Grad Norm: 2.5578 / Grad Diff: 1144.9346 / Time: 6.45s
======================================================================================================

round 46 local learning rate = 0.0002173913043478261

>>> Round:   47 / Acc: 80.958% / Loss: 0.5901 / Grad Norm: 2.5756 / Grad Diff: 1144.1631 / Time: 6.53s
======================================================================================================

round 47 local learning rate = 0.0002127659574468085

>>> Round:   48 / Acc: 81.092% / Loss: 0.5864 / Grad Norm: 2.5101 / Grad Diff: 1142.0907 / Time: 6.38s
======================================================================================================

round 48 local learning rate = 0.00020833333333333335

>>> Round:   49 / Acc: 81.196% / Loss: 0.5832 / Grad Norm: 2.5677 / Grad Diff: 1141.7338 / Time: 6.35s
======================================================================================================

round 49 local learning rate = 0.00020408163265306123

>>> Round:   50 / Acc: 81.284% / Loss: 0.5798 / Grad Norm: 2.5062 / Grad Diff: 1140.4331 / Time: 6.39s
======================================================================================================

= Test = round: 50 / acc: 82.860% / loss: 0.5312 / Time: 0.53s
======================================================================================================

round 50 local learning rate = 0.0002

>>> Round:   51 / Acc: 81.400% / Loss: 0.5765 / Grad Norm: 2.4626 / Grad Diff: 1138.8700 / Time: 6.96s
======================================================================================================

round 51 local learning rate = 0.000196078431372549

>>> Round:   52 / Acc: 81.507% / Loss: 0.5735 / Grad Norm: 2.4791 / Grad Diff: 1139.1047 / Time: 6.38s
======================================================================================================

round 52 local learning rate = 0.0001923076923076923

>>> Round:   53 / Acc: 81.603% / Loss: 0.5706 / Grad Norm: 2.4790 / Grad Diff: 1138.6407 / Time: 6.41s
======================================================================================================

round 53 local learning rate = 0.00018867924528301886

>>> Round:   54 / Acc: 81.723% / Loss: 0.5676 / Grad Norm: 2.4591 / Grad Diff: 1137.3384 / Time: 6.37s
======================================================================================================

round 54 local learning rate = 0.00018518518518518518

>>> Round:   55 / Acc: 81.808% / Loss: 0.5647 / Grad Norm: 2.4226 / Grad Diff: 1136.1252 / Time: 6.32s
======================================================================================================

= Test = round: 55 / acc: 83.360% / loss: 0.5167 / Time: 0.52s
======================================================================================================

round 55 local learning rate = 0.00018181818181818183

>>> Round:   56 / Acc: 81.876% / Loss: 0.5620 / Grad Norm: 2.4344 / Grad Diff: 1135.8970 / Time: 6.34s
======================================================================================================

round 56 local learning rate = 0.00017857142857142857

>>> Round:   57 / Acc: 81.972% / Loss: 0.5591 / Grad Norm: 2.3894 / Grad Diff: 1134.3074 / Time: 6.27s
======================================================================================================

round 57 local learning rate = 0.00017543859649122808

>>> Round:   58 / Acc: 82.054% / Loss: 0.5565 / Grad Norm: 2.3705 / Grad Diff: 1132.9577 / Time: 7.43s
======================================================================================================

round 58 local learning rate = 0.0001724137931034483

>>> Round:   59 / Acc: 82.124% / Loss: 0.5540 / Grad Norm: 2.4363 / Grad Diff: 1132.4888 / Time: 6.47s
======================================================================================================

round 59 local learning rate = 0.00016949152542372882

>>> Round:   60 / Acc: 82.185% / Loss: 0.5516 / Grad Norm: 2.4350 / Grad Diff: 1131.6795 / Time: 6.47s
======================================================================================================

= Test = round: 60 / acc: 83.640% / loss: 0.5044 / Time: 0.66s
======================================================================================================

round 60 local learning rate = 0.00016666666666666666

>>> Round:   61 / Acc: 82.268% / Loss: 0.5490 / Grad Norm: 2.3832 / Grad Diff: 1130.4066 / Time: 6.32s
======================================================================================================

round 61 local learning rate = 0.0001639344262295082

>>> Round:   62 / Acc: 82.371% / Loss: 0.5466 / Grad Norm: 2.3741 / Grad Diff: 1129.5551 / Time: 6.43s
======================================================================================================

round 62 local learning rate = 0.00016129032258064516

>>> Round:   63 / Acc: 82.430% / Loss: 0.5440 / Grad Norm: 2.2863 / Grad Diff: 1126.8108 / Time: 6.60s
======================================================================================================

round 63 local learning rate = 0.00015873015873015873

>>> Round:   64 / Acc: 82.470% / Loss: 0.5418 / Grad Norm: 2.3117 / Grad Diff: 1126.1021 / Time: 6.40s
======================================================================================================

round 64 local learning rate = 0.00015625

>>> Round:   65 / Acc: 82.552% / Loss: 0.5394 / Grad Norm: 2.2489 / Grad Diff: 1124.3038 / Time: 6.54s
======================================================================================================

= Test = round: 65 / acc: 83.900% / loss: 0.4930 / Time: 0.54s
======================================================================================================

round 65 local learning rate = 0.00015384615384615385

>>> Round:   66 / Acc: 82.620% / Loss: 0.5374 / Grad Norm: 2.3071 / Grad Diff: 1124.1336 / Time: 6.05s
======================================================================================================

round 66 local learning rate = 0.00015151515151515152

>>> Round:   67 / Acc: 82.703% / Loss: 0.5352 / Grad Norm: 2.2910 / Grad Diff: 1123.2136 / Time: 6.46s
======================================================================================================

round 67 local learning rate = 0.00014925373134328358

>>> Round:   68 / Acc: 82.801% / Loss: 0.5329 / Grad Norm: 2.2151 / Grad Diff: 1121.2603 / Time: 6.68s
======================================================================================================

round 68 local learning rate = 0.00014705882352941178

>>> Round:   69 / Acc: 82.858% / Loss: 0.5307 / Grad Norm: 2.1741 / Grad Diff: 1119.4331 / Time: 6.40s
======================================================================================================

round 69 local learning rate = 0.00014492753623188405

>>> Round:   70 / Acc: 82.921% / Loss: 0.5287 / Grad Norm: 2.1846 / Grad Diff: 1118.3489 / Time: 7.49s
======================================================================================================

= Test = round: 70 / acc: 84.220% / loss: 0.4830 / Time: 0.54s
======================================================================================================

round 70 local learning rate = 0.00014285714285714287

>>> Round:   71 / Acc: 82.976% / Loss: 0.5267 / Grad Norm: 2.1628 / Grad Diff: 1116.6679 / Time: 6.87s
======================================================================================================

round 71 local learning rate = 0.00014084507042253522

>>> Round:   72 / Acc: 83.048% / Loss: 0.5248 / Grad Norm: 2.1499 / Grad Diff: 1116.2407 / Time: 6.35s
======================================================================================================

round 72 local learning rate = 0.0001388888888888889

>>> Round:   73 / Acc: 83.101% / Loss: 0.5230 / Grad Norm: 2.1599 / Grad Diff: 1115.6490 / Time: 6.40s
======================================================================================================

round 73 local learning rate = 0.000136986301369863

>>> Round:   74 / Acc: 83.162% / Loss: 0.5211 / Grad Norm: 2.1684 / Grad Diff: 1114.5658 / Time: 6.39s
======================================================================================================

round 74 local learning rate = 0.00013513513513513514

>>> Round:   75 / Acc: 83.240% / Loss: 0.5193 / Grad Norm: 2.1718 / Grad Diff: 1113.1284 / Time: 7.95s
======================================================================================================

= Test = round: 75 / acc: 84.430% / loss: 0.4741 / Time: 0.53s
======================================================================================================

round 75 local learning rate = 0.00013333333333333334

>>> Round:   76 / Acc: 83.319% / Loss: 0.5174 / Grad Norm: 2.1390 / Grad Diff: 1111.9055 / Time: 6.43s
======================================================================================================

round 76 local learning rate = 0.00013157894736842105

>>> Round:   77 / Acc: 83.376% / Loss: 0.5158 / Grad Norm: 2.1458 / Grad Diff: 1111.5153 / Time: 6.47s
======================================================================================================

round 77 local learning rate = 0.00012987012987012987

>>> Round:   78 / Acc: 83.452% / Loss: 0.5140 / Grad Norm: 2.1259 / Grad Diff: 1110.0876 / Time: 5.81s
======================================================================================================

round 78 local learning rate = 0.0001282051282051282

>>> Round:   79 / Acc: 83.524% / Loss: 0.5122 / Grad Norm: 2.0968 / Grad Diff: 1108.6148 / Time: 6.39s
======================================================================================================

round 79 local learning rate = 0.00012658227848101267

>>> Round:   80 / Acc: 83.585% / Loss: 0.5106 / Grad Norm: 2.1027 / Grad Diff: 1107.8878 / Time: 6.38s
======================================================================================================

= Test = round: 80 / acc: 84.690% / loss: 0.4659 / Time: 0.51s
======================================================================================================

round 80 local learning rate = 0.000125

>>> Round:   81 / Acc: 83.635% / Loss: 0.5090 / Grad Norm: 2.0986 / Grad Diff: 1106.2651 / Time: 7.42s
======================================================================================================

round 81 local learning rate = 0.0001234567901234568

>>> Round:   82 / Acc: 83.661% / Loss: 0.5073 / Grad Norm: 2.1046 / Grad Diff: 1104.5340 / Time: 6.50s
======================================================================================================

round 82 local learning rate = 0.00012195121951219512

>>> Round:   83 / Acc: 83.723% / Loss: 0.5057 / Grad Norm: 2.0704 / Grad Diff: 1103.4697 / Time: 6.26s
======================================================================================================

round 83 local learning rate = 0.00012048192771084338

>>> Round:   84 / Acc: 83.786% / Loss: 0.5040 / Grad Norm: 2.0091 / Grad Diff: 1100.8264 / Time: 6.39s
======================================================================================================

round 84 local learning rate = 0.00011904761904761905

>>> Round:   85 / Acc: 83.841% / Loss: 0.5025 / Grad Norm: 2.0110 / Grad Diff: 1099.9913 / Time: 6.50s
======================================================================================================

= Test = round: 85 / acc: 85.060% / loss: 0.4585 / Time: 0.50s
======================================================================================================

round 85 local learning rate = 0.00011764705882352942

>>> Round:   86 / Acc: 83.875% / Loss: 0.5010 / Grad Norm: 2.0148 / Grad Diff: 1099.2077 / Time: 6.48s
======================================================================================================

round 86 local learning rate = 0.00011627906976744187

>>> Round:   87 / Acc: 83.932% / Loss: 0.4995 / Grad Norm: 2.0208 / Grad Diff: 1098.4491 / Time: 6.25s
======================================================================================================

round 87 local learning rate = 0.00011494252873563218

>>> Round:   88 / Acc: 83.980% / Loss: 0.4980 / Grad Norm: 1.9935 / Grad Diff: 1096.7198 / Time: 6.44s
======================================================================================================

round 88 local learning rate = 0.00011363636363636364

>>> Round:   89 / Acc: 84.066% / Loss: 0.4965 / Grad Norm: 1.9686 / Grad Diff: 1095.3119 / Time: 6.07s
======================================================================================================

round 89 local learning rate = 0.00011235955056179776

>>> Round:   90 / Acc: 84.070% / Loss: 0.4952 / Grad Norm: 2.0043 / Grad Diff: 1094.4430 / Time: 6.21s
======================================================================================================

= Test = round: 90 / acc: 85.180% / loss: 0.4518 / Time: 0.55s
======================================================================================================

round 90 local learning rate = 0.00011111111111111112

>>> Round:   91 / Acc: 84.135% / Loss: 0.4938 / Grad Norm: 1.9940 / Grad Diff: 1092.9077 / Time: 6.60s
======================================================================================================

round 91 local learning rate = 0.00010989010989010989

>>> Round:   92 / Acc: 84.188% / Loss: 0.4924 / Grad Norm: 1.9839 / Grad Diff: 1091.6469 / Time: 6.46s
======================================================================================================

round 92 local learning rate = 0.00010869565217391305

>>> Round:   93 / Acc: 84.212% / Loss: 0.4910 / Grad Norm: 1.9786 / Grad Diff: 1090.5217 / Time: 6.38s
======================================================================================================

round 93 local learning rate = 0.00010752688172043011

>>> Round:   94 / Acc: 84.260% / Loss: 0.4897 / Grad Norm: 1.9726 / Grad Diff: 1089.1962 / Time: 6.71s
======================================================================================================

round 94 local learning rate = 0.00010638297872340425

>>> Round:   95 / Acc: 84.321% / Loss: 0.4882 / Grad Norm: 1.9105 / Grad Diff: 1086.6049 / Time: 6.42s
======================================================================================================

= Test = round: 95 / acc: 85.510% / loss: 0.4453 / Time: 0.52s
======================================================================================================

round 95 local learning rate = 0.00010526315789473685

>>> Round:   96 / Acc: 84.360% / Loss: 0.4869 / Grad Norm: 1.9010 / Grad Diff: 1085.7603 / Time: 6.57s
======================================================================================================

round 96 local learning rate = 0.00010416666666666667

>>> Round:   97 / Acc: 84.413% / Loss: 0.4856 / Grad Norm: 1.8836 / Grad Diff: 1084.1782 / Time: 7.47s
======================================================================================================

round 97 local learning rate = 0.00010309278350515464

>>> Round:   98 / Acc: 84.461% / Loss: 0.4844 / Grad Norm: 1.8872 / Grad Diff: 1082.6557 / Time: 7.71s
======================================================================================================

round 98 local learning rate = 0.00010204081632653062

>>> Round:   99 / Acc: 84.478% / Loss: 0.4832 / Grad Norm: 1.9281 / Grad Diff: 1082.0092 / Time: 6.90s
======================================================================================================

round 99 local learning rate = 0.00010101010101010101

>>> Round:  100 / Acc: 84.517% / Loss: 0.4820 / Grad Norm: 1.9013 / Grad Diff: 1080.8714 / Time: 7.72s
======================================================================================================

= Test = round: 100 / acc: 85.570% / loss: 0.4396 / Time: 0.51s
======================================================================================================

round 100 local learning rate = 0.0001

>>> Round:  101 / Acc: 84.570% / Loss: 0.4808 / Grad Norm: 1.8958 / Grad Diff: 1080.1608 / Time: 6.16s
======================================================================================================

round 101 local learning rate = 9.900990099009902e-05

>>> Round:  102 / Acc: 84.590% / Loss: 0.4796 / Grad Norm: 1.8892 / Grad Diff: 1079.0354 / Time: 7.84s
======================================================================================================

round 102 local learning rate = 9.80392156862745e-05

>>> Round:  103 / Acc: 84.653% / Loss: 0.4784 / Grad Norm: 1.8810 / Grad Diff: 1078.0135 / Time: 6.47s
======================================================================================================

round 103 local learning rate = 9.70873786407767e-05

>>> Round:  104 / Acc: 84.672% / Loss: 0.4773 / Grad Norm: 1.8949 / Grad Diff: 1076.8756 / Time: 6.32s
======================================================================================================

round 104 local learning rate = 9.615384615384615e-05

>>> Round:  105 / Acc: 84.720% / Loss: 0.4761 / Grad Norm: 1.8586 / Grad Diff: 1074.7558 / Time: 6.49s
======================================================================================================

= Test = round: 105 / acc: 85.780% / loss: 0.4340 / Time: 0.49s
======================================================================================================

round 105 local learning rate = 9.523809523809524e-05

>>> Round:  106 / Acc: 84.749% / Loss: 0.4749 / Grad Norm: 1.8477 / Grad Diff: 1073.2833 / Time: 6.38s
======================================================================================================

round 106 local learning rate = 9.433962264150943e-05

>>> Round:  107 / Acc: 84.760% / Loss: 0.4738 / Grad Norm: 1.8311 / Grad Diff: 1072.0115 / Time: 6.44s
======================================================================================================

round 107 local learning rate = 9.345794392523364e-05

>>> Round:  108 / Acc: 84.810% / Loss: 0.4726 / Grad Norm: 1.7972 / Grad Diff: 1070.2217 / Time: 6.48s
======================================================================================================

round 108 local learning rate = 9.259259259259259e-05

>>> Round:  109 / Acc: 84.836% / Loss: 0.4716 / Grad Norm: 1.8185 / Grad Diff: 1069.5188 / Time: 6.78s
======================================================================================================

round 109 local learning rate = 9.174311926605505e-05

>>> Round:  110 / Acc: 84.860% / Loss: 0.4705 / Grad Norm: 1.8083 / Grad Diff: 1068.2542 / Time: 6.54s
======================================================================================================

= Test = round: 110 / acc: 85.880% / loss: 0.4289 / Time: 0.53s
======================================================================================================

round 110 local learning rate = 9.090909090909092e-05

>>> Round:  111 / Acc: 84.902% / Loss: 0.4694 / Grad Norm: 1.7744 / Grad Diff: 1065.9119 / Time: 6.29s
======================================================================================================

round 111 local learning rate = 9.009009009009009e-05

>>> Round:  112 / Acc: 84.935% / Loss: 0.4683 / Grad Norm: 1.7643 / Grad Diff: 1064.6671 / Time: 5.75s
======================================================================================================

round 112 local learning rate = 8.928571428571429e-05

>>> Round:  113 / Acc: 84.967% / Loss: 0.4673 / Grad Norm: 1.7672 / Grad Diff: 1063.5787 / Time: 6.56s
======================================================================================================

round 113 local learning rate = 8.849557522123894e-05

>>> Round:  114 / Acc: 84.987% / Loss: 0.4663 / Grad Norm: 1.7566 / Grad Diff: 1062.4804 / Time: 6.51s
======================================================================================================

round 114 local learning rate = 8.771929824561404e-05

>>> Round:  115 / Acc: 85.018% / Loss: 0.4653 / Grad Norm: 1.7480 / Grad Diff: 1060.9518 / Time: 6.46s
======================================================================================================

= Test = round: 115 / acc: 86.030% / loss: 0.4242 / Time: 0.57s
======================================================================================================

round 115 local learning rate = 8.695652173913044e-05

>>> Round:  116 / Acc: 85.046% / Loss: 0.4643 / Grad Norm: 1.7481 / Grad Diff: 1060.3781 / Time: 6.45s
======================================================================================================

round 116 local learning rate = 8.620689655172414e-05

>>> Round:  117 / Acc: 85.081% / Loss: 0.4633 / Grad Norm: 1.7624 / Grad Diff: 1059.4490 / Time: 7.03s
======================================================================================================

round 117 local learning rate = 8.547008547008547e-05

>>> Round:  118 / Acc: 85.131% / Loss: 0.4624 / Grad Norm: 1.7634 / Grad Diff: 1058.2966 / Time: 6.44s
======================================================================================================

round 118 local learning rate = 8.474576271186441e-05

>>> Round:  119 / Acc: 85.162% / Loss: 0.4614 / Grad Norm: 1.7591 / Grad Diff: 1057.2712 / Time: 6.40s
======================================================================================================

round 119 local learning rate = 8.403361344537815e-05

>>> Round:  120 / Acc: 85.205% / Loss: 0.4604 / Grad Norm: 1.7404 / Grad Diff: 1055.7274 / Time: 6.32s
======================================================================================================

= Test = round: 120 / acc: 86.210% / loss: 0.4197 / Time: 0.52s
======================================================================================================

round 120 local learning rate = 8.333333333333333e-05

>>> Round:  121 / Acc: 85.245% / Loss: 0.4595 / Grad Norm: 1.7292 / Grad Diff: 1054.3269 / Time: 6.41s
======================================================================================================

round 121 local learning rate = 8.264462809917356e-05

>>> Round:  122 / Acc: 85.275% / Loss: 0.4585 / Grad Norm: 1.7193 / Grad Diff: 1053.2612 / Time: 7.38s
======================================================================================================

round 122 local learning rate = 8.19672131147541e-05

>>> Round:  123 / Acc: 85.284% / Loss: 0.4576 / Grad Norm: 1.7243 / Grad Diff: 1051.9654 / Time: 6.41s
======================================================================================================

round 123 local learning rate = 8.130081300813008e-05

>>> Round:  124 / Acc: 85.306% / Loss: 0.4567 / Grad Norm: 1.7269 / Grad Diff: 1050.9502 / Time: 6.45s
======================================================================================================

round 124 local learning rate = 8.064516129032258e-05

>>> Round:  125 / Acc: 85.345% / Loss: 0.4558 / Grad Norm: 1.7099 / Grad Diff: 1049.4825 / Time: 5.53s
======================================================================================================

= Test = round: 125 / acc: 86.380% / loss: 0.4154 / Time: 0.52s
======================================================================================================

round 125 local learning rate = 8e-05

>>> Round:  126 / Acc: 85.378% / Loss: 0.4549 / Grad Norm: 1.6990 / Grad Diff: 1048.5111 / Time: 5.78s
======================================================================================================

round 126 local learning rate = 7.936507936507937e-05

>>> Round:  127 / Acc: 85.389% / Loss: 0.4540 / Grad Norm: 1.6743 / Grad Diff: 1046.8414 / Time: 6.35s
======================================================================================================

round 127 local learning rate = 7.874015748031496e-05

>>> Round:  128 / Acc: 85.430% / Loss: 0.4531 / Grad Norm: 1.6698 / Grad Diff: 1045.7627 / Time: 6.37s
======================================================================================================

round 128 local learning rate = 7.8125e-05

>>> Round:  129 / Acc: 85.437% / Loss: 0.4523 / Grad Norm: 1.6766 / Grad Diff: 1045.0251 / Time: 6.37s
======================================================================================================

round 129 local learning rate = 7.751937984496124e-05

>>> Round:  130 / Acc: 85.459% / Loss: 0.4514 / Grad Norm: 1.6564 / Grad Diff: 1043.5020 / Time: 6.33s
======================================================================================================

= Test = round: 130 / acc: 86.460% / loss: 0.4115 / Time: 0.53s
======================================================================================================

round 130 local learning rate = 7.692307692307693e-05

>>> Round:  131 / Acc: 85.485% / Loss: 0.4506 / Grad Norm: 1.6587 / Grad Diff: 1042.4044 / Time: 6.39s
======================================================================================================

round 131 local learning rate = 7.633587786259542e-05

>>> Round:  132 / Acc: 85.511% / Loss: 0.4498 / Grad Norm: 1.6512 / Grad Diff: 1041.4046 / Time: 6.30s
======================================================================================================

round 132 local learning rate = 7.575757575757576e-05

>>> Round:  133 / Acc: 85.524% / Loss: 0.4490 / Grad Norm: 1.6524 / Grad Diff: 1040.6207 / Time: 6.47s
======================================================================================================

round 133 local learning rate = 7.518796992481203e-05

>>> Round:  134 / Acc: 85.576% / Loss: 0.4481 / Grad Norm: 1.6447 / Grad Diff: 1039.4939 / Time: 5.71s
======================================================================================================

round 134 local learning rate = 7.462686567164179e-05

>>> Round:  135 / Acc: 85.574% / Loss: 0.4474 / Grad Norm: 1.6565 / Grad Diff: 1038.4588 / Time: 6.55s
======================================================================================================

= Test = round: 135 / acc: 86.580% / loss: 0.4076 / Time: 0.69s
======================================================================================================

round 135 local learning rate = 7.407407407407407e-05

>>> Round:  136 / Acc: 85.629% / Loss: 0.4465 / Grad Norm: 1.6290 / Grad Diff: 1036.7353 / Time: 6.41s
======================================================================================================

round 136 local learning rate = 7.352941176470589e-05

>>> Round:  137 / Acc: 85.644% / Loss: 0.4457 / Grad Norm: 1.6223 / Grad Diff: 1035.3483 / Time: 6.38s
======================================================================================================

round 137 local learning rate = 7.299270072992701e-05

>>> Round:  138 / Acc: 85.668% / Loss: 0.4449 / Grad Norm: 1.6020 / Grad Diff: 1033.8474 / Time: 6.34s
======================================================================================================

round 138 local learning rate = 7.246376811594203e-05

>>> Round:  139 / Acc: 85.690% / Loss: 0.4441 / Grad Norm: 1.5977 / Grad Diff: 1033.0101 / Time: 6.47s
======================================================================================================

round 139 local learning rate = 7.194244604316547e-05

>>> Round:  140 / Acc: 85.707% / Loss: 0.4434 / Grad Norm: 1.6001 / Grad Diff: 1032.1870 / Time: 5.75s
======================================================================================================

= Test = round: 140 / acc: 86.620% / loss: 0.4040 / Time: 0.51s
======================================================================================================

round 140 local learning rate = 7.142857142857143e-05

>>> Round:  141 / Acc: 85.744% / Loss: 0.4426 / Grad Norm: 1.5865 / Grad Diff: 1030.9845 / Time: 5.67s
======================================================================================================

round 141 local learning rate = 7.092198581560284e-05

>>> Round:  142 / Acc: 85.780% / Loss: 0.4419 / Grad Norm: 1.5917 / Grad Diff: 1030.1262 / Time: 6.56s
======================================================================================================

round 142 local learning rate = 7.042253521126761e-05

>>> Round:  143 / Acc: 85.786% / Loss: 0.4412 / Grad Norm: 1.6056 / Grad Diff: 1029.3839 / Time: 6.58s
======================================================================================================

round 143 local learning rate = 6.993006993006993e-05

>>> Round:  144 / Acc: 85.810% / Loss: 0.4404 / Grad Norm: 1.6080 / Grad Diff: 1028.4369 / Time: 6.71s
======================================================================================================

round 144 local learning rate = 6.944444444444444e-05

>>> Round:  145 / Acc: 85.845% / Loss: 0.4397 / Grad Norm: 1.5827 / Grad Diff: 1026.6929 / Time: 6.20s
======================================================================================================

= Test = round: 145 / acc: 86.770% / loss: 0.4006 / Time: 0.52s
======================================================================================================

round 145 local learning rate = 6.896551724137931e-05

>>> Round:  146 / Acc: 85.875% / Loss: 0.4390 / Grad Norm: 1.5917 / Grad Diff: 1026.1728 / Time: 6.86s
======================================================================================================

round 146 local learning rate = 6.84931506849315e-05

>>> Round:  147 / Acc: 85.891% / Loss: 0.4383 / Grad Norm: 1.6006 / Grad Diff: 1025.3978 / Time: 6.64s
======================================================================================================

round 147 local learning rate = 6.802721088435374e-05

>>> Round:  148 / Acc: 85.906% / Loss: 0.4376 / Grad Norm: 1.6134 / Grad Diff: 1024.6385 / Time: 6.50s
======================================================================================================

round 148 local learning rate = 6.756756756756757e-05

>>> Round:  149 / Acc: 85.928% / Loss: 0.4369 / Grad Norm: 1.5896 / Grad Diff: 1023.6000 / Time: 6.70s
======================================================================================================

round 149 local learning rate = 6.711409395973155e-05

>>> Round:  150 / Acc: 85.963% / Loss: 0.4362 / Grad Norm: 1.5772 / Grad Diff: 1022.3897 / Time: 6.83s
======================================================================================================

= Test = round: 150 / acc: 86.880% / loss: 0.3975 / Time: 0.54s
======================================================================================================

round 150 local learning rate = 6.666666666666667e-05

>>> Round:  151 / Acc: 85.982% / Loss: 0.4355 / Grad Norm: 1.5641 / Grad Diff: 1021.2768 / Time: 7.27s
======================================================================================================

round 151 local learning rate = 6.622516556291391e-05

>>> Round:  152 / Acc: 86.011% / Loss: 0.4348 / Grad Norm: 1.5510 / Grad Diff: 1020.0260 / Time: 7.70s
======================================================================================================

round 152 local learning rate = 6.578947368421052e-05

>>> Round:  153 / Acc: 86.042% / Loss: 0.4341 / Grad Norm: 1.5262 / Grad Diff: 1018.4341 / Time: 6.60s
======================================================================================================

round 153 local learning rate = 6.535947712418301e-05

>>> Round:  154 / Acc: 86.072% / Loss: 0.4334 / Grad Norm: 1.5095 / Grad Diff: 1016.8727 / Time: 6.46s
======================================================================================================

round 154 local learning rate = 6.493506493506494e-05

>>> Round:  155 / Acc: 86.090% / Loss: 0.4327 / Grad Norm: 1.5143 / Grad Diff: 1015.9172 / Time: 6.58s
======================================================================================================

= Test = round: 155 / acc: 86.970% / loss: 0.3943 / Time: 0.53s
======================================================================================================

round 155 local learning rate = 6.451612903225807e-05

>>> Round:  156 / Acc: 86.107% / Loss: 0.4321 / Grad Norm: 1.5047 / Grad Diff: 1014.6333 / Time: 6.42s
======================================================================================================

round 156 local learning rate = 6.41025641025641e-05

>>> Round:  157 / Acc: 86.129% / Loss: 0.4314 / Grad Norm: 1.4992 / Grad Diff: 1013.7750 / Time: 6.36s
======================================================================================================

round 157 local learning rate = 6.369426751592357e-05

>>> Round:  158 / Acc: 86.151% / Loss: 0.4308 / Grad Norm: 1.4989 / Grad Diff: 1012.6535 / Time: 6.48s
======================================================================================================

round 158 local learning rate = 6.329113924050633e-05

>>> Round:  159 / Acc: 86.155% / Loss: 0.4302 / Grad Norm: 1.5099 / Grad Diff: 1011.5997 / Time: 6.43s
======================================================================================================

round 159 local learning rate = 6.289308176100629e-05

>>> Round:  160 / Acc: 86.164% / Loss: 0.4295 / Grad Norm: 1.5082 / Grad Diff: 1010.5200 / Time: 6.44s
======================================================================================================

= Test = round: 160 / acc: 87.050% / loss: 0.3914 / Time: 0.52s
======================================================================================================

round 160 local learning rate = 6.25e-05

>>> Round:  161 / Acc: 86.192% / Loss: 0.4289 / Grad Norm: 1.5034 / Grad Diff: 1009.8813 / Time: 6.30s
======================================================================================================

round 161 local learning rate = 6.211180124223603e-05

>>> Round:  162 / Acc: 86.197% / Loss: 0.4283 / Grad Norm: 1.5204 / Grad Diff: 1009.3612 / Time: 6.37s
======================================================================================================

round 162 local learning rate = 6.17283950617284e-05

>>> Round:  163 / Acc: 86.223% / Loss: 0.4277 / Grad Norm: 1.5058 / Grad Diff: 1008.1054 / Time: 6.50s
======================================================================================================

round 163 local learning rate = 6.134969325153375e-05

>>> Round:  164 / Acc: 86.240% / Loss: 0.4271 / Grad Norm: 1.4995 / Grad Diff: 1007.0311 / Time: 6.31s
======================================================================================================

round 164 local learning rate = 6.097560975609756e-05

>>> Round:  165 / Acc: 86.262% / Loss: 0.4265 / Grad Norm: 1.5046 / Grad Diff: 1006.4771 / Time: 6.34s
======================================================================================================

= Test = round: 165 / acc: 87.170% / loss: 0.3885 / Time: 0.53s
======================================================================================================

round 165 local learning rate = 6.0606060606060605e-05

>>> Round:  166 / Acc: 86.288% / Loss: 0.4259 / Grad Norm: 1.4817 / Grad Diff: 1005.1108 / Time: 6.38s
======================================================================================================

round 166 local learning rate = 6.024096385542169e-05

>>> Round:  167 / Acc: 86.315% / Loss: 0.4253 / Grad Norm: 1.4991 / Grad Diff: 1004.6939 / Time: 5.76s
======================================================================================================

round 167 local learning rate = 5.988023952095808e-05

>>> Round:  168 / Acc: 86.330% / Loss: 0.4247 / Grad Norm: 1.5081 / Grad Diff: 1003.9953 / Time: 5.71s
======================================================================================================

round 168 local learning rate = 5.9523809523809524e-05

>>> Round:  169 / Acc: 86.362% / Loss: 0.4241 / Grad Norm: 1.4757 / Grad Diff: 1002.1191 / Time: 6.43s
======================================================================================================

round 169 local learning rate = 5.9171597633136094e-05

>>> Round:  170 / Acc: 86.387% / Loss: 0.4235 / Grad Norm: 1.4631 / Grad Diff: 1000.8459 / Time: 6.42s
======================================================================================================

= Test = round: 170 / acc: 87.260% / loss: 0.3858 / Time: 0.51s
======================================================================================================

round 170 local learning rate = 5.882352941176471e-05

>>> Round:  171 / Acc: 86.400% / Loss: 0.4229 / Grad Norm: 1.4778 / Grad Diff: 999.9409 / Time: 6.38s
======================================================================================================

round 171 local learning rate = 5.847953216374269e-05

>>> Round:  172 / Acc: 86.430% / Loss: 0.4224 / Grad Norm: 1.4700 / Grad Diff: 998.8365 / Time: 5.84s
======================================================================================================

round 172 local learning rate = 5.8139534883720933e-05

>>> Round:  173 / Acc: 86.458% / Loss: 0.4218 / Grad Norm: 1.4735 / Grad Diff: 997.8376 / Time: 6.32s
======================================================================================================

round 173 local learning rate = 5.7803468208092484e-05

>>> Round:  174 / Acc: 86.469% / Loss: 0.4212 / Grad Norm: 1.4467 / Grad Diff: 996.2964 / Time: 5.75s
======================================================================================================

round 174 local learning rate = 5.747126436781609e-05

>>> Round:  175 / Acc: 86.485% / Loss: 0.4206 / Grad Norm: 1.4348 / Grad Diff: 995.3187 / Time: 6.37s
======================================================================================================

= Test = round: 175 / acc: 87.360% / loss: 0.3833 / Time: 0.54s
======================================================================================================

round 175 local learning rate = 5.714285714285714e-05

>>> Round:  176 / Acc: 86.511% / Loss: 0.4201 / Grad Norm: 1.4279 / Grad Diff: 994.0967 / Time: 6.82s
======================================================================================================

round 176 local learning rate = 5.681818181818182e-05

>>> Round:  177 / Acc: 86.542% / Loss: 0.4195 / Grad Norm: 1.4312 / Grad Diff: 993.0459 / Time: 6.23s
======================================================================================================

round 177 local learning rate = 5.649717514124294e-05

>>> Round:  178 / Acc: 86.537% / Loss: 0.4190 / Grad Norm: 1.4379 / Grad Diff: 992.6229 / Time: 6.48s
======================================================================================================

round 178 local learning rate = 5.617977528089888e-05

>>> Round:  179 / Acc: 86.557% / Loss: 0.4184 / Grad Norm: 1.4290 / Grad Diff: 991.3966 / Time: 6.45s
======================================================================================================

round 179 local learning rate = 5.58659217877095e-05

>>> Round:  180 / Acc: 86.574% / Loss: 0.4179 / Grad Norm: 1.4332 / Grad Diff: 990.4115 / Time: 6.49s
======================================================================================================

= Test = round: 180 / acc: 87.460% / loss: 0.3808 / Time: 0.52s
======================================================================================================

round 180 local learning rate = 5.555555555555556e-05

>>> Round:  181 / Acc: 86.598% / Loss: 0.4174 / Grad Norm: 1.4479 / Grad Diff: 989.7540 / Time: 6.45s
======================================================================================================

round 181 local learning rate = 5.524861878453039e-05

>>> Round:  182 / Acc: 86.613% / Loss: 0.4169 / Grad Norm: 1.4343 / Grad Diff: 988.5658 / Time: 6.45s
======================================================================================================

round 182 local learning rate = 5.4945054945054945e-05

>>> Round:  183 / Acc: 86.631% / Loss: 0.4163 / Grad Norm: 1.4139 / Grad Diff: 987.2018 / Time: 5.98s
======================================================================================================

round 183 local learning rate = 5.46448087431694e-05

>>> Round:  184 / Acc: 86.642% / Loss: 0.4158 / Grad Norm: 1.4475 / Grad Diff: 986.8753 / Time: 6.41s
======================================================================================================

round 184 local learning rate = 5.4347826086956524e-05

>>> Round:  185 / Acc: 86.672% / Loss: 0.4153 / Grad Norm: 1.4400 / Grad Diff: 986.0804 / Time: 6.64s
======================================================================================================

= Test = round: 185 / acc: 87.600% / loss: 0.3784 / Time: 0.70s
======================================================================================================

round 185 local learning rate = 5.4054054054054054e-05

>>> Round:  186 / Acc: 86.679% / Loss: 0.4148 / Grad Norm: 1.4462 / Grad Diff: 985.1782 / Time: 7.04s
======================================================================================================

round 186 local learning rate = 5.3763440860215054e-05

>>> Round:  187 / Acc: 86.707% / Loss: 0.4143 / Grad Norm: 1.4287 / Grad Diff: 983.8642 / Time: 6.82s
======================================================================================================

round 187 local learning rate = 5.347593582887701e-05

>>> Round:  188 / Acc: 86.701% / Loss: 0.4138 / Grad Norm: 1.4409 / Grad Diff: 983.1401 / Time: 6.46s
======================================================================================================

round 188 local learning rate = 5.319148936170213e-05

>>> Round:  189 / Acc: 86.734% / Loss: 0.4133 / Grad Norm: 1.4250 / Grad Diff: 982.0328 / Time: 6.48s
======================================================================================================

round 189 local learning rate = 5.291005291005291e-05

>>> Round:  190 / Acc: 86.755% / Loss: 0.4128 / Grad Norm: 1.4137 / Grad Diff: 981.0480 / Time: 6.25s
======================================================================================================

= Test = round: 190 / acc: 87.650% / loss: 0.3761 / Time: 0.53s
======================================================================================================

round 190 local learning rate = 5.2631578947368424e-05

>>> Round:  191 / Acc: 86.771% / Loss: 0.4123 / Grad Norm: 1.4056 / Grad Diff: 979.8707 / Time: 6.45s
======================================================================================================

round 191 local learning rate = 5.2356020942408376e-05

>>> Round:  192 / Acc: 86.792% / Loss: 0.4118 / Grad Norm: 1.4046 / Grad Diff: 979.0233 / Time: 6.32s
======================================================================================================

round 192 local learning rate = 5.208333333333334e-05

>>> Round:  193 / Acc: 86.806% / Loss: 0.4113 / Grad Norm: 1.4020 / Grad Diff: 978.1408 / Time: 6.40s
======================================================================================================

round 193 local learning rate = 5.1813471502590674e-05

>>> Round:  194 / Acc: 86.817% / Loss: 0.4108 / Grad Norm: 1.3948 / Grad Diff: 976.9978 / Time: 7.46s
======================================================================================================

round 194 local learning rate = 5.154639175257732e-05

>>> Round:  195 / Acc: 86.828% / Loss: 0.4103 / Grad Norm: 1.3804 / Grad Diff: 975.9591 / Time: 6.56s
======================================================================================================

= Test = round: 195 / acc: 87.800% / loss: 0.3739 / Time: 0.53s
======================================================================================================

round 195 local learning rate = 5.1282051282051286e-05

>>> Round:  196 / Acc: 86.849% / Loss: 0.4098 / Grad Norm: 1.3762 / Grad Diff: 975.0455 / Time: 6.44s
======================================================================================================

round 196 local learning rate = 5.102040816326531e-05

>>> Round:  197 / Acc: 86.878% / Loss: 0.4094 / Grad Norm: 1.3670 / Grad Diff: 974.0566 / Time: 6.36s
======================================================================================================

round 197 local learning rate = 5.076142131979695e-05

>>> Round:  198 / Acc: 86.887% / Loss: 0.4089 / Grad Norm: 1.3575 / Grad Diff: 972.8497 / Time: 6.54s
======================================================================================================

round 198 local learning rate = 5.0505050505050505e-05

>>> Round:  199 / Acc: 86.915% / Loss: 0.4084 / Grad Norm: 1.3746 / Grad Diff: 972.3365 / Time: 6.27s
======================================================================================================

round 199 local learning rate = 5.0251256281407036e-05

>>> Round:  200 / Acc: 86.921% / Loss: 0.4080 / Grad Norm: 1.3745 / Grad Diff: 971.6030 / Time: 6.34s
======================================================================================================

= Test = round: 200 / acc: 87.840% / loss: 0.3717 / Time: 0.52s
======================================================================================================

