nohup: ignoring input
Using device: cuda:0
>>> Arguments:
	             algo : fedavgtl
	            alpha : 51871.0
	       batch_size : 32
	clients_per_round : 100
	          dataset : mnist_all_data_1_equal_niid
	           device : cuda:0
	              dis : 
	   early_stopping : 20
	       eval_every : 5
	    ft_batch_size : 128
	       ft_dataset : mnist-m
	        ft_epochs : 2
	            ft_lr : 0.01
	            ft_wd : 0.0
	              gpu : True
	      input_shape : (1, 28, 28)
	           last_k : 2
	               lr : 0.01
	            model : lenet
	           n_init : 5
	        noaverage : False
	          noprint : False
	        num_class : 10
	        num_epoch : 1
	        num_round : 200
	           opt_lr : False
	            reg_J : True
	       reg_J_coef : 0.001
	             seed : 0
	               wd : 0.0001
>>> Read data from:
     ./data/mnist/data/all_data_1.pkl
>>> The estimate of constant alpha is 51871.0.
>>> Read data from:
     ./data/mnist/data/train/all_data_1_equal_niid.pkl
     ./data/mnist/data/test/all_data_1_equal_niid.pkl
>>> Use gpu on device cuda:0
>>> Model statistic per layer
LeNet_MNIST(
  286.12 KMac, 100.000% MACs, 
  (conv1): Conv2d(89.856 KMac, 31.405% MACs, 1, 6, kernel_size=(5, 5), stride=(1, 1))
  (conv2): Conv2d(154.624 KMac, 54.042% MACs, 6, 16, kernel_size=(5, 5), stride=(1, 1))
  (fc1): Linear(30.72 KMac, 10.737% MACs, in_features=256, out_features=120, bias=True)
  (fc2): Linear(10.08 KMac, 3.523% MACs, in_features=120, out_features=84, bias=True)
  (fc3): Linear(840.0 Mac, 0.294% MACs, in_features=84, out_features=10, bias=True)
)
>>> Activate a worker for training
>>> Initialize 100 clients in total
>>> Weigh updates by simple average
>>> Select 100 clients per round 


>>> Round:    0 / Acc: 9.563% / Loss: 10.2890 / Grad Norm: 185.8916 / Grad Diff: 46428.6560 / Time: 7.69s
======================================================================================================

= Test = round: 0 / acc: 9.380% / loss: 10.3089 / Time: 0.60s
======================================================================================================

round 0 local learning rate = 0.01

>>> Round:    1 / Acc: 11.400% / Loss: 2.3268 / Grad Norm: 1.8560 / Grad Diff: 50.3991 / Time: 7.42s
======================================================================================================

round 1 local learning rate = 0.01

>>> Round:    2 / Acc: 21.212% / Loss: 2.1723 / Grad Norm: 2.5933 / Grad Diff: 128.6191 / Time: 7.53s
======================================================================================================

round 2 local learning rate = 0.005

>>> Round:    3 / Acc: 29.563% / Loss: 1.9931 / Grad Norm: 4.8530 / Grad Diff: 465.7122 / Time: 7.59s
======================================================================================================

round 3 local learning rate = 0.0033333333333333335

>>> Round:    4 / Acc: 38.511% / Loss: 1.7931 / Grad Norm: 5.6328 / Grad Diff: 758.4472 / Time: 7.51s
======================================================================================================

round 4 local learning rate = 0.0025

>>> Round:    5 / Acc: 46.339% / Loss: 1.6140 / Grad Norm: 5.7550 / Grad Diff: 952.8818 / Time: 7.36s
======================================================================================================

= Test = round: 5 / acc: 47.510% / loss: 1.5821 / Time: 0.60s
======================================================================================================

round 5 local learning rate = 0.002

>>> Round:    6 / Acc: 52.432% / Loss: 1.4641 / Grad Norm: 5.4534 / Grad Diff: 1064.7086 / Time: 7.61s
======================================================================================================

round 6 local learning rate = 0.0016666666666666668

>>> Round:    7 / Acc: 56.688% / Loss: 1.3483 / Grad Norm: 5.1484 / Grad Diff: 1138.6881 / Time: 8.85s
======================================================================================================

round 7 local learning rate = 0.0014285714285714286

>>> Round:    8 / Acc: 59.878% / Loss: 1.2552 / Grad Norm: 4.8090 / Grad Diff: 1178.4035 / Time: 7.78s
======================================================================================================

round 8 local learning rate = 0.00125

>>> Round:    9 / Acc: 62.362% / Loss: 1.1799 / Grad Norm: 4.5514 / Grad Diff: 1207.5378 / Time: 7.71s
======================================================================================================

round 9 local learning rate = 0.0011111111111111111

>>> Round:   10 / Acc: 64.371% / Loss: 1.1187 / Grad Norm: 4.4087 / Grad Diff: 1232.1598 / Time: 7.58s
======================================================================================================

= Test = round: 10 / acc: 66.130% / loss: 1.0699 / Time: 0.62s
======================================================================================================

round 10 local learning rate = 0.001

>>> Round:   11 / Acc: 66.061% / Loss: 1.0676 / Grad Norm: 4.2491 / Grad Diff: 1246.5962 / Time: 7.52s
======================================================================================================

round 11 local learning rate = 0.0009090909090909091

>>> Round:   12 / Acc: 67.458% / Loss: 1.0241 / Grad Norm: 4.1716 / Grad Diff: 1257.8954 / Time: 7.52s
======================================================================================================

round 12 local learning rate = 0.0008333333333333334

>>> Round:   13 / Acc: 68.696% / Loss: 0.9863 / Grad Norm: 3.9767 / Grad Diff: 1264.6772 / Time: 7.88s
======================================================================================================

round 13 local learning rate = 0.0007692307692307692

>>> Round:   14 / Acc: 69.637% / Loss: 0.9533 / Grad Norm: 3.7832 / Grad Diff: 1274.5555 / Time: 7.47s
======================================================================================================

round 14 local learning rate = 0.0007142857142857143

>>> Round:   15 / Acc: 70.557% / Loss: 0.9252 / Grad Norm: 3.7377 / Grad Diff: 1281.7375 / Time: 8.32s
======================================================================================================

= Test = round: 15 / acc: 72.090% / loss: 0.8741 / Time: 0.59s
======================================================================================================

round 15 local learning rate = 0.0006666666666666666

>>> Round:   16 / Acc: 71.327% / Loss: 0.9000 / Grad Norm: 3.6451 / Grad Diff: 1284.8126 / Time: 7.64s
======================================================================================================

round 16 local learning rate = 0.000625

>>> Round:   17 / Acc: 71.978% / Loss: 0.8783 / Grad Norm: 3.7058 / Grad Diff: 1290.4214 / Time: 7.52s
======================================================================================================

round 17 local learning rate = 0.0005882352941176471

>>> Round:   18 / Acc: 72.631% / Loss: 0.8572 / Grad Norm: 3.5493 / Grad Diff: 1287.5235 / Time: 7.61s
======================================================================================================

round 18 local learning rate = 0.0005555555555555556

>>> Round:   19 / Acc: 73.179% / Loss: 0.8385 / Grad Norm: 3.4230 / Grad Diff: 1290.6331 / Time: 7.31s
======================================================================================================

round 19 local learning rate = 0.0005263157894736842

>>> Round:   20 / Acc: 73.696% / Loss: 0.8224 / Grad Norm: 3.4634 / Grad Diff: 1293.5844 / Time: 7.64s
======================================================================================================

= Test = round: 20 / acc: 75.380% / loss: 0.7716 / Time: 0.62s
======================================================================================================

round 20 local learning rate = 0.0005

>>> Round:   21 / Acc: 74.216% / Loss: 0.8072 / Grad Norm: 3.4397 / Grad Diff: 1296.7950 / Time: 7.42s
======================================================================================================

round 21 local learning rate = 0.0004761904761904762

>>> Round:   22 / Acc: 74.649% / Loss: 0.7930 / Grad Norm: 3.3490 / Grad Diff: 1297.8141 / Time: 7.84s
======================================================================================================

round 22 local learning rate = 0.00045454545454545455

>>> Round:   23 / Acc: 75.042% / Loss: 0.7799 / Grad Norm: 3.2995 / Grad Diff: 1300.8440 / Time: 9.04s
======================================================================================================

round 23 local learning rate = 0.0004347826086956522

>>> Round:   24 / Acc: 75.423% / Loss: 0.7680 / Grad Norm: 3.2773 / Grad Diff: 1303.5516 / Time: 8.47s
======================================================================================================

round 24 local learning rate = 0.0004166666666666667

>>> Round:   25 / Acc: 75.792% / Loss: 0.7567 / Grad Norm: 3.1889 / Grad Diff: 1302.2260 / Time: 7.30s
======================================================================================================

= Test = round: 25 / acc: 77.370% / loss: 0.7064 / Time: 0.64s
======================================================================================================

round 25 local learning rate = 0.0004

>>> Round:   26 / Acc: 76.094% / Loss: 0.7458 / Grad Norm: 3.0440 / Grad Diff: 1302.0965 / Time: 7.45s
======================================================================================================

round 26 local learning rate = 0.0003846153846153846

>>> Round:   27 / Acc: 76.437% / Loss: 0.7365 / Grad Norm: 3.0935 / Grad Diff: 1306.4367 / Time: 8.00s
======================================================================================================

round 27 local learning rate = 0.00037037037037037035

>>> Round:   28 / Acc: 76.727% / Loss: 0.7277 / Grad Norm: 3.1717 / Grad Diff: 1310.0268 / Time: 7.58s
======================================================================================================

round 28 local learning rate = 0.00035714285714285714

>>> Round:   29 / Acc: 76.993% / Loss: 0.7189 / Grad Norm: 3.0727 / Grad Diff: 1308.0041 / Time: 8.15s
======================================================================================================

round 29 local learning rate = 0.0003448275862068966

>>> Round:   30 / Acc: 77.288% / Loss: 0.7105 / Grad Norm: 3.0173 / Grad Diff: 1308.4364 / Time: 7.90s
======================================================================================================

= Test = round: 30 / acc: 78.730% / loss: 0.6606 / Time: 0.67s
======================================================================================================

round 30 local learning rate = 0.0003333333333333333

>>> Round:   31 / Acc: 77.483% / Loss: 0.7029 / Grad Norm: 3.0343 / Grad Diff: 1310.2236 / Time: 8.65s
======================================================================================================

round 31 local learning rate = 0.0003225806451612903

>>> Round:   32 / Acc: 77.740% / Loss: 0.6952 / Grad Norm: 2.8947 / Grad Diff: 1310.3020 / Time: 8.67s
======================================================================================================

round 32 local learning rate = 0.0003125

>>> Round:   33 / Acc: 77.972% / Loss: 0.6884 / Grad Norm: 2.8721 / Grad Diff: 1310.2642 / Time: 7.59s
======================================================================================================

round 33 local learning rate = 0.00030303030303030303

>>> Round:   34 / Acc: 78.201% / Loss: 0.6821 / Grad Norm: 2.9112 / Grad Diff: 1313.5390 / Time: 8.18s
======================================================================================================

round 34 local learning rate = 0.00029411764705882356

>>> Round:   35 / Acc: 78.411% / Loss: 0.6756 / Grad Norm: 2.8045 / Grad Diff: 1313.2645 / Time: 7.61s
======================================================================================================

= Test = round: 35 / acc: 79.860% / loss: 0.6264 / Time: 0.62s
======================================================================================================

round 35 local learning rate = 0.00028571428571428574

>>> Round:   36 / Acc: 78.590% / Loss: 0.6695 / Grad Norm: 2.7540 / Grad Diff: 1314.1780 / Time: 7.54s
======================================================================================================

round 36 local learning rate = 0.0002777777777777778

>>> Round:   37 / Acc: 78.762% / Loss: 0.6640 / Grad Norm: 2.7237 / Grad Diff: 1316.4618 / Time: 6.68s
======================================================================================================

round 37 local learning rate = 0.0002702702702702703

>>> Round:   38 / Acc: 78.919% / Loss: 0.6585 / Grad Norm: 2.7434 / Grad Diff: 1317.7616 / Time: 6.74s
======================================================================================================

round 38 local learning rate = 0.0002631578947368421

>>> Round:   39 / Acc: 79.114% / Loss: 0.6535 / Grad Norm: 2.7984 / Grad Diff: 1319.5566 / Time: 7.57s
======================================================================================================

round 39 local learning rate = 0.0002564102564102564

>>> Round:   40 / Acc: 79.258% / Loss: 0.6484 / Grad Norm: 2.7456 / Grad Diff: 1319.0009 / Time: 7.38s
======================================================================================================

= Test = round: 40 / acc: 80.790% / loss: 0.5999 / Time: 0.63s
======================================================================================================

round 40 local learning rate = 0.00025

>>> Round:   41 / Acc: 79.397% / Loss: 0.6437 / Grad Norm: 2.7682 / Grad Diff: 1321.5554 / Time: 8.03s
======================================================================================================

round 41 local learning rate = 0.00024390243902439024

>>> Round:   42 / Acc: 79.537% / Loss: 0.6391 / Grad Norm: 2.7225 / Grad Diff: 1319.8607 / Time: 8.11s
======================================================================================================

round 42 local learning rate = 0.0002380952380952381

>>> Round:   43 / Acc: 79.710% / Loss: 0.6345 / Grad Norm: 2.6268 / Grad Diff: 1319.4777 / Time: 7.84s
======================================================================================================

round 43 local learning rate = 0.00023255813953488373

>>> Round:   44 / Acc: 79.887% / Loss: 0.6300 / Grad Norm: 2.4975 / Grad Diff: 1317.1920 / Time: 7.56s
======================================================================================================

round 44 local learning rate = 0.00022727272727272727

>>> Round:   45 / Acc: 79.924% / Loss: 0.6265 / Grad Norm: 2.6887 / Grad Diff: 1323.8904 / Time: 7.72s
======================================================================================================

= Test = round: 45 / acc: 81.390% / loss: 0.5786 / Time: 0.66s
======================================================================================================

round 45 local learning rate = 0.00022222222222222223

>>> Round:   46 / Acc: 80.077% / Loss: 0.6226 / Grad Norm: 2.6769 / Grad Diff: 1322.4344 / Time: 7.53s
======================================================================================================

round 46 local learning rate = 0.0002173913043478261

>>> Round:   47 / Acc: 80.210% / Loss: 0.6185 / Grad Norm: 2.5841 / Grad Diff: 1321.1663 / Time: 7.67s
======================================================================================================

round 47 local learning rate = 0.0002127659574468085

>>> Round:   48 / Acc: 80.286% / Loss: 0.6149 / Grad Norm: 2.6595 / Grad Diff: 1323.6344 / Time: 7.70s
======================================================================================================

round 48 local learning rate = 0.00020833333333333335

>>> Round:   49 / Acc: 80.434% / Loss: 0.6111 / Grad Norm: 2.5647 / Grad Diff: 1322.0529 / Time: 7.73s
======================================================================================================

round 49 local learning rate = 0.00020408163265306123

>>> Round:   50 / Acc: 80.557% / Loss: 0.6077 / Grad Norm: 2.6021 / Grad Diff: 1321.8007 / Time: 7.10s
======================================================================================================

= Test = round: 50 / acc: 81.840% / loss: 0.5605 / Time: 0.63s
======================================================================================================

round 50 local learning rate = 0.0002

>>> Round:   51 / Acc: 80.666% / Loss: 0.6043 / Grad Norm: 2.6163 / Grad Diff: 1322.2416 / Time: 7.57s
======================================================================================================

round 51 local learning rate = 0.000196078431372549

>>> Round:   52 / Acc: 80.795% / Loss: 0.6009 / Grad Norm: 2.4977 / Grad Diff: 1320.6840 / Time: 9.82s
======================================================================================================

round 52 local learning rate = 0.0001923076923076923

>>> Round:   53 / Acc: 80.900% / Loss: 0.5977 / Grad Norm: 2.4872 / Grad Diff: 1320.5683 / Time: 7.63s
======================================================================================================

round 53 local learning rate = 0.00018867924528301886

>>> Round:   54 / Acc: 80.972% / Loss: 0.5949 / Grad Norm: 2.5671 / Grad Diff: 1323.1998 / Time: 7.49s
======================================================================================================

round 54 local learning rate = 0.00018518518518518518

>>> Round:   55 / Acc: 81.070% / Loss: 0.5917 / Grad Norm: 2.4488 / Grad Diff: 1320.5962 / Time: 7.63s
======================================================================================================

= Test = round: 55 / acc: 82.390% / loss: 0.5454 / Time: 0.60s
======================================================================================================

round 55 local learning rate = 0.00018181818181818183

>>> Round:   56 / Acc: 81.175% / Loss: 0.5890 / Grad Norm: 2.5199 / Grad Diff: 1322.9120 / Time: 8.44s
======================================================================================================

round 56 local learning rate = 0.00017857142857142857

>>> Round:   57 / Acc: 81.279% / Loss: 0.5860 / Grad Norm: 2.4440 / Grad Diff: 1322.0269 / Time: 7.54s
======================================================================================================

round 57 local learning rate = 0.00017543859649122808

>>> Round:   58 / Acc: 81.325% / Loss: 0.5834 / Grad Norm: 2.4620 / Grad Diff: 1322.4745 / Time: 7.58s
======================================================================================================

round 58 local learning rate = 0.0001724137931034483

>>> Round:   59 / Acc: 81.419% / Loss: 0.5807 / Grad Norm: 2.3769 / Grad Diff: 1320.7203 / Time: 7.47s
======================================================================================================

round 59 local learning rate = 0.00016949152542372882

>>> Round:   60 / Acc: 81.494% / Loss: 0.5782 / Grad Norm: 2.4237 / Grad Diff: 1322.1999 / Time: 7.56s
======================================================================================================

= Test = round: 60 / acc: 82.850% / loss: 0.5325 / Time: 0.60s
======================================================================================================

round 60 local learning rate = 0.00016666666666666666

>>> Round:   61 / Acc: 81.568% / Loss: 0.5759 / Grad Norm: 2.5045 / Grad Diff: 1325.1849 / Time: 6.77s
======================================================================================================

round 61 local learning rate = 0.0001639344262295082

>>> Round:   62 / Acc: 81.644% / Loss: 0.5734 / Grad Norm: 2.5088 / Grad Diff: 1324.4456 / Time: 6.77s
======================================================================================================

round 62 local learning rate = 0.00016129032258064516

>>> Round:   63 / Acc: 81.727% / Loss: 0.5709 / Grad Norm: 2.4680 / Grad Diff: 1323.6498 / Time: 7.56s
======================================================================================================

round 63 local learning rate = 0.00015873015873015873

>>> Round:   64 / Acc: 81.804% / Loss: 0.5685 / Grad Norm: 2.4462 / Grad Diff: 1322.3154 / Time: 8.57s
======================================================================================================

round 64 local learning rate = 0.00015625

>>> Round:   65 / Acc: 81.887% / Loss: 0.5661 / Grad Norm: 2.3815 / Grad Diff: 1321.4030 / Time: 7.44s
======================================================================================================

= Test = round: 65 / acc: 83.180% / loss: 0.5208 / Time: 0.61s
======================================================================================================

round 65 local learning rate = 0.00015384615384615385

>>> Round:   66 / Acc: 81.932% / Loss: 0.5638 / Grad Norm: 2.3337 / Grad Diff: 1320.7759 / Time: 7.75s
======================================================================================================

round 66 local learning rate = 0.00015151515151515152

>>> Round:   67 / Acc: 81.998% / Loss: 0.5616 / Grad Norm: 2.3303 / Grad Diff: 1320.6271 / Time: 7.33s
======================================================================================================

round 67 local learning rate = 0.00014925373134328358

>>> Round:   68 / Acc: 82.079% / Loss: 0.5594 / Grad Norm: 2.2797 / Grad Diff: 1319.9787 / Time: 7.54s
======================================================================================================

round 68 local learning rate = 0.00014705882352941178

>>> Round:   69 / Acc: 82.155% / Loss: 0.5572 / Grad Norm: 2.2264 / Grad Diff: 1318.4776 / Time: 7.18s
======================================================================================================

round 69 local learning rate = 0.00014492753623188405

>>> Round:   70 / Acc: 82.197% / Loss: 0.5554 / Grad Norm: 2.3657 / Grad Diff: 1321.2220 / Time: 7.55s
======================================================================================================

= Test = round: 70 / acc: 83.680% / loss: 0.5108 / Time: 0.60s
======================================================================================================

round 70 local learning rate = 0.00014285714285714287

>>> Round:   71 / Acc: 82.269% / Loss: 0.5534 / Grad Norm: 2.2972 / Grad Diff: 1320.7438 / Time: 7.68s
======================================================================================================

round 71 local learning rate = 0.00014084507042253522

>>> Round:   72 / Acc: 82.310% / Loss: 0.5514 / Grad Norm: 2.2823 / Grad Diff: 1320.3417 / Time: 7.64s
======================================================================================================

round 72 local learning rate = 0.0001388888888888889

>>> Round:   73 / Acc: 82.365% / Loss: 0.5495 / Grad Norm: 2.3114 / Grad Diff: 1320.1422 / Time: 7.33s
======================================================================================================

round 73 local learning rate = 0.000136986301369863

>>> Round:   74 / Acc: 82.439% / Loss: 0.5475 / Grad Norm: 2.2930 / Grad Diff: 1319.3235 / Time: 7.48s
======================================================================================================

round 74 local learning rate = 0.00013513513513513514

>>> Round:   75 / Acc: 82.493% / Loss: 0.5458 / Grad Norm: 2.3755 / Grad Diff: 1321.3623 / Time: 8.88s
======================================================================================================

= Test = round: 75 / acc: 83.810% / loss: 0.5021 / Time: 0.63s
======================================================================================================

round 75 local learning rate = 0.00013333333333333334

>>> Round:   76 / Acc: 82.559% / Loss: 0.5436 / Grad Norm: 2.1375 / Grad Diff: 1316.0435 / Time: 7.79s
======================================================================================================

round 76 local learning rate = 0.00013157894736842105

>>> Round:   77 / Acc: 82.627% / Loss: 0.5418 / Grad Norm: 2.1142 / Grad Diff: 1315.0405 / Time: 9.31s
======================================================================================================

round 77 local learning rate = 0.00012987012987012987

>>> Round:   78 / Acc: 82.657% / Loss: 0.5400 / Grad Norm: 2.0997 / Grad Diff: 1314.9180 / Time: 8.24s
======================================================================================================

round 78 local learning rate = 0.0001282051282051282

>>> Round:   79 / Acc: 82.708% / Loss: 0.5386 / Grad Norm: 2.2312 / Grad Diff: 1317.4838 / Time: 7.28s
======================================================================================================

round 79 local learning rate = 0.00012658227848101267

>>> Round:   80 / Acc: 82.762% / Loss: 0.5369 / Grad Norm: 2.2340 / Grad Diff: 1316.8957 / Time: 7.87s
======================================================================================================

= Test = round: 80 / acc: 84.040% / loss: 0.4939 / Time: 0.61s
======================================================================================================

round 80 local learning rate = 0.000125

>>> Round:   81 / Acc: 82.819% / Loss: 0.5353 / Grad Norm: 2.2305 / Grad Diff: 1317.0470 / Time: 7.74s
======================================================================================================

round 81 local learning rate = 0.0001234567901234568

>>> Round:   82 / Acc: 82.887% / Loss: 0.5336 / Grad Norm: 2.1583 / Grad Diff: 1315.4573 / Time: 7.74s
======================================================================================================

round 82 local learning rate = 0.00012195121951219512

>>> Round:   83 / Acc: 82.946% / Loss: 0.5319 / Grad Norm: 2.0916 / Grad Diff: 1313.8703 / Time: 7.82s
======================================================================================================

round 83 local learning rate = 0.00012048192771084338

>>> Round:   84 / Acc: 82.998% / Loss: 0.5303 / Grad Norm: 2.0622 / Grad Diff: 1312.8722 / Time: 7.62s
======================================================================================================

round 84 local learning rate = 0.00011904761904761905

>>> Round:   85 / Acc: 83.046% / Loss: 0.5287 / Grad Norm: 1.9980 / Grad Diff: 1311.8785 / Time: 7.56s
======================================================================================================

= Test = round: 85 / acc: 84.260% / loss: 0.4863 / Time: 0.60s
======================================================================================================

round 85 local learning rate = 0.00011764705882352942

>>> Round:   86 / Acc: 83.085% / Loss: 0.5274 / Grad Norm: 2.0735 / Grad Diff: 1313.4134 / Time: 7.10s
======================================================================================================

round 86 local learning rate = 0.00011627906976744187

>>> Round:   87 / Acc: 83.109% / Loss: 0.5261 / Grad Norm: 2.1824 / Grad Diff: 1315.5969 / Time: 7.72s
======================================================================================================

round 87 local learning rate = 0.00011494252873563218

>>> Round:   88 / Acc: 83.190% / Loss: 0.5244 / Grad Norm: 2.0662 / Grad Diff: 1312.5941 / Time: 7.77s
======================================================================================================

round 88 local learning rate = 0.00011363636363636364

>>> Round:   89 / Acc: 83.232% / Loss: 0.5229 / Grad Norm: 2.0317 / Grad Diff: 1311.6675 / Time: 7.70s
======================================================================================================

round 89 local learning rate = 0.00011235955056179776

>>> Round:   90 / Acc: 83.251% / Loss: 0.5216 / Grad Norm: 2.0698 / Grad Diff: 1311.6461 / Time: 7.68s
======================================================================================================

= Test = round: 90 / acc: 84.580% / loss: 0.4795 / Time: 0.66s
======================================================================================================

round 90 local learning rate = 0.00011111111111111112

>>> Round:   91 / Acc: 83.303% / Loss: 0.5203 / Grad Norm: 2.1402 / Grad Diff: 1313.0338 / Time: 7.58s
======================================================================================================

round 91 local learning rate = 0.00010989010989010989

>>> Round:   92 / Acc: 83.349% / Loss: 0.5189 / Grad Norm: 2.0990 / Grad Diff: 1311.6040 / Time: 7.64s
======================================================================================================

round 92 local learning rate = 0.00010869565217391305

>>> Round:   93 / Acc: 83.365% / Loss: 0.5174 / Grad Norm: 2.0181 / Grad Diff: 1309.6150 / Time: 7.54s
======================================================================================================

round 93 local learning rate = 0.00010752688172043011

>>> Round:   94 / Acc: 83.400% / Loss: 0.5159 / Grad Norm: 1.9219 / Grad Diff: 1306.9591 / Time: 7.41s
======================================================================================================

round 94 local learning rate = 0.00010638297872340425

>>> Round:   95 / Acc: 83.448% / Loss: 0.5147 / Grad Norm: 1.9873 / Grad Diff: 1307.3869 / Time: 7.66s
======================================================================================================

= Test = round: 95 / acc: 84.800% / loss: 0.4735 / Time: 0.63s
======================================================================================================

round 95 local learning rate = 0.00010526315789473685

>>> Round:   96 / Acc: 83.506% / Loss: 0.5136 / Grad Norm: 2.0126 / Grad Diff: 1306.6129 / Time: 7.72s
======================================================================================================

round 96 local learning rate = 0.00010416666666666667

>>> Round:   97 / Acc: 83.552% / Loss: 0.5123 / Grad Norm: 1.9845 / Grad Diff: 1306.7787 / Time: 7.45s
======================================================================================================

round 97 local learning rate = 0.00010309278350515464

>>> Round:   98 / Acc: 83.568% / Loss: 0.5109 / Grad Norm: 1.9013 / Grad Diff: 1306.2617 / Time: 7.53s
======================================================================================================

round 98 local learning rate = 0.00010204081632653062

>>> Round:   99 / Acc: 83.592% / Loss: 0.5096 / Grad Norm: 1.8705 / Grad Diff: 1305.2147 / Time: 7.73s
======================================================================================================

round 99 local learning rate = 0.00010101010101010101

>>> Round:  100 / Acc: 83.655% / Loss: 0.5086 / Grad Norm: 1.9265 / Grad Diff: 1305.8850 / Time: 8.56s
======================================================================================================

= Test = round: 100 / acc: 85.010% / loss: 0.4679 / Time: 0.62s
======================================================================================================

round 100 local learning rate = 0.0001

>>> Round:  101 / Acc: 83.668% / Loss: 0.5076 / Grad Norm: 2.0569 / Grad Diff: 1307.8473 / Time: 7.60s
======================================================================================================

round 101 local learning rate = 9.900990099009902e-05

>>> Round:  102 / Acc: 83.718% / Loss: 0.5065 / Grad Norm: 2.0973 / Grad Diff: 1308.6964 / Time: 8.12s
======================================================================================================

round 102 local learning rate = 9.80392156862745e-05

>>> Round:  103 / Acc: 83.749% / Loss: 0.5054 / Grad Norm: 2.1070 / Grad Diff: 1308.3545 / Time: 7.78s
======================================================================================================

round 103 local learning rate = 9.70873786407767e-05

>>> Round:  104 / Acc: 83.775% / Loss: 0.5043 / Grad Norm: 2.1195 / Grad Diff: 1308.2454 / Time: 7.71s
======================================================================================================

round 104 local learning rate = 9.615384615384615e-05

>>> Round:  105 / Acc: 83.793% / Loss: 0.5032 / Grad Norm: 2.1335 / Grad Diff: 1307.6244 / Time: 7.54s
======================================================================================================

= Test = round: 105 / acc: 85.260% / loss: 0.4626 / Time: 0.64s
======================================================================================================

round 105 local learning rate = 9.523809523809524e-05

>>> Round:  106 / Acc: 83.839% / Loss: 0.5020 / Grad Norm: 2.0951 / Grad Diff: 1306.0748 / Time: 7.58s
======================================================================================================

round 106 local learning rate = 9.433962264150943e-05

>>> Round:  107 / Acc: 83.880% / Loss: 0.5009 / Grad Norm: 2.0358 / Grad Diff: 1304.3398 / Time: 7.58s
======================================================================================================

round 107 local learning rate = 9.345794392523364e-05

>>> Round:  108 / Acc: 83.917% / Loss: 0.4996 / Grad Norm: 1.9013 / Grad Diff: 1301.1427 / Time: 7.97s
======================================================================================================

round 108 local learning rate = 9.259259259259259e-05

>>> Round:  109 / Acc: 83.972% / Loss: 0.4986 / Grad Norm: 1.9179 / Grad Diff: 1301.4041 / Time: 7.68s
======================================================================================================

round 109 local learning rate = 9.174311926605505e-05

>>> Round:  110 / Acc: 84.000% / Loss: 0.4975 / Grad Norm: 1.8656 / Grad Diff: 1299.9899 / Time: 8.94s
======================================================================================================

= Test = round: 110 / acc: 85.420% / loss: 0.4577 / Time: 0.62s
======================================================================================================

round 110 local learning rate = 9.090909090909092e-05

>>> Round:  111 / Acc: 84.039% / Loss: 0.4965 / Grad Norm: 1.8819 / Grad Diff: 1299.4390 / Time: 7.63s
======================================================================================================

round 111 local learning rate = 9.009009009009009e-05

>>> Round:  112 / Acc: 84.092% / Loss: 0.4954 / Grad Norm: 1.8181 / Grad Diff: 1297.8077 / Time: 7.90s
======================================================================================================

round 112 local learning rate = 8.928571428571429e-05

>>> Round:  113 / Acc: 84.120% / Loss: 0.4945 / Grad Norm: 1.9037 / Grad Diff: 1299.4276 / Time: 7.58s
======================================================================================================

round 113 local learning rate = 8.849557522123894e-05

>>> Round:  114 / Acc: 84.129% / Loss: 0.4936 / Grad Norm: 1.8847 / Grad Diff: 1298.4398 / Time: 7.46s
======================================================================================================

round 114 local learning rate = 8.771929824561404e-05

>>> Round:  115 / Acc: 84.186% / Loss: 0.4927 / Grad Norm: 1.9746 / Grad Diff: 1299.8769 / Time: 7.68s
======================================================================================================

= Test = round: 115 / acc: 85.580% / loss: 0.4531 / Time: 0.79s
======================================================================================================

round 115 local learning rate = 8.695652173913044e-05

>>> Round:  116 / Acc: 84.238% / Loss: 0.4917 / Grad Norm: 1.8962 / Grad Diff: 1297.6929 / Time: 9.51s
======================================================================================================

round 116 local learning rate = 8.620689655172414e-05

>>> Round:  117 / Acc: 84.234% / Loss: 0.4907 / Grad Norm: 1.9244 / Grad Diff: 1297.6978 / Time: 8.15s
======================================================================================================

round 117 local learning rate = 8.547008547008547e-05

>>> Round:  118 / Acc: 84.260% / Loss: 0.4900 / Grad Norm: 2.0373 / Grad Diff: 1299.8866 / Time: 7.78s
======================================================================================================

round 118 local learning rate = 8.474576271186441e-05

>>> Round:  119 / Acc: 84.271% / Loss: 0.4891 / Grad Norm: 2.0228 / Grad Diff: 1298.7696 / Time: 7.49s
======================================================================================================

round 119 local learning rate = 8.403361344537815e-05

>>> Round:  120 / Acc: 84.358% / Loss: 0.4879 / Grad Norm: 1.8400 / Grad Diff: 1294.7481 / Time: 7.22s
======================================================================================================

= Test = round: 120 / acc: 85.760% / loss: 0.4488 / Time: 0.61s
======================================================================================================

round 120 local learning rate = 8.333333333333333e-05

>>> Round:  121 / Acc: 84.373% / Loss: 0.4869 / Grad Norm: 1.8370 / Grad Diff: 1294.2667 / Time: 7.64s
======================================================================================================

round 121 local learning rate = 8.264462809917356e-05

>>> Round:  122 / Acc: 84.400% / Loss: 0.4861 / Grad Norm: 1.8446 / Grad Diff: 1293.9822 / Time: 7.42s
======================================================================================================

round 122 local learning rate = 8.19672131147541e-05

>>> Round:  123 / Acc: 84.432% / Loss: 0.4852 / Grad Norm: 1.8647 / Grad Diff: 1293.6980 / Time: 7.66s
======================================================================================================

round 123 local learning rate = 8.130081300813008e-05

>>> Round:  124 / Acc: 84.467% / Loss: 0.4842 / Grad Norm: 1.7726 / Grad Diff: 1291.3607 / Time: 7.52s
======================================================================================================

round 124 local learning rate = 8.064516129032258e-05

>>> Round:  125 / Acc: 84.474% / Loss: 0.4834 / Grad Norm: 1.8273 / Grad Diff: 1291.3743 / Time: 7.43s
======================================================================================================

= Test = round: 125 / acc: 85.890% / loss: 0.4448 / Time: 0.61s
======================================================================================================

round 125 local learning rate = 8e-05

>>> Round:  126 / Acc: 84.517% / Loss: 0.4827 / Grad Norm: 1.8929 / Grad Diff: 1292.1110 / Time: 8.81s
======================================================================================================

round 126 local learning rate = 7.936507936507937e-05

>>> Round:  127 / Acc: 84.546% / Loss: 0.4819 / Grad Norm: 1.9383 / Grad Diff: 1292.8315 / Time: 7.42s
======================================================================================================

round 127 local learning rate = 7.874015748031496e-05

>>> Round:  128 / Acc: 84.568% / Loss: 0.4810 / Grad Norm: 1.9256 / Grad Diff: 1292.4940 / Time: 7.38s
======================================================================================================

round 128 local learning rate = 7.8125e-05

>>> Round:  129 / Acc: 84.589% / Loss: 0.4801 / Grad Norm: 1.8424 / Grad Diff: 1290.6757 / Time: 7.67s
======================================================================================================

round 129 local learning rate = 7.751937984496124e-05

>>> Round:  130 / Acc: 84.589% / Loss: 0.4792 / Grad Norm: 1.7358 / Grad Diff: 1288.6856 / Time: 7.55s
======================================================================================================

= Test = round: 130 / acc: 86.050% / loss: 0.4410 / Time: 0.60s
======================================================================================================

round 130 local learning rate = 7.692307692307693e-05

>>> Round:  131 / Acc: 84.642% / Loss: 0.4784 / Grad Norm: 1.7440 / Grad Diff: 1288.2416 / Time: 7.43s
======================================================================================================

round 131 local learning rate = 7.633587786259542e-05

>>> Round:  132 / Acc: 84.662% / Loss: 0.4775 / Grad Norm: 1.7168 / Grad Diff: 1286.8805 / Time: 7.39s
======================================================================================================

round 132 local learning rate = 7.575757575757576e-05

>>> Round:  133 / Acc: 84.679% / Loss: 0.4768 / Grad Norm: 1.7770 / Grad Diff: 1287.2944 / Time: 7.71s
======================================================================================================

round 133 local learning rate = 7.518796992481203e-05

>>> Round:  134 / Acc: 84.685% / Loss: 0.4759 / Grad Norm: 1.6729 / Grad Diff: 1284.5935 / Time: 7.38s
======================================================================================================

round 134 local learning rate = 7.462686567164179e-05

>>> Round:  135 / Acc: 84.710% / Loss: 0.4754 / Grad Norm: 1.8405 / Grad Diff: 1287.3528 / Time: 8.01s
======================================================================================================

= Test = round: 135 / acc: 86.070% / loss: 0.4374 / Time: 0.60s
======================================================================================================

round 135 local learning rate = 7.407407407407407e-05

>>> Round:  136 / Acc: 84.747% / Loss: 0.4746 / Grad Norm: 1.8768 / Grad Diff: 1287.1366 / Time: 7.69s
======================================================================================================

round 136 local learning rate = 7.352941176470589e-05

>>> Round:  137 / Acc: 84.756% / Loss: 0.4739 / Grad Norm: 1.8921 / Grad Diff: 1287.1968 / Time: 7.31s
======================================================================================================

round 137 local learning rate = 7.299270072992701e-05

>>> Round:  138 / Acc: 84.775% / Loss: 0.4732 / Grad Norm: 1.8803 / Grad Diff: 1286.4886 / Time: 7.69s
======================================================================================================

round 138 local learning rate = 7.246376811594203e-05

>>> Round:  139 / Acc: 84.797% / Loss: 0.4724 / Grad Norm: 1.8879 / Grad Diff: 1286.2076 / Time: 7.59s
======================================================================================================

round 139 local learning rate = 7.194244604316547e-05

>>> Round:  140 / Acc: 84.810% / Loss: 0.4716 / Grad Norm: 1.8002 / Grad Diff: 1284.2252 / Time: 7.71s
======================================================================================================

= Test = round: 140 / acc: 86.150% / loss: 0.4340 / Time: 0.63s
======================================================================================================

round 140 local learning rate = 7.142857142857143e-05

>>> Round:  141 / Acc: 84.836% / Loss: 0.4708 / Grad Norm: 1.7158 / Grad Diff: 1282.1978 / Time: 7.46s
======================================================================================================

round 141 local learning rate = 7.092198581560284e-05

>>> Round:  142 / Acc: 84.867% / Loss: 0.4701 / Grad Norm: 1.7612 / Grad Diff: 1282.6371 / Time: 7.48s
======================================================================================================

round 142 local learning rate = 7.042253521126761e-05

>>> Round:  143 / Acc: 84.882% / Loss: 0.4693 / Grad Norm: 1.6960 / Grad Diff: 1280.5053 / Time: 7.89s
======================================================================================================

round 143 local learning rate = 6.993006993006993e-05

>>> Round:  144 / Acc: 84.921% / Loss: 0.4686 / Grad Norm: 1.6736 / Grad Diff: 1279.8686 / Time: 7.59s
======================================================================================================

round 144 local learning rate = 6.944444444444444e-05

>>> Round:  145 / Acc: 84.923% / Loss: 0.4679 / Grad Norm: 1.7155 / Grad Diff: 1279.6967 / Time: 9.56s
======================================================================================================

= Test = round: 145 / acc: 86.270% / loss: 0.4307 / Time: 0.66s
======================================================================================================

round 145 local learning rate = 6.896551724137931e-05

>>> Round:  146 / Acc: 84.928% / Loss: 0.4672 / Grad Norm: 1.7127 / Grad Diff: 1278.7874 / Time: 8.87s
======================================================================================================

round 146 local learning rate = 6.84931506849315e-05

>>> Round:  147 / Acc: 84.946% / Loss: 0.4665 / Grad Norm: 1.7441 / Grad Diff: 1278.8437 / Time: 8.22s
======================================================================================================

round 147 local learning rate = 6.802721088435374e-05

>>> Round:  148 / Acc: 84.950% / Loss: 0.4659 / Grad Norm: 1.7642 / Grad Diff: 1278.6652 / Time: 7.80s
======================================================================================================

round 148 local learning rate = 6.756756756756757e-05

>>> Round:  149 / Acc: 85.013% / Loss: 0.4652 / Grad Norm: 1.7582 / Grad Diff: 1277.7824 / Time: 7.79s
======================================================================================================

round 149 local learning rate = 6.711409395973155e-05

>>> Round:  150 / Acc: 85.013% / Loss: 0.4645 / Grad Norm: 1.7269 / Grad Diff: 1276.9123 / Time: 7.89s
======================================================================================================

= Test = round: 150 / acc: 86.390% / loss: 0.4275 / Time: 0.61s
======================================================================================================

round 150 local learning rate = 6.666666666666667e-05

>>> Round:  151 / Acc: 85.048% / Loss: 0.4638 / Grad Norm: 1.6562 / Grad Diff: 1275.3008 / Time: 7.67s
======================================================================================================

round 151 local learning rate = 6.622516556291391e-05

>>> Round:  152 / Acc: 85.083% / Loss: 0.4632 / Grad Norm: 1.7429 / Grad Diff: 1276.0674 / Time: 7.75s
======================================================================================================

round 152 local learning rate = 6.578947368421052e-05

>>> Round:  153 / Acc: 85.111% / Loss: 0.4627 / Grad Norm: 1.8088 / Grad Diff: 1276.7451 / Time: 7.75s
======================================================================================================

round 153 local learning rate = 6.535947712418301e-05

>>> Round:  154 / Acc: 85.129% / Loss: 0.4621 / Grad Norm: 1.8193 / Grad Diff: 1276.2068 / Time: 7.89s
======================================================================================================

round 154 local learning rate = 6.493506493506494e-05

>>> Round:  155 / Acc: 85.135% / Loss: 0.4613 / Grad Norm: 1.7520 / Grad Diff: 1274.4822 / Time: 7.71s
======================================================================================================

= Test = round: 155 / acc: 86.510% / loss: 0.4245 / Time: 0.62s
======================================================================================================

round 155 local learning rate = 6.451612903225807e-05

>>> Round:  156 / Acc: 85.135% / Loss: 0.4607 / Grad Norm: 1.7574 / Grad Diff: 1274.1866 / Time: 7.66s
======================================================================================================

round 156 local learning rate = 6.41025641025641e-05

>>> Round:  157 / Acc: 85.170% / Loss: 0.4601 / Grad Norm: 1.7133 / Grad Diff: 1272.9998 / Time: 7.63s
======================================================================================================

round 157 local learning rate = 6.369426751592357e-05

>>> Round:  158 / Acc: 85.153% / Loss: 0.4595 / Grad Norm: 1.7371 / Grad Diff: 1273.3538 / Time: 7.75s
======================================================================================================

round 158 local learning rate = 6.329113924050633e-05

>>> Round:  159 / Acc: 85.188% / Loss: 0.4588 / Grad Norm: 1.6815 / Grad Diff: 1271.8094 / Time: 7.63s
======================================================================================================

round 159 local learning rate = 6.289308176100629e-05

>>> Round:  160 / Acc: 85.218% / Loss: 0.4581 / Grad Norm: 1.6293 / Grad Diff: 1270.1450 / Time: 7.67s
======================================================================================================

= Test = round: 160 / acc: 86.540% / loss: 0.4216 / Time: 0.61s
======================================================================================================

round 160 local learning rate = 6.25e-05

>>> Round:  161 / Acc: 85.249% / Loss: 0.4575 / Grad Norm: 1.6258 / Grad Diff: 1269.3060 / Time: 7.05s
======================================================================================================

round 161 local learning rate = 6.211180124223603e-05

>>> Round:  162 / Acc: 85.266% / Loss: 0.4569 / Grad Norm: 1.6458 / Grad Diff: 1269.2118 / Time: 7.66s
======================================================================================================

round 162 local learning rate = 6.17283950617284e-05

>>> Round:  163 / Acc: 85.262% / Loss: 0.4564 / Grad Norm: 1.6844 / Grad Diff: 1269.3226 / Time: 7.76s
======================================================================================================

round 163 local learning rate = 6.134969325153375e-05

>>> Round:  164 / Acc: 85.310% / Loss: 0.4557 / Grad Norm: 1.6325 / Grad Diff: 1267.1139 / Time: 7.83s
======================================================================================================

round 164 local learning rate = 6.097560975609756e-05

>>> Round:  165 / Acc: 85.343% / Loss: 0.4552 / Grad Norm: 1.6946 / Grad Diff: 1267.3947 / Time: 7.68s
======================================================================================================

= Test = round: 165 / acc: 86.600% / loss: 0.4189 / Time: 0.60s
======================================================================================================

round 165 local learning rate = 6.0606060606060605e-05

>>> Round:  166 / Acc: 85.352% / Loss: 0.4546 / Grad Norm: 1.6611 / Grad Diff: 1266.4469 / Time: 7.71s
======================================================================================================

round 166 local learning rate = 6.024096385542169e-05

>>> Round:  167 / Acc: 85.389% / Loss: 0.4540 / Grad Norm: 1.6539 / Grad Diff: 1265.7689 / Time: 7.79s
======================================================================================================

round 167 local learning rate = 5.988023952095808e-05

>>> Round:  168 / Acc: 85.373% / Loss: 0.4534 / Grad Norm: 1.6307 / Grad Diff: 1264.8408 / Time: 7.41s
======================================================================================================

round 168 local learning rate = 5.9523809523809524e-05

>>> Round:  169 / Acc: 85.384% / Loss: 0.4528 / Grad Norm: 1.5808 / Grad Diff: 1263.7588 / Time: 7.75s
======================================================================================================

round 169 local learning rate = 5.9171597633136094e-05

>>> Round:  170 / Acc: 85.402% / Loss: 0.4523 / Grad Norm: 1.6539 / Grad Diff: 1264.4318 / Time: 7.56s
======================================================================================================

= Test = round: 170 / acc: 86.730% / loss: 0.4164 / Time: 0.59s
======================================================================================================

round 170 local learning rate = 5.882352941176471e-05

>>> Round:  171 / Acc: 85.434% / Loss: 0.4517 / Grad Norm: 1.5610 / Grad Diff: 1262.1882 / Time: 7.64s
======================================================================================================

round 171 local learning rate = 5.847953216374269e-05

>>> Round:  172 / Acc: 85.459% / Loss: 0.4512 / Grad Norm: 1.6232 / Grad Diff: 1262.7403 / Time: 7.73s
======================================================================================================

round 172 local learning rate = 5.8139534883720933e-05

>>> Round:  173 / Acc: 85.450% / Loss: 0.4506 / Grad Norm: 1.5801 / Grad Diff: 1261.4703 / Time: 7.60s
======================================================================================================

round 173 local learning rate = 5.7803468208092484e-05

>>> Round:  174 / Acc: 85.459% / Loss: 0.4500 / Grad Norm: 1.5334 / Grad Diff: 1259.5927 / Time: 7.81s
======================================================================================================

round 174 local learning rate = 5.747126436781609e-05

>>> Round:  175 / Acc: 85.504% / Loss: 0.4495 / Grad Norm: 1.5311 / Grad Diff: 1259.0953 / Time: 7.75s
======================================================================================================

= Test = round: 175 / acc: 86.800% / loss: 0.4137 / Time: 0.60s
======================================================================================================

round 175 local learning rate = 5.714285714285714e-05

>>> Round:  176 / Acc: 85.539% / Loss: 0.4491 / Grad Norm: 1.7030 / Grad Diff: 1261.1999 / Time: 7.73s
======================================================================================================

round 176 local learning rate = 5.681818181818182e-05

>>> Round:  177 / Acc: 85.557% / Loss: 0.4486 / Grad Norm: 1.7096 / Grad Diff: 1260.3693 / Time: 7.79s
======================================================================================================

round 177 local learning rate = 5.649717514124294e-05

>>> Round:  178 / Acc: 85.585% / Loss: 0.4481 / Grad Norm: 1.7040 / Grad Diff: 1259.5663 / Time: 7.66s
======================================================================================================

round 178 local learning rate = 5.617977528089888e-05

>>> Round:  179 / Acc: 85.587% / Loss: 0.4474 / Grad Norm: 1.5704 / Grad Diff: 1257.2083 / Time: 8.82s
======================================================================================================

round 179 local learning rate = 5.58659217877095e-05

>>> Round:  180 / Acc: 85.624% / Loss: 0.4469 / Grad Norm: 1.5962 / Grad Diff: 1257.0722 / Time: 7.75s
======================================================================================================

= Test = round: 180 / acc: 86.850% / loss: 0.4113 / Time: 0.65s
======================================================================================================

round 180 local learning rate = 5.555555555555556e-05

>>> Round:  181 / Acc: 85.620% / Loss: 0.4464 / Grad Norm: 1.5415 / Grad Diff: 1255.7028 / Time: 7.86s
======================================================================================================

round 181 local learning rate = 5.524861878453039e-05

>>> Round:  182 / Acc: 85.627% / Loss: 0.4459 / Grad Norm: 1.5433 / Grad Diff: 1255.2764 / Time: 8.07s
======================================================================================================

round 182 local learning rate = 5.4945054945054945e-05

>>> Round:  183 / Acc: 85.659% / Loss: 0.4454 / Grad Norm: 1.5820 / Grad Diff: 1255.4897 / Time: 7.99s
======================================================================================================

round 183 local learning rate = 5.46448087431694e-05

>>> Round:  184 / Acc: 85.679% / Loss: 0.4449 / Grad Norm: 1.6098 / Grad Diff: 1255.3883 / Time: 7.99s
======================================================================================================

round 184 local learning rate = 5.4347826086956524e-05

>>> Round:  185 / Acc: 85.688% / Loss: 0.4443 / Grad Norm: 1.4631 / Grad Diff: 1251.5651 / Time: 7.74s
======================================================================================================

= Test = round: 185 / acc: 86.950% / loss: 0.4091 / Time: 0.63s
======================================================================================================

round 185 local learning rate = 5.4054054054054054e-05

>>> Round:  186 / Acc: 85.701% / Loss: 0.4438 / Grad Norm: 1.4329 / Grad Diff: 1250.2529 / Time: 7.77s
======================================================================================================

round 186 local learning rate = 5.3763440860215054e-05

>>> Round:  187 / Acc: 85.714% / Loss: 0.4433 / Grad Norm: 1.5248 / Grad Diff: 1251.5345 / Time: 8.21s
======================================================================================================

round 187 local learning rate = 5.347593582887701e-05

>>> Round:  188 / Acc: 85.755% / Loss: 0.4429 / Grad Norm: 1.5547 / Grad Diff: 1251.0236 / Time: 9.24s
======================================================================================================

round 188 local learning rate = 5.319148936170213e-05

>>> Round:  189 / Acc: 85.779% / Loss: 0.4424 / Grad Norm: 1.5437 / Grad Diff: 1250.6415 / Time: 8.87s
======================================================================================================

round 189 local learning rate = 5.291005291005291e-05

>>> Round:  190 / Acc: 85.792% / Loss: 0.4420 / Grad Norm: 1.6011 / Grad Diff: 1251.2564 / Time: 9.10s
======================================================================================================

= Test = round: 190 / acc: 87.010% / loss: 0.4068 / Time: 0.64s
======================================================================================================

round 190 local learning rate = 5.2631578947368424e-05

>>> Round:  191 / Acc: 85.817% / Loss: 0.4414 / Grad Norm: 1.5067 / Grad Diff: 1248.7133 / Time: 7.80s
======================================================================================================

round 191 local learning rate = 5.2356020942408376e-05

>>> Round:  192 / Acc: 85.839% / Loss: 0.4409 / Grad Norm: 1.5219 / Grad Diff: 1248.3872 / Time: 7.92s
======================================================================================================

round 192 local learning rate = 5.208333333333334e-05

>>> Round:  193 / Acc: 85.847% / Loss: 0.4404 / Grad Norm: 1.4735 / Grad Diff: 1246.8919 / Time: 7.66s
======================================================================================================

round 193 local learning rate = 5.1813471502590674e-05

>>> Round:  194 / Acc: 85.876% / Loss: 0.4400 / Grad Norm: 1.5382 / Grad Diff: 1247.5095 / Time: 7.65s
======================================================================================================

round 194 local learning rate = 5.154639175257732e-05

>>> Round:  195 / Acc: 85.891% / Loss: 0.4395 / Grad Norm: 1.5342 / Grad Diff: 1246.6601 / Time: 7.53s
======================================================================================================

= Test = round: 195 / acc: 87.040% / loss: 0.4048 / Time: 0.59s
======================================================================================================

round 195 local learning rate = 5.1282051282051286e-05

>>> Round:  196 / Acc: 85.897% / Loss: 0.4391 / Grad Norm: 1.5667 / Grad Diff: 1246.9040 / Time: 7.88s
======================================================================================================

round 196 local learning rate = 5.102040816326531e-05

>>> Round:  197 / Acc: 85.919% / Loss: 0.4386 / Grad Norm: 1.5372 / Grad Diff: 1245.7104 / Time: 7.40s
======================================================================================================

round 197 local learning rate = 5.076142131979695e-05

>>> Round:  198 / Acc: 85.928% / Loss: 0.4382 / Grad Norm: 1.5743 / Grad Diff: 1245.6315 / Time: 7.55s
======================================================================================================

round 198 local learning rate = 5.0505050505050505e-05

>>> Round:  199 / Acc: 85.919% / Loss: 0.4377 / Grad Norm: 1.5338 / Grad Diff: 1244.1979 / Time: 8.05s
======================================================================================================

round 199 local learning rate = 5.0251256281407036e-05

>>> Round:  200 / Acc: 85.959% / Loss: 0.4372 / Grad Norm: 1.4579 / Grad Diff: 1242.0651 / Time: 7.68s
======================================================================================================

= Test = round: 200 / acc: 87.070% / loss: 0.4028 / Time: 0.62s
======================================================================================================

