nohup: ignoring input
Using device: cuda:0
>>> Arguments:
	             algo : fedavgtl
	            alpha : 51871.0
	       batch_size : 64
	clients_per_round : 100
	          dataset : mnist_all_data_1_equal_niid
	           device : cuda:0
	              dis : 
	   early_stopping : 20
	       eval_every : 5
	    ft_batch_size : 128
	       ft_dataset : mnist-m
	        ft_epochs : 2
	            ft_lr : 0.01
	            ft_wd : 0.0
	              gpu : True
	      input_shape : (1, 28, 28)
	           last_k : 2
	               lr : 0.01
	            model : lenet
	           n_init : 5
	        noaverage : False
	          noprint : False
	        num_class : 10
	        num_epoch : 1
	        num_round : 200
	           opt_lr : False
	            reg_J : True
	       reg_J_coef : 0.0001
	             seed : 0
	               wd : 0.0
>>> Read data from:
     ./data/mnist/data/all_data_1.pkl
>>> The estimate of constant alpha is 51871.0.
>>> Read data from:
     ./data/mnist/data/train/all_data_1_equal_niid.pkl
     ./data/mnist/data/test/all_data_1_equal_niid.pkl
>>> Use gpu on device cuda:0
>>> Model statistic per layer
LeNet_MNIST(
  286.12 KMac, 100.000% MACs, 
  (conv1): Conv2d(89.856 KMac, 31.405% MACs, 1, 6, kernel_size=(5, 5), stride=(1, 1))
  (conv2): Conv2d(154.624 KMac, 54.042% MACs, 6, 16, kernel_size=(5, 5), stride=(1, 1))
  (fc1): Linear(30.72 KMac, 10.737% MACs, in_features=256, out_features=120, bias=True)
  (fc2): Linear(10.08 KMac, 3.523% MACs, in_features=120, out_features=84, bias=True)
  (fc3): Linear(840.0 Mac, 0.294% MACs, in_features=84, out_features=10, bias=True)
)
>>> Activate a worker for training
>>> Initialize 100 clients in total
>>> Weigh updates by simple average
>>> Select 100 clients per round 


>>> Round:    0 / Acc: 12.127% / Loss: 10.8700 / Grad Norm: 152.0367 / Grad Diff: 35576.8075 / Time: 6.95s
======================================================================================================

= Test = round: 0 / acc: 12.500% / loss: 10.7624 / Time: 0.63s
======================================================================================================

round 0 local learning rate = 0.01

>>> Round:    1 / Acc: 12.640% / Loss: 2.3087 / Grad Norm: 1.4972 / Grad Diff: 26.4674 / Time: 6.31s
======================================================================================================

round 1 local learning rate = 0.01

>>> Round:    2 / Acc: 24.697% / Loss: 2.1123 / Grad Norm: 3.4623 / Grad Diff: 132.1013 / Time: 6.52s
======================================================================================================

round 2 local learning rate = 0.005

>>> Round:    3 / Acc: 38.659% / Loss: 1.7659 / Grad Norm: 5.5418 / Grad Diff: 518.6765 / Time: 6.59s
======================================================================================================

round 3 local learning rate = 0.0033333333333333335

>>> Round:    4 / Acc: 47.559% / Loss: 1.5262 / Grad Norm: 5.8954 / Grad Diff: 840.2417 / Time: 6.56s
======================================================================================================

round 4 local learning rate = 0.0025

>>> Round:    5 / Acc: 53.851% / Loss: 1.3593 / Grad Norm: 5.4753 / Grad Diff: 1030.7934 / Time: 6.41s
======================================================================================================

= Test = round: 5 / acc: 55.610% / loss: 1.3246 / Time: 0.58s
======================================================================================================

round 5 local learning rate = 0.002

>>> Round:    6 / Acc: 58.155% / Loss: 1.2426 / Grad Norm: 5.1657 / Grad Diff: 1135.5473 / Time: 6.40s
======================================================================================================

round 6 local learning rate = 0.0016666666666666668

>>> Round:    7 / Acc: 61.373% / Loss: 1.1532 / Grad Norm: 4.8315 / Grad Diff: 1214.5979 / Time: 6.42s
======================================================================================================

round 7 local learning rate = 0.0014285714285714286

>>> Round:    8 / Acc: 63.919% / Loss: 1.0836 / Grad Norm: 4.7041 / Grad Diff: 1256.1122 / Time: 6.41s
======================================================================================================

round 8 local learning rate = 0.00125

>>> Round:    9 / Acc: 65.891% / Loss: 1.0272 / Grad Norm: 4.5601 / Grad Diff: 1296.6869 / Time: 6.39s
======================================================================================================

round 9 local learning rate = 0.0011111111111111111

>>> Round:   10 / Acc: 67.520% / Loss: 0.9801 / Grad Norm: 4.4110 / Grad Diff: 1326.7131 / Time: 6.34s
======================================================================================================

= Test = round: 10 / acc: 69.240% / loss: 0.9304 / Time: 0.52s
======================================================================================================

round 10 local learning rate = 0.001

>>> Round:   11 / Acc: 68.897% / Loss: 0.9410 / Grad Norm: 4.3950 / Grad Diff: 1355.7798 / Time: 6.26s
======================================================================================================

round 11 local learning rate = 0.0009090909090909091

>>> Round:   12 / Acc: 70.039% / Loss: 0.9065 / Grad Norm: 4.1987 / Grad Diff: 1378.4252 / Time: 6.32s
======================================================================================================

round 12 local learning rate = 0.0008333333333333334

>>> Round:   13 / Acc: 71.022% / Loss: 0.8767 / Grad Norm: 4.1603 / Grad Diff: 1396.9241 / Time: 6.41s
======================================================================================================

round 13 local learning rate = 0.0007692307692307692

>>> Round:   14 / Acc: 71.810% / Loss: 0.8506 / Grad Norm: 4.1048 / Grad Diff: 1424.0490 / Time: 6.47s
======================================================================================================

round 14 local learning rate = 0.0007142857142857143

>>> Round:   15 / Acc: 72.638% / Loss: 0.8265 / Grad Norm: 3.9970 / Grad Diff: 1435.4943 / Time: 6.44s
======================================================================================================

= Test = round: 15 / acc: 73.850% / loss: 0.7771 / Time: 0.53s
======================================================================================================

round 15 local learning rate = 0.0006666666666666666

>>> Round:   16 / Acc: 73.277% / Loss: 0.8055 / Grad Norm: 3.9065 / Grad Diff: 1452.8305 / Time: 6.42s
======================================================================================================

round 16 local learning rate = 0.000625

>>> Round:   17 / Acc: 73.906% / Loss: 0.7867 / Grad Norm: 3.8894 / Grad Diff: 1466.0176 / Time: 6.38s
======================================================================================================

round 17 local learning rate = 0.0005882352941176471

>>> Round:   18 / Acc: 74.439% / Loss: 0.7696 / Grad Norm: 3.7801 / Grad Diff: 1478.8112 / Time: 6.37s
======================================================================================================

round 18 local learning rate = 0.0005555555555555556

>>> Round:   19 / Acc: 74.921% / Loss: 0.7540 / Grad Norm: 3.7479 / Grad Diff: 1492.8723 / Time: 6.28s
======================================================================================================

round 19 local learning rate = 0.0005263157894736842

>>> Round:   20 / Acc: 75.347% / Loss: 0.7395 / Grad Norm: 3.8346 / Grad Diff: 1503.6245 / Time: 6.52s
======================================================================================================

= Test = round: 20 / acc: 76.810% / loss: 0.6913 / Time: 0.52s
======================================================================================================

round 20 local learning rate = 0.0005

>>> Round:   21 / Acc: 75.814% / Loss: 0.7260 / Grad Norm: 3.7655 / Grad Diff: 1517.0552 / Time: 7.68s
======================================================================================================

round 21 local learning rate = 0.0004761904761904762

>>> Round:   22 / Acc: 76.247% / Loss: 0.7134 / Grad Norm: 3.7079 / Grad Diff: 1525.6440 / Time: 6.61s
======================================================================================================

round 22 local learning rate = 0.00045454545454545455

>>> Round:   23 / Acc: 76.637% / Loss: 0.7020 / Grad Norm: 3.7378 / Grad Diff: 1536.3698 / Time: 6.47s
======================================================================================================

round 23 local learning rate = 0.0004347826086956522

>>> Round:   24 / Acc: 76.983% / Loss: 0.6908 / Grad Norm: 3.6175 / Grad Diff: 1545.5094 / Time: 6.49s
======================================================================================================

round 24 local learning rate = 0.0004166666666666667

>>> Round:   25 / Acc: 77.338% / Loss: 0.6810 / Grad Norm: 3.6686 / Grad Diff: 1559.1508 / Time: 6.66s
======================================================================================================

= Test = round: 25 / acc: 78.780% / loss: 0.6332 / Time: 0.55s
======================================================================================================

round 25 local learning rate = 0.0004

>>> Round:   26 / Acc: 77.699% / Loss: 0.6715 / Grad Norm: 3.6837 / Grad Diff: 1570.0381 / Time: 7.28s
======================================================================================================

round 26 local learning rate = 0.0003846153846153846

>>> Round:   27 / Acc: 77.956% / Loss: 0.6623 / Grad Norm: 3.4862 / Grad Diff: 1578.3081 / Time: 6.45s
======================================================================================================

round 27 local learning rate = 0.00037037037037037035

>>> Round:   28 / Acc: 78.262% / Loss: 0.6543 / Grad Norm: 3.6518 / Grad Diff: 1590.6442 / Time: 6.41s
======================================================================================================

round 28 local learning rate = 0.00035714285714285714

>>> Round:   29 / Acc: 78.539% / Loss: 0.6462 / Grad Norm: 3.6096 / Grad Diff: 1595.6138 / Time: 6.47s
======================================================================================================

round 29 local learning rate = 0.0003448275862068966

>>> Round:   30 / Acc: 78.749% / Loss: 0.6391 / Grad Norm: 3.6645 / Grad Diff: 1607.8932 / Time: 6.50s
======================================================================================================

= Test = round: 30 / acc: 80.160% / loss: 0.5927 / Time: 0.51s
======================================================================================================

round 30 local learning rate = 0.0003333333333333333

>>> Round:   31 / Acc: 79.015% / Loss: 0.6312 / Grad Norm: 3.3811 / Grad Diff: 1608.3285 / Time: 6.39s
======================================================================================================

round 31 local learning rate = 0.0003225806451612903

>>> Round:   32 / Acc: 79.229% / Loss: 0.6248 / Grad Norm: 3.5556 / Grad Diff: 1624.4516 / Time: 6.40s
======================================================================================================

round 32 local learning rate = 0.0003125

>>> Round:   33 / Acc: 79.448% / Loss: 0.6187 / Grad Norm: 3.6233 / Grad Diff: 1633.6367 / Time: 6.73s
======================================================================================================

round 33 local learning rate = 0.00030303030303030303

>>> Round:   34 / Acc: 79.697% / Loss: 0.6121 / Grad Norm: 3.4926 / Grad Diff: 1636.3077 / Time: 6.50s
======================================================================================================

round 34 local learning rate = 0.00029411764705882356

>>> Round:   35 / Acc: 79.904% / Loss: 0.6063 / Grad Norm: 3.5466 / Grad Diff: 1641.1729 / Time: 6.46s
======================================================================================================

= Test = round: 35 / acc: 81.240% / loss: 0.5609 / Time: 0.54s
======================================================================================================

round 35 local learning rate = 0.00028571428571428574

>>> Round:   36 / Acc: 80.094% / Loss: 0.6011 / Grad Norm: 3.6911 / Grad Diff: 1651.8029 / Time: 6.60s
======================================================================================================

round 36 local learning rate = 0.0002777777777777778

>>> Round:   37 / Acc: 80.295% / Loss: 0.5956 / Grad Norm: 3.6895 / Grad Diff: 1658.1755 / Time: 6.51s
======================================================================================================

round 37 local learning rate = 0.0002702702702702703

>>> Round:   38 / Acc: 80.463% / Loss: 0.5904 / Grad Norm: 3.6832 / Grad Diff: 1664.8916 / Time: 6.48s
======================================================================================================

round 38 local learning rate = 0.0002631578947368421

>>> Round:   39 / Acc: 80.622% / Loss: 0.5853 / Grad Norm: 3.5866 / Grad Diff: 1670.0889 / Time: 6.06s
======================================================================================================

round 39 local learning rate = 0.0002564102564102564

>>> Round:   40 / Acc: 80.810% / Loss: 0.5803 / Grad Norm: 3.5510 / Grad Diff: 1673.4916 / Time: 5.86s
======================================================================================================

= Test = round: 40 / acc: 82.110% / loss: 0.5353 / Time: 0.54s
======================================================================================================

round 40 local learning rate = 0.00025

>>> Round:   41 / Acc: 80.961% / Loss: 0.5759 / Grad Norm: 3.5942 / Grad Diff: 1678.5042 / Time: 6.56s
======================================================================================================

round 41 local learning rate = 0.00024390243902439024

>>> Round:   42 / Acc: 81.101% / Loss: 0.5715 / Grad Norm: 3.6051 / Grad Diff: 1683.3181 / Time: 6.39s
======================================================================================================

round 42 local learning rate = 0.0002380952380952381

>>> Round:   43 / Acc: 81.236% / Loss: 0.5674 / Grad Norm: 3.6537 / Grad Diff: 1689.5791 / Time: 6.36s
======================================================================================================

round 43 local learning rate = 0.00023255813953488373

>>> Round:   44 / Acc: 81.435% / Loss: 0.5630 / Grad Norm: 3.5728 / Grad Diff: 1692.7706 / Time: 6.51s
======================================================================================================

round 44 local learning rate = 0.00022727272727272727

>>> Round:   45 / Acc: 81.589% / Loss: 0.5589 / Grad Norm: 3.5104 / Grad Diff: 1696.5176 / Time: 6.36s
======================================================================================================

= Test = round: 45 / acc: 82.770% / loss: 0.5148 / Time: 0.51s
======================================================================================================

round 45 local learning rate = 0.00022222222222222223

>>> Round:   46 / Acc: 81.742% / Loss: 0.5551 / Grad Norm: 3.4960 / Grad Diff: 1699.9383 / Time: 6.50s
======================================================================================================

round 46 local learning rate = 0.0002173913043478261

>>> Round:   47 / Acc: 81.841% / Loss: 0.5515 / Grad Norm: 3.5381 / Grad Diff: 1704.8778 / Time: 6.57s
======================================================================================================

round 47 local learning rate = 0.0002127659574468085

>>> Round:   48 / Acc: 81.994% / Loss: 0.5475 / Grad Norm: 3.4190 / Grad Diff: 1704.8094 / Time: 6.37s
======================================================================================================

round 48 local learning rate = 0.00020833333333333335

>>> Round:   49 / Acc: 82.105% / Loss: 0.5440 / Grad Norm: 3.4610 / Grad Diff: 1710.1187 / Time: 6.93s
======================================================================================================

round 49 local learning rate = 0.00020408163265306123

>>> Round:   50 / Acc: 82.218% / Loss: 0.5408 / Grad Norm: 3.5707 / Grad Diff: 1715.5545 / Time: 6.44s
======================================================================================================

= Test = round: 50 / acc: 83.460% / loss: 0.4971 / Time: 0.50s
======================================================================================================

round 50 local learning rate = 0.0002

>>> Round:   51 / Acc: 82.354% / Loss: 0.5373 / Grad Norm: 3.4570 / Grad Diff: 1716.4051 / Time: 6.39s
======================================================================================================

round 51 local learning rate = 0.000196078431372549

>>> Round:   52 / Acc: 82.476% / Loss: 0.5338 / Grad Norm: 3.3618 / Grad Diff: 1717.8020 / Time: 6.64s
======================================================================================================

round 52 local learning rate = 0.0001923076923076923

>>> Round:   53 / Acc: 82.572% / Loss: 0.5309 / Grad Norm: 3.4410 / Grad Diff: 1723.8611 / Time: 7.57s
======================================================================================================

round 53 local learning rate = 0.00018867924528301886

>>> Round:   54 / Acc: 82.627% / Loss: 0.5280 / Grad Norm: 3.4805 / Grad Diff: 1728.2634 / Time: 6.52s
======================================================================================================

round 54 local learning rate = 0.00018518518518518518

>>> Round:   55 / Acc: 82.705% / Loss: 0.5248 / Grad Norm: 3.3571 / Grad Diff: 1728.4555 / Time: 6.64s
======================================================================================================

= Test = round: 55 / acc: 84.040% / loss: 0.4813 / Time: 0.54s
======================================================================================================

round 55 local learning rate = 0.00018181818181818183

>>> Round:   56 / Acc: 82.814% / Loss: 0.5219 / Grad Norm: 3.4130 / Grad Diff: 1732.8555 / Time: 6.69s
======================================================================================================

round 56 local learning rate = 0.00017857142857142857

>>> Round:   57 / Acc: 82.869% / Loss: 0.5193 / Grad Norm: 3.4572 / Grad Diff: 1737.2021 / Time: 6.44s
======================================================================================================

round 57 local learning rate = 0.00017543859649122808

>>> Round:   58 / Acc: 82.948% / Loss: 0.5165 / Grad Norm: 3.3869 / Grad Diff: 1739.0269 / Time: 6.58s
======================================================================================================

round 58 local learning rate = 0.0001724137931034483

>>> Round:   59 / Acc: 83.018% / Loss: 0.5141 / Grad Norm: 3.5160 / Grad Diff: 1745.8650 / Time: 6.53s
======================================================================================================

round 59 local learning rate = 0.00016949152542372882

>>> Round:   60 / Acc: 83.103% / Loss: 0.5115 / Grad Norm: 3.5547 / Grad Diff: 1748.9416 / Time: 6.46s
======================================================================================================

= Test = round: 60 / acc: 84.500% / loss: 0.4685 / Time: 0.51s
======================================================================================================

round 60 local learning rate = 0.00016666666666666666

>>> Round:   61 / Acc: 83.166% / Loss: 0.5090 / Grad Norm: 3.4978 / Grad Diff: 1749.4650 / Time: 6.45s
======================================================================================================

round 61 local learning rate = 0.0001639344262295082

>>> Round:   62 / Acc: 83.262% / Loss: 0.5065 / Grad Norm: 3.4744 / Grad Diff: 1750.2500 / Time: 6.51s
======================================================================================================

round 62 local learning rate = 0.00016129032258064516

>>> Round:   63 / Acc: 83.321% / Loss: 0.5042 / Grad Norm: 3.5101 / Grad Diff: 1753.4941 / Time: 6.52s
======================================================================================================

round 63 local learning rate = 0.00015873015873015873

>>> Round:   64 / Acc: 83.408% / Loss: 0.5016 / Grad Norm: 3.3977 / Grad Diff: 1753.1739 / Time: 6.38s
======================================================================================================

round 64 local learning rate = 0.00015625

>>> Round:   65 / Acc: 83.494% / Loss: 0.4991 / Grad Norm: 3.2295 / Grad Diff: 1752.0616 / Time: 6.56s
======================================================================================================

= Test = round: 65 / acc: 84.700% / loss: 0.4568 / Time: 0.70s
======================================================================================================

round 65 local learning rate = 0.00015384615384615385

>>> Round:   66 / Acc: 83.557% / Loss: 0.4970 / Grad Norm: 3.2476 / Grad Diff: 1755.0890 / Time: 7.79s
======================================================================================================

round 66 local learning rate = 0.00015151515151515152

>>> Round:   67 / Acc: 83.631% / Loss: 0.4950 / Grad Norm: 3.3877 / Grad Diff: 1760.6015 / Time: 6.33s
======================================================================================================

round 67 local learning rate = 0.00014925373134328358

>>> Round:   68 / Acc: 83.723% / Loss: 0.4927 / Grad Norm: 3.3151 / Grad Diff: 1761.0092 / Time: 6.55s
======================================================================================================

round 68 local learning rate = 0.00014705882352941178

>>> Round:   69 / Acc: 83.808% / Loss: 0.4906 / Grad Norm: 3.3408 / Grad Diff: 1763.4046 / Time: 6.43s
======================================================================================================

round 69 local learning rate = 0.00014492753623188405

>>> Round:   70 / Acc: 83.884% / Loss: 0.4886 / Grad Norm: 3.3410 / Grad Diff: 1766.0013 / Time: 5.69s
======================================================================================================

= Test = round: 70 / acc: 85.050% / loss: 0.4466 / Time: 0.50s
======================================================================================================

round 70 local learning rate = 0.00014285714285714287

>>> Round:   71 / Acc: 83.959% / Loss: 0.4866 / Grad Norm: 3.3728 / Grad Diff: 1767.4595 / Time: 5.88s
======================================================================================================

round 71 local learning rate = 0.00014084507042253522

>>> Round:   72 / Acc: 84.046% / Loss: 0.4846 / Grad Norm: 3.3460 / Grad Diff: 1767.9170 / Time: 5.64s
======================================================================================================

round 72 local learning rate = 0.0001388888888888889

>>> Round:   73 / Acc: 84.085% / Loss: 0.4828 / Grad Norm: 3.4031 / Grad Diff: 1771.1060 / Time: 5.65s
======================================================================================================

round 73 local learning rate = 0.000136986301369863

>>> Round:   74 / Acc: 84.148% / Loss: 0.4808 / Grad Norm: 3.3238 / Grad Diff: 1770.9709 / Time: 5.71s
======================================================================================================

round 74 local learning rate = 0.00013513513513513514

>>> Round:   75 / Acc: 84.197% / Loss: 0.4790 / Grad Norm: 3.2763 / Grad Diff: 1771.8397 / Time: 6.73s
======================================================================================================

= Test = round: 75 / acc: 85.430% / loss: 0.4373 / Time: 0.50s
======================================================================================================

round 75 local learning rate = 0.00013333333333333334

>>> Round:   76 / Acc: 84.234% / Loss: 0.4774 / Grad Norm: 3.4067 / Grad Diff: 1775.9513 / Time: 6.53s
======================================================================================================

round 76 local learning rate = 0.00013157894736842105

>>> Round:   77 / Acc: 84.314% / Loss: 0.4754 / Grad Norm: 3.2860 / Grad Diff: 1773.6250 / Time: 6.41s
======================================================================================================

round 77 local learning rate = 0.00012987012987012987

>>> Round:   78 / Acc: 84.362% / Loss: 0.4737 / Grad Norm: 3.3416 / Grad Diff: 1776.6937 / Time: 6.52s
======================================================================================================

round 78 local learning rate = 0.0001282051282051282

>>> Round:   79 / Acc: 84.402% / Loss: 0.4721 / Grad Norm: 3.3640 / Grad Diff: 1777.8538 / Time: 6.44s
======================================================================================================

round 79 local learning rate = 0.00012658227848101267

>>> Round:   80 / Acc: 84.474% / Loss: 0.4703 / Grad Norm: 3.2626 / Grad Diff: 1778.0140 / Time: 6.39s
======================================================================================================

= Test = round: 80 / acc: 85.740% / loss: 0.4291 / Time: 0.54s
======================================================================================================

round 80 local learning rate = 0.000125

>>> Round:   81 / Acc: 84.554% / Loss: 0.4686 / Grad Norm: 3.2589 / Grad Diff: 1778.0166 / Time: 6.48s
======================================================================================================

round 81 local learning rate = 0.0001234567901234568

>>> Round:   82 / Acc: 84.585% / Loss: 0.4670 / Grad Norm: 3.2408 / Grad Diff: 1779.1701 / Time: 6.51s
======================================================================================================

round 82 local learning rate = 0.00012195121951219512

>>> Round:   83 / Acc: 84.642% / Loss: 0.4653 / Grad Norm: 3.1588 / Grad Diff: 1779.4188 / Time: 6.46s
======================================================================================================

round 83 local learning rate = 0.00012048192771084338

>>> Round:   84 / Acc: 84.694% / Loss: 0.4638 / Grad Norm: 3.1275 / Grad Diff: 1780.3445 / Time: 7.03s
======================================================================================================

round 84 local learning rate = 0.00011904761904761905

>>> Round:   85 / Acc: 84.734% / Loss: 0.4625 / Grad Norm: 3.3078 / Grad Diff: 1785.6054 / Time: 6.43s
======================================================================================================

= Test = round: 85 / acc: 85.910% / loss: 0.4218 / Time: 0.53s
======================================================================================================

round 85 local learning rate = 0.00011764705882352942

>>> Round:   86 / Acc: 84.810% / Loss: 0.4610 / Grad Norm: 3.3409 / Grad Diff: 1787.3528 / Time: 6.67s
======================================================================================================

round 86 local learning rate = 0.00011627906976744187

>>> Round:   87 / Acc: 84.882% / Loss: 0.4594 / Grad Norm: 3.2288 / Grad Diff: 1783.7544 / Time: 6.39s
======================================================================================================

round 87 local learning rate = 0.00011494252873563218

>>> Round:   88 / Acc: 84.941% / Loss: 0.4579 / Grad Norm: 3.2681 / Grad Diff: 1785.2528 / Time: 6.57s
======================================================================================================

round 88 local learning rate = 0.00011363636363636364

>>> Round:   89 / Acc: 85.011% / Loss: 0.4565 / Grad Norm: 3.2680 / Grad Diff: 1786.0962 / Time: 6.40s
======================================================================================================

round 89 local learning rate = 0.00011235955056179776

>>> Round:   90 / Acc: 85.050% / Loss: 0.4553 / Grad Norm: 3.4037 / Grad Diff: 1791.7833 / Time: 8.39s
======================================================================================================

= Test = round: 90 / acc: 86.150% / loss: 0.4149 / Time: 0.56s
======================================================================================================

round 90 local learning rate = 0.00011111111111111112

>>> Round:   91 / Acc: 85.101% / Loss: 0.4537 / Grad Norm: 3.3069 / Grad Diff: 1790.6196 / Time: 6.53s
======================================================================================================

round 91 local learning rate = 0.00010989010989010989

>>> Round:   92 / Acc: 85.173% / Loss: 0.4522 / Grad Norm: 3.2271 / Grad Diff: 1789.3012 / Time: 6.49s
======================================================================================================

round 92 local learning rate = 0.00010869565217391305

>>> Round:   93 / Acc: 85.214% / Loss: 0.4509 / Grad Norm: 3.2642 / Grad Diff: 1792.7150 / Time: 6.40s
======================================================================================================

round 93 local learning rate = 0.00010752688172043011

>>> Round:   94 / Acc: 85.249% / Loss: 0.4495 / Grad Norm: 3.2181 / Grad Diff: 1792.0031 / Time: 6.52s
======================================================================================================

round 94 local learning rate = 0.00010638297872340425

>>> Round:   95 / Acc: 85.301% / Loss: 0.4484 / Grad Norm: 3.2662 / Grad Diff: 1795.9550 / Time: 6.32s
======================================================================================================

= Test = round: 95 / acc: 86.270% / loss: 0.4084 / Time: 0.53s
======================================================================================================

round 95 local learning rate = 0.00010526315789473685

>>> Round:   96 / Acc: 85.315% / Loss: 0.4474 / Grad Norm: 3.4819 / Grad Diff: 1802.1801 / Time: 6.41s
======================================================================================================

round 96 local learning rate = 0.00010416666666666667

>>> Round:   97 / Acc: 85.380% / Loss: 0.4459 / Grad Norm: 3.3136 / Grad Diff: 1798.3407 / Time: 6.30s
======================================================================================================

round 97 local learning rate = 0.00010309278350515464

>>> Round:   98 / Acc: 85.423% / Loss: 0.4446 / Grad Norm: 3.3182 / Grad Diff: 1798.1536 / Time: 6.47s
======================================================================================================

round 98 local learning rate = 0.00010204081632653062

>>> Round:   99 / Acc: 85.470% / Loss: 0.4433 / Grad Norm: 3.2607 / Grad Diff: 1796.8785 / Time: 6.03s
======================================================================================================

round 99 local learning rate = 0.00010101010101010101

>>> Round:  100 / Acc: 85.506% / Loss: 0.4420 / Grad Norm: 3.1749 / Grad Diff: 1795.8429 / Time: 6.36s
======================================================================================================

= Test = round: 100 / acc: 86.480% / loss: 0.4025 / Time: 0.54s
======================================================================================================

round 100 local learning rate = 0.0001

>>> Round:  101 / Acc: 85.517% / Loss: 0.4407 / Grad Norm: 3.0430 / Grad Diff: 1794.4730 / Time: 6.44s
======================================================================================================

round 101 local learning rate = 9.900990099009902e-05

>>> Round:  102 / Acc: 85.585% / Loss: 0.4394 / Grad Norm: 2.9466 / Grad Diff: 1791.8721 / Time: 6.39s
======================================================================================================

round 102 local learning rate = 9.80392156862745e-05

>>> Round:  103 / Acc: 85.627% / Loss: 0.4382 / Grad Norm: 2.9708 / Grad Diff: 1791.9612 / Time: 5.93s
======================================================================================================

round 103 local learning rate = 9.70873786407767e-05

>>> Round:  104 / Acc: 85.664% / Loss: 0.4372 / Grad Norm: 3.0611 / Grad Diff: 1795.4002 / Time: 6.54s
======================================================================================================

round 104 local learning rate = 9.615384615384615e-05

>>> Round:  105 / Acc: 85.732% / Loss: 0.4361 / Grad Norm: 3.0810 / Grad Diff: 1796.5328 / Time: 6.57s
======================================================================================================

= Test = round: 105 / acc: 86.650% / loss: 0.3969 / Time: 0.53s
======================================================================================================

round 105 local learning rate = 9.523809523809524e-05

>>> Round:  106 / Acc: 85.738% / Loss: 0.4349 / Grad Norm: 3.0222 / Grad Diff: 1795.3073 / Time: 6.49s
======================================================================================================

round 106 local learning rate = 9.433962264150943e-05

>>> Round:  107 / Acc: 85.773% / Loss: 0.4338 / Grad Norm: 3.0204 / Grad Diff: 1795.7908 / Time: 5.78s
======================================================================================================

round 107 local learning rate = 9.345794392523364e-05

>>> Round:  108 / Acc: 85.823% / Loss: 0.4328 / Grad Norm: 3.1709 / Grad Diff: 1798.8589 / Time: 6.68s
======================================================================================================

round 108 local learning rate = 9.259259259259259e-05

>>> Round:  109 / Acc: 85.863% / Loss: 0.4318 / Grad Norm: 3.1517 / Grad Diff: 1799.9689 / Time: 6.80s
======================================================================================================

round 109 local learning rate = 9.174311926605505e-05

>>> Round:  110 / Acc: 85.926% / Loss: 0.4306 / Grad Norm: 3.0888 / Grad Diff: 1798.2742 / Time: 6.54s
======================================================================================================

= Test = round: 110 / acc: 86.830% / loss: 0.3919 / Time: 0.53s
======================================================================================================

round 110 local learning rate = 9.090909090909092e-05

>>> Round:  111 / Acc: 85.911% / Loss: 0.4297 / Grad Norm: 3.1557 / Grad Diff: 1800.4506 / Time: 7.00s
======================================================================================================

round 111 local learning rate = 9.009009009009009e-05

>>> Round:  112 / Acc: 85.976% / Loss: 0.4286 / Grad Norm: 3.1244 / Grad Diff: 1799.0533 / Time: 6.90s
======================================================================================================

round 112 local learning rate = 8.928571428571429e-05

>>> Round:  113 / Acc: 86.017% / Loss: 0.4275 / Grad Norm: 3.0804 / Grad Diff: 1797.8872 / Time: 6.46s
======================================================================================================

round 113 local learning rate = 8.849557522123894e-05

>>> Round:  114 / Acc: 86.044% / Loss: 0.4264 / Grad Norm: 3.0455 / Grad Diff: 1796.5169 / Time: 6.43s
======================================================================================================

round 114 local learning rate = 8.771929824561404e-05

>>> Round:  115 / Acc: 86.030% / Loss: 0.4257 / Grad Norm: 3.2294 / Grad Diff: 1801.1565 / Time: 6.49s
======================================================================================================

= Test = round: 115 / acc: 86.940% / loss: 0.3873 / Time: 0.55s
======================================================================================================

round 115 local learning rate = 8.695652173913044e-05

>>> Round:  116 / Acc: 86.103% / Loss: 0.4244 / Grad Norm: 3.0289 / Grad Diff: 1796.8429 / Time: 6.35s
======================================================================================================

round 116 local learning rate = 8.620689655172414e-05

>>> Round:  117 / Acc: 86.166% / Loss: 0.4234 / Grad Norm: 2.9545 / Grad Diff: 1795.7794 / Time: 6.51s
======================================================================================================

round 117 local learning rate = 8.547008547008547e-05

>>> Round:  118 / Acc: 86.177% / Loss: 0.4225 / Grad Norm: 2.9729 / Grad Diff: 1797.1472 / Time: 6.57s
======================================================================================================

round 118 local learning rate = 8.474576271186441e-05

>>> Round:  119 / Acc: 86.197% / Loss: 0.4218 / Grad Norm: 3.1919 / Grad Diff: 1803.5889 / Time: 6.43s
======================================================================================================

round 119 local learning rate = 8.403361344537815e-05

>>> Round:  120 / Acc: 86.253% / Loss: 0.4207 / Grad Norm: 3.0323 / Grad Diff: 1798.4454 / Time: 6.49s
======================================================================================================

= Test = round: 120 / acc: 87.080% / loss: 0.3827 / Time: 0.50s
======================================================================================================

round 120 local learning rate = 8.333333333333333e-05

>>> Round:  121 / Acc: 86.301% / Loss: 0.4197 / Grad Norm: 2.9612 / Grad Diff: 1796.4042 / Time: 6.47s
======================================================================================================

round 121 local learning rate = 8.264462809917356e-05

>>> Round:  122 / Acc: 86.310% / Loss: 0.4190 / Grad Norm: 3.1111 / Grad Diff: 1801.0974 / Time: 6.50s
======================================================================================================

round 122 local learning rate = 8.19672131147541e-05

>>> Round:  123 / Acc: 86.349% / Loss: 0.4179 / Grad Norm: 2.9394 / Grad Diff: 1796.9796 / Time: 6.45s
======================================================================================================

round 123 local learning rate = 8.130081300813008e-05

>>> Round:  124 / Acc: 86.391% / Loss: 0.4170 / Grad Norm: 2.9747 / Grad Diff: 1797.0800 / Time: 6.41s
======================================================================================================

round 124 local learning rate = 8.064516129032258e-05

>>> Round:  125 / Acc: 86.424% / Loss: 0.4164 / Grad Norm: 3.1772 / Grad Diff: 1803.0852 / Time: 5.84s
======================================================================================================

= Test = round: 125 / acc: 87.200% / loss: 0.3787 / Time: 0.52s
======================================================================================================

round 125 local learning rate = 8e-05

>>> Round:  126 / Acc: 86.452% / Loss: 0.4156 / Grad Norm: 3.1473 / Grad Diff: 1803.1116 / Time: 6.51s
======================================================================================================

round 126 local learning rate = 7.936507936507937e-05

>>> Round:  127 / Acc: 86.474% / Loss: 0.4149 / Grad Norm: 3.2376 / Grad Diff: 1806.8591 / Time: 6.91s
======================================================================================================

round 127 local learning rate = 7.874015748031496e-05

>>> Round:  128 / Acc: 86.517% / Loss: 0.4138 / Grad Norm: 3.0656 / Grad Diff: 1801.7292 / Time: 8.36s
======================================================================================================

round 128 local learning rate = 7.8125e-05

>>> Round:  129 / Acc: 86.531% / Loss: 0.4128 / Grad Norm: 2.9194 / Grad Diff: 1797.1497 / Time: 6.62s
======================================================================================================

round 129 local learning rate = 7.751937984496124e-05

>>> Round:  130 / Acc: 86.583% / Loss: 0.4119 / Grad Norm: 2.9216 / Grad Diff: 1797.0102 / Time: 8.44s
======================================================================================================

= Test = round: 130 / acc: 87.320% / loss: 0.3745 / Time: 0.55s
======================================================================================================

round 130 local learning rate = 7.692307692307693e-05

>>> Round:  131 / Acc: 86.611% / Loss: 0.4112 / Grad Norm: 2.9764 / Grad Diff: 1797.9923 / Time: 6.46s
======================================================================================================

round 131 local learning rate = 7.633587786259542e-05

>>> Round:  132 / Acc: 86.642% / Loss: 0.4103 / Grad Norm: 2.9067 / Grad Diff: 1796.7585 / Time: 7.75s
======================================================================================================

round 132 local learning rate = 7.575757575757576e-05

>>> Round:  133 / Acc: 86.668% / Loss: 0.4096 / Grad Norm: 3.0376 / Grad Diff: 1799.2475 / Time: 6.47s
======================================================================================================

round 133 local learning rate = 7.518796992481203e-05

>>> Round:  134 / Acc: 86.697% / Loss: 0.4089 / Grad Norm: 3.0914 / Grad Diff: 1801.4257 / Time: 6.45s
======================================================================================================

round 134 local learning rate = 7.462686567164179e-05

>>> Round:  135 / Acc: 86.727% / Loss: 0.4079 / Grad Norm: 2.8956 / Grad Diff: 1796.5654 / Time: 6.52s
======================================================================================================

= Test = round: 135 / acc: 87.520% / loss: 0.3707 / Time: 0.54s
======================================================================================================

round 135 local learning rate = 7.407407407407407e-05

>>> Round:  136 / Acc: 86.749% / Loss: 0.4073 / Grad Norm: 3.0103 / Grad Diff: 1799.7636 / Time: 6.51s
======================================================================================================

round 136 local learning rate = 7.352941176470589e-05

>>> Round:  137 / Acc: 86.782% / Loss: 0.4064 / Grad Norm: 2.8838 / Grad Diff: 1796.3055 / Time: 6.37s
======================================================================================================

round 137 local learning rate = 7.299270072992701e-05

>>> Round:  138 / Acc: 86.808% / Loss: 0.4057 / Grad Norm: 2.9469 / Grad Diff: 1797.0421 / Time: 6.43s
======================================================================================================

round 138 local learning rate = 7.246376811594203e-05

>>> Round:  139 / Acc: 86.828% / Loss: 0.4051 / Grad Norm: 3.0975 / Grad Diff: 1800.9601 / Time: 6.30s
======================================================================================================

round 139 local learning rate = 7.194244604316547e-05

>>> Round:  140 / Acc: 86.834% / Loss: 0.4043 / Grad Norm: 3.1091 / Grad Diff: 1800.0258 / Time: 6.47s
======================================================================================================

= Test = round: 140 / acc: 87.780% / loss: 0.3673 / Time: 0.54s
======================================================================================================

round 140 local learning rate = 7.142857142857143e-05

>>> Round:  141 / Acc: 86.871% / Loss: 0.4035 / Grad Norm: 3.0456 / Grad Diff: 1798.3945 / Time: 6.38s
======================================================================================================

round 141 local learning rate = 7.092198581560284e-05

>>> Round:  142 / Acc: 86.886% / Loss: 0.4028 / Grad Norm: 2.9965 / Grad Diff: 1797.8374 / Time: 6.74s
======================================================================================================

round 142 local learning rate = 7.042253521126761e-05

>>> Round:  143 / Acc: 86.913% / Loss: 0.4020 / Grad Norm: 2.9699 / Grad Diff: 1796.9374 / Time: 6.45s
======================================================================================================

round 143 local learning rate = 6.993006993006993e-05

>>> Round:  144 / Acc: 86.945% / Loss: 0.4014 / Grad Norm: 3.0427 / Grad Diff: 1798.7079 / Time: 6.36s
======================================================================================================

round 144 local learning rate = 6.944444444444444e-05

>>> Round:  145 / Acc: 86.963% / Loss: 0.4006 / Grad Norm: 2.9665 / Grad Diff: 1797.3184 / Time: 6.36s
======================================================================================================

= Test = round: 145 / acc: 87.950% / loss: 0.3636 / Time: 0.51s
======================================================================================================

round 145 local learning rate = 6.896551724137931e-05

>>> Round:  146 / Acc: 86.969% / Loss: 0.3999 / Grad Norm: 2.9725 / Grad Diff: 1797.1746 / Time: 6.92s
======================================================================================================

round 146 local learning rate = 6.84931506849315e-05

>>> Round:  147 / Acc: 87.013% / Loss: 0.3991 / Grad Norm: 2.9267 / Grad Diff: 1795.4874 / Time: 6.65s
======================================================================================================

round 147 local learning rate = 6.802721088435374e-05

>>> Round:  148 / Acc: 87.065% / Loss: 0.3982 / Grad Norm: 2.6690 / Grad Diff: 1788.2173 / Time: 6.46s
======================================================================================================

round 148 local learning rate = 6.756756756756757e-05

>>> Round:  149 / Acc: 87.109% / Loss: 0.3975 / Grad Norm: 2.6658 / Grad Diff: 1787.7796 / Time: 6.52s
======================================================================================================

round 149 local learning rate = 6.711409395973155e-05

>>> Round:  150 / Acc: 87.116% / Loss: 0.3971 / Grad Norm: 2.8467 / Grad Diff: 1792.3146 / Time: 6.41s
======================================================================================================

= Test = round: 150 / acc: 87.990% / loss: 0.3603 / Time: 0.51s
======================================================================================================

round 150 local learning rate = 6.666666666666667e-05

>>> Round:  151 / Acc: 87.135% / Loss: 0.3965 / Grad Norm: 2.8845 / Grad Diff: 1793.2783 / Time: 6.45s
======================================================================================================

round 151 local learning rate = 6.622516556291391e-05

>>> Round:  152 / Acc: 87.170% / Loss: 0.3959 / Grad Norm: 2.9484 / Grad Diff: 1793.9408 / Time: 6.93s
======================================================================================================

round 152 local learning rate = 6.578947368421052e-05

>>> Round:  153 / Acc: 87.212% / Loss: 0.3951 / Grad Norm: 2.7906 / Grad Diff: 1789.5084 / Time: 6.50s
======================================================================================================

round 153 local learning rate = 6.535947712418301e-05

>>> Round:  154 / Acc: 87.216% / Loss: 0.3946 / Grad Norm: 3.0000 / Grad Diff: 1794.3826 / Time: 6.55s
======================================================================================================

round 154 local learning rate = 6.493506493506494e-05

>>> Round:  155 / Acc: 87.277% / Loss: 0.3939 / Grad Norm: 2.9155 / Grad Diff: 1790.5829 / Time: 7.04s
======================================================================================================

= Test = round: 155 / acc: 88.160% / loss: 0.3572 / Time: 0.53s
======================================================================================================

round 155 local learning rate = 6.451612903225807e-05

>>> Round:  156 / Acc: 87.293% / Loss: 0.3932 / Grad Norm: 2.8513 / Grad Diff: 1789.7683 / Time: 6.72s
======================================================================================================

round 156 local learning rate = 6.41025641025641e-05

>>> Round:  157 / Acc: 87.327% / Loss: 0.3925 / Grad Norm: 2.7521 / Grad Diff: 1786.5676 / Time: 6.44s
======================================================================================================

round 157 local learning rate = 6.369426751592357e-05

>>> Round:  158 / Acc: 87.332% / Loss: 0.3919 / Grad Norm: 2.7707 / Grad Diff: 1786.7506 / Time: 6.38s
======================================================================================================

round 158 local learning rate = 6.329113924050633e-05

>>> Round:  159 / Acc: 87.382% / Loss: 0.3911 / Grad Norm: 2.6373 / Grad Diff: 1783.2147 / Time: 6.41s
======================================================================================================

round 159 local learning rate = 6.289308176100629e-05

>>> Round:  160 / Acc: 87.397% / Loss: 0.3905 / Grad Norm: 2.6183 / Grad Diff: 1782.6238 / Time: 6.44s
======================================================================================================

= Test = round: 160 / acc: 88.330% / loss: 0.3540 / Time: 0.52s
======================================================================================================

round 160 local learning rate = 6.25e-05

>>> Round:  161 / Acc: 87.430% / Loss: 0.3900 / Grad Norm: 2.7353 / Grad Diff: 1786.0254 / Time: 6.56s
======================================================================================================

round 161 local learning rate = 6.211180124223603e-05

>>> Round:  162 / Acc: 87.443% / Loss: 0.3894 / Grad Norm: 2.6705 / Grad Diff: 1784.5233 / Time: 6.54s
======================================================================================================

round 162 local learning rate = 6.17283950617284e-05

>>> Round:  163 / Acc: 87.439% / Loss: 0.3888 / Grad Norm: 2.7086 / Grad Diff: 1784.3714 / Time: 6.43s
======================================================================================================

round 163 local learning rate = 6.134969325153375e-05

>>> Round:  164 / Acc: 87.465% / Loss: 0.3882 / Grad Norm: 2.6813 / Grad Diff: 1784.3495 / Time: 6.43s
======================================================================================================

round 164 local learning rate = 6.097560975609756e-05

>>> Round:  165 / Acc: 87.470% / Loss: 0.3876 / Grad Norm: 2.6608 / Grad Diff: 1783.1988 / Time: 6.43s
======================================================================================================

= Test = round: 165 / acc: 88.460% / loss: 0.3514 / Time: 0.53s
======================================================================================================

round 165 local learning rate = 6.0606060606060605e-05

>>> Round:  166 / Acc: 87.507% / Loss: 0.3870 / Grad Norm: 2.6305 / Grad Diff: 1782.1574 / Time: 6.45s
======================================================================================================

round 166 local learning rate = 6.024096385542169e-05

>>> Round:  167 / Acc: 87.515% / Loss: 0.3866 / Grad Norm: 2.8435 / Grad Diff: 1786.9277 / Time: 6.39s
======================================================================================================

round 167 local learning rate = 5.988023952095808e-05

>>> Round:  168 / Acc: 87.539% / Loss: 0.3860 / Grad Norm: 2.7996 / Grad Diff: 1786.2541 / Time: 6.37s
======================================================================================================

round 168 local learning rate = 5.9523809523809524e-05

>>> Round:  169 / Acc: 87.561% / Loss: 0.3854 / Grad Norm: 2.7166 / Grad Diff: 1784.5210 / Time: 6.37s
======================================================================================================

round 169 local learning rate = 5.9171597633136094e-05

>>> Round:  170 / Acc: 87.574% / Loss: 0.3849 / Grad Norm: 2.7318 / Grad Diff: 1784.3199 / Time: 7.07s
======================================================================================================

= Test = round: 170 / acc: 88.600% / loss: 0.3486 / Time: 0.54s
======================================================================================================

round 170 local learning rate = 5.882352941176471e-05

>>> Round:  171 / Acc: 87.609% / Loss: 0.3843 / Grad Norm: 2.6987 / Grad Diff: 1784.4172 / Time: 6.52s
======================================================================================================

round 171 local learning rate = 5.847953216374269e-05

>>> Round:  172 / Acc: 87.624% / Loss: 0.3837 / Grad Norm: 2.6348 / Grad Diff: 1781.6187 / Time: 6.93s
======================================================================================================

round 172 local learning rate = 5.8139534883720933e-05

>>> Round:  173 / Acc: 87.651% / Loss: 0.3832 / Grad Norm: 2.5672 / Grad Diff: 1780.3344 / Time: 6.46s
======================================================================================================

round 173 local learning rate = 5.7803468208092484e-05

>>> Round:  174 / Acc: 87.644% / Loss: 0.3826 / Grad Norm: 2.5928 / Grad Diff: 1781.1509 / Time: 7.34s
======================================================================================================

round 174 local learning rate = 5.747126436781609e-05

>>> Round:  175 / Acc: 87.670% / Loss: 0.3822 / Grad Norm: 2.7308 / Grad Diff: 1783.8238 / Time: 6.75s
======================================================================================================

= Test = round: 175 / acc: 88.710% / loss: 0.3461 / Time: 0.57s
======================================================================================================

round 175 local learning rate = 5.714285714285714e-05

>>> Round:  176 / Acc: 87.688% / Loss: 0.3817 / Grad Norm: 2.6922 / Grad Diff: 1782.5273 / Time: 6.60s
======================================================================================================

round 176 local learning rate = 5.681818181818182e-05

>>> Round:  177 / Acc: 87.694% / Loss: 0.3810 / Grad Norm: 2.5481 / Grad Diff: 1778.1669 / Time: 6.83s
======================================================================================================

round 177 local learning rate = 5.649717514124294e-05

>>> Round:  178 / Acc: 87.738% / Loss: 0.3806 / Grad Norm: 2.6756 / Grad Diff: 1780.6324 / Time: 6.53s
======================================================================================================

round 178 local learning rate = 5.617977528089888e-05

>>> Round:  179 / Acc: 87.744% / Loss: 0.3800 / Grad Norm: 2.6565 / Grad Diff: 1780.2392 / Time: 6.52s
======================================================================================================

round 179 local learning rate = 5.58659217877095e-05

>>> Round:  180 / Acc: 87.764% / Loss: 0.3795 / Grad Norm: 2.6118 / Grad Diff: 1779.6382 / Time: 6.51s
======================================================================================================

= Test = round: 180 / acc: 88.810% / loss: 0.3435 / Time: 0.52s
======================================================================================================

round 180 local learning rate = 5.555555555555556e-05

>>> Round:  181 / Acc: 87.793% / Loss: 0.3790 / Grad Norm: 2.6674 / Grad Diff: 1780.6425 / Time: 6.42s
======================================================================================================

round 181 local learning rate = 5.524861878453039e-05

>>> Round:  182 / Acc: 87.812% / Loss: 0.3785 / Grad Norm: 2.6712 / Grad Diff: 1780.4470 / Time: 5.82s
======================================================================================================

round 182 local learning rate = 5.4945054945054945e-05

>>> Round:  183 / Acc: 87.838% / Loss: 0.3780 / Grad Norm: 2.6648 / Grad Diff: 1780.0324 / Time: 6.43s
======================================================================================================

round 183 local learning rate = 5.46448087431694e-05

>>> Round:  184 / Acc: 87.847% / Loss: 0.3774 / Grad Norm: 2.5813 / Grad Diff: 1777.5637 / Time: 7.28s
======================================================================================================

round 184 local learning rate = 5.4347826086956524e-05

>>> Round:  185 / Acc: 87.880% / Loss: 0.3771 / Grad Norm: 2.7711 / Grad Diff: 1782.6457 / Time: 6.42s
======================================================================================================

= Test = round: 185 / acc: 88.890% / loss: 0.3411 / Time: 0.53s
======================================================================================================

round 185 local learning rate = 5.4054054054054054e-05

>>> Round:  186 / Acc: 87.889% / Loss: 0.3765 / Grad Norm: 2.6240 / Grad Diff: 1778.0942 / Time: 6.52s
======================================================================================================

round 186 local learning rate = 5.3763440860215054e-05

>>> Round:  187 / Acc: 87.886% / Loss: 0.3761 / Grad Norm: 2.7296 / Grad Diff: 1780.8288 / Time: 6.48s
======================================================================================================

round 187 local learning rate = 5.347593582887701e-05

>>> Round:  188 / Acc: 87.910% / Loss: 0.3757 / Grad Norm: 2.7625 / Grad Diff: 1781.1200 / Time: 6.47s
======================================================================================================

round 188 local learning rate = 5.319148936170213e-05

>>> Round:  189 / Acc: 87.919% / Loss: 0.3752 / Grad Norm: 2.7878 / Grad Diff: 1780.9339 / Time: 6.42s
======================================================================================================

round 189 local learning rate = 5.291005291005291e-05

>>> Round:  190 / Acc: 87.950% / Loss: 0.3747 / Grad Norm: 2.8001 / Grad Diff: 1782.2329 / Time: 6.46s
======================================================================================================

= Test = round: 190 / acc: 88.940% / loss: 0.3389 / Time: 0.52s
======================================================================================================

round 190 local learning rate = 5.2631578947368424e-05

>>> Round:  191 / Acc: 87.961% / Loss: 0.3741 / Grad Norm: 2.6844 / Grad Diff: 1777.8707 / Time: 6.43s
======================================================================================================

round 191 local learning rate = 5.2356020942408376e-05

>>> Round:  192 / Acc: 87.982% / Loss: 0.3735 / Grad Norm: 2.6284 / Grad Diff: 1774.9212 / Time: 6.48s
======================================================================================================

round 192 local learning rate = 5.208333333333334e-05

>>> Round:  193 / Acc: 87.976% / Loss: 0.3732 / Grad Norm: 2.7073 / Grad Diff: 1777.3980 / Time: 6.58s
======================================================================================================

round 193 local learning rate = 5.1813471502590674e-05

>>> Round:  194 / Acc: 88.004% / Loss: 0.3726 / Grad Norm: 2.6060 / Grad Diff: 1774.2538 / Time: 6.40s
======================================================================================================

round 194 local learning rate = 5.154639175257732e-05

>>> Round:  195 / Acc: 88.024% / Loss: 0.3722 / Grad Norm: 2.5917 / Grad Diff: 1774.0004 / Time: 6.47s
======================================================================================================

= Test = round: 195 / acc: 88.990% / loss: 0.3365 / Time: 0.52s
======================================================================================================

round 195 local learning rate = 5.1282051282051286e-05

>>> Round:  196 / Acc: 88.046% / Loss: 0.3717 / Grad Norm: 2.5803 / Grad Diff: 1774.1385 / Time: 7.45s
======================================================================================================

round 196 local learning rate = 5.102040816326531e-05

>>> Round:  197 / Acc: 88.068% / Loss: 0.3712 / Grad Norm: 2.5546 / Grad Diff: 1772.5671 / Time: 6.52s
======================================================================================================

round 197 local learning rate = 5.076142131979695e-05

>>> Round:  198 / Acc: 88.081% / Loss: 0.3708 / Grad Norm: 2.6361 / Grad Diff: 1774.7582 / Time: 6.95s
======================================================================================================

round 198 local learning rate = 5.0505050505050505e-05

>>> Round:  199 / Acc: 88.100% / Loss: 0.3703 / Grad Norm: 2.5721 / Grad Diff: 1772.7207 / Time: 6.52s
======================================================================================================

round 199 local learning rate = 5.0251256281407036e-05

>>> Round:  200 / Acc: 88.124% / Loss: 0.3699 / Grad Norm: 2.5929 / Grad Diff: 1772.4801 / Time: 6.43s
======================================================================================================

= Test = round: 200 / acc: 89.110% / loss: 0.3343 / Time: 0.52s
======================================================================================================

