nohup: ignoring input
Using device: cuda:0
>>> Arguments:
	             algo : fedavgtl
	            alpha : 51871.0
	       batch_size : 32
	clients_per_round : 100
	          dataset : mnist_all_data_1_equal_niid
	           device : cuda:0
	              dis : 
	   early_stopping : 20
	       eval_every : 5
	    ft_batch_size : 128
	       ft_dataset : mnist-m
	        ft_epochs : 2
	            ft_lr : 0.01
	            ft_wd : 0.0
	              gpu : True
	      input_shape : (1, 28, 28)
	           last_k : 2
	               lr : 0.01
	            model : lenet
	           n_init : 5
	        noaverage : False
	          noprint : False
	        num_class : 10
	        num_epoch : 1
	        num_round : 200
	           opt_lr : False
	            reg_J : True
	       reg_J_coef : 0.0001
	             seed : 0
	               wd : 0.0001
>>> Read data from:
     ./data/mnist/data/all_data_1.pkl
>>> The estimate of constant alpha is 51871.0.
>>> Read data from:
     ./data/mnist/data/train/all_data_1_equal_niid.pkl
     ./data/mnist/data/test/all_data_1_equal_niid.pkl
>>> Use gpu on device cuda:0
>>> Model statistic per layer
LeNet_MNIST(
  286.12 KMac, 100.000% MACs, 
  (conv1): Conv2d(89.856 KMac, 31.405% MACs, 1, 6, kernel_size=(5, 5), stride=(1, 1))
  (conv2): Conv2d(154.624 KMac, 54.042% MACs, 6, 16, kernel_size=(5, 5), stride=(1, 1))
  (fc1): Linear(30.72 KMac, 10.737% MACs, in_features=256, out_features=120, bias=True)
  (fc2): Linear(10.08 KMac, 3.523% MACs, in_features=120, out_features=84, bias=True)
  (fc3): Linear(840.0 Mac, 0.294% MACs, in_features=84, out_features=10, bias=True)
)
>>> Activate a worker for training
>>> Initialize 100 clients in total
>>> Weigh updates by simple average
>>> Select 100 clients per round 


>>> Round:    0 / Acc: 10.880% / Loss: 9.2139 / Grad Norm: 174.3645 / Grad Diff: 22285.7000 / Time: 7.75s
======================================================================================================

= Test = round: 0 / acc: 10.720% / loss: 9.2162 / Time: 0.62s
======================================================================================================

round 0 local learning rate = 0.01

>>> Round:    1 / Acc: 16.963% / Loss: 2.2489 / Grad Norm: 3.0112 / Grad Diff: 104.4619 / Time: 7.85s
======================================================================================================

round 1 local learning rate = 0.01

>>> Round:    2 / Acc: 36.701% / Loss: 1.9131 / Grad Norm: 3.9567 / Grad Diff: 212.6361 / Time: 8.05s
======================================================================================================

round 2 local learning rate = 0.005

>>> Round:    3 / Acc: 47.993% / Loss: 1.5754 / Grad Norm: 5.3612 / Grad Diff: 487.4161 / Time: 8.21s
======================================================================================================

round 3 local learning rate = 0.0033333333333333335

>>> Round:    4 / Acc: 57.055% / Loss: 1.3413 / Grad Norm: 5.3042 / Grad Diff: 640.0095 / Time: 7.96s
======================================================================================================

round 4 local learning rate = 0.0025

>>> Round:    5 / Acc: 62.806% / Loss: 1.1866 / Grad Norm: 4.8854 / Grad Diff: 716.5349 / Time: 7.98s
======================================================================================================

= Test = round: 5 / acc: 64.050% / loss: 1.1561 / Time: 0.63s
======================================================================================================

round 5 local learning rate = 0.002

>>> Round:    6 / Acc: 66.269% / Loss: 1.0799 / Grad Norm: 4.5549 / Grad Diff: 751.4860 / Time: 8.04s
======================================================================================================

round 6 local learning rate = 0.0016666666666666668

>>> Round:    7 / Acc: 68.732% / Loss: 0.9987 / Grad Norm: 4.2343 / Grad Diff: 759.7734 / Time: 7.72s
======================================================================================================

round 7 local learning rate = 0.0014285714285714286

>>> Round:    8 / Acc: 70.675% / Loss: 0.9362 / Grad Norm: 4.0938 / Grad Diff: 762.1696 / Time: 7.63s
======================================================================================================

round 8 local learning rate = 0.00125

>>> Round:    9 / Acc: 72.268% / Loss: 0.8859 / Grad Norm: 3.8552 / Grad Diff: 756.6399 / Time: 8.04s
======================================================================================================

round 9 local learning rate = 0.0011111111111111111

>>> Round:   10 / Acc: 73.446% / Loss: 0.8449 / Grad Norm: 3.6990 / Grad Diff: 751.8454 / Time: 7.75s
======================================================================================================

= Test = round: 10 / acc: 75.640% / loss: 0.8019 / Time: 0.61s
======================================================================================================

round 10 local learning rate = 0.001

>>> Round:   11 / Acc: 74.515% / Loss: 0.8103 / Grad Norm: 3.5361 / Grad Diff: 745.2457 / Time: 7.83s
======================================================================================================

round 11 local learning rate = 0.0009090909090909091

>>> Round:   12 / Acc: 75.432% / Loss: 0.7818 / Grad Norm: 3.4410 / Grad Diff: 744.2498 / Time: 7.50s
======================================================================================================

round 12 local learning rate = 0.0008333333333333334

>>> Round:   13 / Acc: 76.203% / Loss: 0.7570 / Grad Norm: 3.3893 / Grad Diff: 741.0203 / Time: 7.59s
======================================================================================================

round 13 local learning rate = 0.0007692307692307692

>>> Round:   14 / Acc: 76.961% / Loss: 0.7351 / Grad Norm: 3.3195 / Grad Diff: 737.2487 / Time: 7.73s
======================================================================================================

round 14 local learning rate = 0.0007142857142857143

>>> Round:   15 / Acc: 77.559% / Loss: 0.7153 / Grad Norm: 3.2333 / Grad Diff: 732.4477 / Time: 7.43s
======================================================================================================

= Test = round: 15 / acc: 79.440% / loss: 0.6728 / Time: 0.60s
======================================================================================================

round 15 local learning rate = 0.0006666666666666666

>>> Round:   16 / Acc: 78.111% / Loss: 0.6975 / Grad Norm: 3.1024 / Grad Diff: 725.2262 / Time: 7.63s
======================================================================================================

round 16 local learning rate = 0.000625

>>> Round:   17 / Acc: 78.574% / Loss: 0.6819 / Grad Norm: 3.0067 / Grad Diff: 720.5630 / Time: 7.68s
======================================================================================================

round 17 local learning rate = 0.0005882352941176471

>>> Round:   18 / Acc: 79.041% / Loss: 0.6682 / Grad Norm: 2.9836 / Grad Diff: 717.0023 / Time: 7.35s
======================================================================================================

round 18 local learning rate = 0.0005555555555555556

>>> Round:   19 / Acc: 79.404% / Loss: 0.6552 / Grad Norm: 2.8691 / Grad Diff: 712.5951 / Time: 7.74s
======================================================================================================

round 19 local learning rate = 0.0005263157894736842

>>> Round:   20 / Acc: 79.764% / Loss: 0.6438 / Grad Norm: 2.8562 / Grad Diff: 709.3951 / Time: 7.66s
======================================================================================================

= Test = round: 20 / acc: 81.520% / loss: 0.6031 / Time: 0.62s
======================================================================================================

round 20 local learning rate = 0.0005

>>> Round:   21 / Acc: 80.092% / Loss: 0.6332 / Grad Norm: 2.8509 / Grad Diff: 707.7850 / Time: 8.06s
======================================================================================================

round 21 local learning rate = 0.0004761904761904762

>>> Round:   22 / Acc: 80.376% / Loss: 0.6236 / Grad Norm: 2.8380 / Grad Diff: 707.5482 / Time: 7.72s
======================================================================================================

round 22 local learning rate = 0.00045454545454545455

>>> Round:   23 / Acc: 80.683% / Loss: 0.6142 / Grad Norm: 2.7592 / Grad Diff: 703.8887 / Time: 7.55s
======================================================================================================

round 23 local learning rate = 0.0004347826086956522

>>> Round:   24 / Acc: 80.958% / Loss: 0.6056 / Grad Norm: 2.7056 / Grad Diff: 700.7903 / Time: 7.77s
======================================================================================================

round 24 local learning rate = 0.0004166666666666667

>>> Round:   25 / Acc: 81.212% / Loss: 0.5977 / Grad Norm: 2.6593 / Grad Diff: 697.4513 / Time: 7.54s
======================================================================================================

= Test = round: 25 / acc: 82.590% / loss: 0.5584 / Time: 0.61s
======================================================================================================

round 25 local learning rate = 0.0004

>>> Round:   26 / Acc: 81.439% / Loss: 0.5902 / Grad Norm: 2.6639 / Grad Diff: 695.8359 / Time: 7.30s
======================================================================================================

round 26 local learning rate = 0.0003846153846153846

>>> Round:   27 / Acc: 81.592% / Loss: 0.5833 / Grad Norm: 2.6573 / Grad Diff: 693.9836 / Time: 9.89s
======================================================================================================

round 27 local learning rate = 0.00037037037037037035

>>> Round:   28 / Acc: 81.832% / Loss: 0.5766 / Grad Norm: 2.6210 / Grad Diff: 692.4085 / Time: 9.26s
======================================================================================================

round 28 local learning rate = 0.00035714285714285714

>>> Round:   29 / Acc: 82.018% / Loss: 0.5697 / Grad Norm: 2.5036 / Grad Diff: 687.3550 / Time: 7.61s
======================================================================================================

round 29 local learning rate = 0.0003448275862068966

>>> Round:   30 / Acc: 82.179% / Loss: 0.5639 / Grad Norm: 2.4719 / Grad Diff: 686.3837 / Time: 7.83s
======================================================================================================

= Test = round: 30 / acc: 83.660% / loss: 0.5263 / Time: 0.63s
======================================================================================================

round 30 local learning rate = 0.0003333333333333333

>>> Round:   31 / Acc: 82.375% / Loss: 0.5589 / Grad Norm: 2.5446 / Grad Diff: 686.8475 / Time: 7.77s
======================================================================================================

round 31 local learning rate = 0.0003225806451612903

>>> Round:   32 / Acc: 82.533% / Loss: 0.5533 / Grad Norm: 2.4498 / Grad Diff: 684.2353 / Time: 7.51s
======================================================================================================

round 32 local learning rate = 0.0003125

>>> Round:   33 / Acc: 82.707% / Loss: 0.5482 / Grad Norm: 2.4033 / Grad Diff: 680.9188 / Time: 7.94s
======================================================================================================

round 33 local learning rate = 0.00030303030303030303

>>> Round:   34 / Acc: 82.876% / Loss: 0.5433 / Grad Norm: 2.3738 / Grad Diff: 677.6563 / Time: 7.55s
======================================================================================================

round 34 local learning rate = 0.00029411764705882356

>>> Round:   35 / Acc: 83.006% / Loss: 0.5386 / Grad Norm: 2.3401 / Grad Diff: 675.5106 / Time: 7.45s
======================================================================================================

= Test = round: 35 / acc: 84.460% / loss: 0.5020 / Time: 0.80s
======================================================================================================

round 35 local learning rate = 0.00028571428571428574

>>> Round:   36 / Acc: 83.135% / Loss: 0.5344 / Grad Norm: 2.3542 / Grad Diff: 673.7951 / Time: 7.96s
======================================================================================================

round 36 local learning rate = 0.0002777777777777778

>>> Round:   37 / Acc: 83.271% / Loss: 0.5301 / Grad Norm: 2.3515 / Grad Diff: 672.7977 / Time: 8.10s
======================================================================================================

round 37 local learning rate = 0.0002702702702702703

>>> Round:   38 / Acc: 83.411% / Loss: 0.5259 / Grad Norm: 2.3127 / Grad Diff: 670.3188 / Time: 8.64s
======================================================================================================

round 38 local learning rate = 0.0002631578947368421

>>> Round:   39 / Acc: 83.542% / Loss: 0.5221 / Grad Norm: 2.3313 / Grad Diff: 669.0920 / Time: 7.54s
======================================================================================================

round 39 local learning rate = 0.0002564102564102564

>>> Round:   40 / Acc: 83.661% / Loss: 0.5186 / Grad Norm: 2.3627 / Grad Diff: 666.8029 / Time: 7.45s
======================================================================================================

= Test = round: 40 / acc: 85.060% / loss: 0.4831 / Time: 0.62s
======================================================================================================

round 40 local learning rate = 0.00025

>>> Round:   41 / Acc: 83.790% / Loss: 0.5146 / Grad Norm: 2.2474 / Grad Diff: 662.4589 / Time: 7.50s
======================================================================================================

round 41 local learning rate = 0.00024390243902439024

>>> Round:   42 / Acc: 83.886% / Loss: 0.5112 / Grad Norm: 2.2695 / Grad Diff: 661.6818 / Time: 7.37s
======================================================================================================

round 42 local learning rate = 0.0002380952380952381

>>> Round:   43 / Acc: 83.980% / Loss: 0.5078 / Grad Norm: 2.2329 / Grad Diff: 659.7681 / Time: 7.49s
======================================================================================================

round 43 local learning rate = 0.00023255813953488373

>>> Round:   44 / Acc: 84.094% / Loss: 0.5045 / Grad Norm: 2.2297 / Grad Diff: 658.4721 / Time: 7.46s
======================================================================================================

round 44 local learning rate = 0.00022727272727272727

>>> Round:   45 / Acc: 84.179% / Loss: 0.5013 / Grad Norm: 2.1562 / Grad Diff: 655.5904 / Time: 8.52s
======================================================================================================

= Test = round: 45 / acc: 85.580% / loss: 0.4670 / Time: 0.63s
======================================================================================================

round 45 local learning rate = 0.00022222222222222223

>>> Round:   46 / Acc: 84.288% / Loss: 0.4981 / Grad Norm: 2.1001 / Grad Diff: 652.7714 / Time: 7.72s
======================================================================================================

round 46 local learning rate = 0.0002173913043478261

>>> Round:   47 / Acc: 84.393% / Loss: 0.4954 / Grad Norm: 2.1385 / Grad Diff: 652.6321 / Time: 7.65s
======================================================================================================

round 47 local learning rate = 0.0002127659574468085

>>> Round:   48 / Acc: 84.506% / Loss: 0.4926 / Grad Norm: 2.1235 / Grad Diff: 651.5373 / Time: 7.61s
======================================================================================================

round 48 local learning rate = 0.00020833333333333335

>>> Round:   49 / Acc: 84.620% / Loss: 0.4900 / Grad Norm: 2.1549 / Grad Diff: 651.2422 / Time: 7.85s
======================================================================================================

round 49 local learning rate = 0.00020408163265306123

>>> Round:   50 / Acc: 84.699% / Loss: 0.4874 / Grad Norm: 2.1482 / Grad Diff: 649.1622 / Time: 8.28s
======================================================================================================

= Test = round: 50 / acc: 85.930% / loss: 0.4539 / Time: 0.63s
======================================================================================================

round 50 local learning rate = 0.0002

>>> Round:   51 / Acc: 84.799% / Loss: 0.4847 / Grad Norm: 2.1055 / Grad Diff: 646.9183 / Time: 7.58s
======================================================================================================

round 51 local learning rate = 0.000196078431372549

>>> Round:   52 / Acc: 84.895% / Loss: 0.4820 / Grad Norm: 2.0395 / Grad Diff: 644.9125 / Time: 7.56s
======================================================================================================

round 52 local learning rate = 0.0001923076923076923

>>> Round:   53 / Acc: 84.985% / Loss: 0.4795 / Grad Norm: 2.0140 / Grad Diff: 642.7521 / Time: 7.78s
======================================================================================================

round 53 local learning rate = 0.00018867924528301886

>>> Round:   54 / Acc: 85.057% / Loss: 0.4774 / Grad Norm: 2.0589 / Grad Diff: 641.5526 / Time: 7.14s
======================================================================================================

round 54 local learning rate = 0.00018518518518518518

>>> Round:   55 / Acc: 85.105% / Loss: 0.4751 / Grad Norm: 2.0381 / Grad Diff: 640.3865 / Time: 7.58s
======================================================================================================

= Test = round: 55 / acc: 86.350% / loss: 0.4425 / Time: 0.79s
======================================================================================================

round 55 local learning rate = 0.00018181818181818183

>>> Round:   56 / Acc: 85.177% / Loss: 0.4728 / Grad Norm: 1.9884 / Grad Diff: 637.8591 / Time: 7.59s
======================================================================================================

round 56 local learning rate = 0.00017857142857142857

>>> Round:   57 / Acc: 85.251% / Loss: 0.4705 / Grad Norm: 1.9579 / Grad Diff: 636.6560 / Time: 7.72s
======================================================================================================

round 57 local learning rate = 0.00017543859649122808

>>> Round:   58 / Acc: 85.334% / Loss: 0.4683 / Grad Norm: 1.9100 / Grad Diff: 634.5724 / Time: 7.26s
======================================================================================================

round 58 local learning rate = 0.0001724137931034483

>>> Round:   59 / Acc: 85.397% / Loss: 0.4661 / Grad Norm: 1.8690 / Grad Diff: 632.2622 / Time: 7.70s
======================================================================================================

round 59 local learning rate = 0.00016949152542372882

>>> Round:   60 / Acc: 85.483% / Loss: 0.4641 / Grad Norm: 1.8742 / Grad Diff: 630.8300 / Time: 7.43s
======================================================================================================

= Test = round: 60 / acc: 86.730% / loss: 0.4325 / Time: 0.67s
======================================================================================================

round 60 local learning rate = 0.00016666666666666666

>>> Round:   61 / Acc: 85.528% / Loss: 0.4623 / Grad Norm: 1.9048 / Grad Diff: 630.4706 / Time: 7.45s
======================================================================================================

round 61 local learning rate = 0.0001639344262295082

>>> Round:   62 / Acc: 85.603% / Loss: 0.4603 / Grad Norm: 1.9116 / Grad Diff: 629.6158 / Time: 7.84s
======================================================================================================

round 62 local learning rate = 0.00016129032258064516

>>> Round:   63 / Acc: 85.668% / Loss: 0.4584 / Grad Norm: 1.8587 / Grad Diff: 627.4776 / Time: 8.29s
======================================================================================================

round 63 local learning rate = 0.00015873015873015873

>>> Round:   64 / Acc: 85.725% / Loss: 0.4566 / Grad Norm: 1.8493 / Grad Diff: 625.8232 / Time: 8.73s
======================================================================================================

round 64 local learning rate = 0.00015625

>>> Round:   65 / Acc: 85.769% / Loss: 0.4550 / Grad Norm: 1.9185 / Grad Diff: 626.5941 / Time: 7.72s
======================================================================================================

= Test = round: 65 / acc: 87.000% / loss: 0.4240 / Time: 0.60s
======================================================================================================

round 65 local learning rate = 0.00015384615384615385

>>> Round:   66 / Acc: 85.812% / Loss: 0.4533 / Grad Norm: 1.8775 / Grad Diff: 624.9074 / Time: 7.21s
======================================================================================================

round 66 local learning rate = 0.00015151515151515152

>>> Round:   67 / Acc: 85.906% / Loss: 0.4515 / Grad Norm: 1.8633 / Grad Diff: 623.2513 / Time: 7.56s
======================================================================================================

round 67 local learning rate = 0.00014925373134328358

>>> Round:   68 / Acc: 85.959% / Loss: 0.4497 / Grad Norm: 1.8087 / Grad Diff: 620.8085 / Time: 7.44s
======================================================================================================

round 68 local learning rate = 0.00014705882352941178

>>> Round:   69 / Acc: 86.007% / Loss: 0.4481 / Grad Norm: 1.7957 / Grad Diff: 619.6554 / Time: 7.61s
======================================================================================================

round 69 local learning rate = 0.00014492753623188405

>>> Round:   70 / Acc: 86.081% / Loss: 0.4464 / Grad Norm: 1.7678 / Grad Diff: 617.4525 / Time: 7.60s
======================================================================================================

= Test = round: 70 / acc: 87.260% / loss: 0.4163 / Time: 0.61s
======================================================================================================

round 70 local learning rate = 0.00014285714285714287

>>> Round:   71 / Acc: 86.142% / Loss: 0.4449 / Grad Norm: 1.7902 / Grad Diff: 617.0521 / Time: 8.42s
======================================================================================================

round 71 local learning rate = 0.00014084507042253522

>>> Round:   72 / Acc: 86.181% / Loss: 0.4434 / Grad Norm: 1.7852 / Grad Diff: 615.4294 / Time: 6.74s
======================================================================================================

round 72 local learning rate = 0.0001388888888888889

>>> Round:   73 / Acc: 86.207% / Loss: 0.4422 / Grad Norm: 1.8930 / Grad Diff: 616.1478 / Time: 6.74s
======================================================================================================

round 73 local learning rate = 0.000136986301369863

>>> Round:   74 / Acc: 86.280% / Loss: 0.4405 / Grad Norm: 1.7916 / Grad Diff: 613.1821 / Time: 6.71s
======================================================================================================

round 74 local learning rate = 0.00013513513513513514

>>> Round:   75 / Acc: 86.319% / Loss: 0.4391 / Grad Norm: 1.8175 / Grad Diff: 612.3912 / Time: 8.02s
======================================================================================================

= Test = round: 75 / acc: 87.450% / loss: 0.4094 / Time: 0.63s
======================================================================================================

round 75 local learning rate = 0.00013333333333333334

>>> Round:   76 / Acc: 86.362% / Loss: 0.4378 / Grad Norm: 1.8340 / Grad Diff: 611.2000 / Time: 7.53s
======================================================================================================

round 76 local learning rate = 0.00013157894736842105

>>> Round:   77 / Acc: 86.389% / Loss: 0.4362 / Grad Norm: 1.7273 / Grad Diff: 608.4712 / Time: 7.78s
======================================================================================================

round 77 local learning rate = 0.00012987012987012987

>>> Round:   78 / Acc: 86.437% / Loss: 0.4348 / Grad Norm: 1.7188 / Grad Diff: 607.0647 / Time: 7.61s
======================================================================================================

round 78 local learning rate = 0.0001282051282051282

>>> Round:   79 / Acc: 86.478% / Loss: 0.4333 / Grad Norm: 1.6548 / Grad Diff: 604.7209 / Time: 7.47s
======================================================================================================

round 79 local learning rate = 0.00012658227848101267

>>> Round:   80 / Acc: 86.522% / Loss: 0.4319 / Grad Norm: 1.6579 / Grad Diff: 603.5053 / Time: 7.24s
======================================================================================================

= Test = round: 80 / acc: 87.650% / loss: 0.4028 / Time: 0.62s
======================================================================================================

round 80 local learning rate = 0.000125

>>> Round:   81 / Acc: 86.577% / Loss: 0.4308 / Grad Norm: 1.7278 / Grad Diff: 603.6088 / Time: 7.61s
======================================================================================================

round 81 local learning rate = 0.0001234567901234568

>>> Round:   82 / Acc: 86.613% / Loss: 0.4295 / Grad Norm: 1.6834 / Grad Diff: 601.5717 / Time: 7.48s
======================================================================================================

round 82 local learning rate = 0.00012195121951219512

>>> Round:   83 / Acc: 86.655% / Loss: 0.4282 / Grad Norm: 1.6418 / Grad Diff: 599.6102 / Time: 7.35s
======================================================================================================

round 83 local learning rate = 0.00012048192771084338

>>> Round:   84 / Acc: 86.714% / Loss: 0.4269 / Grad Norm: 1.6320 / Grad Diff: 598.2512 / Time: 7.36s
======================================================================================================

round 84 local learning rate = 0.00011904761904761905

>>> Round:   85 / Acc: 86.742% / Loss: 0.4256 / Grad Norm: 1.6048 / Grad Diff: 596.5783 / Time: 7.67s
======================================================================================================

= Test = round: 85 / acc: 87.880% / loss: 0.3969 / Time: 0.64s
======================================================================================================

round 85 local learning rate = 0.00011764705882352942

>>> Round:   86 / Acc: 86.769% / Loss: 0.4244 / Grad Norm: 1.5725 / Grad Diff: 594.7471 / Time: 7.86s
======================================================================================================

round 86 local learning rate = 0.00011627906976744187

>>> Round:   87 / Acc: 86.799% / Loss: 0.4232 / Grad Norm: 1.5576 / Grad Diff: 593.6407 / Time: 7.58s
======================================================================================================

round 87 local learning rate = 0.00011494252873563218

>>> Round:   88 / Acc: 86.827% / Loss: 0.4221 / Grad Norm: 1.5730 / Grad Diff: 592.8251 / Time: 7.57s
======================================================================================================

round 88 local learning rate = 0.00011363636363636364

>>> Round:   89 / Acc: 86.856% / Loss: 0.4210 / Grad Norm: 1.5618 / Grad Diff: 591.1645 / Time: 7.69s
======================================================================================================

round 89 local learning rate = 0.00011235955056179776

>>> Round:   90 / Acc: 86.895% / Loss: 0.4200 / Grad Norm: 1.6118 / Grad Diff: 591.0414 / Time: 7.60s
======================================================================================================

= Test = round: 90 / acc: 88.100% / loss: 0.3917 / Time: 0.63s
======================================================================================================

round 90 local learning rate = 0.00011111111111111112

>>> Round:   91 / Acc: 86.930% / Loss: 0.4188 / Grad Norm: 1.5561 / Grad Diff: 589.0658 / Time: 7.55s
======================================================================================================

round 91 local learning rate = 0.00010989010989010989

>>> Round:   92 / Acc: 86.970% / Loss: 0.4178 / Grad Norm: 1.5855 / Grad Diff: 588.2414 / Time: 7.58s
======================================================================================================

round 92 local learning rate = 0.00010869565217391305

>>> Round:   93 / Acc: 86.994% / Loss: 0.4168 / Grad Norm: 1.5774 / Grad Diff: 587.0782 / Time: 7.67s
======================================================================================================

round 93 local learning rate = 0.00010752688172043011

>>> Round:   94 / Acc: 87.044% / Loss: 0.4156 / Grad Norm: 1.5351 / Grad Diff: 585.0376 / Time: 7.51s
======================================================================================================

round 94 local learning rate = 0.00010638297872340425

>>> Round:   95 / Acc: 87.083% / Loss: 0.4146 / Grad Norm: 1.5643 / Grad Diff: 584.6195 / Time: 7.41s
======================================================================================================

= Test = round: 95 / acc: 88.220% / loss: 0.3867 / Time: 0.62s
======================================================================================================

round 95 local learning rate = 0.00010526315789473685

>>> Round:   96 / Acc: 87.103% / Loss: 0.4137 / Grad Norm: 1.5804 / Grad Diff: 583.8246 / Time: 7.45s
======================================================================================================

round 96 local learning rate = 0.00010416666666666667

>>> Round:   97 / Acc: 87.146% / Loss: 0.4126 / Grad Norm: 1.5668 / Grad Diff: 582.7863 / Time: 7.54s
======================================================================================================

round 97 local learning rate = 0.00010309278350515464

>>> Round:   98 / Acc: 87.175% / Loss: 0.4117 / Grad Norm: 1.5642 / Grad Diff: 581.9185 / Time: 7.62s
======================================================================================================

round 98 local learning rate = 0.00010204081632653062

>>> Round:   99 / Acc: 87.214% / Loss: 0.4107 / Grad Norm: 1.5575 / Grad Diff: 580.8807 / Time: 7.51s
======================================================================================================

round 99 local learning rate = 0.00010101010101010101

>>> Round:  100 / Acc: 87.238% / Loss: 0.4099 / Grad Norm: 1.6113 / Grad Diff: 580.7691 / Time: 7.60s
======================================================================================================

= Test = round: 100 / acc: 88.350% / loss: 0.3823 / Time: 0.63s
======================================================================================================

round 100 local learning rate = 0.0001

>>> Round:  101 / Acc: 87.293% / Loss: 0.4086 / Grad Norm: 1.4925 / Grad Diff: 577.2518 / Time: 7.81s
======================================================================================================

round 101 local learning rate = 9.900990099009902e-05

>>> Round:  102 / Acc: 87.304% / Loss: 0.4078 / Grad Norm: 1.5188 / Grad Diff: 576.8067 / Time: 7.59s
======================================================================================================

round 102 local learning rate = 9.80392156862745e-05

>>> Round:  103 / Acc: 87.328% / Loss: 0.4069 / Grad Norm: 1.4910 / Grad Diff: 575.6676 / Time: 7.90s
======================================================================================================

round 103 local learning rate = 9.70873786407767e-05

>>> Round:  104 / Acc: 87.334% / Loss: 0.4060 / Grad Norm: 1.5033 / Grad Diff: 575.2109 / Time: 7.95s
======================================================================================================

round 104 local learning rate = 9.615384615384615e-05

>>> Round:  105 / Acc: 87.380% / Loss: 0.4051 / Grad Norm: 1.4945 / Grad Diff: 573.9088 / Time: 7.11s
======================================================================================================

= Test = round: 105 / acc: 88.510% / loss: 0.3784 / Time: 0.61s
======================================================================================================

round 105 local learning rate = 9.523809523809524e-05

>>> Round:  106 / Acc: 87.419% / Loss: 0.4042 / Grad Norm: 1.4799 / Grad Diff: 572.8556 / Time: 7.33s
======================================================================================================

round 106 local learning rate = 9.433962264150943e-05

>>> Round:  107 / Acc: 87.424% / Loss: 0.4034 / Grad Norm: 1.4584 / Grad Diff: 571.3207 / Time: 8.39s
======================================================================================================

round 107 local learning rate = 9.345794392523364e-05

>>> Round:  108 / Acc: 87.448% / Loss: 0.4025 / Grad Norm: 1.4472 / Grad Diff: 570.0891 / Time: 8.06s
======================================================================================================

round 108 local learning rate = 9.259259259259259e-05

>>> Round:  109 / Acc: 87.509% / Loss: 0.4017 / Grad Norm: 1.4790 / Grad Diff: 569.7197 / Time: 7.59s
======================================================================================================

round 109 local learning rate = 9.174311926605505e-05

>>> Round:  110 / Acc: 87.504% / Loss: 0.4008 / Grad Norm: 1.4617 / Grad Diff: 568.6946 / Time: 8.08s
======================================================================================================

= Test = round: 110 / acc: 88.580% / loss: 0.3742 / Time: 0.62s
======================================================================================================

round 110 local learning rate = 9.090909090909092e-05

>>> Round:  111 / Acc: 87.528% / Loss: 0.4000 / Grad Norm: 1.4344 / Grad Diff: 567.3841 / Time: 7.84s
======================================================================================================

round 111 local learning rate = 9.009009009009009e-05

>>> Round:  112 / Acc: 87.554% / Loss: 0.3991 / Grad Norm: 1.4166 / Grad Diff: 566.1505 / Time: 7.54s
======================================================================================================

round 112 local learning rate = 8.928571428571429e-05

>>> Round:  113 / Acc: 87.583% / Loss: 0.3984 / Grad Norm: 1.4309 / Grad Diff: 565.7151 / Time: 7.69s
======================================================================================================

round 113 local learning rate = 8.849557522123894e-05

>>> Round:  114 / Acc: 87.590% / Loss: 0.3976 / Grad Norm: 1.4187 / Grad Diff: 564.4109 / Time: 7.51s
======================================================================================================

round 114 local learning rate = 8.771929824561404e-05

>>> Round:  115 / Acc: 87.618% / Loss: 0.3968 / Grad Norm: 1.4286 / Grad Diff: 563.6961 / Time: 7.33s
======================================================================================================

= Test = round: 115 / acc: 88.660% / loss: 0.3707 / Time: 0.59s
======================================================================================================

round 115 local learning rate = 8.695652173913044e-05

>>> Round:  116 / Acc: 87.673% / Loss: 0.3960 / Grad Norm: 1.4122 / Grad Diff: 562.1289 / Time: 7.77s
======================================================================================================

round 116 local learning rate = 8.620689655172414e-05

>>> Round:  117 / Acc: 87.670% / Loss: 0.3952 / Grad Norm: 1.4463 / Grad Diff: 561.5634 / Time: 7.31s
======================================================================================================

round 117 local learning rate = 8.547008547008547e-05

>>> Round:  118 / Acc: 87.690% / Loss: 0.3945 / Grad Norm: 1.4275 / Grad Diff: 560.3092 / Time: 7.44s
======================================================================================================

round 118 local learning rate = 8.474576271186441e-05

>>> Round:  119 / Acc: 87.723% / Loss: 0.3937 / Grad Norm: 1.4108 / Grad Diff: 558.9303 / Time: 7.51s
======================================================================================================

round 119 local learning rate = 8.403361344537815e-05

>>> Round:  120 / Acc: 87.758% / Loss: 0.3929 / Grad Norm: 1.3593 / Grad Diff: 556.9327 / Time: 7.75s
======================================================================================================

= Test = round: 120 / acc: 88.720% / loss: 0.3672 / Time: 0.63s
======================================================================================================

round 120 local learning rate = 8.333333333333333e-05

>>> Round:  121 / Acc: 87.790% / Loss: 0.3922 / Grad Norm: 1.3798 / Grad Diff: 556.4566 / Time: 7.74s
======================================================================================================

round 121 local learning rate = 8.264462809917356e-05

>>> Round:  122 / Acc: 87.799% / Loss: 0.3915 / Grad Norm: 1.3786 / Grad Diff: 555.3045 / Time: 7.51s
======================================================================================================

round 122 local learning rate = 8.19672131147541e-05

>>> Round:  123 / Acc: 87.819% / Loss: 0.3907 / Grad Norm: 1.3536 / Grad Diff: 553.7678 / Time: 7.48s
======================================================================================================

round 123 local learning rate = 8.130081300813008e-05

>>> Round:  124 / Acc: 87.830% / Loss: 0.3901 / Grad Norm: 1.3526 / Grad Diff: 553.0517 / Time: 7.14s
======================================================================================================

round 124 local learning rate = 8.064516129032258e-05

>>> Round:  125 / Acc: 87.875% / Loss: 0.3893 / Grad Norm: 1.3293 / Grad Diff: 552.1009 / Time: 6.70s
======================================================================================================

= Test = round: 125 / acc: 88.770% / loss: 0.3639 / Time: 0.60s
======================================================================================================

round 125 local learning rate = 8e-05

>>> Round:  126 / Acc: 87.911% / Loss: 0.3887 / Grad Norm: 1.3201 / Grad Diff: 551.0395 / Time: 6.80s
======================================================================================================

round 126 local learning rate = 7.936507936507937e-05

>>> Round:  127 / Acc: 87.935% / Loss: 0.3880 / Grad Norm: 1.3012 / Grad Diff: 549.6850 / Time: 7.52s
======================================================================================================

round 127 local learning rate = 7.874015748031496e-05

>>> Round:  128 / Acc: 87.945% / Loss: 0.3873 / Grad Norm: 1.2863 / Grad Diff: 548.4261 / Time: 7.64s
======================================================================================================

round 128 local learning rate = 7.8125e-05

>>> Round:  129 / Acc: 87.963% / Loss: 0.3867 / Grad Norm: 1.3152 / Grad Diff: 548.4687 / Time: 7.72s
======================================================================================================

round 129 local learning rate = 7.751937984496124e-05

>>> Round:  130 / Acc: 87.993% / Loss: 0.3861 / Grad Norm: 1.3658 / Grad Diff: 549.0043 / Time: 7.59s
======================================================================================================

= Test = round: 130 / acc: 88.870% / loss: 0.3609 / Time: 0.62s
======================================================================================================

round 130 local learning rate = 7.692307692307693e-05

>>> Round:  131 / Acc: 88.017% / Loss: 0.3854 / Grad Norm: 1.3227 / Grad Diff: 547.4816 / Time: 7.68s
======================================================================================================

round 131 local learning rate = 7.633587786259542e-05

>>> Round:  132 / Acc: 88.046% / Loss: 0.3849 / Grad Norm: 1.3608 / Grad Diff: 547.3411 / Time: 7.63s
======================================================================================================

round 132 local learning rate = 7.575757575757576e-05

>>> Round:  133 / Acc: 88.079% / Loss: 0.3842 / Grad Norm: 1.3649 / Grad Diff: 546.5754 / Time: 7.80s
======================================================================================================

round 133 local learning rate = 7.518796992481203e-05

>>> Round:  134 / Acc: 88.092% / Loss: 0.3836 / Grad Norm: 1.3277 / Grad Diff: 545.1015 / Time: 7.98s
======================================================================================================

round 134 local learning rate = 7.462686567164179e-05

>>> Round:  135 / Acc: 88.124% / Loss: 0.3829 / Grad Norm: 1.2884 / Grad Diff: 543.4834 / Time: 7.58s
======================================================================================================

= Test = round: 135 / acc: 88.940% / loss: 0.3581 / Time: 0.61s
======================================================================================================

round 135 local learning rate = 7.407407407407407e-05

>>> Round:  136 / Acc: 88.131% / Loss: 0.3823 / Grad Norm: 1.3188 / Grad Diff: 543.4852 / Time: 7.72s
======================================================================================================

round 136 local learning rate = 7.352941176470589e-05

>>> Round:  137 / Acc: 88.153% / Loss: 0.3817 / Grad Norm: 1.3195 / Grad Diff: 542.5141 / Time: 7.91s
======================================================================================================

round 137 local learning rate = 7.299270072992701e-05

>>> Round:  138 / Acc: 88.183% / Loss: 0.3811 / Grad Norm: 1.3493 / Grad Diff: 542.2109 / Time: 7.47s
======================================================================================================

round 138 local learning rate = 7.246376811594203e-05

>>> Round:  139 / Acc: 88.190% / Loss: 0.3805 / Grad Norm: 1.3084 / Grad Diff: 540.5535 / Time: 7.43s
======================================================================================================

round 139 local learning rate = 7.194244604316547e-05

>>> Round:  140 / Acc: 88.201% / Loss: 0.3799 / Grad Norm: 1.2929 / Grad Diff: 539.5384 / Time: 7.99s
======================================================================================================

= Test = round: 140 / acc: 89.100% / loss: 0.3555 / Time: 0.62s
======================================================================================================

round 140 local learning rate = 7.142857142857143e-05

>>> Round:  141 / Acc: 88.227% / Loss: 0.3792 / Grad Norm: 1.2636 / Grad Diff: 538.4141 / Time: 7.58s
======================================================================================================

round 141 local learning rate = 7.092198581560284e-05

>>> Round:  142 / Acc: 88.247% / Loss: 0.3786 / Grad Norm: 1.2523 / Grad Diff: 537.3985 / Time: 7.97s
======================================================================================================

round 142 local learning rate = 7.042253521126761e-05

>>> Round:  143 / Acc: 88.249% / Loss: 0.3781 / Grad Norm: 1.2549 / Grad Diff: 536.7461 / Time: 7.33s
======================================================================================================

round 143 local learning rate = 6.993006993006993e-05

>>> Round:  144 / Acc: 88.290% / Loss: 0.3775 / Grad Norm: 1.2348 / Grad Diff: 535.4092 / Time: 7.56s
======================================================================================================

round 144 local learning rate = 6.944444444444444e-05

>>> Round:  145 / Acc: 88.308% / Loss: 0.3770 / Grad Norm: 1.2543 / Grad Diff: 535.1625 / Time: 7.66s
======================================================================================================

= Test = round: 145 / acc: 89.220% / loss: 0.3528 / Time: 0.61s
======================================================================================================

round 145 local learning rate = 6.896551724137931e-05

>>> Round:  146 / Acc: 88.306% / Loss: 0.3764 / Grad Norm: 1.2297 / Grad Diff: 533.9683 / Time: 7.60s
======================================================================================================

round 146 local learning rate = 6.84931506849315e-05

>>> Round:  147 / Acc: 88.319% / Loss: 0.3758 / Grad Norm: 1.2234 / Grad Diff: 533.2814 / Time: 7.90s
======================================================================================================

round 147 local learning rate = 6.802721088435374e-05

>>> Round:  148 / Acc: 88.349% / Loss: 0.3752 / Grad Norm: 1.1905 / Grad Diff: 531.8892 / Time: 7.82s
======================================================================================================

round 148 local learning rate = 6.756756756756757e-05

>>> Round:  149 / Acc: 88.371% / Loss: 0.3747 / Grad Norm: 1.1968 / Grad Diff: 531.4826 / Time: 8.21s
======================================================================================================

round 149 local learning rate = 6.711409395973155e-05

>>> Round:  150 / Acc: 88.399% / Loss: 0.3742 / Grad Norm: 1.1990 / Grad Diff: 530.8962 / Time: 7.81s
======================================================================================================

= Test = round: 150 / acc: 89.340% / loss: 0.3502 / Time: 0.62s
======================================================================================================

round 150 local learning rate = 6.666666666666667e-05

>>> Round:  151 / Acc: 88.421% / Loss: 0.3737 / Grad Norm: 1.1981 / Grad Diff: 530.1703 / Time: 7.86s
======================================================================================================

round 151 local learning rate = 6.622516556291391e-05

>>> Round:  152 / Acc: 88.439% / Loss: 0.3732 / Grad Norm: 1.2073 / Grad Diff: 529.7916 / Time: 7.63s
======================================================================================================

round 152 local learning rate = 6.578947368421052e-05

>>> Round:  153 / Acc: 88.454% / Loss: 0.3727 / Grad Norm: 1.2300 / Grad Diff: 529.2736 / Time: 7.65s
======================================================================================================

round 153 local learning rate = 6.535947712418301e-05

>>> Round:  154 / Acc: 88.452% / Loss: 0.3723 / Grad Norm: 1.2774 / Grad Diff: 529.5825 / Time: 7.80s
======================================================================================================

round 154 local learning rate = 6.493506493506494e-05

>>> Round:  155 / Acc: 88.470% / Loss: 0.3718 / Grad Norm: 1.2586 / Grad Diff: 528.6109 / Time: 7.49s
======================================================================================================

= Test = round: 155 / acc: 89.390% / loss: 0.3482 / Time: 0.60s
======================================================================================================

round 155 local learning rate = 6.451612903225807e-05

>>> Round:  156 / Acc: 88.500% / Loss: 0.3712 / Grad Norm: 1.2176 / Grad Diff: 527.4382 / Time: 7.96s
======================================================================================================

round 156 local learning rate = 6.41025641025641e-05

>>> Round:  157 / Acc: 88.520% / Loss: 0.3707 / Grad Norm: 1.2275 / Grad Diff: 527.0240 / Time: 7.83s
======================================================================================================

round 157 local learning rate = 6.369426751592357e-05

>>> Round:  158 / Acc: 88.509% / Loss: 0.3702 / Grad Norm: 1.2491 / Grad Diff: 526.7663 / Time: 7.58s
======================================================================================================

round 158 local learning rate = 6.329113924050633e-05

>>> Round:  159 / Acc: 88.542% / Loss: 0.3697 / Grad Norm: 1.2201 / Grad Diff: 525.6630 / Time: 7.74s
======================================================================================================

round 159 local learning rate = 6.289308176100629e-05

>>> Round:  160 / Acc: 88.554% / Loss: 0.3692 / Grad Norm: 1.2144 / Grad Diff: 524.9732 / Time: 7.72s
======================================================================================================

= Test = round: 160 / acc: 89.480% / loss: 0.3456 / Time: 0.62s
======================================================================================================

round 160 local learning rate = 6.25e-05

>>> Round:  161 / Acc: 88.574% / Loss: 0.3687 / Grad Norm: 1.1956 / Grad Diff: 524.0244 / Time: 7.92s
======================================================================================================

round 161 local learning rate = 6.211180124223603e-05

>>> Round:  162 / Acc: 88.589% / Loss: 0.3683 / Grad Norm: 1.1920 / Grad Diff: 523.2707 / Time: 8.46s
======================================================================================================

round 162 local learning rate = 6.17283950617284e-05

>>> Round:  163 / Acc: 88.601% / Loss: 0.3678 / Grad Norm: 1.2029 / Grad Diff: 522.8898 / Time: 8.01s
======================================================================================================

round 163 local learning rate = 6.134969325153375e-05

>>> Round:  164 / Acc: 88.603% / Loss: 0.3673 / Grad Norm: 1.2041 / Grad Diff: 522.2354 / Time: 7.97s
======================================================================================================

round 164 local learning rate = 6.097560975609756e-05

>>> Round:  165 / Acc: 88.605% / Loss: 0.3668 / Grad Norm: 1.1986 / Grad Diff: 521.3170 / Time: 8.29s
======================================================================================================

= Test = round: 165 / acc: 89.550% / loss: 0.3435 / Time: 0.65s
======================================================================================================

round 165 local learning rate = 6.0606060606060605e-05

>>> Round:  166 / Acc: 88.629% / Loss: 0.3664 / Grad Norm: 1.2004 / Grad Diff: 520.5877 / Time: 7.53s
======================================================================================================

round 166 local learning rate = 6.024096385542169e-05

>>> Round:  167 / Acc: 88.638% / Loss: 0.3659 / Grad Norm: 1.2018 / Grad Diff: 520.0494 / Time: 8.57s
======================================================================================================

round 167 local learning rate = 5.988023952095808e-05

>>> Round:  168 / Acc: 88.651% / Loss: 0.3654 / Grad Norm: 1.1820 / Grad Diff: 518.9142 / Time: 7.89s
======================================================================================================

round 168 local learning rate = 5.9523809523809524e-05

>>> Round:  169 / Acc: 88.673% / Loss: 0.3650 / Grad Norm: 1.2028 / Grad Diff: 518.6509 / Time: 7.79s
======================================================================================================

round 169 local learning rate = 5.9171597633136094e-05

>>> Round:  170 / Acc: 88.692% / Loss: 0.3645 / Grad Norm: 1.1742 / Grad Diff: 517.5076 / Time: 7.96s
======================================================================================================

= Test = round: 170 / acc: 89.590% / loss: 0.3414 / Time: 0.63s
======================================================================================================

round 170 local learning rate = 5.882352941176471e-05

>>> Round:  171 / Acc: 88.696% / Loss: 0.3641 / Grad Norm: 1.1522 / Grad Diff: 516.5142 / Time: 7.84s
======================================================================================================

round 171 local learning rate = 5.847953216374269e-05

>>> Round:  172 / Acc: 88.727% / Loss: 0.3636 / Grad Norm: 1.1365 / Grad Diff: 515.5716 / Time: 7.64s
======================================================================================================

round 172 local learning rate = 5.8139534883720933e-05

>>> Round:  173 / Acc: 88.753% / Loss: 0.3632 / Grad Norm: 1.1466 / Grad Diff: 515.0620 / Time: 7.59s
======================================================================================================

round 173 local learning rate = 5.7803468208092484e-05

>>> Round:  174 / Acc: 88.755% / Loss: 0.3627 / Grad Norm: 1.1332 / Grad Diff: 514.0919 / Time: 7.52s
======================================================================================================

round 174 local learning rate = 5.747126436781609e-05

>>> Round:  175 / Acc: 88.768% / Loss: 0.3623 / Grad Norm: 1.1366 / Grad Diff: 513.5647 / Time: 7.62s
======================================================================================================

= Test = round: 175 / acc: 89.670% / loss: 0.3394 / Time: 0.62s
======================================================================================================

round 175 local learning rate = 5.714285714285714e-05

>>> Round:  176 / Acc: 88.758% / Loss: 0.3619 / Grad Norm: 1.1268 / Grad Diff: 512.7908 / Time: 7.57s
======================================================================================================

round 176 local learning rate = 5.681818181818182e-05

>>> Round:  177 / Acc: 88.764% / Loss: 0.3615 / Grad Norm: 1.1296 / Grad Diff: 512.1320 / Time: 7.74s
======================================================================================================

round 177 local learning rate = 5.649717514124294e-05

>>> Round:  178 / Acc: 88.782% / Loss: 0.3610 / Grad Norm: 1.1040 / Grad Diff: 511.1003 / Time: 7.58s
======================================================================================================

round 178 local learning rate = 5.617977528089888e-05

>>> Round:  179 / Acc: 88.803% / Loss: 0.3606 / Grad Norm: 1.0768 / Grad Diff: 509.8175 / Time: 7.68s
======================================================================================================

round 179 local learning rate = 5.58659217877095e-05

>>> Round:  180 / Acc: 88.804% / Loss: 0.3602 / Grad Norm: 1.1111 / Grad Diff: 509.9737 / Time: 7.79s
======================================================================================================

= Test = round: 180 / acc: 89.700% / loss: 0.3376 / Time: 0.63s
======================================================================================================

round 180 local learning rate = 5.555555555555556e-05

>>> Round:  181 / Acc: 88.806% / Loss: 0.3598 / Grad Norm: 1.0819 / Grad Diff: 508.6627 / Time: 7.73s
======================================================================================================

round 181 local learning rate = 5.524861878453039e-05

>>> Round:  182 / Acc: 88.828% / Loss: 0.3594 / Grad Norm: 1.0922 / Grad Diff: 508.2346 / Time: 7.49s
======================================================================================================

round 182 local learning rate = 5.4945054945054945e-05

>>> Round:  183 / Acc: 88.825% / Loss: 0.3589 / Grad Norm: 1.0728 / Grad Diff: 507.3814 / Time: 7.36s
======================================================================================================

round 183 local learning rate = 5.46448087431694e-05

>>> Round:  184 / Acc: 88.865% / Loss: 0.3586 / Grad Norm: 1.0962 / Grad Diff: 507.4970 / Time: 6.76s
======================================================================================================

round 184 local learning rate = 5.4347826086956524e-05

>>> Round:  185 / Acc: 88.876% / Loss: 0.3582 / Grad Norm: 1.1017 / Grad Diff: 507.1182 / Time: 7.45s
======================================================================================================

= Test = round: 185 / acc: 89.760% / loss: 0.3359 / Time: 0.59s
======================================================================================================

round 185 local learning rate = 5.4054054054054054e-05

>>> Round:  186 / Acc: 88.891% / Loss: 0.3578 / Grad Norm: 1.1090 / Grad Diff: 506.6963 / Time: 7.61s
======================================================================================================

round 186 local learning rate = 5.3763440860215054e-05

>>> Round:  187 / Acc: 88.887% / Loss: 0.3574 / Grad Norm: 1.0985 / Grad Diff: 505.7949 / Time: 7.67s
======================================================================================================

round 187 local learning rate = 5.347593582887701e-05

>>> Round:  188 / Acc: 88.895% / Loss: 0.3571 / Grad Norm: 1.1214 / Grad Diff: 505.7157 / Time: 7.58s
======================================================================================================

round 188 local learning rate = 5.319148936170213e-05

>>> Round:  189 / Acc: 88.915% / Loss: 0.3567 / Grad Norm: 1.1225 / Grad Diff: 505.4906 / Time: 8.72s
======================================================================================================

round 189 local learning rate = 5.291005291005291e-05

>>> Round:  190 / Acc: 88.921% / Loss: 0.3563 / Grad Norm: 1.0912 / Grad Diff: 504.5287 / Time: 7.77s
======================================================================================================

= Test = round: 190 / acc: 89.860% / loss: 0.3343 / Time: 0.62s
======================================================================================================

round 190 local learning rate = 5.2631578947368424e-05

>>> Round:  191 / Acc: 88.946% / Loss: 0.3560 / Grad Norm: 1.0904 / Grad Diff: 504.0468 / Time: 7.63s
======================================================================================================

round 191 local learning rate = 5.2356020942408376e-05

>>> Round:  192 / Acc: 88.954% / Loss: 0.3556 / Grad Norm: 1.0962 / Grad Diff: 503.4676 / Time: 7.73s
======================================================================================================

round 192 local learning rate = 5.208333333333334e-05

>>> Round:  193 / Acc: 88.967% / Loss: 0.3552 / Grad Norm: 1.1032 / Grad Diff: 503.1044 / Time: 7.70s
======================================================================================================

round 193 local learning rate = 5.1813471502590674e-05

>>> Round:  194 / Acc: 88.976% / Loss: 0.3549 / Grad Norm: 1.0960 / Grad Diff: 502.3614 / Time: 7.67s
======================================================================================================

round 194 local learning rate = 5.154639175257732e-05

>>> Round:  195 / Acc: 88.976% / Loss: 0.3545 / Grad Norm: 1.0874 / Grad Diff: 501.6308 / Time: 7.56s
======================================================================================================

= Test = round: 195 / acc: 89.970% / loss: 0.3328 / Time: 0.64s
======================================================================================================

round 195 local learning rate = 5.1282051282051286e-05

>>> Round:  196 / Acc: 89.000% / Loss: 0.3541 / Grad Norm: 1.0772 / Grad Diff: 500.8171 / Time: 7.93s
======================================================================================================

round 196 local learning rate = 5.102040816326531e-05

>>> Round:  197 / Acc: 89.015% / Loss: 0.3538 / Grad Norm: 1.0815 / Grad Diff: 500.4474 / Time: 7.78s
======================================================================================================

round 197 local learning rate = 5.076142131979695e-05

>>> Round:  198 / Acc: 89.035% / Loss: 0.3535 / Grad Norm: 1.1080 / Grad Diff: 500.3960 / Time: 7.78s
======================================================================================================

round 198 local learning rate = 5.0505050505050505e-05

>>> Round:  199 / Acc: 89.063% / Loss: 0.3531 / Grad Norm: 1.1070 / Grad Diff: 500.0288 / Time: 7.55s
======================================================================================================

round 199 local learning rate = 5.0251256281407036e-05

>>> Round:  200 / Acc: 89.081% / Loss: 0.3528 / Grad Norm: 1.1354 / Grad Diff: 499.9587 / Time: 8.68s
======================================================================================================

= Test = round: 200 / acc: 89.920% / loss: 0.3312 / Time: 0.60s
======================================================================================================

