nohup: ignoring input
Using device: cuda:0
>>> Arguments:
	             algo : fedavgtl
	            alpha : 51871.0
	       batch_size : 32
	clients_per_round : 100
	          dataset : mnist_all_data_1_equal_niid
	           device : cuda:0
	              dis : 
	   early_stopping : 20
	       eval_every : 5
	    ft_batch_size : 128
	       ft_dataset : mnist-m
	        ft_epochs : 2
	            ft_lr : 0.01
	            ft_wd : 0.0
	              gpu : True
	      input_shape : (1, 28, 28)
	           last_k : 2
	               lr : 0.01
	            model : lenet
	           n_init : 5
	        noaverage : False
	          noprint : False
	        num_class : 10
	        num_epoch : 1
	        num_round : 200
	           opt_lr : False
	            reg_J : True
	       reg_J_coef : 0.001
	             seed : 0
	               wd : 0.0
>>> Read data from:
     ./data/mnist/data/all_data_1.pkl
>>> The estimate of constant alpha is 51871.0.
>>> Read data from:
     ./data/mnist/data/train/all_data_1_equal_niid.pkl
     ./data/mnist/data/test/all_data_1_equal_niid.pkl
>>> Use gpu on device cuda:0
>>> Model statistic per layer
LeNet_MNIST(
  286.12 KMac, 100.000% MACs, 
  (conv1): Conv2d(89.856 KMac, 31.405% MACs, 1, 6, kernel_size=(5, 5), stride=(1, 1))
  (conv2): Conv2d(154.624 KMac, 54.042% MACs, 6, 16, kernel_size=(5, 5), stride=(1, 1))
  (fc1): Linear(30.72 KMac, 10.737% MACs, in_features=256, out_features=120, bias=True)
  (fc2): Linear(10.08 KMac, 3.523% MACs, in_features=120, out_features=84, bias=True)
  (fc3): Linear(840.0 Mac, 0.294% MACs, in_features=84, out_features=10, bias=True)
)
>>> Activate a worker for training
>>> Initialize 100 clients in total
>>> Weigh updates by simple average
>>> Select 100 clients per round 


>>> Round:    0 / Acc: 14.188% / Loss: 10.2523 / Grad Norm: 166.0724 / Grad Diff: 60215.7721 / Time: 7.82s
======================================================================================================

= Test = round: 0 / acc: 14.790% / loss: 10.0981 / Time: 0.61s
======================================================================================================

round 0 local learning rate = 0.01

>>> Round:    1 / Acc: 13.683% / Loss: 2.2947 / Grad Norm: 2.8224 / Grad Diff: 87.0917 / Time: 7.78s
======================================================================================================

round 1 local learning rate = 0.01

>>> Round:    2 / Acc: 29.568% / Loss: 1.9807 / Grad Norm: 4.6163 / Grad Diff: 251.0967 / Time: 9.22s
======================================================================================================

round 2 local learning rate = 0.005

>>> Round:    3 / Acc: 48.006% / Loss: 1.6120 / Grad Norm: 5.9869 / Grad Diff: 574.8164 / Time: 7.81s
======================================================================================================

round 3 local learning rate = 0.0033333333333333335

>>> Round:    4 / Acc: 58.576% / Loss: 1.3451 / Grad Norm: 5.9333 / Grad Diff: 746.7202 / Time: 7.78s
======================================================================================================

round 4 local learning rate = 0.0025

>>> Round:    5 / Acc: 64.251% / Loss: 1.1616 / Grad Norm: 5.5509 / Grad Diff: 819.9789 / Time: 7.61s
======================================================================================================

= Test = round: 5 / acc: 65.610% / loss: 1.1206 / Time: 0.60s
======================================================================================================

round 5 local learning rate = 0.002

>>> Round:    6 / Acc: 68.375% / Loss: 1.0364 / Grad Norm: 5.2066 / Grad Diff: 842.4016 / Time: 7.77s
======================================================================================================

round 6 local learning rate = 0.0016666666666666668

>>> Round:    7 / Acc: 71.221% / Loss: 0.9433 / Grad Norm: 4.8583 / Grad Diff: 842.6656 / Time: 7.74s
======================================================================================================

round 7 local learning rate = 0.0014285714285714286

>>> Round:    8 / Acc: 73.303% / Loss: 0.8740 / Grad Norm: 4.5381 / Grad Diff: 836.8512 / Time: 7.63s
======================================================================================================

round 8 local learning rate = 0.00125

>>> Round:    9 / Acc: 74.913% / Loss: 0.8195 / Grad Norm: 4.2075 / Grad Diff: 825.5428 / Time: 8.81s
======================================================================================================

round 9 local learning rate = 0.0011111111111111111

>>> Round:   10 / Acc: 76.229% / Loss: 0.7763 / Grad Norm: 3.9446 / Grad Diff: 816.0111 / Time: 7.45s
======================================================================================================

= Test = round: 10 / acc: 77.370% / loss: 0.7358 / Time: 0.61s
======================================================================================================

round 10 local learning rate = 0.001

>>> Round:   11 / Acc: 77.258% / Loss: 0.7420 / Grad Norm: 3.8280 / Grad Diff: 806.6095 / Time: 7.57s
======================================================================================================

round 11 local learning rate = 0.0009090909090909091

>>> Round:   12 / Acc: 78.131% / Loss: 0.7131 / Grad Norm: 3.6746 / Grad Diff: 795.5544 / Time: 7.75s
======================================================================================================

round 12 local learning rate = 0.0008333333333333334

>>> Round:   13 / Acc: 78.917% / Loss: 0.6878 / Grad Norm: 3.4816 / Grad Diff: 787.9916 / Time: 7.62s
======================================================================================================

round 13 local learning rate = 0.0007692307692307692

>>> Round:   14 / Acc: 79.544% / Loss: 0.6663 / Grad Norm: 3.3598 / Grad Diff: 775.6607 / Time: 7.76s
======================================================================================================

round 14 local learning rate = 0.0007142857142857143

>>> Round:   15 / Acc: 80.120% / Loss: 0.6481 / Grad Norm: 3.2896 / Grad Diff: 768.7579 / Time: 7.81s
======================================================================================================

= Test = round: 15 / acc: 81.360% / loss: 0.6100 / Time: 0.67s
======================================================================================================

round 15 local learning rate = 0.0006666666666666666

>>> Round:   16 / Acc: 80.583% / Loss: 0.6314 / Grad Norm: 3.1262 / Grad Diff: 760.6092 / Time: 7.93s
======================================================================================================

round 16 local learning rate = 0.000625

>>> Round:   17 / Acc: 80.976% / Loss: 0.6170 / Grad Norm: 3.0671 / Grad Diff: 753.8981 / Time: 7.69s
======================================================================================================

round 17 local learning rate = 0.0005882352941176471

>>> Round:   18 / Acc: 81.423% / Loss: 0.6038 / Grad Norm: 3.0282 / Grad Diff: 745.4028 / Time: 7.81s
======================================================================================================

round 18 local learning rate = 0.0005555555555555556

>>> Round:   19 / Acc: 81.821% / Loss: 0.5918 / Grad Norm: 2.9477 / Grad Diff: 738.3495 / Time: 7.64s
======================================================================================================

round 19 local learning rate = 0.0005263157894736842

>>> Round:   20 / Acc: 82.116% / Loss: 0.5806 / Grad Norm: 2.7847 / Grad Diff: 730.6812 / Time: 7.63s
======================================================================================================

= Test = round: 20 / acc: 83.370% / loss: 0.5449 / Time: 0.63s
======================================================================================================

round 20 local learning rate = 0.0005

>>> Round:   21 / Acc: 82.369% / Loss: 0.5710 / Grad Norm: 2.7510 / Grad Diff: 725.0681 / Time: 7.74s
======================================================================================================

round 21 local learning rate = 0.0004761904761904762

>>> Round:   22 / Acc: 82.601% / Loss: 0.5620 / Grad Norm: 2.7169 / Grad Diff: 719.6592 / Time: 7.74s
======================================================================================================

round 22 local learning rate = 0.00045454545454545455

>>> Round:   23 / Acc: 82.862% / Loss: 0.5537 / Grad Norm: 2.6665 / Grad Diff: 715.8651 / Time: 7.85s
======================================================================================================

round 23 local learning rate = 0.0004347826086956522

>>> Round:   24 / Acc: 83.050% / Loss: 0.5459 / Grad Norm: 2.5687 / Grad Diff: 709.6219 / Time: 7.80s
======================================================================================================

round 24 local learning rate = 0.0004166666666666667

>>> Round:   25 / Acc: 83.260% / Loss: 0.5389 / Grad Norm: 2.5177 / Grad Diff: 705.9649 / Time: 7.66s
======================================================================================================

= Test = round: 25 / acc: 84.580% / loss: 0.5054 / Time: 0.61s
======================================================================================================

round 25 local learning rate = 0.0004

>>> Round:   26 / Acc: 83.461% / Loss: 0.5321 / Grad Norm: 2.4868 / Grad Diff: 699.9381 / Time: 7.77s
======================================================================================================

round 26 local learning rate = 0.0003846153846153846

>>> Round:   27 / Acc: 83.611% / Loss: 0.5257 / Grad Norm: 2.4114 / Grad Diff: 695.4280 / Time: 7.61s
======================================================================================================

round 27 local learning rate = 0.00037037037037037035

>>> Round:   28 / Acc: 83.804% / Loss: 0.5199 / Grad Norm: 2.4086 / Grad Diff: 691.4147 / Time: 8.14s
======================================================================================================

round 28 local learning rate = 0.00035714285714285714

>>> Round:   29 / Acc: 83.948% / Loss: 0.5140 / Grad Norm: 2.3597 / Grad Diff: 685.8604 / Time: 7.82s
======================================================================================================

round 29 local learning rate = 0.0003448275862068966

>>> Round:   30 / Acc: 84.101% / Loss: 0.5088 / Grad Norm: 2.3386 / Grad Diff: 682.7641 / Time: 7.60s
======================================================================================================

= Test = round: 30 / acc: 85.500% / loss: 0.4767 / Time: 0.61s
======================================================================================================

round 30 local learning rate = 0.0003333333333333333

>>> Round:   31 / Acc: 84.266% / Loss: 0.5039 / Grad Norm: 2.3393 / Grad Diff: 680.0721 / Time: 7.54s
======================================================================================================

round 31 local learning rate = 0.0003225806451612903

>>> Round:   32 / Acc: 84.426% / Loss: 0.4988 / Grad Norm: 2.2648 / Grad Diff: 674.6517 / Time: 7.45s
======================================================================================================

round 32 local learning rate = 0.0003125

>>> Round:   33 / Acc: 84.565% / Loss: 0.4944 / Grad Norm: 2.2773 / Grad Diff: 672.2304 / Time: 9.03s
======================================================================================================

round 33 local learning rate = 0.00030303030303030303

>>> Round:   34 / Acc: 84.721% / Loss: 0.4900 / Grad Norm: 2.2065 / Grad Diff: 667.9307 / Time: 7.54s
======================================================================================================

round 34 local learning rate = 0.00029411764705882356

>>> Round:   35 / Acc: 84.852% / Loss: 0.4860 / Grad Norm: 2.2043 / Grad Diff: 664.8070 / Time: 7.59s
======================================================================================================

= Test = round: 35 / acc: 86.180% / loss: 0.4555 / Time: 0.60s
======================================================================================================

round 35 local learning rate = 0.00028571428571428574

>>> Round:   36 / Acc: 84.985% / Loss: 0.4819 / Grad Norm: 2.1142 / Grad Diff: 660.0595 / Time: 7.75s
======================================================================================================

round 36 local learning rate = 0.0002777777777777778

>>> Round:   37 / Acc: 85.129% / Loss: 0.4783 / Grad Norm: 2.1141 / Grad Diff: 656.7045 / Time: 7.72s
======================================================================================================

round 37 local learning rate = 0.0002702702702702703

>>> Round:   38 / Acc: 85.256% / Loss: 0.4747 / Grad Norm: 2.1057 / Grad Diff: 653.4092 / Time: 7.51s
======================================================================================================

round 38 local learning rate = 0.0002631578947368421

>>> Round:   39 / Acc: 85.373% / Loss: 0.4713 / Grad Norm: 2.0684 / Grad Diff: 650.4371 / Time: 7.94s
======================================================================================================

round 39 local learning rate = 0.0002564102564102564

>>> Round:   40 / Acc: 85.454% / Loss: 0.4682 / Grad Norm: 2.0949 / Grad Diff: 648.2599 / Time: 8.49s
======================================================================================================

= Test = round: 40 / acc: 86.650% / loss: 0.4385 / Time: 0.82s
======================================================================================================

round 40 local learning rate = 0.00025

>>> Round:   41 / Acc: 85.555% / Loss: 0.4649 / Grad Norm: 2.0286 / Grad Diff: 643.5895 / Time: 7.80s
======================================================================================================

round 41 local learning rate = 0.00024390243902439024

>>> Round:   42 / Acc: 85.686% / Loss: 0.4619 / Grad Norm: 1.9996 / Grad Diff: 640.7269 / Time: 8.07s
======================================================================================================

round 42 local learning rate = 0.0002380952380952381

>>> Round:   43 / Acc: 85.801% / Loss: 0.4590 / Grad Norm: 1.9993 / Grad Diff: 638.4322 / Time: 7.58s
======================================================================================================

round 43 local learning rate = 0.00023255813953488373

>>> Round:   44 / Acc: 85.834% / Loss: 0.4562 / Grad Norm: 2.0056 / Grad Diff: 636.1999 / Time: 7.85s
======================================================================================================

round 44 local learning rate = 0.00022727272727272727

>>> Round:   45 / Acc: 85.921% / Loss: 0.4536 / Grad Norm: 1.9949 / Grad Diff: 633.7049 / Time: 7.81s
======================================================================================================

= Test = round: 45 / acc: 87.130% / loss: 0.4247 / Time: 0.64s
======================================================================================================

round 45 local learning rate = 0.00022222222222222223

>>> Round:   46 / Acc: 85.985% / Loss: 0.4508 / Grad Norm: 1.9658 / Grad Diff: 631.4083 / Time: 7.91s
======================================================================================================

round 46 local learning rate = 0.0002173913043478261

>>> Round:   47 / Acc: 86.094% / Loss: 0.4482 / Grad Norm: 1.9137 / Grad Diff: 628.9509 / Time: 7.97s
======================================================================================================

round 47 local learning rate = 0.0002127659574468085

>>> Round:   48 / Acc: 86.148% / Loss: 0.4459 / Grad Norm: 1.9316 / Grad Diff: 626.9922 / Time: 7.62s
======================================================================================================

round 48 local learning rate = 0.00020833333333333335

>>> Round:   49 / Acc: 86.210% / Loss: 0.4434 / Grad Norm: 1.8861 / Grad Diff: 623.8678 / Time: 7.44s
======================================================================================================

round 49 local learning rate = 0.00020408163265306123

>>> Round:   50 / Acc: 86.295% / Loss: 0.4413 / Grad Norm: 1.9375 / Grad Diff: 622.2153 / Time: 7.36s
======================================================================================================

= Test = round: 50 / acc: 87.400% / loss: 0.4132 / Time: 0.63s
======================================================================================================

round 50 local learning rate = 0.0002

>>> Round:   51 / Acc: 86.351% / Loss: 0.4389 / Grad Norm: 1.8907 / Grad Diff: 619.3255 / Time: 8.80s
======================================================================================================

round 51 local learning rate = 0.000196078431372549

>>> Round:   52 / Acc: 86.415% / Loss: 0.4370 / Grad Norm: 1.9457 / Grad Diff: 618.3784 / Time: 9.63s
======================================================================================================

round 52 local learning rate = 0.0001923076923076923

>>> Round:   53 / Acc: 86.478% / Loss: 0.4346 / Grad Norm: 1.8628 / Grad Diff: 615.1808 / Time: 8.13s
======================================================================================================

round 53 local learning rate = 0.00018867924528301886

>>> Round:   54 / Acc: 86.550% / Loss: 0.4325 / Grad Norm: 1.8210 / Grad Diff: 612.5348 / Time: 8.74s
======================================================================================================

round 54 local learning rate = 0.00018518518518518518

>>> Round:   55 / Acc: 86.618% / Loss: 0.4304 / Grad Norm: 1.7679 / Grad Diff: 609.4100 / Time: 7.33s
======================================================================================================

= Test = round: 55 / acc: 87.690% / loss: 0.4030 / Time: 0.61s
======================================================================================================

round 55 local learning rate = 0.00018181818181818183

>>> Round:   56 / Acc: 86.670% / Loss: 0.4287 / Grad Norm: 1.8236 / Grad Diff: 608.3222 / Time: 7.62s
======================================================================================================

round 56 local learning rate = 0.00017857142857142857

>>> Round:   57 / Acc: 86.736% / Loss: 0.4268 / Grad Norm: 1.8283 / Grad Diff: 606.5091 / Time: 7.61s
======================================================================================================

round 57 local learning rate = 0.00017543859649122808

>>> Round:   58 / Acc: 86.784% / Loss: 0.4247 / Grad Norm: 1.7498 / Grad Diff: 603.3728 / Time: 7.60s
======================================================================================================

round 58 local learning rate = 0.0001724137931034483

>>> Round:   59 / Acc: 86.830% / Loss: 0.4230 / Grad Norm: 1.7561 / Grad Diff: 602.0964 / Time: 6.76s
======================================================================================================

round 59 local learning rate = 0.00016949152542372882

>>> Round:   60 / Acc: 86.871% / Loss: 0.4212 / Grad Norm: 1.7228 / Grad Diff: 599.6534 / Time: 7.74s
======================================================================================================

= Test = round: 60 / acc: 87.970% / loss: 0.3944 / Time: 0.60s
======================================================================================================

round 60 local learning rate = 0.00016666666666666666

>>> Round:   61 / Acc: 86.928% / Loss: 0.4194 / Grad Norm: 1.6937 / Grad Diff: 597.1655 / Time: 8.08s
======================================================================================================

round 61 local learning rate = 0.0001639344262295082

>>> Round:   62 / Acc: 87.000% / Loss: 0.4176 / Grad Norm: 1.6146 / Grad Diff: 594.5376 / Time: 8.09s
======================================================================================================

round 62 local learning rate = 0.00016129032258064516

>>> Round:   63 / Acc: 87.041% / Loss: 0.4161 / Grad Norm: 1.6426 / Grad Diff: 593.5781 / Time: 9.75s
======================================================================================================

round 63 local learning rate = 0.00015873015873015873

>>> Round:   64 / Acc: 87.087% / Loss: 0.4145 / Grad Norm: 1.6123 / Grad Diff: 591.6224 / Time: 8.16s
======================================================================================================

round 64 local learning rate = 0.00015625

>>> Round:   65 / Acc: 87.162% / Loss: 0.4128 / Grad Norm: 1.5932 / Grad Diff: 589.1211 / Time: 8.33s
======================================================================================================

= Test = round: 65 / acc: 88.170% / loss: 0.3867 / Time: 0.63s
======================================================================================================

round 65 local learning rate = 0.00015384615384615385

>>> Round:   66 / Acc: 87.229% / Loss: 0.4114 / Grad Norm: 1.5997 / Grad Diff: 587.3658 / Time: 7.77s
======================================================================================================

round 66 local learning rate = 0.00015151515151515152

>>> Round:   67 / Acc: 87.297% / Loss: 0.4099 / Grad Norm: 1.5874 / Grad Diff: 585.8222 / Time: 7.51s
======================================================================================================

round 67 local learning rate = 0.00014925373134328358

>>> Round:   68 / Acc: 87.330% / Loss: 0.4086 / Grad Norm: 1.5839 / Grad Diff: 584.5397 / Time: 7.80s
======================================================================================================

round 68 local learning rate = 0.00014705882352941178

>>> Round:   69 / Acc: 87.356% / Loss: 0.4072 / Grad Norm: 1.5810 / Grad Diff: 583.2796 / Time: 7.70s
======================================================================================================

round 69 local learning rate = 0.00014492753623188405

>>> Round:   70 / Acc: 87.419% / Loss: 0.4058 / Grad Norm: 1.5622 / Grad Diff: 581.3131 / Time: 7.61s
======================================================================================================

= Test = round: 70 / acc: 88.340% / loss: 0.3799 / Time: 0.60s
======================================================================================================

round 70 local learning rate = 0.00014285714285714287

>>> Round:   71 / Acc: 87.459% / Loss: 0.4045 / Grad Norm: 1.5492 / Grad Diff: 579.6904 / Time: 8.06s
======================================================================================================

round 71 local learning rate = 0.00014084507042253522

>>> Round:   72 / Acc: 87.491% / Loss: 0.4031 / Grad Norm: 1.5272 / Grad Diff: 577.3147 / Time: 7.74s
======================================================================================================

round 72 local learning rate = 0.0001388888888888889

>>> Round:   73 / Acc: 87.546% / Loss: 0.4017 / Grad Norm: 1.4747 / Grad Diff: 575.5000 / Time: 8.59s
======================================================================================================

round 73 local learning rate = 0.000136986301369863

>>> Round:   74 / Acc: 87.581% / Loss: 0.4005 / Grad Norm: 1.4966 / Grad Diff: 574.3449 / Time: 9.26s
======================================================================================================

round 74 local learning rate = 0.00013513513513513514

>>> Round:   75 / Acc: 87.590% / Loss: 0.3993 / Grad Norm: 1.4810 / Grad Diff: 572.7824 / Time: 7.74s
======================================================================================================

= Test = round: 75 / acc: 88.460% / loss: 0.3737 / Time: 0.63s
======================================================================================================

round 75 local learning rate = 0.00013333333333333334

>>> Round:   76 / Acc: 87.622% / Loss: 0.3981 / Grad Norm: 1.4737 / Grad Diff: 571.1842 / Time: 7.96s
======================================================================================================

round 76 local learning rate = 0.00013157894736842105

>>> Round:   77 / Acc: 87.655% / Loss: 0.3970 / Grad Norm: 1.4861 / Grad Diff: 570.0203 / Time: 7.79s
======================================================================================================

round 77 local learning rate = 0.00012987012987012987

>>> Round:   78 / Acc: 87.677% / Loss: 0.3959 / Grad Norm: 1.4704 / Grad Diff: 569.0483 / Time: 7.99s
======================================================================================================

round 78 local learning rate = 0.0001282051282051282

>>> Round:   79 / Acc: 87.718% / Loss: 0.3948 / Grad Norm: 1.4720 / Grad Diff: 567.4878 / Time: 7.66s
======================================================================================================

round 79 local learning rate = 0.00012658227848101267

>>> Round:   80 / Acc: 87.734% / Loss: 0.3937 / Grad Norm: 1.4573 / Grad Diff: 566.0350 / Time: 7.67s
======================================================================================================

= Test = round: 80 / acc: 88.640% / loss: 0.3684 / Time: 0.63s
======================================================================================================

round 80 local learning rate = 0.000125

>>> Round:   81 / Acc: 87.779% / Loss: 0.3927 / Grad Norm: 1.4795 / Grad Diff: 565.2161 / Time: 7.90s
======================================================================================================

round 81 local learning rate = 0.0001234567901234568

>>> Round:   82 / Acc: 87.810% / Loss: 0.3918 / Grad Norm: 1.5243 / Grad Diff: 564.5598 / Time: 8.42s
======================================================================================================

round 82 local learning rate = 0.00012195121951219512

>>> Round:   83 / Acc: 87.828% / Loss: 0.3909 / Grad Norm: 1.5715 / Grad Diff: 564.3587 / Time: 7.49s
======================================================================================================

round 83 local learning rate = 0.00012048192771084338

>>> Round:   84 / Acc: 87.849% / Loss: 0.3897 / Grad Norm: 1.5146 / Grad Diff: 561.9114 / Time: 8.72s
======================================================================================================

round 84 local learning rate = 0.00011904761904761905

>>> Round:   85 / Acc: 87.899% / Loss: 0.3886 / Grad Norm: 1.4457 / Grad Diff: 559.4955 / Time: 7.66s
======================================================================================================

= Test = round: 85 / acc: 88.850% / loss: 0.3635 / Time: 0.61s
======================================================================================================

round 85 local learning rate = 0.00011764705882352942

>>> Round:   86 / Acc: 87.948% / Loss: 0.3875 / Grad Norm: 1.4309 / Grad Diff: 557.6535 / Time: 7.80s
======================================================================================================

round 86 local learning rate = 0.00011627906976744187

>>> Round:   87 / Acc: 87.972% / Loss: 0.3864 / Grad Norm: 1.3835 / Grad Diff: 555.6911 / Time: 7.65s
======================================================================================================

round 87 local learning rate = 0.00011494252873563218

>>> Round:   88 / Acc: 88.013% / Loss: 0.3855 / Grad Norm: 1.3955 / Grad Diff: 555.0069 / Time: 7.71s
======================================================================================================

round 88 local learning rate = 0.00011363636363636364

>>> Round:   89 / Acc: 88.057% / Loss: 0.3845 / Grad Norm: 1.3875 / Grad Diff: 553.3047 / Time: 6.93s
======================================================================================================

round 89 local learning rate = 0.00011235955056179776

>>> Round:   90 / Acc: 88.083% / Loss: 0.3835 / Grad Norm: 1.3696 / Grad Diff: 551.9189 / Time: 7.66s
======================================================================================================

= Test = round: 90 / acc: 89.080% / loss: 0.3588 / Time: 0.62s
======================================================================================================

round 90 local learning rate = 0.00011111111111111112

>>> Round:   91 / Acc: 88.101% / Loss: 0.3826 / Grad Norm: 1.3480 / Grad Diff: 550.9895 / Time: 7.65s
======================================================================================================

round 91 local learning rate = 0.00010989010989010989

>>> Round:   92 / Acc: 88.153% / Loss: 0.3817 / Grad Norm: 1.3409 / Grad Diff: 549.9873 / Time: 7.82s
======================================================================================================

round 92 local learning rate = 0.00010869565217391305

>>> Round:   93 / Acc: 88.199% / Loss: 0.3809 / Grad Norm: 1.3394 / Grad Diff: 549.1708 / Time: 7.65s
======================================================================================================

round 93 local learning rate = 0.00010752688172043011

>>> Round:   94 / Acc: 88.232% / Loss: 0.3799 / Grad Norm: 1.3079 / Grad Diff: 547.1063 / Time: 8.27s
======================================================================================================

round 94 local learning rate = 0.00010638297872340425

>>> Round:   95 / Acc: 88.275% / Loss: 0.3791 / Grad Norm: 1.3297 / Grad Diff: 546.5966 / Time: 7.63s
======================================================================================================

= Test = round: 95 / acc: 89.280% / loss: 0.3546 / Time: 0.64s
======================================================================================================

round 95 local learning rate = 0.00010526315789473685

>>> Round:   96 / Acc: 88.288% / Loss: 0.3782 / Grad Norm: 1.3366 / Grad Diff: 546.0676 / Time: 7.92s
======================================================================================================

round 96 local learning rate = 0.00010416666666666667

>>> Round:   97 / Acc: 88.317% / Loss: 0.3775 / Grad Norm: 1.3430 / Grad Diff: 545.5142 / Time: 8.26s
======================================================================================================

round 97 local learning rate = 0.00010309278350515464

>>> Round:   98 / Acc: 88.332% / Loss: 0.3767 / Grad Norm: 1.3340 / Grad Diff: 544.2557 / Time: 8.43s
======================================================================================================

round 98 local learning rate = 0.00010204081632653062

>>> Round:   99 / Acc: 88.352% / Loss: 0.3758 / Grad Norm: 1.3073 / Grad Diff: 542.7274 / Time: 7.94s
======================================================================================================

round 99 local learning rate = 0.00010101010101010101

>>> Round:  100 / Acc: 88.384% / Loss: 0.3750 / Grad Norm: 1.3105 / Grad Diff: 541.5165 / Time: 7.78s
======================================================================================================

= Test = round: 100 / acc: 89.410% / loss: 0.3506 / Time: 0.61s
======================================================================================================

round 100 local learning rate = 0.0001

>>> Round:  101 / Acc: 88.413% / Loss: 0.3742 / Grad Norm: 1.3259 / Grad Diff: 540.6875 / Time: 7.73s
======================================================================================================

round 101 local learning rate = 9.900990099009902e-05

>>> Round:  102 / Acc: 88.446% / Loss: 0.3735 / Grad Norm: 1.3322 / Grad Diff: 539.8327 / Time: 7.56s
======================================================================================================

round 102 local learning rate = 9.80392156862745e-05

>>> Round:  103 / Acc: 88.470% / Loss: 0.3727 / Grad Norm: 1.3157 / Grad Diff: 538.6280 / Time: 7.00s
======================================================================================================

round 103 local learning rate = 9.70873786407767e-05

>>> Round:  104 / Acc: 88.493% / Loss: 0.3719 / Grad Norm: 1.2934 / Grad Diff: 537.4371 / Time: 7.72s
======================================================================================================

round 104 local learning rate = 9.615384615384615e-05

>>> Round:  105 / Acc: 88.520% / Loss: 0.3711 / Grad Norm: 1.2683 / Grad Diff: 536.0274 / Time: 7.91s
======================================================================================================

= Test = round: 105 / acc: 89.600% / loss: 0.3470 / Time: 0.62s
======================================================================================================

round 105 local learning rate = 9.523809523809524e-05

>>> Round:  106 / Acc: 88.548% / Loss: 0.3704 / Grad Norm: 1.2716 / Grad Diff: 535.2731 / Time: 9.67s
======================================================================================================

round 106 local learning rate = 9.433962264150943e-05

>>> Round:  107 / Acc: 88.570% / Loss: 0.3697 / Grad Norm: 1.2751 / Grad Diff: 534.3176 / Time: 7.57s
======================================================================================================

round 107 local learning rate = 9.345794392523364e-05

>>> Round:  108 / Acc: 88.583% / Loss: 0.3690 / Grad Norm: 1.2766 / Grad Diff: 533.3811 / Time: 7.47s
======================================================================================================

round 108 local learning rate = 9.259259259259259e-05

>>> Round:  109 / Acc: 88.605% / Loss: 0.3683 / Grad Norm: 1.2745 / Grad Diff: 532.0773 / Time: 7.50s
======================================================================================================

round 109 local learning rate = 9.174311926605505e-05

>>> Round:  110 / Acc: 88.627% / Loss: 0.3676 / Grad Norm: 1.2541 / Grad Diff: 530.8108 / Time: 7.44s
======================================================================================================

= Test = round: 110 / acc: 89.680% / loss: 0.3435 / Time: 0.60s
======================================================================================================

round 110 local learning rate = 9.090909090909092e-05

>>> Round:  111 / Acc: 88.638% / Loss: 0.3669 / Grad Norm: 1.2424 / Grad Diff: 529.5390 / Time: 7.94s
======================================================================================================

round 111 local learning rate = 9.009009009009009e-05

>>> Round:  112 / Acc: 88.677% / Loss: 0.3662 / Grad Norm: 1.2251 / Grad Diff: 528.2702 / Time: 8.63s
======================================================================================================

round 112 local learning rate = 8.928571428571429e-05

>>> Round:  113 / Acc: 88.688% / Loss: 0.3655 / Grad Norm: 1.2442 / Grad Diff: 527.6161 / Time: 7.64s
======================================================================================================

round 113 local learning rate = 8.849557522123894e-05

>>> Round:  114 / Acc: 88.716% / Loss: 0.3649 / Grad Norm: 1.2438 / Grad Diff: 526.9390 / Time: 7.62s
======================================================================================================

round 114 local learning rate = 8.771929824561404e-05

>>> Round:  115 / Acc: 88.731% / Loss: 0.3643 / Grad Norm: 1.2698 / Grad Diff: 526.6372 / Time: 7.27s
======================================================================================================

= Test = round: 115 / acc: 89.810% / loss: 0.3406 / Time: 0.63s
======================================================================================================

round 115 local learning rate = 8.695652173913044e-05

>>> Round:  116 / Acc: 88.755% / Loss: 0.3637 / Grad Norm: 1.2487 / Grad Diff: 525.5204 / Time: 7.58s
======================================================================================================

round 116 local learning rate = 8.620689655172414e-05

>>> Round:  117 / Acc: 88.775% / Loss: 0.3631 / Grad Norm: 1.2542 / Grad Diff: 524.6075 / Time: 7.22s
======================================================================================================

round 117 local learning rate = 8.547008547008547e-05

>>> Round:  118 / Acc: 88.804% / Loss: 0.3624 / Grad Norm: 1.2485 / Grad Diff: 523.6268 / Time: 7.31s
======================================================================================================

round 118 local learning rate = 8.474576271186441e-05

>>> Round:  119 / Acc: 88.799% / Loss: 0.3618 / Grad Norm: 1.2228 / Grad Diff: 522.1969 / Time: 7.77s
======================================================================================================

round 119 local learning rate = 8.403361344537815e-05

>>> Round:  120 / Acc: 88.823% / Loss: 0.3612 / Grad Norm: 1.2059 / Grad Diff: 520.8937 / Time: 7.75s
======================================================================================================

= Test = round: 120 / acc: 89.910% / loss: 0.3374 / Time: 0.64s
======================================================================================================

round 120 local learning rate = 8.333333333333333e-05

>>> Round:  121 / Acc: 88.830% / Loss: 0.3605 / Grad Norm: 1.1897 / Grad Diff: 519.7589 / Time: 7.49s
======================================================================================================

round 121 local learning rate = 8.264462809917356e-05

>>> Round:  122 / Acc: 88.858% / Loss: 0.3600 / Grad Norm: 1.2107 / Grad Diff: 519.3688 / Time: 7.87s
======================================================================================================

round 122 local learning rate = 8.19672131147541e-05

>>> Round:  123 / Acc: 88.875% / Loss: 0.3594 / Grad Norm: 1.1853 / Grad Diff: 517.9433 / Time: 7.68s
======================================================================================================

round 123 local learning rate = 8.130081300813008e-05

>>> Round:  124 / Acc: 88.913% / Loss: 0.3588 / Grad Norm: 1.1842 / Grad Diff: 517.2355 / Time: 7.41s
======================================================================================================

round 124 local learning rate = 8.064516129032258e-05

>>> Round:  125 / Acc: 88.910% / Loss: 0.3583 / Grad Norm: 1.2024 / Grad Diff: 516.6556 / Time: 7.32s
======================================================================================================

= Test = round: 125 / acc: 89.960% / loss: 0.3348 / Time: 0.62s
======================================================================================================

round 125 local learning rate = 8e-05

>>> Round:  126 / Acc: 88.926% / Loss: 0.3577 / Grad Norm: 1.2258 / Grad Diff: 516.0452 / Time: 7.77s
======================================================================================================

round 126 local learning rate = 7.936507936507937e-05

>>> Round:  127 / Acc: 88.974% / Loss: 0.3571 / Grad Norm: 1.2124 / Grad Diff: 514.8250 / Time: 7.37s
======================================================================================================

round 127 local learning rate = 7.874015748031496e-05

>>> Round:  128 / Acc: 88.974% / Loss: 0.3566 / Grad Norm: 1.1922 / Grad Diff: 513.8026 / Time: 7.62s
======================================================================================================

round 128 local learning rate = 7.8125e-05

>>> Round:  129 / Acc: 88.996% / Loss: 0.3560 / Grad Norm: 1.1670 / Grad Diff: 512.2646 / Time: 7.37s
======================================================================================================

round 129 local learning rate = 7.751937984496124e-05

>>> Round:  130 / Acc: 89.011% / Loss: 0.3554 / Grad Norm: 1.1553 / Grad Diff: 511.1511 / Time: 7.56s
======================================================================================================

= Test = round: 130 / acc: 90.000% / loss: 0.3321 / Time: 0.62s
======================================================================================================

round 130 local learning rate = 7.692307692307693e-05

>>> Round:  131 / Acc: 89.018% / Loss: 0.3549 / Grad Norm: 1.1543 / Grad Diff: 509.9848 / Time: 7.61s
======================================================================================================

round 131 local learning rate = 7.633587786259542e-05

>>> Round:  132 / Acc: 89.041% / Loss: 0.3543 / Grad Norm: 1.1581 / Grad Diff: 509.3652 / Time: 7.71s
======================================================================================================

round 132 local learning rate = 7.575757575757576e-05

>>> Round:  133 / Acc: 89.042% / Loss: 0.3539 / Grad Norm: 1.1896 / Grad Diff: 509.2164 / Time: 7.65s
======================================================================================================

round 133 local learning rate = 7.518796992481203e-05

>>> Round:  134 / Acc: 89.059% / Loss: 0.3533 / Grad Norm: 1.1555 / Grad Diff: 507.8925 / Time: 7.64s
======================================================================================================

round 134 local learning rate = 7.462686567164179e-05

>>> Round:  135 / Acc: 89.090% / Loss: 0.3528 / Grad Norm: 1.1455 / Grad Diff: 506.8442 / Time: 7.40s
======================================================================================================

= Test = round: 135 / acc: 90.120% / loss: 0.3295 / Time: 0.65s
======================================================================================================

round 135 local learning rate = 7.407407407407407e-05

>>> Round:  136 / Acc: 89.114% / Loss: 0.3523 / Grad Norm: 1.1223 / Grad Diff: 505.4377 / Time: 7.42s
======================================================================================================

round 136 local learning rate = 7.352941176470589e-05

>>> Round:  137 / Acc: 89.109% / Loss: 0.3517 / Grad Norm: 1.1092 / Grad Diff: 504.8384 / Time: 7.58s
======================================================================================================

round 137 local learning rate = 7.299270072992701e-05

>>> Round:  138 / Acc: 89.151% / Loss: 0.3512 / Grad Norm: 1.1166 / Grad Diff: 504.0571 / Time: 7.61s
======================================================================================================

round 138 local learning rate = 7.246376811594203e-05

>>> Round:  139 / Acc: 89.159% / Loss: 0.3508 / Grad Norm: 1.1387 / Grad Diff: 503.4365 / Time: 7.46s
======================================================================================================

round 139 local learning rate = 7.194244604316547e-05

>>> Round:  140 / Acc: 89.164% / Loss: 0.3503 / Grad Norm: 1.0984 / Grad Diff: 502.1231 / Time: 7.74s
======================================================================================================

= Test = round: 140 / acc: 90.200% / loss: 0.3271 / Time: 0.79s
======================================================================================================

round 140 local learning rate = 7.142857142857143e-05

>>> Round:  141 / Acc: 89.186% / Loss: 0.3498 / Grad Norm: 1.1147 / Grad Diff: 501.6079 / Time: 7.62s
======================================================================================================

round 141 local learning rate = 7.092198581560284e-05

>>> Round:  142 / Acc: 89.210% / Loss: 0.3494 / Grad Norm: 1.1164 / Grad Diff: 500.9646 / Time: 7.70s
======================================================================================================

round 142 local learning rate = 7.042253521126761e-05

>>> Round:  143 / Acc: 89.207% / Loss: 0.3489 / Grad Norm: 1.1047 / Grad Diff: 500.1265 / Time: 7.72s
======================================================================================================

round 143 local learning rate = 6.993006993006993e-05

>>> Round:  144 / Acc: 89.218% / Loss: 0.3484 / Grad Norm: 1.1169 / Grad Diff: 499.7312 / Time: 7.61s
======================================================================================================

round 144 local learning rate = 6.944444444444444e-05

>>> Round:  145 / Acc: 89.234% / Loss: 0.3480 / Grad Norm: 1.0947 / Grad Diff: 498.6222 / Time: 7.64s
======================================================================================================

= Test = round: 145 / acc: 90.260% / loss: 0.3249 / Time: 0.66s
======================================================================================================

round 145 local learning rate = 6.896551724137931e-05

>>> Round:  146 / Acc: 89.249% / Loss: 0.3475 / Grad Norm: 1.0963 / Grad Diff: 497.8619 / Time: 7.59s
======================================================================================================

round 146 local learning rate = 6.84931506849315e-05

>>> Round:  147 / Acc: 89.268% / Loss: 0.3471 / Grad Norm: 1.0846 / Grad Diff: 496.8709 / Time: 7.57s
======================================================================================================

round 147 local learning rate = 6.802721088435374e-05

>>> Round:  148 / Acc: 89.282% / Loss: 0.3466 / Grad Norm: 1.0775 / Grad Diff: 496.2153 / Time: 7.41s
======================================================================================================

round 148 local learning rate = 6.756756756756757e-05

>>> Round:  149 / Acc: 89.297% / Loss: 0.3462 / Grad Norm: 1.0784 / Grad Diff: 495.3622 / Time: 7.20s
======================================================================================================

round 149 local learning rate = 6.711409395973155e-05

>>> Round:  150 / Acc: 89.330% / Loss: 0.3457 / Grad Norm: 1.0880 / Grad Diff: 494.9020 / Time: 7.88s
======================================================================================================

= Test = round: 150 / acc: 90.340% / loss: 0.3229 / Time: 0.68s
======================================================================================================

round 150 local learning rate = 6.666666666666667e-05

>>> Round:  151 / Acc: 89.354% / Loss: 0.3453 / Grad Norm: 1.0866 / Grad Diff: 494.0140 / Time: 7.99s
======================================================================================================

round 151 local learning rate = 6.622516556291391e-05

>>> Round:  152 / Acc: 89.363% / Loss: 0.3449 / Grad Norm: 1.0809 / Grad Diff: 493.3297 / Time: 7.78s
======================================================================================================

round 152 local learning rate = 6.578947368421052e-05

>>> Round:  153 / Acc: 89.376% / Loss: 0.3444 / Grad Norm: 1.0781 / Grad Diff: 492.5983 / Time: 7.82s
======================================================================================================

round 153 local learning rate = 6.535947712418301e-05

>>> Round:  154 / Acc: 89.386% / Loss: 0.3440 / Grad Norm: 1.0763 / Grad Diff: 492.0383 / Time: 7.75s
======================================================================================================

round 154 local learning rate = 6.493506493506494e-05

>>> Round:  155 / Acc: 89.389% / Loss: 0.3436 / Grad Norm: 1.0918 / Grad Diff: 491.7701 / Time: 7.50s
======================================================================================================

= Test = round: 155 / acc: 90.400% / loss: 0.3208 / Time: 0.63s
======================================================================================================

round 155 local learning rate = 6.451612903225807e-05

>>> Round:  156 / Acc: 89.395% / Loss: 0.3432 / Grad Norm: 1.0687 / Grad Diff: 490.7731 / Time: 6.83s
======================================================================================================

round 156 local learning rate = 6.41025641025641e-05

>>> Round:  157 / Acc: 89.408% / Loss: 0.3428 / Grad Norm: 1.0813 / Grad Diff: 490.1463 / Time: 8.53s
======================================================================================================

round 157 local learning rate = 6.369426751592357e-05

>>> Round:  158 / Acc: 89.406% / Loss: 0.3424 / Grad Norm: 1.0592 / Grad Diff: 489.1728 / Time: 7.69s
======================================================================================================

round 158 local learning rate = 6.329113924050633e-05

>>> Round:  159 / Acc: 89.437% / Loss: 0.3420 / Grad Norm: 1.0512 / Grad Diff: 488.6749 / Time: 7.70s
======================================================================================================

round 159 local learning rate = 6.289308176100629e-05

>>> Round:  160 / Acc: 89.439% / Loss: 0.3416 / Grad Norm: 1.0489 / Grad Diff: 487.9539 / Time: 7.69s
======================================================================================================

= Test = round: 160 / acc: 90.490% / loss: 0.3189 / Time: 0.65s
======================================================================================================

round 160 local learning rate = 6.25e-05

>>> Round:  161 / Acc: 89.461% / Loss: 0.3412 / Grad Norm: 1.0412 / Grad Diff: 487.0572 / Time: 8.66s
======================================================================================================

round 161 local learning rate = 6.211180124223603e-05

>>> Round:  162 / Acc: 89.467% / Loss: 0.3408 / Grad Norm: 1.0404 / Grad Diff: 486.3437 / Time: 7.51s
======================================================================================================

round 162 local learning rate = 6.17283950617284e-05

>>> Round:  163 / Acc: 89.491% / Loss: 0.3404 / Grad Norm: 1.0240 / Grad Diff: 485.4201 / Time: 7.51s
======================================================================================================

round 163 local learning rate = 6.134969325153375e-05

>>> Round:  164 / Acc: 89.507% / Loss: 0.3400 / Grad Norm: 1.0254 / Grad Diff: 485.1513 / Time: 7.60s
======================================================================================================

round 164 local learning rate = 6.097560975609756e-05

>>> Round:  165 / Acc: 89.511% / Loss: 0.3397 / Grad Norm: 1.0568 / Grad Diff: 484.9887 / Time: 7.45s
======================================================================================================

= Test = round: 165 / acc: 90.580% / loss: 0.3171 / Time: 0.62s
======================================================================================================

round 165 local learning rate = 6.0606060606060605e-05

>>> Round:  166 / Acc: 89.517% / Loss: 0.3393 / Grad Norm: 1.0301 / Grad Diff: 483.9348 / Time: 7.46s
======================================================================================================

round 166 local learning rate = 6.024096385542169e-05

>>> Round:  167 / Acc: 89.539% / Loss: 0.3389 / Grad Norm: 1.0267 / Grad Diff: 483.2446 / Time: 7.39s
======================================================================================================

round 167 local learning rate = 5.988023952095808e-05

>>> Round:  168 / Acc: 89.550% / Loss: 0.3385 / Grad Norm: 1.0326 / Grad Diff: 482.8786 / Time: 7.63s
======================================================================================================

round 168 local learning rate = 5.9523809523809524e-05

>>> Round:  169 / Acc: 89.559% / Loss: 0.3382 / Grad Norm: 1.0219 / Grad Diff: 482.1112 / Time: 7.79s
======================================================================================================

round 169 local learning rate = 5.9171597633136094e-05

>>> Round:  170 / Acc: 89.579% / Loss: 0.3378 / Grad Norm: 1.0195 / Grad Diff: 481.5872 / Time: 7.98s
======================================================================================================

= Test = round: 170 / acc: 90.620% / loss: 0.3153 / Time: 0.63s
======================================================================================================

round 170 local learning rate = 5.882352941176471e-05

>>> Round:  171 / Acc: 89.583% / Loss: 0.3374 / Grad Norm: 1.0211 / Grad Diff: 481.0362 / Time: 7.65s
======================================================================================================

round 171 local learning rate = 5.847953216374269e-05

>>> Round:  172 / Acc: 89.609% / Loss: 0.3371 / Grad Norm: 1.0172 / Grad Diff: 480.3065 / Time: 7.70s
======================================================================================================

round 172 local learning rate = 5.8139534883720933e-05

>>> Round:  173 / Acc: 89.609% / Loss: 0.3367 / Grad Norm: 1.0158 / Grad Diff: 479.7276 / Time: 7.52s
======================================================================================================

round 173 local learning rate = 5.7803468208092484e-05

>>> Round:  174 / Acc: 89.629% / Loss: 0.3364 / Grad Norm: 1.0157 / Grad Diff: 479.1975 / Time: 7.33s
======================================================================================================

round 174 local learning rate = 5.747126436781609e-05

>>> Round:  175 / Acc: 89.642% / Loss: 0.3361 / Grad Norm: 1.0252 / Grad Diff: 478.9331 / Time: 7.73s
======================================================================================================

= Test = round: 175 / acc: 90.640% / loss: 0.3135 / Time: 0.62s
======================================================================================================

round 175 local learning rate = 5.714285714285714e-05

>>> Round:  176 / Acc: 89.638% / Loss: 0.3357 / Grad Norm: 1.0265 / Grad Diff: 478.3890 / Time: 7.59s
======================================================================================================

round 176 local learning rate = 5.681818181818182e-05

>>> Round:  177 / Acc: 89.662% / Loss: 0.3353 / Grad Norm: 1.0076 / Grad Diff: 477.3283 / Time: 8.29s
======================================================================================================

round 177 local learning rate = 5.649717514124294e-05

>>> Round:  178 / Acc: 89.666% / Loss: 0.3350 / Grad Norm: 0.9989 / Grad Diff: 476.6088 / Time: 7.39s
======================================================================================================

round 178 local learning rate = 5.617977528089888e-05

>>> Round:  179 / Acc: 89.679% / Loss: 0.3347 / Grad Norm: 1.0205 / Grad Diff: 476.2350 / Time: 7.74s
======================================================================================================

round 179 local learning rate = 5.58659217877095e-05

>>> Round:  180 / Acc: 89.683% / Loss: 0.3343 / Grad Norm: 0.9817 / Grad Diff: 475.1079 / Time: 7.70s
======================================================================================================

= Test = round: 180 / acc: 90.700% / loss: 0.3119 / Time: 0.61s
======================================================================================================

round 180 local learning rate = 5.555555555555556e-05

>>> Round:  181 / Acc: 89.708% / Loss: 0.3340 / Grad Norm: 0.9805 / Grad Diff: 474.5903 / Time: 7.70s
======================================================================================================

round 181 local learning rate = 5.524861878453039e-05

>>> Round:  182 / Acc: 89.708% / Loss: 0.3336 / Grad Norm: 0.9778 / Grad Diff: 473.8849 / Time: 7.52s
======================================================================================================

round 182 local learning rate = 5.4945054945054945e-05

>>> Round:  183 / Acc: 89.714% / Loss: 0.3333 / Grad Norm: 0.9752 / Grad Diff: 473.3214 / Time: 7.45s
======================================================================================================

round 183 local learning rate = 5.46448087431694e-05

>>> Round:  184 / Acc: 89.747% / Loss: 0.3330 / Grad Norm: 0.9995 / Grad Diff: 473.3178 / Time: 7.38s
======================================================================================================

round 184 local learning rate = 5.4347826086956524e-05

>>> Round:  185 / Acc: 89.738% / Loss: 0.3327 / Grad Norm: 0.9948 / Grad Diff: 472.7237 / Time: 7.64s
======================================================================================================

= Test = round: 185 / acc: 90.780% / loss: 0.3104 / Time: 0.62s
======================================================================================================

round 185 local learning rate = 5.4054054054054054e-05

>>> Round:  186 / Acc: 89.745% / Loss: 0.3324 / Grad Norm: 0.9845 / Grad Diff: 472.0061 / Time: 7.63s
======================================================================================================

round 186 local learning rate = 5.3763440860215054e-05

>>> Round:  187 / Acc: 89.762% / Loss: 0.3321 / Grad Norm: 0.9838 / Grad Diff: 471.5178 / Time: 7.81s
======================================================================================================

round 187 local learning rate = 5.347593582887701e-05

>>> Round:  188 / Acc: 89.769% / Loss: 0.3318 / Grad Norm: 0.9853 / Grad Diff: 470.9093 / Time: 7.72s
======================================================================================================

round 188 local learning rate = 5.319148936170213e-05

>>> Round:  189 / Acc: 89.790% / Loss: 0.3315 / Grad Norm: 0.9831 / Grad Diff: 470.3440 / Time: 7.74s
======================================================================================================

round 189 local learning rate = 5.291005291005291e-05

>>> Round:  190 / Acc: 89.806% / Loss: 0.3311 / Grad Norm: 0.9641 / Grad Diff: 469.3691 / Time: 7.44s
======================================================================================================

= Test = round: 190 / acc: 90.810% / loss: 0.3088 / Time: 0.65s
======================================================================================================

round 190 local learning rate = 5.2631578947368424e-05

>>> Round:  191 / Acc: 89.827% / Loss: 0.3308 / Grad Norm: 0.9639 / Grad Diff: 468.7515 / Time: 7.66s
======================================================================================================

round 191 local learning rate = 5.2356020942408376e-05

>>> Round:  192 / Acc: 89.849% / Loss: 0.3305 / Grad Norm: 0.9545 / Grad Diff: 468.1239 / Time: 7.58s
======================================================================================================

round 192 local learning rate = 5.208333333333334e-05

>>> Round:  193 / Acc: 89.862% / Loss: 0.3302 / Grad Norm: 0.9542 / Grad Diff: 467.4515 / Time: 7.87s
======================================================================================================

round 193 local learning rate = 5.1813471502590674e-05

>>> Round:  194 / Acc: 89.873% / Loss: 0.3299 / Grad Norm: 0.9543 / Grad Diff: 467.0754 / Time: 7.69s
======================================================================================================

round 194 local learning rate = 5.154639175257732e-05

>>> Round:  195 / Acc: 89.884% / Loss: 0.3296 / Grad Norm: 0.9704 / Grad Diff: 466.9257 / Time: 7.51s
======================================================================================================

= Test = round: 195 / acc: 90.850% / loss: 0.3074 / Time: 0.61s
======================================================================================================

round 195 local learning rate = 5.1282051282051286e-05

>>> Round:  196 / Acc: 89.884% / Loss: 0.3293 / Grad Norm: 0.9775 / Grad Diff: 466.5904 / Time: 7.24s
======================================================================================================

round 196 local learning rate = 5.102040816326531e-05

>>> Round:  197 / Acc: 89.893% / Loss: 0.3291 / Grad Norm: 0.9941 / Grad Diff: 466.4174 / Time: 7.69s
======================================================================================================

round 197 local learning rate = 5.076142131979695e-05

>>> Round:  198 / Acc: 89.902% / Loss: 0.3288 / Grad Norm: 0.9987 / Grad Diff: 465.9377 / Time: 7.73s
======================================================================================================

round 198 local learning rate = 5.0505050505050505e-05

>>> Round:  199 / Acc: 89.902% / Loss: 0.3285 / Grad Norm: 0.9785 / Grad Diff: 465.1619 / Time: 7.72s
======================================================================================================

round 199 local learning rate = 5.0251256281407036e-05

>>> Round:  200 / Acc: 89.902% / Loss: 0.3282 / Grad Norm: 0.9835 / Grad Diff: 464.6709 / Time: 8.22s
======================================================================================================

= Test = round: 200 / acc: 90.960% / loss: 0.3061 / Time: 0.62s
======================================================================================================

