nohup: ignoring input
uid: 20230914191542
Using device: cuda:0
>>> Arguments:
	             algo : fedavgtl
	            alpha : 0.0
	       batch_size : 64
	clients_per_round : 100
	          dataset : mnist_all_data_1_equal_niid
	           device : cuda:0
	              dis : 
	   early_stopping : 20
	       eval_every : 5
	    ft_batch_size : 128
	       ft_dataset : mnist-m
	        ft_epochs : 2
	            ft_lr : 0.01
	            ft_wd : 0.0
	              gpu : True
	      input_shape : (1, 28, 28)
	           last_k : 2
	               lr : 0.001
	            model : lenet
	           n_init : 5
	        noaverage : False
	             noft : True
	          noprint : False
	        num_class : 10
	        num_epoch : 1
	        num_round : 200
	           opt_lr : False
	            reg_J : False
	       reg_J_coef : 0.0
	             seed : 0
	               wd : 0.0
>>> Read data from:
     ./data/mnist/data/all_data_1.pkl
>>> The estimate of constant alpha is 15.217537879943848.
>>> Read data from:
     ./data/mnist/data/train/all_data_1_equal_niid.pkl
     ./data/mnist/data/test/all_data_1_equal_niid.pkl
FL pretrained model will be saved at ./models/lenet_mnist_20230914191542.pt
>>> Use gpu on device cuda:0
>>> Model statistic per layer
LeNet_MNIST(
  286.12 KMac, 100.000% MACs, 
  (conv1): Conv2d(89.856 KMac, 31.405% MACs, 1, 6, kernel_size=(5, 5), stride=(1, 1))
  (conv2): Conv2d(154.624 KMac, 54.042% MACs, 6, 16, kernel_size=(5, 5), stride=(1, 1))
  (fc1): Linear(30.72 KMac, 10.737% MACs, in_features=256, out_features=120, bias=True)
  (fc2): Linear(10.08 KMac, 3.523% MACs, in_features=120, out_features=84, bias=True)
  (fc3): Linear(840.0 Mac, 0.294% MACs, in_features=84, out_features=10, bias=True)
)
>>> Activate a worker for training
>>> Initialize 100 clients in total
>>> Weigh updates by simple average
>>> Select 100 clients per round 


>>> Round:    0 / Acc: 9.421% / Loss: 2.3018 / Grad Norm: 0.2128 / Grad Diff: 2.4489 / Time: 7.62s
======================================================================================================

= Test = round: 0 / acc: 10.080% / loss: 2.3016 / Time: 0.64s
======================================================================================================

round 0 local learning rate = 0.001

>>> Round:    1 / Acc: 9.594% / Loss: 2.3014 / Grad Norm: 0.2119 / Grad Diff: 2.4580 / Time: 6.91s
======================================================================================================

round 1 local learning rate = 0.001

>>> Round:    2 / Acc: 9.736% / Loss: 2.3009 / Grad Norm: 0.2115 / Grad Diff: 2.4688 / Time: 7.48s
======================================================================================================

round 2 local learning rate = 0.0005

>>> Round:    3 / Acc: 9.799% / Loss: 2.3007 / Grad Norm: 0.2109 / Grad Diff: 2.4721 / Time: 7.41s
======================================================================================================

round 3 local learning rate = 0.0003333333333333333

>>> Round:    4 / Acc: 9.871% / Loss: 2.3005 / Grad Norm: 0.2105 / Grad Diff: 2.4735 / Time: 7.50s
======================================================================================================

round 4 local learning rate = 0.00025

>>> Round:    5 / Acc: 9.915% / Loss: 2.3004 / Grad Norm: 0.2102 / Grad Diff: 2.4747 / Time: 7.48s
======================================================================================================

= Test = round: 5 / acc: 10.450% / loss: 2.3002 / Time: 0.62s
======================================================================================================

round 5 local learning rate = 0.0002

>>> Round:    6 / Acc: 9.959% / Loss: 2.3004 / Grad Norm: 0.2099 / Grad Diff: 2.4754 / Time: 7.40s
======================================================================================================

round 6 local learning rate = 0.00016666666666666666

>>> Round:    7 / Acc: 9.978% / Loss: 2.3003 / Grad Norm: 0.2096 / Grad Diff: 2.4758 / Time: 7.41s
======================================================================================================

round 7 local learning rate = 0.00014285714285714287

>>> Round:    8 / Acc: 9.989% / Loss: 2.3002 / Grad Norm: 0.2094 / Grad Diff: 2.4763 / Time: 7.45s
======================================================================================================

round 8 local learning rate = 0.000125

>>> Round:    9 / Acc: 10.011% / Loss: 2.3002 / Grad Norm: 0.2093 / Grad Diff: 2.4767 / Time: 7.59s
======================================================================================================

round 9 local learning rate = 0.00011111111111111112

>>> Round:   10 / Acc: 10.022% / Loss: 2.3001 / Grad Norm: 0.2091 / Grad Diff: 2.4770 / Time: 7.50s
======================================================================================================

= Test = round: 10 / acc: 10.520% / loss: 2.2999 / Time: 0.62s
======================================================================================================

round 10 local learning rate = 0.0001

>>> Round:   11 / Acc: 10.033% / Loss: 2.3001 / Grad Norm: 0.2090 / Grad Diff: 2.4772 / Time: 7.29s
======================================================================================================

round 11 local learning rate = 9.090909090909092e-05

>>> Round:   12 / Acc: 10.042% / Loss: 2.3000 / Grad Norm: 0.2090 / Grad Diff: 2.4774 / Time: 7.53s
======================================================================================================

round 12 local learning rate = 8.333333333333333e-05

>>> Round:   13 / Acc: 10.061% / Loss: 2.3000 / Grad Norm: 0.2088 / Grad Diff: 2.4777 / Time: 7.24s
======================================================================================================

round 13 local learning rate = 7.692307692307693e-05

>>> Round:   14 / Acc: 10.059% / Loss: 2.3000 / Grad Norm: 0.2087 / Grad Diff: 2.4779 / Time: 7.92s
======================================================================================================

round 14 local learning rate = 7.142857142857143e-05

>>> Round:   15 / Acc: 10.070% / Loss: 2.2999 / Grad Norm: 0.2086 / Grad Diff: 2.4780 / Time: 8.87s
======================================================================================================

= Test = round: 15 / acc: 10.600% / loss: 2.2997 / Time: 0.61s
======================================================================================================

round 15 local learning rate = 6.666666666666667e-05

>>> Round:   16 / Acc: 10.076% / Loss: 2.2999 / Grad Norm: 0.2085 / Grad Diff: 2.4782 / Time: 7.50s
======================================================================================================

round 16 local learning rate = 6.25e-05

>>> Round:   17 / Acc: 10.085% / Loss: 2.2999 / Grad Norm: 0.2084 / Grad Diff: 2.4784 / Time: 7.79s
======================================================================================================

round 17 local learning rate = 5.882352941176471e-05

>>> Round:   18 / Acc: 10.089% / Loss: 2.2998 / Grad Norm: 0.2083 / Grad Diff: 2.4786 / Time: 8.85s
======================================================================================================

round 18 local learning rate = 5.555555555555556e-05

>>> Round:   19 / Acc: 10.100% / Loss: 2.2998 / Grad Norm: 0.2083 / Grad Diff: 2.4787 / Time: 7.49s
======================================================================================================

round 19 local learning rate = 5.2631578947368424e-05

>>> Round:   20 / Acc: 10.113% / Loss: 2.2998 / Grad Norm: 0.2082 / Grad Diff: 2.4787 / Time: 9.08s
======================================================================================================

= Test = round: 20 / acc: 10.640% / loss: 2.2996 / Time: 0.84s
======================================================================================================

round 20 local learning rate = 5e-05

>>> Round:   21 / Acc: 10.111% / Loss: 2.2998 / Grad Norm: 0.2082 / Grad Diff: 2.4788 / Time: 9.96s
======================================================================================================

round 21 local learning rate = 4.761904761904762e-05

>>> Round:   22 / Acc: 10.118% / Loss: 2.2998 / Grad Norm: 0.2082 / Grad Diff: 2.4789 / Time: 9.43s
======================================================================================================

round 22 local learning rate = 4.545454545454546e-05

>>> Round:   23 / Acc: 10.131% / Loss: 2.2997 / Grad Norm: 0.2081 / Grad Diff: 2.4790 / Time: 7.62s
======================================================================================================

round 23 local learning rate = 4.347826086956522e-05

>>> Round:   24 / Acc: 10.135% / Loss: 2.2997 / Grad Norm: 0.2081 / Grad Diff: 2.4791 / Time: 7.33s
======================================================================================================

round 24 local learning rate = 4.1666666666666665e-05

>>> Round:   25 / Acc: 10.135% / Loss: 2.2997 / Grad Norm: 0.2081 / Grad Diff: 2.4793 / Time: 7.45s
======================================================================================================

= Test = round: 25 / acc: 10.660% / loss: 2.2995 / Time: 0.60s
======================================================================================================

round 25 local learning rate = 4e-05

>>> Round:   26 / Acc: 10.142% / Loss: 2.2997 / Grad Norm: 0.2081 / Grad Diff: 2.4794 / Time: 7.63s
======================================================================================================

round 26 local learning rate = 3.846153846153846e-05

>>> Round:   27 / Acc: 10.148% / Loss: 2.2997 / Grad Norm: 0.2080 / Grad Diff: 2.4795 / Time: 7.40s
======================================================================================================

round 27 local learning rate = 3.7037037037037037e-05

>>> Round:   28 / Acc: 10.161% / Loss: 2.2996 / Grad Norm: 0.2080 / Grad Diff: 2.4796 / Time: 10.09s
======================================================================================================

round 28 local learning rate = 3.571428571428572e-05

>>> Round:   29 / Acc: 10.168% / Loss: 2.2996 / Grad Norm: 0.2079 / Grad Diff: 2.4797 / Time: 9.07s
======================================================================================================

round 29 local learning rate = 3.4482758620689657e-05

>>> Round:   30 / Acc: 10.170% / Loss: 2.2996 / Grad Norm: 0.2079 / Grad Diff: 2.4798 / Time: 8.49s
======================================================================================================

= Test = round: 30 / acc: 10.710% / loss: 2.2994 / Time: 0.66s
======================================================================================================

round 30 local learning rate = 3.3333333333333335e-05

>>> Round:   31 / Acc: 10.175% / Loss: 2.2996 / Grad Norm: 0.2079 / Grad Diff: 2.4799 / Time: 7.37s
======================================================================================================

round 31 local learning rate = 3.2258064516129034e-05

>>> Round:   32 / Acc: 10.173% / Loss: 2.2996 / Grad Norm: 0.2079 / Grad Diff: 2.4799 / Time: 7.29s
======================================================================================================

round 32 local learning rate = 3.125e-05

>>> Round:   33 / Acc: 10.175% / Loss: 2.2996 / Grad Norm: 0.2078 / Grad Diff: 2.4800 / Time: 7.45s
======================================================================================================

round 33 local learning rate = 3.0303030303030302e-05

>>> Round:   34 / Acc: 10.179% / Loss: 2.2996 / Grad Norm: 0.2078 / Grad Diff: 2.4801 / Time: 7.41s
======================================================================================================

round 34 local learning rate = 2.9411764705882354e-05

>>> Round:   35 / Acc: 10.177% / Loss: 2.2995 / Grad Norm: 0.2077 / Grad Diff: 2.4802 / Time: 7.27s
======================================================================================================

= Test = round: 35 / acc: 10.770% / loss: 2.2993 / Time: 0.61s
======================================================================================================

round 35 local learning rate = 2.857142857142857e-05

>>> Round:   36 / Acc: 10.183% / Loss: 2.2995 / Grad Norm: 0.2077 / Grad Diff: 2.4803 / Time: 6.87s
======================================================================================================

round 36 local learning rate = 2.777777777777778e-05

>>> Round:   37 / Acc: 10.190% / Loss: 2.2995 / Grad Norm: 0.2077 / Grad Diff: 2.4804 / Time: 7.38s
======================================================================================================

round 37 local learning rate = 2.7027027027027027e-05

>>> Round:   38 / Acc: 10.203% / Loss: 2.2995 / Grad Norm: 0.2076 / Grad Diff: 2.4804 / Time: 7.42s
======================================================================================================

round 38 local learning rate = 2.6315789473684212e-05

>>> Round:   39 / Acc: 10.205% / Loss: 2.2995 / Grad Norm: 0.2076 / Grad Diff: 2.4804 / Time: 7.41s
======================================================================================================

round 39 local learning rate = 2.5641025641025643e-05

>>> Round:   40 / Acc: 10.216% / Loss: 2.2995 / Grad Norm: 0.2076 / Grad Diff: 2.4805 / Time: 7.34s
======================================================================================================

= Test = round: 40 / acc: 10.790% / loss: 2.2993 / Time: 0.62s
======================================================================================================

round 40 local learning rate = 2.5e-05

>>> Round:   41 / Acc: 10.220% / Loss: 2.2995 / Grad Norm: 0.2075 / Grad Diff: 2.4805 / Time: 7.43s
======================================================================================================

round 41 local learning rate = 2.4390243902439026e-05

>>> Round:   42 / Acc: 10.221% / Loss: 2.2995 / Grad Norm: 0.2075 / Grad Diff: 2.4805 / Time: 7.26s
======================================================================================================

round 42 local learning rate = 2.380952380952381e-05

>>> Round:   43 / Acc: 10.225% / Loss: 2.2995 / Grad Norm: 0.2074 / Grad Diff: 2.4806 / Time: 8.26s
======================================================================================================

round 43 local learning rate = 2.3255813953488374e-05

>>> Round:   44 / Acc: 10.227% / Loss: 2.2994 / Grad Norm: 0.2074 / Grad Diff: 2.4807 / Time: 7.47s
======================================================================================================

round 44 local learning rate = 2.272727272727273e-05

>>> Round:   45 / Acc: 10.232% / Loss: 2.2994 / Grad Norm: 0.2074 / Grad Diff: 2.4807 / Time: 7.34s
======================================================================================================

= Test = round: 45 / acc: 10.820% / loss: 2.2992 / Time: 0.64s
======================================================================================================

round 45 local learning rate = 2.2222222222222223e-05

>>> Round:   46 / Acc: 10.234% / Loss: 2.2994 / Grad Norm: 0.2074 / Grad Diff: 2.4808 / Time: 7.58s
======================================================================================================

round 46 local learning rate = 2.173913043478261e-05

>>> Round:   47 / Acc: 10.240% / Loss: 2.2994 / Grad Norm: 0.2073 / Grad Diff: 2.4808 / Time: 8.04s
======================================================================================================

round 47 local learning rate = 2.1276595744680852e-05

>>> Round:   48 / Acc: 10.238% / Loss: 2.2994 / Grad Norm: 0.2073 / Grad Diff: 2.4809 / Time: 8.03s
======================================================================================================

round 48 local learning rate = 2.0833333333333333e-05

>>> Round:   49 / Acc: 10.245% / Loss: 2.2994 / Grad Norm: 0.2072 / Grad Diff: 2.4809 / Time: 7.61s
======================================================================================================

round 49 local learning rate = 2.0408163265306123e-05

>>> Round:   50 / Acc: 10.247% / Loss: 2.2994 / Grad Norm: 0.2072 / Grad Diff: 2.4810 / Time: 9.85s
======================================================================================================

= Test = round: 50 / acc: 10.870% / loss: 2.2992 / Time: 0.63s
======================================================================================================

round 50 local learning rate = 2e-05

>>> Round:   51 / Acc: 10.249% / Loss: 2.2994 / Grad Norm: 0.2071 / Grad Diff: 2.4811 / Time: 7.65s
======================================================================================================

round 51 local learning rate = 1.9607843137254903e-05

>>> Round:   52 / Acc: 10.247% / Loss: 2.2994 / Grad Norm: 0.2071 / Grad Diff: 2.4812 / Time: 7.91s
======================================================================================================

round 52 local learning rate = 1.923076923076923e-05

>>> Round:   53 / Acc: 10.249% / Loss: 2.2994 / Grad Norm: 0.2071 / Grad Diff: 2.4813 / Time: 7.83s
======================================================================================================

round 53 local learning rate = 1.8867924528301888e-05

>>> Round:   54 / Acc: 10.253% / Loss: 2.2994 / Grad Norm: 0.2071 / Grad Diff: 2.4813 / Time: 7.32s
======================================================================================================

round 54 local learning rate = 1.8518518518518518e-05

>>> Round:   55 / Acc: 10.255% / Loss: 2.2994 / Grad Norm: 0.2070 / Grad Diff: 2.4814 / Time: 7.44s
======================================================================================================

= Test = round: 55 / acc: 10.880% / loss: 2.2991 / Time: 0.63s
======================================================================================================

round 55 local learning rate = 1.8181818181818182e-05

>>> Round:   56 / Acc: 10.255% / Loss: 2.2993 / Grad Norm: 0.2070 / Grad Diff: 2.4815 / Time: 7.41s
======================================================================================================

round 56 local learning rate = 1.785714285714286e-05

>>> Round:   57 / Acc: 10.256% / Loss: 2.2993 / Grad Norm: 0.2070 / Grad Diff: 2.4816 / Time: 7.34s
======================================================================================================

round 57 local learning rate = 1.7543859649122806e-05

>>> Round:   58 / Acc: 10.249% / Loss: 2.2993 / Grad Norm: 0.2070 / Grad Diff: 2.4816 / Time: 7.42s
======================================================================================================

round 58 local learning rate = 1.7241379310344828e-05

>>> Round:   59 / Acc: 10.253% / Loss: 2.2993 / Grad Norm: 0.2069 / Grad Diff: 2.4816 / Time: 7.42s
======================================================================================================

round 59 local learning rate = 1.694915254237288e-05

>>> Round:   60 / Acc: 10.260% / Loss: 2.2993 / Grad Norm: 0.2069 / Grad Diff: 2.4817 / Time: 7.36s
======================================================================================================

= Test = round: 60 / acc: 10.910% / loss: 2.2991 / Time: 0.83s
======================================================================================================

round 60 local learning rate = 1.6666666666666667e-05

>>> Round:   61 / Acc: 10.262% / Loss: 2.2993 / Grad Norm: 0.2069 / Grad Diff: 2.4818 / Time: 9.37s
======================================================================================================

round 61 local learning rate = 1.639344262295082e-05

>>> Round:   62 / Acc: 10.264% / Loss: 2.2993 / Grad Norm: 0.2069 / Grad Diff: 2.4818 / Time: 9.97s
======================================================================================================

round 62 local learning rate = 1.6129032258064517e-05

>>> Round:   63 / Acc: 10.266% / Loss: 2.2993 / Grad Norm: 0.2069 / Grad Diff: 2.4818 / Time: 7.50s
======================================================================================================

round 63 local learning rate = 1.5873015873015872e-05

>>> Round:   64 / Acc: 10.271% / Loss: 2.2993 / Grad Norm: 0.2069 / Grad Diff: 2.4819 / Time: 7.61s
======================================================================================================

round 64 local learning rate = 1.5625e-05

>>> Round:   65 / Acc: 10.275% / Loss: 2.2993 / Grad Norm: 0.2068 / Grad Diff: 2.4820 / Time: 6.82s
======================================================================================================

= Test = round: 65 / acc: 10.910% / loss: 2.2990 / Time: 0.60s
======================================================================================================

round 65 local learning rate = 1.5384615384615384e-05

>>> Round:   66 / Acc: 10.277% / Loss: 2.2993 / Grad Norm: 0.2068 / Grad Diff: 2.4820 / Time: 6.87s
======================================================================================================

round 66 local learning rate = 1.5151515151515151e-05

>>> Round:   67 / Acc: 10.277% / Loss: 2.2993 / Grad Norm: 0.2068 / Grad Diff: 2.4820 / Time: 7.37s
======================================================================================================

round 67 local learning rate = 1.4925373134328359e-05

>>> Round:   68 / Acc: 10.282% / Loss: 2.2993 / Grad Norm: 0.2068 / Grad Diff: 2.4820 / Time: 7.44s
======================================================================================================

round 68 local learning rate = 1.4705882352941177e-05

>>> Round:   69 / Acc: 10.288% / Loss: 2.2993 / Grad Norm: 0.2068 / Grad Diff: 2.4821 / Time: 7.73s
======================================================================================================

round 69 local learning rate = 1.4492753623188407e-05

>>> Round:   70 / Acc: 10.290% / Loss: 2.2992 / Grad Norm: 0.2067 / Grad Diff: 2.4821 / Time: 7.60s
======================================================================================================

= Test = round: 70 / acc: 10.920% / loss: 2.2990 / Time: 0.60s
======================================================================================================

round 70 local learning rate = 1.4285714285714285e-05

>>> Round:   71 / Acc: 10.297% / Loss: 2.2992 / Grad Norm: 0.2067 / Grad Diff: 2.4821 / Time: 7.40s
======================================================================================================

round 71 local learning rate = 1.4084507042253522e-05

>>> Round:   72 / Acc: 10.301% / Loss: 2.2992 / Grad Norm: 0.2067 / Grad Diff: 2.4822 / Time: 7.42s
======================================================================================================

round 72 local learning rate = 1.388888888888889e-05

>>> Round:   73 / Acc: 10.304% / Loss: 2.2992 / Grad Norm: 0.2067 / Grad Diff: 2.4822 / Time: 8.65s
======================================================================================================

round 73 local learning rate = 1.3698630136986302e-05

>>> Round:   74 / Acc: 10.310% / Loss: 2.2992 / Grad Norm: 0.2067 / Grad Diff: 2.4823 / Time: 7.50s
======================================================================================================

round 74 local learning rate = 1.3513513513513513e-05

>>> Round:   75 / Acc: 10.308% / Loss: 2.2992 / Grad Norm: 0.2067 / Grad Diff: 2.4824 / Time: 7.83s
======================================================================================================

= Test = round: 75 / acc: 10.930% / loss: 2.2990 / Time: 0.63s
======================================================================================================

round 75 local learning rate = 1.3333333333333333e-05

>>> Round:   76 / Acc: 10.312% / Loss: 2.2992 / Grad Norm: 0.2066 / Grad Diff: 2.4824 / Time: 7.01s
======================================================================================================

round 76 local learning rate = 1.3157894736842106e-05

>>> Round:   77 / Acc: 10.312% / Loss: 2.2992 / Grad Norm: 0.2066 / Grad Diff: 2.4824 / Time: 7.60s
======================================================================================================

round 77 local learning rate = 1.2987012987012988e-05

>>> Round:   78 / Acc: 10.314% / Loss: 2.2992 / Grad Norm: 0.2066 / Grad Diff: 2.4825 / Time: 7.78s
======================================================================================================

round 78 local learning rate = 1.2820512820512822e-05

>>> Round:   79 / Acc: 10.312% / Loss: 2.2992 / Grad Norm: 0.2066 / Grad Diff: 2.4825 / Time: 7.29s
======================================================================================================

round 79 local learning rate = 1.2658227848101267e-05

>>> Round:   80 / Acc: 10.310% / Loss: 2.2992 / Grad Norm: 0.2066 / Grad Diff: 2.4825 / Time: 7.48s
======================================================================================================

= Test = round: 80 / acc: 10.970% / loss: 2.2990 / Time: 0.59s
======================================================================================================

round 80 local learning rate = 1.25e-05

>>> Round:   81 / Acc: 10.312% / Loss: 2.2992 / Grad Norm: 0.2066 / Grad Diff: 2.4825 / Time: 7.41s
======================================================================================================

round 81 local learning rate = 1.234567901234568e-05

>>> Round:   82 / Acc: 10.308% / Loss: 2.2992 / Grad Norm: 0.2065 / Grad Diff: 2.4825 / Time: 8.50s
======================================================================================================

round 82 local learning rate = 1.2195121951219513e-05

>>> Round:   83 / Acc: 10.308% / Loss: 2.2992 / Grad Norm: 0.2065 / Grad Diff: 2.4825 / Time: 6.88s
======================================================================================================

round 83 local learning rate = 1.2048192771084337e-05

>>> Round:   84 / Acc: 10.310% / Loss: 2.2992 / Grad Norm: 0.2065 / Grad Diff: 2.4827 / Time: 7.39s
======================================================================================================

round 84 local learning rate = 1.1904761904761905e-05

>>> Round:   85 / Acc: 10.312% / Loss: 2.2992 / Grad Norm: 0.2065 / Grad Diff: 2.4827 / Time: 7.55s
======================================================================================================

= Test = round: 85 / acc: 10.980% / loss: 2.2989 / Time: 0.63s
======================================================================================================

round 85 local learning rate = 1.1764705882352942e-05

>>> Round:   86 / Acc: 10.315% / Loss: 2.2992 / Grad Norm: 0.2065 / Grad Diff: 2.4827 / Time: 7.61s
======================================================================================================

round 86 local learning rate = 1.1627906976744187e-05

>>> Round:   87 / Acc: 10.315% / Loss: 2.2992 / Grad Norm: 0.2065 / Grad Diff: 2.4828 / Time: 7.39s
======================================================================================================

round 87 local learning rate = 1.1494252873563218e-05

>>> Round:   88 / Acc: 10.317% / Loss: 2.2992 / Grad Norm: 0.2065 / Grad Diff: 2.4828 / Time: 7.34s
======================================================================================================

round 88 local learning rate = 1.1363636363636365e-05

>>> Round:   89 / Acc: 10.317% / Loss: 2.2991 / Grad Norm: 0.2065 / Grad Diff: 2.4829 / Time: 9.85s
======================================================================================================

round 89 local learning rate = 1.1235955056179776e-05

>>> Round:   90 / Acc: 10.317% / Loss: 2.2991 / Grad Norm: 0.2065 / Grad Diff: 2.4829 / Time: 9.20s
======================================================================================================

= Test = round: 90 / acc: 11.000% / loss: 2.2989 / Time: 0.65s
======================================================================================================

round 90 local learning rate = 1.1111111111111112e-05

>>> Round:   91 / Acc: 10.314% / Loss: 2.2991 / Grad Norm: 0.2065 / Grad Diff: 2.4829 / Time: 7.52s
======================================================================================================

round 91 local learning rate = 1.0989010989010989e-05

>>> Round:   92 / Acc: 10.315% / Loss: 2.2991 / Grad Norm: 0.2065 / Grad Diff: 2.4829 / Time: 7.36s
======================================================================================================

round 92 local learning rate = 1.0869565217391305e-05

>>> Round:   93 / Acc: 10.319% / Loss: 2.2991 / Grad Norm: 0.2064 / Grad Diff: 2.4830 / Time: 8.41s
======================================================================================================

round 93 local learning rate = 1.0752688172043012e-05

>>> Round:   94 / Acc: 10.319% / Loss: 2.2991 / Grad Norm: 0.2064 / Grad Diff: 2.4831 / Time: 7.41s
======================================================================================================

round 94 local learning rate = 1.0638297872340426e-05

>>> Round:   95 / Acc: 10.321% / Loss: 2.2991 / Grad Norm: 0.2064 / Grad Diff: 2.4831 / Time: 7.42s
======================================================================================================

= Test = round: 95 / acc: 11.010% / loss: 2.2989 / Time: 0.62s
======================================================================================================

round 95 local learning rate = 1.0526315789473684e-05

>>> Round:   96 / Acc: 10.319% / Loss: 2.2991 / Grad Norm: 0.2064 / Grad Diff: 2.4831 / Time: 7.59s
======================================================================================================

round 96 local learning rate = 1.0416666666666666e-05

>>> Round:   97 / Acc: 10.319% / Loss: 2.2991 / Grad Norm: 0.2064 / Grad Diff: 2.4831 / Time: 7.43s
======================================================================================================

round 97 local learning rate = 1.0309278350515464e-05

>>> Round:   98 / Acc: 10.319% / Loss: 2.2991 / Grad Norm: 0.2064 / Grad Diff: 2.4832 / Time: 7.59s
======================================================================================================

round 98 local learning rate = 1.0204081632653061e-05

>>> Round:   99 / Acc: 10.319% / Loss: 2.2991 / Grad Norm: 0.2063 / Grad Diff: 2.4832 / Time: 9.09s
======================================================================================================

round 99 local learning rate = 1.0101010101010101e-05

>>> Round:  100 / Acc: 10.319% / Loss: 2.2991 / Grad Norm: 0.2063 / Grad Diff: 2.4833 / Time: 7.77s
======================================================================================================

= Test = round: 100 / acc: 11.010% / loss: 2.2989 / Time: 0.63s
======================================================================================================

round 100 local learning rate = 1e-05

>>> Round:  101 / Acc: 10.327% / Loss: 2.2991 / Grad Norm: 0.2063 / Grad Diff: 2.4833 / Time: 8.27s
======================================================================================================

round 101 local learning rate = 9.900990099009901e-06

>>> Round:  102 / Acc: 10.330% / Loss: 2.2991 / Grad Norm: 0.2063 / Grad Diff: 2.4834 / Time: 7.89s
======================================================================================================

round 102 local learning rate = 9.803921568627451e-06

>>> Round:  103 / Acc: 10.332% / Loss: 2.2991 / Grad Norm: 0.2063 / Grad Diff: 2.4834 / Time: 7.88s
======================================================================================================

round 103 local learning rate = 9.70873786407767e-06

>>> Round:  104 / Acc: 10.332% / Loss: 2.2991 / Grad Norm: 0.2063 / Grad Diff: 2.4834 / Time: 7.67s
======================================================================================================

round 104 local learning rate = 9.615384615384616e-06

>>> Round:  105 / Acc: 10.334% / Loss: 2.2991 / Grad Norm: 0.2063 / Grad Diff: 2.4835 / Time: 7.39s
======================================================================================================

= Test = round: 105 / acc: 11.020% / loss: 2.2988 / Time: 0.63s
======================================================================================================

round 105 local learning rate = 9.523809523809525e-06

>>> Round:  106 / Acc: 10.334% / Loss: 2.2991 / Grad Norm: 0.2063 / Grad Diff: 2.4835 / Time: 7.39s
======================================================================================================

round 106 local learning rate = 9.433962264150944e-06

>>> Round:  107 / Acc: 10.334% / Loss: 2.2991 / Grad Norm: 0.2062 / Grad Diff: 2.4835 / Time: 7.42s
======================================================================================================

round 107 local learning rate = 9.345794392523365e-06

>>> Round:  108 / Acc: 10.341% / Loss: 2.2991 / Grad Norm: 0.2062 / Grad Diff: 2.4836 / Time: 8.68s
======================================================================================================

round 108 local learning rate = 9.259259259259259e-06

>>> Round:  109 / Acc: 10.343% / Loss: 2.2991 / Grad Norm: 0.2062 / Grad Diff: 2.4836 / Time: 7.42s
======================================================================================================

round 109 local learning rate = 9.174311926605506e-06

>>> Round:  110 / Acc: 10.345% / Loss: 2.2991 / Grad Norm: 0.2062 / Grad Diff: 2.4836 / Time: 7.45s
======================================================================================================

= Test = round: 110 / acc: 11.020% / loss: 2.2988 / Time: 0.61s
======================================================================================================

round 110 local learning rate = 9.090909090909091e-06

>>> Round:  111 / Acc: 10.345% / Loss: 2.2991 / Grad Norm: 0.2062 / Grad Diff: 2.4836 / Time: 7.50s
======================================================================================================

round 111 local learning rate = 9.00900900900901e-06

>>> Round:  112 / Acc: 10.345% / Loss: 2.2990 / Grad Norm: 0.2062 / Grad Diff: 2.4836 / Time: 8.70s
======================================================================================================

round 112 local learning rate = 8.92857142857143e-06

>>> Round:  113 / Acc: 10.349% / Loss: 2.2990 / Grad Norm: 0.2062 / Grad Diff: 2.4836 / Time: 7.39s
======================================================================================================

round 113 local learning rate = 8.849557522123894e-06

>>> Round:  114 / Acc: 10.349% / Loss: 2.2990 / Grad Norm: 0.2062 / Grad Diff: 2.4837 / Time: 7.62s
======================================================================================================

round 114 local learning rate = 8.771929824561403e-06

>>> Round:  115 / Acc: 10.351% / Loss: 2.2990 / Grad Norm: 0.2061 / Grad Diff: 2.4837 / Time: 7.63s
======================================================================================================

= Test = round: 115 / acc: 11.010% / loss: 2.2988 / Time: 0.63s
======================================================================================================

round 115 local learning rate = 8.695652173913044e-06

>>> Round:  116 / Acc: 10.354% / Loss: 2.2990 / Grad Norm: 0.2061 / Grad Diff: 2.4837 / Time: 7.64s
======================================================================================================

round 116 local learning rate = 8.620689655172414e-06

>>> Round:  117 / Acc: 10.356% / Loss: 2.2990 / Grad Norm: 0.2061 / Grad Diff: 2.4837 / Time: 7.40s
======================================================================================================

round 117 local learning rate = 8.547008547008548e-06

>>> Round:  118 / Acc: 10.360% / Loss: 2.2990 / Grad Norm: 0.2061 / Grad Diff: 2.4837 / Time: 7.14s
======================================================================================================

round 118 local learning rate = 8.47457627118644e-06

>>> Round:  119 / Acc: 10.360% / Loss: 2.2990 / Grad Norm: 0.2061 / Grad Diff: 2.4838 / Time: 7.41s
======================================================================================================

round 119 local learning rate = 8.403361344537815e-06

>>> Round:  120 / Acc: 10.362% / Loss: 2.2990 / Grad Norm: 0.2061 / Grad Diff: 2.4839 / Time: 7.40s
======================================================================================================

= Test = round: 120 / acc: 11.010% / loss: 2.2988 / Time: 0.63s
======================================================================================================

round 120 local learning rate = 8.333333333333334e-06

>>> Round:  121 / Acc: 10.362% / Loss: 2.2990 / Grad Norm: 0.2061 / Grad Diff: 2.4839 / Time: 7.37s
======================================================================================================

round 121 local learning rate = 8.264462809917356e-06

>>> Round:  122 / Acc: 10.365% / Loss: 2.2990 / Grad Norm: 0.2061 / Grad Diff: 2.4839 / Time: 7.41s
======================================================================================================

round 122 local learning rate = 8.19672131147541e-06

>>> Round:  123 / Acc: 10.367% / Loss: 2.2990 / Grad Norm: 0.2061 / Grad Diff: 2.4840 / Time: 7.44s
======================================================================================================

round 123 local learning rate = 8.130081300813009e-06

>>> Round:  124 / Acc: 10.373% / Loss: 2.2990 / Grad Norm: 0.2061 / Grad Diff: 2.4840 / Time: 8.12s
======================================================================================================

round 124 local learning rate = 8.064516129032258e-06

>>> Round:  125 / Acc: 10.376% / Loss: 2.2990 / Grad Norm: 0.2061 / Grad Diff: 2.4840 / Time: 9.57s
======================================================================================================

= Test = round: 125 / acc: 11.020% / loss: 2.2988 / Time: 0.64s
======================================================================================================

round 125 local learning rate = 8e-06

>>> Round:  126 / Acc: 10.375% / Loss: 2.2990 / Grad Norm: 0.2060 / Grad Diff: 2.4840 / Time: 7.77s
======================================================================================================

round 126 local learning rate = 7.936507936507936e-06

>>> Round:  127 / Acc: 10.373% / Loss: 2.2990 / Grad Norm: 0.2060 / Grad Diff: 2.4841 / Time: 7.96s
======================================================================================================

round 127 local learning rate = 7.874015748031496e-06

>>> Round:  128 / Acc: 10.375% / Loss: 2.2990 / Grad Norm: 0.2060 / Grad Diff: 2.4841 / Time: 9.37s
======================================================================================================

round 128 local learning rate = 7.8125e-06

>>> Round:  129 / Acc: 10.376% / Loss: 2.2990 / Grad Norm: 0.2060 / Grad Diff: 2.4841 / Time: 7.40s
======================================================================================================

round 129 local learning rate = 7.751937984496124e-06

>>> Round:  130 / Acc: 10.376% / Loss: 2.2990 / Grad Norm: 0.2060 / Grad Diff: 2.4841 / Time: 7.49s
======================================================================================================

= Test = round: 130 / acc: 11.050% / loss: 2.2988 / Time: 0.64s
======================================================================================================

round 130 local learning rate = 7.692307692307692e-06

>>> Round:  131 / Acc: 10.382% / Loss: 2.2990 / Grad Norm: 0.2060 / Grad Diff: 2.4841 / Time: 7.82s
======================================================================================================

round 131 local learning rate = 7.633587786259541e-06

>>> Round:  132 / Acc: 10.382% / Loss: 2.2990 / Grad Norm: 0.2060 / Grad Diff: 2.4841 / Time: 7.22s
======================================================================================================

round 132 local learning rate = 7.575757575757576e-06

>>> Round:  133 / Acc: 10.382% / Loss: 2.2990 / Grad Norm: 0.2060 / Grad Diff: 2.4841 / Time: 7.46s
======================================================================================================

round 133 local learning rate = 7.518796992481203e-06

>>> Round:  134 / Acc: 10.382% / Loss: 2.2990 / Grad Norm: 0.2060 / Grad Diff: 2.4842 / Time: 7.37s
======================================================================================================

round 134 local learning rate = 7.462686567164179e-06

>>> Round:  135 / Acc: 10.384% / Loss: 2.2990 / Grad Norm: 0.2060 / Grad Diff: 2.4842 / Time: 7.50s
======================================================================================================

= Test = round: 135 / acc: 11.100% / loss: 2.2987 / Time: 0.64s
======================================================================================================

round 135 local learning rate = 7.4074074074074075e-06

>>> Round:  136 / Acc: 10.384% / Loss: 2.2990 / Grad Norm: 0.2060 / Grad Diff: 2.4842 / Time: 8.02s
======================================================================================================

round 136 local learning rate = 7.3529411764705884e-06

>>> Round:  137 / Acc: 10.382% / Loss: 2.2990 / Grad Norm: 0.2059 / Grad Diff: 2.4842 / Time: 7.64s
======================================================================================================

round 137 local learning rate = 7.299270072992701e-06

>>> Round:  138 / Acc: 10.380% / Loss: 2.2990 / Grad Norm: 0.2059 / Grad Diff: 2.4842 / Time: 7.30s
======================================================================================================

round 138 local learning rate = 7.246376811594203e-06

>>> Round:  139 / Acc: 10.380% / Loss: 2.2990 / Grad Norm: 0.2059 / Grad Diff: 2.4843 / Time: 6.86s
======================================================================================================

round 139 local learning rate = 7.194244604316547e-06

>>> Round:  140 / Acc: 10.384% / Loss: 2.2990 / Grad Norm: 0.2059 / Grad Diff: 2.4843 / Time: 7.55s
======================================================================================================

= Test = round: 140 / acc: 11.120% / loss: 2.2987 / Time: 0.60s
======================================================================================================

round 140 local learning rate = 7.142857142857143e-06

>>> Round:  141 / Acc: 10.386% / Loss: 2.2990 / Grad Norm: 0.2059 / Grad Diff: 2.4843 / Time: 7.63s
======================================================================================================

round 141 local learning rate = 7.092198581560284e-06

>>> Round:  142 / Acc: 10.387% / Loss: 2.2989 / Grad Norm: 0.2059 / Grad Diff: 2.4843 / Time: 7.52s
======================================================================================================

round 142 local learning rate = 7.042253521126761e-06

>>> Round:  143 / Acc: 10.387% / Loss: 2.2989 / Grad Norm: 0.2059 / Grad Diff: 2.4843 / Time: 7.41s
======================================================================================================

round 143 local learning rate = 6.993006993006993e-06

>>> Round:  144 / Acc: 10.387% / Loss: 2.2989 / Grad Norm: 0.2059 / Grad Diff: 2.4843 / Time: 7.37s
======================================================================================================

round 144 local learning rate = 6.944444444444445e-06

>>> Round:  145 / Acc: 10.386% / Loss: 2.2989 / Grad Norm: 0.2059 / Grad Diff: 2.4843 / Time: 7.31s
======================================================================================================

= Test = round: 145 / acc: 11.140% / loss: 2.2987 / Time: 0.65s
======================================================================================================

round 145 local learning rate = 6.896551724137931e-06

>>> Round:  146 / Acc: 10.387% / Loss: 2.2989 / Grad Norm: 0.2059 / Grad Diff: 2.4843 / Time: 7.54s
======================================================================================================

round 146 local learning rate = 6.849315068493151e-06

>>> Round:  147 / Acc: 10.384% / Loss: 2.2989 / Grad Norm: 0.2058 / Grad Diff: 2.4843 / Time: 7.45s
======================================================================================================

round 147 local learning rate = 6.8027210884353745e-06

>>> Round:  148 / Acc: 10.386% / Loss: 2.2989 / Grad Norm: 0.2058 / Grad Diff: 2.4844 / Time: 7.57s
======================================================================================================

round 148 local learning rate = 6.756756756756757e-06

>>> Round:  149 / Acc: 10.386% / Loss: 2.2989 / Grad Norm: 0.2058 / Grad Diff: 2.4844 / Time: 9.81s
======================================================================================================

round 149 local learning rate = 6.7114093959731546e-06

>>> Round:  150 / Acc: 10.386% / Loss: 2.2989 / Grad Norm: 0.2058 / Grad Diff: 2.4844 / Time: 7.58s
======================================================================================================

= Test = round: 150 / acc: 11.150% / loss: 2.2987 / Time: 0.61s
======================================================================================================

round 150 local learning rate = 6.666666666666667e-06

>>> Round:  151 / Acc: 10.386% / Loss: 2.2989 / Grad Norm: 0.2058 / Grad Diff: 2.4845 / Time: 7.41s
======================================================================================================

round 151 local learning rate = 6.622516556291391e-06

>>> Round:  152 / Acc: 10.384% / Loss: 2.2989 / Grad Norm: 0.2058 / Grad Diff: 2.4845 / Time: 7.63s
======================================================================================================

round 152 local learning rate = 6.578947368421053e-06

>>> Round:  153 / Acc: 10.386% / Loss: 2.2989 / Grad Norm: 0.2058 / Grad Diff: 2.4846 / Time: 8.25s
======================================================================================================

round 153 local learning rate = 6.535947712418301e-06

>>> Round:  154 / Acc: 10.386% / Loss: 2.2989 / Grad Norm: 0.2058 / Grad Diff: 2.4846 / Time: 6.82s
======================================================================================================

round 154 local learning rate = 6.493506493506494e-06

>>> Round:  155 / Acc: 10.387% / Loss: 2.2989 / Grad Norm: 0.2058 / Grad Diff: 2.4846 / Time: 7.50s
======================================================================================================

= Test = round: 155 / acc: 11.170% / loss: 2.2987 / Time: 0.63s
======================================================================================================

round 155 local learning rate = 6.451612903225806e-06

>>> Round:  156 / Acc: 10.387% / Loss: 2.2989 / Grad Norm: 0.2058 / Grad Diff: 2.4846 / Time: 9.30s
======================================================================================================

round 156 local learning rate = 6.410256410256411e-06

>>> Round:  157 / Acc: 10.387% / Loss: 2.2989 / Grad Norm: 0.2058 / Grad Diff: 2.4846 / Time: 7.94s
======================================================================================================

round 157 local learning rate = 6.369426751592357e-06

>>> Round:  158 / Acc: 10.387% / Loss: 2.2989 / Grad Norm: 0.2057 / Grad Diff: 2.4846 / Time: 7.30s
======================================================================================================

round 158 local learning rate = 6.329113924050633e-06

>>> Round:  159 / Acc: 10.391% / Loss: 2.2989 / Grad Norm: 0.2057 / Grad Diff: 2.4846 / Time: 7.40s
======================================================================================================

round 159 local learning rate = 6.289308176100629e-06

>>> Round:  160 / Acc: 10.395% / Loss: 2.2989 / Grad Norm: 0.2057 / Grad Diff: 2.4846 / Time: 7.37s
======================================================================================================

= Test = round: 160 / acc: 11.160% / loss: 2.2987 / Time: 0.60s
======================================================================================================

round 160 local learning rate = 6.25e-06

>>> Round:  161 / Acc: 10.395% / Loss: 2.2989 / Grad Norm: 0.2057 / Grad Diff: 2.4846 / Time: 7.62s
======================================================================================================

round 161 local learning rate = 6.2111801242236025e-06

>>> Round:  162 / Acc: 10.397% / Loss: 2.2989 / Grad Norm: 0.2057 / Grad Diff: 2.4846 / Time: 7.65s
======================================================================================================

round 162 local learning rate = 6.17283950617284e-06

>>> Round:  163 / Acc: 10.399% / Loss: 2.2989 / Grad Norm: 0.2057 / Grad Diff: 2.4846 / Time: 7.48s
======================================================================================================

round 163 local learning rate = 6.134969325153374e-06

>>> Round:  164 / Acc: 10.399% / Loss: 2.2989 / Grad Norm: 0.2057 / Grad Diff: 2.4846 / Time: 8.70s
======================================================================================================

round 164 local learning rate = 6.0975609756097564e-06

>>> Round:  165 / Acc: 10.402% / Loss: 2.2989 / Grad Norm: 0.2057 / Grad Diff: 2.4846 / Time: 7.35s
======================================================================================================

= Test = round: 165 / acc: 11.170% / loss: 2.2987 / Time: 0.60s
======================================================================================================

round 165 local learning rate = 6.060606060606061e-06

>>> Round:  166 / Acc: 10.402% / Loss: 2.2989 / Grad Norm: 0.2057 / Grad Diff: 2.4847 / Time: 7.39s
======================================================================================================

round 166 local learning rate = 6.024096385542168e-06

>>> Round:  167 / Acc: 10.402% / Loss: 2.2989 / Grad Norm: 0.2057 / Grad Diff: 2.4847 / Time: 7.47s
======================================================================================================

round 167 local learning rate = 5.9880239520958085e-06

>>> Round:  168 / Acc: 10.406% / Loss: 2.2989 / Grad Norm: 0.2056 / Grad Diff: 2.4847 / Time: 7.53s
======================================================================================================

round 168 local learning rate = 5.9523809523809525e-06

>>> Round:  169 / Acc: 10.408% / Loss: 2.2989 / Grad Norm: 0.2056 / Grad Diff: 2.4847 / Time: 7.62s
======================================================================================================

round 169 local learning rate = 5.917159763313609e-06

>>> Round:  170 / Acc: 10.408% / Loss: 2.2989 / Grad Norm: 0.2056 / Grad Diff: 2.4847 / Time: 7.56s
======================================================================================================

= Test = round: 170 / acc: 11.170% / loss: 2.2986 / Time: 0.60s
======================================================================================================

round 170 local learning rate = 5.882352941176471e-06

>>> Round:  171 / Acc: 10.408% / Loss: 2.2989 / Grad Norm: 0.2056 / Grad Diff: 2.4848 / Time: 7.60s
======================================================================================================

round 171 local learning rate = 5.847953216374269e-06

>>> Round:  172 / Acc: 10.408% / Loss: 2.2989 / Grad Norm: 0.2056 / Grad Diff: 2.4848 / Time: 7.56s
======================================================================================================

round 172 local learning rate = 5.8139534883720935e-06

>>> Round:  173 / Acc: 10.408% / Loss: 2.2989 / Grad Norm: 0.2056 / Grad Diff: 2.4848 / Time: 7.59s
======================================================================================================

round 173 local learning rate = 5.780346820809249e-06

>>> Round:  174 / Acc: 10.408% / Loss: 2.2989 / Grad Norm: 0.2056 / Grad Diff: 2.4848 / Time: 6.79s
======================================================================================================

round 174 local learning rate = 5.747126436781609e-06

>>> Round:  175 / Acc: 10.411% / Loss: 2.2989 / Grad Norm: 0.2056 / Grad Diff: 2.4849 / Time: 7.47s
======================================================================================================

= Test = round: 175 / acc: 11.180% / loss: 2.2986 / Time: 0.60s
======================================================================================================

round 175 local learning rate = 5.7142857142857145e-06

>>> Round:  176 / Acc: 10.411% / Loss: 2.2989 / Grad Norm: 0.2056 / Grad Diff: 2.4849 / Time: 7.43s
======================================================================================================

round 176 local learning rate = 5.681818181818182e-06

>>> Round:  177 / Acc: 10.411% / Loss: 2.2989 / Grad Norm: 0.2056 / Grad Diff: 2.4849 / Time: 7.49s
======================================================================================================

round 177 local learning rate = 5.649717514124294e-06

>>> Round:  178 / Acc: 10.411% / Loss: 2.2989 / Grad Norm: 0.2055 / Grad Diff: 2.4849 / Time: 7.21s
======================================================================================================

round 178 local learning rate = 5.617977528089888e-06

>>> Round:  179 / Acc: 10.411% / Loss: 2.2989 / Grad Norm: 0.2055 / Grad Diff: 2.4849 / Time: 7.89s
======================================================================================================

round 179 local learning rate = 5.58659217877095e-06

>>> Round:  180 / Acc: 10.410% / Loss: 2.2988 / Grad Norm: 0.2055 / Grad Diff: 2.4849 / Time: 7.34s
======================================================================================================

= Test = round: 180 / acc: 11.180% / loss: 2.2986 / Time: 0.58s
======================================================================================================

round 180 local learning rate = 5.555555555555556e-06

>>> Round:  181 / Acc: 10.411% / Loss: 2.2988 / Grad Norm: 0.2055 / Grad Diff: 2.4849 / Time: 7.41s
======================================================================================================

round 181 local learning rate = 5.524861878453039e-06

>>> Round:  182 / Acc: 10.411% / Loss: 2.2988 / Grad Norm: 0.2055 / Grad Diff: 2.4849 / Time: 7.53s
======================================================================================================

round 182 local learning rate = 5.494505494505494e-06

>>> Round:  183 / Acc: 10.411% / Loss: 2.2988 / Grad Norm: 0.2055 / Grad Diff: 2.4849 / Time: 7.65s
======================================================================================================

round 183 local learning rate = 5.46448087431694e-06

>>> Round:  184 / Acc: 10.410% / Loss: 2.2988 / Grad Norm: 0.2055 / Grad Diff: 2.4849 / Time: 7.41s
======================================================================================================

round 184 local learning rate = 5.4347826086956525e-06

>>> Round:  185 / Acc: 10.410% / Loss: 2.2988 / Grad Norm: 0.2055 / Grad Diff: 2.4850 / Time: 7.38s
======================================================================================================

= Test = round: 185 / acc: 11.170% / loss: 2.2986 / Time: 0.74s
======================================================================================================

round 185 local learning rate = 5.405405405405405e-06

>>> Round:  186 / Acc: 10.411% / Loss: 2.2988 / Grad Norm: 0.2055 / Grad Diff: 2.4850 / Time: 7.39s
======================================================================================================

round 186 local learning rate = 5.376344086021506e-06

>>> Round:  187 / Acc: 10.413% / Loss: 2.2988 / Grad Norm: 0.2055 / Grad Diff: 2.4850 / Time: 7.44s
======================================================================================================

round 187 local learning rate = 5.347593582887701e-06

>>> Round:  188 / Acc: 10.415% / Loss: 2.2988 / Grad Norm: 0.2055 / Grad Diff: 2.4850 / Time: 7.91s
======================================================================================================

round 188 local learning rate = 5.319148936170213e-06

>>> Round:  189 / Acc: 10.415% / Loss: 2.2988 / Grad Norm: 0.2055 / Grad Diff: 2.4850 / Time: 7.75s
======================================================================================================

round 189 local learning rate = 5.291005291005291e-06

>>> Round:  190 / Acc: 10.415% / Loss: 2.2988 / Grad Norm: 0.2055 / Grad Diff: 2.4850 / Time: 7.42s
======================================================================================================

= Test = round: 190 / acc: 11.180% / loss: 2.2986 / Time: 0.61s
======================================================================================================

round 190 local learning rate = 5.263157894736842e-06

>>> Round:  191 / Acc: 10.417% / Loss: 2.2988 / Grad Norm: 0.2055 / Grad Diff: 2.4850 / Time: 7.50s
======================================================================================================

round 191 local learning rate = 5.235602094240837e-06

>>> Round:  192 / Acc: 10.417% / Loss: 2.2988 / Grad Norm: 0.2055 / Grad Diff: 2.4851 / Time: 7.48s
======================================================================================================

round 192 local learning rate = 5.208333333333333e-06

>>> Round:  193 / Acc: 10.424% / Loss: 2.2988 / Grad Norm: 0.2055 / Grad Diff: 2.4851 / Time: 7.74s
======================================================================================================

round 193 local learning rate = 5.1813471502590676e-06

>>> Round:  194 / Acc: 10.424% / Loss: 2.2988 / Grad Norm: 0.2055 / Grad Diff: 2.4851 / Time: 9.22s
======================================================================================================

round 194 local learning rate = 5.154639175257732e-06

>>> Round:  195 / Acc: 10.424% / Loss: 2.2988 / Grad Norm: 0.2055 / Grad Diff: 2.4851 / Time: 8.11s
======================================================================================================

= Test = round: 195 / acc: 11.190% / loss: 2.2986 / Time: 0.81s
======================================================================================================

round 195 local learning rate = 5.128205128205128e-06

>>> Round:  196 / Acc: 10.424% / Loss: 2.2988 / Grad Norm: 0.2055 / Grad Diff: 2.4851 / Time: 8.47s
======================================================================================================

round 196 local learning rate = 5.102040816326531e-06

>>> Round:  197 / Acc: 10.426% / Loss: 2.2988 / Grad Norm: 0.2055 / Grad Diff: 2.4852 / Time: 7.68s
======================================================================================================

round 197 local learning rate = 5.076142131979695e-06

>>> Round:  198 / Acc: 10.428% / Loss: 2.2988 / Grad Norm: 0.2055 / Grad Diff: 2.4852 / Time: 7.42s
======================================================================================================

round 198 local learning rate = 5.050505050505051e-06

>>> Round:  199 / Acc: 10.430% / Loss: 2.2988 / Grad Norm: 0.2054 / Grad Diff: 2.4852 / Time: 7.50s
======================================================================================================

round 199 local learning rate = 5.025125628140704e-06

>>> Round:  200 / Acc: 10.428% / Loss: 2.2988 / Grad Norm: 0.2054 / Grad Diff: 2.4852 / Time: 7.60s
======================================================================================================

= Test = round: 200 / acc: 11.200% / loss: 2.2986 / Time: 0.61s
======================================================================================================

