nohup: ignoring input
Using device: cuda:0
>>> Arguments:
	             algo : fedavgtl
	            alpha : 51871.0
	       batch_size : 64
	clients_per_round : 100
	          dataset : mnist_all_data_1_equal_niid
	           device : cuda:0
	              dis : 
	   early_stopping : 20
	       eval_every : 5
	    ft_batch_size : 128
	       ft_dataset : mnist-m
	        ft_epochs : 2
	            ft_lr : 0.01
	            ft_wd : 0.0
	              gpu : True
	      input_shape : (1, 28, 28)
	           last_k : 2
	               lr : 0.005
	            model : lenet
	           n_init : 5
	        noaverage : False
	          noprint : False
	        num_class : 10
	        num_epoch : 1
	        num_round : 200
	           opt_lr : False
	            reg_J : True
	       reg_J_coef : 0.0001
	             seed : 0
	               wd : 0.0
>>> Read data from:
     ./data/mnist/data/all_data_1.pkl
>>> The estimate of constant alpha is 51871.0.
>>> Read data from:
     ./data/mnist/data/train/all_data_1_equal_niid.pkl
     ./data/mnist/data/test/all_data_1_equal_niid.pkl
>>> Use gpu on device cuda:0
>>> Model statistic per layer
LeNet_MNIST(
  286.12 KMac, 100.000% MACs, 
  (conv1): Conv2d(89.856 KMac, 31.405% MACs, 1, 6, kernel_size=(5, 5), stride=(1, 1))
  (conv2): Conv2d(154.624 KMac, 54.042% MACs, 6, 16, kernel_size=(5, 5), stride=(1, 1))
  (fc1): Linear(30.72 KMac, 10.737% MACs, in_features=256, out_features=120, bias=True)
  (fc2): Linear(10.08 KMac, 3.523% MACs, in_features=120, out_features=84, bias=True)
  (fc3): Linear(840.0 Mac, 0.294% MACs, in_features=84, out_features=10, bias=True)
)
>>> Activate a worker for training
>>> Initialize 100 clients in total
>>> Weigh updates by simple average
>>> Select 100 clients per round 


>>> Round:    0 / Acc: 10.277% / Loss: 11.3285 / Grad Norm: 190.9298 / Grad Diff: 33669.3901 / Time: 6.63s
======================================================================================================

= Test = round: 0 / acc: 10.500% / loss: 11.4319 / Time: 0.52s
======================================================================================================

round 0 local learning rate = 0.005

>>> Round:    1 / Acc: 11.151% / Loss: 2.5213 / Grad Norm: 8.3729 / Grad Diff: 614.0749 / Time: 5.62s
======================================================================================================

round 1 local learning rate = 0.005

>>> Round:    2 / Acc: 25.210% / Loss: 2.0715 / Grad Norm: 7.0355 / Grad Diff: 693.2730 / Time: 5.94s
======================================================================================================

round 2 local learning rate = 0.0025

>>> Round:    3 / Acc: 36.395% / Loss: 1.8100 / Grad Norm: 7.6204 / Grad Diff: 1063.4224 / Time: 6.56s
======================================================================================================

round 3 local learning rate = 0.0016666666666666668

>>> Round:    4 / Acc: 43.509% / Loss: 1.6316 / Grad Norm: 7.7071 / Grad Diff: 1331.0231 / Time: 6.35s
======================================================================================================

round 4 local learning rate = 0.00125

>>> Round:    5 / Acc: 48.430% / Loss: 1.5018 / Grad Norm: 7.4783 / Grad Diff: 1501.9327 / Time: 5.92s
======================================================================================================

= Test = round: 5 / acc: 49.990% / loss: 1.4669 / Time: 0.50s
======================================================================================================

round 5 local learning rate = 0.001

>>> Round:    6 / Acc: 52.155% / Loss: 1.4011 / Grad Norm: 7.1833 / Grad Diff: 1597.0232 / Time: 6.42s
======================================================================================================

round 6 local learning rate = 0.0008333333333333334

>>> Round:    7 / Acc: 55.151% / Loss: 1.3215 / Grad Norm: 6.9565 / Grad Diff: 1660.2137 / Time: 6.73s
======================================================================================================

round 7 local learning rate = 0.0007142857142857143

>>> Round:    8 / Acc: 57.589% / Loss: 1.2563 / Grad Norm: 6.8057 / Grad Diff: 1711.7587 / Time: 7.48s
======================================================================================================

round 8 local learning rate = 0.000625

>>> Round:    9 / Acc: 59.557% / Loss: 1.2006 / Grad Norm: 6.6512 / Grad Diff: 1741.9970 / Time: 6.53s
======================================================================================================

round 9 local learning rate = 0.0005555555555555556

>>> Round:   10 / Acc: 61.334% / Loss: 1.1532 / Grad Norm: 6.4513 / Grad Diff: 1766.4571 / Time: 6.41s
======================================================================================================

= Test = round: 10 / acc: 63.240% / loss: 1.1072 / Time: 0.68s
======================================================================================================

round 10 local learning rate = 0.0005

>>> Round:   11 / Acc: 62.882% / Loss: 1.1121 / Grad Norm: 6.3066 / Grad Diff: 1779.9119 / Time: 6.34s
======================================================================================================

round 11 local learning rate = 0.00045454545454545455

>>> Round:   12 / Acc: 64.138% / Loss: 1.0751 / Grad Norm: 6.0495 / Grad Diff: 1783.7736 / Time: 7.46s
======================================================================================================

round 12 local learning rate = 0.0004166666666666667

>>> Round:   13 / Acc: 65.360% / Loss: 1.0427 / Grad Norm: 5.8398 / Grad Diff: 1783.5978 / Time: 6.45s
======================================================================================================

round 13 local learning rate = 0.0003846153846153846

>>> Round:   14 / Acc: 66.282% / Loss: 1.0136 / Grad Norm: 5.6852 / Grad Diff: 1783.2778 / Time: 7.00s
======================================================================================================

round 14 local learning rate = 0.00035714285714285714

>>> Round:   15 / Acc: 67.133% / Loss: 0.9875 / Grad Norm: 5.5824 / Grad Diff: 1781.7341 / Time: 6.58s
======================================================================================================

= Test = round: 15 / acc: 68.800% / loss: 0.9395 / Time: 0.55s
======================================================================================================

round 15 local learning rate = 0.0003333333333333333

>>> Round:   16 / Acc: 67.958% / Loss: 0.9641 / Grad Norm: 5.3744 / Grad Diff: 1776.4609 / Time: 6.56s
======================================================================================================

round 16 local learning rate = 0.0003125

>>> Round:   17 / Acc: 68.732% / Loss: 0.9430 / Grad Norm: 5.1949 / Grad Diff: 1772.2691 / Time: 6.45s
======================================================================================================

round 17 local learning rate = 0.00029411764705882356

>>> Round:   18 / Acc: 69.452% / Loss: 0.9238 / Grad Norm: 5.0181 / Grad Diff: 1765.9553 / Time: 6.69s
======================================================================================================

round 18 local learning rate = 0.0002777777777777778

>>> Round:   19 / Acc: 70.107% / Loss: 0.9061 / Grad Norm: 4.9895 / Grad Diff: 1761.6202 / Time: 6.36s
======================================================================================================

round 19 local learning rate = 0.0002631578947368421

>>> Round:   20 / Acc: 70.661% / Loss: 0.8895 / Grad Norm: 4.8293 / Grad Diff: 1753.4847 / Time: 6.35s
======================================================================================================

= Test = round: 20 / acc: 72.290% / loss: 0.8424 / Time: 0.50s
======================================================================================================

round 20 local learning rate = 0.00025

>>> Round:   21 / Acc: 71.161% / Loss: 0.8745 / Grad Norm: 4.6951 / Grad Diff: 1747.5684 / Time: 6.47s
======================================================================================================

round 21 local learning rate = 0.0002380952380952381

>>> Round:   22 / Acc: 71.664% / Loss: 0.8603 / Grad Norm: 4.5952 / Grad Diff: 1740.2588 / Time: 6.38s
======================================================================================================

round 22 local learning rate = 0.00022727272727272727

>>> Round:   23 / Acc: 72.098% / Loss: 0.8474 / Grad Norm: 4.4565 / Grad Diff: 1734.2683 / Time: 6.84s
======================================================================================================

round 23 local learning rate = 0.0002173913043478261

>>> Round:   24 / Acc: 72.566% / Loss: 0.8353 / Grad Norm: 4.3177 / Grad Diff: 1729.5499 / Time: 6.30s
======================================================================================================

round 24 local learning rate = 0.00020833333333333335

>>> Round:   25 / Acc: 72.939% / Loss: 0.8239 / Grad Norm: 4.2108 / Grad Diff: 1723.9822 / Time: 5.80s
======================================================================================================

= Test = round: 25 / acc: 74.520% / loss: 0.7776 / Time: 0.52s
======================================================================================================

round 25 local learning rate = 0.0002

>>> Round:   26 / Acc: 73.343% / Loss: 0.8133 / Grad Norm: 4.1578 / Grad Diff: 1716.6723 / Time: 6.54s
======================================================================================================

round 26 local learning rate = 0.0001923076923076923

>>> Round:   27 / Acc: 73.672% / Loss: 0.8035 / Grad Norm: 4.1180 / Grad Diff: 1711.1259 / Time: 6.31s
======================================================================================================

round 27 local learning rate = 0.00018518518518518518

>>> Round:   28 / Acc: 74.007% / Loss: 0.7940 / Grad Norm: 4.0374 / Grad Diff: 1704.4280 / Time: 6.20s
======================================================================================================

round 28 local learning rate = 0.00017857142857142857

>>> Round:   29 / Acc: 74.306% / Loss: 0.7851 / Grad Norm: 3.9836 / Grad Diff: 1700.6669 / Time: 6.28s
======================================================================================================

round 29 local learning rate = 0.0001724137931034483

>>> Round:   30 / Acc: 74.559% / Loss: 0.7767 / Grad Norm: 3.9074 / Grad Diff: 1696.6922 / Time: 6.25s
======================================================================================================

= Test = round: 30 / acc: 76.040% / loss: 0.7311 / Time: 0.51s
======================================================================================================

round 30 local learning rate = 0.00016666666666666666

>>> Round:   31 / Acc: 74.851% / Loss: 0.7686 / Grad Norm: 3.8754 / Grad Diff: 1691.9854 / Time: 6.32s
======================================================================================================

round 31 local learning rate = 0.00016129032258064516

>>> Round:   32 / Acc: 75.085% / Loss: 0.7612 / Grad Norm: 3.8925 / Grad Diff: 1686.5287 / Time: 6.43s
======================================================================================================

round 32 local learning rate = 0.00015625

>>> Round:   33 / Acc: 75.351% / Loss: 0.7540 / Grad Norm: 3.8109 / Grad Diff: 1683.6485 / Time: 6.47s
======================================================================================================

round 33 local learning rate = 0.00015151515151515152

>>> Round:   34 / Acc: 75.581% / Loss: 0.7471 / Grad Norm: 3.7461 / Grad Diff: 1676.8159 / Time: 6.53s
======================================================================================================

round 34 local learning rate = 0.00014705882352941178

>>> Round:   35 / Acc: 75.814% / Loss: 0.7404 / Grad Norm: 3.6663 / Grad Diff: 1673.8382 / Time: 6.34s
======================================================================================================

= Test = round: 35 / acc: 77.240% / loss: 0.6955 / Time: 0.52s
======================================================================================================

round 35 local learning rate = 0.00014285714285714287

>>> Round:   36 / Acc: 76.050% / Loss: 0.7339 / Grad Norm: 3.5783 / Grad Diff: 1667.4916 / Time: 6.27s
======================================================================================================

round 36 local learning rate = 0.0001388888888888889

>>> Round:   37 / Acc: 76.284% / Loss: 0.7279 / Grad Norm: 3.5707 / Grad Diff: 1663.2155 / Time: 6.21s
======================================================================================================

round 37 local learning rate = 0.00013513513513513514

>>> Round:   38 / Acc: 76.531% / Loss: 0.7221 / Grad Norm: 3.5514 / Grad Diff: 1658.8936 / Time: 6.38s
======================================================================================================

round 38 local learning rate = 0.00013157894736842105

>>> Round:   39 / Acc: 76.718% / Loss: 0.7165 / Grad Norm: 3.4847 / Grad Diff: 1653.2565 / Time: 6.46s
======================================================================================================

round 39 local learning rate = 0.0001282051282051282

>>> Round:   40 / Acc: 76.882% / Loss: 0.7113 / Grad Norm: 3.5079 / Grad Diff: 1651.0433 / Time: 6.44s
======================================================================================================

= Test = round: 40 / acc: 78.160% / loss: 0.6673 / Time: 0.52s
======================================================================================================

round 40 local learning rate = 0.000125

>>> Round:   41 / Acc: 77.042% / Loss: 0.7061 / Grad Norm: 3.4395 / Grad Diff: 1646.8529 / Time: 6.45s
======================================================================================================

round 41 local learning rate = 0.00012195121951219512

>>> Round:   42 / Acc: 77.216% / Loss: 0.7010 / Grad Norm: 3.3674 / Grad Diff: 1642.3996 / Time: 6.33s
======================================================================================================

round 42 local learning rate = 0.00011904761904761905

>>> Round:   43 / Acc: 77.363% / Loss: 0.6963 / Grad Norm: 3.3380 / Grad Diff: 1638.2675 / Time: 7.50s
======================================================================================================

round 43 local learning rate = 0.00011627906976744187

>>> Round:   44 / Acc: 77.528% / Loss: 0.6917 / Grad Norm: 3.3466 / Grad Diff: 1635.7985 / Time: 8.27s
======================================================================================================

round 44 local learning rate = 0.00011363636363636364

>>> Round:   45 / Acc: 77.657% / Loss: 0.6872 / Grad Norm: 3.3118 / Grad Diff: 1631.0725 / Time: 6.37s
======================================================================================================

= Test = round: 45 / acc: 78.960% / loss: 0.6439 / Time: 0.49s
======================================================================================================

round 45 local learning rate = 0.00011111111111111112

>>> Round:   46 / Acc: 77.828% / Loss: 0.6827 / Grad Norm: 3.2682 / Grad Diff: 1625.1400 / Time: 6.36s
======================================================================================================

round 46 local learning rate = 0.00010869565217391305

>>> Round:   47 / Acc: 77.976% / Loss: 0.6784 / Grad Norm: 3.2169 / Grad Diff: 1619.8209 / Time: 6.53s
======================================================================================================

round 47 local learning rate = 0.00010638297872340425

>>> Round:   48 / Acc: 78.111% / Loss: 0.6743 / Grad Norm: 3.2133 / Grad Diff: 1615.3837 / Time: 6.46s
======================================================================================================

round 48 local learning rate = 0.00010416666666666667

>>> Round:   49 / Acc: 78.249% / Loss: 0.6702 / Grad Norm: 3.1500 / Grad Diff: 1610.5183 / Time: 6.44s
======================================================================================================

round 49 local learning rate = 0.00010204081632653062

>>> Round:   50 / Acc: 78.358% / Loss: 0.6664 / Grad Norm: 3.1668 / Grad Diff: 1606.5254 / Time: 5.72s
======================================================================================================

= Test = round: 50 / acc: 79.530% / loss: 0.6235 / Time: 0.52s
======================================================================================================

round 50 local learning rate = 0.0001

>>> Round:   51 / Acc: 78.480% / Loss: 0.6626 / Grad Norm: 3.1384 / Grad Diff: 1602.4783 / Time: 6.19s
======================================================================================================

round 51 local learning rate = 9.80392156862745e-05

>>> Round:   52 / Acc: 78.576% / Loss: 0.6590 / Grad Norm: 3.1360 / Grad Diff: 1598.8021 / Time: 6.35s
======================================================================================================

round 52 local learning rate = 9.615384615384615e-05

>>> Round:   53 / Acc: 78.712% / Loss: 0.6554 / Grad Norm: 3.0670 / Grad Diff: 1593.3612 / Time: 6.46s
======================================================================================================

round 53 local learning rate = 9.433962264150943e-05

>>> Round:   54 / Acc: 78.810% / Loss: 0.6519 / Grad Norm: 3.0375 / Grad Diff: 1590.0758 / Time: 6.41s
======================================================================================================

round 54 local learning rate = 9.259259259259259e-05

>>> Round:   55 / Acc: 78.935% / Loss: 0.6486 / Grad Norm: 3.0788 / Grad Diff: 1585.4263 / Time: 6.42s
======================================================================================================

= Test = round: 55 / acc: 80.040% / loss: 0.6064 / Time: 0.51s
======================================================================================================

round 55 local learning rate = 9.090909090909092e-05

>>> Round:   56 / Acc: 79.054% / Loss: 0.6454 / Grad Norm: 3.0855 / Grad Diff: 1581.5295 / Time: 6.31s
======================================================================================================

round 56 local learning rate = 8.928571428571429e-05

>>> Round:   57 / Acc: 79.166% / Loss: 0.6421 / Grad Norm: 3.0337 / Grad Diff: 1578.0476 / Time: 6.81s
======================================================================================================

round 57 local learning rate = 8.771929824561404e-05

>>> Round:   58 / Acc: 79.262% / Loss: 0.6390 / Grad Norm: 2.9960 / Grad Diff: 1573.6851 / Time: 7.84s
======================================================================================================

round 58 local learning rate = 8.620689655172414e-05

>>> Round:   59 / Acc: 79.387% / Loss: 0.6358 / Grad Norm: 2.9359 / Grad Diff: 1568.5812 / Time: 6.29s
======================================================================================================

round 59 local learning rate = 8.474576271186441e-05

>>> Round:   60 / Acc: 79.470% / Loss: 0.6328 / Grad Norm: 2.9098 / Grad Diff: 1563.7741 / Time: 6.33s
======================================================================================================

= Test = round: 60 / acc: 80.740% / loss: 0.5909 / Time: 0.54s
======================================================================================================

round 60 local learning rate = 8.333333333333333e-05

>>> Round:   61 / Acc: 79.574% / Loss: 0.6299 / Grad Norm: 2.9179 / Grad Diff: 1560.3364 / Time: 6.94s
======================================================================================================

round 61 local learning rate = 8.19672131147541e-05

>>> Round:   62 / Acc: 79.648% / Loss: 0.6271 / Grad Norm: 2.9182 / Grad Diff: 1556.3170 / Time: 7.76s
======================================================================================================

round 62 local learning rate = 8.064516129032258e-05

>>> Round:   63 / Acc: 79.753% / Loss: 0.6244 / Grad Norm: 2.9284 / Grad Diff: 1552.8234 / Time: 6.97s
======================================================================================================

round 63 local learning rate = 7.936507936507937e-05

>>> Round:   64 / Acc: 79.845% / Loss: 0.6217 / Grad Norm: 2.8866 / Grad Diff: 1549.1991 / Time: 6.57s
======================================================================================================

round 64 local learning rate = 7.8125e-05

>>> Round:   65 / Acc: 79.928% / Loss: 0.6190 / Grad Norm: 2.8472 / Grad Diff: 1545.1540 / Time: 6.34s
======================================================================================================

= Test = round: 65 / acc: 81.140% / loss: 0.5775 / Time: 0.52s
======================================================================================================

round 65 local learning rate = 7.692307692307693e-05

>>> Round:   66 / Acc: 80.083% / Loss: 0.6165 / Grad Norm: 2.8638 / Grad Diff: 1541.0228 / Time: 6.31s
======================================================================================================

round 66 local learning rate = 7.575757575757576e-05

>>> Round:   67 / Acc: 80.186% / Loss: 0.6139 / Grad Norm: 2.8470 / Grad Diff: 1537.1827 / Time: 6.55s
======================================================================================================

round 67 local learning rate = 7.462686567164179e-05

>>> Round:   68 / Acc: 80.260% / Loss: 0.6115 / Grad Norm: 2.8386 / Grad Diff: 1532.6502 / Time: 6.62s
======================================================================================================

round 68 local learning rate = 7.352941176470589e-05

>>> Round:   69 / Acc: 80.349% / Loss: 0.6091 / Grad Norm: 2.8556 / Grad Diff: 1529.5880 / Time: 6.51s
======================================================================================================

round 69 local learning rate = 7.246376811594203e-05

>>> Round:   70 / Acc: 80.452% / Loss: 0.6066 / Grad Norm: 2.7731 / Grad Diff: 1525.0992 / Time: 6.55s
======================================================================================================

= Test = round: 70 / acc: 81.550% / loss: 0.5653 / Time: 0.58s
======================================================================================================

round 70 local learning rate = 7.142857142857143e-05

>>> Round:   71 / Acc: 80.550% / Loss: 0.6043 / Grad Norm: 2.7992 / Grad Diff: 1520.7773 / Time: 6.22s
======================================================================================================

round 71 local learning rate = 7.042253521126761e-05

>>> Round:   72 / Acc: 80.638% / Loss: 0.6019 / Grad Norm: 2.7547 / Grad Diff: 1516.5504 / Time: 6.33s
======================================================================================================

round 72 local learning rate = 6.944444444444444e-05

>>> Round:   73 / Acc: 80.708% / Loss: 0.5998 / Grad Norm: 2.7788 / Grad Diff: 1513.2389 / Time: 6.33s
======================================================================================================

round 73 local learning rate = 6.84931506849315e-05

>>> Round:   74 / Acc: 80.790% / Loss: 0.5975 / Grad Norm: 2.7534 / Grad Diff: 1509.2824 / Time: 6.23s
======================================================================================================

round 74 local learning rate = 6.756756756756757e-05

>>> Round:   75 / Acc: 80.863% / Loss: 0.5953 / Grad Norm: 2.7252 / Grad Diff: 1504.7127 / Time: 6.52s
======================================================================================================

= Test = round: 75 / acc: 81.870% / loss: 0.5541 / Time: 0.52s
======================================================================================================

round 75 local learning rate = 6.666666666666667e-05

>>> Round:   76 / Acc: 80.935% / Loss: 0.5932 / Grad Norm: 2.6966 / Grad Diff: 1499.3640 / Time: 6.38s
======================================================================================================

round 76 local learning rate = 6.578947368421052e-05

>>> Round:   77 / Acc: 81.011% / Loss: 0.5910 / Grad Norm: 2.6974 / Grad Diff: 1495.6265 / Time: 6.09s
======================================================================================================

round 77 local learning rate = 6.493506493506494e-05

>>> Round:   78 / Acc: 81.096% / Loss: 0.5889 / Grad Norm: 2.6467 / Grad Diff: 1491.2795 / Time: 6.40s
======================================================================================================

round 78 local learning rate = 6.41025641025641e-05

>>> Round:   79 / Acc: 81.146% / Loss: 0.5870 / Grad Norm: 2.6964 / Grad Diff: 1488.7079 / Time: 6.02s
======================================================================================================

round 79 local learning rate = 6.329113924050633e-05

>>> Round:   80 / Acc: 81.207% / Loss: 0.5850 / Grad Norm: 2.6765 / Grad Diff: 1484.3271 / Time: 7.48s
======================================================================================================

= Test = round: 80 / acc: 82.220% / loss: 0.5441 / Time: 0.52s
======================================================================================================

round 80 local learning rate = 6.25e-05

>>> Round:   81 / Acc: 81.279% / Loss: 0.5829 / Grad Norm: 2.6009 / Grad Diff: 1479.6116 / Time: 6.52s
======================================================================================================

round 81 local learning rate = 6.17283950617284e-05

>>> Round:   82 / Acc: 81.349% / Loss: 0.5809 / Grad Norm: 2.5784 / Grad Diff: 1475.0278 / Time: 6.42s
======================================================================================================

round 82 local learning rate = 6.097560975609756e-05

>>> Round:   83 / Acc: 81.415% / Loss: 0.5790 / Grad Norm: 2.5271 / Grad Diff: 1470.6735 / Time: 7.95s
======================================================================================================

round 83 local learning rate = 6.024096385542169e-05

>>> Round:   84 / Acc: 81.470% / Loss: 0.5772 / Grad Norm: 2.5442 / Grad Diff: 1467.8207 / Time: 5.67s
======================================================================================================

round 84 local learning rate = 5.9523809523809524e-05

>>> Round:   85 / Acc: 81.513% / Loss: 0.5755 / Grad Norm: 2.5951 / Grad Diff: 1466.0439 / Time: 6.23s
======================================================================================================

= Test = round: 85 / acc: 82.550% / loss: 0.5349 / Time: 0.53s
======================================================================================================

round 85 local learning rate = 5.882352941176471e-05

>>> Round:   86 / Acc: 81.590% / Loss: 0.5736 / Grad Norm: 2.5548 / Grad Diff: 1461.1964 / Time: 6.38s
======================================================================================================

round 86 local learning rate = 5.8139534883720933e-05

>>> Round:   87 / Acc: 81.640% / Loss: 0.5719 / Grad Norm: 2.5657 / Grad Diff: 1458.1669 / Time: 6.46s
======================================================================================================

round 87 local learning rate = 5.747126436781609e-05

>>> Round:   88 / Acc: 81.703% / Loss: 0.5702 / Grad Norm: 2.5886 / Grad Diff: 1455.3726 / Time: 6.46s
======================================================================================================

round 88 local learning rate = 5.681818181818182e-05

>>> Round:   89 / Acc: 81.766% / Loss: 0.5685 / Grad Norm: 2.5607 / Grad Diff: 1451.4862 / Time: 6.08s
======================================================================================================

round 89 local learning rate = 5.617977528089888e-05

>>> Round:   90 / Acc: 81.828% / Loss: 0.5668 / Grad Norm: 2.5346 / Grad Diff: 1447.6797 / Time: 6.07s
======================================================================================================

= Test = round: 90 / acc: 82.790% / loss: 0.5266 / Time: 0.50s
======================================================================================================

round 90 local learning rate = 5.555555555555556e-05

>>> Round:   91 / Acc: 81.893% / Loss: 0.5651 / Grad Norm: 2.5132 / Grad Diff: 1443.3253 / Time: 6.49s
======================================================================================================

round 91 local learning rate = 5.4945054945054945e-05

>>> Round:   92 / Acc: 81.950% / Loss: 0.5634 / Grad Norm: 2.4554 / Grad Diff: 1438.4735 / Time: 6.36s
======================================================================================================

round 92 local learning rate = 5.4347826086956524e-05

>>> Round:   93 / Acc: 81.985% / Loss: 0.5618 / Grad Norm: 2.4897 / Grad Diff: 1435.4877 / Time: 6.35s
======================================================================================================

round 93 local learning rate = 5.3763440860215054e-05

>>> Round:   94 / Acc: 82.065% / Loss: 0.5603 / Grad Norm: 2.4665 / Grad Diff: 1432.2014 / Time: 6.35s
======================================================================================================

round 94 local learning rate = 5.319148936170213e-05

>>> Round:   95 / Acc: 82.100% / Loss: 0.5587 / Grad Norm: 2.4670 / Grad Diff: 1429.9162 / Time: 6.25s
======================================================================================================

= Test = round: 95 / acc: 83.070% / loss: 0.5189 / Time: 0.50s
======================================================================================================

round 95 local learning rate = 5.2631578947368424e-05

>>> Round:   96 / Acc: 82.122% / Loss: 0.5572 / Grad Norm: 2.4646 / Grad Diff: 1426.5678 / Time: 5.77s
======================================================================================================

round 96 local learning rate = 5.208333333333334e-05

>>> Round:   97 / Acc: 82.203% / Loss: 0.5556 / Grad Norm: 2.4227 / Grad Diff: 1421.5767 / Time: 6.12s
======================================================================================================

round 97 local learning rate = 5.154639175257732e-05

>>> Round:   98 / Acc: 82.255% / Loss: 0.5540 / Grad Norm: 2.4064 / Grad Diff: 1417.2477 / Time: 5.62s
======================================================================================================

round 98 local learning rate = 5.102040816326531e-05

>>> Round:   99 / Acc: 82.303% / Loss: 0.5526 / Grad Norm: 2.3894 / Grad Diff: 1413.6772 / Time: 6.20s
======================================================================================================

round 99 local learning rate = 5.0505050505050505e-05

>>> Round:  100 / Acc: 82.358% / Loss: 0.5511 / Grad Norm: 2.3680 / Grad Diff: 1410.0598 / Time: 6.14s
======================================================================================================

= Test = round: 100 / acc: 83.390% / loss: 0.5115 / Time: 0.51s
======================================================================================================

round 100 local learning rate = 5e-05

>>> Round:  101 / Acc: 82.382% / Loss: 0.5496 / Grad Norm: 2.3463 / Grad Diff: 1406.6743 / Time: 6.38s
======================================================================================================

round 101 local learning rate = 4.950495049504951e-05

>>> Round:  102 / Acc: 82.445% / Loss: 0.5482 / Grad Norm: 2.3201 / Grad Diff: 1402.5002 / Time: 6.28s
======================================================================================================

round 102 local learning rate = 4.901960784313725e-05

>>> Round:  103 / Acc: 82.483% / Loss: 0.5467 / Grad Norm: 2.2936 / Grad Diff: 1398.9842 / Time: 6.31s
======================================================================================================

round 103 local learning rate = 4.854368932038835e-05

>>> Round:  104 / Acc: 82.522% / Loss: 0.5454 / Grad Norm: 2.2781 / Grad Diff: 1395.4441 / Time: 6.27s
======================================================================================================

round 104 local learning rate = 4.807692307692308e-05

>>> Round:  105 / Acc: 82.568% / Loss: 0.5440 / Grad Norm: 2.2731 / Grad Diff: 1392.2504 / Time: 6.50s
======================================================================================================

= Test = round: 105 / acc: 83.590% / loss: 0.5046 / Time: 0.51s
======================================================================================================

round 105 local learning rate = 4.761904761904762e-05

>>> Round:  106 / Acc: 82.642% / Loss: 0.5427 / Grad Norm: 2.2742 / Grad Diff: 1388.6828 / Time: 6.33s
======================================================================================================

round 106 local learning rate = 4.7169811320754715e-05

>>> Round:  107 / Acc: 82.668% / Loss: 0.5414 / Grad Norm: 2.3178 / Grad Diff: 1387.0567 / Time: 6.29s
======================================================================================================

round 107 local learning rate = 4.672897196261682e-05

>>> Round:  108 / Acc: 82.701% / Loss: 0.5401 / Grad Norm: 2.2973 / Grad Diff: 1383.3891 / Time: 6.34s
======================================================================================================

round 108 local learning rate = 4.6296296296296294e-05

>>> Round:  109 / Acc: 82.766% / Loss: 0.5387 / Grad Norm: 2.2619 / Grad Diff: 1379.3636 / Time: 6.27s
======================================================================================================

round 109 local learning rate = 4.587155963302752e-05

>>> Round:  110 / Acc: 82.810% / Loss: 0.5376 / Grad Norm: 2.2979 / Grad Diff: 1377.7982 / Time: 6.32s
======================================================================================================

= Test = round: 110 / acc: 83.730% / loss: 0.4985 / Time: 0.53s
======================================================================================================

round 110 local learning rate = 4.545454545454546e-05

>>> Round:  111 / Acc: 82.830% / Loss: 0.5363 / Grad Norm: 2.2801 / Grad Diff: 1374.1497 / Time: 6.23s
======================================================================================================

round 111 local learning rate = 4.5045045045045046e-05

>>> Round:  112 / Acc: 82.880% / Loss: 0.5351 / Grad Norm: 2.3083 / Grad Diff: 1371.3432 / Time: 7.01s
======================================================================================================

round 112 local learning rate = 4.464285714285714e-05

>>> Round:  113 / Acc: 82.917% / Loss: 0.5338 / Grad Norm: 2.2792 / Grad Diff: 1367.9467 / Time: 6.27s
======================================================================================================

round 113 local learning rate = 4.424778761061947e-05

>>> Round:  114 / Acc: 82.961% / Loss: 0.5326 / Grad Norm: 2.2558 / Grad Diff: 1365.0634 / Time: 6.34s
======================================================================================================

round 114 local learning rate = 4.385964912280702e-05

>>> Round:  115 / Acc: 83.017% / Loss: 0.5314 / Grad Norm: 2.2366 / Grad Diff: 1361.7023 / Time: 6.37s
======================================================================================================

= Test = round: 115 / acc: 83.930% / loss: 0.4926 / Time: 0.52s
======================================================================================================

round 115 local learning rate = 4.347826086956522e-05

>>> Round:  116 / Acc: 83.066% / Loss: 0.5302 / Grad Norm: 2.2239 / Grad Diff: 1358.6146 / Time: 5.98s
======================================================================================================

round 116 local learning rate = 4.310344827586207e-05

>>> Round:  117 / Acc: 83.103% / Loss: 0.5291 / Grad Norm: 2.2220 / Grad Diff: 1356.1521 / Time: 5.88s
======================================================================================================

round 117 local learning rate = 4.2735042735042735e-05

>>> Round:  118 / Acc: 83.122% / Loss: 0.5279 / Grad Norm: 2.2270 / Grad Diff: 1353.4915 / Time: 6.35s
======================================================================================================

round 118 local learning rate = 4.2372881355932206e-05

>>> Round:  119 / Acc: 83.162% / Loss: 0.5268 / Grad Norm: 2.2106 / Grad Diff: 1349.7135 / Time: 6.26s
======================================================================================================

round 119 local learning rate = 4.201680672268908e-05

>>> Round:  120 / Acc: 83.214% / Loss: 0.5256 / Grad Norm: 2.1895 / Grad Diff: 1346.8212 / Time: 6.24s
======================================================================================================

= Test = round: 120 / acc: 84.120% / loss: 0.4872 / Time: 0.50s
======================================================================================================

round 120 local learning rate = 4.1666666666666665e-05

>>> Round:  121 / Acc: 83.232% / Loss: 0.5245 / Grad Norm: 2.2064 / Grad Diff: 1344.2838 / Time: 6.59s
======================================================================================================

round 121 local learning rate = 4.132231404958678e-05

>>> Round:  122 / Acc: 83.266% / Loss: 0.5234 / Grad Norm: 2.1720 / Grad Diff: 1340.6767 / Time: 6.78s
======================================================================================================

round 122 local learning rate = 4.098360655737705e-05

>>> Round:  123 / Acc: 83.306% / Loss: 0.5223 / Grad Norm: 2.1490 / Grad Diff: 1337.6008 / Time: 6.36s
======================================================================================================

round 123 local learning rate = 4.065040650406504e-05

>>> Round:  124 / Acc: 83.334% / Loss: 0.5212 / Grad Norm: 2.1385 / Grad Diff: 1334.4106 / Time: 6.32s
======================================================================================================

round 124 local learning rate = 4.032258064516129e-05

>>> Round:  125 / Acc: 83.380% / Loss: 0.5202 / Grad Norm: 2.1515 / Grad Diff: 1332.3040 / Time: 6.25s
======================================================================================================

= Test = round: 125 / acc: 84.290% / loss: 0.4819 / Time: 0.49s
======================================================================================================

round 125 local learning rate = 4e-05

>>> Round:  126 / Acc: 83.410% / Loss: 0.5193 / Grad Norm: 2.2156 / Grad Diff: 1331.3748 / Time: 6.33s
======================================================================================================

round 126 local learning rate = 3.968253968253968e-05

>>> Round:  127 / Acc: 83.446% / Loss: 0.5182 / Grad Norm: 2.2064 / Grad Diff: 1328.2357 / Time: 6.36s
======================================================================================================

round 127 local learning rate = 3.937007874015748e-05

>>> Round:  128 / Acc: 83.458% / Loss: 0.5172 / Grad Norm: 2.2106 / Grad Diff: 1325.6821 / Time: 6.33s
======================================================================================================

round 128 local learning rate = 3.90625e-05

>>> Round:  129 / Acc: 83.504% / Loss: 0.5161 / Grad Norm: 2.1679 / Grad Diff: 1322.1065 / Time: 6.49s
======================================================================================================

round 129 local learning rate = 3.875968992248062e-05

>>> Round:  130 / Acc: 83.541% / Loss: 0.5151 / Grad Norm: 2.1594 / Grad Diff: 1319.2189 / Time: 6.38s
======================================================================================================

= Test = round: 130 / acc: 84.480% / loss: 0.4770 / Time: 0.50s
======================================================================================================

round 130 local learning rate = 3.846153846153846e-05

>>> Round:  131 / Acc: 83.574% / Loss: 0.5141 / Grad Norm: 2.1192 / Grad Diff: 1315.2833 / Time: 6.32s
======================================================================================================

round 131 local learning rate = 3.816793893129771e-05

>>> Round:  132 / Acc: 83.601% / Loss: 0.5131 / Grad Norm: 2.1159 / Grad Diff: 1312.8448 / Time: 6.39s
======================================================================================================

round 132 local learning rate = 3.787878787878788e-05

>>> Round:  133 / Acc: 83.616% / Loss: 0.5121 / Grad Norm: 2.1144 / Grad Diff: 1309.8613 / Time: 6.49s
======================================================================================================

round 133 local learning rate = 3.759398496240601e-05

>>> Round:  134 / Acc: 83.648% / Loss: 0.5112 / Grad Norm: 2.0894 / Grad Diff: 1306.6678 / Time: 6.67s
======================================================================================================

round 134 local learning rate = 3.7313432835820896e-05

>>> Round:  135 / Acc: 83.694% / Loss: 0.5103 / Grad Norm: 2.1164 / Grad Diff: 1305.2852 / Time: 6.55s
======================================================================================================

= Test = round: 135 / acc: 84.630% / loss: 0.4724 / Time: 0.51s
======================================================================================================

round 135 local learning rate = 3.7037037037037037e-05

>>> Round:  136 / Acc: 83.708% / Loss: 0.5093 / Grad Norm: 2.0878 / Grad Diff: 1302.0161 / Time: 5.68s
======================================================================================================

round 136 local learning rate = 3.6764705882352945e-05

>>> Round:  137 / Acc: 83.755% / Loss: 0.5084 / Grad Norm: 2.0932 / Grad Diff: 1299.5780 / Time: 5.78s
======================================================================================================

round 137 local learning rate = 3.649635036496351e-05

>>> Round:  138 / Acc: 83.775% / Loss: 0.5075 / Grad Norm: 2.1087 / Grad Diff: 1297.7484 / Time: 6.36s
======================================================================================================

round 138 local learning rate = 3.6231884057971014e-05

>>> Round:  139 / Acc: 83.804% / Loss: 0.5066 / Grad Norm: 2.1037 / Grad Diff: 1295.4746 / Time: 6.21s
======================================================================================================

round 139 local learning rate = 3.597122302158273e-05

>>> Round:  140 / Acc: 83.836% / Loss: 0.5057 / Grad Norm: 2.1188 / Grad Diff: 1293.1115 / Time: 7.43s
======================================================================================================

= Test = round: 140 / acc: 84.850% / loss: 0.4682 / Time: 0.56s
======================================================================================================

round 140 local learning rate = 3.571428571428572e-05

>>> Round:  141 / Acc: 83.865% / Loss: 0.5048 / Grad Norm: 2.1083 / Grad Diff: 1290.7344 / Time: 6.88s
======================================================================================================

round 141 local learning rate = 3.546099290780142e-05

>>> Round:  142 / Acc: 83.904% / Loss: 0.5039 / Grad Norm: 2.0579 / Grad Diff: 1287.2788 / Time: 6.35s
======================================================================================================

round 142 local learning rate = 3.5211267605633805e-05

>>> Round:  143 / Acc: 83.956% / Loss: 0.5030 / Grad Norm: 2.0281 / Grad Diff: 1284.0689 / Time: 6.32s
======================================================================================================

round 143 local learning rate = 3.4965034965034965e-05

>>> Round:  144 / Acc: 83.978% / Loss: 0.5021 / Grad Norm: 2.0310 / Grad Diff: 1282.1086 / Time: 5.63s
======================================================================================================

round 144 local learning rate = 3.472222222222222e-05

>>> Round:  145 / Acc: 84.007% / Loss: 0.5013 / Grad Norm: 2.0076 / Grad Diff: 1278.9761 / Time: 6.51s
======================================================================================================

= Test = round: 145 / acc: 84.960% / loss: 0.4639 / Time: 0.50s
======================================================================================================

round 145 local learning rate = 3.4482758620689657e-05

>>> Round:  146 / Acc: 84.050% / Loss: 0.5004 / Grad Norm: 2.0129 / Grad Diff: 1276.9144 / Time: 6.21s
======================================================================================================

round 146 local learning rate = 3.424657534246575e-05

>>> Round:  147 / Acc: 84.076% / Loss: 0.4996 / Grad Norm: 2.0016 / Grad Diff: 1274.5666 / Time: 6.21s
======================================================================================================

round 147 local learning rate = 3.401360544217687e-05

>>> Round:  148 / Acc: 84.096% / Loss: 0.4988 / Grad Norm: 2.0094 / Grad Diff: 1272.2860 / Time: 6.23s
======================================================================================================

round 148 local learning rate = 3.3783783783783784e-05

>>> Round:  149 / Acc: 84.120% / Loss: 0.4980 / Grad Norm: 2.0256 / Grad Diff: 1270.5567 / Time: 6.21s
======================================================================================================

round 149 local learning rate = 3.3557046979865775e-05

>>> Round:  150 / Acc: 84.164% / Loss: 0.4971 / Grad Norm: 2.0023 / Grad Diff: 1267.9952 / Time: 6.25s
======================================================================================================

= Test = round: 150 / acc: 85.120% / loss: 0.4600 / Time: 0.49s
======================================================================================================

round 150 local learning rate = 3.3333333333333335e-05

>>> Round:  151 / Acc: 84.183% / Loss: 0.4963 / Grad Norm: 1.9838 / Grad Diff: 1265.3110 / Time: 7.17s
======================================================================================================

round 151 local learning rate = 3.3112582781456954e-05

>>> Round:  152 / Acc: 84.207% / Loss: 0.4955 / Grad Norm: 1.9794 / Grad Diff: 1263.2331 / Time: 6.11s
======================================================================================================

round 152 local learning rate = 3.289473684210526e-05

>>> Round:  153 / Acc: 84.231% / Loss: 0.4947 / Grad Norm: 1.9543 / Grad Diff: 1260.2434 / Time: 6.17s
======================================================================================================

round 153 local learning rate = 3.2679738562091506e-05

>>> Round:  154 / Acc: 84.266% / Loss: 0.4940 / Grad Norm: 1.9827 / Grad Diff: 1258.8822 / Time: 6.19s
======================================================================================================

round 154 local learning rate = 3.246753246753247e-05

>>> Round:  155 / Acc: 84.288% / Loss: 0.4932 / Grad Norm: 1.9799 / Grad Diff: 1256.4444 / Time: 6.15s
======================================================================================================

= Test = round: 155 / acc: 85.220% / loss: 0.4562 / Time: 0.49s
======================================================================================================

round 155 local learning rate = 3.2258064516129034e-05

>>> Round:  156 / Acc: 84.334% / Loss: 0.4924 / Grad Norm: 1.9712 / Grad Diff: 1253.9618 / Time: 5.63s
======================================================================================================

round 156 local learning rate = 3.205128205128205e-05

>>> Round:  157 / Acc: 84.360% / Loss: 0.4917 / Grad Norm: 1.9684 / Grad Diff: 1252.2676 / Time: 6.20s
======================================================================================================

round 157 local learning rate = 3.184713375796179e-05

>>> Round:  158 / Acc: 84.389% / Loss: 0.4909 / Grad Norm: 1.9812 / Grad Diff: 1250.4134 / Time: 6.51s
======================================================================================================

round 158 local learning rate = 3.1645569620253167e-05

>>> Round:  159 / Acc: 84.404% / Loss: 0.4902 / Grad Norm: 1.9551 / Grad Diff: 1247.4146 / Time: 6.41s
======================================================================================================

round 159 local learning rate = 3.144654088050314e-05

>>> Round:  160 / Acc: 84.434% / Loss: 0.4894 / Grad Norm: 1.9369 / Grad Diff: 1244.5951 / Time: 6.22s
======================================================================================================

= Test = round: 160 / acc: 85.340% / loss: 0.4527 / Time: 0.49s
======================================================================================================

round 160 local learning rate = 3.125e-05

>>> Round:  161 / Acc: 84.443% / Loss: 0.4887 / Grad Norm: 1.9464 / Grad Diff: 1242.5166 / Time: 6.14s
======================================================================================================

round 161 local learning rate = 3.1055900621118014e-05

>>> Round:  162 / Acc: 84.465% / Loss: 0.4880 / Grad Norm: 1.9429 / Grad Diff: 1240.3089 / Time: 6.14s
======================================================================================================

round 162 local learning rate = 3.08641975308642e-05

>>> Round:  163 / Acc: 84.487% / Loss: 0.4872 / Grad Norm: 1.9452 / Grad Diff: 1238.1314 / Time: 6.22s
======================================================================================================

round 163 local learning rate = 3.067484662576687e-05

>>> Round:  164 / Acc: 84.507% / Loss: 0.4865 / Grad Norm: 1.9400 / Grad Diff: 1236.2592 / Time: 6.31s
======================================================================================================

round 164 local learning rate = 3.048780487804878e-05

>>> Round:  165 / Acc: 84.526% / Loss: 0.4858 / Grad Norm: 1.9273 / Grad Diff: 1234.3369 / Time: 6.56s
======================================================================================================

= Test = round: 165 / acc: 85.390% / loss: 0.4493 / Time: 0.54s
======================================================================================================

round 165 local learning rate = 3.0303030303030302e-05

>>> Round:  166 / Acc: 84.555% / Loss: 0.4852 / Grad Norm: 1.9543 / Grad Diff: 1232.9965 / Time: 6.29s
======================================================================================================

round 166 local learning rate = 3.0120481927710845e-05

>>> Round:  167 / Acc: 84.574% / Loss: 0.4845 / Grad Norm: 1.9567 / Grad Diff: 1230.9060 / Time: 6.43s
======================================================================================================

round 167 local learning rate = 2.994011976047904e-05

>>> Round:  168 / Acc: 84.596% / Loss: 0.4838 / Grad Norm: 1.9349 / Grad Diff: 1228.6690 / Time: 6.47s
======================================================================================================

round 168 local learning rate = 2.9761904761904762e-05

>>> Round:  169 / Acc: 84.637% / Loss: 0.4831 / Grad Norm: 1.9412 / Grad Diff: 1226.6445 / Time: 6.12s
======================================================================================================

round 169 local learning rate = 2.9585798816568047e-05

>>> Round:  170 / Acc: 84.633% / Loss: 0.4824 / Grad Norm: 1.9305 / Grad Diff: 1224.7343 / Time: 6.23s
======================================================================================================

= Test = round: 170 / acc: 85.490% / loss: 0.4461 / Time: 0.51s
======================================================================================================

round 170 local learning rate = 2.9411764705882354e-05

>>> Round:  171 / Acc: 84.662% / Loss: 0.4818 / Grad Norm: 1.9580 / Grad Diff: 1223.2448 / Time: 6.18s
======================================================================================================

round 171 local learning rate = 2.9239766081871346e-05

>>> Round:  172 / Acc: 84.688% / Loss: 0.4811 / Grad Norm: 1.9048 / Grad Diff: 1220.0165 / Time: 7.41s
======================================================================================================

round 172 local learning rate = 2.9069767441860467e-05

>>> Round:  173 / Acc: 84.718% / Loss: 0.4804 / Grad Norm: 1.8847 / Grad Diff: 1217.4257 / Time: 6.48s
======================================================================================================

round 173 local learning rate = 2.8901734104046242e-05

>>> Round:  174 / Acc: 84.734% / Loss: 0.4797 / Grad Norm: 1.8749 / Grad Diff: 1215.2694 / Time: 7.57s
======================================================================================================

round 174 local learning rate = 2.8735632183908045e-05

>>> Round:  175 / Acc: 84.758% / Loss: 0.4790 / Grad Norm: 1.8372 / Grad Diff: 1212.2841 / Time: 6.43s
======================================================================================================

= Test = round: 175 / acc: 85.600% / loss: 0.4429 / Time: 0.51s
======================================================================================================

round 175 local learning rate = 2.857142857142857e-05

>>> Round:  176 / Acc: 84.777% / Loss: 0.4784 / Grad Norm: 1.8667 / Grad Diff: 1211.0062 / Time: 6.18s
======================================================================================================

round 176 local learning rate = 2.840909090909091e-05

>>> Round:  177 / Acc: 84.793% / Loss: 0.4778 / Grad Norm: 1.8515 / Grad Diff: 1208.6193 / Time: 6.42s
======================================================================================================

round 177 local learning rate = 2.824858757062147e-05

>>> Round:  178 / Acc: 84.814% / Loss: 0.4771 / Grad Norm: 1.8491 / Grad Diff: 1206.5796 / Time: 6.21s
======================================================================================================

round 178 local learning rate = 2.808988764044944e-05

>>> Round:  179 / Acc: 84.819% / Loss: 0.4765 / Grad Norm: 1.8537 / Grad Diff: 1204.9524 / Time: 6.15s
======================================================================================================

round 179 local learning rate = 2.793296089385475e-05

>>> Round:  180 / Acc: 84.843% / Loss: 0.4759 / Grad Norm: 1.8668 / Grad Diff: 1203.4066 / Time: 6.11s
======================================================================================================

= Test = round: 180 / acc: 85.720% / loss: 0.4398 / Time: 0.54s
======================================================================================================

round 180 local learning rate = 2.777777777777778e-05

>>> Round:  181 / Acc: 84.862% / Loss: 0.4753 / Grad Norm: 1.8392 / Grad Diff: 1200.8573 / Time: 6.28s
======================================================================================================

round 181 local learning rate = 2.7624309392265193e-05

>>> Round:  182 / Acc: 84.876% / Loss: 0.4747 / Grad Norm: 1.8311 / Grad Diff: 1198.8243 / Time: 6.24s
======================================================================================================

round 182 local learning rate = 2.7472527472527473e-05

>>> Round:  183 / Acc: 84.900% / Loss: 0.4741 / Grad Norm: 1.8381 / Grad Diff: 1197.3377 / Time: 6.20s
======================================================================================================

round 183 local learning rate = 2.73224043715847e-05

>>> Round:  184 / Acc: 84.928% / Loss: 0.4735 / Grad Norm: 1.8206 / Grad Diff: 1195.3414 / Time: 6.11s
======================================================================================================

round 184 local learning rate = 2.7173913043478262e-05

>>> Round:  185 / Acc: 84.969% / Loss: 0.4729 / Grad Norm: 1.8114 / Grad Diff: 1193.5201 / Time: 6.26s
======================================================================================================

= Test = round: 185 / acc: 85.790% / loss: 0.4371 / Time: 0.67s
======================================================================================================

round 185 local learning rate = 2.7027027027027027e-05

>>> Round:  186 / Acc: 84.980% / Loss: 0.4723 / Grad Norm: 1.7988 / Grad Diff: 1191.6655 / Time: 8.20s
======================================================================================================

round 186 local learning rate = 2.6881720430107527e-05

>>> Round:  187 / Acc: 85.006% / Loss: 0.4717 / Grad Norm: 1.7979 / Grad Diff: 1189.9565 / Time: 7.43s
======================================================================================================

round 187 local learning rate = 2.6737967914438505e-05

>>> Round:  188 / Acc: 85.031% / Loss: 0.4711 / Grad Norm: 1.7917 / Grad Diff: 1188.3364 / Time: 6.13s
======================================================================================================

round 188 local learning rate = 2.6595744680851064e-05

>>> Round:  189 / Acc: 85.037% / Loss: 0.4706 / Grad Norm: 1.8190 / Grad Diff: 1187.5484 / Time: 5.76s
======================================================================================================

round 189 local learning rate = 2.6455026455026456e-05

>>> Round:  190 / Acc: 85.061% / Loss: 0.4700 / Grad Norm: 1.8145 / Grad Diff: 1185.8109 / Time: 6.25s
======================================================================================================

= Test = round: 190 / acc: 85.880% / loss: 0.4343 / Time: 0.50s
======================================================================================================

round 190 local learning rate = 2.6315789473684212e-05

>>> Round:  191 / Acc: 85.081% / Loss: 0.4694 / Grad Norm: 1.7995 / Grad Diff: 1183.6459 / Time: 6.32s
======================================================================================================

round 191 local learning rate = 2.6178010471204188e-05

>>> Round:  192 / Acc: 85.109% / Loss: 0.4688 / Grad Norm: 1.7743 / Grad Diff: 1181.1747 / Time: 6.40s
======================================================================================================

round 192 local learning rate = 2.604166666666667e-05

>>> Round:  193 / Acc: 85.125% / Loss: 0.4683 / Grad Norm: 1.7689 / Grad Diff: 1179.4738 / Time: 6.30s
======================================================================================================

round 193 local learning rate = 2.5906735751295337e-05

>>> Round:  194 / Acc: 85.157% / Loss: 0.4677 / Grad Norm: 1.7403 / Grad Diff: 1176.8756 / Time: 6.19s
======================================================================================================

round 194 local learning rate = 2.577319587628866e-05

>>> Round:  195 / Acc: 85.170% / Loss: 0.4672 / Grad Norm: 1.7684 / Grad Diff: 1176.3023 / Time: 7.97s
======================================================================================================

= Test = round: 195 / acc: 85.990% / loss: 0.4316 / Time: 0.67s
======================================================================================================

round 195 local learning rate = 2.5641025641025643e-05

>>> Round:  196 / Acc: 85.205% / Loss: 0.4667 / Grad Norm: 1.7726 / Grad Diff: 1174.7150 / Time: 6.16s
======================================================================================================

round 196 local learning rate = 2.5510204081632654e-05

>>> Round:  197 / Acc: 85.210% / Loss: 0.4661 / Grad Norm: 1.7608 / Grad Diff: 1172.9211 / Time: 6.26s
======================================================================================================

round 197 local learning rate = 2.5380710659898476e-05

>>> Round:  198 / Acc: 85.227% / Loss: 0.4656 / Grad Norm: 1.7710 / Grad Diff: 1171.7103 / Time: 6.11s
======================================================================================================

round 198 local learning rate = 2.5252525252525253e-05

>>> Round:  199 / Acc: 85.232% / Loss: 0.4651 / Grad Norm: 1.7677 / Grad Diff: 1170.0286 / Time: 6.55s
======================================================================================================

round 199 local learning rate = 2.5125628140703518e-05

>>> Round:  200 / Acc: 85.255% / Loss: 0.4646 / Grad Norm: 1.7749 / Grad Diff: 1168.6692 / Time: 6.21s
======================================================================================================

= Test = round: 200 / acc: 86.140% / loss: 0.4292 / Time: 0.49s
======================================================================================================

