nohup: ignoring input
Using device: cuda:0
>>> Arguments:
	             algo : fedavgtl
	            alpha : 51871.0
	       batch_size : 32
	clients_per_round : 100
	          dataset : mnist_all_data_1_equal_niid
	           device : cuda:0
	              dis : 
	   early_stopping : 20
	       eval_every : 5
	    ft_batch_size : 128
	       ft_dataset : mnist-m
	        ft_epochs : 2
	            ft_lr : 0.01
	            ft_wd : 0.0
	              gpu : True
	      input_shape : (1, 28, 28)
	           last_k : 2
	               lr : 0.005
	            model : lenet
	           n_init : 5
	        noaverage : False
	          noprint : False
	        num_class : 10
	        num_epoch : 1
	        num_round : 200
	           opt_lr : False
	            reg_J : False
	       reg_J_coef : 0.0
	             seed : 0
	               wd : 0.0
>>> Read data from:
     ./data/mnist/data/all_data_1.pkl
>>> The estimate of constant alpha is 51871.0.
>>> Read data from:
     ./data/mnist/data/train/all_data_1_equal_niid.pkl
     ./data/mnist/data/test/all_data_1_equal_niid.pkl
>>> Use gpu on device cuda:0
>>> Model statistic per layer
LeNet_MNIST(
  286.12 KMac, 100.000% MACs, 
  (conv1): Conv2d(89.856 KMac, 31.405% MACs, 1, 6, kernel_size=(5, 5), stride=(1, 1))
  (conv2): Conv2d(154.624 KMac, 54.042% MACs, 6, 16, kernel_size=(5, 5), stride=(1, 1))
  (fc1): Linear(30.72 KMac, 10.737% MACs, in_features=256, out_features=120, bias=True)
  (fc2): Linear(10.08 KMac, 3.523% MACs, in_features=120, out_features=84, bias=True)
  (fc3): Linear(840.0 Mac, 0.294% MACs, in_features=84, out_features=10, bias=True)
)
>>> Activate a worker for training
>>> Initialize 100 clients in total
>>> Weigh updates by simple average
>>> Select 100 clients per round 


>>> Round:    0 / Acc: 8.380% / Loss: 9.9568 / Grad Norm: 135.8759 / Grad Diff: 31588.4458 / Time: 7.72s
======================================================================================================

= Test = round: 0 / acc: 8.240% / loss: 9.8975 / Time: 0.65s
======================================================================================================

round 0 local learning rate = 0.005

>>> Round:    1 / Acc: 12.507% / Loss: 2.4574 / Grad Norm: 5.9215 / Grad Diff: 353.4598 / Time: 7.78s
======================================================================================================

round 1 local learning rate = 0.005

>>> Round:    2 / Acc: 24.039% / Loss: 2.1468 / Grad Norm: 5.9474 / Grad Diff: 488.7569 / Time: 7.83s
======================================================================================================

round 2 local learning rate = 0.0025

>>> Round:    3 / Acc: 34.173% / Loss: 1.8802 / Grad Norm: 7.1152 / Grad Diff: 890.1245 / Time: 7.76s
======================================================================================================

round 3 local learning rate = 0.0016666666666666668

>>> Round:    4 / Acc: 42.185% / Loss: 1.6590 / Grad Norm: 7.6648 / Grad Diff: 1195.1150 / Time: 7.87s
======================================================================================================

round 4 local learning rate = 0.00125

>>> Round:    5 / Acc: 48.583% / Loss: 1.4852 / Grad Norm: 7.4946 / Grad Diff: 1382.7240 / Time: 7.61s
======================================================================================================

= Test = round: 5 / acc: 49.980% / loss: 1.4519 / Time: 0.64s
======================================================================================================

round 5 local learning rate = 0.001

>>> Round:    6 / Acc: 53.459% / Loss: 1.3550 / Grad Norm: 7.1628 / Grad Diff: 1498.0053 / Time: 7.68s
======================================================================================================

round 6 local learning rate = 0.0008333333333333334

>>> Round:    7 / Acc: 57.354% / Loss: 1.2521 / Grad Norm: 6.6164 / Grad Diff: 1570.3226 / Time: 7.58s
======================================================================================================

round 7 local learning rate = 0.0007142857142857143

>>> Round:    8 / Acc: 60.292% / Loss: 1.1725 / Grad Norm: 6.3944 / Grad Diff: 1626.2575 / Time: 7.60s
======================================================================================================

round 8 local learning rate = 0.000625

>>> Round:    9 / Acc: 62.841% / Loss: 1.1074 / Grad Norm: 6.0541 / Grad Diff: 1655.6500 / Time: 7.58s
======================================================================================================

round 9 local learning rate = 0.0005555555555555556

>>> Round:   10 / Acc: 64.852% / Loss: 1.0532 / Grad Norm: 5.6502 / Grad Diff: 1668.3813 / Time: 8.08s
======================================================================================================

= Test = round: 10 / acc: 65.440% / loss: 1.0227 / Time: 0.64s
======================================================================================================

round 10 local learning rate = 0.0005

>>> Round:   11 / Acc: 66.489% / Loss: 1.0082 / Grad Norm: 5.4407 / Grad Diff: 1676.8517 / Time: 7.69s
======================================================================================================

round 11 local learning rate = 0.00045454545454545455

>>> Round:   12 / Acc: 67.795% / Loss: 0.9703 / Grad Norm: 5.2735 / Grad Diff: 1688.5812 / Time: 7.92s
======================================================================================================

round 12 local learning rate = 0.0004166666666666667

>>> Round:   13 / Acc: 68.970% / Loss: 0.9371 / Grad Norm: 5.1528 / Grad Diff: 1696.5799 / Time: 7.89s
======================================================================================================

round 13 local learning rate = 0.0003846153846153846

>>> Round:   14 / Acc: 70.129% / Loss: 0.9077 / Grad Norm: 4.8710 / Grad Diff: 1693.9335 / Time: 8.05s
======================================================================================================

round 14 local learning rate = 0.00035714285714285714

>>> Round:   15 / Acc: 71.041% / Loss: 0.8819 / Grad Norm: 4.6600 / Grad Diff: 1689.0673 / Time: 7.95s
======================================================================================================

= Test = round: 15 / acc: 71.590% / loss: 0.8522 / Time: 0.63s
======================================================================================================

round 15 local learning rate = 0.0003333333333333333

>>> Round:   16 / Acc: 71.863% / Loss: 0.8592 / Grad Norm: 4.5926 / Grad Diff: 1684.3088 / Time: 7.99s
======================================================================================================

round 16 local learning rate = 0.0003125

>>> Round:   17 / Acc: 72.613% / Loss: 0.8383 / Grad Norm: 4.4509 / Grad Diff: 1685.2029 / Time: 9.54s
======================================================================================================

round 17 local learning rate = 0.00029411764705882356

>>> Round:   18 / Acc: 73.236% / Loss: 0.8204 / Grad Norm: 4.5428 / Grad Diff: 1688.4886 / Time: 7.86s
======================================================================================================

round 18 local learning rate = 0.0002777777777777778

>>> Round:   19 / Acc: 73.812% / Loss: 0.8033 / Grad Norm: 4.4530 / Grad Diff: 1687.6650 / Time: 7.74s
======================================================================================================

round 19 local learning rate = 0.0002631578947368421

>>> Round:   20 / Acc: 74.275% / Loss: 0.7880 / Grad Norm: 4.3721 / Grad Diff: 1683.7061 / Time: 7.47s
======================================================================================================

= Test = round: 20 / acc: 75.230% / loss: 0.7577 / Time: 0.66s
======================================================================================================

round 20 local learning rate = 0.00025

>>> Round:   21 / Acc: 74.821% / Loss: 0.7735 / Grad Norm: 4.2119 / Grad Diff: 1677.0007 / Time: 8.13s
======================================================================================================

round 21 local learning rate = 0.0002380952380952381

>>> Round:   22 / Acc: 75.218% / Loss: 0.7603 / Grad Norm: 4.1245 / Grad Diff: 1673.8583 / Time: 8.25s
======================================================================================================

round 22 local learning rate = 0.00022727272727272727

>>> Round:   23 / Acc: 75.614% / Loss: 0.7488 / Grad Norm: 4.1665 / Grad Diff: 1672.6337 / Time: 9.17s
======================================================================================================

round 23 local learning rate = 0.0002173913043478261

>>> Round:   24 / Acc: 76.065% / Loss: 0.7376 / Grad Norm: 4.1385 / Grad Diff: 1671.9546 / Time: 7.80s
======================================================================================================

round 24 local learning rate = 0.00020833333333333335

>>> Round:   25 / Acc: 76.448% / Loss: 0.7273 / Grad Norm: 4.1401 / Grad Diff: 1671.3527 / Time: 8.08s
======================================================================================================

= Test = round: 25 / acc: 77.420% / loss: 0.6961 / Time: 0.64s
======================================================================================================

round 25 local learning rate = 0.0002

>>> Round:   26 / Acc: 76.804% / Loss: 0.7172 / Grad Norm: 4.0230 / Grad Diff: 1664.9806 / Time: 7.80s
======================================================================================================

round 26 local learning rate = 0.0001923076923076923

>>> Round:   27 / Acc: 77.133% / Loss: 0.7077 / Grad Norm: 3.8561 / Grad Diff: 1658.5019 / Time: 7.84s
======================================================================================================

round 27 local learning rate = 0.00018518518518518518

>>> Round:   28 / Acc: 77.435% / Loss: 0.6993 / Grad Norm: 3.8345 / Grad Diff: 1657.7930 / Time: 7.52s
======================================================================================================

round 28 local learning rate = 0.00017857142857142857

>>> Round:   29 / Acc: 77.762% / Loss: 0.6911 / Grad Norm: 3.8288 / Grad Diff: 1656.0775 / Time: 7.89s
======================================================================================================

round 29 local learning rate = 0.0001724137931034483

>>> Round:   30 / Acc: 78.006% / Loss: 0.6837 / Grad Norm: 3.8470 / Grad Diff: 1651.9070 / Time: 7.90s
======================================================================================================

= Test = round: 30 / acc: 79.010% / loss: 0.6519 / Time: 0.64s
======================================================================================================

round 30 local learning rate = 0.00016666666666666666

>>> Round:   31 / Acc: 78.253% / Loss: 0.6762 / Grad Norm: 3.7426 / Grad Diff: 1645.3963 / Time: 7.81s
======================================================================================================

round 31 local learning rate = 0.00016129032258064516

>>> Round:   32 / Acc: 78.526% / Loss: 0.6693 / Grad Norm: 3.7625 / Grad Diff: 1642.6585 / Time: 7.77s
======================================================================================================

round 32 local learning rate = 0.00015625

>>> Round:   33 / Acc: 78.707% / Loss: 0.6626 / Grad Norm: 3.6530 / Grad Diff: 1638.0252 / Time: 7.65s
======================================================================================================

round 33 local learning rate = 0.00015151515151515152

>>> Round:   34 / Acc: 78.948% / Loss: 0.6563 / Grad Norm: 3.6540 / Grad Diff: 1634.1836 / Time: 7.57s
======================================================================================================

round 34 local learning rate = 0.00014705882352941178

>>> Round:   35 / Acc: 79.190% / Loss: 0.6501 / Grad Norm: 3.5437 / Grad Diff: 1627.9544 / Time: 7.78s
======================================================================================================

= Test = round: 35 / acc: 80.140% / loss: 0.6183 / Time: 0.62s
======================================================================================================

round 35 local learning rate = 0.00014285714285714287

>>> Round:   36 / Acc: 79.386% / Loss: 0.6445 / Grad Norm: 3.5948 / Grad Diff: 1624.5873 / Time: 7.10s
======================================================================================================

round 36 local learning rate = 0.0001388888888888889

>>> Round:   37 / Acc: 79.568% / Loss: 0.6390 / Grad Norm: 3.5385 / Grad Diff: 1621.0396 / Time: 7.31s
======================================================================================================

round 37 local learning rate = 0.00013513513513513514

>>> Round:   38 / Acc: 79.780% / Loss: 0.6338 / Grad Norm: 3.4842 / Grad Diff: 1617.1166 / Time: 9.47s
======================================================================================================

round 38 local learning rate = 0.00013157894736842105

>>> Round:   39 / Acc: 79.939% / Loss: 0.6293 / Grad Norm: 3.6505 / Grad Diff: 1617.8196 / Time: 7.29s
======================================================================================================

round 39 local learning rate = 0.0001282051282051282

>>> Round:   40 / Acc: 80.109% / Loss: 0.6243 / Grad Norm: 3.5238 / Grad Diff: 1611.5619 / Time: 7.76s
======================================================================================================

= Test = round: 40 / acc: 80.790% / loss: 0.5927 / Time: 0.66s
======================================================================================================

round 40 local learning rate = 0.000125

>>> Round:   41 / Acc: 80.223% / Loss: 0.6194 / Grad Norm: 3.3967 / Grad Diff: 1605.2197 / Time: 8.11s
======================================================================================================

round 41 local learning rate = 0.00012195121951219512

>>> Round:   42 / Acc: 80.384% / Loss: 0.6151 / Grad Norm: 3.4384 / Grad Diff: 1604.4622 / Time: 8.19s
======================================================================================================

round 42 local learning rate = 0.00011904761904761905

>>> Round:   43 / Acc: 80.526% / Loss: 0.6108 / Grad Norm: 3.3817 / Grad Diff: 1599.5186 / Time: 8.08s
======================================================================================================

round 43 local learning rate = 0.00011627906976744187

>>> Round:   44 / Acc: 80.668% / Loss: 0.6066 / Grad Norm: 3.3091 / Grad Diff: 1594.7544 / Time: 7.85s
======================================================================================================

round 44 local learning rate = 0.00011363636363636364

>>> Round:   45 / Acc: 80.803% / Loss: 0.6028 / Grad Norm: 3.3944 / Grad Diff: 1595.3213 / Time: 8.90s
======================================================================================================

= Test = round: 45 / acc: 81.480% / loss: 0.5712 / Time: 0.63s
======================================================================================================

round 45 local learning rate = 0.00011111111111111112

>>> Round:   46 / Acc: 80.895% / Loss: 0.5989 / Grad Norm: 3.2795 / Grad Diff: 1589.2438 / Time: 7.98s
======================================================================================================

round 46 local learning rate = 0.00010869565217391305

>>> Round:   47 / Acc: 81.015% / Loss: 0.5952 / Grad Norm: 3.2335 / Grad Diff: 1586.0355 / Time: 7.85s
======================================================================================================

round 47 local learning rate = 0.00010638297872340425

>>> Round:   48 / Acc: 81.127% / Loss: 0.5914 / Grad Norm: 3.1282 / Grad Diff: 1580.3927 / Time: 7.91s
======================================================================================================

round 48 local learning rate = 0.00010416666666666667

>>> Round:   49 / Acc: 81.251% / Loss: 0.5880 / Grad Norm: 3.1156 / Grad Diff: 1576.2523 / Time: 9.70s
======================================================================================================

round 49 local learning rate = 0.00010204081632653062

>>> Round:   50 / Acc: 81.397% / Loss: 0.5847 / Grad Norm: 3.0997 / Grad Diff: 1574.3249 / Time: 7.86s
======================================================================================================

= Test = round: 50 / acc: 82.040% / loss: 0.5529 / Time: 0.65s
======================================================================================================

round 50 local learning rate = 0.0001

>>> Round:   51 / Acc: 81.494% / Loss: 0.5815 / Grad Norm: 3.0991 / Grad Diff: 1571.9051 / Time: 8.12s
======================================================================================================

round 51 local learning rate = 9.80392156862745e-05

>>> Round:   52 / Acc: 81.572% / Loss: 0.5786 / Grad Norm: 3.1930 / Grad Diff: 1572.4034 / Time: 8.00s
======================================================================================================

round 52 local learning rate = 9.615384615384615e-05

>>> Round:   53 / Acc: 81.694% / Loss: 0.5756 / Grad Norm: 3.1762 / Grad Diff: 1569.2369 / Time: 7.91s
======================================================================================================

round 53 local learning rate = 9.433962264150943e-05

>>> Round:   54 / Acc: 81.815% / Loss: 0.5723 / Grad Norm: 3.0052 / Grad Diff: 1562.0901 / Time: 7.61s
======================================================================================================

round 54 local learning rate = 9.259259259259259e-05

>>> Round:   55 / Acc: 81.906% / Loss: 0.5696 / Grad Norm: 2.9927 / Grad Diff: 1557.4503 / Time: 8.91s
======================================================================================================

= Test = round: 55 / acc: 82.810% / loss: 0.5376 / Time: 0.64s
======================================================================================================

round 55 local learning rate = 9.090909090909092e-05

>>> Round:   56 / Acc: 82.030% / Loss: 0.5667 / Grad Norm: 2.9545 / Grad Diff: 1554.5796 / Time: 7.84s
======================================================================================================

round 56 local learning rate = 8.928571428571429e-05

>>> Round:   57 / Acc: 82.122% / Loss: 0.5641 / Grad Norm: 2.9357 / Grad Diff: 1552.0879 / Time: 8.62s
======================================================================================================

round 57 local learning rate = 8.771929824561404e-05

>>> Round:   58 / Acc: 82.212% / Loss: 0.5616 / Grad Norm: 2.9820 / Grad Diff: 1549.9237 / Time: 7.97s
======================================================================================================

round 58 local learning rate = 8.620689655172414e-05

>>> Round:   59 / Acc: 82.303% / Loss: 0.5591 / Grad Norm: 3.0059 / Grad Diff: 1548.7775 / Time: 8.07s
======================================================================================================

round 59 local learning rate = 8.474576271186441e-05

>>> Round:   60 / Acc: 82.369% / Loss: 0.5567 / Grad Norm: 2.9658 / Grad Diff: 1545.6821 / Time: 7.80s
======================================================================================================

= Test = round: 60 / acc: 83.170% / loss: 0.5243 / Time: 0.63s
======================================================================================================

round 60 local learning rate = 8.333333333333333e-05

>>> Round:   61 / Acc: 82.428% / Loss: 0.5544 / Grad Norm: 2.9931 / Grad Diff: 1545.9430 / Time: 7.83s
======================================================================================================

round 61 local learning rate = 8.19672131147541e-05

>>> Round:   62 / Acc: 82.522% / Loss: 0.5521 / Grad Norm: 3.0142 / Grad Diff: 1543.5500 / Time: 7.79s
======================================================================================================

round 62 local learning rate = 8.064516129032258e-05

>>> Round:   63 / Acc: 82.598% / Loss: 0.5498 / Grad Norm: 3.0416 / Grad Diff: 1541.0831 / Time: 7.84s
======================================================================================================

round 63 local learning rate = 7.936507936507937e-05

>>> Round:   64 / Acc: 82.683% / Loss: 0.5475 / Grad Norm: 3.0003 / Grad Diff: 1537.1399 / Time: 8.29s
======================================================================================================

round 64 local learning rate = 7.8125e-05

>>> Round:   65 / Acc: 82.771% / Loss: 0.5451 / Grad Norm: 2.8028 / Grad Diff: 1530.8952 / Time: 8.04s
======================================================================================================

= Test = round: 65 / acc: 83.690% / loss: 0.5125 / Time: 0.61s
======================================================================================================

round 65 local learning rate = 7.692307692307693e-05

>>> Round:   66 / Acc: 82.847% / Loss: 0.5431 / Grad Norm: 2.8407 / Grad Diff: 1530.7029 / Time: 8.01s
======================================================================================================

round 66 local learning rate = 7.575757575757576e-05

>>> Round:   67 / Acc: 82.921% / Loss: 0.5409 / Grad Norm: 2.7669 / Grad Diff: 1525.7813 / Time: 7.83s
======================================================================================================

round 67 local learning rate = 7.462686567164179e-05

>>> Round:   68 / Acc: 82.980% / Loss: 0.5388 / Grad Norm: 2.7559 / Grad Diff: 1523.4105 / Time: 7.93s
======================================================================================================

round 68 local learning rate = 7.352941176470589e-05

>>> Round:   69 / Acc: 83.050% / Loss: 0.5369 / Grad Norm: 2.8034 / Grad Diff: 1521.3001 / Time: 7.93s
======================================================================================================

round 69 local learning rate = 7.246376811594203e-05

>>> Round:   70 / Acc: 83.133% / Loss: 0.5349 / Grad Norm: 2.7593 / Grad Diff: 1517.7200 / Time: 7.83s
======================================================================================================

= Test = round: 70 / acc: 83.920% / loss: 0.5021 / Time: 0.63s
======================================================================================================

round 70 local learning rate = 7.142857142857143e-05

>>> Round:   71 / Acc: 83.196% / Loss: 0.5329 / Grad Norm: 2.7113 / Grad Diff: 1515.2413 / Time: 9.12s
======================================================================================================

round 71 local learning rate = 7.042253521126761e-05

>>> Round:   72 / Acc: 83.249% / Loss: 0.5309 / Grad Norm: 2.5972 / Grad Diff: 1510.2024 / Time: 7.94s
======================================================================================================

round 72 local learning rate = 6.944444444444444e-05

>>> Round:   73 / Acc: 83.286% / Loss: 0.5293 / Grad Norm: 2.7397 / Grad Diff: 1510.3991 / Time: 8.05s
======================================================================================================

round 73 local learning rate = 6.84931506849315e-05

>>> Round:   74 / Acc: 83.362% / Loss: 0.5276 / Grad Norm: 2.7572 / Grad Diff: 1508.9046 / Time: 8.00s
======================================================================================================

round 74 local learning rate = 6.756756756756757e-05

>>> Round:   75 / Acc: 83.410% / Loss: 0.5258 / Grad Norm: 2.6644 / Grad Diff: 1504.4514 / Time: 8.00s
======================================================================================================

= Test = round: 75 / acc: 84.270% / loss: 0.4928 / Time: 0.65s
======================================================================================================

round 75 local learning rate = 6.666666666666667e-05

>>> Round:   76 / Acc: 83.483% / Loss: 0.5240 / Grad Norm: 2.6031 / Grad Diff: 1501.4476 / Time: 8.62s
======================================================================================================

round 76 local learning rate = 6.578947368421052e-05

>>> Round:   77 / Acc: 83.541% / Loss: 0.5222 / Grad Norm: 2.5300 / Grad Diff: 1497.8068 / Time: 9.61s
======================================================================================================

round 77 local learning rate = 6.493506493506494e-05

>>> Round:   78 / Acc: 83.613% / Loss: 0.5206 / Grad Norm: 2.5067 / Grad Diff: 1495.3684 / Time: 7.85s
======================================================================================================

round 78 local learning rate = 6.41025641025641e-05

>>> Round:   79 / Acc: 83.653% / Loss: 0.5189 / Grad Norm: 2.4721 / Grad Diff: 1491.6472 / Time: 8.04s
======================================================================================================

round 79 local learning rate = 6.329113924050633e-05

>>> Round:   80 / Acc: 83.675% / Loss: 0.5174 / Grad Norm: 2.5088 / Grad Diff: 1491.2548 / Time: 8.05s
======================================================================================================

= Test = round: 80 / acc: 84.540% / loss: 0.4845 / Time: 0.60s
======================================================================================================

round 80 local learning rate = 6.25e-05

>>> Round:   81 / Acc: 83.718% / Loss: 0.5160 / Grad Norm: 2.5668 / Grad Diff: 1490.0611 / Time: 7.69s
======================================================================================================

round 81 local learning rate = 6.17283950617284e-05

>>> Round:   82 / Acc: 83.780% / Loss: 0.5146 / Grad Norm: 2.7027 / Grad Diff: 1491.0900 / Time: 8.28s
======================================================================================================

round 82 local learning rate = 6.097560975609756e-05

>>> Round:   83 / Acc: 83.815% / Loss: 0.5129 / Grad Norm: 2.5578 / Grad Diff: 1486.1900 / Time: 8.04s
======================================================================================================

round 83 local learning rate = 6.024096385542169e-05

>>> Round:   84 / Acc: 83.875% / Loss: 0.5115 / Grad Norm: 2.5963 / Grad Diff: 1484.8703 / Time: 7.99s
======================================================================================================

round 84 local learning rate = 5.9523809523809524e-05

>>> Round:   85 / Acc: 83.902% / Loss: 0.5100 / Grad Norm: 2.5553 / Grad Diff: 1481.5261 / Time: 7.77s
======================================================================================================

= Test = round: 85 / acc: 84.770% / loss: 0.4771 / Time: 0.66s
======================================================================================================

round 85 local learning rate = 5.882352941176471e-05

>>> Round:   86 / Acc: 83.998% / Loss: 0.5084 / Grad Norm: 2.4673 / Grad Diff: 1477.7063 / Time: 7.13s
======================================================================================================

round 86 local learning rate = 5.8139534883720933e-05

>>> Round:   87 / Acc: 84.007% / Loss: 0.5070 / Grad Norm: 2.4088 / Grad Diff: 1474.5540 / Time: 7.80s
======================================================================================================

round 87 local learning rate = 5.747126436781609e-05

>>> Round:   88 / Acc: 84.061% / Loss: 0.5055 / Grad Norm: 2.3165 / Grad Diff: 1470.6599 / Time: 7.75s
======================================================================================================

round 88 local learning rate = 5.681818181818182e-05

>>> Round:   89 / Acc: 84.125% / Loss: 0.5042 / Grad Norm: 2.3642 / Grad Diff: 1469.4253 / Time: 7.69s
======================================================================================================

round 89 local learning rate = 5.617977528089888e-05

>>> Round:   90 / Acc: 84.164% / Loss: 0.5030 / Grad Norm: 2.4401 / Grad Diff: 1468.6164 / Time: 7.82s
======================================================================================================

= Test = round: 90 / acc: 85.060% / loss: 0.4702 / Time: 0.63s
======================================================================================================

round 90 local learning rate = 5.555555555555556e-05

>>> Round:   91 / Acc: 84.207% / Loss: 0.5016 / Grad Norm: 2.4399 / Grad Diff: 1466.4101 / Time: 7.81s
======================================================================================================

round 91 local learning rate = 5.4945054945054945e-05

>>> Round:   92 / Acc: 84.244% / Loss: 0.5004 / Grad Norm: 2.4378 / Grad Diff: 1465.0778 / Time: 9.12s
======================================================================================================

round 92 local learning rate = 5.4347826086956524e-05

>>> Round:   93 / Acc: 84.293% / Loss: 0.4991 / Grad Norm: 2.4498 / Grad Diff: 1462.7147 / Time: 7.95s
======================================================================================================

round 93 local learning rate = 5.3763440860215054e-05

>>> Round:   94 / Acc: 84.336% / Loss: 0.4978 / Grad Norm: 2.3777 / Grad Diff: 1458.5090 / Time: 8.12s
======================================================================================================

round 94 local learning rate = 5.319148936170213e-05

>>> Round:   95 / Acc: 84.375% / Loss: 0.4967 / Grad Norm: 2.4727 / Grad Diff: 1457.9069 / Time: 7.67s
======================================================================================================

= Test = round: 95 / acc: 85.390% / loss: 0.4641 / Time: 0.60s
======================================================================================================

round 95 local learning rate = 5.2631578947368424e-05

>>> Round:   96 / Acc: 84.404% / Loss: 0.4956 / Grad Norm: 2.4718 / Grad Diff: 1456.0537 / Time: 8.02s
======================================================================================================

round 96 local learning rate = 5.208333333333334e-05

>>> Round:   97 / Acc: 84.470% / Loss: 0.4942 / Grad Norm: 2.3662 / Grad Diff: 1451.0450 / Time: 7.76s
======================================================================================================

round 97 local learning rate = 5.154639175257732e-05

>>> Round:   98 / Acc: 84.548% / Loss: 0.4931 / Grad Norm: 2.4214 / Grad Diff: 1451.1551 / Time: 7.93s
======================================================================================================

round 98 local learning rate = 5.102040816326531e-05

>>> Round:   99 / Acc: 84.581% / Loss: 0.4919 / Grad Norm: 2.3580 / Grad Diff: 1448.7461 / Time: 7.54s
======================================================================================================

round 99 local learning rate = 5.0505050505050505e-05

>>> Round:  100 / Acc: 84.625% / Loss: 0.4907 / Grad Norm: 2.3150 / Grad Diff: 1446.4145 / Time: 7.20s
======================================================================================================

= Test = round: 100 / acc: 85.680% / loss: 0.4581 / Time: 0.62s
======================================================================================================

round 100 local learning rate = 5e-05

>>> Round:  101 / Acc: 84.664% / Loss: 0.4897 / Grad Norm: 2.3325 / Grad Diff: 1445.1168 / Time: 7.90s
======================================================================================================

round 101 local learning rate = 4.950495049504951e-05

>>> Round:  102 / Acc: 84.716% / Loss: 0.4885 / Grad Norm: 2.2733 / Grad Diff: 1440.9014 / Time: 8.02s
======================================================================================================

round 102 local learning rate = 4.901960784313725e-05

>>> Round:  103 / Acc: 84.751% / Loss: 0.4874 / Grad Norm: 2.2472 / Grad Diff: 1438.6398 / Time: 7.86s
======================================================================================================

round 103 local learning rate = 4.854368932038835e-05

>>> Round:  104 / Acc: 84.782% / Loss: 0.4863 / Grad Norm: 2.2441 / Grad Diff: 1436.8205 / Time: 7.80s
======================================================================================================

round 104 local learning rate = 4.807692307692308e-05

>>> Round:  105 / Acc: 84.814% / Loss: 0.4853 / Grad Norm: 2.2661 / Grad Diff: 1435.8829 / Time: 8.95s
======================================================================================================

= Test = round: 105 / acc: 85.840% / loss: 0.4526 / Time: 0.62s
======================================================================================================

round 105 local learning rate = 4.761904761904762e-05

>>> Round:  106 / Acc: 84.839% / Loss: 0.4843 / Grad Norm: 2.2822 / Grad Diff: 1434.1202 / Time: 7.43s
======================================================================================================

round 106 local learning rate = 4.7169811320754715e-05

>>> Round:  107 / Acc: 84.897% / Loss: 0.4832 / Grad Norm: 2.2601 / Grad Diff: 1430.9341 / Time: 9.04s
======================================================================================================

round 107 local learning rate = 4.672897196261682e-05

>>> Round:  108 / Acc: 84.908% / Loss: 0.4822 / Grad Norm: 2.2864 / Grad Diff: 1429.8714 / Time: 7.90s
======================================================================================================

round 108 local learning rate = 4.6296296296296294e-05

>>> Round:  109 / Acc: 84.976% / Loss: 0.4811 / Grad Norm: 2.1533 / Grad Diff: 1425.2082 / Time: 7.63s
======================================================================================================

round 109 local learning rate = 4.587155963302752e-05

>>> Round:  110 / Acc: 84.989% / Loss: 0.4801 / Grad Norm: 2.1884 / Grad Diff: 1424.8540 / Time: 7.70s
======================================================================================================

= Test = round: 110 / acc: 85.990% / loss: 0.4475 / Time: 0.62s
======================================================================================================

round 110 local learning rate = 4.545454545454546e-05

>>> Round:  111 / Acc: 85.037% / Loss: 0.4792 / Grad Norm: 2.2300 / Grad Diff: 1423.6058 / Time: 7.77s
======================================================================================================

round 111 local learning rate = 4.5045045045045046e-05

>>> Round:  112 / Acc: 85.089% / Loss: 0.4783 / Grad Norm: 2.2603 / Grad Diff: 1422.7787 / Time: 7.83s
======================================================================================================

round 112 local learning rate = 4.464285714285714e-05

>>> Round:  113 / Acc: 85.083% / Loss: 0.4773 / Grad Norm: 2.1902 / Grad Diff: 1419.7332 / Time: 7.71s
======================================================================================================

round 113 local learning rate = 4.424778761061947e-05

>>> Round:  114 / Acc: 85.120% / Loss: 0.4763 / Grad Norm: 2.1221 / Grad Diff: 1416.8629 / Time: 7.95s
======================================================================================================

round 114 local learning rate = 4.385964912280702e-05

>>> Round:  115 / Acc: 85.151% / Loss: 0.4754 / Grad Norm: 2.1335 / Grad Diff: 1415.5723 / Time: 7.75s
======================================================================================================

= Test = round: 115 / acc: 86.150% / loss: 0.4429 / Time: 0.63s
======================================================================================================

round 115 local learning rate = 4.347826086956522e-05

>>> Round:  116 / Acc: 85.194% / Loss: 0.4745 / Grad Norm: 2.1296 / Grad Diff: 1413.9053 / Time: 7.62s
======================================================================================================

round 116 local learning rate = 4.310344827586207e-05

>>> Round:  117 / Acc: 85.218% / Loss: 0.4737 / Grad Norm: 2.1469 / Grad Diff: 1412.7831 / Time: 7.93s
======================================================================================================

round 117 local learning rate = 4.2735042735042735e-05

>>> Round:  118 / Acc: 85.242% / Loss: 0.4727 / Grad Norm: 2.0473 / Grad Diff: 1408.8719 / Time: 7.96s
======================================================================================================

round 118 local learning rate = 4.2372881355932206e-05

>>> Round:  119 / Acc: 85.262% / Loss: 0.4719 / Grad Norm: 2.1270 / Grad Diff: 1409.2570 / Time: 7.57s
======================================================================================================

round 119 local learning rate = 4.201680672268908e-05

>>> Round:  120 / Acc: 85.282% / Loss: 0.4711 / Grad Norm: 2.1488 / Grad Diff: 1407.5234 / Time: 7.65s
======================================================================================================

= Test = round: 120 / acc: 86.300% / loss: 0.4388 / Time: 0.65s
======================================================================================================

round 120 local learning rate = 4.1666666666666665e-05

>>> Round:  121 / Acc: 85.314% / Loss: 0.4702 / Grad Norm: 2.1261 / Grad Diff: 1405.3583 / Time: 7.81s
======================================================================================================

round 121 local learning rate = 4.132231404958678e-05

>>> Round:  122 / Acc: 85.356% / Loss: 0.4693 / Grad Norm: 2.0600 / Grad Diff: 1402.8587 / Time: 8.10s
======================================================================================================

round 122 local learning rate = 4.098360655737705e-05

>>> Round:  123 / Acc: 85.384% / Loss: 0.4685 / Grad Norm: 2.0473 / Grad Diff: 1400.9877 / Time: 8.10s
======================================================================================================

round 123 local learning rate = 4.065040650406504e-05

>>> Round:  124 / Acc: 85.402% / Loss: 0.4676 / Grad Norm: 2.0254 / Grad Diff: 1398.7155 / Time: 7.62s
======================================================================================================

round 124 local learning rate = 4.032258064516129e-05

>>> Round:  125 / Acc: 85.428% / Loss: 0.4669 / Grad Norm: 2.0262 / Grad Diff: 1397.1000 / Time: 6.99s
======================================================================================================

= Test = round: 125 / acc: 86.490% / loss: 0.4346 / Time: 0.62s
======================================================================================================

round 125 local learning rate = 4e-05

>>> Round:  126 / Acc: 85.454% / Loss: 0.4660 / Grad Norm: 2.0108 / Grad Diff: 1395.6167 / Time: 7.58s
======================================================================================================

round 126 local learning rate = 3.968253968253968e-05

>>> Round:  127 / Acc: 85.478% / Loss: 0.4652 / Grad Norm: 1.9753 / Grad Diff: 1393.0210 / Time: 8.27s
======================================================================================================

round 127 local learning rate = 3.937007874015748e-05

>>> Round:  128 / Acc: 85.493% / Loss: 0.4645 / Grad Norm: 2.0777 / Grad Diff: 1393.5173 / Time: 7.30s
======================================================================================================

round 128 local learning rate = 3.90625e-05

>>> Round:  129 / Acc: 85.522% / Loss: 0.4637 / Grad Norm: 2.0329 / Grad Diff: 1390.4898 / Time: 7.98s
======================================================================================================

round 129 local learning rate = 3.875968992248062e-05

>>> Round:  130 / Acc: 85.566% / Loss: 0.4629 / Grad Norm: 1.9621 / Grad Diff: 1387.5529 / Time: 8.00s
======================================================================================================

= Test = round: 130 / acc: 86.600% / loss: 0.4308 / Time: 0.63s
======================================================================================================

round 130 local learning rate = 3.846153846153846e-05

>>> Round:  131 / Acc: 85.572% / Loss: 0.4623 / Grad Norm: 2.0776 / Grad Diff: 1388.2642 / Time: 8.40s
======================================================================================================

round 131 local learning rate = 3.816793893129771e-05

>>> Round:  132 / Acc: 85.596% / Loss: 0.4616 / Grad Norm: 2.1591 / Grad Diff: 1388.3232 / Time: 7.79s
======================================================================================================

round 132 local learning rate = 3.787878787878788e-05

>>> Round:  133 / Acc: 85.618% / Loss: 0.4608 / Grad Norm: 2.0717 / Grad Diff: 1384.9986 / Time: 8.10s
======================================================================================================

round 133 local learning rate = 3.759398496240601e-05

>>> Round:  134 / Acc: 85.653% / Loss: 0.4600 / Grad Norm: 2.0420 / Grad Diff: 1382.6207 / Time: 7.96s
======================================================================================================

round 134 local learning rate = 3.7313432835820896e-05

>>> Round:  135 / Acc: 85.685% / Loss: 0.4592 / Grad Norm: 1.9905 / Grad Diff: 1380.0400 / Time: 7.73s
======================================================================================================

= Test = round: 135 / acc: 86.740% / loss: 0.4273 / Time: 0.62s
======================================================================================================

round 135 local learning rate = 3.7037037037037037e-05

>>> Round:  136 / Acc: 85.712% / Loss: 0.4585 / Grad Norm: 1.9859 / Grad Diff: 1378.1613 / Time: 7.78s
======================================================================================================

round 136 local learning rate = 3.6764705882352945e-05

>>> Round:  137 / Acc: 85.725% / Loss: 0.4578 / Grad Norm: 1.9565 / Grad Diff: 1375.8048 / Time: 7.81s
======================================================================================================

round 137 local learning rate = 3.649635036496351e-05

>>> Round:  138 / Acc: 85.751% / Loss: 0.4572 / Grad Norm: 2.0427 / Grad Diff: 1376.3161 / Time: 7.87s
======================================================================================================

round 138 local learning rate = 3.6231884057971014e-05

>>> Round:  139 / Acc: 85.780% / Loss: 0.4564 / Grad Norm: 2.0153 / Grad Diff: 1374.0846 / Time: 7.72s
======================================================================================================

round 139 local learning rate = 3.597122302158273e-05

>>> Round:  140 / Acc: 85.777% / Loss: 0.4558 / Grad Norm: 2.0138 / Grad Diff: 1373.4440 / Time: 7.67s
======================================================================================================

= Test = round: 140 / acc: 86.840% / loss: 0.4239 / Time: 0.63s
======================================================================================================

round 140 local learning rate = 3.571428571428572e-05

>>> Round:  141 / Acc: 85.792% / Loss: 0.4550 / Grad Norm: 1.9251 / Grad Diff: 1370.0271 / Time: 7.97s
======================================================================================================

round 141 local learning rate = 3.546099290780142e-05

>>> Round:  142 / Acc: 85.817% / Loss: 0.4544 / Grad Norm: 1.9346 / Grad Diff: 1368.7106 / Time: 8.94s
======================================================================================================

round 142 local learning rate = 3.5211267605633805e-05

>>> Round:  143 / Acc: 85.851% / Loss: 0.4537 / Grad Norm: 1.9146 / Grad Diff: 1366.7061 / Time: 6.95s
======================================================================================================

round 143 local learning rate = 3.4965034965034965e-05

>>> Round:  144 / Acc: 85.865% / Loss: 0.4531 / Grad Norm: 1.9359 / Grad Diff: 1365.4359 / Time: 7.73s
======================================================================================================

round 144 local learning rate = 3.472222222222222e-05

>>> Round:  145 / Acc: 85.893% / Loss: 0.4524 / Grad Norm: 1.8832 / Grad Diff: 1363.1679 / Time: 7.61s
======================================================================================================

= Test = round: 145 / acc: 86.980% / loss: 0.4206 / Time: 0.64s
======================================================================================================

round 145 local learning rate = 3.4482758620689657e-05

>>> Round:  146 / Acc: 85.902% / Loss: 0.4518 / Grad Norm: 1.8720 / Grad Diff: 1360.9404 / Time: 7.67s
======================================================================================================

round 146 local learning rate = 3.424657534246575e-05

>>> Round:  147 / Acc: 85.952% / Loss: 0.4510 / Grad Norm: 1.7738 / Grad Diff: 1357.0883 / Time: 7.59s
======================================================================================================

round 147 local learning rate = 3.401360544217687e-05

>>> Round:  148 / Acc: 85.965% / Loss: 0.4504 / Grad Norm: 1.7801 / Grad Diff: 1355.5805 / Time: 7.59s
======================================================================================================

round 148 local learning rate = 3.3783783783783784e-05

>>> Round:  149 / Acc: 85.989% / Loss: 0.4498 / Grad Norm: 1.8312 / Grad Diff: 1355.3377 / Time: 7.66s
======================================================================================================

round 149 local learning rate = 3.3557046979865775e-05

>>> Round:  150 / Acc: 86.015% / Loss: 0.4493 / Grad Norm: 1.8985 / Grad Diff: 1355.4541 / Time: 7.80s
======================================================================================================

= Test = round: 150 / acc: 87.090% / loss: 0.4176 / Time: 0.64s
======================================================================================================

round 150 local learning rate = 3.3333333333333335e-05

>>> Round:  151 / Acc: 86.039% / Loss: 0.4487 / Grad Norm: 1.9329 / Grad Diff: 1354.8296 / Time: 8.05s
======================================================================================================

round 151 local learning rate = 3.3112582781456954e-05

>>> Round:  152 / Acc: 86.052% / Loss: 0.4482 / Grad Norm: 1.9734 / Grad Diff: 1354.6693 / Time: 7.54s
======================================================================================================

round 152 local learning rate = 3.289473684210526e-05

>>> Round:  153 / Acc: 86.077% / Loss: 0.4475 / Grad Norm: 1.8874 / Grad Diff: 1351.7596 / Time: 7.91s
======================================================================================================

round 153 local learning rate = 3.2679738562091506e-05

>>> Round:  154 / Acc: 86.103% / Loss: 0.4469 / Grad Norm: 1.9100 / Grad Diff: 1351.0664 / Time: 8.36s
======================================================================================================

round 154 local learning rate = 3.246753246753247e-05

>>> Round:  155 / Acc: 86.105% / Loss: 0.4463 / Grad Norm: 1.8405 / Grad Diff: 1348.2712 / Time: 7.86s
======================================================================================================

= Test = round: 155 / acc: 87.210% / loss: 0.4149 / Time: 0.64s
======================================================================================================

round 155 local learning rate = 3.2258064516129034e-05

>>> Round:  156 / Acc: 86.133% / Loss: 0.4456 / Grad Norm: 1.7903 / Grad Diff: 1345.7692 / Time: 7.83s
======================================================================================================

round 156 local learning rate = 3.205128205128205e-05

>>> Round:  157 / Acc: 86.164% / Loss: 0.4451 / Grad Norm: 1.7853 / Grad Diff: 1344.1339 / Time: 8.06s
======================================================================================================

round 157 local learning rate = 3.184713375796179e-05

>>> Round:  158 / Acc: 86.170% / Loss: 0.4446 / Grad Norm: 1.8627 / Grad Diff: 1345.0308 / Time: 8.94s
======================================================================================================

round 158 local learning rate = 3.1645569620253167e-05

>>> Round:  159 / Acc: 86.196% / Loss: 0.4440 / Grad Norm: 1.8233 / Grad Diff: 1342.7171 / Time: 7.77s
======================================================================================================

round 159 local learning rate = 3.144654088050314e-05

>>> Round:  160 / Acc: 86.234% / Loss: 0.4434 / Grad Norm: 1.8296 / Grad Diff: 1341.5846 / Time: 8.02s
======================================================================================================

= Test = round: 160 / acc: 87.290% / loss: 0.4121 / Time: 0.64s
======================================================================================================

round 160 local learning rate = 3.125e-05

>>> Round:  161 / Acc: 86.231% / Loss: 0.4429 / Grad Norm: 1.8753 / Grad Diff: 1341.2992 / Time: 7.76s
======================================================================================================

round 161 local learning rate = 3.1055900621118014e-05

>>> Round:  162 / Acc: 86.266% / Loss: 0.4424 / Grad Norm: 1.8443 / Grad Diff: 1339.0443 / Time: 8.66s
======================================================================================================

round 162 local learning rate = 3.08641975308642e-05

>>> Round:  163 / Acc: 86.279% / Loss: 0.4418 / Grad Norm: 1.8878 / Grad Diff: 1338.6514 / Time: 7.81s
======================================================================================================

round 163 local learning rate = 3.067484662576687e-05

>>> Round:  164 / Acc: 86.314% / Loss: 0.4412 / Grad Norm: 1.7788 / Grad Diff: 1334.8905 / Time: 7.65s
======================================================================================================

round 164 local learning rate = 3.048780487804878e-05

>>> Round:  165 / Acc: 86.325% / Loss: 0.4407 / Grad Norm: 1.8128 / Grad Diff: 1334.3719 / Time: 6.93s
======================================================================================================

= Test = round: 165 / acc: 87.400% / loss: 0.4096 / Time: 0.63s
======================================================================================================

round 165 local learning rate = 3.0303030303030302e-05

>>> Round:  166 / Acc: 86.349% / Loss: 0.4402 / Grad Norm: 1.8282 / Grad Diff: 1333.3199 / Time: 7.83s
======================================================================================================

round 166 local learning rate = 3.0120481927710845e-05

>>> Round:  167 / Acc: 86.352% / Loss: 0.4396 / Grad Norm: 1.7782 / Grad Diff: 1330.8510 / Time: 7.01s
======================================================================================================

round 167 local learning rate = 2.994011976047904e-05

>>> Round:  168 / Acc: 86.373% / Loss: 0.4391 / Grad Norm: 1.7916 / Grad Diff: 1329.6124 / Time: 7.91s
======================================================================================================

round 168 local learning rate = 2.9761904761904762e-05

>>> Round:  169 / Acc: 86.411% / Loss: 0.4386 / Grad Norm: 1.7652 / Grad Diff: 1327.1448 / Time: 8.80s
======================================================================================================

round 169 local learning rate = 2.9585798816568047e-05

>>> Round:  170 / Acc: 86.446% / Loss: 0.4381 / Grad Norm: 1.8010 / Grad Diff: 1326.7161 / Time: 7.74s
======================================================================================================

= Test = round: 170 / acc: 87.470% / loss: 0.4072 / Time: 0.62s
======================================================================================================

round 170 local learning rate = 2.9411764705882354e-05

>>> Round:  171 / Acc: 86.446% / Loss: 0.4376 / Grad Norm: 1.7817 / Grad Diff: 1325.1755 / Time: 7.82s
======================================================================================================

round 171 local learning rate = 2.9239766081871346e-05

>>> Round:  172 / Acc: 86.470% / Loss: 0.4371 / Grad Norm: 1.7767 / Grad Diff: 1323.7222 / Time: 8.27s
======================================================================================================

round 172 local learning rate = 2.9069767441860467e-05

>>> Round:  173 / Acc: 86.498% / Loss: 0.4366 / Grad Norm: 1.7750 / Grad Diff: 1322.4142 / Time: 7.24s
======================================================================================================

round 173 local learning rate = 2.8901734104046242e-05

>>> Round:  174 / Acc: 86.487% / Loss: 0.4360 / Grad Norm: 1.7413 / Grad Diff: 1320.2431 / Time: 7.90s
======================================================================================================

round 174 local learning rate = 2.8735632183908045e-05

>>> Round:  175 / Acc: 86.483% / Loss: 0.4355 / Grad Norm: 1.7046 / Grad Diff: 1318.3162 / Time: 8.01s
======================================================================================================

= Test = round: 175 / acc: 87.470% / loss: 0.4048 / Time: 0.63s
======================================================================================================

round 175 local learning rate = 2.857142857142857e-05

>>> Round:  176 / Acc: 86.515% / Loss: 0.4350 / Grad Norm: 1.7144 / Grad Diff: 1317.3133 / Time: 7.81s
======================================================================================================

round 176 local learning rate = 2.840909090909091e-05

>>> Round:  177 / Acc: 86.530% / Loss: 0.4345 / Grad Norm: 1.6826 / Grad Diff: 1315.1436 / Time: 7.89s
======================================================================================================

round 177 local learning rate = 2.824858757062147e-05

>>> Round:  178 / Acc: 86.577% / Loss: 0.4341 / Grad Norm: 1.7052 / Grad Diff: 1314.0187 / Time: 6.86s
======================================================================================================

round 178 local learning rate = 2.808988764044944e-05

>>> Round:  179 / Acc: 86.581% / Loss: 0.4336 / Grad Norm: 1.6981 / Grad Diff: 1313.0117 / Time: 7.53s
======================================================================================================

round 179 local learning rate = 2.793296089385475e-05

>>> Round:  180 / Acc: 86.603% / Loss: 0.4331 / Grad Norm: 1.7067 / Grad Diff: 1312.3011 / Time: 7.59s
======================================================================================================

= Test = round: 180 / acc: 87.600% / loss: 0.4024 / Time: 0.60s
======================================================================================================

round 180 local learning rate = 2.777777777777778e-05

>>> Round:  181 / Acc: 86.607% / Loss: 0.4326 / Grad Norm: 1.6839 / Grad Diff: 1310.3563 / Time: 7.55s
======================================================================================================

round 181 local learning rate = 2.7624309392265193e-05

>>> Round:  182 / Acc: 86.622% / Loss: 0.4322 / Grad Norm: 1.7023 / Grad Diff: 1309.5449 / Time: 7.69s
======================================================================================================

round 182 local learning rate = 2.7472527472527473e-05

>>> Round:  183 / Acc: 86.653% / Loss: 0.4317 / Grad Norm: 1.6838 / Grad Diff: 1307.7163 / Time: 8.52s
======================================================================================================

round 183 local learning rate = 2.73224043715847e-05

>>> Round:  184 / Acc: 86.666% / Loss: 0.4313 / Grad Norm: 1.7205 / Grad Diff: 1307.3339 / Time: 7.89s
======================================================================================================

round 184 local learning rate = 2.7173913043478262e-05

>>> Round:  185 / Acc: 86.683% / Loss: 0.4308 / Grad Norm: 1.7037 / Grad Diff: 1305.6140 / Time: 8.41s
======================================================================================================

= Test = round: 185 / acc: 87.680% / loss: 0.4003 / Time: 0.63s
======================================================================================================

round 185 local learning rate = 2.7027027027027027e-05

>>> Round:  186 / Acc: 86.694% / Loss: 0.4304 / Grad Norm: 1.7090 / Grad Diff: 1304.1274 / Time: 8.72s
======================================================================================================

round 186 local learning rate = 2.6881720430107527e-05

>>> Round:  187 / Acc: 86.696% / Loss: 0.4300 / Grad Norm: 1.7449 / Grad Diff: 1303.8428 / Time: 7.90s
======================================================================================================

round 187 local learning rate = 2.6737967914438505e-05

>>> Round:  188 / Acc: 86.723% / Loss: 0.4295 / Grad Norm: 1.7301 / Grad Diff: 1302.4455 / Time: 8.45s
======================================================================================================

round 188 local learning rate = 2.6595744680851064e-05

>>> Round:  189 / Acc: 86.738% / Loss: 0.4290 / Grad Norm: 1.7050 / Grad Diff: 1300.3739 / Time: 7.83s
======================================================================================================

round 189 local learning rate = 2.6455026455026456e-05

>>> Round:  190 / Acc: 86.734% / Loss: 0.4285 / Grad Norm: 1.6523 / Grad Diff: 1297.8563 / Time: 8.45s
======================================================================================================

= Test = round: 190 / acc: 87.740% / loss: 0.3983 / Time: 0.61s
======================================================================================================

round 190 local learning rate = 2.6315789473684212e-05

>>> Round:  191 / Acc: 86.745% / Loss: 0.4281 / Grad Norm: 1.6777 / Grad Diff: 1297.4573 / Time: 7.80s
======================================================================================================

round 191 local learning rate = 2.6178010471204188e-05

>>> Round:  192 / Acc: 86.764% / Loss: 0.4278 / Grad Norm: 1.7287 / Grad Diff: 1297.3900 / Time: 7.96s
======================================================================================================

round 192 local learning rate = 2.604166666666667e-05

>>> Round:  193 / Acc: 86.792% / Loss: 0.4273 / Grad Norm: 1.6814 / Grad Diff: 1295.0813 / Time: 6.98s
======================================================================================================

round 193 local learning rate = 2.5906735751295337e-05

>>> Round:  194 / Acc: 86.808% / Loss: 0.4268 / Grad Norm: 1.6371 / Grad Diff: 1292.8461 / Time: 7.37s
======================================================================================================

round 194 local learning rate = 2.577319587628866e-05

>>> Round:  195 / Acc: 86.817% / Loss: 0.4264 / Grad Norm: 1.6572 / Grad Diff: 1292.0908 / Time: 7.76s
======================================================================================================

= Test = round: 195 / acc: 87.810% / loss: 0.3963 / Time: 0.62s
======================================================================================================

round 195 local learning rate = 2.5641025641025643e-05

>>> Round:  196 / Acc: 86.838% / Loss: 0.4261 / Grad Norm: 1.6780 / Grad Diff: 1291.7633 / Time: 7.91s
======================================================================================================

round 196 local learning rate = 2.5510204081632654e-05

>>> Round:  197 / Acc: 86.841% / Loss: 0.4256 / Grad Norm: 1.6352 / Grad Diff: 1289.6159 / Time: 7.65s
======================================================================================================

round 197 local learning rate = 2.5380710659898476e-05

>>> Round:  198 / Acc: 86.863% / Loss: 0.4252 / Grad Norm: 1.6738 / Grad Diff: 1289.4170 / Time: 7.54s
======================================================================================================

round 198 local learning rate = 2.5252525252525253e-05

>>> Round:  199 / Acc: 86.867% / Loss: 0.4248 / Grad Norm: 1.6299 / Grad Diff: 1287.3612 / Time: 7.77s
======================================================================================================

round 199 local learning rate = 2.5125628140703518e-05

>>> Round:  200 / Acc: 86.900% / Loss: 0.4244 / Grad Norm: 1.6673 / Grad Diff: 1286.5295 / Time: 8.22s
======================================================================================================

= Test = round: 200 / acc: 87.900% / loss: 0.3944 / Time: 0.66s
======================================================================================================

