nohup: ignoring input
Using device: cuda:0
>>> Arguments:
	             algo : fedavgtl
	            alpha : 51871.0
	       batch_size : 32
	clients_per_round : 100
	          dataset : mnist_all_data_1_equal_niid
	           device : cuda:0
	              dis : 
	   early_stopping : 20
	       eval_every : 5
	    ft_batch_size : 128
	       ft_dataset : mnist-m
	        ft_epochs : 2
	            ft_lr : 0.01
	            ft_wd : 0.0
	              gpu : True
	      input_shape : (1, 28, 28)
	           last_k : 2
	               lr : 0.005
	            model : lenet
	           n_init : 5
	        noaverage : False
	          noprint : False
	        num_class : 10
	        num_epoch : 1
	        num_round : 200
	           opt_lr : False
	            reg_J : True
	       reg_J_coef : 0.01
	             seed : 0
	               wd : 0.0
>>> Read data from:
     ./data/mnist/data/all_data_1.pkl
>>> The estimate of constant alpha is 51871.0.
>>> Read data from:
     ./data/mnist/data/train/all_data_1_equal_niid.pkl
     ./data/mnist/data/test/all_data_1_equal_niid.pkl
>>> Use gpu on device cuda:0
>>> Model statistic per layer
LeNet_MNIST(
  286.12 KMac, 100.000% MACs, 
  (conv1): Conv2d(89.856 KMac, 31.405% MACs, 1, 6, kernel_size=(5, 5), stride=(1, 1))
  (conv2): Conv2d(154.624 KMac, 54.042% MACs, 6, 16, kernel_size=(5, 5), stride=(1, 1))
  (fc1): Linear(30.72 KMac, 10.737% MACs, in_features=256, out_features=120, bias=True)
  (fc2): Linear(10.08 KMac, 3.523% MACs, in_features=120, out_features=84, bias=True)
  (fc3): Linear(840.0 Mac, 0.294% MACs, in_features=84, out_features=10, bias=True)
)
>>> Activate a worker for training
>>> Initialize 100 clients in total
>>> Weigh updates by simple average
>>> Select 100 clients per round 


>>> Round:    0 / Acc: 10.050% / Loss: 9.8699 / Grad Norm: 163.8747 / Grad Diff: 15885.6780 / Time: 7.76s
======================================================================================================

= Test = round: 0 / acc: 11.170% / loss: 9.7698 / Time: 0.62s
======================================================================================================

round 0 local learning rate = 0.005

>>> Round:    1 / Acc: 11.100% / Loss: 2.6758 / Grad Norm: 8.4515 / Grad Diff: 736.5029 / Time: 7.68s
======================================================================================================

round 1 local learning rate = 0.005

>>> Round:    2 / Acc: 21.603% / Loss: 2.1621 / Grad Norm: 7.2268 / Grad Diff: 720.4715 / Time: 7.64s
======================================================================================================

round 2 local learning rate = 0.0025

>>> Round:    3 / Acc: 34.061% / Loss: 1.8585 / Grad Norm: 8.1244 / Grad Diff: 1082.1769 / Time: 7.94s
======================================================================================================

round 3 local learning rate = 0.0016666666666666668

>>> Round:    4 / Acc: 43.666% / Loss: 1.6229 / Grad Norm: 8.2918 / Grad Diff: 1320.4089 / Time: 7.66s
======================================================================================================

round 4 local learning rate = 0.00125

>>> Round:    5 / Acc: 50.554% / Loss: 1.4443 / Grad Norm: 7.8210 / Grad Diff: 1468.9873 / Time: 7.81s
======================================================================================================

= Test = round: 5 / acc: 52.570% / loss: 1.4020 / Time: 0.59s
======================================================================================================

round 5 local learning rate = 0.001

>>> Round:    6 / Acc: 55.476% / Loss: 1.3110 / Grad Norm: 7.2616 / Grad Diff: 1575.8268 / Time: 7.56s
======================================================================================================

round 6 local learning rate = 0.0008333333333333334

>>> Round:    7 / Acc: 59.031% / Loss: 1.2110 / Grad Norm: 6.8590 / Grad Diff: 1649.6599 / Time: 7.67s
======================================================================================================

round 7 local learning rate = 0.0007142857142857143

>>> Round:    8 / Acc: 61.832% / Loss: 1.1320 / Grad Norm: 6.5395 / Grad Diff: 1704.8518 / Time: 7.47s
======================================================================================================

round 8 local learning rate = 0.000625

>>> Round:    9 / Acc: 63.939% / Loss: 1.0681 / Grad Norm: 6.1825 / Grad Diff: 1739.1575 / Time: 7.44s
======================================================================================================

round 9 local learning rate = 0.0005555555555555556

>>> Round:   10 / Acc: 65.839% / Loss: 1.0152 / Grad Norm: 5.8633 / Grad Diff: 1760.3116 / Time: 6.87s
======================================================================================================

= Test = round: 10 / acc: 67.650% / loss: 0.9697 / Time: 0.61s
======================================================================================================

round 10 local learning rate = 0.0005

>>> Round:   11 / Acc: 67.190% / Loss: 0.9728 / Grad Norm: 5.8045 / Grad Diff: 1781.8857 / Time: 7.78s
======================================================================================================

round 11 local learning rate = 0.00045454545454545455

>>> Round:   12 / Acc: 68.592% / Loss: 0.9352 / Grad Norm: 5.6097 / Grad Diff: 1791.5968 / Time: 7.53s
======================================================================================================

round 12 local learning rate = 0.0004166666666666667

>>> Round:   13 / Acc: 69.694% / Loss: 0.9027 / Grad Norm: 5.3826 / Grad Diff: 1798.4190 / Time: 7.23s
======================================================================================================

round 13 local learning rate = 0.0003846153846153846

>>> Round:   14 / Acc: 70.710% / Loss: 0.8740 / Grad Norm: 5.1171 / Grad Diff: 1804.3318 / Time: 7.81s
======================================================================================================

round 14 local learning rate = 0.00035714285714285714

>>> Round:   15 / Acc: 71.577% / Loss: 0.8492 / Grad Norm: 4.9777 / Grad Diff: 1809.1029 / Time: 7.73s
======================================================================================================

= Test = round: 15 / acc: 73.630% / loss: 0.8100 / Time: 0.63s
======================================================================================================

round 15 local learning rate = 0.0003333333333333333

>>> Round:   16 / Acc: 72.434% / Loss: 0.8267 / Grad Norm: 4.8087 / Grad Diff: 1806.2738 / Time: 7.64s
======================================================================================================

round 16 local learning rate = 0.0003125

>>> Round:   17 / Acc: 73.125% / Loss: 0.8070 / Grad Norm: 4.6729 / Grad Diff: 1806.3974 / Time: 8.77s
======================================================================================================

round 17 local learning rate = 0.00029411764705882356

>>> Round:   18 / Acc: 73.712% / Loss: 0.7892 / Grad Norm: 4.5235 / Grad Diff: 1805.3644 / Time: 8.59s
======================================================================================================

round 18 local learning rate = 0.0002777777777777778

>>> Round:   19 / Acc: 74.293% / Loss: 0.7732 / Grad Norm: 4.4597 / Grad Diff: 1799.8209 / Time: 7.64s
======================================================================================================

round 19 local learning rate = 0.0002631578947368421

>>> Round:   20 / Acc: 74.878% / Loss: 0.7584 / Grad Norm: 4.3436 / Grad Diff: 1795.0930 / Time: 7.77s
======================================================================================================

= Test = round: 20 / acc: 76.770% / loss: 0.7218 / Time: 0.60s
======================================================================================================

round 20 local learning rate = 0.00025

>>> Round:   21 / Acc: 75.375% / Loss: 0.7449 / Grad Norm: 4.2598 / Grad Diff: 1790.0118 / Time: 7.65s
======================================================================================================

round 21 local learning rate = 0.0002380952380952381

>>> Round:   22 / Acc: 75.815% / Loss: 0.7326 / Grad Norm: 4.2089 / Grad Diff: 1785.8332 / Time: 7.64s
======================================================================================================

round 22 local learning rate = 0.00022727272727272727

>>> Round:   23 / Acc: 76.249% / Loss: 0.7209 / Grad Norm: 4.0745 / Grad Diff: 1778.0287 / Time: 7.90s
======================================================================================================

round 23 local learning rate = 0.0002173913043478261

>>> Round:   24 / Acc: 76.594% / Loss: 0.7103 / Grad Norm: 3.9922 / Grad Diff: 1775.6437 / Time: 7.74s
======================================================================================================

round 24 local learning rate = 0.00020833333333333335

>>> Round:   25 / Acc: 76.974% / Loss: 0.7003 / Grad Norm: 3.9329 / Grad Diff: 1770.1711 / Time: 7.85s
======================================================================================================

= Test = round: 25 / acc: 78.460% / loss: 0.6669 / Time: 0.63s
======================================================================================================

round 25 local learning rate = 0.0002

>>> Round:   26 / Acc: 77.297% / Loss: 0.6907 / Grad Norm: 3.8528 / Grad Diff: 1761.7410 / Time: 7.66s
======================================================================================================

round 26 local learning rate = 0.0001923076923076923

>>> Round:   27 / Acc: 77.577% / Loss: 0.6817 / Grad Norm: 3.7445 / Grad Diff: 1754.9019 / Time: 8.93s
======================================================================================================

round 27 local learning rate = 0.00018518518518518518

>>> Round:   28 / Acc: 77.852% / Loss: 0.6737 / Grad Norm: 3.7601 / Grad Diff: 1749.7881 / Time: 7.59s
======================================================================================================

round 28 local learning rate = 0.00017857142857142857

>>> Round:   29 / Acc: 78.103% / Loss: 0.6656 / Grad Norm: 3.6411 / Grad Diff: 1742.3524 / Time: 7.80s
======================================================================================================

round 29 local learning rate = 0.0001724137931034483

>>> Round:   30 / Acc: 78.384% / Loss: 0.6583 / Grad Norm: 3.5897 / Grad Diff: 1736.1070 / Time: 7.55s
======================================================================================================

= Test = round: 30 / acc: 79.720% / loss: 0.6283 / Time: 0.60s
======================================================================================================

round 30 local learning rate = 0.00016666666666666666

>>> Round:   31 / Acc: 78.625% / Loss: 0.6513 / Grad Norm: 3.5258 / Grad Diff: 1729.6366 / Time: 7.63s
======================================================================================================

round 31 local learning rate = 0.00016129032258064516

>>> Round:   32 / Acc: 78.830% / Loss: 0.6443 / Grad Norm: 3.4126 / Grad Diff: 1722.9264 / Time: 7.73s
======================================================================================================

round 32 local learning rate = 0.00015625

>>> Round:   33 / Acc: 79.037% / Loss: 0.6380 / Grad Norm: 3.3397 / Grad Diff: 1717.5978 / Time: 7.96s
======================================================================================================

round 33 local learning rate = 0.00015151515151515152

>>> Round:   34 / Acc: 79.221% / Loss: 0.6324 / Grad Norm: 3.3901 / Grad Diff: 1714.9949 / Time: 8.32s
======================================================================================================

round 34 local learning rate = 0.00014705882352941178

>>> Round:   35 / Acc: 79.426% / Loss: 0.6268 / Grad Norm: 3.3846 / Grad Diff: 1711.7650 / Time: 7.69s
======================================================================================================

= Test = round: 35 / acc: 80.680% / loss: 0.5991 / Time: 0.60s
======================================================================================================

round 35 local learning rate = 0.00014285714285714287

>>> Round:   36 / Acc: 79.631% / Loss: 0.6213 / Grad Norm: 3.3504 / Grad Diff: 1704.5406 / Time: 7.36s
======================================================================================================

round 36 local learning rate = 0.0001388888888888889

>>> Round:   37 / Acc: 79.825% / Loss: 0.6161 / Grad Norm: 3.3098 / Grad Diff: 1699.3114 / Time: 8.08s
======================================================================================================

round 37 local learning rate = 0.00013513513513513514

>>> Round:   38 / Acc: 79.989% / Loss: 0.6108 / Grad Norm: 3.1867 / Grad Diff: 1692.1130 / Time: 8.08s
======================================================================================================

round 38 local learning rate = 0.00013157894736842105

>>> Round:   39 / Acc: 80.159% / Loss: 0.6060 / Grad Norm: 3.1880 / Grad Diff: 1687.9500 / Time: 8.24s
======================================================================================================

round 39 local learning rate = 0.0001282051282051282

>>> Round:   40 / Acc: 80.293% / Loss: 0.6018 / Grad Norm: 3.2177 / Grad Diff: 1687.3270 / Time: 7.89s
======================================================================================================

= Test = round: 40 / acc: 81.660% / loss: 0.5760 / Time: 0.64s
======================================================================================================

round 40 local learning rate = 0.000125

>>> Round:   41 / Acc: 80.474% / Loss: 0.5972 / Grad Norm: 3.1759 / Grad Diff: 1682.2143 / Time: 7.28s
======================================================================================================

round 41 local learning rate = 0.00012195121951219512

>>> Round:   42 / Acc: 80.609% / Loss: 0.5929 / Grad Norm: 3.1558 / Grad Diff: 1677.2476 / Time: 7.85s
======================================================================================================

round 42 local learning rate = 0.00011904761904761905

>>> Round:   43 / Acc: 80.771% / Loss: 0.5887 / Grad Norm: 3.0802 / Grad Diff: 1672.2707 / Time: 7.90s
======================================================================================================

round 43 local learning rate = 0.00011627906976744187

>>> Round:   44 / Acc: 80.895% / Loss: 0.5848 / Grad Norm: 3.0257 / Grad Diff: 1668.1072 / Time: 7.74s
======================================================================================================

round 44 local learning rate = 0.00011363636363636364

>>> Round:   45 / Acc: 81.046% / Loss: 0.5809 / Grad Norm: 2.9758 / Grad Diff: 1661.5162 / Time: 7.49s
======================================================================================================

= Test = round: 45 / acc: 82.300% / loss: 0.5570 / Time: 0.66s
======================================================================================================

round 45 local learning rate = 0.00011111111111111112

>>> Round:   46 / Acc: 81.153% / Loss: 0.5774 / Grad Norm: 3.0099 / Grad Diff: 1660.0139 / Time: 7.59s
======================================================================================================

round 46 local learning rate = 0.00010869565217391305

>>> Round:   47 / Acc: 81.292% / Loss: 0.5738 / Grad Norm: 2.9363 / Grad Diff: 1655.3315 / Time: 8.06s
======================================================================================================

round 47 local learning rate = 0.00010638297872340425

>>> Round:   48 / Acc: 81.415% / Loss: 0.5705 / Grad Norm: 2.9669 / Grad Diff: 1653.6609 / Time: 7.62s
======================================================================================================

round 48 local learning rate = 0.00010416666666666667

>>> Round:   49 / Acc: 81.533% / Loss: 0.5669 / Grad Norm: 2.8943 / Grad Diff: 1647.7740 / Time: 7.79s
======================================================================================================

round 49 local learning rate = 0.00010204081632653062

>>> Round:   50 / Acc: 81.622% / Loss: 0.5637 / Grad Norm: 2.8450 / Grad Diff: 1644.4393 / Time: 7.82s
======================================================================================================

= Test = round: 50 / acc: 82.750% / loss: 0.5410 / Time: 0.64s
======================================================================================================

round 50 local learning rate = 0.0001

>>> Round:   51 / Acc: 81.714% / Loss: 0.5607 / Grad Norm: 2.8683 / Grad Diff: 1640.5662 / Time: 8.59s
======================================================================================================

round 51 local learning rate = 9.80392156862745e-05

>>> Round:   52 / Acc: 81.823% / Loss: 0.5577 / Grad Norm: 2.8107 / Grad Diff: 1637.6209 / Time: 7.42s
======================================================================================================

round 52 local learning rate = 9.615384615384615e-05

>>> Round:   53 / Acc: 81.899% / Loss: 0.5548 / Grad Norm: 2.7944 / Grad Diff: 1633.2934 / Time: 7.41s
======================================================================================================

round 53 local learning rate = 9.433962264150943e-05

>>> Round:   54 / Acc: 82.028% / Loss: 0.5518 / Grad Norm: 2.7471 / Grad Diff: 1627.2157 / Time: 7.78s
======================================================================================================

round 54 local learning rate = 9.259259259259259e-05

>>> Round:   55 / Acc: 82.094% / Loss: 0.5492 / Grad Norm: 2.7889 / Grad Diff: 1625.9816 / Time: 8.78s
======================================================================================================

= Test = round: 55 / acc: 83.220% / loss: 0.5275 / Time: 0.60s
======================================================================================================

round 55 local learning rate = 9.090909090909092e-05

>>> Round:   56 / Acc: 82.208% / Loss: 0.5465 / Grad Norm: 2.7450 / Grad Diff: 1621.5051 / Time: 7.61s
======================================================================================================

round 56 local learning rate = 8.928571428571429e-05

>>> Round:   57 / Acc: 82.306% / Loss: 0.5438 / Grad Norm: 2.7249 / Grad Diff: 1617.5187 / Time: 8.50s
======================================================================================================

round 57 local learning rate = 8.771929824561404e-05

>>> Round:   58 / Acc: 82.389% / Loss: 0.5415 / Grad Norm: 2.8041 / Grad Diff: 1616.6625 / Time: 7.82s
======================================================================================================

round 58 local learning rate = 8.620689655172414e-05

>>> Round:   59 / Acc: 82.459% / Loss: 0.5389 / Grad Norm: 2.7442 / Grad Diff: 1612.2872 / Time: 7.58s
======================================================================================================

round 59 local learning rate = 8.474576271186441e-05

>>> Round:   60 / Acc: 82.530% / Loss: 0.5364 / Grad Norm: 2.7174 / Grad Diff: 1608.7892 / Time: 7.45s
======================================================================================================

= Test = round: 60 / acc: 83.610% / loss: 0.5156 / Time: 0.61s
======================================================================================================

round 60 local learning rate = 8.333333333333333e-05

>>> Round:   61 / Acc: 82.666% / Loss: 0.5342 / Grad Norm: 2.8042 / Grad Diff: 1608.1620 / Time: 7.44s
======================================================================================================

round 61 local learning rate = 8.19672131147541e-05

>>> Round:   62 / Acc: 82.758% / Loss: 0.5318 / Grad Norm: 2.7416 / Grad Diff: 1604.8661 / Time: 7.75s
======================================================================================================

round 62 local learning rate = 8.064516129032258e-05

>>> Round:   63 / Acc: 82.823% / Loss: 0.5296 / Grad Norm: 2.7100 / Grad Diff: 1601.3964 / Time: 7.92s
======================================================================================================

round 63 local learning rate = 7.936507936507937e-05

>>> Round:   64 / Acc: 82.891% / Loss: 0.5274 / Grad Norm: 2.7002 / Grad Diff: 1597.6493 / Time: 7.64s
======================================================================================================

round 64 local learning rate = 7.8125e-05

>>> Round:   65 / Acc: 82.967% / Loss: 0.5251 / Grad Norm: 2.6109 / Grad Diff: 1593.1360 / Time: 7.44s
======================================================================================================

= Test = round: 65 / acc: 83.980% / loss: 0.5050 / Time: 0.62s
======================================================================================================

round 65 local learning rate = 7.692307692307693e-05

>>> Round:   66 / Acc: 83.039% / Loss: 0.5230 / Grad Norm: 2.6265 / Grad Diff: 1588.8826 / Time: 7.52s
======================================================================================================

round 66 local learning rate = 7.575757575757576e-05

>>> Round:   67 / Acc: 83.122% / Loss: 0.5209 / Grad Norm: 2.5730 / Grad Diff: 1586.2635 / Time: 7.86s
======================================================================================================

round 67 local learning rate = 7.462686567164179e-05

>>> Round:   68 / Acc: 83.177% / Loss: 0.5189 / Grad Norm: 2.4862 / Grad Diff: 1581.2861 / Time: 10.04s
======================================================================================================

round 68 local learning rate = 7.352941176470589e-05

>>> Round:   69 / Acc: 83.273% / Loss: 0.5169 / Grad Norm: 2.5120 / Grad Diff: 1578.6190 / Time: 7.73s
======================================================================================================

round 69 local learning rate = 7.246376811594203e-05

>>> Round:   70 / Acc: 83.338% / Loss: 0.5150 / Grad Norm: 2.4407 / Grad Diff: 1574.9017 / Time: 8.05s
======================================================================================================

= Test = round: 70 / acc: 84.390% / loss: 0.4960 / Time: 0.65s
======================================================================================================

round 70 local learning rate = 7.142857142857143e-05

>>> Round:   71 / Acc: 83.378% / Loss: 0.5132 / Grad Norm: 2.4793 / Grad Diff: 1573.2626 / Time: 7.58s
======================================================================================================

round 71 local learning rate = 7.042253521126761e-05

>>> Round:   72 / Acc: 83.446% / Loss: 0.5113 / Grad Norm: 2.4482 / Grad Diff: 1569.5959 / Time: 7.64s
======================================================================================================

round 72 local learning rate = 6.944444444444444e-05

>>> Round:   73 / Acc: 83.515% / Loss: 0.5096 / Grad Norm: 2.4112 / Grad Diff: 1566.3830 / Time: 7.45s
======================================================================================================

round 73 local learning rate = 6.84931506849315e-05

>>> Round:   74 / Acc: 83.559% / Loss: 0.5080 / Grad Norm: 2.5296 / Grad Diff: 1565.9659 / Time: 9.30s
======================================================================================================

round 74 local learning rate = 6.756756756756757e-05

>>> Round:   75 / Acc: 83.600% / Loss: 0.5063 / Grad Norm: 2.4582 / Grad Diff: 1562.5448 / Time: 8.75s
======================================================================================================

= Test = round: 75 / acc: 84.640% / loss: 0.4878 / Time: 0.62s
======================================================================================================

round 75 local learning rate = 6.666666666666667e-05

>>> Round:   76 / Acc: 83.637% / Loss: 0.5046 / Grad Norm: 2.5034 / Grad Diff: 1560.9944 / Time: 7.58s
======================================================================================================

round 76 local learning rate = 6.578947368421052e-05

>>> Round:   77 / Acc: 83.720% / Loss: 0.5029 / Grad Norm: 2.4135 / Grad Diff: 1556.7157 / Time: 7.69s
======================================================================================================

round 77 local learning rate = 6.493506493506494e-05

>>> Round:   78 / Acc: 83.762% / Loss: 0.5013 / Grad Norm: 2.4087 / Grad Diff: 1553.8316 / Time: 6.94s
======================================================================================================

round 78 local learning rate = 6.41025641025641e-05

>>> Round:   79 / Acc: 83.814% / Loss: 0.4998 / Grad Norm: 2.3663 / Grad Diff: 1550.3336 / Time: 7.73s
======================================================================================================

round 79 local learning rate = 6.329113924050633e-05

>>> Round:   80 / Acc: 83.875% / Loss: 0.4982 / Grad Norm: 2.3053 / Grad Diff: 1546.8766 / Time: 7.78s
======================================================================================================

= Test = round: 80 / acc: 84.880% / loss: 0.4799 / Time: 0.61s
======================================================================================================

round 80 local learning rate = 6.25e-05

>>> Round:   81 / Acc: 83.935% / Loss: 0.4968 / Grad Norm: 2.3665 / Grad Diff: 1546.6827 / Time: 7.40s
======================================================================================================

round 81 local learning rate = 6.17283950617284e-05

>>> Round:   82 / Acc: 83.980% / Loss: 0.4952 / Grad Norm: 2.2938 / Grad Diff: 1542.8595 / Time: 6.75s
======================================================================================================

round 82 local learning rate = 6.097560975609756e-05

>>> Round:   83 / Acc: 83.998% / Loss: 0.4938 / Grad Norm: 2.3399 / Grad Diff: 1541.6472 / Time: 7.74s
======================================================================================================

round 83 local learning rate = 6.024096385542169e-05

>>> Round:   84 / Acc: 84.066% / Loss: 0.4924 / Grad Norm: 2.3268 / Grad Diff: 1539.5696 / Time: 7.89s
======================================================================================================

round 84 local learning rate = 5.9523809523809524e-05

>>> Round:   85 / Acc: 84.089% / Loss: 0.4910 / Grad Norm: 2.3596 / Grad Diff: 1537.4435 / Time: 7.79s
======================================================================================================

= Test = round: 85 / acc: 85.110% / loss: 0.4732 / Time: 0.62s
======================================================================================================

round 85 local learning rate = 5.882352941176471e-05

>>> Round:   86 / Acc: 84.135% / Loss: 0.4897 / Grad Norm: 2.4542 / Grad Diff: 1536.9584 / Time: 7.61s
======================================================================================================

round 86 local learning rate = 5.8139534883720933e-05

>>> Round:   87 / Acc: 84.190% / Loss: 0.4883 / Grad Norm: 2.4021 / Grad Diff: 1533.8581 / Time: 7.53s
======================================================================================================

round 87 local learning rate = 5.747126436781609e-05

>>> Round:   88 / Acc: 84.232% / Loss: 0.4869 / Grad Norm: 2.3477 / Grad Diff: 1530.7585 / Time: 7.66s
======================================================================================================

round 88 local learning rate = 5.681818181818182e-05

>>> Round:   89 / Acc: 84.269% / Loss: 0.4856 / Grad Norm: 2.2998 / Grad Diff: 1527.4695 / Time: 7.64s
======================================================================================================

round 89 local learning rate = 5.617977528089888e-05

>>> Round:   90 / Acc: 84.319% / Loss: 0.4844 / Grad Norm: 2.3309 / Grad Diff: 1526.3175 / Time: 7.81s
======================================================================================================

= Test = round: 90 / acc: 85.270% / loss: 0.4668 / Time: 0.67s
======================================================================================================

round 90 local learning rate = 5.555555555555556e-05

>>> Round:   91 / Acc: 84.367% / Loss: 0.4831 / Grad Norm: 2.3079 / Grad Diff: 1522.7867 / Time: 7.40s
======================================================================================================

round 91 local learning rate = 5.4945054945054945e-05

>>> Round:   92 / Acc: 84.417% / Loss: 0.4819 / Grad Norm: 2.3549 / Grad Diff: 1521.5686 / Time: 8.61s
======================================================================================================

round 92 local learning rate = 5.4347826086956524e-05

>>> Round:   93 / Acc: 84.476% / Loss: 0.4806 / Grad Norm: 2.2974 / Grad Diff: 1517.2424 / Time: 8.20s
======================================================================================================

round 93 local learning rate = 5.3763440860215054e-05

>>> Round:   94 / Acc: 84.518% / Loss: 0.4793 / Grad Norm: 2.2451 / Grad Diff: 1513.2207 / Time: 7.66s
======================================================================================================

round 94 local learning rate = 5.319148936170213e-05

>>> Round:   95 / Acc: 84.548% / Loss: 0.4781 / Grad Norm: 2.2170 / Grad Diff: 1510.2730 / Time: 7.75s
======================================================================================================

= Test = round: 95 / acc: 85.470% / loss: 0.4609 / Time: 0.69s
======================================================================================================

round 95 local learning rate = 5.2631578947368424e-05

>>> Round:   96 / Acc: 84.585% / Loss: 0.4770 / Grad Norm: 2.2674 / Grad Diff: 1509.1858 / Time: 7.93s
======================================================================================================

round 96 local learning rate = 5.208333333333334e-05

>>> Round:   97 / Acc: 84.624% / Loss: 0.4757 / Grad Norm: 2.1998 / Grad Diff: 1505.6700 / Time: 7.21s
======================================================================================================

round 97 local learning rate = 5.154639175257732e-05

>>> Round:   98 / Acc: 84.642% / Loss: 0.4747 / Grad Norm: 2.2888 / Grad Diff: 1506.0494 / Time: 7.75s
======================================================================================================

round 98 local learning rate = 5.102040816326531e-05

>>> Round:   99 / Acc: 84.675% / Loss: 0.4735 / Grad Norm: 2.2532 / Grad Diff: 1502.6394 / Time: 8.81s
======================================================================================================

round 99 local learning rate = 5.0505050505050505e-05

>>> Round:  100 / Acc: 84.705% / Loss: 0.4724 / Grad Norm: 2.2609 / Grad Diff: 1500.3413 / Time: 8.54s
======================================================================================================

= Test = round: 100 / acc: 85.610% / loss: 0.4555 / Time: 0.63s
======================================================================================================

round 100 local learning rate = 5e-05

>>> Round:  101 / Acc: 84.742% / Loss: 0.4713 / Grad Norm: 2.2268 / Grad Diff: 1497.1055 / Time: 8.15s
======================================================================================================

round 101 local learning rate = 4.950495049504951e-05

>>> Round:  102 / Acc: 84.780% / Loss: 0.4702 / Grad Norm: 2.1725 / Grad Diff: 1493.4220 / Time: 7.67s
======================================================================================================

round 102 local learning rate = 4.901960784313725e-05

>>> Round:  103 / Acc: 84.823% / Loss: 0.4692 / Grad Norm: 2.1181 / Grad Diff: 1490.7210 / Time: 7.57s
======================================================================================================

round 103 local learning rate = 4.854368932038835e-05

>>> Round:  104 / Acc: 84.828% / Loss: 0.4681 / Grad Norm: 2.1569 / Grad Diff: 1489.7748 / Time: 8.76s
======================================================================================================

round 104 local learning rate = 4.807692307692308e-05

>>> Round:  105 / Acc: 84.876% / Loss: 0.4671 / Grad Norm: 2.1457 / Grad Diff: 1488.3068 / Time: 8.73s
======================================================================================================

= Test = round: 105 / acc: 85.730% / loss: 0.4507 / Time: 0.61s
======================================================================================================

round 105 local learning rate = 4.761904761904762e-05

>>> Round:  106 / Acc: 84.913% / Loss: 0.4662 / Grad Norm: 2.1670 / Grad Diff: 1486.9708 / Time: 7.88s
======================================================================================================

round 106 local learning rate = 4.7169811320754715e-05

>>> Round:  107 / Acc: 84.939% / Loss: 0.4652 / Grad Norm: 2.1538 / Grad Diff: 1485.1571 / Time: 7.40s
======================================================================================================

round 107 local learning rate = 4.672897196261682e-05

>>> Round:  108 / Acc: 84.969% / Loss: 0.4642 / Grad Norm: 2.1735 / Grad Diff: 1483.7225 / Time: 7.55s
======================================================================================================

round 108 local learning rate = 4.6296296296296294e-05

>>> Round:  109 / Acc: 84.994% / Loss: 0.4633 / Grad Norm: 2.1653 / Grad Diff: 1481.7217 / Time: 7.42s
======================================================================================================

round 109 local learning rate = 4.587155963302752e-05

>>> Round:  110 / Acc: 85.033% / Loss: 0.4623 / Grad Norm: 2.1029 / Grad Diff: 1478.1944 / Time: 7.59s
======================================================================================================

= Test = round: 110 / acc: 85.880% / loss: 0.4462 / Time: 0.63s
======================================================================================================

round 110 local learning rate = 4.545454545454546e-05

>>> Round:  111 / Acc: 85.066% / Loss: 0.4613 / Grad Norm: 2.0787 / Grad Diff: 1475.9147 / Time: 7.39s
======================================================================================================

round 111 local learning rate = 4.5045045045045046e-05

>>> Round:  112 / Acc: 85.120% / Loss: 0.4604 / Grad Norm: 2.0482 / Grad Diff: 1473.1871 / Time: 7.29s
======================================================================================================

round 112 local learning rate = 4.464285714285714e-05

>>> Round:  113 / Acc: 85.166% / Loss: 0.4595 / Grad Norm: 2.0423 / Grad Diff: 1470.5522 / Time: 7.54s
======================================================================================================

round 113 local learning rate = 4.424778761061947e-05

>>> Round:  114 / Acc: 85.188% / Loss: 0.4586 / Grad Norm: 2.0702 / Grad Diff: 1469.6873 / Time: 7.44s
======================================================================================================

round 114 local learning rate = 4.385964912280702e-05

>>> Round:  115 / Acc: 85.212% / Loss: 0.4576 / Grad Norm: 2.0646 / Grad Diff: 1466.9677 / Time: 7.19s
======================================================================================================

= Test = round: 115 / acc: 85.960% / loss: 0.4417 / Time: 0.60s
======================================================================================================

round 115 local learning rate = 4.347826086956522e-05

>>> Round:  116 / Acc: 85.247% / Loss: 0.4568 / Grad Norm: 2.1032 / Grad Diff: 1465.0905 / Time: 7.49s
======================================================================================================

round 116 local learning rate = 4.310344827586207e-05

>>> Round:  117 / Acc: 85.269% / Loss: 0.4559 / Grad Norm: 2.1329 / Grad Diff: 1463.6048 / Time: 7.37s
======================================================================================================

round 117 local learning rate = 4.2735042735042735e-05

>>> Round:  118 / Acc: 85.292% / Loss: 0.4551 / Grad Norm: 2.1129 / Grad Diff: 1462.1417 / Time: 7.43s
======================================================================================================

round 118 local learning rate = 4.2372881355932206e-05

>>> Round:  119 / Acc: 85.334% / Loss: 0.4542 / Grad Norm: 2.0610 / Grad Diff: 1459.5878 / Time: 7.26s
======================================================================================================

round 119 local learning rate = 4.201680672268908e-05

>>> Round:  120 / Acc: 85.349% / Loss: 0.4534 / Grad Norm: 2.0889 / Grad Diff: 1457.9959 / Time: 7.22s
======================================================================================================

= Test = round: 120 / acc: 86.110% / loss: 0.4376 / Time: 0.59s
======================================================================================================

round 120 local learning rate = 4.1666666666666665e-05

>>> Round:  121 / Acc: 85.365% / Loss: 0.4526 / Grad Norm: 2.1313 / Grad Diff: 1457.1490 / Time: 7.26s
======================================================================================================

round 121 local learning rate = 4.132231404958678e-05

>>> Round:  122 / Acc: 85.391% / Loss: 0.4518 / Grad Norm: 2.1590 / Grad Diff: 1456.3663 / Time: 7.37s
======================================================================================================

round 122 local learning rate = 4.098360655737705e-05

>>> Round:  123 / Acc: 85.410% / Loss: 0.4510 / Grad Norm: 2.1674 / Grad Diff: 1453.8519 / Time: 7.19s
======================================================================================================

round 123 local learning rate = 4.065040650406504e-05

>>> Round:  124 / Acc: 85.446% / Loss: 0.4500 / Grad Norm: 2.0574 / Grad Diff: 1449.7882 / Time: 7.50s
======================================================================================================

round 124 local learning rate = 4.032258064516129e-05

>>> Round:  125 / Acc: 85.513% / Loss: 0.4492 / Grad Norm: 1.9945 / Grad Diff: 1447.0003 / Time: 7.60s
======================================================================================================

= Test = round: 125 / acc: 86.220% / loss: 0.4337 / Time: 0.62s
======================================================================================================

round 125 local learning rate = 4e-05

>>> Round:  126 / Acc: 85.533% / Loss: 0.4484 / Grad Norm: 2.0001 / Grad Diff: 1446.0935 / Time: 7.35s
======================================================================================================

round 126 local learning rate = 3.968253968253968e-05

>>> Round:  127 / Acc: 85.554% / Loss: 0.4477 / Grad Norm: 2.0356 / Grad Diff: 1445.0665 / Time: 7.34s
======================================================================================================

round 127 local learning rate = 3.937007874015748e-05

>>> Round:  128 / Acc: 85.559% / Loss: 0.4469 / Grad Norm: 2.0192 / Grad Diff: 1442.8794 / Time: 7.82s
======================================================================================================

round 128 local learning rate = 3.90625e-05

>>> Round:  129 / Acc: 85.601% / Loss: 0.4461 / Grad Norm: 1.9948 / Grad Diff: 1440.3389 / Time: 9.00s
======================================================================================================

round 129 local learning rate = 3.875968992248062e-05

>>> Round:  130 / Acc: 85.616% / Loss: 0.4455 / Grad Norm: 2.0713 / Grad Diff: 1440.4934 / Time: 7.78s
======================================================================================================

= Test = round: 130 / acc: 86.360% / loss: 0.4302 / Time: 0.61s
======================================================================================================

round 130 local learning rate = 3.846153846153846e-05

>>> Round:  131 / Acc: 85.646% / Loss: 0.4447 / Grad Norm: 2.0831 / Grad Diff: 1438.3850 / Time: 7.53s
======================================================================================================

round 131 local learning rate = 3.816793893129771e-05

>>> Round:  132 / Acc: 85.664% / Loss: 0.4440 / Grad Norm: 2.0561 / Grad Diff: 1436.8510 / Time: 7.74s
======================================================================================================

round 132 local learning rate = 3.787878787878788e-05

>>> Round:  133 / Acc: 85.694% / Loss: 0.4433 / Grad Norm: 2.0665 / Grad Diff: 1435.4208 / Time: 7.57s
======================================================================================================

round 133 local learning rate = 3.759398496240601e-05

>>> Round:  134 / Acc: 85.736% / Loss: 0.4425 / Grad Norm: 2.0088 / Grad Diff: 1432.1295 / Time: 7.51s
======================================================================================================

round 134 local learning rate = 3.7313432835820896e-05

>>> Round:  135 / Acc: 85.771% / Loss: 0.4418 / Grad Norm: 1.9709 / Grad Diff: 1429.2508 / Time: 6.90s
======================================================================================================

= Test = round: 135 / acc: 86.450% / loss: 0.4268 / Time: 0.58s
======================================================================================================

round 135 local learning rate = 3.7037037037037037e-05

>>> Round:  136 / Acc: 85.803% / Loss: 0.4411 / Grad Norm: 1.9588 / Grad Diff: 1427.6807 / Time: 6.97s
======================================================================================================

round 136 local learning rate = 3.6764705882352945e-05

>>> Round:  137 / Acc: 85.832% / Loss: 0.4404 / Grad Norm: 1.9749 / Grad Diff: 1426.3426 / Time: 7.41s
======================================================================================================

round 137 local learning rate = 3.649635036496351e-05

>>> Round:  138 / Acc: 85.839% / Loss: 0.4397 / Grad Norm: 1.9411 / Grad Diff: 1424.6885 / Time: 7.47s
======================================================================================================

round 138 local learning rate = 3.6231884057971014e-05

>>> Round:  139 / Acc: 85.832% / Loss: 0.4391 / Grad Norm: 1.9702 / Grad Diff: 1422.8983 / Time: 7.43s
======================================================================================================

round 139 local learning rate = 3.597122302158273e-05

>>> Round:  140 / Acc: 85.886% / Loss: 0.4384 / Grad Norm: 1.9579 / Grad Diff: 1420.5975 / Time: 7.39s
======================================================================================================

= Test = round: 140 / acc: 86.570% / loss: 0.4235 / Time: 0.63s
======================================================================================================

round 140 local learning rate = 3.571428571428572e-05

>>> Round:  141 / Acc: 85.915% / Loss: 0.4377 / Grad Norm: 1.9381 / Grad Diff: 1418.8004 / Time: 7.68s
======================================================================================================

round 141 local learning rate = 3.546099290780142e-05

>>> Round:  142 / Acc: 85.946% / Loss: 0.4370 / Grad Norm: 1.9497 / Grad Diff: 1417.5093 / Time: 7.73s
======================================================================================================

round 142 local learning rate = 3.5211267605633805e-05

>>> Round:  143 / Acc: 85.989% / Loss: 0.4363 / Grad Norm: 1.8574 / Grad Diff: 1414.0488 / Time: 7.60s
======================================================================================================

round 143 local learning rate = 3.4965034965034965e-05

>>> Round:  144 / Acc: 86.009% / Loss: 0.4358 / Grad Norm: 1.9510 / Grad Diff: 1414.8526 / Time: 8.22s
======================================================================================================

round 144 local learning rate = 3.472222222222222e-05

>>> Round:  145 / Acc: 86.031% / Loss: 0.4351 / Grad Norm: 1.9822 / Grad Diff: 1413.7972 / Time: 7.70s
======================================================================================================

= Test = round: 145 / acc: 86.630% / loss: 0.4203 / Time: 0.61s
======================================================================================================

round 145 local learning rate = 3.4482758620689657e-05

>>> Round:  146 / Acc: 86.050% / Loss: 0.4345 / Grad Norm: 1.9399 / Grad Diff: 1410.8818 / Time: 7.75s
======================================================================================================

round 146 local learning rate = 3.424657534246575e-05

>>> Round:  147 / Acc: 86.072% / Loss: 0.4338 / Grad Norm: 1.8720 / Grad Diff: 1407.6930 / Time: 7.44s
======================================================================================================

round 147 local learning rate = 3.401360544217687e-05

>>> Round:  148 / Acc: 86.068% / Loss: 0.4332 / Grad Norm: 1.8905 / Grad Diff: 1406.7638 / Time: 7.61s
======================================================================================================

round 148 local learning rate = 3.3783783783783784e-05

>>> Round:  149 / Acc: 86.107% / Loss: 0.4326 / Grad Norm: 1.8988 / Grad Diff: 1405.6557 / Time: 7.41s
======================================================================================================

round 149 local learning rate = 3.3557046979865775e-05

>>> Round:  150 / Acc: 86.129% / Loss: 0.4320 / Grad Norm: 1.9091 / Grad Diff: 1403.7133 / Time: 7.54s
======================================================================================================

= Test = round: 150 / acc: 86.740% / loss: 0.4172 / Time: 0.61s
======================================================================================================

round 150 local learning rate = 3.3333333333333335e-05

>>> Round:  151 / Acc: 86.140% / Loss: 0.4314 / Grad Norm: 1.9106 / Grad Diff: 1402.0771 / Time: 7.42s
======================================================================================================

round 151 local learning rate = 3.3112582781456954e-05

>>> Round:  152 / Acc: 86.157% / Loss: 0.4308 / Grad Norm: 1.8781 / Grad Diff: 1399.1929 / Time: 7.64s
======================================================================================================

round 152 local learning rate = 3.289473684210526e-05

>>> Round:  153 / Acc: 86.185% / Loss: 0.4301 / Grad Norm: 1.8373 / Grad Diff: 1397.6285 / Time: 7.47s
======================================================================================================

round 153 local learning rate = 3.2679738562091506e-05

>>> Round:  154 / Acc: 86.194% / Loss: 0.4296 / Grad Norm: 1.8314 / Grad Diff: 1396.7189 / Time: 7.44s
======================================================================================================

round 154 local learning rate = 3.246753246753247e-05

>>> Round:  155 / Acc: 86.223% / Loss: 0.4290 / Grad Norm: 1.8451 / Grad Diff: 1394.8850 / Time: 7.65s
======================================================================================================

= Test = round: 155 / acc: 86.850% / loss: 0.4142 / Time: 0.63s
======================================================================================================

round 155 local learning rate = 3.2258064516129034e-05

>>> Round:  156 / Acc: 86.245% / Loss: 0.4285 / Grad Norm: 1.9097 / Grad Diff: 1394.7724 / Time: 7.54s
======================================================================================================

round 156 local learning rate = 3.205128205128205e-05

>>> Round:  157 / Acc: 86.251% / Loss: 0.4280 / Grad Norm: 1.9479 / Grad Diff: 1395.1612 / Time: 7.46s
======================================================================================================

round 157 local learning rate = 3.184713375796179e-05

>>> Round:  158 / Acc: 86.271% / Loss: 0.4275 / Grad Norm: 1.9342 / Grad Diff: 1393.0402 / Time: 7.73s
======================================================================================================

round 158 local learning rate = 3.1645569620253167e-05

>>> Round:  159 / Acc: 86.292% / Loss: 0.4269 / Grad Norm: 1.9050 / Grad Diff: 1391.2820 / Time: 7.45s
======================================================================================================

round 159 local learning rate = 3.144654088050314e-05

>>> Round:  160 / Acc: 86.312% / Loss: 0.4263 / Grad Norm: 1.8493 / Grad Diff: 1388.5544 / Time: 7.34s
======================================================================================================

= Test = round: 160 / acc: 86.950% / loss: 0.4117 / Time: 0.75s
======================================================================================================

round 160 local learning rate = 3.125e-05

>>> Round:  161 / Acc: 86.325% / Loss: 0.4258 / Grad Norm: 1.8803 / Grad Diff: 1388.0464 / Time: 7.59s
======================================================================================================

round 161 local learning rate = 3.1055900621118014e-05

>>> Round:  162 / Acc: 86.341% / Loss: 0.4252 / Grad Norm: 1.7997 / Grad Diff: 1384.4288 / Time: 7.17s
======================================================================================================

round 162 local learning rate = 3.08641975308642e-05

>>> Round:  163 / Acc: 86.371% / Loss: 0.4246 / Grad Norm: 1.7737 / Grad Diff: 1382.0302 / Time: 7.61s
======================================================================================================

round 163 local learning rate = 3.067484662576687e-05

>>> Round:  164 / Acc: 86.387% / Loss: 0.4241 / Grad Norm: 1.7828 / Grad Diff: 1380.7983 / Time: 7.26s
======================================================================================================

round 164 local learning rate = 3.048780487804878e-05

>>> Round:  165 / Acc: 86.393% / Loss: 0.4236 / Grad Norm: 1.8183 / Grad Diff: 1380.1049 / Time: 7.54s
======================================================================================================

= Test = round: 165 / acc: 86.950% / loss: 0.4091 / Time: 0.60s
======================================================================================================

round 165 local learning rate = 3.0303030303030302e-05

>>> Round:  166 / Acc: 86.400% / Loss: 0.4231 / Grad Norm: 1.8530 / Grad Diff: 1379.2855 / Time: 6.98s
======================================================================================================

round 166 local learning rate = 3.0120481927710845e-05

>>> Round:  167 / Acc: 86.430% / Loss: 0.4225 / Grad Norm: 1.8147 / Grad Diff: 1377.2058 / Time: 7.22s
======================================================================================================

round 167 local learning rate = 2.994011976047904e-05

>>> Round:  168 / Acc: 86.454% / Loss: 0.4221 / Grad Norm: 1.9063 / Grad Diff: 1377.9668 / Time: 7.07s
======================================================================================================

round 168 local learning rate = 2.9761904761904762e-05

>>> Round:  169 / Acc: 86.445% / Loss: 0.4216 / Grad Norm: 1.9011 / Grad Diff: 1376.5873 / Time: 7.33s
======================================================================================================

round 169 local learning rate = 2.9585798816568047e-05

>>> Round:  170 / Acc: 86.483% / Loss: 0.4211 / Grad Norm: 1.8924 / Grad Diff: 1375.3533 / Time: 7.19s
======================================================================================================

= Test = round: 170 / acc: 87.060% / loss: 0.4067 / Time: 0.59s
======================================================================================================

round 170 local learning rate = 2.9411764705882354e-05

>>> Round:  171 / Acc: 86.504% / Loss: 0.4205 / Grad Norm: 1.7997 / Grad Diff: 1371.9473 / Time: 7.17s
======================================================================================================

round 171 local learning rate = 2.9239766081871346e-05

>>> Round:  172 / Acc: 86.537% / Loss: 0.4200 / Grad Norm: 1.7749 / Grad Diff: 1369.7965 / Time: 7.21s
======================================================================================================

round 172 local learning rate = 2.9069767441860467e-05

>>> Round:  173 / Acc: 86.557% / Loss: 0.4195 / Grad Norm: 1.7647 / Grad Diff: 1367.9202 / Time: 7.13s
======================================================================================================

round 173 local learning rate = 2.8901734104046242e-05

>>> Round:  174 / Acc: 86.577% / Loss: 0.4190 / Grad Norm: 1.8129 / Grad Diff: 1368.0451 / Time: 7.40s
======================================================================================================

round 174 local learning rate = 2.8735632183908045e-05

>>> Round:  175 / Acc: 86.592% / Loss: 0.4185 / Grad Norm: 1.7595 / Grad Diff: 1365.2276 / Time: 7.73s
======================================================================================================

= Test = round: 175 / acc: 87.160% / loss: 0.4041 / Time: 0.65s
======================================================================================================

round 175 local learning rate = 2.857142857142857e-05

>>> Round:  176 / Acc: 86.618% / Loss: 0.4181 / Grad Norm: 1.7961 / Grad Diff: 1365.0239 / Time: 8.14s
======================================================================================================

round 176 local learning rate = 2.840909090909091e-05

>>> Round:  177 / Acc: 86.614% / Loss: 0.4176 / Grad Norm: 1.8651 / Grad Diff: 1365.2693 / Time: 8.12s
======================================================================================================

round 177 local learning rate = 2.824858757062147e-05

>>> Round:  178 / Acc: 86.664% / Loss: 0.4171 / Grad Norm: 1.7448 / Grad Diff: 1361.3410 / Time: 8.11s
======================================================================================================

round 178 local learning rate = 2.808988764044944e-05

>>> Round:  179 / Acc: 86.666% / Loss: 0.4166 / Grad Norm: 1.6797 / Grad Diff: 1358.4320 / Time: 7.25s
======================================================================================================

round 179 local learning rate = 2.793296089385475e-05

>>> Round:  180 / Acc: 86.692% / Loss: 0.4161 / Grad Norm: 1.6356 / Grad Diff: 1355.8464 / Time: 7.12s
======================================================================================================

= Test = round: 180 / acc: 87.190% / loss: 0.4018 / Time: 0.57s
======================================================================================================

round 180 local learning rate = 2.777777777777778e-05

>>> Round:  181 / Acc: 86.699% / Loss: 0.4156 / Grad Norm: 1.6282 / Grad Diff: 1355.0170 / Time: 7.19s
======================================================================================================

round 181 local learning rate = 2.7624309392265193e-05

>>> Round:  182 / Acc: 86.708% / Loss: 0.4152 / Grad Norm: 1.6507 / Grad Diff: 1354.3419 / Time: 7.86s
======================================================================================================

round 182 local learning rate = 2.7472527472527473e-05

>>> Round:  183 / Acc: 86.705% / Loss: 0.4147 / Grad Norm: 1.6718 / Grad Diff: 1353.4709 / Time: 7.50s
======================================================================================================

round 183 local learning rate = 2.73224043715847e-05

>>> Round:  184 / Acc: 86.714% / Loss: 0.4144 / Grad Norm: 1.8154 / Grad Diff: 1355.5496 / Time: 7.65s
======================================================================================================

round 184 local learning rate = 2.7173913043478262e-05

>>> Round:  185 / Acc: 86.729% / Loss: 0.4139 / Grad Norm: 1.7975 / Grad Diff: 1353.8499 / Time: 8.17s
======================================================================================================

= Test = round: 185 / acc: 87.250% / loss: 0.3996 / Time: 0.67s
======================================================================================================

round 185 local learning rate = 2.7027027027027027e-05

>>> Round:  186 / Acc: 86.745% / Loss: 0.4135 / Grad Norm: 1.7278 / Grad Diff: 1351.2817 / Time: 8.28s
======================================================================================================

round 186 local learning rate = 2.6881720430107527e-05

>>> Round:  187 / Acc: 86.771% / Loss: 0.4131 / Grad Norm: 1.7263 / Grad Diff: 1350.4232 / Time: 8.40s
======================================================================================================

round 187 local learning rate = 2.6737967914438505e-05

>>> Round:  188 / Acc: 86.801% / Loss: 0.4126 / Grad Norm: 1.7612 / Grad Diff: 1349.7772 / Time: 8.11s
======================================================================================================

round 188 local learning rate = 2.6595744680851064e-05

>>> Round:  189 / Acc: 86.825% / Loss: 0.4122 / Grad Norm: 1.7357 / Grad Diff: 1347.8951 / Time: 8.17s
======================================================================================================

round 189 local learning rate = 2.6455026455026456e-05

>>> Round:  190 / Acc: 86.830% / Loss: 0.4117 / Grad Norm: 1.6845 / Grad Diff: 1345.1553 / Time: 8.41s
======================================================================================================

= Test = round: 190 / acc: 87.330% / loss: 0.3974 / Time: 0.69s
======================================================================================================

round 190 local learning rate = 2.6315789473684212e-05

>>> Round:  191 / Acc: 86.858% / Loss: 0.4113 / Grad Norm: 1.6938 / Grad Diff: 1344.2432 / Time: 9.05s
======================================================================================================

round 191 local learning rate = 2.6178010471204188e-05

>>> Round:  192 / Acc: 86.863% / Loss: 0.4109 / Grad Norm: 1.7146 / Grad Diff: 1343.2610 / Time: 8.43s
======================================================================================================

round 192 local learning rate = 2.604166666666667e-05

>>> Round:  193 / Acc: 86.876% / Loss: 0.4105 / Grad Norm: 1.7283 / Grad Diff: 1342.4200 / Time: 8.33s
======================================================================================================

round 193 local learning rate = 2.5906735751295337e-05

>>> Round:  194 / Acc: 86.899% / Loss: 0.4101 / Grad Norm: 1.7294 / Grad Diff: 1340.7533 / Time: 8.28s
======================================================================================================

round 194 local learning rate = 2.577319587628866e-05

>>> Round:  195 / Acc: 86.908% / Loss: 0.4097 / Grad Norm: 1.7752 / Grad Diff: 1340.5530 / Time: 8.09s
======================================================================================================

= Test = round: 195 / acc: 87.410% / loss: 0.3956 / Time: 0.70s
======================================================================================================

round 195 local learning rate = 2.5641025641025643e-05

>>> Round:  196 / Acc: 86.923% / Loss: 0.4093 / Grad Norm: 1.7077 / Grad Diff: 1338.1597 / Time: 8.86s
======================================================================================================

round 196 local learning rate = 2.5510204081632654e-05

>>> Round:  197 / Acc: 86.945% / Loss: 0.4088 / Grad Norm: 1.6505 / Grad Diff: 1335.5158 / Time: 8.63s
======================================================================================================

round 197 local learning rate = 2.5380710659898476e-05

>>> Round:  198 / Acc: 86.963% / Loss: 0.4084 / Grad Norm: 1.6554 / Grad Diff: 1334.6882 / Time: 8.85s
======================================================================================================

round 198 local learning rate = 2.5252525252525253e-05

>>> Round:  199 / Acc: 86.982% / Loss: 0.4080 / Grad Norm: 1.6717 / Grad Diff: 1334.1078 / Time: 8.37s
======================================================================================================

round 199 local learning rate = 2.5125628140703518e-05

>>> Round:  200 / Acc: 86.991% / Loss: 0.4076 / Grad Norm: 1.6496 / Grad Diff: 1332.4235 / Time: 8.33s
======================================================================================================

= Test = round: 200 / acc: 87.470% / loss: 0.3937 / Time: 0.68s
======================================================================================================

