nohup: ignoring input
Using device: cuda:0
>>> Arguments:
	             algo : fedavgtl
	            alpha : 51871.0
	       batch_size : 32
	clients_per_round : 100
	          dataset : mnist_all_data_1_equal_niid
	           device : cuda:0
	              dis : 
	   early_stopping : 20
	       eval_every : 5
	    ft_batch_size : 128
	       ft_dataset : mnist-m
	        ft_epochs : 2
	            ft_lr : 0.01
	            ft_wd : 0.0
	              gpu : True
	      input_shape : (1, 28, 28)
	           last_k : 2
	               lr : 0.005
	            model : lenet
	           n_init : 5
	        noaverage : False
	          noprint : False
	        num_class : 10
	        num_epoch : 1
	        num_round : 200
	           opt_lr : False
	            reg_J : True
	       reg_J_coef : 0.0001
	             seed : 0
	               wd : 0.0
>>> Read data from:
     ./data/mnist/data/all_data_1.pkl
>>> The estimate of constant alpha is 51871.0.
>>> Read data from:
     ./data/mnist/data/train/all_data_1_equal_niid.pkl
     ./data/mnist/data/test/all_data_1_equal_niid.pkl
>>> Use gpu on device cuda:0
>>> Model statistic per layer
LeNet_MNIST(
  286.12 KMac, 100.000% MACs, 
  (conv1): Conv2d(89.856 KMac, 31.405% MACs, 1, 6, kernel_size=(5, 5), stride=(1, 1))
  (conv2): Conv2d(154.624 KMac, 54.042% MACs, 6, 16, kernel_size=(5, 5), stride=(1, 1))
  (fc1): Linear(30.72 KMac, 10.737% MACs, in_features=256, out_features=120, bias=True)
  (fc2): Linear(10.08 KMac, 3.523% MACs, in_features=120, out_features=84, bias=True)
  (fc3): Linear(840.0 Mac, 0.294% MACs, in_features=84, out_features=10, bias=True)
)
>>> Activate a worker for training
>>> Initialize 100 clients in total
>>> Weigh updates by simple average
>>> Select 100 clients per round 


>>> Round:    0 / Acc: 15.046% / Loss: 11.9359 / Grad Norm: 151.2291 / Grad Diff: 35543.9973 / Time: 7.66s
======================================================================================================

= Test = round: 0 / acc: 16.440% / loss: 11.5603 / Time: 0.63s
======================================================================================================

round 0 local learning rate = 0.005

>>> Round:    1 / Acc: 15.472% / Loss: 2.4302 / Grad Norm: 6.7525 / Grad Diff: 568.9219 / Time: 7.66s
======================================================================================================

round 1 local learning rate = 0.005

>>> Round:    2 / Acc: 25.666% / Loss: 2.0906 / Grad Norm: 4.7836 / Grad Diff: 527.8787 / Time: 7.84s
======================================================================================================

round 2 local learning rate = 0.0025

>>> Round:    3 / Acc: 33.808% / Loss: 1.8998 / Grad Norm: 5.5458 / Grad Diff: 801.3274 / Time: 7.55s
======================================================================================================

round 3 local learning rate = 0.0016666666666666668

>>> Round:    4 / Acc: 39.911% / Loss: 1.7474 / Grad Norm: 6.1792 / Grad Diff: 1026.7625 / Time: 7.81s
======================================================================================================

round 4 local learning rate = 0.00125

>>> Round:    5 / Acc: 44.790% / Loss: 1.6194 / Grad Norm: 6.1782 / Grad Diff: 1185.4688 / Time: 7.71s
======================================================================================================

= Test = round: 5 / acc: 45.620% / loss: 1.5965 / Time: 0.61s
======================================================================================================

round 5 local learning rate = 0.001

>>> Round:    6 / Acc: 48.780% / Loss: 1.5136 / Grad Norm: 6.0413 / Grad Diff: 1302.5712 / Time: 8.00s
======================================================================================================

round 6 local learning rate = 0.0008333333333333334

>>> Round:    7 / Acc: 51.983% / Loss: 1.4271 / Grad Norm: 5.9311 / Grad Diff: 1386.8539 / Time: 7.89s
======================================================================================================

round 7 local learning rate = 0.0007142857142857143

>>> Round:    8 / Acc: 54.594% / Loss: 1.3564 / Grad Norm: 5.8759 / Grad Diff: 1450.2214 / Time: 8.09s
======================================================================================================

round 8 local learning rate = 0.000625

>>> Round:    9 / Acc: 56.701% / Loss: 1.2954 / Grad Norm: 5.6601 / Grad Diff: 1491.9116 / Time: 8.11s
======================================================================================================

round 9 local learning rate = 0.0005555555555555556

>>> Round:   10 / Acc: 58.577% / Loss: 1.2428 / Grad Norm: 5.3911 / Grad Diff: 1521.6791 / Time: 7.94s
======================================================================================================

= Test = round: 10 / acc: 59.610% / loss: 1.2110 / Time: 0.64s
======================================================================================================

round 10 local learning rate = 0.0005

>>> Round:   11 / Acc: 60.236% / Loss: 1.1977 / Grad Norm: 5.2300 / Grad Diff: 1545.5216 / Time: 8.07s
======================================================================================================

round 11 local learning rate = 0.00045454545454545455

>>> Round:   12 / Acc: 61.649% / Loss: 1.1591 / Grad Norm: 5.1747 / Grad Diff: 1562.7581 / Time: 8.36s
======================================================================================================

round 12 local learning rate = 0.0004166666666666667

>>> Round:   13 / Acc: 62.803% / Loss: 1.1241 / Grad Norm: 4.9458 / Grad Diff: 1575.0130 / Time: 8.15s
======================================================================================================

round 13 local learning rate = 0.0003846153846153846

>>> Round:   14 / Acc: 63.908% / Loss: 1.0925 / Grad Norm: 4.7730 / Grad Diff: 1580.5162 / Time: 8.29s
======================================================================================================

round 14 local learning rate = 0.00035714285714285714

>>> Round:   15 / Acc: 64.777% / Loss: 1.0650 / Grad Norm: 4.7520 / Grad Diff: 1586.0081 / Time: 8.13s
======================================================================================================

= Test = round: 15 / acc: 65.800% / loss: 1.0315 / Time: 0.71s
======================================================================================================

round 15 local learning rate = 0.0003333333333333333

>>> Round:   16 / Acc: 65.598% / Loss: 1.0400 / Grad Norm: 4.6821 / Grad Diff: 1585.9375 / Time: 8.99s
======================================================================================================

round 16 local learning rate = 0.0003125

>>> Round:   17 / Acc: 66.424% / Loss: 1.0170 / Grad Norm: 4.5030 / Grad Diff: 1583.7428 / Time: 7.94s
======================================================================================================

round 17 local learning rate = 0.00029411764705882356

>>> Round:   18 / Acc: 67.087% / Loss: 0.9964 / Grad Norm: 4.4932 / Grad Diff: 1583.5605 / Time: 8.00s
======================================================================================================

round 18 local learning rate = 0.0002777777777777778

>>> Round:   19 / Acc: 67.747% / Loss: 0.9770 / Grad Norm: 4.3923 / Grad Diff: 1579.6907 / Time: 7.79s
======================================================================================================

round 19 local learning rate = 0.0002631578947368421

>>> Round:   20 / Acc: 68.352% / Loss: 0.9588 / Grad Norm: 4.2772 / Grad Diff: 1574.2341 / Time: 7.96s
======================================================================================================

= Test = round: 20 / acc: 69.240% / loss: 0.9254 / Time: 0.63s
======================================================================================================

round 20 local learning rate = 0.00025

>>> Round:   21 / Acc: 68.891% / Loss: 0.9426 / Grad Norm: 4.2677 / Grad Diff: 1572.7193 / Time: 7.79s
======================================================================================================

round 21 local learning rate = 0.0002380952380952381

>>> Round:   22 / Acc: 69.387% / Loss: 0.9270 / Grad Norm: 4.1948 / Grad Diff: 1565.5788 / Time: 7.61s
======================================================================================================

round 22 local learning rate = 0.00022727272727272727

>>> Round:   23 / Acc: 69.913% / Loss: 0.9122 / Grad Norm: 4.1099 / Grad Diff: 1556.2314 / Time: 7.97s
======================================================================================================

round 23 local learning rate = 0.0002173913043478261

>>> Round:   24 / Acc: 70.345% / Loss: 0.8985 / Grad Norm: 3.9966 / Grad Diff: 1547.6833 / Time: 7.88s
======================================================================================================

round 24 local learning rate = 0.00020833333333333335

>>> Round:   25 / Acc: 70.760% / Loss: 0.8858 / Grad Norm: 3.9577 / Grad Diff: 1540.5531 / Time: 8.00s
======================================================================================================

= Test = round: 25 / acc: 71.700% / loss: 0.8534 / Time: 0.60s
======================================================================================================

round 25 local learning rate = 0.0002

>>> Round:   26 / Acc: 71.173% / Loss: 0.8733 / Grad Norm: 3.7867 / Grad Diff: 1530.2425 / Time: 7.98s
======================================================================================================

round 26 local learning rate = 0.0001923076923076923

>>> Round:   27 / Acc: 71.620% / Loss: 0.8619 / Grad Norm: 3.7337 / Grad Diff: 1522.3296 / Time: 7.82s
======================================================================================================

round 27 local learning rate = 0.00018518518518518518

>>> Round:   28 / Acc: 71.956% / Loss: 0.8509 / Grad Norm: 3.6869 / Grad Diff: 1514.1563 / Time: 7.80s
======================================================================================================

round 28 local learning rate = 0.00017857142857142857

>>> Round:   29 / Acc: 72.249% / Loss: 0.8408 / Grad Norm: 3.6787 / Grad Diff: 1508.4928 / Time: 7.69s
======================================================================================================

round 29 local learning rate = 0.0001724137931034483

>>> Round:   30 / Acc: 72.629% / Loss: 0.8311 / Grad Norm: 3.6350 / Grad Diff: 1501.2489 / Time: 7.95s
======================================================================================================

= Test = round: 30 / acc: 73.480% / loss: 0.7994 / Time: 0.62s
======================================================================================================

round 30 local learning rate = 0.00016666666666666666

>>> Round:   31 / Acc: 72.869% / Loss: 0.8219 / Grad Norm: 3.6338 / Grad Diff: 1494.1067 / Time: 7.81s
======================================================================================================

round 31 local learning rate = 0.00016129032258064516

>>> Round:   32 / Acc: 73.142% / Loss: 0.8127 / Grad Norm: 3.5277 / Grad Diff: 1484.6305 / Time: 7.67s
======================================================================================================

round 32 local learning rate = 0.00015625

>>> Round:   33 / Acc: 73.515% / Loss: 0.8042 / Grad Norm: 3.4586 / Grad Diff: 1476.2640 / Time: 7.95s
======================================================================================================

round 33 local learning rate = 0.00015151515151515152

>>> Round:   34 / Acc: 73.814% / Loss: 0.7961 / Grad Norm: 3.4148 / Grad Diff: 1469.4964 / Time: 7.92s
======================================================================================================

round 34 local learning rate = 0.00014705882352941178

>>> Round:   35 / Acc: 74.055% / Loss: 0.7883 / Grad Norm: 3.3656 / Grad Diff: 1461.0105 / Time: 7.79s
======================================================================================================

= Test = round: 35 / acc: 74.800% / loss: 0.7575 / Time: 0.68s
======================================================================================================

round 35 local learning rate = 0.00014285714285714287

>>> Round:   36 / Acc: 74.332% / Loss: 0.7807 / Grad Norm: 3.2752 / Grad Diff: 1450.8190 / Time: 7.77s
======================================================================================================

round 36 local learning rate = 0.0001388888888888889

>>> Round:   37 / Acc: 74.577% / Loss: 0.7737 / Grad Norm: 3.2740 / Grad Diff: 1443.1705 / Time: 7.76s
======================================================================================================

round 37 local learning rate = 0.00013513513513513514

>>> Round:   38 / Acc: 74.825% / Loss: 0.7670 / Grad Norm: 3.2189 / Grad Diff: 1435.4232 / Time: 7.80s
======================================================================================================

round 38 local learning rate = 0.00013157894736842105

>>> Round:   39 / Acc: 75.020% / Loss: 0.7607 / Grad Norm: 3.2367 / Grad Diff: 1430.1625 / Time: 7.75s
======================================================================================================

round 39 local learning rate = 0.0001282051282051282

>>> Round:   40 / Acc: 75.208% / Loss: 0.7543 / Grad Norm: 3.2270 / Grad Diff: 1422.0834 / Time: 7.68s
======================================================================================================

= Test = round: 40 / acc: 75.850% / loss: 0.7243 / Time: 0.61s
======================================================================================================

round 40 local learning rate = 0.000125

>>> Round:   41 / Acc: 75.421% / Loss: 0.7482 / Grad Norm: 3.1681 / Grad Diff: 1413.6145 / Time: 7.75s
======================================================================================================

round 41 local learning rate = 0.00012195121951219512

>>> Round:   42 / Acc: 75.646% / Loss: 0.7422 / Grad Norm: 3.1233 / Grad Diff: 1404.9080 / Time: 7.65s
======================================================================================================

round 42 local learning rate = 0.00011904761904761905

>>> Round:   43 / Acc: 75.797% / Loss: 0.7367 / Grad Norm: 3.0831 / Grad Diff: 1397.6553 / Time: 7.84s
======================================================================================================

round 43 local learning rate = 0.00011627906976744187

>>> Round:   44 / Acc: 75.958% / Loss: 0.7313 / Grad Norm: 3.0656 / Grad Diff: 1391.1736 / Time: 7.73s
======================================================================================================

round 44 local learning rate = 0.00011363636363636364

>>> Round:   45 / Acc: 76.111% / Loss: 0.7261 / Grad Norm: 3.0227 / Grad Diff: 1384.0905 / Time: 7.73s
======================================================================================================

= Test = round: 45 / acc: 76.850% / loss: 0.6967 / Time: 0.65s
======================================================================================================

round 45 local learning rate = 0.00011111111111111112

>>> Round:   46 / Acc: 76.293% / Loss: 0.7211 / Grad Norm: 3.0084 / Grad Diff: 1378.3412 / Time: 7.81s
======================================================================================================

round 46 local learning rate = 0.00010869565217391305

>>> Round:   47 / Acc: 76.459% / Loss: 0.7162 / Grad Norm: 2.9838 / Grad Diff: 1371.0458 / Time: 7.91s
======================================================================================================

round 47 local learning rate = 0.00010638297872340425

>>> Round:   48 / Acc: 76.620% / Loss: 0.7115 / Grad Norm: 2.9644 / Grad Diff: 1364.7236 / Time: 7.87s
======================================================================================================

round 48 local learning rate = 0.00010416666666666667

>>> Round:   49 / Acc: 76.786% / Loss: 0.7069 / Grad Norm: 2.9303 / Grad Diff: 1356.9400 / Time: 7.81s
======================================================================================================

round 49 local learning rate = 0.00010204081632653062

>>> Round:   50 / Acc: 76.910% / Loss: 0.7023 / Grad Norm: 2.9010 / Grad Diff: 1350.1689 / Time: 7.82s
======================================================================================================

= Test = round: 50 / acc: 77.520% / loss: 0.6738 / Time: 0.62s
======================================================================================================

round 50 local learning rate = 0.0001

>>> Round:   51 / Acc: 77.111% / Loss: 0.6978 / Grad Norm: 2.8568 / Grad Diff: 1341.7096 / Time: 7.70s
======================================================================================================

round 51 local learning rate = 9.80392156862745e-05

>>> Round:   52 / Acc: 77.227% / Loss: 0.6935 / Grad Norm: 2.7972 / Grad Diff: 1333.3081 / Time: 7.70s
======================================================================================================

round 52 local learning rate = 9.615384615384615e-05

>>> Round:   53 / Acc: 77.339% / Loss: 0.6893 / Grad Norm: 2.7607 / Grad Diff: 1326.3839 / Time: 7.99s
======================================================================================================

round 53 local learning rate = 9.433962264150943e-05

>>> Round:   54 / Acc: 77.478% / Loss: 0.6855 / Grad Norm: 2.7683 / Grad Diff: 1321.7887 / Time: 7.87s
======================================================================================================

round 54 local learning rate = 9.259259259259259e-05

>>> Round:   55 / Acc: 77.614% / Loss: 0.6816 / Grad Norm: 2.7216 / Grad Diff: 1314.4570 / Time: 8.01s
======================================================================================================

= Test = round: 55 / acc: 78.210% / loss: 0.6537 / Time: 0.63s
======================================================================================================

round 55 local learning rate = 9.090909090909092e-05

>>> Round:   56 / Acc: 77.745% / Loss: 0.6778 / Grad Norm: 2.7181 / Grad Diff: 1308.3025 / Time: 7.77s
======================================================================================================

round 56 local learning rate = 8.928571428571429e-05

>>> Round:   57 / Acc: 77.849% / Loss: 0.6741 / Grad Norm: 2.6779 / Grad Diff: 1301.4322 / Time: 7.91s
======================================================================================================

round 57 local learning rate = 8.771929824561404e-05

>>> Round:   58 / Acc: 77.954% / Loss: 0.6707 / Grad Norm: 2.7242 / Grad Diff: 1297.5967 / Time: 7.73s
======================================================================================================

round 58 local learning rate = 8.620689655172414e-05

>>> Round:   59 / Acc: 78.092% / Loss: 0.6672 / Grad Norm: 2.6824 / Grad Diff: 1291.1613 / Time: 7.82s
======================================================================================================

round 59 local learning rate = 8.474576271186441e-05

>>> Round:   60 / Acc: 78.210% / Loss: 0.6637 / Grad Norm: 2.6319 / Grad Diff: 1284.4377 / Time: 7.89s
======================================================================================================

= Test = round: 60 / acc: 78.870% / loss: 0.6364 / Time: 0.64s
======================================================================================================

round 60 local learning rate = 8.333333333333333e-05

>>> Round:   61 / Acc: 78.310% / Loss: 0.6605 / Grad Norm: 2.6395 / Grad Diff: 1279.9568 / Time: 8.06s
======================================================================================================

round 61 local learning rate = 8.19672131147541e-05

>>> Round:   62 / Acc: 78.426% / Loss: 0.6574 / Grad Norm: 2.6470 / Grad Diff: 1275.2750 / Time: 7.87s
======================================================================================================

round 62 local learning rate = 8.064516129032258e-05

>>> Round:   63 / Acc: 78.494% / Loss: 0.6542 / Grad Norm: 2.6199 / Grad Diff: 1269.4570 / Time: 7.75s
======================================================================================================

round 63 local learning rate = 7.936507936507937e-05

>>> Round:   64 / Acc: 78.640% / Loss: 0.6511 / Grad Norm: 2.5723 / Grad Diff: 1262.9575 / Time: 8.15s
======================================================================================================

round 64 local learning rate = 7.8125e-05

>>> Round:   65 / Acc: 78.760% / Loss: 0.6480 / Grad Norm: 2.5500 / Grad Diff: 1256.8606 / Time: 8.37s
======================================================================================================

= Test = round: 65 / acc: 79.420% / loss: 0.6209 / Time: 0.66s
======================================================================================================

round 65 local learning rate = 7.692307692307693e-05

>>> Round:   66 / Acc: 78.843% / Loss: 0.6452 / Grad Norm: 2.5726 / Grad Diff: 1253.1138 / Time: 9.02s
======================================================================================================

round 66 local learning rate = 7.575757575757576e-05

>>> Round:   67 / Acc: 78.928% / Loss: 0.6424 / Grad Norm: 2.5618 / Grad Diff: 1247.8897 / Time: 8.65s
======================================================================================================

round 67 local learning rate = 7.462686567164179e-05

>>> Round:   68 / Acc: 79.052% / Loss: 0.6396 / Grad Norm: 2.5462 / Grad Diff: 1242.5999 / Time: 8.62s
======================================================================================================

round 68 local learning rate = 7.352941176470589e-05

>>> Round:   69 / Acc: 79.146% / Loss: 0.6368 / Grad Norm: 2.5070 / Grad Diff: 1236.7715 / Time: 9.74s
======================================================================================================

round 69 local learning rate = 7.246376811594203e-05

>>> Round:   70 / Acc: 79.225% / Loss: 0.6341 / Grad Norm: 2.4873 / Grad Diff: 1232.0970 / Time: 7.88s
======================================================================================================

= Test = round: 70 / acc: 79.810% / loss: 0.6072 / Time: 0.61s
======================================================================================================

round 70 local learning rate = 7.142857142857143e-05

>>> Round:   71 / Acc: 79.330% / Loss: 0.6315 / Grad Norm: 2.4492 / Grad Diff: 1226.2574 / Time: 7.63s
======================================================================================================

round 71 local learning rate = 7.042253521126761e-05

>>> Round:   72 / Acc: 79.411% / Loss: 0.6289 / Grad Norm: 2.4576 / Grad Diff: 1221.8544 / Time: 7.71s
======================================================================================================

round 72 local learning rate = 6.944444444444444e-05

>>> Round:   73 / Acc: 79.500% / Loss: 0.6263 / Grad Norm: 2.4211 / Grad Diff: 1216.0363 / Time: 8.35s
======================================================================================================

round 73 local learning rate = 6.84931506849315e-05

>>> Round:   74 / Acc: 79.622% / Loss: 0.6239 / Grad Norm: 2.4148 / Grad Diff: 1211.4299 / Time: 7.71s
======================================================================================================

round 74 local learning rate = 6.756756756756757e-05

>>> Round:   75 / Acc: 79.672% / Loss: 0.6216 / Grad Norm: 2.4346 / Grad Diff: 1207.9359 / Time: 7.58s
======================================================================================================

= Test = round: 75 / acc: 80.180% / loss: 0.5950 / Time: 0.60s
======================================================================================================

round 75 local learning rate = 6.666666666666667e-05

>>> Round:   76 / Acc: 79.764% / Loss: 0.6192 / Grad Norm: 2.3889 / Grad Diff: 1203.1815 / Time: 7.66s
======================================================================================================

round 76 local learning rate = 6.578947368421052e-05

>>> Round:   77 / Acc: 79.838% / Loss: 0.6168 / Grad Norm: 2.3609 / Grad Diff: 1198.1789 / Time: 7.70s
======================================================================================================

round 77 local learning rate = 6.493506493506494e-05

>>> Round:   78 / Acc: 79.895% / Loss: 0.6145 / Grad Norm: 2.3465 / Grad Diff: 1193.5795 / Time: 7.41s
======================================================================================================

round 78 local learning rate = 6.41025641025641e-05

>>> Round:   79 / Acc: 79.972% / Loss: 0.6123 / Grad Norm: 2.3465 / Grad Diff: 1189.6660 / Time: 8.14s
======================================================================================================

round 79 local learning rate = 6.329113924050633e-05

>>> Round:   80 / Acc: 80.026% / Loss: 0.6101 / Grad Norm: 2.3401 / Grad Diff: 1185.4323 / Time: 7.13s
======================================================================================================

= Test = round: 80 / acc: 80.610% / loss: 0.5840 / Time: 0.61s
======================================================================================================

round 80 local learning rate = 6.25e-05

>>> Round:   81 / Acc: 80.124% / Loss: 0.6079 / Grad Norm: 2.3213 / Grad Diff: 1181.2642 / Time: 7.44s
======================================================================================================

round 81 local learning rate = 6.17283950617284e-05

>>> Round:   82 / Acc: 80.199% / Loss: 0.6058 / Grad Norm: 2.2949 / Grad Diff: 1176.2105 / Time: 7.52s
======================================================================================================

round 82 local learning rate = 6.097560975609756e-05

>>> Round:   83 / Acc: 80.277% / Loss: 0.6038 / Grad Norm: 2.2917 / Grad Diff: 1172.0855 / Time: 7.62s
======================================================================================================

round 83 local learning rate = 6.024096385542169e-05

>>> Round:   84 / Acc: 80.356% / Loss: 0.6017 / Grad Norm: 2.2751 / Grad Diff: 1167.5050 / Time: 7.51s
======================================================================================================

round 84 local learning rate = 5.9523809523809524e-05

>>> Round:   85 / Acc: 80.434% / Loss: 0.5997 / Grad Norm: 2.2562 / Grad Diff: 1163.4233 / Time: 7.95s
======================================================================================================

= Test = round: 85 / acc: 80.870% / loss: 0.5739 / Time: 0.64s
======================================================================================================

round 85 local learning rate = 5.882352941176471e-05

>>> Round:   86 / Acc: 80.500% / Loss: 0.5978 / Grad Norm: 2.2606 / Grad Diff: 1159.9516 / Time: 7.56s
======================================================================================================

round 86 local learning rate = 5.8139534883720933e-05

>>> Round:   87 / Acc: 80.554% / Loss: 0.5959 / Grad Norm: 2.2492 / Grad Diff: 1155.8475 / Time: 7.50s
======================================================================================================

round 87 local learning rate = 5.747126436781609e-05

>>> Round:   88 / Acc: 80.611% / Loss: 0.5940 / Grad Norm: 2.2408 / Grad Diff: 1152.2760 / Time: 7.45s
======================================================================================================

round 88 local learning rate = 5.681818181818182e-05

>>> Round:   89 / Acc: 80.679% / Loss: 0.5921 / Grad Norm: 2.2362 / Grad Diff: 1148.5909 / Time: 7.56s
======================================================================================================

round 89 local learning rate = 5.617977528089888e-05

>>> Round:   90 / Acc: 80.747% / Loss: 0.5903 / Grad Norm: 2.2324 / Grad Diff: 1144.5313 / Time: 7.61s
======================================================================================================

= Test = round: 90 / acc: 81.210% / loss: 0.5649 / Time: 0.71s
======================================================================================================

round 90 local learning rate = 5.555555555555556e-05

>>> Round:   91 / Acc: 80.823% / Loss: 0.5884 / Grad Norm: 2.1901 / Grad Diff: 1139.8166 / Time: 7.60s
======================================================================================================

round 91 local learning rate = 5.4945054945054945e-05

>>> Round:   92 / Acc: 80.904% / Loss: 0.5867 / Grad Norm: 2.1795 / Grad Diff: 1136.0256 / Time: 7.60s
======================================================================================================

round 92 local learning rate = 5.4347826086956524e-05

>>> Round:   93 / Acc: 80.965% / Loss: 0.5849 / Grad Norm: 2.1817 / Grad Diff: 1132.8126 / Time: 7.68s
======================================================================================================

round 93 local learning rate = 5.3763440860215054e-05

>>> Round:   94 / Acc: 81.017% / Loss: 0.5833 / Grad Norm: 2.1826 / Grad Diff: 1129.4134 / Time: 8.00s
======================================================================================================

round 94 local learning rate = 5.319148936170213e-05

>>> Round:   95 / Acc: 81.042% / Loss: 0.5816 / Grad Norm: 2.1912 / Grad Diff: 1126.2488 / Time: 7.46s
======================================================================================================

= Test = round: 95 / acc: 81.550% / loss: 0.5563 / Time: 0.63s
======================================================================================================

round 95 local learning rate = 5.2631578947368424e-05

>>> Round:   96 / Acc: 81.111% / Loss: 0.5799 / Grad Norm: 2.1733 / Grad Diff: 1122.1902 / Time: 7.89s
======================================================================================================

round 96 local learning rate = 5.208333333333334e-05

>>> Round:   97 / Acc: 81.166% / Loss: 0.5783 / Grad Norm: 2.1803 / Grad Diff: 1119.2879 / Time: 7.85s
======================================================================================================

round 97 local learning rate = 5.154639175257732e-05

>>> Round:   98 / Acc: 81.238% / Loss: 0.5767 / Grad Norm: 2.1579 / Grad Diff: 1115.5704 / Time: 7.58s
======================================================================================================

round 98 local learning rate = 5.102040816326531e-05

>>> Round:   99 / Acc: 81.303% / Loss: 0.5751 / Grad Norm: 2.1482 / Grad Diff: 1112.3964 / Time: 8.50s
======================================================================================================

round 99 local learning rate = 5.0505050505050505e-05

>>> Round:  100 / Acc: 81.356% / Loss: 0.5735 / Grad Norm: 2.1330 / Grad Diff: 1108.6724 / Time: 7.97s
======================================================================================================

= Test = round: 100 / acc: 81.880% / loss: 0.5485 / Time: 0.61s
======================================================================================================

round 100 local learning rate = 5e-05

>>> Round:  101 / Acc: 81.413% / Loss: 0.5720 / Grad Norm: 2.1393 / Grad Diff: 1105.6093 / Time: 8.25s
======================================================================================================

round 101 local learning rate = 4.950495049504951e-05

>>> Round:  102 / Acc: 81.480% / Loss: 0.5705 / Grad Norm: 2.1055 / Grad Diff: 1101.3116 / Time: 7.74s
======================================================================================================

round 102 local learning rate = 4.901960784313725e-05

>>> Round:  103 / Acc: 81.533% / Loss: 0.5690 / Grad Norm: 2.1119 / Grad Diff: 1097.9494 / Time: 7.75s
======================================================================================================

round 103 local learning rate = 4.854368932038835e-05

>>> Round:  104 / Acc: 81.566% / Loss: 0.5675 / Grad Norm: 2.1003 / Grad Diff: 1094.5052 / Time: 8.47s
======================================================================================================

round 104 local learning rate = 4.807692307692308e-05

>>> Round:  105 / Acc: 81.605% / Loss: 0.5661 / Grad Norm: 2.0955 / Grad Diff: 1091.3934 / Time: 7.74s
======================================================================================================

= Test = round: 105 / acc: 82.190% / loss: 0.5414 / Time: 0.62s
======================================================================================================

round 105 local learning rate = 4.761904761904762e-05

>>> Round:  106 / Acc: 81.642% / Loss: 0.5646 / Grad Norm: 2.0826 / Grad Diff: 1088.0976 / Time: 7.57s
======================================================================================================

round 106 local learning rate = 4.7169811320754715e-05

>>> Round:  107 / Acc: 81.710% / Loss: 0.5632 / Grad Norm: 2.0694 / Grad Diff: 1084.7724 / Time: 7.69s
======================================================================================================

round 107 local learning rate = 4.672897196261682e-05

>>> Round:  108 / Acc: 81.762% / Loss: 0.5619 / Grad Norm: 2.0668 / Grad Diff: 1081.9329 / Time: 7.76s
======================================================================================================

round 108 local learning rate = 4.6296296296296294e-05

>>> Round:  109 / Acc: 81.808% / Loss: 0.5606 / Grad Norm: 2.0692 / Grad Diff: 1079.0853 / Time: 7.48s
======================================================================================================

round 109 local learning rate = 4.587155963302752e-05

>>> Round:  110 / Acc: 81.865% / Loss: 0.5592 / Grad Norm: 2.0460 / Grad Diff: 1075.6166 / Time: 6.69s
======================================================================================================

= Test = round: 110 / acc: 82.420% / loss: 0.5347 / Time: 0.63s
======================================================================================================

round 110 local learning rate = 4.545454545454546e-05

>>> Round:  111 / Acc: 81.926% / Loss: 0.5579 / Grad Norm: 2.0453 / Grad Diff: 1072.9965 / Time: 7.86s
======================================================================================================

round 111 local learning rate = 4.5045045045045046e-05

>>> Round:  112 / Acc: 81.972% / Loss: 0.5565 / Grad Norm: 2.0195 / Grad Diff: 1069.0728 / Time: 7.69s
======================================================================================================

round 112 local learning rate = 4.464285714285714e-05

>>> Round:  113 / Acc: 82.009% / Loss: 0.5553 / Grad Norm: 2.0218 / Grad Diff: 1066.2285 / Time: 7.47s
======================================================================================================

round 113 local learning rate = 4.424778761061947e-05

>>> Round:  114 / Acc: 82.031% / Loss: 0.5539 / Grad Norm: 2.0054 / Grad Diff: 1062.9794 / Time: 7.68s
======================================================================================================

round 114 local learning rate = 4.385964912280702e-05

>>> Round:  115 / Acc: 82.059% / Loss: 0.5527 / Grad Norm: 2.0029 / Grad Diff: 1060.1012 / Time: 7.58s
======================================================================================================

= Test = round: 115 / acc: 82.610% / loss: 0.5284 / Time: 0.61s
======================================================================================================

round 115 local learning rate = 4.347826086956522e-05

>>> Round:  116 / Acc: 82.100% / Loss: 0.5515 / Grad Norm: 1.9940 / Grad Diff: 1057.0099 / Time: 7.54s
======================================================================================================

round 116 local learning rate = 4.310344827586207e-05

>>> Round:  117 / Acc: 82.138% / Loss: 0.5502 / Grad Norm: 1.9835 / Grad Diff: 1053.7655 / Time: 7.59s
======================================================================================================

round 117 local learning rate = 4.2735042735042735e-05

>>> Round:  118 / Acc: 82.194% / Loss: 0.5490 / Grad Norm: 1.9906 / Grad Diff: 1051.2661 / Time: 7.85s
======================================================================================================

round 118 local learning rate = 4.2372881355932206e-05

>>> Round:  119 / Acc: 82.232% / Loss: 0.5478 / Grad Norm: 1.9925 / Grad Diff: 1048.4567 / Time: 7.53s
======================================================================================================

round 119 local learning rate = 4.201680672268908e-05

>>> Round:  120 / Acc: 82.282% / Loss: 0.5466 / Grad Norm: 1.9844 / Grad Diff: 1045.2234 / Time: 9.05s
======================================================================================================

= Test = round: 120 / acc: 82.890% / loss: 0.5226 / Time: 0.64s
======================================================================================================

round 120 local learning rate = 4.1666666666666665e-05

>>> Round:  121 / Acc: 82.328% / Loss: 0.5454 / Grad Norm: 1.9489 / Grad Diff: 1041.4870 / Time: 7.95s
======================================================================================================

round 121 local learning rate = 4.132231404958678e-05

>>> Round:  122 / Acc: 82.369% / Loss: 0.5443 / Grad Norm: 1.9328 / Grad Diff: 1038.4521 / Time: 7.81s
======================================================================================================

round 122 local learning rate = 4.098360655737705e-05

>>> Round:  123 / Acc: 82.406% / Loss: 0.5432 / Grad Norm: 1.9356 / Grad Diff: 1036.1447 / Time: 7.97s
======================================================================================================

round 123 local learning rate = 4.065040650406504e-05

>>> Round:  124 / Acc: 82.461% / Loss: 0.5421 / Grad Norm: 1.9374 / Grad Diff: 1033.8267 / Time: 8.30s
======================================================================================================

round 124 local learning rate = 4.032258064516129e-05

>>> Round:  125 / Acc: 82.496% / Loss: 0.5410 / Grad Norm: 1.9375 / Grad Diff: 1031.4369 / Time: 7.91s
======================================================================================================

= Test = round: 125 / acc: 83.050% / loss: 0.5170 / Time: 0.67s
======================================================================================================

round 125 local learning rate = 4e-05

>>> Round:  126 / Acc: 82.526% / Loss: 0.5399 / Grad Norm: 1.9322 / Grad Diff: 1028.9334 / Time: 9.37s
======================================================================================================

round 126 local learning rate = 3.968253968253968e-05

>>> Round:  127 / Acc: 82.574% / Loss: 0.5388 / Grad Norm: 1.9297 / Grad Diff: 1026.3559 / Time: 7.54s
======================================================================================================

round 127 local learning rate = 3.937007874015748e-05

>>> Round:  128 / Acc: 82.607% / Loss: 0.5377 / Grad Norm: 1.9155 / Grad Diff: 1023.7228 / Time: 7.84s
======================================================================================================

round 128 local learning rate = 3.90625e-05

>>> Round:  129 / Acc: 82.651% / Loss: 0.5367 / Grad Norm: 1.9092 / Grad Diff: 1021.2002 / Time: 7.47s
======================================================================================================

round 129 local learning rate = 3.875968992248062e-05

>>> Round:  130 / Acc: 82.683% / Loss: 0.5357 / Grad Norm: 1.9135 / Grad Diff: 1019.1435 / Time: 8.72s
======================================================================================================

= Test = round: 130 / acc: 83.250% / loss: 0.5119 / Time: 0.63s
======================================================================================================

round 130 local learning rate = 3.846153846153846e-05

>>> Round:  131 / Acc: 82.707% / Loss: 0.5346 / Grad Norm: 1.8966 / Grad Diff: 1016.3412 / Time: 7.50s
======================================================================================================

round 131 local learning rate = 3.816793893129771e-05

>>> Round:  132 / Acc: 82.755% / Loss: 0.5336 / Grad Norm: 1.8817 / Grad Diff: 1013.3364 / Time: 7.65s
======================================================================================================

round 132 local learning rate = 3.787878787878788e-05

>>> Round:  133 / Acc: 82.799% / Loss: 0.5326 / Grad Norm: 1.8879 / Grad Diff: 1011.0996 / Time: 7.72s
======================================================================================================

round 133 local learning rate = 3.759398496240601e-05

>>> Round:  134 / Acc: 82.838% / Loss: 0.5316 / Grad Norm: 1.8840 / Grad Diff: 1008.5067 / Time: 7.54s
======================================================================================================

round 134 local learning rate = 3.7313432835820896e-05

>>> Round:  135 / Acc: 82.867% / Loss: 0.5306 / Grad Norm: 1.8700 / Grad Diff: 1005.9372 / Time: 7.56s
======================================================================================================

= Test = round: 135 / acc: 83.420% / loss: 0.5070 / Time: 0.65s
======================================================================================================

round 135 local learning rate = 3.7037037037037037e-05

>>> Round:  136 / Acc: 82.893% / Loss: 0.5296 / Grad Norm: 1.8673 / Grad Diff: 1003.4665 / Time: 8.23s
======================================================================================================

round 136 local learning rate = 3.6764705882352945e-05

>>> Round:  137 / Acc: 82.924% / Loss: 0.5287 / Grad Norm: 1.8734 / Grad Diff: 1001.4269 / Time: 7.67s
======================================================================================================

round 137 local learning rate = 3.649635036496351e-05

>>> Round:  138 / Acc: 82.969% / Loss: 0.5277 / Grad Norm: 1.8538 / Grad Diff: 998.8810 / Time: 8.41s
======================================================================================================

round 138 local learning rate = 3.6231884057971014e-05

>>> Round:  139 / Acc: 82.998% / Loss: 0.5268 / Grad Norm: 1.8537 / Grad Diff: 996.7275 / Time: 7.14s
======================================================================================================

round 139 local learning rate = 3.597122302158273e-05

>>> Round:  140 / Acc: 83.026% / Loss: 0.5259 / Grad Norm: 1.8515 / Grad Diff: 994.5442 / Time: 8.81s
======================================================================================================

= Test = round: 140 / acc: 83.530% / loss: 0.5023 / Time: 0.59s
======================================================================================================

round 140 local learning rate = 3.571428571428572e-05

>>> Round:  141 / Acc: 83.076% / Loss: 0.5249 / Grad Norm: 1.8428 / Grad Diff: 992.2223 / Time: 7.52s
======================================================================================================

round 141 local learning rate = 3.546099290780142e-05

>>> Round:  142 / Acc: 83.096% / Loss: 0.5240 / Grad Norm: 1.8416 / Grad Diff: 989.9595 / Time: 7.57s
======================================================================================================

round 142 local learning rate = 3.5211267605633805e-05

>>> Round:  143 / Acc: 83.109% / Loss: 0.5231 / Grad Norm: 1.8502 / Grad Diff: 988.1100 / Time: 7.61s
======================================================================================================

round 143 local learning rate = 3.4965034965034965e-05

>>> Round:  144 / Acc: 83.159% / Loss: 0.5223 / Grad Norm: 1.8594 / Grad Diff: 985.9389 / Time: 7.75s
======================================================================================================

round 144 local learning rate = 3.472222222222222e-05

>>> Round:  145 / Acc: 83.194% / Loss: 0.5214 / Grad Norm: 1.8650 / Grad Diff: 983.7956 / Time: 7.53s
======================================================================================================

= Test = round: 145 / acc: 83.670% / loss: 0.4980 / Time: 0.69s
======================================================================================================

round 145 local learning rate = 3.4482758620689657e-05

>>> Round:  146 / Acc: 83.234% / Loss: 0.5205 / Grad Norm: 1.8491 / Grad Diff: 981.3809 / Time: 7.75s
======================================================================================================

round 146 local learning rate = 3.424657534246575e-05

>>> Round:  147 / Acc: 83.266% / Loss: 0.5196 / Grad Norm: 1.8320 / Grad Diff: 978.8052 / Time: 7.56s
======================================================================================================

round 147 local learning rate = 3.401360544217687e-05

>>> Round:  148 / Acc: 83.297% / Loss: 0.5188 / Grad Norm: 1.8344 / Grad Diff: 977.0587 / Time: 7.67s
======================================================================================================

round 148 local learning rate = 3.3783783783783784e-05

>>> Round:  149 / Acc: 83.330% / Loss: 0.5180 / Grad Norm: 1.8528 / Grad Diff: 975.3765 / Time: 7.52s
======================================================================================================

round 149 local learning rate = 3.3557046979865775e-05

>>> Round:  150 / Acc: 83.376% / Loss: 0.5171 / Grad Norm: 1.8143 / Grad Diff: 972.4361 / Time: 7.43s
======================================================================================================

= Test = round: 150 / acc: 83.770% / loss: 0.4938 / Time: 0.61s
======================================================================================================

round 150 local learning rate = 3.3333333333333335e-05

>>> Round:  151 / Acc: 83.400% / Loss: 0.5163 / Grad Norm: 1.7963 / Grad Diff: 969.8678 / Time: 8.04s
======================================================================================================

round 151 local learning rate = 3.3112582781456954e-05

>>> Round:  152 / Acc: 83.417% / Loss: 0.5155 / Grad Norm: 1.7979 / Grad Diff: 967.8982 / Time: 7.66s
======================================================================================================

round 152 local learning rate = 3.289473684210526e-05

>>> Round:  153 / Acc: 83.452% / Loss: 0.5146 / Grad Norm: 1.7888 / Grad Diff: 965.7199 / Time: 7.60s
======================================================================================================

round 153 local learning rate = 3.2679738562091506e-05

>>> Round:  154 / Acc: 83.463% / Loss: 0.5138 / Grad Norm: 1.7860 / Grad Diff: 963.5677 / Time: 7.60s
======================================================================================================

round 154 local learning rate = 3.246753246753247e-05

>>> Round:  155 / Acc: 83.502% / Loss: 0.5131 / Grad Norm: 1.7869 / Grad Diff: 961.6894 / Time: 7.63s
======================================================================================================

= Test = round: 155 / acc: 83.950% / loss: 0.4899 / Time: 0.67s
======================================================================================================

round 155 local learning rate = 3.2258064516129034e-05

>>> Round:  156 / Acc: 83.530% / Loss: 0.5123 / Grad Norm: 1.7809 / Grad Diff: 959.7516 / Time: 7.62s
======================================================================================================

round 156 local learning rate = 3.205128205128205e-05

>>> Round:  157 / Acc: 83.561% / Loss: 0.5115 / Grad Norm: 1.7876 / Grad Diff: 958.1415 / Time: 9.05s
======================================================================================================

round 157 local learning rate = 3.184713375796179e-05

>>> Round:  158 / Acc: 83.579% / Loss: 0.5107 / Grad Norm: 1.7754 / Grad Diff: 955.9177 / Time: 7.93s
======================================================================================================

round 158 local learning rate = 3.1645569620253167e-05

>>> Round:  159 / Acc: 83.622% / Loss: 0.5100 / Grad Norm: 1.7734 / Grad Diff: 953.8053 / Time: 7.92s
======================================================================================================

round 159 local learning rate = 3.144654088050314e-05

>>> Round:  160 / Acc: 83.648% / Loss: 0.5092 / Grad Norm: 1.7596 / Grad Diff: 951.7228 / Time: 7.86s
======================================================================================================

= Test = round: 160 / acc: 84.050% / loss: 0.4862 / Time: 0.65s
======================================================================================================

round 160 local learning rate = 3.125e-05

>>> Round:  161 / Acc: 83.666% / Loss: 0.5084 / Grad Norm: 1.7531 / Grad Diff: 949.8176 / Time: 7.59s
======================================================================================================

round 161 local learning rate = 3.1055900621118014e-05

>>> Round:  162 / Acc: 83.683% / Loss: 0.5077 / Grad Norm: 1.7518 / Grad Diff: 948.2957 / Time: 7.73s
======================================================================================================

round 162 local learning rate = 3.08641975308642e-05

>>> Round:  163 / Acc: 83.723% / Loss: 0.5070 / Grad Norm: 1.7524 / Grad Diff: 946.7820 / Time: 7.87s
======================================================================================================

round 163 local learning rate = 3.067484662576687e-05

>>> Round:  164 / Acc: 83.747% / Loss: 0.5063 / Grad Norm: 1.7541 / Grad Diff: 945.2269 / Time: 7.72s
======================================================================================================

round 164 local learning rate = 3.048780487804878e-05

>>> Round:  165 / Acc: 83.777% / Loss: 0.5055 / Grad Norm: 1.7367 / Grad Diff: 942.7373 / Time: 7.63s
======================================================================================================

= Test = round: 165 / acc: 84.200% / loss: 0.4825 / Time: 0.63s
======================================================================================================

round 165 local learning rate = 3.0303030303030302e-05

>>> Round:  166 / Acc: 83.786% / Loss: 0.5048 / Grad Norm: 1.7359 / Grad Diff: 940.8475 / Time: 7.62s
======================================================================================================

round 166 local learning rate = 3.0120481927710845e-05

>>> Round:  167 / Acc: 83.810% / Loss: 0.5041 / Grad Norm: 1.7286 / Grad Diff: 938.6491 / Time: 7.61s
======================================================================================================

round 167 local learning rate = 2.994011976047904e-05

>>> Round:  168 / Acc: 83.834% / Loss: 0.5034 / Grad Norm: 1.7200 / Grad Diff: 936.4899 / Time: 7.80s
======================================================================================================

round 168 local learning rate = 2.9761904761904762e-05

>>> Round:  169 / Acc: 83.858% / Loss: 0.5028 / Grad Norm: 1.7376 / Grad Diff: 935.6361 / Time: 7.24s
======================================================================================================

round 169 local learning rate = 2.9585798816568047e-05

>>> Round:  170 / Acc: 83.889% / Loss: 0.5021 / Grad Norm: 1.7320 / Grad Diff: 933.7587 / Time: 8.05s
======================================================================================================

= Test = round: 170 / acc: 84.290% / loss: 0.4791 / Time: 0.66s
======================================================================================================

round 170 local learning rate = 2.9411764705882354e-05

>>> Round:  171 / Acc: 83.919% / Loss: 0.5014 / Grad Norm: 1.7183 / Grad Diff: 931.7928 / Time: 7.58s
======================================================================================================

round 171 local learning rate = 2.9239766081871346e-05

>>> Round:  172 / Acc: 83.928% / Loss: 0.5007 / Grad Norm: 1.7172 / Grad Diff: 930.3304 / Time: 7.61s
======================================================================================================

round 172 local learning rate = 2.9069767441860467e-05

>>> Round:  173 / Acc: 83.948% / Loss: 0.5001 / Grad Norm: 1.7259 / Grad Diff: 928.9011 / Time: 8.20s
======================================================================================================

round 173 local learning rate = 2.8901734104046242e-05

>>> Round:  174 / Acc: 83.972% / Loss: 0.4994 / Grad Norm: 1.7364 / Grad Diff: 927.3832 / Time: 7.29s
======================================================================================================

round 174 local learning rate = 2.8735632183908045e-05

>>> Round:  175 / Acc: 84.002% / Loss: 0.4988 / Grad Norm: 1.7333 / Grad Diff: 925.8242 / Time: 7.23s
======================================================================================================

= Test = round: 175 / acc: 84.400% / loss: 0.4760 / Time: 0.66s
======================================================================================================

round 175 local learning rate = 2.857142857142857e-05

>>> Round:  176 / Acc: 84.007% / Loss: 0.4981 / Grad Norm: 1.7298 / Grad Diff: 924.2068 / Time: 8.22s
======================================================================================================

round 176 local learning rate = 2.840909090909091e-05

>>> Round:  177 / Acc: 84.042% / Loss: 0.4975 / Grad Norm: 1.7164 / Grad Diff: 922.2827 / Time: 8.26s
======================================================================================================

round 177 local learning rate = 2.824858757062147e-05

>>> Round:  178 / Acc: 84.076% / Loss: 0.4968 / Grad Norm: 1.7097 / Grad Diff: 920.7343 / Time: 8.63s
======================================================================================================

round 178 local learning rate = 2.808988764044944e-05

>>> Round:  179 / Acc: 84.079% / Loss: 0.4962 / Grad Norm: 1.6998 / Grad Diff: 918.9479 / Time: 7.73s
======================================================================================================

round 179 local learning rate = 2.793296089385475e-05

>>> Round:  180 / Acc: 84.107% / Loss: 0.4955 / Grad Norm: 1.6881 / Grad Diff: 916.9762 / Time: 7.48s
======================================================================================================

= Test = round: 180 / acc: 84.550% / loss: 0.4729 / Time: 0.64s
======================================================================================================

round 180 local learning rate = 2.777777777777778e-05

>>> Round:  181 / Acc: 84.113% / Loss: 0.4949 / Grad Norm: 1.6810 / Grad Diff: 915.1886 / Time: 7.69s
======================================================================================================

round 181 local learning rate = 2.7624309392265193e-05

>>> Round:  182 / Acc: 84.146% / Loss: 0.4943 / Grad Norm: 1.6782 / Grad Diff: 913.6944 / Time: 8.64s
======================================================================================================

round 182 local learning rate = 2.7472527472527473e-05

>>> Round:  183 / Acc: 84.161% / Loss: 0.4936 / Grad Norm: 1.6693 / Grad Diff: 911.6079 / Time: 7.39s
======================================================================================================

round 183 local learning rate = 2.73224043715847e-05

>>> Round:  184 / Acc: 84.183% / Loss: 0.4930 / Grad Norm: 1.6712 / Grad Diff: 910.2911 / Time: 7.45s
======================================================================================================

round 184 local learning rate = 2.7173913043478262e-05

>>> Round:  185 / Acc: 84.197% / Loss: 0.4924 / Grad Norm: 1.6649 / Grad Diff: 908.4482 / Time: 8.16s
======================================================================================================

= Test = round: 185 / acc: 84.620% / loss: 0.4700 / Time: 0.64s
======================================================================================================

round 185 local learning rate = 2.7027027027027027e-05

>>> Round:  186 / Acc: 84.240% / Loss: 0.4918 / Grad Norm: 1.6729 / Grad Diff: 907.0534 / Time: 7.40s
======================================================================================================

round 186 local learning rate = 2.6881720430107527e-05

>>> Round:  187 / Acc: 84.247% / Loss: 0.4912 / Grad Norm: 1.6721 / Grad Diff: 905.7962 / Time: 7.87s
======================================================================================================

round 187 local learning rate = 2.6737967914438505e-05

>>> Round:  188 / Acc: 84.275% / Loss: 0.4906 / Grad Norm: 1.6679 / Grad Diff: 904.5534 / Time: 7.50s
======================================================================================================

round 188 local learning rate = 2.6595744680851064e-05

>>> Round:  189 / Acc: 84.284% / Loss: 0.4901 / Grad Norm: 1.6748 / Grad Diff: 903.3016 / Time: 7.48s
======================================================================================================

round 189 local learning rate = 2.6455026455026456e-05

>>> Round:  190 / Acc: 84.308% / Loss: 0.4895 / Grad Norm: 1.6667 / Grad Diff: 901.4008 / Time: 7.57s
======================================================================================================

= Test = round: 190 / acc: 84.690% / loss: 0.4671 / Time: 0.61s
======================================================================================================

round 190 local learning rate = 2.6315789473684212e-05

>>> Round:  191 / Acc: 84.321% / Loss: 0.4889 / Grad Norm: 1.6755 / Grad Diff: 900.4285 / Time: 7.56s
======================================================================================================

round 191 local learning rate = 2.6178010471204188e-05

>>> Round:  192 / Acc: 84.345% / Loss: 0.4883 / Grad Norm: 1.6660 / Grad Diff: 898.6330 / Time: 7.44s
======================================================================================================

round 192 local learning rate = 2.604166666666667e-05

>>> Round:  193 / Acc: 84.362% / Loss: 0.4878 / Grad Norm: 1.6607 / Grad Diff: 896.9414 / Time: 7.28s
======================================================================================================

round 193 local learning rate = 2.5906735751295337e-05

>>> Round:  194 / Acc: 84.387% / Loss: 0.4872 / Grad Norm: 1.6618 / Grad Diff: 895.4136 / Time: 8.34s
======================================================================================================

round 194 local learning rate = 2.577319587628866e-05

>>> Round:  195 / Acc: 84.387% / Loss: 0.4867 / Grad Norm: 1.6574 / Grad Diff: 894.1317 / Time: 8.94s
======================================================================================================

= Test = round: 195 / acc: 84.730% / loss: 0.4644 / Time: 0.60s
======================================================================================================

round 195 local learning rate = 2.5641025641025643e-05

>>> Round:  196 / Acc: 84.404% / Loss: 0.4861 / Grad Norm: 1.6562 / Grad Diff: 892.6283 / Time: 7.64s
======================================================================================================

round 196 local learning rate = 2.5510204081632654e-05

>>> Round:  197 / Acc: 84.437% / Loss: 0.4855 / Grad Norm: 1.6506 / Grad Diff: 890.9976 / Time: 9.22s
======================================================================================================

round 197 local learning rate = 2.5380710659898476e-05

>>> Round:  198 / Acc: 84.446% / Loss: 0.4850 / Grad Norm: 1.6491 / Grad Diff: 889.5835 / Time: 7.27s
======================================================================================================

round 198 local learning rate = 2.5252525252525253e-05

>>> Round:  199 / Acc: 84.456% / Loss: 0.4844 / Grad Norm: 1.6402 / Grad Diff: 887.9543 / Time: 7.98s
======================================================================================================

round 199 local learning rate = 2.5125628140703518e-05

>>> Round:  200 / Acc: 84.478% / Loss: 0.4839 / Grad Norm: 1.6438 / Grad Diff: 886.5547 / Time: 7.85s
======================================================================================================

= Test = round: 200 / acc: 84.760% / loss: 0.4619 / Time: 0.61s
======================================================================================================

