nohup: ignoring input
Using device: cuda:0
>>> Arguments:
	             algo : fedavgtl
	            alpha : 51871.0
	       batch_size : 64
	clients_per_round : 100
	          dataset : mnist_all_data_1_equal_niid
	           device : cuda:0
	              dis : 
	   early_stopping : 20
	       eval_every : 5
	    ft_batch_size : 128
	       ft_dataset : mnist-m
	        ft_epochs : 2
	            ft_lr : 0.01
	            ft_wd : 0.0
	              gpu : True
	      input_shape : (1, 28, 28)
	           last_k : 2
	               lr : 0.005
	            model : lenet
	           n_init : 5
	        noaverage : False
	          noprint : False
	        num_class : 10
	        num_epoch : 1
	        num_round : 200
	           opt_lr : False
	            reg_J : False
	       reg_J_coef : 0.0
	             seed : 0
	               wd : 0.0
>>> Read data from:
     ./data/mnist/data/all_data_1.pkl
>>> The estimate of constant alpha is 51871.0.
>>> Read data from:
     ./data/mnist/data/train/all_data_1_equal_niid.pkl
     ./data/mnist/data/test/all_data_1_equal_niid.pkl
>>> Use gpu on device cuda:0
>>> Model statistic per layer
LeNet_MNIST(
  286.12 KMac, 100.000% MACs, 
  (conv1): Conv2d(89.856 KMac, 31.405% MACs, 1, 6, kernel_size=(5, 5), stride=(1, 1))
  (conv2): Conv2d(154.624 KMac, 54.042% MACs, 6, 16, kernel_size=(5, 5), stride=(1, 1))
  (fc1): Linear(30.72 KMac, 10.737% MACs, in_features=256, out_features=120, bias=True)
  (fc2): Linear(10.08 KMac, 3.523% MACs, in_features=120, out_features=84, bias=True)
  (fc3): Linear(840.0 Mac, 0.294% MACs, in_features=84, out_features=10, bias=True)
)
>>> Activate a worker for training
>>> Initialize 100 clients in total
>>> Weigh updates by simple average
>>> Select 100 clients per round 


>>> Round:    0 / Acc: 6.085% / Loss: 12.0578 / Grad Norm: 219.8576 / Grad Diff: 39312.0097 / Time: 6.44s
======================================================================================================

= Test = round: 0 / acc: 6.410% / loss: 12.0815 / Time: 0.50s
======================================================================================================

round 0 local learning rate = 0.005

>>> Round:    1 / Acc: 15.766% / Loss: 2.5528 / Grad Norm: 9.4105 / Grad Diff: 791.3148 / Time: 6.29s
======================================================================================================

round 1 local learning rate = 0.005

>>> Round:    2 / Acc: 27.574% / Loss: 2.0556 / Grad Norm: 6.8762 / Grad Diff: 712.4647 / Time: 6.37s
======================================================================================================

round 2 local learning rate = 0.0025

>>> Round:    3 / Acc: 38.290% / Loss: 1.7779 / Grad Norm: 7.0640 / Grad Diff: 964.4683 / Time: 6.39s
======================================================================================================

round 3 local learning rate = 0.0016666666666666668

>>> Round:    4 / Acc: 45.708% / Loss: 1.5808 / Grad Norm: 6.7642 / Grad Diff: 1113.4065 / Time: 6.34s
======================================================================================================

round 4 local learning rate = 0.00125

>>> Round:    5 / Acc: 50.740% / Loss: 1.4389 / Grad Norm: 6.3517 / Grad Diff: 1203.7988 / Time: 6.29s
======================================================================================================

= Test = round: 5 / acc: 52.440% / loss: 1.3999 / Time: 0.50s
======================================================================================================

round 5 local learning rate = 0.001

>>> Round:    6 / Acc: 54.836% / Loss: 1.3339 / Grad Norm: 5.9739 / Grad Diff: 1257.4937 / Time: 6.27s
======================================================================================================

round 6 local learning rate = 0.0008333333333333334

>>> Round:    7 / Acc: 57.819% / Loss: 1.2515 / Grad Norm: 5.6020 / Grad Diff: 1289.8160 / Time: 6.30s
======================================================================================================

round 7 local learning rate = 0.0007142857142857143

>>> Round:    8 / Acc: 60.114% / Loss: 1.1858 / Grad Norm: 5.3228 / Grad Diff: 1307.6785 / Time: 7.45s
======================================================================================================

round 8 local learning rate = 0.000625

>>> Round:    9 / Acc: 62.089% / Loss: 1.1319 / Grad Norm: 5.1000 / Grad Diff: 1318.1115 / Time: 6.64s
======================================================================================================

round 9 local learning rate = 0.0005555555555555556

>>> Round:   10 / Acc: 63.679% / Loss: 1.0864 / Grad Norm: 4.8542 / Grad Diff: 1320.4692 / Time: 6.43s
======================================================================================================

= Test = round: 10 / acc: 65.360% / loss: 1.0350 / Time: 0.50s
======================================================================================================

round 10 local learning rate = 0.0005

>>> Round:   11 / Acc: 65.077% / Loss: 1.0470 / Grad Norm: 4.6427 / Grad Diff: 1318.6378 / Time: 6.25s
======================================================================================================

round 11 local learning rate = 0.00045454545454545455

>>> Round:   12 / Acc: 66.306% / Loss: 1.0138 / Grad Norm: 4.5172 / Grad Diff: 1318.1883 / Time: 6.40s
======================================================================================================

round 12 local learning rate = 0.0004166666666666667

>>> Round:   13 / Acc: 67.327% / Loss: 0.9847 / Grad Norm: 4.4181 / Grad Diff: 1315.5449 / Time: 6.40s
======================================================================================================

round 13 local learning rate = 0.0003846153846153846

>>> Round:   14 / Acc: 68.227% / Loss: 0.9586 / Grad Norm: 4.3567 / Grad Diff: 1309.7939 / Time: 6.55s
======================================================================================================

round 14 local learning rate = 0.00035714285714285714

>>> Round:   15 / Acc: 69.090% / Loss: 0.9346 / Grad Norm: 4.2225 / Grad Diff: 1302.7015 / Time: 6.40s
======================================================================================================

= Test = round: 15 / acc: 70.910% / loss: 0.8823 / Time: 0.53s
======================================================================================================

round 15 local learning rate = 0.0003333333333333333

>>> Round:   16 / Acc: 69.814% / Loss: 0.9132 / Grad Norm: 4.1415 / Grad Diff: 1294.4418 / Time: 6.56s
======================================================================================================

round 16 local learning rate = 0.0003125

>>> Round:   17 / Acc: 70.496% / Loss: 0.8936 / Grad Norm: 4.0051 / Grad Diff: 1284.1286 / Time: 6.38s
======================================================================================================

round 17 local learning rate = 0.00029411764705882356

>>> Round:   18 / Acc: 71.041% / Loss: 0.8762 / Grad Norm: 3.9508 / Grad Diff: 1277.3788 / Time: 6.49s
======================================================================================================

round 18 local learning rate = 0.0002777777777777778

>>> Round:   19 / Acc: 71.542% / Loss: 0.8604 / Grad Norm: 3.9107 / Grad Diff: 1269.2755 / Time: 6.45s
======================================================================================================

round 19 local learning rate = 0.0002631578947368421

>>> Round:   20 / Acc: 72.028% / Loss: 0.8454 / Grad Norm: 3.7720 / Grad Diff: 1262.3246 / Time: 7.69s
======================================================================================================

= Test = round: 20 / acc: 73.870% / loss: 0.7943 / Time: 0.56s
======================================================================================================

round 20 local learning rate = 0.00025

>>> Round:   21 / Acc: 72.483% / Loss: 0.8318 / Grad Norm: 3.7145 / Grad Diff: 1254.0638 / Time: 6.42s
======================================================================================================

round 21 local learning rate = 0.0002380952380952381

>>> Round:   22 / Acc: 72.948% / Loss: 0.8190 / Grad Norm: 3.6391 / Grad Diff: 1245.5351 / Time: 6.37s
======================================================================================================

round 22 local learning rate = 0.00022727272727272727

>>> Round:   23 / Acc: 73.380% / Loss: 0.8069 / Grad Norm: 3.5212 / Grad Diff: 1237.0332 / Time: 6.33s
======================================================================================================

round 23 local learning rate = 0.0002173913043478261

>>> Round:   24 / Acc: 73.736% / Loss: 0.7959 / Grad Norm: 3.4881 / Grad Diff: 1229.3031 / Time: 6.24s
======================================================================================================

round 24 local learning rate = 0.00020833333333333335

>>> Round:   25 / Acc: 74.105% / Loss: 0.7854 / Grad Norm: 3.4219 / Grad Diff: 1219.9707 / Time: 6.34s
======================================================================================================

= Test = round: 25 / acc: 76.010% / loss: 0.7351 / Time: 0.50s
======================================================================================================

round 25 local learning rate = 0.0002

>>> Round:   26 / Acc: 74.400% / Loss: 0.7758 / Grad Norm: 3.3949 / Grad Diff: 1212.5077 / Time: 6.39s
======================================================================================================

round 26 local learning rate = 0.0001923076923076923

>>> Round:   27 / Acc: 74.729% / Loss: 0.7664 / Grad Norm: 3.3231 / Grad Diff: 1203.7352 / Time: 6.33s
======================================================================================================

round 27 local learning rate = 0.00018518518518518518

>>> Round:   28 / Acc: 75.065% / Loss: 0.7576 / Grad Norm: 3.2615 / Grad Diff: 1196.1963 / Time: 5.75s
======================================================================================================

round 28 local learning rate = 0.00017857142857142857

>>> Round:   29 / Acc: 75.402% / Loss: 0.7495 / Grad Norm: 3.2550 / Grad Diff: 1189.5883 / Time: 5.60s
======================================================================================================

round 29 local learning rate = 0.0001724137931034483

>>> Round:   30 / Acc: 75.635% / Loss: 0.7416 / Grad Norm: 3.1969 / Grad Diff: 1182.8405 / Time: 6.58s
======================================================================================================

= Test = round: 30 / acc: 77.400% / loss: 0.6925 / Time: 0.53s
======================================================================================================

round 30 local learning rate = 0.00016666666666666666

>>> Round:   31 / Acc: 75.893% / Loss: 0.7341 / Grad Norm: 3.1584 / Grad Diff: 1175.5591 / Time: 6.36s
======================================================================================================

round 31 local learning rate = 0.00016129032258064516

>>> Round:   32 / Acc: 76.127% / Loss: 0.7270 / Grad Norm: 3.1004 / Grad Diff: 1168.2231 / Time: 6.67s
======================================================================================================

round 32 local learning rate = 0.00015625

>>> Round:   33 / Acc: 76.345% / Loss: 0.7201 / Grad Norm: 3.0556 / Grad Diff: 1160.5044 / Time: 6.31s
======================================================================================================

round 33 local learning rate = 0.00015151515151515152

>>> Round:   34 / Acc: 76.574% / Loss: 0.7135 / Grad Norm: 3.0150 / Grad Diff: 1153.2428 / Time: 6.04s
======================================================================================================

round 34 local learning rate = 0.00014705882352941178

>>> Round:   35 / Acc: 76.773% / Loss: 0.7074 / Grad Norm: 2.9897 / Grad Diff: 1147.1479 / Time: 5.59s
======================================================================================================

= Test = round: 35 / acc: 78.460% / loss: 0.6593 / Time: 0.52s
======================================================================================================

round 35 local learning rate = 0.00014285714285714287

>>> Round:   36 / Acc: 76.980% / Loss: 0.7014 / Grad Norm: 2.9427 / Grad Diff: 1139.7280 / Time: 6.36s
======================================================================================================

round 36 local learning rate = 0.0001388888888888889

>>> Round:   37 / Acc: 77.183% / Loss: 0.6957 / Grad Norm: 2.8872 / Grad Diff: 1132.8284 / Time: 6.29s
======================================================================================================

round 37 local learning rate = 0.00013513513513513514

>>> Round:   38 / Acc: 77.375% / Loss: 0.6901 / Grad Norm: 2.8399 / Grad Diff: 1125.5689 / Time: 5.89s
======================================================================================================

round 38 local learning rate = 0.00013157894736842105

>>> Round:   39 / Acc: 77.541% / Loss: 0.6850 / Grad Norm: 2.8602 / Grad Diff: 1120.1886 / Time: 6.41s
======================================================================================================

round 39 local learning rate = 0.0001282051282051282

>>> Round:   40 / Acc: 77.721% / Loss: 0.6799 / Grad Norm: 2.8189 / Grad Diff: 1113.6589 / Time: 6.43s
======================================================================================================

= Test = round: 40 / acc: 79.430% / loss: 0.6328 / Time: 0.54s
======================================================================================================

round 40 local learning rate = 0.000125

>>> Round:   41 / Acc: 77.897% / Loss: 0.6750 / Grad Norm: 2.7801 / Grad Diff: 1107.2004 / Time: 6.33s
======================================================================================================

round 41 local learning rate = 0.00012195121951219512

>>> Round:   42 / Acc: 78.076% / Loss: 0.6704 / Grad Norm: 2.7576 / Grad Diff: 1102.3044 / Time: 6.93s
======================================================================================================

round 42 local learning rate = 0.00011904761904761905

>>> Round:   43 / Acc: 78.240% / Loss: 0.6658 / Grad Norm: 2.7204 / Grad Diff: 1095.6235 / Time: 6.39s
======================================================================================================

round 43 local learning rate = 0.00011627906976744187

>>> Round:   44 / Acc: 78.349% / Loss: 0.6615 / Grad Norm: 2.6781 / Grad Diff: 1090.0295 / Time: 6.36s
======================================================================================================

round 44 local learning rate = 0.00011363636363636364

>>> Round:   45 / Acc: 78.482% / Loss: 0.6575 / Grad Norm: 2.7214 / Grad Diff: 1085.9705 / Time: 6.28s
======================================================================================================

= Test = round: 45 / acc: 80.270% / loss: 0.6113 / Time: 0.68s
======================================================================================================

round 45 local learning rate = 0.00011111111111111112

>>> Round:   46 / Acc: 78.611% / Loss: 0.6532 / Grad Norm: 2.6327 / Grad Diff: 1078.8978 / Time: 6.55s
======================================================================================================

round 46 local learning rate = 0.00010869565217391305

>>> Round:   47 / Acc: 78.734% / Loss: 0.6493 / Grad Norm: 2.6181 / Grad Diff: 1074.2928 / Time: 6.45s
======================================================================================================

round 47 local learning rate = 0.00010638297872340425

>>> Round:   48 / Acc: 78.886% / Loss: 0.6456 / Grad Norm: 2.6201 / Grad Diff: 1069.1815 / Time: 6.23s
======================================================================================================

round 48 local learning rate = 0.00010416666666666667

>>> Round:   49 / Acc: 78.996% / Loss: 0.6419 / Grad Norm: 2.5740 / Grad Diff: 1063.6839 / Time: 6.32s
======================================================================================================

round 49 local learning rate = 0.00010204081632653062

>>> Round:   50 / Acc: 79.149% / Loss: 0.6383 / Grad Norm: 2.5650 / Grad Diff: 1058.0695 / Time: 6.36s
======================================================================================================

= Test = round: 50 / acc: 80.910% / loss: 0.5931 / Time: 0.51s
======================================================================================================

round 50 local learning rate = 0.0001

>>> Round:   51 / Acc: 79.264% / Loss: 0.6347 / Grad Norm: 2.5141 / Grad Diff: 1052.0793 / Time: 6.38s
======================================================================================================

round 51 local learning rate = 9.80392156862745e-05

>>> Round:   52 / Acc: 79.371% / Loss: 0.6313 / Grad Norm: 2.4988 / Grad Diff: 1047.2893 / Time: 6.40s
======================================================================================================

round 52 local learning rate = 9.615384615384615e-05

>>> Round:   53 / Acc: 79.443% / Loss: 0.6280 / Grad Norm: 2.4790 / Grad Diff: 1042.2357 / Time: 6.33s
======================================================================================================

round 53 local learning rate = 9.433962264150943e-05

>>> Round:   54 / Acc: 79.555% / Loss: 0.6249 / Grad Norm: 2.4714 / Grad Diff: 1037.7331 / Time: 6.33s
======================================================================================================

round 54 local learning rate = 9.259259259259259e-05

>>> Round:   55 / Acc: 79.661% / Loss: 0.6219 / Grad Norm: 2.4820 / Grad Diff: 1033.2583 / Time: 7.39s
======================================================================================================

= Test = round: 55 / acc: 81.420% / loss: 0.5778 / Time: 0.51s
======================================================================================================

round 55 local learning rate = 9.090909090909092e-05

>>> Round:   56 / Acc: 79.766% / Loss: 0.6188 / Grad Norm: 2.4549 / Grad Diff: 1028.1688 / Time: 6.27s
======================================================================================================

round 56 local learning rate = 8.928571428571429e-05

>>> Round:   57 / Acc: 79.891% / Loss: 0.6158 / Grad Norm: 2.4063 / Grad Diff: 1022.8516 / Time: 6.33s
======================================================================================================

round 57 local learning rate = 8.771929824561404e-05

>>> Round:   58 / Acc: 80.002% / Loss: 0.6129 / Grad Norm: 2.3785 / Grad Diff: 1018.2868 / Time: 6.36s
======================================================================================================

round 58 local learning rate = 8.620689655172414e-05

>>> Round:   59 / Acc: 80.074% / Loss: 0.6100 / Grad Norm: 2.3498 / Grad Diff: 1013.9808 / Time: 6.45s
======================================================================================================

round 59 local learning rate = 8.474576271186441e-05

>>> Round:   60 / Acc: 80.179% / Loss: 0.6073 / Grad Norm: 2.3264 / Grad Diff: 1009.3692 / Time: 7.40s
======================================================================================================

= Test = round: 60 / acc: 81.830% / loss: 0.5641 / Time: 0.51s
======================================================================================================

round 60 local learning rate = 8.333333333333333e-05

>>> Round:   61 / Acc: 80.249% / Loss: 0.6048 / Grad Norm: 2.3360 / Grad Diff: 1005.6727 / Time: 6.27s
======================================================================================================

round 61 local learning rate = 8.19672131147541e-05

>>> Round:   62 / Acc: 80.332% / Loss: 0.6022 / Grad Norm: 2.3232 / Grad Diff: 1001.9033 / Time: 6.37s
======================================================================================================

round 62 local learning rate = 8.064516129032258e-05

>>> Round:   63 / Acc: 80.434% / Loss: 0.5997 / Grad Norm: 2.3237 / Grad Diff: 998.0833 / Time: 6.74s
======================================================================================================

round 63 local learning rate = 7.936507936507937e-05

>>> Round:   64 / Acc: 80.528% / Loss: 0.5973 / Grad Norm: 2.3255 / Grad Diff: 994.0519 / Time: 6.19s
======================================================================================================

round 64 local learning rate = 7.8125e-05

>>> Round:   65 / Acc: 80.611% / Loss: 0.5949 / Grad Norm: 2.3149 / Grad Diff: 990.5079 / Time: 6.32s
======================================================================================================

= Test = round: 65 / acc: 82.300% / loss: 0.5523 / Time: 0.51s
======================================================================================================

round 65 local learning rate = 7.692307692307693e-05

>>> Round:   66 / Acc: 80.685% / Loss: 0.5924 / Grad Norm: 2.2702 / Grad Diff: 985.8299 / Time: 6.27s
======================================================================================================

round 66 local learning rate = 7.575757575757576e-05

>>> Round:   67 / Acc: 80.768% / Loss: 0.5902 / Grad Norm: 2.2712 / Grad Diff: 982.2498 / Time: 6.25s
======================================================================================================

round 67 local learning rate = 7.462686567164179e-05

>>> Round:   68 / Acc: 80.858% / Loss: 0.5879 / Grad Norm: 2.2244 / Grad Diff: 977.5525 / Time: 6.20s
======================================================================================================

round 68 local learning rate = 7.352941176470589e-05

>>> Round:   69 / Acc: 80.928% / Loss: 0.5857 / Grad Norm: 2.2245 / Grad Diff: 974.1835 / Time: 6.29s
======================================================================================================

round 69 local learning rate = 7.246376811594203e-05

>>> Round:   70 / Acc: 80.996% / Loss: 0.5836 / Grad Norm: 2.2104 / Grad Diff: 970.4920 / Time: 6.25s
======================================================================================================

= Test = round: 70 / acc: 82.640% / loss: 0.5417 / Time: 0.54s
======================================================================================================

round 70 local learning rate = 7.142857142857143e-05

>>> Round:   71 / Acc: 81.094% / Loss: 0.5815 / Grad Norm: 2.2201 / Grad Diff: 967.4705 / Time: 6.40s
======================================================================================================

round 71 local learning rate = 7.042253521126761e-05

>>> Round:   72 / Acc: 81.149% / Loss: 0.5794 / Grad Norm: 2.1846 / Grad Diff: 963.5140 / Time: 6.28s
======================================================================================================

round 72 local learning rate = 6.944444444444444e-05

>>> Round:   73 / Acc: 81.203% / Loss: 0.5773 / Grad Norm: 2.1607 / Grad Diff: 959.2733 / Time: 6.52s
======================================================================================================

round 73 local learning rate = 6.84931506849315e-05

>>> Round:   74 / Acc: 81.284% / Loss: 0.5753 / Grad Norm: 2.1406 / Grad Diff: 955.6091 / Time: 6.21s
======================================================================================================

round 74 local learning rate = 6.756756756756757e-05

>>> Round:   75 / Acc: 81.328% / Loss: 0.5734 / Grad Norm: 2.1205 / Grad Diff: 951.9048 / Time: 6.05s
======================================================================================================

= Test = round: 75 / acc: 82.980% / loss: 0.5323 / Time: 0.51s
======================================================================================================

round 75 local learning rate = 6.666666666666667e-05

>>> Round:   76 / Acc: 81.382% / Loss: 0.5715 / Grad Norm: 2.1211 / Grad Diff: 948.6798 / Time: 6.54s
======================================================================================================

round 76 local learning rate = 6.578947368421052e-05

>>> Round:   77 / Acc: 81.456% / Loss: 0.5697 / Grad Norm: 2.1229 / Grad Diff: 945.5036 / Time: 6.02s
======================================================================================================

round 77 local learning rate = 6.493506493506494e-05

>>> Round:   78 / Acc: 81.507% / Loss: 0.5679 / Grad Norm: 2.1023 / Grad Diff: 942.0813 / Time: 6.48s
======================================================================================================

round 78 local learning rate = 6.41025641025641e-05

>>> Round:   79 / Acc: 81.554% / Loss: 0.5661 / Grad Norm: 2.0919 / Grad Diff: 938.9054 / Time: 6.41s
======================================================================================================

round 79 local learning rate = 6.329113924050633e-05

>>> Round:   80 / Acc: 81.624% / Loss: 0.5644 / Grad Norm: 2.0784 / Grad Diff: 935.7098 / Time: 6.29s
======================================================================================================

= Test = round: 80 / acc: 83.250% / loss: 0.5239 / Time: 0.51s
======================================================================================================

round 80 local learning rate = 6.25e-05

>>> Round:   81 / Acc: 81.697% / Loss: 0.5626 / Grad Norm: 2.0586 / Grad Diff: 932.3935 / Time: 5.68s
======================================================================================================

round 81 local learning rate = 6.17283950617284e-05

>>> Round:   82 / Acc: 81.755% / Loss: 0.5609 / Grad Norm: 2.0448 / Grad Diff: 929.3121 / Time: 6.30s
======================================================================================================

round 82 local learning rate = 6.097560975609756e-05

>>> Round:   83 / Acc: 81.804% / Loss: 0.5592 / Grad Norm: 2.0293 / Grad Diff: 926.1832 / Time: 6.44s
======================================================================================================

round 83 local learning rate = 6.024096385542169e-05

>>> Round:   84 / Acc: 81.891% / Loss: 0.5576 / Grad Norm: 2.0228 / Grad Diff: 923.1322 / Time: 6.59s
======================================================================================================

round 84 local learning rate = 5.9523809523809524e-05

>>> Round:   85 / Acc: 81.958% / Loss: 0.5560 / Grad Norm: 2.0262 / Grad Diff: 920.2268 / Time: 6.32s
======================================================================================================

= Test = round: 85 / acc: 83.490% / loss: 0.5161 / Time: 0.53s
======================================================================================================

round 85 local learning rate = 5.882352941176471e-05

>>> Round:   86 / Acc: 82.006% / Loss: 0.5544 / Grad Norm: 2.0044 / Grad Diff: 917.0585 / Time: 6.27s
======================================================================================================

round 86 local learning rate = 5.8139534883720933e-05

>>> Round:   87 / Acc: 82.059% / Loss: 0.5528 / Grad Norm: 1.9969 / Grad Diff: 913.9809 / Time: 6.38s
======================================================================================================

round 87 local learning rate = 5.747126436781609e-05

>>> Round:   88 / Acc: 82.098% / Loss: 0.5514 / Grad Norm: 2.0016 / Grad Diff: 911.3393 / Time: 6.34s
======================================================================================================

round 88 local learning rate = 5.681818181818182e-05

>>> Round:   89 / Acc: 82.133% / Loss: 0.5499 / Grad Norm: 1.9931 / Grad Diff: 908.6137 / Time: 7.31s
======================================================================================================

round 89 local learning rate = 5.617977528089888e-05

>>> Round:   90 / Acc: 82.179% / Loss: 0.5484 / Grad Norm: 1.9736 / Grad Diff: 905.6437 / Time: 7.77s
======================================================================================================

= Test = round: 90 / acc: 83.700% / loss: 0.5090 / Time: 0.69s
======================================================================================================

round 90 local learning rate = 5.555555555555556e-05

>>> Round:   91 / Acc: 82.244% / Loss: 0.5469 / Grad Norm: 1.9578 / Grad Diff: 902.6351 / Time: 7.58s
======================================================================================================

round 91 local learning rate = 5.4945054945054945e-05

>>> Round:   92 / Acc: 82.293% / Loss: 0.5455 / Grad Norm: 1.9556 / Grad Diff: 900.0589 / Time: 6.30s
======================================================================================================

round 92 local learning rate = 5.4347826086956524e-05

>>> Round:   93 / Acc: 82.330% / Loss: 0.5441 / Grad Norm: 1.9433 / Grad Diff: 897.2212 / Time: 5.58s
======================================================================================================

round 93 local learning rate = 5.3763440860215054e-05

>>> Round:   94 / Acc: 82.380% / Loss: 0.5427 / Grad Norm: 1.9341 / Grad Diff: 894.4427 / Time: 6.28s
======================================================================================================

round 94 local learning rate = 5.319148936170213e-05

>>> Round:   95 / Acc: 82.437% / Loss: 0.5413 / Grad Norm: 1.9208 / Grad Diff: 891.6180 / Time: 7.09s
======================================================================================================

= Test = round: 95 / acc: 83.910% / loss: 0.5024 / Time: 0.52s
======================================================================================================

round 95 local learning rate = 5.2631578947368424e-05

>>> Round:   96 / Acc: 82.485% / Loss: 0.5400 / Grad Norm: 1.9038 / Grad Diff: 888.7941 / Time: 6.53s
======================================================================================================

round 96 local learning rate = 5.208333333333334e-05

>>> Round:   97 / Acc: 82.522% / Loss: 0.5387 / Grad Norm: 1.8956 / Grad Diff: 886.2683 / Time: 6.48s
======================================================================================================

round 97 local learning rate = 5.154639175257732e-05

>>> Round:   98 / Acc: 82.585% / Loss: 0.5374 / Grad Norm: 1.8941 / Grad Diff: 884.1184 / Time: 6.36s
======================================================================================================

round 98 local learning rate = 5.102040816326531e-05

>>> Round:   99 / Acc: 82.624% / Loss: 0.5361 / Grad Norm: 1.8985 / Grad Diff: 881.6251 / Time: 6.65s
======================================================================================================

round 99 local learning rate = 5.0505050505050505e-05

>>> Round:  100 / Acc: 82.664% / Loss: 0.5349 / Grad Norm: 1.8815 / Grad Diff: 879.0262 / Time: 6.69s
======================================================================================================

= Test = round: 100 / acc: 84.160% / loss: 0.4965 / Time: 0.53s
======================================================================================================

round 100 local learning rate = 5e-05

>>> Round:  101 / Acc: 82.714% / Loss: 0.5336 / Grad Norm: 1.8662 / Grad Diff: 876.5296 / Time: 6.45s
======================================================================================================

round 101 local learning rate = 4.950495049504951e-05

>>> Round:  102 / Acc: 82.727% / Loss: 0.5324 / Grad Norm: 1.8486 / Grad Diff: 873.8149 / Time: 6.26s
======================================================================================================

round 102 local learning rate = 4.901960784313725e-05

>>> Round:  103 / Acc: 82.777% / Loss: 0.5312 / Grad Norm: 1.8501 / Grad Diff: 871.7467 / Time: 6.23s
======================================================================================================

round 103 local learning rate = 4.854368932038835e-05

>>> Round:  104 / Acc: 82.810% / Loss: 0.5300 / Grad Norm: 1.8494 / Grad Diff: 869.1716 / Time: 6.21s
======================================================================================================

round 104 local learning rate = 4.807692307692308e-05

>>> Round:  105 / Acc: 82.841% / Loss: 0.5289 / Grad Norm: 1.8353 / Grad Diff: 866.8173 / Time: 6.20s
======================================================================================================

= Test = round: 105 / acc: 84.410% / loss: 0.4910 / Time: 0.52s
======================================================================================================

round 105 local learning rate = 4.761904761904762e-05

>>> Round:  106 / Acc: 82.884% / Loss: 0.5277 / Grad Norm: 1.8254 / Grad Diff: 864.8092 / Time: 6.32s
======================================================================================================

round 106 local learning rate = 4.7169811320754715e-05

>>> Round:  107 / Acc: 82.943% / Loss: 0.5266 / Grad Norm: 1.8177 / Grad Diff: 862.3107 / Time: 5.71s
======================================================================================================

round 107 local learning rate = 4.672897196261682e-05

>>> Round:  108 / Acc: 82.987% / Loss: 0.5255 / Grad Norm: 1.8115 / Grad Diff: 860.2979 / Time: 5.92s
======================================================================================================

round 108 local learning rate = 4.6296296296296294e-05

>>> Round:  109 / Acc: 83.024% / Loss: 0.5244 / Grad Norm: 1.8116 / Grad Diff: 858.3459 / Time: 6.31s
======================================================================================================

round 109 local learning rate = 4.587155963302752e-05

>>> Round:  110 / Acc: 83.063% / Loss: 0.5233 / Grad Norm: 1.8000 / Grad Diff: 855.9257 / Time: 5.95s
======================================================================================================

= Test = round: 110 / acc: 84.510% / loss: 0.4857 / Time: 0.52s
======================================================================================================

round 110 local learning rate = 4.545454545454546e-05

>>> Round:  111 / Acc: 83.092% / Loss: 0.5222 / Grad Norm: 1.7948 / Grad Diff: 853.9752 / Time: 6.34s
======================================================================================================

round 111 local learning rate = 4.5045045045045046e-05

>>> Round:  112 / Acc: 83.118% / Loss: 0.5212 / Grad Norm: 1.7920 / Grad Diff: 851.9241 / Time: 6.41s
======================================================================================================

round 112 local learning rate = 4.464285714285714e-05

>>> Round:  113 / Acc: 83.162% / Loss: 0.5201 / Grad Norm: 1.7886 / Grad Diff: 849.7141 / Time: 6.22s
======================================================================================================

round 113 local learning rate = 4.424778761061947e-05

>>> Round:  114 / Acc: 83.216% / Loss: 0.5191 / Grad Norm: 1.7769 / Grad Diff: 847.5690 / Time: 6.25s
======================================================================================================

round 114 local learning rate = 4.385964912280702e-05

>>> Round:  115 / Acc: 83.255% / Loss: 0.5181 / Grad Norm: 1.7863 / Grad Diff: 845.9201 / Time: 6.80s
======================================================================================================

= Test = round: 115 / acc: 84.730% / loss: 0.4809 / Time: 0.55s
======================================================================================================

round 115 local learning rate = 4.347826086956522e-05

>>> Round:  116 / Acc: 83.288% / Loss: 0.5171 / Grad Norm: 1.7804 / Grad Diff: 843.5778 / Time: 6.48s
======================================================================================================

round 116 local learning rate = 4.310344827586207e-05

>>> Round:  117 / Acc: 83.328% / Loss: 0.5161 / Grad Norm: 1.7660 / Grad Diff: 841.2613 / Time: 5.70s
======================================================================================================

round 117 local learning rate = 4.2735042735042735e-05

>>> Round:  118 / Acc: 83.352% / Loss: 0.5151 / Grad Norm: 1.7616 / Grad Diff: 839.2952 / Time: 5.68s
======================================================================================================

round 118 local learning rate = 4.2372881355932206e-05

>>> Round:  119 / Acc: 83.397% / Loss: 0.5141 / Grad Norm: 1.7548 / Grad Diff: 837.2850 / Time: 6.29s
======================================================================================================

round 119 local learning rate = 4.201680672268908e-05

>>> Round:  120 / Acc: 83.406% / Loss: 0.5131 / Grad Norm: 1.7350 / Grad Diff: 834.8021 / Time: 6.55s
======================================================================================================

= Test = round: 120 / acc: 84.880% / loss: 0.4764 / Time: 0.54s
======================================================================================================

round 120 local learning rate = 4.1666666666666665e-05

>>> Round:  121 / Acc: 83.432% / Loss: 0.5122 / Grad Norm: 1.7362 / Grad Diff: 832.9760 / Time: 6.32s
======================================================================================================

round 121 local learning rate = 4.132231404958678e-05

>>> Round:  122 / Acc: 83.472% / Loss: 0.5113 / Grad Norm: 1.7342 / Grad Diff: 831.1548 / Time: 6.37s
======================================================================================================

round 122 local learning rate = 4.098360655737705e-05

>>> Round:  123 / Acc: 83.506% / Loss: 0.5103 / Grad Norm: 1.7310 / Grad Diff: 829.3132 / Time: 5.90s
======================================================================================================

round 123 local learning rate = 4.065040650406504e-05

>>> Round:  124 / Acc: 83.531% / Loss: 0.5095 / Grad Norm: 1.7376 / Grad Diff: 827.6599 / Time: 6.91s
======================================================================================================

round 124 local learning rate = 4.032258064516129e-05

>>> Round:  125 / Acc: 83.574% / Loss: 0.5086 / Grad Norm: 1.7413 / Grad Diff: 825.9416 / Time: 6.30s
======================================================================================================

= Test = round: 125 / acc: 85.010% / loss: 0.4722 / Time: 0.51s
======================================================================================================

round 125 local learning rate = 4e-05

>>> Round:  126 / Acc: 83.603% / Loss: 0.5077 / Grad Norm: 1.7351 / Grad Diff: 824.1466 / Time: 6.33s
======================================================================================================

round 126 local learning rate = 3.968253968253968e-05

>>> Round:  127 / Acc: 83.655% / Loss: 0.5068 / Grad Norm: 1.7270 / Grad Diff: 822.0894 / Time: 6.21s
======================================================================================================

round 127 local learning rate = 3.937007874015748e-05

>>> Round:  128 / Acc: 83.681% / Loss: 0.5059 / Grad Norm: 1.7120 / Grad Diff: 819.9329 / Time: 6.31s
======================================================================================================

round 128 local learning rate = 3.90625e-05

>>> Round:  129 / Acc: 83.721% / Loss: 0.5051 / Grad Norm: 1.7077 / Grad Diff: 818.3412 / Time: 6.34s
======================================================================================================

round 129 local learning rate = 3.875968992248062e-05

>>> Round:  130 / Acc: 83.762% / Loss: 0.5042 / Grad Norm: 1.7043 / Grad Diff: 816.5559 / Time: 6.22s
======================================================================================================

= Test = round: 130 / acc: 85.140% / loss: 0.4682 / Time: 0.53s
======================================================================================================

round 130 local learning rate = 3.846153846153846e-05

>>> Round:  131 / Acc: 83.795% / Loss: 0.5034 / Grad Norm: 1.6993 / Grad Diff: 814.8876 / Time: 7.59s
======================================================================================================

round 131 local learning rate = 3.816793893129771e-05

>>> Round:  132 / Acc: 83.817% / Loss: 0.5026 / Grad Norm: 1.6949 / Grad Diff: 813.0324 / Time: 6.42s
======================================================================================================

round 132 local learning rate = 3.787878787878788e-05

>>> Round:  133 / Acc: 83.845% / Loss: 0.5017 / Grad Norm: 1.6854 / Grad Diff: 811.3137 / Time: 7.02s
======================================================================================================

round 133 local learning rate = 3.759398496240601e-05

>>> Round:  134 / Acc: 83.875% / Loss: 0.5009 / Grad Norm: 1.6867 / Grad Diff: 809.6451 / Time: 7.17s
======================================================================================================

round 134 local learning rate = 3.7313432835820896e-05

>>> Round:  135 / Acc: 83.911% / Loss: 0.5001 / Grad Norm: 1.6787 / Grad Diff: 807.7627 / Time: 7.91s
======================================================================================================

= Test = round: 135 / acc: 85.260% / loss: 0.4644 / Time: 0.50s
======================================================================================================

round 135 local learning rate = 3.7037037037037037e-05

>>> Round:  136 / Acc: 83.924% / Loss: 0.4993 / Grad Norm: 1.6840 / Grad Diff: 806.3763 / Time: 6.28s
======================================================================================================

round 136 local learning rate = 3.6764705882352945e-05

>>> Round:  137 / Acc: 83.948% / Loss: 0.4986 / Grad Norm: 1.6805 / Grad Diff: 804.6624 / Time: 7.91s
======================================================================================================

round 137 local learning rate = 3.649635036496351e-05

>>> Round:  138 / Acc: 83.978% / Loss: 0.4978 / Grad Norm: 1.6778 / Grad Diff: 803.1247 / Time: 6.51s
======================================================================================================

round 138 local learning rate = 3.6231884057971014e-05

>>> Round:  139 / Acc: 84.017% / Loss: 0.4970 / Grad Norm: 1.6631 / Grad Diff: 801.1236 / Time: 6.40s
======================================================================================================

round 139 local learning rate = 3.597122302158273e-05

>>> Round:  140 / Acc: 84.065% / Loss: 0.4963 / Grad Norm: 1.6538 / Grad Diff: 799.4992 / Time: 6.36s
======================================================================================================

= Test = round: 140 / acc: 85.370% / loss: 0.4609 / Time: 0.52s
======================================================================================================

round 140 local learning rate = 3.571428571428572e-05

>>> Round:  141 / Acc: 84.072% / Loss: 0.4955 / Grad Norm: 1.6554 / Grad Diff: 797.9858 / Time: 6.61s
======================================================================================================

round 141 local learning rate = 3.546099290780142e-05

>>> Round:  142 / Acc: 84.094% / Loss: 0.4948 / Grad Norm: 1.6488 / Grad Diff: 796.1284 / Time: 6.31s
======================================================================================================

round 142 local learning rate = 3.5211267605633805e-05

>>> Round:  143 / Acc: 84.111% / Loss: 0.4940 / Grad Norm: 1.6483 / Grad Diff: 794.7744 / Time: 6.62s
======================================================================================================

round 143 local learning rate = 3.4965034965034965e-05

>>> Round:  144 / Acc: 84.144% / Loss: 0.4933 / Grad Norm: 1.6346 / Grad Diff: 792.8996 / Time: 6.61s
======================================================================================================

round 144 local learning rate = 3.472222222222222e-05

>>> Round:  145 / Acc: 84.161% / Loss: 0.4926 / Grad Norm: 1.6291 / Grad Diff: 791.3770 / Time: 6.87s
======================================================================================================

= Test = round: 145 / acc: 85.500% / loss: 0.4575 / Time: 0.49s
======================================================================================================

round 145 local learning rate = 3.4482758620689657e-05

>>> Round:  146 / Acc: 84.183% / Loss: 0.4919 / Grad Norm: 1.6254 / Grad Diff: 789.8094 / Time: 6.39s
======================================================================================================

round 146 local learning rate = 3.424657534246575e-05

>>> Round:  147 / Acc: 84.201% / Loss: 0.4912 / Grad Norm: 1.6191 / Grad Diff: 788.3212 / Time: 6.45s
======================================================================================================

round 147 local learning rate = 3.401360544217687e-05

>>> Round:  148 / Acc: 84.225% / Loss: 0.4905 / Grad Norm: 1.6147 / Grad Diff: 786.7063 / Time: 6.41s
======================================================================================================

round 148 local learning rate = 3.3783783783783784e-05

>>> Round:  149 / Acc: 84.253% / Loss: 0.4898 / Grad Norm: 1.6101 / Grad Diff: 785.0294 / Time: 6.37s
======================================================================================================

round 149 local learning rate = 3.3557046979865775e-05

>>> Round:  150 / Acc: 84.284% / Loss: 0.4891 / Grad Norm: 1.6057 / Grad Diff: 783.6074 / Time: 6.81s
======================================================================================================

= Test = round: 150 / acc: 85.630% / loss: 0.4543 / Time: 0.53s
======================================================================================================

round 150 local learning rate = 3.3333333333333335e-05

>>> Round:  151 / Acc: 84.308% / Loss: 0.4884 / Grad Norm: 1.6077 / Grad Diff: 782.4572 / Time: 6.36s
======================================================================================================

round 151 local learning rate = 3.3112582781456954e-05

>>> Round:  152 / Acc: 84.328% / Loss: 0.4878 / Grad Norm: 1.6055 / Grad Diff: 780.9853 / Time: 6.31s
======================================================================================================

round 152 local learning rate = 3.289473684210526e-05

>>> Round:  153 / Acc: 84.341% / Loss: 0.4871 / Grad Norm: 1.6064 / Grad Diff: 779.6044 / Time: 6.48s
======================================================================================================

round 153 local learning rate = 3.2679738562091506e-05

>>> Round:  154 / Acc: 84.354% / Loss: 0.4865 / Grad Norm: 1.6059 / Grad Diff: 778.2504 / Time: 6.43s
======================================================================================================

round 154 local learning rate = 3.246753246753247e-05

>>> Round:  155 / Acc: 84.373% / Loss: 0.4858 / Grad Norm: 1.5999 / Grad Diff: 776.7237 / Time: 6.12s
======================================================================================================

= Test = round: 155 / acc: 85.700% / loss: 0.4512 / Time: 0.53s
======================================================================================================

round 155 local learning rate = 3.2258064516129034e-05

>>> Round:  156 / Acc: 84.395% / Loss: 0.4851 / Grad Norm: 1.5976 / Grad Diff: 775.2009 / Time: 6.31s
======================================================================================================

round 156 local learning rate = 3.205128205128205e-05

>>> Round:  157 / Acc: 84.424% / Loss: 0.4845 / Grad Norm: 1.5960 / Grad Diff: 773.7282 / Time: 6.51s
======================================================================================================

round 157 local learning rate = 3.184713375796179e-05

>>> Round:  158 / Acc: 84.446% / Loss: 0.4839 / Grad Norm: 1.5904 / Grad Diff: 772.3357 / Time: 6.35s
======================================================================================================

round 158 local learning rate = 3.1645569620253167e-05

>>> Round:  159 / Acc: 84.480% / Loss: 0.4833 / Grad Norm: 1.5861 / Grad Diff: 770.8736 / Time: 6.37s
======================================================================================================

round 159 local learning rate = 3.144654088050314e-05

>>> Round:  160 / Acc: 84.500% / Loss: 0.4826 / Grad Norm: 1.5795 / Grad Diff: 769.4673 / Time: 7.02s
======================================================================================================

= Test = round: 160 / acc: 85.790% / loss: 0.4483 / Time: 0.55s
======================================================================================================

round 160 local learning rate = 3.125e-05

>>> Round:  161 / Acc: 84.506% / Loss: 0.4820 / Grad Norm: 1.5785 / Grad Diff: 768.0547 / Time: 6.41s
======================================================================================================

round 161 local learning rate = 3.1055900621118014e-05

>>> Round:  162 / Acc: 84.537% / Loss: 0.4814 / Grad Norm: 1.5750 / Grad Diff: 766.7150 / Time: 6.33s
======================================================================================================

round 162 local learning rate = 3.08641975308642e-05

>>> Round:  163 / Acc: 84.563% / Loss: 0.4808 / Grad Norm: 1.5589 / Grad Diff: 764.9049 / Time: 6.32s
======================================================================================================

round 163 local learning rate = 3.067484662576687e-05

>>> Round:  164 / Acc: 84.574% / Loss: 0.4802 / Grad Norm: 1.5526 / Grad Diff: 763.4680 / Time: 5.70s
======================================================================================================

round 164 local learning rate = 3.048780487804878e-05

>>> Round:  165 / Acc: 84.598% / Loss: 0.4796 / Grad Norm: 1.5487 / Grad Diff: 762.2218 / Time: 6.28s
======================================================================================================

= Test = round: 165 / acc: 85.880% / loss: 0.4456 / Time: 0.50s
======================================================================================================

round 165 local learning rate = 3.0303030303030302e-05

>>> Round:  166 / Acc: 84.613% / Loss: 0.4790 / Grad Norm: 1.5464 / Grad Diff: 760.8207 / Time: 6.25s
======================================================================================================

round 166 local learning rate = 3.0120481927710845e-05

>>> Round:  167 / Acc: 84.640% / Loss: 0.4784 / Grad Norm: 1.5415 / Grad Diff: 759.4649 / Time: 6.26s
======================================================================================================

round 167 local learning rate = 2.994011976047904e-05

>>> Round:  168 / Acc: 84.661% / Loss: 0.4778 / Grad Norm: 1.5337 / Grad Diff: 757.9776 / Time: 6.19s
======================================================================================================

round 168 local learning rate = 2.9761904761904762e-05

>>> Round:  169 / Acc: 84.686% / Loss: 0.4773 / Grad Norm: 1.5320 / Grad Diff: 756.5322 / Time: 6.26s
======================================================================================================

round 169 local learning rate = 2.9585798816568047e-05

>>> Round:  170 / Acc: 84.705% / Loss: 0.4767 / Grad Norm: 1.5330 / Grad Diff: 755.4297 / Time: 6.22s
======================================================================================================

= Test = round: 170 / acc: 85.940% / loss: 0.4430 / Time: 0.52s
======================================================================================================

round 170 local learning rate = 2.9411764705882354e-05

>>> Round:  171 / Acc: 84.731% / Loss: 0.4761 / Grad Norm: 1.5296 / Grad Diff: 754.1313 / Time: 5.69s
======================================================================================================

round 171 local learning rate = 2.9239766081871346e-05

>>> Round:  172 / Acc: 84.755% / Loss: 0.4756 / Grad Norm: 1.5247 / Grad Diff: 752.8938 / Time: 6.43s
======================================================================================================

round 172 local learning rate = 2.9069767441860467e-05

>>> Round:  173 / Acc: 84.768% / Loss: 0.4750 / Grad Norm: 1.5206 / Grad Diff: 751.5906 / Time: 6.46s
======================================================================================================

round 173 local learning rate = 2.8901734104046242e-05

>>> Round:  174 / Acc: 84.793% / Loss: 0.4745 / Grad Norm: 1.5243 / Grad Diff: 750.5575 / Time: 5.57s
======================================================================================================

round 174 local learning rate = 2.8735632183908045e-05

>>> Round:  175 / Acc: 84.804% / Loss: 0.4739 / Grad Norm: 1.5171 / Grad Diff: 749.2861 / Time: 6.20s
======================================================================================================

= Test = round: 175 / acc: 85.970% / loss: 0.4404 / Time: 0.51s
======================================================================================================

round 175 local learning rate = 2.857142857142857e-05

>>> Round:  176 / Acc: 84.832% / Loss: 0.4734 / Grad Norm: 1.5179 / Grad Diff: 748.1032 / Time: 6.42s
======================================================================================================

round 176 local learning rate = 2.840909090909091e-05

>>> Round:  177 / Acc: 84.843% / Loss: 0.4729 / Grad Norm: 1.5178 / Grad Diff: 746.9473 / Time: 6.47s
======================================================================================================

round 177 local learning rate = 2.824858757062147e-05

>>> Round:  178 / Acc: 84.851% / Loss: 0.4724 / Grad Norm: 1.5215 / Grad Diff: 745.9660 / Time: 6.49s
======================================================================================================

round 178 local learning rate = 2.808988764044944e-05

>>> Round:  179 / Acc: 84.873% / Loss: 0.4719 / Grad Norm: 1.5157 / Grad Diff: 744.6861 / Time: 6.55s
======================================================================================================

round 179 local learning rate = 2.793296089385475e-05

>>> Round:  180 / Acc: 84.889% / Loss: 0.4713 / Grad Norm: 1.5082 / Grad Diff: 743.3669 / Time: 6.33s
======================================================================================================

= Test = round: 180 / acc: 86.090% / loss: 0.4380 / Time: 0.51s
======================================================================================================

round 180 local learning rate = 2.777777777777778e-05

>>> Round:  181 / Acc: 84.904% / Loss: 0.4708 / Grad Norm: 1.5051 / Grad Diff: 742.2282 / Time: 6.42s
======================================================================================================

round 181 local learning rate = 2.7624309392265193e-05

>>> Round:  182 / Acc: 84.923% / Loss: 0.4703 / Grad Norm: 1.4981 / Grad Diff: 740.9895 / Time: 6.60s
======================================================================================================

round 182 local learning rate = 2.7472527472527473e-05

>>> Round:  183 / Acc: 84.921% / Loss: 0.4698 / Grad Norm: 1.4987 / Grad Diff: 739.9732 / Time: 6.28s
======================================================================================================

round 183 local learning rate = 2.73224043715847e-05

>>> Round:  184 / Acc: 84.946% / Loss: 0.4693 / Grad Norm: 1.4924 / Grad Diff: 738.5522 / Time: 5.74s
======================================================================================================

round 184 local learning rate = 2.7173913043478262e-05

>>> Round:  185 / Acc: 84.961% / Loss: 0.4688 / Grad Norm: 1.4938 / Grad Diff: 737.4900 / Time: 6.27s
======================================================================================================

= Test = round: 185 / acc: 86.220% / loss: 0.4357 / Time: 0.50s
======================================================================================================

round 185 local learning rate = 2.7027027027027027e-05

>>> Round:  186 / Acc: 84.982% / Loss: 0.4683 / Grad Norm: 1.4916 / Grad Diff: 736.4007 / Time: 6.01s
======================================================================================================

round 186 local learning rate = 2.6881720430107527e-05

>>> Round:  187 / Acc: 84.985% / Loss: 0.4678 / Grad Norm: 1.4921 / Grad Diff: 735.4280 / Time: 5.65s
======================================================================================================

round 187 local learning rate = 2.6737967914438505e-05

>>> Round:  188 / Acc: 85.007% / Loss: 0.4673 / Grad Norm: 1.4847 / Grad Diff: 734.0786 / Time: 5.55s
======================================================================================================

round 188 local learning rate = 2.6595744680851064e-05

>>> Round:  189 / Acc: 85.026% / Loss: 0.4668 / Grad Norm: 1.4806 / Grad Diff: 732.9872 / Time: 6.24s
======================================================================================================

round 189 local learning rate = 2.6455026455026456e-05

>>> Round:  190 / Acc: 85.048% / Loss: 0.4663 / Grad Norm: 1.4784 / Grad Diff: 731.9101 / Time: 6.20s
======================================================================================================

= Test = round: 190 / acc: 86.330% / loss: 0.4334 / Time: 0.52s
======================================================================================================

round 190 local learning rate = 2.6315789473684212e-05

>>> Round:  191 / Acc: 85.054% / Loss: 0.4659 / Grad Norm: 1.4744 / Grad Diff: 730.9270 / Time: 6.31s
======================================================================================================

round 191 local learning rate = 2.6178010471204188e-05

>>> Round:  192 / Acc: 85.074% / Loss: 0.4654 / Grad Norm: 1.4709 / Grad Diff: 729.7900 / Time: 6.32s
======================================================================================================

round 192 local learning rate = 2.604166666666667e-05

>>> Round:  193 / Acc: 85.096% / Loss: 0.4649 / Grad Norm: 1.4659 / Grad Diff: 728.6395 / Time: 5.67s
======================================================================================================

round 193 local learning rate = 2.5906735751295337e-05

>>> Round:  194 / Acc: 85.103% / Loss: 0.4644 / Grad Norm: 1.4603 / Grad Diff: 727.3714 / Time: 6.25s
======================================================================================================

round 194 local learning rate = 2.577319587628866e-05

>>> Round:  195 / Acc: 85.122% / Loss: 0.4640 / Grad Norm: 1.4595 / Grad Diff: 726.4137 / Time: 6.36s
======================================================================================================

= Test = round: 195 / acc: 86.380% / loss: 0.4313 / Time: 0.53s
======================================================================================================

round 195 local learning rate = 2.5641025641025643e-05

>>> Round:  196 / Acc: 85.146% / Loss: 0.4635 / Grad Norm: 1.4588 / Grad Diff: 725.4969 / Time: 6.37s
======================================================================================================

round 196 local learning rate = 2.5510204081632654e-05

>>> Round:  197 / Acc: 85.153% / Loss: 0.4631 / Grad Norm: 1.4573 / Grad Diff: 724.4593 / Time: 5.67s
======================================================================================================

round 197 local learning rate = 2.5380710659898476e-05

>>> Round:  198 / Acc: 85.168% / Loss: 0.4626 / Grad Norm: 1.4551 / Grad Diff: 723.4273 / Time: 5.73s
======================================================================================================

round 198 local learning rate = 2.5252525252525253e-05

>>> Round:  199 / Acc: 85.185% / Loss: 0.4622 / Grad Norm: 1.4563 / Grad Diff: 722.5605 / Time: 5.51s
======================================================================================================

round 199 local learning rate = 2.5125628140703518e-05

>>> Round:  200 / Acc: 85.192% / Loss: 0.4617 / Grad Norm: 1.4499 / Grad Diff: 721.4832 / Time: 5.49s
======================================================================================================

= Test = round: 200 / acc: 86.470% / loss: 0.4293 / Time: 0.50s
======================================================================================================

