nohup: ignoring input
Using device: cuda:0
>>> Arguments:
	             algo : fedavgtl
	            alpha : 51871.0
	       batch_size : 64
	clients_per_round : 100
	          dataset : mnist_all_data_1_equal_niid
	           device : cuda:0
	              dis : 
	   early_stopping : 20
	       eval_every : 5
	    ft_batch_size : 128
	       ft_dataset : mnist-m
	        ft_epochs : 2
	            ft_lr : 0.01
	            ft_wd : 0.0
	              gpu : True
	      input_shape : (1, 28, 28)
	           last_k : 2
	               lr : 0.005
	            model : lenet
	           n_init : 5
	        noaverage : False
	          noprint : False
	        num_class : 10
	        num_epoch : 1
	        num_round : 200
	           opt_lr : False
	            reg_J : True
	       reg_J_coef : 0.01
	             seed : 0
	               wd : 0.0
>>> Read data from:
     ./data/mnist/data/all_data_1.pkl
>>> The estimate of constant alpha is 51871.0.
>>> Read data from:
     ./data/mnist/data/train/all_data_1_equal_niid.pkl
     ./data/mnist/data/test/all_data_1_equal_niid.pkl
>>> Use gpu on device cuda:0
>>> Model statistic per layer
LeNet_MNIST(
  286.12 KMac, 100.000% MACs, 
  (conv1): Conv2d(89.856 KMac, 31.405% MACs, 1, 6, kernel_size=(5, 5), stride=(1, 1))
  (conv2): Conv2d(154.624 KMac, 54.042% MACs, 6, 16, kernel_size=(5, 5), stride=(1, 1))
  (fc1): Linear(30.72 KMac, 10.737% MACs, in_features=256, out_features=120, bias=True)
  (fc2): Linear(10.08 KMac, 3.523% MACs, in_features=120, out_features=84, bias=True)
  (fc3): Linear(840.0 Mac, 0.294% MACs, in_features=84, out_features=10, bias=True)
)
>>> Activate a worker for training
>>> Initialize 100 clients in total
>>> Weigh updates by simple average
>>> Select 100 clients per round 


>>> Round:    0 / Acc: 11.275% / Loss: 8.7728 / Grad Norm: 91.8980 / Grad Diff: 21275.5777 / Time: 6.34s
======================================================================================================

= Test = round: 0 / acc: 11.720% / loss: 8.6627 / Time: 0.52s
======================================================================================================

round 0 local learning rate = 0.005

>>> Round:    1 / Acc: 15.862% / Loss: 2.5682 / Grad Norm: 10.9093 / Grad Diff: 905.7045 / Time: 6.34s
======================================================================================================

round 1 local learning rate = 0.005

>>> Round:    2 / Acc: 31.732% / Loss: 1.9598 / Grad Norm: 6.7236 / Grad Diff: 749.4258 / Time: 6.39s
======================================================================================================

round 2 local learning rate = 0.0025

>>> Round:    3 / Acc: 43.380% / Loss: 1.6700 / Grad Norm: 6.6729 / Grad Diff: 951.9226 / Time: 6.37s
======================================================================================================

round 3 local learning rate = 0.0016666666666666668

>>> Round:    4 / Acc: 50.817% / Loss: 1.4728 / Grad Norm: 6.4761 / Grad Diff: 1078.8759 / Time: 6.38s
======================================================================================================

round 4 local learning rate = 0.00125

>>> Round:    5 / Acc: 56.225% / Loss: 1.3323 / Grad Norm: 6.2327 / Grad Diff: 1149.3688 / Time: 7.42s
======================================================================================================

= Test = round: 5 / acc: 57.450% / loss: 1.2807 / Time: 0.56s
======================================================================================================

round 5 local learning rate = 0.001

>>> Round:    6 / Acc: 59.849% / Loss: 1.2289 / Grad Norm: 6.0272 / Grad Diff: 1183.3638 / Time: 7.34s
======================================================================================================

round 6 local learning rate = 0.0008333333333333334

>>> Round:    7 / Acc: 62.712% / Loss: 1.1480 / Grad Norm: 5.7590 / Grad Diff: 1195.9377 / Time: 6.30s
======================================================================================================

round 7 local learning rate = 0.0007142857142857143

>>> Round:    8 / Acc: 64.887% / Loss: 1.0833 / Grad Norm: 5.4830 / Grad Diff: 1196.4737 / Time: 6.37s
======================================================================================================

round 8 local learning rate = 0.000625

>>> Round:    9 / Acc: 66.708% / Loss: 1.0303 / Grad Norm: 5.2727 / Grad Diff: 1192.9203 / Time: 6.40s
======================================================================================================

round 9 local learning rate = 0.0005555555555555556

>>> Round:   10 / Acc: 68.221% / Loss: 0.9858 / Grad Norm: 5.1637 / Grad Diff: 1184.9604 / Time: 6.39s
======================================================================================================

= Test = round: 10 / acc: 69.700% / loss: 0.9303 / Time: 0.55s
======================================================================================================

round 10 local learning rate = 0.0005

>>> Round:   11 / Acc: 69.504% / Loss: 0.9466 / Grad Norm: 4.9340 / Grad Diff: 1172.8893 / Time: 6.24s
======================================================================================================

round 11 local learning rate = 0.00045454545454545455

>>> Round:   12 / Acc: 70.590% / Loss: 0.9129 / Grad Norm: 4.7880 / Grad Diff: 1161.0694 / Time: 6.27s
======================================================================================================

round 12 local learning rate = 0.0004166666666666667

>>> Round:   13 / Acc: 71.675% / Loss: 0.8835 / Grad Norm: 4.6494 / Grad Diff: 1147.6523 / Time: 6.11s
======================================================================================================

round 13 local learning rate = 0.0003846153846153846

>>> Round:   14 / Acc: 72.507% / Loss: 0.8575 / Grad Norm: 4.5092 / Grad Diff: 1135.1338 / Time: 6.58s
======================================================================================================

round 14 local learning rate = 0.00035714285714285714

>>> Round:   15 / Acc: 73.275% / Loss: 0.8337 / Grad Norm: 4.3310 / Grad Diff: 1121.4684 / Time: 5.86s
======================================================================================================

= Test = round: 15 / acc: 74.750% / loss: 0.7795 / Time: 0.51s
======================================================================================================

round 15 local learning rate = 0.0003333333333333333

>>> Round:   16 / Acc: 73.889% / Loss: 0.8127 / Grad Norm: 4.1673 / Grad Diff: 1108.4120 / Time: 6.79s
======================================================================================================

round 16 local learning rate = 0.0003125

>>> Round:   17 / Acc: 74.513% / Loss: 0.7944 / Grad Norm: 4.1950 / Grad Diff: 1099.5397 / Time: 6.33s
======================================================================================================

round 17 local learning rate = 0.00029411764705882356

>>> Round:   18 / Acc: 75.137% / Loss: 0.7770 / Grad Norm: 4.0393 / Grad Diff: 1086.0903 / Time: 6.11s
======================================================================================================

round 18 local learning rate = 0.0002777777777777778

>>> Round:   19 / Acc: 75.672% / Loss: 0.7609 / Grad Norm: 3.8468 / Grad Diff: 1071.6579 / Time: 6.60s
======================================================================================================

round 19 local learning rate = 0.0002631578947368421

>>> Round:   20 / Acc: 76.148% / Loss: 0.7465 / Grad Norm: 3.7846 / Grad Diff: 1061.4616 / Time: 6.48s
======================================================================================================

= Test = round: 20 / acc: 77.450% / loss: 0.6941 / Time: 0.52s
======================================================================================================

round 20 local learning rate = 0.00025

>>> Round:   21 / Acc: 76.533% / Loss: 0.7336 / Grad Norm: 3.7477 / Grad Diff: 1052.0535 / Time: 6.73s
======================================================================================================

round 21 local learning rate = 0.0002380952380952381

>>> Round:   22 / Acc: 76.917% / Loss: 0.7214 / Grad Norm: 3.6816 / Grad Diff: 1042.3432 / Time: 6.60s
======================================================================================================

round 22 local learning rate = 0.00022727272727272727

>>> Round:   23 / Acc: 77.314% / Loss: 0.7098 / Grad Norm: 3.5500 / Grad Diff: 1030.7285 / Time: 6.60s
======================================================================================================

round 23 local learning rate = 0.0002173913043478261

>>> Round:   24 / Acc: 77.677% / Loss: 0.6994 / Grad Norm: 3.5232 / Grad Diff: 1023.2499 / Time: 6.43s
======================================================================================================

round 24 local learning rate = 0.00020833333333333335

>>> Round:   25 / Acc: 78.018% / Loss: 0.6892 / Grad Norm: 3.4188 / Grad Diff: 1012.5619 / Time: 5.94s
======================================================================================================

= Test = round: 25 / acc: 79.320% / loss: 0.6386 / Time: 0.50s
======================================================================================================

round 25 local learning rate = 0.0002

>>> Round:   26 / Acc: 78.312% / Loss: 0.6800 / Grad Norm: 3.4304 / Grad Diff: 1005.3154 / Time: 6.39s
======================================================================================================

round 26 local learning rate = 0.0001923076923076923

>>> Round:   27 / Acc: 78.657% / Loss: 0.6711 / Grad Norm: 3.3456 / Grad Diff: 995.4272 / Time: 6.43s
======================================================================================================

round 27 local learning rate = 0.00018518518518518518

>>> Round:   28 / Acc: 78.913% / Loss: 0.6628 / Grad Norm: 3.2757 / Grad Diff: 987.1675 / Time: 6.38s
======================================================================================================

round 28 local learning rate = 0.00017857142857142857

>>> Round:   29 / Acc: 79.185% / Loss: 0.6549 / Grad Norm: 3.2121 / Grad Diff: 979.1561 / Time: 6.36s
======================================================================================================

round 29 local learning rate = 0.0001724137931034483

>>> Round:   30 / Acc: 79.463% / Loss: 0.6475 / Grad Norm: 3.1484 / Grad Diff: 971.1875 / Time: 6.44s
======================================================================================================

= Test = round: 30 / acc: 80.700% / loss: 0.5987 / Time: 0.51s
======================================================================================================

round 30 local learning rate = 0.00016666666666666666

>>> Round:   31 / Acc: 79.677% / Loss: 0.6407 / Grad Norm: 3.1317 / Grad Diff: 964.7734 / Time: 6.56s
======================================================================================================

round 31 local learning rate = 0.00016129032258064516

>>> Round:   32 / Acc: 79.869% / Loss: 0.6342 / Grad Norm: 3.0879 / Grad Diff: 958.1260 / Time: 6.57s
======================================================================================================

round 32 local learning rate = 0.00015625

>>> Round:   33 / Acc: 80.077% / Loss: 0.6280 / Grad Norm: 3.0291 / Grad Diff: 951.7207 / Time: 6.81s
======================================================================================================

round 33 local learning rate = 0.00015151515151515152

>>> Round:   34 / Acc: 80.301% / Loss: 0.6219 / Grad Norm: 2.9785 / Grad Diff: 944.6773 / Time: 6.67s
======================================================================================================

round 34 local learning rate = 0.00014705882352941178

>>> Round:   35 / Acc: 80.483% / Loss: 0.6162 / Grad Norm: 2.9003 / Grad Diff: 937.3747 / Time: 6.58s
======================================================================================================

= Test = round: 35 / acc: 81.600% / loss: 0.5689 / Time: 0.52s
======================================================================================================

round 35 local learning rate = 0.00014285714285714287

>>> Round:   36 / Acc: 80.690% / Loss: 0.6107 / Grad Norm: 2.8658 / Grad Diff: 931.9693 / Time: 6.50s
======================================================================================================

round 36 local learning rate = 0.0001388888888888889

>>> Round:   37 / Acc: 80.862% / Loss: 0.6055 / Grad Norm: 2.7892 / Grad Diff: 924.9273 / Time: 6.62s
======================================================================================================

round 37 local learning rate = 0.00013513513513513514

>>> Round:   38 / Acc: 81.009% / Loss: 0.6006 / Grad Norm: 2.7985 / Grad Diff: 920.4149 / Time: 6.66s
======================================================================================================

round 38 local learning rate = 0.00013157894736842105

>>> Round:   39 / Acc: 81.175% / Loss: 0.5960 / Grad Norm: 2.7760 / Grad Diff: 915.4747 / Time: 6.79s
======================================================================================================

round 39 local learning rate = 0.0001282051282051282

>>> Round:   40 / Acc: 81.338% / Loss: 0.5916 / Grad Norm: 2.7540 / Grad Diff: 910.8734 / Time: 6.52s
======================================================================================================

= Test = round: 40 / acc: 82.420% / loss: 0.5455 / Time: 0.57s
======================================================================================================

round 40 local learning rate = 0.000125

>>> Round:   41 / Acc: 81.506% / Loss: 0.5870 / Grad Norm: 2.6422 / Grad Diff: 903.1904 / Time: 6.95s
======================================================================================================

round 41 local learning rate = 0.00012195121951219512

>>> Round:   42 / Acc: 81.637% / Loss: 0.5829 / Grad Norm: 2.6353 / Grad Diff: 898.4886 / Time: 6.97s
======================================================================================================

round 42 local learning rate = 0.00011904761904761905

>>> Round:   43 / Acc: 81.804% / Loss: 0.5789 / Grad Norm: 2.5905 / Grad Diff: 893.1826 / Time: 6.36s
======================================================================================================

round 43 local learning rate = 0.00011627906976744187

>>> Round:   44 / Acc: 81.939% / Loss: 0.5750 / Grad Norm: 2.5665 / Grad Diff: 888.2838 / Time: 6.74s
======================================================================================================

round 44 local learning rate = 0.00011363636363636364

>>> Round:   45 / Acc: 82.020% / Loss: 0.5714 / Grad Norm: 2.5832 / Grad Diff: 884.6859 / Time: 6.81s
======================================================================================================

= Test = round: 45 / acc: 83.130% / loss: 0.5262 / Time: 0.53s
======================================================================================================

round 45 local learning rate = 0.00011111111111111112

>>> Round:   46 / Acc: 82.146% / Loss: 0.5678 / Grad Norm: 2.5563 / Grad Diff: 880.1388 / Time: 6.61s
======================================================================================================

round 46 local learning rate = 0.00010869565217391305

>>> Round:   47 / Acc: 82.232% / Loss: 0.5643 / Grad Norm: 2.5086 / Grad Diff: 875.1549 / Time: 6.59s
======================================================================================================

round 47 local learning rate = 0.00010638297872340425

>>> Round:   48 / Acc: 82.371% / Loss: 0.5609 / Grad Norm: 2.4905 / Grad Diff: 870.9174 / Time: 6.53s
======================================================================================================

round 48 local learning rate = 0.00010416666666666667

>>> Round:   49 / Acc: 82.465% / Loss: 0.5578 / Grad Norm: 2.5165 / Grad Diff: 867.7341 / Time: 6.69s
======================================================================================================

round 49 local learning rate = 0.00010204081632653062

>>> Round:   50 / Acc: 82.601% / Loss: 0.5545 / Grad Norm: 2.4202 / Grad Diff: 861.9541 / Time: 6.61s
======================================================================================================

= Test = round: 50 / acc: 83.660% / loss: 0.5100 / Time: 0.53s
======================================================================================================

round 50 local learning rate = 0.0001

>>> Round:   51 / Acc: 82.716% / Loss: 0.5514 / Grad Norm: 2.4119 / Grad Diff: 858.0059 / Time: 6.61s
======================================================================================================

round 51 local learning rate = 9.80392156862745e-05

>>> Round:   52 / Acc: 82.801% / Loss: 0.5486 / Grad Norm: 2.4134 / Grad Diff: 854.5053 / Time: 6.68s
======================================================================================================

round 52 local learning rate = 9.615384615384615e-05

>>> Round:   53 / Acc: 82.900% / Loss: 0.5457 / Grad Norm: 2.3809 / Grad Diff: 850.2753 / Time: 7.03s
======================================================================================================

round 53 local learning rate = 9.433962264150943e-05

>>> Round:   54 / Acc: 83.000% / Loss: 0.5429 / Grad Norm: 2.3424 / Grad Diff: 845.8208 / Time: 6.88s
======================================================================================================

round 54 local learning rate = 9.259259259259259e-05

>>> Round:   55 / Acc: 83.074% / Loss: 0.5403 / Grad Norm: 2.3197 / Grad Diff: 842.4130 / Time: 6.63s
======================================================================================================

= Test = round: 55 / acc: 84.100% / loss: 0.4966 / Time: 0.52s
======================================================================================================

round 55 local learning rate = 9.090909090909092e-05

>>> Round:   56 / Acc: 83.164% / Loss: 0.5378 / Grad Norm: 2.3486 / Grad Diff: 839.8753 / Time: 7.15s
======================================================================================================

round 56 local learning rate = 8.928571428571429e-05

>>> Round:   57 / Acc: 83.223% / Loss: 0.5352 / Grad Norm: 2.3075 / Grad Diff: 835.9066 / Time: 6.60s
======================================================================================================

round 57 local learning rate = 8.771929824561404e-05

>>> Round:   58 / Acc: 83.330% / Loss: 0.5328 / Grad Norm: 2.2891 / Grad Diff: 832.5600 / Time: 6.77s
======================================================================================================

round 58 local learning rate = 8.620689655172414e-05

>>> Round:   59 / Acc: 83.417% / Loss: 0.5304 / Grad Norm: 2.2625 / Grad Diff: 829.1155 / Time: 6.63s
======================================================================================================

round 59 local learning rate = 8.474576271186441e-05

>>> Round:   60 / Acc: 83.476% / Loss: 0.5280 / Grad Norm: 2.2073 / Grad Diff: 824.8171 / Time: 6.46s
======================================================================================================

= Test = round: 60 / acc: 84.460% / loss: 0.4850 / Time: 0.65s
======================================================================================================

round 60 local learning rate = 8.333333333333333e-05

>>> Round:   61 / Acc: 83.544% / Loss: 0.5258 / Grad Norm: 2.2173 / Grad Diff: 822.1797 / Time: 6.76s
======================================================================================================

round 61 local learning rate = 8.19672131147541e-05

>>> Round:   62 / Acc: 83.598% / Loss: 0.5236 / Grad Norm: 2.2168 / Grad Diff: 819.2409 / Time: 6.99s
======================================================================================================

round 62 local learning rate = 8.064516129032258e-05

>>> Round:   63 / Acc: 83.672% / Loss: 0.5214 / Grad Norm: 2.1683 / Grad Diff: 815.0964 / Time: 5.92s
======================================================================================================

round 63 local learning rate = 7.936507936507937e-05

>>> Round:   64 / Acc: 83.751% / Loss: 0.5192 / Grad Norm: 2.1403 / Grad Diff: 811.5773 / Time: 7.41s
======================================================================================================

round 64 local learning rate = 7.8125e-05

>>> Round:   65 / Acc: 83.823% / Loss: 0.5173 / Grad Norm: 2.1543 / Grad Diff: 809.1298 / Time: 6.66s
======================================================================================================

= Test = round: 65 / acc: 84.810% / loss: 0.4748 / Time: 0.53s
======================================================================================================

round 65 local learning rate = 7.692307692307693e-05

>>> Round:   66 / Acc: 83.876% / Loss: 0.5152 / Grad Norm: 2.1413 / Grad Diff: 805.4640 / Time: 6.52s
======================================================================================================

round 66 local learning rate = 7.575757575757576e-05

>>> Round:   67 / Acc: 83.939% / Loss: 0.5132 / Grad Norm: 2.1027 / Grad Diff: 801.9230 / Time: 6.42s
======================================================================================================

round 67 local learning rate = 7.462686567164179e-05

>>> Round:   68 / Acc: 84.015% / Loss: 0.5114 / Grad Norm: 2.1441 / Grad Diff: 800.2253 / Time: 6.53s
======================================================================================================

round 68 local learning rate = 7.352941176470589e-05

>>> Round:   69 / Acc: 84.052% / Loss: 0.5096 / Grad Norm: 2.1385 / Grad Diff: 797.6253 / Time: 6.60s
======================================================================================================

round 69 local learning rate = 7.246376811594203e-05

>>> Round:   70 / Acc: 84.083% / Loss: 0.5078 / Grad Norm: 2.0938 / Grad Diff: 794.3516 / Time: 6.60s
======================================================================================================

= Test = round: 70 / acc: 85.230% / loss: 0.4658 / Time: 0.54s
======================================================================================================

round 70 local learning rate = 7.142857142857143e-05

>>> Round:   71 / Acc: 84.146% / Loss: 0.5059 / Grad Norm: 2.0376 / Grad Diff: 790.5038 / Time: 6.62s
======================================================================================================

round 71 local learning rate = 7.042253521126761e-05

>>> Round:   72 / Acc: 84.203% / Loss: 0.5042 / Grad Norm: 2.0629 / Grad Diff: 788.4769 / Time: 6.60s
======================================================================================================

round 72 local learning rate = 6.944444444444444e-05

>>> Round:   73 / Acc: 84.264% / Loss: 0.5025 / Grad Norm: 2.0214 / Grad Diff: 785.4084 / Time: 6.84s
======================================================================================================

round 73 local learning rate = 6.84931506849315e-05

>>> Round:   74 / Acc: 84.310% / Loss: 0.5008 / Grad Norm: 2.0048 / Grad Diff: 782.8035 / Time: 6.61s
======================================================================================================

round 74 local learning rate = 6.756756756756757e-05

>>> Round:   75 / Acc: 84.358% / Loss: 0.4992 / Grad Norm: 1.9902 / Grad Diff: 780.1220 / Time: 7.59s
======================================================================================================

= Test = round: 75 / acc: 85.480% / loss: 0.4577 / Time: 0.51s
======================================================================================================

round 75 local learning rate = 6.666666666666667e-05

>>> Round:   76 / Acc: 84.434% / Loss: 0.4977 / Grad Norm: 2.0294 / Grad Diff: 778.6716 / Time: 6.65s
======================================================================================================

round 76 local learning rate = 6.578947368421052e-05

>>> Round:   77 / Acc: 84.469% / Loss: 0.4961 / Grad Norm: 1.9808 / Grad Diff: 775.5153 / Time: 6.44s
======================================================================================================

round 77 local learning rate = 6.493506493506494e-05

>>> Round:   78 / Acc: 84.517% / Loss: 0.4946 / Grad Norm: 1.9677 / Grad Diff: 773.0234 / Time: 6.34s
======================================================================================================

round 78 local learning rate = 6.41025641025641e-05

>>> Round:   79 / Acc: 84.557% / Loss: 0.4930 / Grad Norm: 1.9427 / Grad Diff: 770.1986 / Time: 6.42s
======================================================================================================

round 79 local learning rate = 6.329113924050633e-05

>>> Round:   80 / Acc: 84.613% / Loss: 0.4916 / Grad Norm: 1.9342 / Grad Diff: 767.4071 / Time: 7.36s
======================================================================================================

= Test = round: 80 / acc: 85.790% / loss: 0.4504 / Time: 0.53s
======================================================================================================

round 80 local learning rate = 6.25e-05

>>> Round:   81 / Acc: 84.659% / Loss: 0.4901 / Grad Norm: 1.9107 / Grad Diff: 764.6689 / Time: 6.35s
======================================================================================================

round 81 local learning rate = 6.17283950617284e-05

>>> Round:   82 / Acc: 84.708% / Loss: 0.4887 / Grad Norm: 1.9262 / Grad Diff: 762.9118 / Time: 6.53s
======================================================================================================

round 82 local learning rate = 6.097560975609756e-05

>>> Round:   83 / Acc: 84.768% / Loss: 0.4873 / Grad Norm: 1.8938 / Grad Diff: 760.1495 / Time: 7.42s
======================================================================================================

round 83 local learning rate = 6.024096385542169e-05

>>> Round:   84 / Acc: 84.808% / Loss: 0.4860 / Grad Norm: 1.9109 / Grad Diff: 758.6137 / Time: 6.40s
======================================================================================================

round 84 local learning rate = 5.9523809523809524e-05

>>> Round:   85 / Acc: 84.858% / Loss: 0.4846 / Grad Norm: 1.8911 / Grad Diff: 755.9708 / Time: 6.56s
======================================================================================================

= Test = round: 85 / acc: 86.020% / loss: 0.4438 / Time: 0.53s
======================================================================================================

round 85 local learning rate = 5.882352941176471e-05

>>> Round:   86 / Acc: 84.880% / Loss: 0.4833 / Grad Norm: 1.8869 / Grad Diff: 753.9455 / Time: 6.48s
======================================================================================================

round 86 local learning rate = 5.8139534883720933e-05

>>> Round:   87 / Acc: 84.939% / Loss: 0.4820 / Grad Norm: 1.8785 / Grad Diff: 752.0399 / Time: 6.08s
======================================================================================================

round 87 local learning rate = 5.747126436781609e-05

>>> Round:   88 / Acc: 84.967% / Loss: 0.4807 / Grad Norm: 1.8312 / Grad Diff: 748.6124 / Time: 6.43s
======================================================================================================

round 88 local learning rate = 5.681818181818182e-05

>>> Round:   89 / Acc: 85.017% / Loss: 0.4795 / Grad Norm: 1.8459 / Grad Diff: 747.1209 / Time: 6.57s
======================================================================================================

round 89 local learning rate = 5.617977528089888e-05

>>> Round:   90 / Acc: 85.048% / Loss: 0.4783 / Grad Norm: 1.8722 / Grad Diff: 745.6755 / Time: 6.48s
======================================================================================================

= Test = round: 90 / acc: 86.160% / loss: 0.4379 / Time: 0.54s
======================================================================================================

round 90 local learning rate = 5.555555555555556e-05

>>> Round:   91 / Acc: 85.096% / Loss: 0.4770 / Grad Norm: 1.8317 / Grad Diff: 742.7511 / Time: 6.80s
======================================================================================================

round 91 local learning rate = 5.4945054945054945e-05

>>> Round:   92 / Acc: 85.120% / Loss: 0.4758 / Grad Norm: 1.8337 / Grad Diff: 740.7646 / Time: 8.19s
======================================================================================================

round 92 local learning rate = 5.4347826086956524e-05

>>> Round:   93 / Acc: 85.173% / Loss: 0.4747 / Grad Norm: 1.8237 / Grad Diff: 738.7171 / Time: 6.78s
======================================================================================================

round 93 local learning rate = 5.3763440860215054e-05

>>> Round:   94 / Acc: 85.194% / Loss: 0.4735 / Grad Norm: 1.8224 / Grad Diff: 736.8053 / Time: 6.42s
======================================================================================================

round 94 local learning rate = 5.319148936170213e-05

>>> Round:   95 / Acc: 85.216% / Loss: 0.4724 / Grad Norm: 1.7949 / Grad Diff: 734.2276 / Time: 6.45s
======================================================================================================

= Test = round: 95 / acc: 86.380% / loss: 0.4322 / Time: 0.67s
======================================================================================================

round 95 local learning rate = 5.2631578947368424e-05

>>> Round:   96 / Acc: 85.262% / Loss: 0.4712 / Grad Norm: 1.7615 / Grad Diff: 731.6104 / Time: 8.18s
======================================================================================================

round 96 local learning rate = 5.208333333333334e-05

>>> Round:   97 / Acc: 85.295% / Loss: 0.4702 / Grad Norm: 1.7709 / Grad Diff: 730.0577 / Time: 6.50s
======================================================================================================

round 97 local learning rate = 5.154639175257732e-05

>>> Round:   98 / Acc: 85.328% / Loss: 0.4691 / Grad Norm: 1.7716 / Grad Diff: 728.5168 / Time: 6.46s
======================================================================================================

round 98 local learning rate = 5.102040816326531e-05

>>> Round:   99 / Acc: 85.373% / Loss: 0.4681 / Grad Norm: 1.7596 / Grad Diff: 726.4623 / Time: 6.40s
======================================================================================================

round 99 local learning rate = 5.0505050505050505e-05

>>> Round:  100 / Acc: 85.393% / Loss: 0.4670 / Grad Norm: 1.7548 / Grad Diff: 724.4896 / Time: 6.04s
======================================================================================================

= Test = round: 100 / acc: 86.630% / loss: 0.4273 / Time: 0.53s
======================================================================================================

round 100 local learning rate = 5e-05

>>> Round:  101 / Acc: 85.441% / Loss: 0.4660 / Grad Norm: 1.7487 / Grad Diff: 722.5539 / Time: 5.59s
======================================================================================================

round 101 local learning rate = 4.950495049504951e-05

>>> Round:  102 / Acc: 85.472% / Loss: 0.4650 / Grad Norm: 1.7730 / Grad Diff: 721.4699 / Time: 6.26s
======================================================================================================

round 102 local learning rate = 4.901960784313725e-05

>>> Round:  103 / Acc: 85.482% / Loss: 0.4640 / Grad Norm: 1.7619 / Grad Diff: 719.4851 / Time: 6.29s
======================================================================================================

round 103 local learning rate = 4.854368932038835e-05

>>> Round:  104 / Acc: 85.511% / Loss: 0.4630 / Grad Norm: 1.7249 / Grad Diff: 717.0273 / Time: 6.20s
======================================================================================================

round 104 local learning rate = 4.807692307692308e-05

>>> Round:  105 / Acc: 85.537% / Loss: 0.4620 / Grad Norm: 1.7076 / Grad Diff: 714.9405 / Time: 6.47s
======================================================================================================

= Test = round: 105 / acc: 86.760% / loss: 0.4226 / Time: 0.54s
======================================================================================================

round 105 local learning rate = 4.761904761904762e-05

>>> Round:  106 / Acc: 85.581% / Loss: 0.4610 / Grad Norm: 1.6980 / Grad Diff: 713.0524 / Time: 6.44s
======================================================================================================

round 106 local learning rate = 4.7169811320754715e-05

>>> Round:  107 / Acc: 85.600% / Loss: 0.4601 / Grad Norm: 1.7188 / Grad Diff: 711.9055 / Time: 6.19s
======================================================================================================

round 107 local learning rate = 4.672897196261682e-05

>>> Round:  108 / Acc: 85.620% / Loss: 0.4592 / Grad Norm: 1.7061 / Grad Diff: 710.0807 / Time: 6.46s
======================================================================================================

round 108 local learning rate = 4.6296296296296294e-05

>>> Round:  109 / Acc: 85.668% / Loss: 0.4583 / Grad Norm: 1.7082 / Grad Diff: 708.5722 / Time: 6.51s
======================================================================================================

round 109 local learning rate = 4.587155963302752e-05

>>> Round:  110 / Acc: 85.703% / Loss: 0.4573 / Grad Norm: 1.7001 / Grad Diff: 706.8810 / Time: 6.57s
======================================================================================================

= Test = round: 110 / acc: 86.930% / loss: 0.4182 / Time: 0.53s
======================================================================================================

round 110 local learning rate = 4.545454545454546e-05

>>> Round:  111 / Acc: 85.732% / Loss: 0.4564 / Grad Norm: 1.6988 / Grad Diff: 705.4013 / Time: 6.02s
======================================================================================================

round 111 local learning rate = 4.5045045045045046e-05

>>> Round:  112 / Acc: 85.769% / Loss: 0.4556 / Grad Norm: 1.7251 / Grad Diff: 704.5570 / Time: 6.27s
======================================================================================================

round 112 local learning rate = 4.464285714285714e-05

>>> Round:  113 / Acc: 85.788% / Loss: 0.4547 / Grad Norm: 1.7036 / Grad Diff: 702.5588 / Time: 6.05s
======================================================================================================

round 113 local learning rate = 4.424778761061947e-05

>>> Round:  114 / Acc: 85.806% / Loss: 0.4538 / Grad Norm: 1.6733 / Grad Diff: 700.3730 / Time: 6.37s
======================================================================================================

round 114 local learning rate = 4.385964912280702e-05

>>> Round:  115 / Acc: 85.841% / Loss: 0.4530 / Grad Norm: 1.6853 / Grad Diff: 699.1829 / Time: 6.36s
======================================================================================================

= Test = round: 115 / acc: 87.090% / loss: 0.4141 / Time: 0.52s
======================================================================================================

round 115 local learning rate = 4.347826086956522e-05

>>> Round:  116 / Acc: 85.856% / Loss: 0.4521 / Grad Norm: 1.6547 / Grad Diff: 697.0103 / Time: 6.80s
======================================================================================================

round 116 local learning rate = 4.310344827586207e-05

>>> Round:  117 / Acc: 85.886% / Loss: 0.4513 / Grad Norm: 1.6586 / Grad Diff: 695.6549 / Time: 6.56s
======================================================================================================

round 117 local learning rate = 4.2735042735042735e-05

>>> Round:  118 / Acc: 85.910% / Loss: 0.4505 / Grad Norm: 1.6487 / Grad Diff: 694.0267 / Time: 6.36s
======================================================================================================

round 118 local learning rate = 4.2372881355932206e-05

>>> Round:  119 / Acc: 85.935% / Loss: 0.4497 / Grad Norm: 1.6510 / Grad Diff: 692.7517 / Time: 6.42s
======================================================================================================

round 119 local learning rate = 4.201680672268908e-05

>>> Round:  120 / Acc: 85.974% / Loss: 0.4489 / Grad Norm: 1.6429 / Grad Diff: 690.9558 / Time: 6.53s
======================================================================================================

= Test = round: 120 / acc: 87.240% / loss: 0.4103 / Time: 0.51s
======================================================================================================

round 120 local learning rate = 4.1666666666666665e-05

>>> Round:  121 / Acc: 85.989% / Loss: 0.4481 / Grad Norm: 1.6405 / Grad Diff: 689.6723 / Time: 7.50s
======================================================================================================

round 121 local learning rate = 4.132231404958678e-05

>>> Round:  122 / Acc: 86.007% / Loss: 0.4473 / Grad Norm: 1.6113 / Grad Diff: 687.3893 / Time: 6.63s
======================================================================================================

round 122 local learning rate = 4.098360655737705e-05

>>> Round:  123 / Acc: 86.048% / Loss: 0.4465 / Grad Norm: 1.6261 / Grad Diff: 686.3027 / Time: 6.89s
======================================================================================================

round 123 local learning rate = 4.065040650406504e-05

>>> Round:  124 / Acc: 86.052% / Loss: 0.4458 / Grad Norm: 1.6084 / Grad Diff: 684.5897 / Time: 6.51s
======================================================================================================

round 124 local learning rate = 4.032258064516129e-05

>>> Round:  125 / Acc: 86.085% / Loss: 0.4450 / Grad Norm: 1.5908 / Grad Diff: 682.7849 / Time: 6.57s
======================================================================================================

= Test = round: 125 / acc: 87.360% / loss: 0.4065 / Time: 0.74s
======================================================================================================

round 125 local learning rate = 4e-05

>>> Round:  126 / Acc: 86.103% / Loss: 0.4443 / Grad Norm: 1.5852 / Grad Diff: 681.1258 / Time: 6.44s
======================================================================================================

round 126 local learning rate = 3.968253968253968e-05

>>> Round:  127 / Acc: 86.125% / Loss: 0.4436 / Grad Norm: 1.5824 / Grad Diff: 679.8307 / Time: 6.60s
======================================================================================================

round 127 local learning rate = 3.937007874015748e-05

>>> Round:  128 / Acc: 86.153% / Loss: 0.4428 / Grad Norm: 1.5812 / Grad Diff: 678.3188 / Time: 6.45s
======================================================================================================

round 128 local learning rate = 3.90625e-05

>>> Round:  129 / Acc: 86.172% / Loss: 0.4421 / Grad Norm: 1.5735 / Grad Diff: 676.9984 / Time: 6.36s
======================================================================================================

round 129 local learning rate = 3.875968992248062e-05

>>> Round:  130 / Acc: 86.210% / Loss: 0.4414 / Grad Norm: 1.5621 / Grad Diff: 675.4257 / Time: 6.40s
======================================================================================================

= Test = round: 130 / acc: 87.430% / loss: 0.4032 / Time: 0.52s
======================================================================================================

round 130 local learning rate = 3.846153846153846e-05

>>> Round:  131 / Acc: 86.231% / Loss: 0.4407 / Grad Norm: 1.5710 / Grad Diff: 674.3804 / Time: 6.51s
======================================================================================================

round 131 local learning rate = 3.816793893129771e-05

>>> Round:  132 / Acc: 86.249% / Loss: 0.4400 / Grad Norm: 1.5594 / Grad Diff: 672.8613 / Time: 6.29s
======================================================================================================

round 132 local learning rate = 3.787878787878788e-05

>>> Round:  133 / Acc: 86.282% / Loss: 0.4394 / Grad Norm: 1.5682 / Grad Diff: 671.9606 / Time: 6.52s
======================================================================================================

round 133 local learning rate = 3.759398496240601e-05

>>> Round:  134 / Acc: 86.299% / Loss: 0.4387 / Grad Norm: 1.5616 / Grad Diff: 670.6134 / Time: 8.21s
======================================================================================================

round 134 local learning rate = 3.7313432835820896e-05

>>> Round:  135 / Acc: 86.319% / Loss: 0.4380 / Grad Norm: 1.5492 / Grad Diff: 669.1273 / Time: 6.46s
======================================================================================================

= Test = round: 135 / acc: 87.510% / loss: 0.4000 / Time: 0.55s
======================================================================================================

round 135 local learning rate = 3.7037037037037037e-05

>>> Round:  136 / Acc: 86.341% / Loss: 0.4374 / Grad Norm: 1.5528 / Grad Diff: 668.0408 / Time: 6.46s
======================================================================================================

round 136 local learning rate = 3.6764705882352945e-05

>>> Round:  137 / Acc: 86.362% / Loss: 0.4367 / Grad Norm: 1.5521 / Grad Diff: 666.7378 / Time: 6.30s
======================================================================================================

round 137 local learning rate = 3.649635036496351e-05

>>> Round:  138 / Acc: 86.399% / Loss: 0.4361 / Grad Norm: 1.5407 / Grad Diff: 665.3457 / Time: 6.39s
======================================================================================================

round 138 local learning rate = 3.6231884057971014e-05

>>> Round:  139 / Acc: 86.415% / Loss: 0.4354 / Grad Norm: 1.5244 / Grad Diff: 663.6671 / Time: 6.35s
======================================================================================================

round 139 local learning rate = 3.597122302158273e-05

>>> Round:  140 / Acc: 86.434% / Loss: 0.4348 / Grad Norm: 1.5208 / Grad Diff: 662.5533 / Time: 6.48s
======================================================================================================

= Test = round: 140 / acc: 87.630% / loss: 0.3970 / Time: 0.52s
======================================================================================================

round 140 local learning rate = 3.571428571428572e-05

>>> Round:  141 / Acc: 86.463% / Loss: 0.4342 / Grad Norm: 1.5150 / Grad Diff: 661.3183 / Time: 6.46s
======================================================================================================

round 141 local learning rate = 3.546099290780142e-05

>>> Round:  142 / Acc: 86.493% / Loss: 0.4336 / Grad Norm: 1.5271 / Grad Diff: 660.5175 / Time: 6.37s
======================================================================================================

round 142 local learning rate = 3.5211267605633805e-05

>>> Round:  143 / Acc: 86.518% / Loss: 0.4329 / Grad Norm: 1.5336 / Grad Diff: 659.4234 / Time: 6.42s
======================================================================================================

round 143 local learning rate = 3.4965034965034965e-05

>>> Round:  144 / Acc: 86.535% / Loss: 0.4323 / Grad Norm: 1.5252 / Grad Diff: 658.1101 / Time: 6.60s
======================================================================================================

round 144 local learning rate = 3.472222222222222e-05

>>> Round:  145 / Acc: 86.563% / Loss: 0.4317 / Grad Norm: 1.5269 / Grad Diff: 656.9301 / Time: 6.51s
======================================================================================================

= Test = round: 145 / acc: 87.750% / loss: 0.3940 / Time: 0.51s
======================================================================================================

round 145 local learning rate = 3.4482758620689657e-05

>>> Round:  146 / Acc: 86.587% / Loss: 0.4311 / Grad Norm: 1.5138 / Grad Diff: 655.4825 / Time: 6.61s
======================================================================================================

round 146 local learning rate = 3.424657534246575e-05

>>> Round:  147 / Acc: 86.587% / Loss: 0.4305 / Grad Norm: 1.4860 / Grad Diff: 653.5404 / Time: 6.49s
======================================================================================================

round 147 local learning rate = 3.401360544217687e-05

>>> Round:  148 / Acc: 86.611% / Loss: 0.4299 / Grad Norm: 1.4819 / Grad Diff: 652.3962 / Time: 7.33s
======================================================================================================

round 148 local learning rate = 3.3783783783783784e-05

>>> Round:  149 / Acc: 86.631% / Loss: 0.4294 / Grad Norm: 1.4872 / Grad Diff: 651.5883 / Time: 6.48s
======================================================================================================

round 149 local learning rate = 3.3557046979865775e-05

>>> Round:  150 / Acc: 86.651% / Loss: 0.4288 / Grad Norm: 1.4908 / Grad Diff: 650.7162 / Time: 6.72s
======================================================================================================

= Test = round: 150 / acc: 87.800% / loss: 0.3913 / Time: 0.52s
======================================================================================================

round 150 local learning rate = 3.3333333333333335e-05

>>> Round:  151 / Acc: 86.666% / Loss: 0.4282 / Grad Norm: 1.4891 / Grad Diff: 649.5990 / Time: 6.54s
======================================================================================================

round 151 local learning rate = 3.3112582781456954e-05

>>> Round:  152 / Acc: 86.686% / Loss: 0.4277 / Grad Norm: 1.4774 / Grad Diff: 648.3023 / Time: 7.31s
======================================================================================================

round 152 local learning rate = 3.289473684210526e-05

>>> Round:  153 / Acc: 86.703% / Loss: 0.4271 / Grad Norm: 1.4867 / Grad Diff: 647.6630 / Time: 6.46s
======================================================================================================

round 153 local learning rate = 3.2679738562091506e-05

>>> Round:  154 / Acc: 86.710% / Loss: 0.4265 / Grad Norm: 1.4743 / Grad Diff: 646.1015 / Time: 6.28s
======================================================================================================

round 154 local learning rate = 3.246753246753247e-05

>>> Round:  155 / Acc: 86.720% / Loss: 0.4260 / Grad Norm: 1.4745 / Grad Diff: 645.1105 / Time: 6.46s
======================================================================================================

= Test = round: 155 / acc: 87.850% / loss: 0.3887 / Time: 0.52s
======================================================================================================

round 155 local learning rate = 3.2258064516129034e-05

>>> Round:  156 / Acc: 86.734% / Loss: 0.4255 / Grad Norm: 1.4790 / Grad Diff: 644.1918 / Time: 6.33s
======================================================================================================

round 156 local learning rate = 3.205128205128205e-05

>>> Round:  157 / Acc: 86.760% / Loss: 0.4249 / Grad Norm: 1.4667 / Grad Diff: 642.7680 / Time: 6.40s
======================================================================================================

round 157 local learning rate = 3.184713375796179e-05

>>> Round:  158 / Acc: 86.780% / Loss: 0.4244 / Grad Norm: 1.4665 / Grad Diff: 641.7784 / Time: 7.29s
======================================================================================================

round 158 local learning rate = 3.1645569620253167e-05

>>> Round:  159 / Acc: 86.795% / Loss: 0.4239 / Grad Norm: 1.4664 / Grad Diff: 640.7679 / Time: 7.28s
======================================================================================================

round 159 local learning rate = 3.144654088050314e-05

>>> Round:  160 / Acc: 86.808% / Loss: 0.4234 / Grad Norm: 1.4707 / Grad Diff: 639.8737 / Time: 6.27s
======================================================================================================

= Test = round: 160 / acc: 87.880% / loss: 0.3862 / Time: 0.51s
======================================================================================================

round 160 local learning rate = 3.125e-05

>>> Round:  161 / Acc: 86.814% / Loss: 0.4229 / Grad Norm: 1.4624 / Grad Diff: 638.6896 / Time: 6.28s
======================================================================================================

round 161 local learning rate = 3.1055900621118014e-05

>>> Round:  162 / Acc: 86.834% / Loss: 0.4224 / Grad Norm: 1.4732 / Grad Diff: 638.0683 / Time: 6.86s
======================================================================================================

round 162 local learning rate = 3.08641975308642e-05

>>> Round:  163 / Acc: 86.841% / Loss: 0.4218 / Grad Norm: 1.4658 / Grad Diff: 636.9037 / Time: 6.86s
======================================================================================================

round 163 local learning rate = 3.067484662576687e-05

>>> Round:  164 / Acc: 86.847% / Loss: 0.4213 / Grad Norm: 1.4517 / Grad Diff: 635.5445 / Time: 6.32s
======================================================================================================

round 164 local learning rate = 3.048780487804878e-05

>>> Round:  165 / Acc: 86.873% / Loss: 0.4208 / Grad Norm: 1.4561 / Grad Diff: 634.7576 / Time: 6.43s
======================================================================================================

= Test = round: 165 / acc: 88.000% / loss: 0.3838 / Time: 0.52s
======================================================================================================

round 165 local learning rate = 3.0303030303030302e-05

>>> Round:  166 / Acc: 86.887% / Loss: 0.4203 / Grad Norm: 1.4400 / Grad Diff: 633.2843 / Time: 6.28s
======================================================================================================

round 166 local learning rate = 3.0120481927710845e-05

>>> Round:  167 / Acc: 86.904% / Loss: 0.4198 / Grad Norm: 1.4337 / Grad Diff: 632.1239 / Time: 6.39s
======================================================================================================

round 167 local learning rate = 2.994011976047904e-05

>>> Round:  168 / Acc: 86.913% / Loss: 0.4194 / Grad Norm: 1.4382 / Grad Diff: 631.3069 / Time: 6.43s
======================================================================================================

round 168 local learning rate = 2.9761904761904762e-05

>>> Round:  169 / Acc: 86.934% / Loss: 0.4189 / Grad Norm: 1.4390 / Grad Diff: 630.4324 / Time: 6.52s
======================================================================================================

round 169 local learning rate = 2.9585798816568047e-05

>>> Round:  170 / Acc: 86.941% / Loss: 0.4184 / Grad Norm: 1.4351 / Grad Diff: 629.4104 / Time: 6.44s
======================================================================================================

= Test = round: 170 / acc: 88.050% / loss: 0.3816 / Time: 0.53s
======================================================================================================

round 170 local learning rate = 2.9411764705882354e-05

>>> Round:  171 / Acc: 86.959% / Loss: 0.4179 / Grad Norm: 1.4279 / Grad Diff: 628.3131 / Time: 6.50s
======================================================================================================

round 171 local learning rate = 2.9239766081871346e-05

>>> Round:  172 / Acc: 86.961% / Loss: 0.4175 / Grad Norm: 1.4335 / Grad Diff: 627.4979 / Time: 6.48s
======================================================================================================

round 172 local learning rate = 2.9069767441860467e-05

>>> Round:  173 / Acc: 86.980% / Loss: 0.4170 / Grad Norm: 1.4257 / Grad Diff: 626.3609 / Time: 6.39s
======================================================================================================

round 173 local learning rate = 2.8901734104046242e-05

>>> Round:  174 / Acc: 86.993% / Loss: 0.4165 / Grad Norm: 1.4255 / Grad Diff: 625.5191 / Time: 6.46s
======================================================================================================

round 174 local learning rate = 2.8735632183908045e-05

>>> Round:  175 / Acc: 87.009% / Loss: 0.4161 / Grad Norm: 1.4141 / Grad Diff: 624.3738 / Time: 6.41s
======================================================================================================

= Test = round: 175 / acc: 88.130% / loss: 0.3795 / Time: 0.50s
======================================================================================================

round 175 local learning rate = 2.857142857142857e-05

>>> Round:  176 / Acc: 87.026% / Loss: 0.4156 / Grad Norm: 1.4126 / Grad Diff: 623.5259 / Time: 6.41s
======================================================================================================

round 176 local learning rate = 2.840909090909091e-05

>>> Round:  177 / Acc: 87.039% / Loss: 0.4152 / Grad Norm: 1.4042 / Grad Diff: 622.4425 / Time: 6.37s
======================================================================================================

round 177 local learning rate = 2.824858757062147e-05

>>> Round:  178 / Acc: 87.052% / Loss: 0.4147 / Grad Norm: 1.4022 / Grad Diff: 621.5251 / Time: 7.34s
======================================================================================================

round 178 local learning rate = 2.808988764044944e-05

>>> Round:  179 / Acc: 87.061% / Loss: 0.4143 / Grad Norm: 1.3965 / Grad Diff: 620.4836 / Time: 6.53s
======================================================================================================

round 179 local learning rate = 2.793296089385475e-05

>>> Round:  180 / Acc: 87.076% / Loss: 0.4139 / Grad Norm: 1.3919 / Grad Diff: 619.5118 / Time: 6.78s
======================================================================================================

= Test = round: 180 / acc: 88.210% / loss: 0.3774 / Time: 0.54s
======================================================================================================

round 180 local learning rate = 2.777777777777778e-05

>>> Round:  181 / Acc: 87.087% / Loss: 0.4134 / Grad Norm: 1.4012 / Grad Diff: 619.0646 / Time: 6.06s
======================================================================================================

round 181 local learning rate = 2.7624309392265193e-05

>>> Round:  182 / Acc: 87.100% / Loss: 0.4130 / Grad Norm: 1.4045 / Grad Diff: 618.3440 / Time: 6.65s
======================================================================================================

round 182 local learning rate = 2.7472527472527473e-05

>>> Round:  183 / Acc: 87.107% / Loss: 0.4126 / Grad Norm: 1.4008 / Grad Diff: 617.2903 / Time: 6.41s
======================================================================================================

round 183 local learning rate = 2.73224043715847e-05

>>> Round:  184 / Acc: 87.120% / Loss: 0.4121 / Grad Norm: 1.3890 / Grad Diff: 616.0683 / Time: 6.45s
======================================================================================================

round 184 local learning rate = 2.7173913043478262e-05

>>> Round:  185 / Acc: 87.137% / Loss: 0.4117 / Grad Norm: 1.3892 / Grad Diff: 615.3391 / Time: 6.56s
======================================================================================================

= Test = round: 185 / acc: 88.280% / loss: 0.3754 / Time: 0.52s
======================================================================================================

round 185 local learning rate = 2.7027027027027027e-05

>>> Round:  186 / Acc: 87.151% / Loss: 0.4113 / Grad Norm: 1.3854 / Grad Diff: 614.3737 / Time: 6.38s
======================================================================================================

round 186 local learning rate = 2.6881720430107527e-05

>>> Round:  187 / Acc: 87.162% / Loss: 0.4109 / Grad Norm: 1.3793 / Grad Diff: 613.3956 / Time: 6.53s
======================================================================================================

round 187 local learning rate = 2.6737967914438505e-05

>>> Round:  188 / Acc: 87.175% / Loss: 0.4105 / Grad Norm: 1.3790 / Grad Diff: 612.6411 / Time: 6.40s
======================================================================================================

round 188 local learning rate = 2.6595744680851064e-05

>>> Round:  189 / Acc: 87.181% / Loss: 0.4100 / Grad Norm: 1.3791 / Grad Diff: 611.8428 / Time: 6.50s
======================================================================================================

round 189 local learning rate = 2.6455026455026456e-05

>>> Round:  190 / Acc: 87.186% / Loss: 0.4096 / Grad Norm: 1.3718 / Grad Diff: 610.9263 / Time: 6.29s
======================================================================================================

= Test = round: 190 / acc: 88.330% / loss: 0.3734 / Time: 0.56s
======================================================================================================

round 190 local learning rate = 2.6315789473684212e-05

>>> Round:  191 / Acc: 87.194% / Loss: 0.4092 / Grad Norm: 1.3743 / Grad Diff: 610.1137 / Time: 6.41s
======================================================================================================

round 191 local learning rate = 2.6178010471204188e-05

>>> Round:  192 / Acc: 87.214% / Loss: 0.4088 / Grad Norm: 1.3781 / Grad Diff: 609.3566 / Time: 6.30s
======================================================================================================

round 192 local learning rate = 2.604166666666667e-05

>>> Round:  193 / Acc: 87.244% / Loss: 0.4084 / Grad Norm: 1.3694 / Grad Diff: 608.2916 / Time: 5.95s
======================================================================================================

round 193 local learning rate = 2.5906735751295337e-05

>>> Round:  194 / Acc: 87.242% / Loss: 0.4080 / Grad Norm: 1.3591 / Grad Diff: 607.2231 / Time: 6.32s
======================================================================================================

round 194 local learning rate = 2.577319587628866e-05

>>> Round:  195 / Acc: 87.273% / Loss: 0.4076 / Grad Norm: 1.3591 / Grad Diff: 606.4557 / Time: 6.42s
======================================================================================================

= Test = round: 195 / acc: 88.360% / loss: 0.3714 / Time: 0.52s
======================================================================================================

round 195 local learning rate = 2.5641025641025643e-05

>>> Round:  196 / Acc: 87.292% / Loss: 0.4073 / Grad Norm: 1.3617 / Grad Diff: 605.8107 / Time: 6.64s
======================================================================================================

round 196 local learning rate = 2.5510204081632654e-05

>>> Round:  197 / Acc: 87.301% / Loss: 0.4069 / Grad Norm: 1.3546 / Grad Diff: 604.8583 / Time: 6.31s
======================================================================================================

round 197 local learning rate = 2.5380710659898476e-05

>>> Round:  198 / Acc: 87.321% / Loss: 0.4065 / Grad Norm: 1.3489 / Grad Diff: 603.9525 / Time: 6.54s
======================================================================================================

round 198 local learning rate = 2.5252525252525253e-05

>>> Round:  199 / Acc: 87.325% / Loss: 0.4061 / Grad Norm: 1.3451 / Grad Diff: 603.1407 / Time: 6.54s
======================================================================================================

round 199 local learning rate = 2.5125628140703518e-05

>>> Round:  200 / Acc: 87.328% / Loss: 0.4057 / Grad Norm: 1.3459 / Grad Diff: 602.4545 / Time: 6.41s
======================================================================================================

= Test = round: 200 / acc: 88.430% / loss: 0.3697 / Time: 0.53s
======================================================================================================

