nohup: ignoring input
Using device: cuda:0
>>> Arguments:
	             algo : fedavgtl
	            alpha : 51871.0
	       batch_size : 32
	clients_per_round : 100
	          dataset : mnist_all_data_1_equal_niid
	           device : cuda:0
	              dis : 
	   early_stopping : 20
	       eval_every : 5
	    ft_batch_size : 128
	       ft_dataset : mnist-m
	        ft_epochs : 2
	            ft_lr : 0.01
	            ft_wd : 0.0
	              gpu : True
	      input_shape : (1, 28, 28)
	           last_k : 2
	               lr : 0.005
	            model : lenet
	           n_init : 5
	        noaverage : False
	          noprint : False
	        num_class : 10
	        num_epoch : 1
	        num_round : 200
	           opt_lr : False
	            reg_J : False
	       reg_J_coef : 0.0
	             seed : 0
	               wd : 0.0001
>>> Read data from:
     ./data/mnist/data/all_data_1.pkl
>>> The estimate of constant alpha is 51871.0.
>>> Read data from:
     ./data/mnist/data/train/all_data_1_equal_niid.pkl
     ./data/mnist/data/test/all_data_1_equal_niid.pkl
>>> Use gpu on device cuda:0
>>> Model statistic per layer
LeNet_MNIST(
  286.12 KMac, 100.000% MACs, 
  (conv1): Conv2d(89.856 KMac, 31.405% MACs, 1, 6, kernel_size=(5, 5), stride=(1, 1))
  (conv2): Conv2d(154.624 KMac, 54.042% MACs, 6, 16, kernel_size=(5, 5), stride=(1, 1))
  (fc1): Linear(30.72 KMac, 10.737% MACs, in_features=256, out_features=120, bias=True)
  (fc2): Linear(10.08 KMac, 3.523% MACs, in_features=120, out_features=84, bias=True)
  (fc3): Linear(840.0 Mac, 0.294% MACs, in_features=84, out_features=10, bias=True)
)
>>> Activate a worker for training
>>> Initialize 100 clients in total
>>> Weigh updates by simple average
>>> Select 100 clients per round 


>>> Round:    0 / Acc: 12.310% / Loss: 7.2555 / Grad Norm: 107.6306 / Grad Diff: 15887.8392 / Time: 7.43s
======================================================================================================

= Test = round: 0 / acc: 12.490% / loss: 7.2060 / Time: 0.61s
======================================================================================================

round 0 local learning rate = 0.005

>>> Round:    1 / Acc: 19.135% / Loss: 2.2741 / Grad Norm: 5.2739 / Grad Diff: 504.5027 / Time: 7.41s
======================================================================================================

round 1 local learning rate = 0.005

>>> Round:    2 / Acc: 30.915% / Loss: 1.9933 / Grad Norm: 4.7147 / Grad Diff: 571.9004 / Time: 7.61s
======================================================================================================

round 2 local learning rate = 0.0025

>>> Round:    3 / Acc: 38.959% / Loss: 1.8104 / Grad Norm: 5.4806 / Grad Diff: 836.5174 / Time: 7.57s
======================================================================================================

round 3 local learning rate = 0.0016666666666666668

>>> Round:    4 / Acc: 44.690% / Loss: 1.6644 / Grad Norm: 5.8362 / Grad Diff: 1048.7648 / Time: 7.38s
======================================================================================================

round 4 local learning rate = 0.00125

>>> Round:    5 / Acc: 49.046% / Loss: 1.5462 / Grad Norm: 5.9320 / Grad Diff: 1207.1456 / Time: 7.67s
======================================================================================================

= Test = round: 5 / acc: 50.820% / loss: 1.4860 / Time: 0.61s
======================================================================================================

round 5 local learning rate = 0.001

>>> Round:    6 / Acc: 52.524% / Loss: 1.4483 / Grad Norm: 5.8910 / Grad Diff: 1329.5909 / Time: 7.58s
======================================================================================================

round 6 local learning rate = 0.0008333333333333334

>>> Round:    7 / Acc: 55.450% / Loss: 1.3676 / Grad Norm: 5.8191 / Grad Diff: 1420.4395 / Time: 7.57s
======================================================================================================

round 7 local learning rate = 0.0007142857142857143

>>> Round:    8 / Acc: 57.620% / Loss: 1.3018 / Grad Norm: 5.9144 / Grad Diff: 1499.6601 / Time: 7.59s
======================================================================================================

round 8 local learning rate = 0.000625

>>> Round:    9 / Acc: 59.637% / Loss: 1.2431 / Grad Norm: 5.7924 / Grad Diff: 1552.8132 / Time: 7.50s
======================================================================================================

round 9 local learning rate = 0.0005555555555555556

>>> Round:   10 / Acc: 61.315% / Loss: 1.1922 / Grad Norm: 5.5916 / Grad Diff: 1593.8642 / Time: 7.34s
======================================================================================================

= Test = round: 10 / acc: 63.760% / loss: 1.1229 / Time: 0.59s
======================================================================================================

round 10 local learning rate = 0.0005

>>> Round:   11 / Acc: 62.758% / Loss: 1.1484 / Grad Norm: 5.5046 / Grad Diff: 1624.6718 / Time: 7.51s
======================================================================================================

round 11 local learning rate = 0.00045454545454545455

>>> Round:   12 / Acc: 64.037% / Loss: 1.1099 / Grad Norm: 5.4373 / Grad Diff: 1651.7638 / Time: 7.62s
======================================================================================================

round 12 local learning rate = 0.0004166666666666667

>>> Round:   13 / Acc: 65.245% / Loss: 1.0761 / Grad Norm: 5.4626 / Grad Diff: 1673.3037 / Time: 7.56s
======================================================================================================

round 13 local learning rate = 0.0003846153846153846

>>> Round:   14 / Acc: 66.301% / Loss: 1.0446 / Grad Norm: 5.2756 / Grad Diff: 1684.4938 / Time: 7.81s
======================================================================================================

round 14 local learning rate = 0.00035714285714285714

>>> Round:   15 / Acc: 67.225% / Loss: 1.0174 / Grad Norm: 5.1523 / Grad Diff: 1693.0915 / Time: 7.33s
======================================================================================================

= Test = round: 15 / acc: 69.370% / loss: 0.9533 / Time: 0.66s
======================================================================================================

round 15 local learning rate = 0.0003333333333333333

>>> Round:   16 / Acc: 67.985% / Loss: 0.9934 / Grad Norm: 5.1286 / Grad Diff: 1699.3623 / Time: 7.48s
======================================================================================================

round 16 local learning rate = 0.0003125

>>> Round:   17 / Acc: 68.703% / Loss: 0.9702 / Grad Norm: 4.9510 / Grad Diff: 1701.6028 / Time: 7.20s
======================================================================================================

round 17 local learning rate = 0.00029411764705882356

>>> Round:   18 / Acc: 69.365% / Loss: 0.9486 / Grad Norm: 4.8056 / Grad Diff: 1700.7120 / Time: 7.51s
======================================================================================================

round 18 local learning rate = 0.0002777777777777778

>>> Round:   19 / Acc: 69.928% / Loss: 0.9300 / Grad Norm: 4.8026 / Grad Diff: 1702.7644 / Time: 6.87s
======================================================================================================

round 19 local learning rate = 0.0002631578947368421

>>> Round:   20 / Acc: 70.446% / Loss: 0.9126 / Grad Norm: 4.6765 / Grad Diff: 1701.0162 / Time: 7.29s
======================================================================================================

= Test = round: 20 / acc: 72.610% / loss: 0.8527 / Time: 0.61s
======================================================================================================

round 20 local learning rate = 0.00025

>>> Round:   21 / Acc: 71.017% / Loss: 0.8964 / Grad Norm: 4.6811 / Grad Diff: 1700.9753 / Time: 7.51s
======================================================================================================

round 21 local learning rate = 0.0002380952380952381

>>> Round:   22 / Acc: 71.520% / Loss: 0.8803 / Grad Norm: 4.3962 / Grad Diff: 1693.0468 / Time: 7.85s
======================================================================================================

round 22 local learning rate = 0.00022727272727272727

>>> Round:   23 / Acc: 71.969% / Loss: 0.8671 / Grad Norm: 4.5366 / Grad Diff: 1694.5484 / Time: 7.68s
======================================================================================================

round 23 local learning rate = 0.0002173913043478261

>>> Round:   24 / Acc: 72.367% / Loss: 0.8539 / Grad Norm: 4.4469 / Grad Diff: 1690.6768 / Time: 7.61s
======================================================================================================

round 24 local learning rate = 0.00020833333333333335

>>> Round:   25 / Acc: 72.762% / Loss: 0.8412 / Grad Norm: 4.2850 / Grad Diff: 1685.1858 / Time: 7.39s
======================================================================================================

= Test = round: 25 / acc: 74.680% / loss: 0.7840 / Time: 0.62s
======================================================================================================

round 25 local learning rate = 0.0002

>>> Round:   26 / Acc: 73.149% / Loss: 0.8296 / Grad Norm: 4.1874 / Grad Diff: 1679.0028 / Time: 8.94s
======================================================================================================

round 26 local learning rate = 0.0001923076923076923

>>> Round:   27 / Acc: 73.554% / Loss: 0.8190 / Grad Norm: 4.2463 / Grad Diff: 1677.1413 / Time: 7.56s
======================================================================================================

round 27 local learning rate = 0.00018518518518518518

>>> Round:   28 / Acc: 73.865% / Loss: 0.8083 / Grad Norm: 4.0916 / Grad Diff: 1672.0097 / Time: 8.30s
======================================================================================================

round 28 local learning rate = 0.00017857142857142857

>>> Round:   29 / Acc: 74.151% / Loss: 0.7985 / Grad Norm: 4.0306 / Grad Diff: 1665.4324 / Time: 7.36s
======================================================================================================

round 29 local learning rate = 0.0001724137931034483

>>> Round:   30 / Acc: 74.470% / Loss: 0.7893 / Grad Norm: 4.0182 / Grad Diff: 1661.4866 / Time: 7.45s
======================================================================================================

= Test = round: 30 / acc: 76.190% / loss: 0.7346 / Time: 0.61s
======================================================================================================

round 30 local learning rate = 0.00016666666666666666

>>> Round:   31 / Acc: 74.731% / Loss: 0.7808 / Grad Norm: 4.0487 / Grad Diff: 1657.0404 / Time: 7.44s
======================================================================================================

round 31 local learning rate = 0.00016129032258064516

>>> Round:   32 / Acc: 75.044% / Loss: 0.7724 / Grad Norm: 3.9389 / Grad Diff: 1651.0851 / Time: 7.59s
======================================================================================================

round 32 local learning rate = 0.00015625

>>> Round:   33 / Acc: 75.301% / Loss: 0.7640 / Grad Norm: 3.7352 / Grad Diff: 1642.2989 / Time: 7.82s
======================================================================================================

round 33 local learning rate = 0.00015151515151515152

>>> Round:   34 / Acc: 75.542% / Loss: 0.7566 / Grad Norm: 3.7727 / Grad Diff: 1639.5015 / Time: 7.37s
======================================================================================================

round 34 local learning rate = 0.00014705882352941178

>>> Round:   35 / Acc: 75.793% / Loss: 0.7494 / Grad Norm: 3.7605 / Grad Diff: 1634.5396 / Time: 7.56s
======================================================================================================

= Test = round: 35 / acc: 77.270% / loss: 0.6963 / Time: 0.61s
======================================================================================================

round 35 local learning rate = 0.00014285714285714287

>>> Round:   36 / Acc: 76.018% / Loss: 0.7424 / Grad Norm: 3.6735 / Grad Diff: 1627.8672 / Time: 7.59s
======================================================================================================

round 36 local learning rate = 0.0001388888888888889

>>> Round:   37 / Acc: 76.199% / Loss: 0.7357 / Grad Norm: 3.5842 / Grad Diff: 1620.9046 / Time: 7.44s
======================================================================================================

round 37 local learning rate = 0.00013513513513513514

>>> Round:   38 / Acc: 76.376% / Loss: 0.7294 / Grad Norm: 3.6165 / Grad Diff: 1615.8274 / Time: 7.61s
======================================================================================================

round 38 local learning rate = 0.00013157894736842105

>>> Round:   39 / Acc: 76.590% / Loss: 0.7232 / Grad Norm: 3.4955 / Grad Diff: 1611.7832 / Time: 7.53s
======================================================================================================

round 39 local learning rate = 0.0001282051282051282

>>> Round:   40 / Acc: 76.803% / Loss: 0.7175 / Grad Norm: 3.5323 / Grad Diff: 1608.7249 / Time: 7.51s
======================================================================================================

= Test = round: 40 / acc: 78.210% / loss: 0.6658 / Time: 0.62s
======================================================================================================

round 40 local learning rate = 0.000125

>>> Round:   41 / Acc: 76.956% / Loss: 0.7118 / Grad Norm: 3.4381 / Grad Diff: 1602.3220 / Time: 7.62s
======================================================================================================

round 41 local learning rate = 0.00012195121951219512

>>> Round:   42 / Acc: 77.094% / Loss: 0.7063 / Grad Norm: 3.3851 / Grad Diff: 1595.8529 / Time: 8.82s
======================================================================================================

round 42 local learning rate = 0.00011904761904761905

>>> Round:   43 / Acc: 77.262% / Loss: 0.7009 / Grad Norm: 3.3227 / Grad Diff: 1590.3580 / Time: 7.59s
======================================================================================================

round 43 local learning rate = 0.00011627906976744187

>>> Round:   44 / Acc: 77.430% / Loss: 0.6962 / Grad Norm: 3.4140 / Grad Diff: 1586.6199 / Time: 7.57s
======================================================================================================

round 44 local learning rate = 0.00011363636363636364

>>> Round:   45 / Acc: 77.605% / Loss: 0.6913 / Grad Norm: 3.3472 / Grad Diff: 1582.3210 / Time: 7.59s
======================================================================================================

= Test = round: 45 / acc: 78.860% / loss: 0.6406 / Time: 0.62s
======================================================================================================

round 45 local learning rate = 0.00011111111111111112

>>> Round:   46 / Acc: 77.710% / Loss: 0.6865 / Grad Norm: 3.2902 / Grad Diff: 1575.4545 / Time: 8.08s
======================================================================================================

round 46 local learning rate = 0.00010869565217391305

>>> Round:   47 / Acc: 77.849% / Loss: 0.6820 / Grad Norm: 3.2846 / Grad Diff: 1572.5522 / Time: 7.92s
======================================================================================================

round 47 local learning rate = 0.00010638297872340425

>>> Round:   48 / Acc: 77.982% / Loss: 0.6775 / Grad Norm: 3.1815 / Grad Diff: 1566.0346 / Time: 7.85s
======================================================================================================

round 48 local learning rate = 0.00010416666666666667

>>> Round:   49 / Acc: 78.181% / Loss: 0.6732 / Grad Norm: 3.1461 / Grad Diff: 1561.4126 / Time: 8.77s
======================================================================================================

round 49 local learning rate = 0.00010204081632653062

>>> Round:   50 / Acc: 78.299% / Loss: 0.6690 / Grad Norm: 3.1288 / Grad Diff: 1556.4749 / Time: 8.03s
======================================================================================================

= Test = round: 50 / acc: 79.520% / loss: 0.6193 / Time: 0.65s
======================================================================================================

round 50 local learning rate = 0.0001

>>> Round:   51 / Acc: 78.448% / Loss: 0.6647 / Grad Norm: 3.0158 / Grad Diff: 1549.1725 / Time: 8.91s
======================================================================================================

round 51 local learning rate = 9.80392156862745e-05

>>> Round:   52 / Acc: 78.530% / Loss: 0.6612 / Grad Norm: 3.1119 / Grad Diff: 1548.0878 / Time: 7.63s
======================================================================================================

round 52 local learning rate = 9.615384615384615e-05

>>> Round:   53 / Acc: 78.624% / Loss: 0.6574 / Grad Norm: 3.0797 / Grad Diff: 1543.6419 / Time: 7.66s
======================================================================================================

round 53 local learning rate = 9.433962264150943e-05

>>> Round:   54 / Acc: 78.777% / Loss: 0.6537 / Grad Norm: 3.0085 / Grad Diff: 1539.4606 / Time: 7.65s
======================================================================================================

round 54 local learning rate = 9.259259259259259e-05

>>> Round:   55 / Acc: 78.851% / Loss: 0.6503 / Grad Norm: 3.0409 / Grad Diff: 1535.7234 / Time: 7.68s
======================================================================================================

= Test = round: 55 / acc: 80.280% / loss: 0.6016 / Time: 0.62s
======================================================================================================

round 55 local learning rate = 9.090909090909092e-05

>>> Round:   56 / Acc: 78.994% / Loss: 0.6469 / Grad Norm: 2.9884 / Grad Diff: 1530.8431 / Time: 7.62s
======================================================================================================

round 56 local learning rate = 8.928571428571429e-05

>>> Round:   57 / Acc: 79.076% / Loss: 0.6435 / Grad Norm: 2.9480 / Grad Diff: 1526.6681 / Time: 7.64s
======================================================================================================

round 57 local learning rate = 8.771929824561404e-05

>>> Round:   58 / Acc: 79.175% / Loss: 0.6402 / Grad Norm: 2.8979 / Grad Diff: 1521.2200 / Time: 7.94s
======================================================================================================

round 58 local learning rate = 8.620689655172414e-05

>>> Round:   59 / Acc: 79.260% / Loss: 0.6371 / Grad Norm: 2.8765 / Grad Diff: 1517.5600 / Time: 7.74s
======================================================================================================

round 59 local learning rate = 8.474576271186441e-05

>>> Round:   60 / Acc: 79.386% / Loss: 0.6342 / Grad Norm: 2.9172 / Grad Diff: 1515.2776 / Time: 7.50s
======================================================================================================

= Test = round: 60 / acc: 80.770% / loss: 0.5862 / Time: 0.60s
======================================================================================================

round 60 local learning rate = 8.333333333333333e-05

>>> Round:   61 / Acc: 79.491% / Loss: 0.6313 / Grad Norm: 2.9000 / Grad Diff: 1511.6407 / Time: 7.49s
======================================================================================================

round 61 local learning rate = 8.19672131147541e-05

>>> Round:   62 / Acc: 79.603% / Loss: 0.6282 / Grad Norm: 2.8460 / Grad Diff: 1505.7422 / Time: 7.40s
======================================================================================================

round 62 local learning rate = 8.064516129032258e-05

>>> Round:   63 / Acc: 79.701% / Loss: 0.6252 / Grad Norm: 2.7834 / Grad Diff: 1500.3616 / Time: 7.31s
======================================================================================================

round 63 local learning rate = 7.936507936507937e-05

>>> Round:   64 / Acc: 79.801% / Loss: 0.6224 / Grad Norm: 2.7485 / Grad Diff: 1495.3886 / Time: 7.50s
======================================================================================================

round 64 local learning rate = 7.8125e-05

>>> Round:   65 / Acc: 79.867% / Loss: 0.6198 / Grad Norm: 2.7414 / Grad Diff: 1493.4985 / Time: 7.31s
======================================================================================================

= Test = round: 65 / acc: 81.290% / loss: 0.5724 / Time: 0.60s
======================================================================================================

round 65 local learning rate = 7.692307692307693e-05

>>> Round:   66 / Acc: 79.956% / Loss: 0.6172 / Grad Norm: 2.7357 / Grad Diff: 1490.4332 / Time: 7.60s
======================================================================================================

round 66 local learning rate = 7.575757575757576e-05

>>> Round:   67 / Acc: 80.048% / Loss: 0.6147 / Grad Norm: 2.7447 / Grad Diff: 1487.0500 / Time: 9.49s
======================================================================================================

round 67 local learning rate = 7.462686567164179e-05

>>> Round:   68 / Acc: 80.142% / Loss: 0.6122 / Grad Norm: 2.7390 / Grad Diff: 1484.2498 / Time: 7.97s
======================================================================================================

round 68 local learning rate = 7.352941176470589e-05

>>> Round:   69 / Acc: 80.205% / Loss: 0.6098 / Grad Norm: 2.7045 / Grad Diff: 1479.3981 / Time: 7.76s
======================================================================================================

round 69 local learning rate = 7.246376811594203e-05

>>> Round:   70 / Acc: 80.310% / Loss: 0.6073 / Grad Norm: 2.6604 / Grad Diff: 1474.6489 / Time: 6.93s
======================================================================================================

= Test = round: 70 / acc: 81.630% / loss: 0.5607 / Time: 0.63s
======================================================================================================

round 70 local learning rate = 7.142857142857143e-05

>>> Round:   71 / Acc: 80.376% / Loss: 0.6051 / Grad Norm: 2.6815 / Grad Diff: 1472.4499 / Time: 7.99s
======================================================================================================

round 71 local learning rate = 7.042253521126761e-05

>>> Round:   72 / Acc: 80.463% / Loss: 0.6028 / Grad Norm: 2.6756 / Grad Diff: 1469.4747 / Time: 7.54s
======================================================================================================

round 72 local learning rate = 6.944444444444444e-05

>>> Round:   73 / Acc: 80.524% / Loss: 0.6004 / Grad Norm: 2.6406 / Grad Diff: 1466.3640 / Time: 7.42s
======================================================================================================

round 73 local learning rate = 6.84931506849315e-05

>>> Round:   74 / Acc: 80.596% / Loss: 0.5983 / Grad Norm: 2.6662 / Grad Diff: 1463.8164 / Time: 9.01s
======================================================================================================

round 74 local learning rate = 6.756756756756757e-05

>>> Round:   75 / Acc: 80.646% / Loss: 0.5961 / Grad Norm: 2.6509 / Grad Diff: 1460.5176 / Time: 7.57s
======================================================================================================

= Test = round: 75 / acc: 81.990% / loss: 0.5503 / Time: 0.61s
======================================================================================================

round 75 local learning rate = 6.666666666666667e-05

>>> Round:   76 / Acc: 80.768% / Loss: 0.5938 / Grad Norm: 2.5413 / Grad Diff: 1454.9664 / Time: 7.62s
======================================================================================================

round 76 local learning rate = 6.578947368421052e-05

>>> Round:   77 / Acc: 80.819% / Loss: 0.5917 / Grad Norm: 2.5204 / Grad Diff: 1451.1898 / Time: 7.68s
======================================================================================================

round 77 local learning rate = 6.493506493506494e-05

>>> Round:   78 / Acc: 80.882% / Loss: 0.5897 / Grad Norm: 2.5368 / Grad Diff: 1448.6585 / Time: 7.73s
======================================================================================================

round 78 local learning rate = 6.41025641025641e-05

>>> Round:   79 / Acc: 80.985% / Loss: 0.5878 / Grad Norm: 2.5038 / Grad Diff: 1445.0771 / Time: 7.82s
======================================================================================================

round 79 local learning rate = 6.329113924050633e-05

>>> Round:   80 / Acc: 81.061% / Loss: 0.5859 / Grad Norm: 2.4925 / Grad Diff: 1443.1351 / Time: 9.29s
======================================================================================================

= Test = round: 80 / acc: 82.330% / loss: 0.5401 / Time: 0.62s
======================================================================================================

round 80 local learning rate = 6.25e-05

>>> Round:   81 / Acc: 81.133% / Loss: 0.5839 / Grad Norm: 2.4543 / Grad Diff: 1439.0189 / Time: 7.61s
======================================================================================================

round 81 local learning rate = 6.17283950617284e-05

>>> Round:   82 / Acc: 81.159% / Loss: 0.5823 / Grad Norm: 2.5162 / Grad Diff: 1438.3551 / Time: 6.69s
======================================================================================================

round 82 local learning rate = 6.097560975609756e-05

>>> Round:   83 / Acc: 81.218% / Loss: 0.5803 / Grad Norm: 2.4713 / Grad Diff: 1433.8561 / Time: 8.41s
======================================================================================================

round 83 local learning rate = 6.024096385542169e-05

>>> Round:   84 / Acc: 81.260% / Loss: 0.5784 / Grad Norm: 2.4096 / Grad Diff: 1429.8572 / Time: 7.92s
======================================================================================================

round 84 local learning rate = 5.9523809523809524e-05

>>> Round:   85 / Acc: 81.341% / Loss: 0.5766 / Grad Norm: 2.3744 / Grad Diff: 1426.3647 / Time: 8.45s
======================================================================================================

= Test = round: 85 / acc: 82.610% / loss: 0.5316 / Time: 0.64s
======================================================================================================

round 85 local learning rate = 5.882352941176471e-05

>>> Round:   86 / Acc: 81.413% / Loss: 0.5749 / Grad Norm: 2.4019 / Grad Diff: 1423.7356 / Time: 7.76s
======================================================================================================

round 86 local learning rate = 5.8139534883720933e-05

>>> Round:   87 / Acc: 81.465% / Loss: 0.5731 / Grad Norm: 2.3896 / Grad Diff: 1419.7028 / Time: 7.52s
======================================================================================================

round 87 local learning rate = 5.747126436781609e-05

>>> Round:   88 / Acc: 81.515% / Loss: 0.5715 / Grad Norm: 2.3405 / Grad Diff: 1415.8011 / Time: 9.55s
======================================================================================================

round 88 local learning rate = 5.681818181818182e-05

>>> Round:   89 / Acc: 81.561% / Loss: 0.5699 / Grad Norm: 2.3483 / Grad Diff: 1414.1296 / Time: 7.45s
======================================================================================================

round 89 local learning rate = 5.617977528089888e-05

>>> Round:   90 / Acc: 81.605% / Loss: 0.5683 / Grad Norm: 2.3208 / Grad Diff: 1411.2435 / Time: 7.57s
======================================================================================================

= Test = round: 90 / acc: 82.910% / loss: 0.5239 / Time: 0.78s
======================================================================================================

round 90 local learning rate = 5.555555555555556e-05

>>> Round:   91 / Acc: 81.672% / Loss: 0.5669 / Grad Norm: 2.4364 / Grad Diff: 1411.7364 / Time: 8.49s
======================================================================================================

round 91 local learning rate = 5.4945054945054945e-05

>>> Round:   92 / Acc: 81.718% / Loss: 0.5653 / Grad Norm: 2.3546 / Grad Diff: 1407.4557 / Time: 7.57s
======================================================================================================

round 92 local learning rate = 5.4347826086956524e-05

>>> Round:   93 / Acc: 81.747% / Loss: 0.5637 / Grad Norm: 2.3109 / Grad Diff: 1403.6067 / Time: 7.74s
======================================================================================================

round 93 local learning rate = 5.3763440860215054e-05

>>> Round:   94 / Acc: 81.804% / Loss: 0.5621 / Grad Norm: 2.2944 / Grad Diff: 1400.4593 / Time: 7.62s
======================================================================================================

round 94 local learning rate = 5.319148936170213e-05

>>> Round:   95 / Acc: 81.876% / Loss: 0.5606 / Grad Norm: 2.2285 / Grad Diff: 1396.2700 / Time: 7.67s
======================================================================================================

= Test = round: 95 / acc: 83.170% / loss: 0.5166 / Time: 0.64s
======================================================================================================

round 95 local learning rate = 5.2631578947368424e-05

>>> Round:   96 / Acc: 81.919% / Loss: 0.5592 / Grad Norm: 2.2340 / Grad Diff: 1394.2231 / Time: 7.60s
======================================================================================================

round 96 local learning rate = 5.208333333333334e-05

>>> Round:   97 / Acc: 81.963% / Loss: 0.5577 / Grad Norm: 2.1996 / Grad Diff: 1390.6762 / Time: 7.97s
======================================================================================================

round 97 local learning rate = 5.154639175257732e-05

>>> Round:   98 / Acc: 82.000% / Loss: 0.5564 / Grad Norm: 2.2151 / Grad Diff: 1388.5982 / Time: 8.91s
======================================================================================================

round 98 local learning rate = 5.102040816326531e-05

>>> Round:   99 / Acc: 82.020% / Loss: 0.5550 / Grad Norm: 2.2072 / Grad Diff: 1386.1685 / Time: 7.71s
======================================================================================================

round 99 local learning rate = 5.0505050505050505e-05

>>> Round:  100 / Acc: 82.066% / Loss: 0.5536 / Grad Norm: 2.1977 / Grad Diff: 1383.4406 / Time: 7.76s
======================================================================================================

= Test = round: 100 / acc: 83.390% / loss: 0.5099 / Time: 0.61s
======================================================================================================

round 100 local learning rate = 5e-05

>>> Round:  101 / Acc: 82.120% / Loss: 0.5523 / Grad Norm: 2.2301 / Grad Diff: 1382.2727 / Time: 7.71s
======================================================================================================

round 101 local learning rate = 4.950495049504951e-05

>>> Round:  102 / Acc: 82.159% / Loss: 0.5510 / Grad Norm: 2.2289 / Grad Diff: 1379.8499 / Time: 7.74s
======================================================================================================

round 102 local learning rate = 4.901960784313725e-05

>>> Round:  103 / Acc: 82.205% / Loss: 0.5497 / Grad Norm: 2.2144 / Grad Diff: 1376.8768 / Time: 8.33s
======================================================================================================

round 103 local learning rate = 4.854368932038835e-05

>>> Round:  104 / Acc: 82.255% / Loss: 0.5483 / Grad Norm: 2.1755 / Grad Diff: 1373.7346 / Time: 7.72s
======================================================================================================

round 104 local learning rate = 4.807692307692308e-05

>>> Round:  105 / Acc: 82.312% / Loss: 0.5471 / Grad Norm: 2.1459 / Grad Diff: 1370.5865 / Time: 8.73s
======================================================================================================

= Test = round: 105 / acc: 83.590% / loss: 0.5038 / Time: 0.61s
======================================================================================================

round 105 local learning rate = 4.761904761904762e-05

>>> Round:  106 / Acc: 82.349% / Loss: 0.5458 / Grad Norm: 2.1242 / Grad Diff: 1367.6607 / Time: 7.70s
======================================================================================================

round 106 local learning rate = 4.7169811320754715e-05

>>> Round:  107 / Acc: 82.411% / Loss: 0.5446 / Grad Norm: 2.1151 / Grad Diff: 1364.9807 / Time: 8.08s
======================================================================================================

round 107 local learning rate = 4.672897196261682e-05

>>> Round:  108 / Acc: 82.434% / Loss: 0.5434 / Grad Norm: 2.1429 / Grad Diff: 1363.1571 / Time: 7.88s
======================================================================================================

round 108 local learning rate = 4.6296296296296294e-05

>>> Round:  109 / Acc: 82.470% / Loss: 0.5422 / Grad Norm: 2.1334 / Grad Diff: 1361.3557 / Time: 8.19s
======================================================================================================

round 109 local learning rate = 4.587155963302752e-05

>>> Round:  110 / Acc: 82.506% / Loss: 0.5411 / Grad Norm: 2.1176 / Grad Diff: 1359.1817 / Time: 8.65s
======================================================================================================

= Test = round: 110 / acc: 83.830% / loss: 0.4979 / Time: 0.64s
======================================================================================================

round 110 local learning rate = 4.545454545454546e-05

>>> Round:  111 / Acc: 82.555% / Loss: 0.5400 / Grad Norm: 2.1397 / Grad Diff: 1357.0798 / Time: 7.86s
======================================================================================================

round 111 local learning rate = 4.5045045045045046e-05

>>> Round:  112 / Acc: 82.601% / Loss: 0.5388 / Grad Norm: 2.0868 / Grad Diff: 1353.9653 / Time: 8.05s
======================================================================================================

round 112 local learning rate = 4.464285714285714e-05

>>> Round:  113 / Acc: 82.651% / Loss: 0.5376 / Grad Norm: 2.0500 / Grad Diff: 1350.4946 / Time: 7.78s
======================================================================================================

round 113 local learning rate = 4.424778761061947e-05

>>> Round:  114 / Acc: 82.690% / Loss: 0.5365 / Grad Norm: 2.0868 / Grad Diff: 1349.9513 / Time: 7.63s
======================================================================================================

round 114 local learning rate = 4.385964912280702e-05

>>> Round:  115 / Acc: 82.731% / Loss: 0.5354 / Grad Norm: 2.0643 / Grad Diff: 1347.0704 / Time: 7.34s
======================================================================================================

= Test = round: 115 / acc: 84.050% / loss: 0.4924 / Time: 0.62s
======================================================================================================

round 115 local learning rate = 4.347826086956522e-05

>>> Round:  116 / Acc: 82.773% / Loss: 0.5343 / Grad Norm: 2.0504 / Grad Diff: 1344.5718 / Time: 7.69s
======================================================================================================

round 116 local learning rate = 4.310344827586207e-05

>>> Round:  117 / Acc: 82.788% / Loss: 0.5333 / Grad Norm: 2.0679 / Grad Diff: 1342.9720 / Time: 7.55s
======================================================================================================

round 117 local learning rate = 4.2735042735042735e-05

>>> Round:  118 / Acc: 82.847% / Loss: 0.5322 / Grad Norm: 2.0422 / Grad Diff: 1340.0040 / Time: 7.62s
======================================================================================================

round 118 local learning rate = 4.2372881355932206e-05

>>> Round:  119 / Acc: 82.869% / Loss: 0.5312 / Grad Norm: 2.0533 / Grad Diff: 1337.9529 / Time: 7.65s
======================================================================================================

round 119 local learning rate = 4.201680672268908e-05

>>> Round:  120 / Acc: 82.887% / Loss: 0.5302 / Grad Norm: 2.1085 / Grad Diff: 1338.1402 / Time: 7.10s
======================================================================================================

= Test = round: 120 / acc: 84.220% / loss: 0.4878 / Time: 0.63s
======================================================================================================

round 120 local learning rate = 4.1666666666666665e-05

>>> Round:  121 / Acc: 82.917% / Loss: 0.5292 / Grad Norm: 2.0703 / Grad Diff: 1335.1543 / Time: 7.40s
======================================================================================================

round 121 local learning rate = 4.132231404958678e-05

>>> Round:  122 / Acc: 82.958% / Loss: 0.5282 / Grad Norm: 2.0478 / Grad Diff: 1333.1106 / Time: 8.33s
======================================================================================================

round 122 local learning rate = 4.098360655737705e-05

>>> Round:  123 / Acc: 82.989% / Loss: 0.5271 / Grad Norm: 2.0024 / Grad Diff: 1329.5963 / Time: 7.33s
======================================================================================================

round 123 local learning rate = 4.065040650406504e-05

>>> Round:  124 / Acc: 83.022% / Loss: 0.5261 / Grad Norm: 1.9816 / Grad Diff: 1326.8157 / Time: 7.54s
======================================================================================================

round 124 local learning rate = 4.032258064516129e-05

>>> Round:  125 / Acc: 83.042% / Loss: 0.5252 / Grad Norm: 2.0044 / Grad Diff: 1325.8063 / Time: 7.31s
======================================================================================================

= Test = round: 125 / acc: 84.370% / loss: 0.4831 / Time: 0.61s
======================================================================================================

round 125 local learning rate = 4e-05

>>> Round:  126 / Acc: 83.096% / Loss: 0.5242 / Grad Norm: 2.0111 / Grad Diff: 1323.1096 / Time: 7.42s
======================================================================================================

round 126 local learning rate = 3.968253968253968e-05

>>> Round:  127 / Acc: 83.116% / Loss: 0.5233 / Grad Norm: 2.0139 / Grad Diff: 1320.9793 / Time: 8.65s
======================================================================================================

round 127 local learning rate = 3.937007874015748e-05

>>> Round:  128 / Acc: 83.162% / Loss: 0.5224 / Grad Norm: 2.0229 / Grad Diff: 1319.9406 / Time: 7.77s
======================================================================================================

round 128 local learning rate = 3.90625e-05

>>> Round:  129 / Acc: 83.185% / Loss: 0.5214 / Grad Norm: 1.9979 / Grad Diff: 1317.3278 / Time: 7.89s
======================================================================================================

round 129 local learning rate = 3.875968992248062e-05

>>> Round:  130 / Acc: 83.232% / Loss: 0.5205 / Grad Norm: 1.9997 / Grad Diff: 1315.8661 / Time: 9.54s
======================================================================================================

= Test = round: 130 / acc: 84.570% / loss: 0.4789 / Time: 0.63s
======================================================================================================

round 130 local learning rate = 3.846153846153846e-05

>>> Round:  131 / Acc: 83.264% / Loss: 0.5195 / Grad Norm: 1.9639 / Grad Diff: 1312.9623 / Time: 7.83s
======================================================================================================

round 131 local learning rate = 3.816793893129771e-05

>>> Round:  132 / Acc: 83.293% / Loss: 0.5187 / Grad Norm: 1.9505 / Grad Diff: 1310.9148 / Time: 7.74s
======================================================================================================

round 132 local learning rate = 3.787878787878788e-05

>>> Round:  133 / Acc: 83.328% / Loss: 0.5178 / Grad Norm: 1.9659 / Grad Diff: 1309.4728 / Time: 7.65s
======================================================================================================

round 133 local learning rate = 3.759398496240601e-05

>>> Round:  134 / Acc: 83.330% / Loss: 0.5169 / Grad Norm: 1.9787 / Grad Diff: 1307.7199 / Time: 7.30s
======================================================================================================

round 134 local learning rate = 3.7313432835820896e-05

>>> Round:  135 / Acc: 83.358% / Loss: 0.5161 / Grad Norm: 1.9667 / Grad Diff: 1305.7482 / Time: 7.97s
======================================================================================================

= Test = round: 135 / acc: 84.700% / loss: 0.4746 / Time: 0.67s
======================================================================================================

round 135 local learning rate = 3.7037037037037037e-05

>>> Round:  136 / Acc: 83.378% / Loss: 0.5153 / Grad Norm: 1.9836 / Grad Diff: 1304.1947 / Time: 7.86s
======================================================================================================

round 136 local learning rate = 3.6764705882352945e-05

>>> Round:  137 / Acc: 83.410% / Loss: 0.5144 / Grad Norm: 1.9823 / Grad Diff: 1302.3091 / Time: 7.77s
======================================================================================================

round 137 local learning rate = 3.649635036496351e-05

>>> Round:  138 / Acc: 83.435% / Loss: 0.5135 / Grad Norm: 1.9270 / Grad Diff: 1299.0959 / Time: 7.76s
======================================================================================================

round 138 local learning rate = 3.6231884057971014e-05

>>> Round:  139 / Acc: 83.445% / Loss: 0.5127 / Grad Norm: 1.9147 / Grad Diff: 1297.1134 / Time: 7.69s
======================================================================================================

round 139 local learning rate = 3.597122302158273e-05

>>> Round:  140 / Acc: 83.500% / Loss: 0.5119 / Grad Norm: 1.9207 / Grad Diff: 1295.8753 / Time: 7.53s
======================================================================================================

= Test = round: 140 / acc: 84.820% / loss: 0.4706 / Time: 0.80s
======================================================================================================

round 140 local learning rate = 3.571428571428572e-05

>>> Round:  141 / Acc: 83.509% / Loss: 0.5111 / Grad Norm: 1.9142 / Grad Diff: 1293.7545 / Time: 7.50s
======================================================================================================

round 141 local learning rate = 3.546099290780142e-05

>>> Round:  142 / Acc: 83.535% / Loss: 0.5103 / Grad Norm: 1.9194 / Grad Diff: 1292.2654 / Time: 7.61s
======================================================================================================

round 142 local learning rate = 3.5211267605633805e-05

>>> Round:  143 / Acc: 83.565% / Loss: 0.5095 / Grad Norm: 1.9225 / Grad Diff: 1291.0562 / Time: 8.30s
======================================================================================================

round 143 local learning rate = 3.4965034965034965e-05

>>> Round:  144 / Acc: 83.579% / Loss: 0.5087 / Grad Norm: 1.9161 / Grad Diff: 1289.1938 / Time: 7.68s
======================================================================================================

round 144 local learning rate = 3.472222222222222e-05

>>> Round:  145 / Acc: 83.631% / Loss: 0.5080 / Grad Norm: 1.9227 / Grad Diff: 1287.7131 / Time: 7.51s
======================================================================================================

= Test = round: 145 / acc: 84.890% / loss: 0.4670 / Time: 0.61s
======================================================================================================

round 145 local learning rate = 3.4482758620689657e-05

>>> Round:  146 / Acc: 83.625% / Loss: 0.5072 / Grad Norm: 1.8987 / Grad Diff: 1285.1966 / Time: 8.69s
======================================================================================================

round 146 local learning rate = 3.424657534246575e-05

>>> Round:  147 / Acc: 83.644% / Loss: 0.5064 / Grad Norm: 1.8728 / Grad Diff: 1282.7922 / Time: 7.85s
======================================================================================================

round 147 local learning rate = 3.401360544217687e-05

>>> Round:  148 / Acc: 83.657% / Loss: 0.5057 / Grad Norm: 1.8872 / Grad Diff: 1281.9538 / Time: 8.68s
======================================================================================================

round 148 local learning rate = 3.3783783783783784e-05

>>> Round:  149 / Acc: 83.694% / Loss: 0.5049 / Grad Norm: 1.8568 / Grad Diff: 1279.3003 / Time: 7.62s
======================================================================================================

round 149 local learning rate = 3.3557046979865775e-05

>>> Round:  150 / Acc: 83.710% / Loss: 0.5041 / Grad Norm: 1.8201 / Grad Diff: 1276.4869 / Time: 7.03s
======================================================================================================

= Test = round: 150 / acc: 85.020% / loss: 0.4631 / Time: 0.62s
======================================================================================================

round 150 local learning rate = 3.3333333333333335e-05

>>> Round:  151 / Acc: 83.732% / Loss: 0.5034 / Grad Norm: 1.8272 / Grad Diff: 1275.4850 / Time: 8.51s
======================================================================================================

round 151 local learning rate = 3.3112582781456954e-05

>>> Round:  152 / Acc: 83.755% / Loss: 0.5027 / Grad Norm: 1.8123 / Grad Diff: 1273.0273 / Time: 7.47s
======================================================================================================

round 152 local learning rate = 3.289473684210526e-05

>>> Round:  153 / Acc: 83.762% / Loss: 0.5020 / Grad Norm: 1.8197 / Grad Diff: 1271.3875 / Time: 6.95s
======================================================================================================

round 153 local learning rate = 3.2679738562091506e-05

>>> Round:  154 / Acc: 83.801% / Loss: 0.5013 / Grad Norm: 1.8313 / Grad Diff: 1270.4200 / Time: 7.69s
======================================================================================================

round 154 local learning rate = 3.246753246753247e-05

>>> Round:  155 / Acc: 83.823% / Loss: 0.5006 / Grad Norm: 1.8367 / Grad Diff: 1269.1806 / Time: 7.51s
======================================================================================================

= Test = round: 155 / acc: 85.140% / loss: 0.4599 / Time: 0.61s
======================================================================================================

round 155 local learning rate = 3.2258064516129034e-05

>>> Round:  156 / Acc: 83.843% / Loss: 0.4999 / Grad Norm: 1.8345 / Grad Diff: 1267.1983 / Time: 7.63s
======================================================================================================

round 156 local learning rate = 3.205128205128205e-05

>>> Round:  157 / Acc: 83.867% / Loss: 0.4992 / Grad Norm: 1.8322 / Grad Diff: 1265.5979 / Time: 7.63s
======================================================================================================

round 157 local learning rate = 3.184713375796179e-05

>>> Round:  158 / Acc: 83.878% / Loss: 0.4985 / Grad Norm: 1.8009 / Grad Diff: 1262.6891 / Time: 7.47s
======================================================================================================

round 158 local learning rate = 3.1645569620253167e-05

>>> Round:  159 / Acc: 83.923% / Loss: 0.4978 / Grad Norm: 1.7892 / Grad Diff: 1260.6436 / Time: 7.55s
======================================================================================================

round 159 local learning rate = 3.144654088050314e-05

>>> Round:  160 / Acc: 83.930% / Loss: 0.4972 / Grad Norm: 1.8128 / Grad Diff: 1259.9963 / Time: 7.57s
======================================================================================================

= Test = round: 160 / acc: 85.270% / loss: 0.4568 / Time: 0.64s
======================================================================================================

round 160 local learning rate = 3.125e-05

>>> Round:  161 / Acc: 83.965% / Loss: 0.4965 / Grad Norm: 1.8068 / Grad Diff: 1258.7117 / Time: 7.53s
======================================================================================================

round 161 local learning rate = 3.1055900621118014e-05

>>> Round:  162 / Acc: 83.980% / Loss: 0.4958 / Grad Norm: 1.7835 / Grad Diff: 1256.5391 / Time: 7.42s
======================================================================================================

round 162 local learning rate = 3.08641975308642e-05

>>> Round:  163 / Acc: 84.002% / Loss: 0.4952 / Grad Norm: 1.8084 / Grad Diff: 1255.9375 / Time: 7.58s
======================================================================================================

round 163 local learning rate = 3.067484662576687e-05

>>> Round:  164 / Acc: 84.031% / Loss: 0.4945 / Grad Norm: 1.7893 / Grad Diff: 1253.9267 / Time: 8.24s
======================================================================================================

round 164 local learning rate = 3.048780487804878e-05

>>> Round:  165 / Acc: 84.048% / Loss: 0.4939 / Grad Norm: 1.7726 / Grad Diff: 1251.9700 / Time: 9.16s
======================================================================================================

= Test = round: 165 / acc: 85.380% / loss: 0.4538 / Time: 0.60s
======================================================================================================

round 165 local learning rate = 3.0303030303030302e-05

>>> Round:  166 / Acc: 84.057% / Loss: 0.4933 / Grad Norm: 1.7910 / Grad Diff: 1250.7990 / Time: 8.29s
======================================================================================================

round 166 local learning rate = 3.0120481927710845e-05

>>> Round:  167 / Acc: 84.079% / Loss: 0.4926 / Grad Norm: 1.7794 / Grad Diff: 1248.9322 / Time: 7.47s
======================================================================================================

round 167 local learning rate = 2.994011976047904e-05

>>> Round:  168 / Acc: 84.107% / Loss: 0.4920 / Grad Norm: 1.7793 / Grad Diff: 1247.3206 / Time: 8.71s
======================================================================================================

round 168 local learning rate = 2.9761904761904762e-05

>>> Round:  169 / Acc: 84.140% / Loss: 0.4913 / Grad Norm: 1.7371 / Grad Diff: 1244.7341 / Time: 7.41s
======================================================================================================

round 169 local learning rate = 2.9585798816568047e-05

>>> Round:  170 / Acc: 84.151% / Loss: 0.4907 / Grad Norm: 1.7548 / Grad Diff: 1243.7033 / Time: 7.46s
======================================================================================================

= Test = round: 170 / acc: 85.500% / loss: 0.4510 / Time: 0.59s
======================================================================================================

round 170 local learning rate = 2.9411764705882354e-05

>>> Round:  171 / Acc: 84.164% / Loss: 0.4901 / Grad Norm: 1.7664 / Grad Diff: 1242.7098 / Time: 7.63s
======================================================================================================

round 171 local learning rate = 2.9239766081871346e-05

>>> Round:  172 / Acc: 84.185% / Loss: 0.4895 / Grad Norm: 1.7619 / Grad Diff: 1241.1498 / Time: 8.93s
======================================================================================================

round 172 local learning rate = 2.9069767441860467e-05

>>> Round:  173 / Acc: 84.192% / Loss: 0.4889 / Grad Norm: 1.7525 / Grad Diff: 1239.4287 / Time: 8.13s
======================================================================================================

round 173 local learning rate = 2.8901734104046242e-05

>>> Round:  174 / Acc: 84.234% / Loss: 0.4884 / Grad Norm: 1.7600 / Grad Diff: 1238.1370 / Time: 7.51s
======================================================================================================

round 174 local learning rate = 2.8735632183908045e-05

>>> Round:  175 / Acc: 84.238% / Loss: 0.4877 / Grad Norm: 1.7374 / Grad Diff: 1236.3633 / Time: 8.01s
======================================================================================================

= Test = round: 175 / acc: 85.560% / loss: 0.4483 / Time: 0.63s
======================================================================================================

round 175 local learning rate = 2.857142857142857e-05

>>> Round:  176 / Acc: 84.279% / Loss: 0.4871 / Grad Norm: 1.7095 / Grad Diff: 1233.7428 / Time: 8.47s
======================================================================================================

round 176 local learning rate = 2.840909090909091e-05

>>> Round:  177 / Acc: 84.306% / Loss: 0.4866 / Grad Norm: 1.7114 / Grad Diff: 1232.7010 / Time: 8.13s
======================================================================================================

round 177 local learning rate = 2.824858757062147e-05

>>> Round:  178 / Acc: 84.328% / Loss: 0.4860 / Grad Norm: 1.6897 / Grad Diff: 1230.6579 / Time: 7.78s
======================================================================================================

round 178 local learning rate = 2.808988764044944e-05

>>> Round:  179 / Acc: 84.347% / Loss: 0.4854 / Grad Norm: 1.6853 / Grad Diff: 1228.5966 / Time: 7.59s
======================================================================================================

round 179 local learning rate = 2.793296089385475e-05

>>> Round:  180 / Acc: 84.349% / Loss: 0.4849 / Grad Norm: 1.6924 / Grad Diff: 1227.8152 / Time: 6.96s
======================================================================================================

= Test = round: 180 / acc: 85.680% / loss: 0.4455 / Time: 0.58s
======================================================================================================

round 180 local learning rate = 2.777777777777778e-05

>>> Round:  181 / Acc: 84.369% / Loss: 0.4843 / Grad Norm: 1.6904 / Grad Diff: 1226.2514 / Time: 7.40s
======================================================================================================

round 181 local learning rate = 2.7624309392265193e-05

>>> Round:  182 / Acc: 84.391% / Loss: 0.4838 / Grad Norm: 1.6942 / Grad Diff: 1225.1788 / Time: 7.62s
======================================================================================================

round 182 local learning rate = 2.7472527472527473e-05

>>> Round:  183 / Acc: 84.391% / Loss: 0.4832 / Grad Norm: 1.7036 / Grad Diff: 1223.9804 / Time: 7.64s
======================================================================================================

round 183 local learning rate = 2.73224043715847e-05

>>> Round:  184 / Acc: 84.419% / Loss: 0.4826 / Grad Norm: 1.6732 / Grad Diff: 1221.8850 / Time: 7.53s
======================================================================================================

round 184 local learning rate = 2.7173913043478262e-05

>>> Round:  185 / Acc: 84.448% / Loss: 0.4821 / Grad Norm: 1.6578 / Grad Diff: 1219.8832 / Time: 7.74s
======================================================================================================

= Test = round: 185 / acc: 85.720% / loss: 0.4429 / Time: 0.61s
======================================================================================================

round 185 local learning rate = 2.7027027027027027e-05

>>> Round:  186 / Acc: 84.469% / Loss: 0.4815 / Grad Norm: 1.6516 / Grad Diff: 1218.2700 / Time: 7.66s
======================================================================================================

round 186 local learning rate = 2.6881720430107527e-05

>>> Round:  187 / Acc: 84.493% / Loss: 0.4810 / Grad Norm: 1.6504 / Grad Diff: 1216.9445 / Time: 7.45s
======================================================================================================

round 187 local learning rate = 2.6737967914438505e-05

>>> Round:  188 / Acc: 84.513% / Loss: 0.4805 / Grad Norm: 1.6518 / Grad Diff: 1215.6033 / Time: 7.70s
======================================================================================================

round 188 local learning rate = 2.6595744680851064e-05

>>> Round:  189 / Acc: 84.537% / Loss: 0.4799 / Grad Norm: 1.6576 / Grad Diff: 1214.4658 / Time: 7.63s
======================================================================================================

round 189 local learning rate = 2.6455026455026456e-05

>>> Round:  190 / Acc: 84.557% / Loss: 0.4795 / Grad Norm: 1.6680 / Grad Diff: 1213.5709 / Time: 7.90s
======================================================================================================

= Test = round: 190 / acc: 85.790% / loss: 0.4405 / Time: 0.61s
======================================================================================================

round 190 local learning rate = 2.6315789473684212e-05

>>> Round:  191 / Acc: 84.577% / Loss: 0.4789 / Grad Norm: 1.6639 / Grad Diff: 1212.1812 / Time: 7.72s
======================================================================================================

round 191 local learning rate = 2.6178010471204188e-05

>>> Round:  192 / Acc: 84.598% / Loss: 0.4784 / Grad Norm: 1.6591 / Grad Diff: 1210.6954 / Time: 7.71s
======================================================================================================

round 192 local learning rate = 2.604166666666667e-05

>>> Round:  193 / Acc: 84.598% / Loss: 0.4779 / Grad Norm: 1.6773 / Grad Diff: 1210.0709 / Time: 7.86s
======================================================================================================

round 193 local learning rate = 2.5906735751295337e-05

>>> Round:  194 / Acc: 84.614% / Loss: 0.4774 / Grad Norm: 1.6633 / Grad Diff: 1208.1335 / Time: 7.15s
======================================================================================================

round 194 local learning rate = 2.577319587628866e-05

>>> Round:  195 / Acc: 84.644% / Loss: 0.4769 / Grad Norm: 1.6359 / Grad Diff: 1205.8898 / Time: 7.58s
======================================================================================================

= Test = round: 195 / acc: 85.840% / loss: 0.4381 / Time: 0.62s
======================================================================================================

round 195 local learning rate = 2.5641025641025643e-05

>>> Round:  196 / Acc: 84.637% / Loss: 0.4764 / Grad Norm: 1.6483 / Grad Diff: 1205.1938 / Time: 7.92s
======================================================================================================

round 196 local learning rate = 2.5510204081632654e-05

>>> Round:  197 / Acc: 84.668% / Loss: 0.4759 / Grad Norm: 1.6330 / Grad Diff: 1203.4671 / Time: 7.69s
======================================================================================================

round 197 local learning rate = 2.5380710659898476e-05

>>> Round:  198 / Acc: 84.668% / Loss: 0.4754 / Grad Norm: 1.6331 / Grad Diff: 1201.7939 / Time: 7.57s
======================================================================================================

round 198 local learning rate = 2.5252525252525253e-05

>>> Round:  199 / Acc: 84.675% / Loss: 0.4749 / Grad Norm: 1.6050 / Grad Diff: 1199.4166 / Time: 7.55s
======================================================================================================

round 199 local learning rate = 2.5125628140703518e-05

>>> Round:  200 / Acc: 84.705% / Loss: 0.4744 / Grad Norm: 1.6068 / Grad Diff: 1198.4953 / Time: 7.54s
======================================================================================================

= Test = round: 200 / acc: 86.000% / loss: 0.4358 / Time: 0.62s
======================================================================================================

