nohup: ignoring input
Using device: cuda:0
>>> Arguments:
	             algo : fedavgtl
	            alpha : 51871.0
	       batch_size : 64
	clients_per_round : 100
	          dataset : mnist_all_data_1_equal_niid
	           device : cuda:0
	              dis : 
	   early_stopping : 20
	       eval_every : 5
	    ft_batch_size : 128
	       ft_dataset : mnist-m
	        ft_epochs : 2
	            ft_lr : 0.01
	            ft_wd : 0.0
	              gpu : True
	      input_shape : (1, 28, 28)
	           last_k : 2
	               lr : 0.005
	            model : lenet
	           n_init : 5
	        noaverage : False
	          noprint : False
	        num_class : 10
	        num_epoch : 1
	        num_round : 200
	           opt_lr : False
	            reg_J : True
	       reg_J_coef : 0.001
	             seed : 0
	               wd : 0.0
>>> Read data from:
     ./data/mnist/data/all_data_1.pkl
>>> The estimate of constant alpha is 51871.0.
>>> Read data from:
     ./data/mnist/data/train/all_data_1_equal_niid.pkl
     ./data/mnist/data/test/all_data_1_equal_niid.pkl
>>> Use gpu on device cuda:0
>>> Model statistic per layer
LeNet_MNIST(
  286.12 KMac, 100.000% MACs, 
  (conv1): Conv2d(89.856 KMac, 31.405% MACs, 1, 6, kernel_size=(5, 5), stride=(1, 1))
  (conv2): Conv2d(154.624 KMac, 54.042% MACs, 6, 16, kernel_size=(5, 5), stride=(1, 1))
  (fc1): Linear(30.72 KMac, 10.737% MACs, in_features=256, out_features=120, bias=True)
  (fc2): Linear(10.08 KMac, 3.523% MACs, in_features=120, out_features=84, bias=True)
  (fc3): Linear(840.0 Mac, 0.294% MACs, in_features=84, out_features=10, bias=True)
)
>>> Activate a worker for training
>>> Initialize 100 clients in total
>>> Weigh updates by simple average
>>> Select 100 clients per round 


>>> Round:    0 / Acc: 14.094% / Loss: 9.4848 / Grad Norm: 102.0994 / Grad Diff: 26296.5990 / Time: 6.59s
======================================================================================================

= Test = round: 0 / acc: 13.730% / loss: 9.4540 / Time: 0.52s
======================================================================================================

round 0 local learning rate = 0.005

>>> Round:    1 / Acc: 17.089% / Loss: 2.4882 / Grad Norm: 8.7159 / Grad Diff: 766.3322 / Time: 6.42s
======================================================================================================

round 1 local learning rate = 0.005

>>> Round:    2 / Acc: 30.273% / Loss: 2.0355 / Grad Norm: 5.8278 / Grad Diff: 685.3059 / Time: 6.18s
======================================================================================================

round 2 local learning rate = 0.0025

>>> Round:    3 / Acc: 40.190% / Loss: 1.7881 / Grad Norm: 6.4896 / Grad Diff: 977.1570 / Time: 5.77s
======================================================================================================

round 3 local learning rate = 0.0016666666666666668

>>> Round:    4 / Acc: 46.625% / Loss: 1.6067 / Grad Norm: 6.6272 / Grad Diff: 1186.0315 / Time: 6.50s
======================================================================================================

round 4 local learning rate = 0.00125

>>> Round:    5 / Acc: 51.129% / Loss: 1.4735 / Grad Norm: 6.4346 / Grad Diff: 1323.5378 / Time: 5.92s
======================================================================================================

= Test = round: 5 / acc: 52.630% / loss: 1.4146 / Time: 0.50s
======================================================================================================

round 5 local learning rate = 0.001

>>> Round:    6 / Acc: 54.607% / Loss: 1.3711 / Grad Norm: 6.1701 / Grad Diff: 1423.4721 / Time: 6.45s
======================================================================================================

round 6 local learning rate = 0.0008333333333333334

>>> Round:    7 / Acc: 57.417% / Loss: 1.2913 / Grad Norm: 5.9430 / Grad Diff: 1490.0620 / Time: 6.02s
======================================================================================================

round 7 local learning rate = 0.0007142857142857143

>>> Round:    8 / Acc: 59.651% / Loss: 1.2262 / Grad Norm: 5.6800 / Grad Diff: 1536.5815 / Time: 6.67s
======================================================================================================

round 8 local learning rate = 0.000625

>>> Round:    9 / Acc: 61.465% / Loss: 1.1725 / Grad Norm: 5.4648 / Grad Diff: 1570.2663 / Time: 6.52s
======================================================================================================

round 9 local learning rate = 0.0005555555555555556

>>> Round:   10 / Acc: 63.063% / Loss: 1.1271 / Grad Norm: 5.2738 / Grad Diff: 1593.5543 / Time: 5.74s
======================================================================================================

= Test = round: 10 / acc: 64.850% / loss: 1.0650 / Time: 0.51s
======================================================================================================

round 10 local learning rate = 0.0005

>>> Round:   11 / Acc: 64.424% / Loss: 1.0880 / Grad Norm: 5.1778 / Grad Diff: 1612.2265 / Time: 6.41s
======================================================================================================

round 11 local learning rate = 0.00045454545454545455

>>> Round:   12 / Acc: 65.627% / Loss: 1.0537 / Grad Norm: 5.0014 / Grad Diff: 1621.5426 / Time: 6.42s
======================================================================================================

round 12 local learning rate = 0.0004166666666666667

>>> Round:   13 / Acc: 66.603% / Loss: 1.0233 / Grad Norm: 4.9181 / Grad Diff: 1628.9100 / Time: 6.31s
======================================================================================================

round 13 local learning rate = 0.0003846153846153846

>>> Round:   14 / Acc: 67.637% / Loss: 0.9958 / Grad Norm: 4.7891 / Grad Diff: 1630.5406 / Time: 6.44s
======================================================================================================

round 14 local learning rate = 0.00035714285714285714

>>> Round:   15 / Acc: 68.400% / Loss: 0.9710 / Grad Norm: 4.6465 / Grad Diff: 1630.0151 / Time: 6.60s
======================================================================================================

= Test = round: 15 / acc: 69.990% / loss: 0.9090 / Time: 0.52s
======================================================================================================

round 15 local learning rate = 0.0003333333333333333

>>> Round:   16 / Acc: 69.125% / Loss: 0.9487 / Grad Norm: 4.5423 / Grad Diff: 1626.4819 / Time: 6.35s
======================================================================================================

round 16 local learning rate = 0.0003125

>>> Round:   17 / Acc: 69.825% / Loss: 0.9289 / Grad Norm: 4.5003 / Grad Diff: 1624.2269 / Time: 6.43s
======================================================================================================

round 17 local learning rate = 0.00029411764705882356

>>> Round:   18 / Acc: 70.445% / Loss: 0.9104 / Grad Norm: 4.4690 / Grad Diff: 1622.1370 / Time: 6.54s
======================================================================================================

round 18 local learning rate = 0.0002777777777777778

>>> Round:   19 / Acc: 70.974% / Loss: 0.8936 / Grad Norm: 4.4269 / Grad Diff: 1619.2018 / Time: 6.45s
======================================================================================================

round 19 local learning rate = 0.0002631578947368421

>>> Round:   20 / Acc: 71.566% / Loss: 0.8782 / Grad Norm: 4.4345 / Grad Diff: 1614.1560 / Time: 6.47s
======================================================================================================

= Test = round: 20 / acc: 73.420% / loss: 0.8170 / Time: 0.54s
======================================================================================================

round 20 local learning rate = 0.00025

>>> Round:   21 / Acc: 72.068% / Loss: 0.8636 / Grad Norm: 4.3427 / Grad Diff: 1607.0038 / Time: 6.46s
======================================================================================================

round 21 local learning rate = 0.0002380952380952381

>>> Round:   22 / Acc: 72.548% / Loss: 0.8498 / Grad Norm: 4.2291 / Grad Diff: 1598.8562 / Time: 5.76s
======================================================================================================

round 22 local learning rate = 0.00022727272727272727

>>> Round:   23 / Acc: 72.967% / Loss: 0.8373 / Grad Norm: 4.1670 / Grad Diff: 1593.0717 / Time: 6.03s
======================================================================================================

round 23 local learning rate = 0.0002173913043478261

>>> Round:   24 / Acc: 73.410% / Loss: 0.8253 / Grad Norm: 4.1072 / Grad Diff: 1586.0740 / Time: 6.38s
======================================================================================================

round 24 local learning rate = 0.00020833333333333335

>>> Round:   25 / Acc: 73.755% / Loss: 0.8140 / Grad Norm: 4.0363 / Grad Diff: 1577.8658 / Time: 6.40s
======================================================================================================

= Test = round: 25 / acc: 75.650% / loss: 0.7541 / Time: 0.53s
======================================================================================================

round 25 local learning rate = 0.0002

>>> Round:   26 / Acc: 74.085% / Loss: 0.8035 / Grad Norm: 3.9680 / Grad Diff: 1570.5779 / Time: 6.48s
======================================================================================================

round 26 local learning rate = 0.0001923076923076923

>>> Round:   27 / Acc: 74.426% / Loss: 0.7935 / Grad Norm: 3.8679 / Grad Diff: 1561.5493 / Time: 6.52s
======================================================================================================

round 27 local learning rate = 0.00018518518518518518

>>> Round:   28 / Acc: 74.681% / Loss: 0.7846 / Grad Norm: 3.9724 / Grad Diff: 1558.8527 / Time: 6.48s
======================================================================================================

round 28 local learning rate = 0.00017857142857142857

>>> Round:   29 / Acc: 75.028% / Loss: 0.7754 / Grad Norm: 3.8456 / Grad Diff: 1548.9180 / Time: 6.79s
======================================================================================================

round 29 local learning rate = 0.0001724137931034483

>>> Round:   30 / Acc: 75.280% / Loss: 0.7670 / Grad Norm: 3.8274 / Grad Diff: 1542.1917 / Time: 7.27s
======================================================================================================

= Test = round: 30 / acc: 77.170% / loss: 0.7080 / Time: 0.55s
======================================================================================================

round 30 local learning rate = 0.00016666666666666666

>>> Round:   31 / Acc: 75.561% / Loss: 0.7590 / Grad Norm: 3.7687 / Grad Diff: 1533.5843 / Time: 6.39s
======================================================================================================

round 31 local learning rate = 0.00016129032258064516

>>> Round:   32 / Acc: 75.773% / Loss: 0.7514 / Grad Norm: 3.7340 / Grad Diff: 1526.1272 / Time: 6.36s
======================================================================================================

round 32 local learning rate = 0.00015625

>>> Round:   33 / Acc: 76.059% / Loss: 0.7439 / Grad Norm: 3.6816 / Grad Diff: 1518.3551 / Time: 6.40s
======================================================================================================

round 33 local learning rate = 0.00015151515151515152

>>> Round:   34 / Acc: 76.282% / Loss: 0.7367 / Grad Norm: 3.5806 / Grad Diff: 1508.7585 / Time: 6.45s
======================================================================================================

round 34 local learning rate = 0.00014705882352941178

>>> Round:   35 / Acc: 76.520% / Loss: 0.7303 / Grad Norm: 3.6124 / Grad Diff: 1502.9086 / Time: 6.52s
======================================================================================================

= Test = round: 35 / acc: 78.440% / loss: 0.6724 / Time: 0.53s
======================================================================================================

round 35 local learning rate = 0.00014285714285714287

>>> Round:   36 / Acc: 76.699% / Loss: 0.7239 / Grad Norm: 3.5742 / Grad Diff: 1496.1726 / Time: 6.44s
======================================================================================================

round 36 local learning rate = 0.0001388888888888889

>>> Round:   37 / Acc: 76.921% / Loss: 0.7177 / Grad Norm: 3.5131 / Grad Diff: 1487.8213 / Time: 6.22s
======================================================================================================

round 37 local learning rate = 0.00013513513513513514

>>> Round:   38 / Acc: 77.098% / Loss: 0.7122 / Grad Norm: 3.6101 / Grad Diff: 1485.0265 / Time: 6.37s
======================================================================================================

round 38 local learning rate = 0.00013157894736842105

>>> Round:   39 / Acc: 77.282% / Loss: 0.7066 / Grad Norm: 3.6207 / Grad Diff: 1479.4340 / Time: 6.92s
======================================================================================================

round 39 local learning rate = 0.0001282051282051282

>>> Round:   40 / Acc: 77.428% / Loss: 0.7012 / Grad Norm: 3.6178 / Grad Diff: 1473.4932 / Time: 6.35s
======================================================================================================

= Test = round: 40 / acc: 79.340% / loss: 0.6445 / Time: 0.52s
======================================================================================================

round 40 local learning rate = 0.000125

>>> Round:   41 / Acc: 77.648% / Loss: 0.6959 / Grad Norm: 3.5762 / Grad Diff: 1466.6387 / Time: 5.78s
======================================================================================================

round 41 local learning rate = 0.00012195121951219512

>>> Round:   42 / Acc: 77.795% / Loss: 0.6907 / Grad Norm: 3.4803 / Grad Diff: 1457.7428 / Time: 6.21s
======================================================================================================

round 42 local learning rate = 0.00011904761904761905

>>> Round:   43 / Acc: 77.965% / Loss: 0.6857 / Grad Norm: 3.4085 / Grad Diff: 1450.3363 / Time: 6.48s
======================================================================================================

round 43 local learning rate = 0.00011627906976744187

>>> Round:   44 / Acc: 78.111% / Loss: 0.6813 / Grad Norm: 3.4888 / Grad Diff: 1446.2516 / Time: 6.49s
======================================================================================================

round 44 local learning rate = 0.00011363636363636364

>>> Round:   45 / Acc: 78.292% / Loss: 0.6768 / Grad Norm: 3.4800 / Grad Diff: 1440.5026 / Time: 6.46s
======================================================================================================

= Test = round: 45 / acc: 80.020% / loss: 0.6213 / Time: 0.52s
======================================================================================================

round 45 local learning rate = 0.00011111111111111112

>>> Round:   46 / Acc: 78.426% / Loss: 0.6721 / Grad Norm: 3.3423 / Grad Diff: 1431.7795 / Time: 6.34s
======================================================================================================

round 46 local learning rate = 0.00010869565217391305

>>> Round:   47 / Acc: 78.570% / Loss: 0.6678 / Grad Norm: 3.3492 / Grad Diff: 1426.2550 / Time: 6.87s
======================================================================================================

round 47 local learning rate = 0.00010638297872340425

>>> Round:   48 / Acc: 78.694% / Loss: 0.6635 / Grad Norm: 3.2657 / Grad Diff: 1418.3207 / Time: 6.41s
======================================================================================================

round 48 local learning rate = 0.00010416666666666667

>>> Round:   49 / Acc: 78.810% / Loss: 0.6595 / Grad Norm: 3.2132 / Grad Diff: 1411.2564 / Time: 6.61s
======================================================================================================

round 49 local learning rate = 0.00010204081632653062

>>> Round:   50 / Acc: 78.948% / Loss: 0.6556 / Grad Norm: 3.1980 / Grad Diff: 1404.8115 / Time: 6.44s
======================================================================================================

= Test = round: 50 / acc: 80.630% / loss: 0.6012 / Time: 0.56s
======================================================================================================

round 50 local learning rate = 0.0001

>>> Round:   51 / Acc: 79.074% / Loss: 0.6519 / Grad Norm: 3.1924 / Grad Diff: 1399.6465 / Time: 6.47s
======================================================================================================

round 51 local learning rate = 9.80392156862745e-05

>>> Round:   52 / Acc: 79.192% / Loss: 0.6484 / Grad Norm: 3.2386 / Grad Diff: 1395.5240 / Time: 7.48s
======================================================================================================

round 52 local learning rate = 9.615384615384615e-05

>>> Round:   53 / Acc: 79.268% / Loss: 0.6448 / Grad Norm: 3.2037 / Grad Diff: 1389.5932 / Time: 6.43s
======================================================================================================

round 53 local learning rate = 9.433962264150943e-05

>>> Round:   54 / Acc: 79.386% / Loss: 0.6413 / Grad Norm: 3.1924 / Grad Diff: 1383.3238 / Time: 6.56s
======================================================================================================

round 54 local learning rate = 9.259259259259259e-05

>>> Round:   55 / Acc: 79.487% / Loss: 0.6377 / Grad Norm: 3.0495 / Grad Diff: 1374.5525 / Time: 6.87s
======================================================================================================

= Test = round: 55 / acc: 81.200% / loss: 0.5842 / Time: 0.56s
======================================================================================================

round 55 local learning rate = 9.090909090909092e-05

>>> Round:   56 / Acc: 79.609% / Loss: 0.6344 / Grad Norm: 3.0113 / Grad Diff: 1368.3067 / Time: 6.48s
======================================================================================================

round 56 local learning rate = 8.928571428571429e-05

>>> Round:   57 / Acc: 79.723% / Loss: 0.6312 / Grad Norm: 3.0180 / Grad Diff: 1362.9687 / Time: 6.47s
======================================================================================================

round 57 local learning rate = 8.771929824561404e-05

>>> Round:   58 / Acc: 79.819% / Loss: 0.6281 / Grad Norm: 3.0280 / Grad Diff: 1358.6649 / Time: 6.41s
======================================================================================================

round 58 local learning rate = 8.620689655172414e-05

>>> Round:   59 / Acc: 79.926% / Loss: 0.6251 / Grad Norm: 3.0130 / Grad Diff: 1353.4570 / Time: 6.56s
======================================================================================================

round 59 local learning rate = 8.474576271186441e-05

>>> Round:   60 / Acc: 80.028% / Loss: 0.6220 / Grad Norm: 2.9586 / Grad Diff: 1347.2569 / Time: 6.41s
======================================================================================================

= Test = round: 60 / acc: 81.810% / loss: 0.5695 / Time: 0.51s
======================================================================================================

round 60 local learning rate = 8.333333333333333e-05

>>> Round:   61 / Acc: 80.124% / Loss: 0.6191 / Grad Norm: 2.9181 / Grad Diff: 1341.6008 / Time: 6.47s
======================================================================================================

round 61 local learning rate = 8.19672131147541e-05

>>> Round:   62 / Acc: 80.236% / Loss: 0.6164 / Grad Norm: 2.9632 / Grad Diff: 1338.4419 / Time: 6.89s
======================================================================================================

round 62 local learning rate = 8.064516129032258e-05

>>> Round:   63 / Acc: 80.334% / Loss: 0.6136 / Grad Norm: 2.9567 / Grad Diff: 1333.5056 / Time: 5.75s
======================================================================================================

round 63 local learning rate = 7.936507936507937e-05

>>> Round:   64 / Acc: 80.445% / Loss: 0.6109 / Grad Norm: 2.9428 / Grad Diff: 1328.5692 / Time: 6.40s
======================================================================================================

round 64 local learning rate = 7.8125e-05

>>> Round:   65 / Acc: 80.526% / Loss: 0.6082 / Grad Norm: 2.8859 / Grad Diff: 1323.0662 / Time: 6.07s
======================================================================================================

= Test = round: 65 / acc: 82.260% / loss: 0.5566 / Time: 0.53s
======================================================================================================

round 65 local learning rate = 7.692307692307693e-05

>>> Round:   66 / Acc: 80.611% / Loss: 0.6056 / Grad Norm: 2.8729 / Grad Diff: 1318.0534 / Time: 6.70s
======================================================================================================

round 66 local learning rate = 7.575757575757576e-05

>>> Round:   67 / Acc: 80.699% / Loss: 0.6031 / Grad Norm: 2.8257 / Grad Diff: 1312.5865 / Time: 8.01s
======================================================================================================

round 67 local learning rate = 7.462686567164179e-05

>>> Round:   68 / Acc: 80.790% / Loss: 0.6005 / Grad Norm: 2.7651 / Grad Diff: 1306.5165 / Time: 6.46s
======================================================================================================

round 68 local learning rate = 7.352941176470589e-05

>>> Round:   69 / Acc: 80.869% / Loss: 0.5981 / Grad Norm: 2.7595 / Grad Diff: 1302.3885 / Time: 6.32s
======================================================================================================

round 69 local learning rate = 7.246376811594203e-05

>>> Round:   70 / Acc: 80.930% / Loss: 0.5957 / Grad Norm: 2.7236 / Grad Diff: 1297.2777 / Time: 6.46s
======================================================================================================

= Test = round: 70 / acc: 82.640% / loss: 0.5449 / Time: 0.53s
======================================================================================================

round 70 local learning rate = 7.142857142857143e-05

>>> Round:   71 / Acc: 80.996% / Loss: 0.5934 / Grad Norm: 2.7146 / Grad Diff: 1292.9502 / Time: 7.87s
======================================================================================================

round 71 local learning rate = 7.042253521126761e-05

>>> Round:   72 / Acc: 81.066% / Loss: 0.5912 / Grad Norm: 2.7148 / Grad Diff: 1288.6988 / Time: 5.70s
======================================================================================================

round 72 local learning rate = 6.944444444444444e-05

>>> Round:   73 / Acc: 81.142% / Loss: 0.5890 / Grad Norm: 2.7081 / Grad Diff: 1284.3104 / Time: 6.39s
======================================================================================================

round 73 local learning rate = 6.84931506849315e-05

>>> Round:   74 / Acc: 81.221% / Loss: 0.5868 / Grad Norm: 2.6935 / Grad Diff: 1279.9125 / Time: 6.69s
======================================================================================================

round 74 local learning rate = 6.756756756756757e-05

>>> Round:   75 / Acc: 81.303% / Loss: 0.5847 / Grad Norm: 2.7219 / Grad Diff: 1276.3259 / Time: 6.43s
======================================================================================================

= Test = round: 75 / acc: 83.010% / loss: 0.5345 / Time: 0.54s
======================================================================================================

round 75 local learning rate = 6.666666666666667e-05

>>> Round:   76 / Acc: 81.378% / Loss: 0.5826 / Grad Norm: 2.7360 / Grad Diff: 1272.8336 / Time: 6.43s
======================================================================================================

round 76 local learning rate = 6.578947368421052e-05

>>> Round:   77 / Acc: 81.443% / Loss: 0.5805 / Grad Norm: 2.6822 / Grad Diff: 1267.5736 / Time: 6.51s
======================================================================================================

round 77 local learning rate = 6.493506493506494e-05

>>> Round:   78 / Acc: 81.494% / Loss: 0.5783 / Grad Norm: 2.5777 / Grad Diff: 1260.7204 / Time: 6.38s
======================================================================================================

round 78 local learning rate = 6.41025641025641e-05

>>> Round:   79 / Acc: 81.542% / Loss: 0.5764 / Grad Norm: 2.6158 / Grad Diff: 1257.7916 / Time: 6.34s
======================================================================================================

round 79 local learning rate = 6.329113924050633e-05

>>> Round:   80 / Acc: 81.635% / Loss: 0.5744 / Grad Norm: 2.5682 / Grad Diff: 1252.9633 / Time: 7.34s
======================================================================================================

= Test = round: 80 / acc: 83.310% / loss: 0.5249 / Time: 0.53s
======================================================================================================

round 80 local learning rate = 6.25e-05

>>> Round:   81 / Acc: 81.696% / Loss: 0.5726 / Grad Norm: 2.5946 / Grad Diff: 1250.0438 / Time: 6.49s
======================================================================================================

round 81 local learning rate = 6.17283950617284e-05

>>> Round:   82 / Acc: 81.745% / Loss: 0.5708 / Grad Norm: 2.6302 / Grad Diff: 1247.0037 / Time: 6.29s
======================================================================================================

round 82 local learning rate = 6.097560975609756e-05

>>> Round:   83 / Acc: 81.832% / Loss: 0.5689 / Grad Norm: 2.5659 / Grad Diff: 1241.5751 / Time: 7.34s
======================================================================================================

round 83 local learning rate = 6.024096385542169e-05

>>> Round:   84 / Acc: 81.867% / Loss: 0.5671 / Grad Norm: 2.5975 / Grad Diff: 1238.6686 / Time: 6.53s
======================================================================================================

round 84 local learning rate = 5.9523809523809524e-05

>>> Round:   85 / Acc: 81.915% / Loss: 0.5654 / Grad Norm: 2.6090 / Grad Diff: 1235.4949 / Time: 6.47s
======================================================================================================

= Test = round: 85 / acc: 83.600% / loss: 0.5165 / Time: 0.54s
======================================================================================================

round 85 local learning rate = 5.882352941176471e-05

>>> Round:   86 / Acc: 81.978% / Loss: 0.5637 / Grad Norm: 2.6085 / Grad Diff: 1232.1367 / Time: 6.47s
======================================================================================================

round 86 local learning rate = 5.8139534883720933e-05

>>> Round:   87 / Acc: 82.039% / Loss: 0.5620 / Grad Norm: 2.5605 / Grad Diff: 1227.4743 / Time: 6.52s
======================================================================================================

round 87 local learning rate = 5.747126436781609e-05

>>> Round:   88 / Acc: 82.085% / Loss: 0.5603 / Grad Norm: 2.5937 / Grad Diff: 1224.3650 / Time: 6.54s
======================================================================================================

round 88 local learning rate = 5.681818181818182e-05

>>> Round:   89 / Acc: 82.122% / Loss: 0.5587 / Grad Norm: 2.6238 / Grad Diff: 1221.7518 / Time: 6.63s
======================================================================================================

round 89 local learning rate = 5.617977528089888e-05

>>> Round:   90 / Acc: 82.177% / Loss: 0.5571 / Grad Norm: 2.5921 / Grad Diff: 1217.4508 / Time: 6.44s
======================================================================================================

= Test = round: 90 / acc: 83.750% / loss: 0.5088 / Time: 0.58s
======================================================================================================

round 90 local learning rate = 5.555555555555556e-05

>>> Round:   91 / Acc: 82.223% / Loss: 0.5554 / Grad Norm: 2.5446 / Grad Diff: 1212.6849 / Time: 6.12s
======================================================================================================

round 91 local learning rate = 5.4945054945054945e-05

>>> Round:   92 / Acc: 82.266% / Loss: 0.5538 / Grad Norm: 2.4955 / Grad Diff: 1208.0075 / Time: 6.57s
======================================================================================================

round 92 local learning rate = 5.4347826086956524e-05

>>> Round:   93 / Acc: 82.299% / Loss: 0.5523 / Grad Norm: 2.5327 / Grad Diff: 1205.5221 / Time: 6.72s
======================================================================================================

round 93 local learning rate = 5.3763440860215054e-05

>>> Round:   94 / Acc: 82.376% / Loss: 0.5507 / Grad Norm: 2.4570 / Grad Diff: 1200.3905 / Time: 6.35s
======================================================================================================

round 94 local learning rate = 5.319148936170213e-05

>>> Round:   95 / Acc: 82.435% / Loss: 0.5491 / Grad Norm: 2.4145 / Grad Diff: 1196.0413 / Time: 6.73s
======================================================================================================

= Test = round: 95 / acc: 83.950% / loss: 0.5014 / Time: 0.53s
======================================================================================================

round 95 local learning rate = 5.2631578947368424e-05

>>> Round:   96 / Acc: 82.474% / Loss: 0.5477 / Grad Norm: 2.4453 / Grad Diff: 1193.7329 / Time: 6.45s
======================================================================================================

round 96 local learning rate = 5.208333333333334e-05

>>> Round:   97 / Acc: 82.518% / Loss: 0.5462 / Grad Norm: 2.3928 / Grad Diff: 1189.5746 / Time: 6.68s
======================================================================================================

round 97 local learning rate = 5.154639175257732e-05

>>> Round:   98 / Acc: 82.563% / Loss: 0.5448 / Grad Norm: 2.3982 / Grad Diff: 1186.8390 / Time: 6.21s
======================================================================================================

round 98 local learning rate = 5.102040816326531e-05

>>> Round:   99 / Acc: 82.609% / Loss: 0.5434 / Grad Norm: 2.4012 / Grad Diff: 1183.7499 / Time: 6.69s
======================================================================================================

round 99 local learning rate = 5.0505050505050505e-05

>>> Round:  100 / Acc: 82.642% / Loss: 0.5421 / Grad Norm: 2.3959 / Grad Diff: 1180.4539 / Time: 6.69s
======================================================================================================

= Test = round: 100 / acc: 84.250% / loss: 0.4948 / Time: 0.52s
======================================================================================================

round 100 local learning rate = 5e-05

>>> Round:  101 / Acc: 82.696% / Loss: 0.5406 / Grad Norm: 2.3428 / Grad Diff: 1176.1816 / Time: 6.94s
======================================================================================================

round 101 local learning rate = 4.950495049504951e-05

>>> Round:  102 / Acc: 82.734% / Loss: 0.5394 / Grad Norm: 2.3698 / Grad Diff: 1173.8726 / Time: 6.75s
======================================================================================================

round 102 local learning rate = 4.901960784313725e-05

>>> Round:  103 / Acc: 82.775% / Loss: 0.5380 / Grad Norm: 2.3330 / Grad Diff: 1169.9638 / Time: 6.41s
======================================================================================================

round 103 local learning rate = 4.854368932038835e-05

>>> Round:  104 / Acc: 82.823% / Loss: 0.5366 / Grad Norm: 2.3128 / Grad Diff: 1166.3885 / Time: 6.32s
======================================================================================================

round 104 local learning rate = 4.807692307692308e-05

>>> Round:  105 / Acc: 82.849% / Loss: 0.5354 / Grad Norm: 2.3224 / Grad Diff: 1163.8001 / Time: 6.45s
======================================================================================================

= Test = round: 105 / acc: 84.510% / loss: 0.4886 / Time: 0.53s
======================================================================================================

round 105 local learning rate = 4.761904761904762e-05

>>> Round:  106 / Acc: 82.893% / Loss: 0.5342 / Grad Norm: 2.3482 / Grad Diff: 1161.8002 / Time: 6.48s
======================================================================================================

round 106 local learning rate = 4.7169811320754715e-05

>>> Round:  107 / Acc: 82.926% / Loss: 0.5329 / Grad Norm: 2.3168 / Grad Diff: 1158.0590 / Time: 6.38s
======================================================================================================

round 107 local learning rate = 4.672897196261682e-05

>>> Round:  108 / Acc: 82.982% / Loss: 0.5316 / Grad Norm: 2.2997 / Grad Diff: 1154.8453 / Time: 6.31s
======================================================================================================

round 108 local learning rate = 4.6296296296296294e-05

>>> Round:  109 / Acc: 83.018% / Loss: 0.5304 / Grad Norm: 2.3246 / Grad Diff: 1152.7027 / Time: 6.52s
======================================================================================================

round 109 local learning rate = 4.587155963302752e-05

>>> Round:  110 / Acc: 83.072% / Loss: 0.5291 / Grad Norm: 2.2685 / Grad Diff: 1148.4241 / Time: 6.41s
======================================================================================================

= Test = round: 110 / acc: 84.670% / loss: 0.4828 / Time: 0.54s
======================================================================================================

round 110 local learning rate = 4.545454545454546e-05

>>> Round:  111 / Acc: 83.127% / Loss: 0.5279 / Grad Norm: 2.2224 / Grad Diff: 1144.4929 / Time: 6.37s
======================================================================================================

round 111 local learning rate = 4.5045045045045046e-05

>>> Round:  112 / Acc: 83.159% / Loss: 0.5268 / Grad Norm: 2.2530 / Grad Diff: 1142.6362 / Time: 6.48s
======================================================================================================

round 112 local learning rate = 4.464285714285714e-05

>>> Round:  113 / Acc: 83.175% / Loss: 0.5256 / Grad Norm: 2.2491 / Grad Diff: 1139.9639 / Time: 6.40s
======================================================================================================

round 113 local learning rate = 4.424778761061947e-05

>>> Round:  114 / Acc: 83.229% / Loss: 0.5245 / Grad Norm: 2.2200 / Grad Diff: 1136.5544 / Time: 6.42s
======================================================================================================

round 114 local learning rate = 4.385964912280702e-05

>>> Round:  115 / Acc: 83.292% / Loss: 0.5233 / Grad Norm: 2.1554 / Grad Diff: 1132.2272 / Time: 6.42s
======================================================================================================

= Test = round: 115 / acc: 84.820% / loss: 0.4773 / Time: 0.52s
======================================================================================================

round 115 local learning rate = 4.347826086956522e-05

>>> Round:  116 / Acc: 83.325% / Loss: 0.5222 / Grad Norm: 2.1921 / Grad Diff: 1130.6418 / Time: 6.52s
======================================================================================================

round 116 local learning rate = 4.310344827586207e-05

>>> Round:  117 / Acc: 83.375% / Loss: 0.5211 / Grad Norm: 2.1994 / Grad Diff: 1128.2907 / Time: 6.45s
======================================================================================================

round 117 local learning rate = 4.2735042735042735e-05

>>> Round:  118 / Acc: 83.393% / Loss: 0.5201 / Grad Norm: 2.1986 / Grad Diff: 1125.6516 / Time: 6.27s
======================================================================================================

round 118 local learning rate = 4.2372881355932206e-05

>>> Round:  119 / Acc: 83.428% / Loss: 0.5190 / Grad Norm: 2.1842 / Grad Diff: 1122.7943 / Time: 5.91s
======================================================================================================

round 119 local learning rate = 4.201680672268908e-05

>>> Round:  120 / Acc: 83.459% / Loss: 0.5179 / Grad Norm: 2.1368 / Grad Diff: 1119.0999 / Time: 5.68s
======================================================================================================

= Test = round: 120 / acc: 84.980% / loss: 0.4723 / Time: 0.53s
======================================================================================================

round 120 local learning rate = 4.1666666666666665e-05

>>> Round:  121 / Acc: 83.482% / Loss: 0.5169 / Grad Norm: 2.1783 / Grad Diff: 1117.8070 / Time: 6.41s
======================================================================================================

round 121 local learning rate = 4.132231404958678e-05

>>> Round:  122 / Acc: 83.515% / Loss: 0.5159 / Grad Norm: 2.1894 / Grad Diff: 1116.0220 / Time: 6.41s
======================================================================================================

round 122 local learning rate = 4.098360655737705e-05

>>> Round:  123 / Acc: 83.531% / Loss: 0.5148 / Grad Norm: 2.1570 / Grad Diff: 1112.7072 / Time: 6.62s
======================================================================================================

round 123 local learning rate = 4.065040650406504e-05

>>> Round:  124 / Acc: 83.557% / Loss: 0.5138 / Grad Norm: 2.1517 / Grad Diff: 1110.0689 / Time: 7.45s
======================================================================================================

round 124 local learning rate = 4.032258064516129e-05

>>> Round:  125 / Acc: 83.605% / Loss: 0.5127 / Grad Norm: 2.0911 / Grad Diff: 1106.1100 / Time: 6.56s
======================================================================================================

= Test = round: 125 / acc: 85.100% / loss: 0.4675 / Time: 0.54s
======================================================================================================

round 125 local learning rate = 4e-05

>>> Round:  126 / Acc: 83.631% / Loss: 0.5118 / Grad Norm: 2.0900 / Grad Diff: 1104.0183 / Time: 6.43s
======================================================================================================

round 126 local learning rate = 3.968253968253968e-05

>>> Round:  127 / Acc: 83.675% / Loss: 0.5109 / Grad Norm: 2.1366 / Grad Diff: 1102.9443 / Time: 6.39s
======================================================================================================

round 127 local learning rate = 3.937007874015748e-05

>>> Round:  128 / Acc: 83.697% / Loss: 0.5099 / Grad Norm: 2.1232 / Grad Diff: 1100.3382 / Time: 6.43s
======================================================================================================

round 128 local learning rate = 3.90625e-05

>>> Round:  129 / Acc: 83.731% / Loss: 0.5089 / Grad Norm: 2.0766 / Grad Diff: 1096.7943 / Time: 6.52s
======================================================================================================

round 129 local learning rate = 3.875968992248062e-05

>>> Round:  130 / Acc: 83.758% / Loss: 0.5080 / Grad Norm: 2.0886 / Grad Diff: 1094.9322 / Time: 6.41s
======================================================================================================

= Test = round: 130 / acc: 85.280% / loss: 0.4631 / Time: 0.53s
======================================================================================================

round 130 local learning rate = 3.846153846153846e-05

>>> Round:  131 / Acc: 83.788% / Loss: 0.5070 / Grad Norm: 2.0689 / Grad Diff: 1092.0813 / Time: 6.46s
======================================================================================================

round 131 local learning rate = 3.816793893129771e-05

>>> Round:  132 / Acc: 83.801% / Loss: 0.5062 / Grad Norm: 2.1050 / Grad Diff: 1090.8070 / Time: 6.51s
======================================================================================================

round 132 local learning rate = 3.787878787878788e-05

>>> Round:  133 / Acc: 83.832% / Loss: 0.5052 / Grad Norm: 2.0412 / Grad Diff: 1087.2224 / Time: 6.41s
======================================================================================================

round 133 local learning rate = 3.759398496240601e-05

>>> Round:  134 / Acc: 83.882% / Loss: 0.5043 / Grad Norm: 2.0128 / Grad Diff: 1084.2043 / Time: 6.85s
======================================================================================================

round 134 local learning rate = 3.7313432835820896e-05

>>> Round:  135 / Acc: 83.910% / Loss: 0.5034 / Grad Norm: 2.0249 / Grad Diff: 1082.3695 / Time: 6.50s
======================================================================================================

= Test = round: 135 / acc: 85.390% / loss: 0.4587 / Time: 0.53s
======================================================================================================

round 135 local learning rate = 3.7037037037037037e-05

>>> Round:  136 / Acc: 83.946% / Loss: 0.5025 / Grad Norm: 2.0271 / Grad Diff: 1080.1301 / Time: 6.44s
======================================================================================================

round 136 local learning rate = 3.6764705882352945e-05

>>> Round:  137 / Acc: 83.970% / Loss: 0.5016 / Grad Norm: 2.0126 / Grad Diff: 1077.4926 / Time: 7.04s
======================================================================================================

round 137 local learning rate = 3.649635036496351e-05

>>> Round:  138 / Acc: 83.998% / Loss: 0.5008 / Grad Norm: 2.0081 / Grad Diff: 1075.1129 / Time: 6.85s
======================================================================================================

round 138 local learning rate = 3.6231884057971014e-05

>>> Round:  139 / Acc: 84.039% / Loss: 0.5000 / Grad Norm: 2.0256 / Grad Diff: 1073.3910 / Time: 6.40s
======================================================================================================

round 139 local learning rate = 3.597122302158273e-05

>>> Round:  140 / Acc: 84.055% / Loss: 0.4990 / Grad Norm: 1.9592 / Grad Diff: 1069.5508 / Time: 6.50s
======================================================================================================

= Test = round: 140 / acc: 85.570% / loss: 0.4547 / Time: 0.53s
======================================================================================================

round 140 local learning rate = 3.571428571428572e-05

>>> Round:  141 / Acc: 84.083% / Loss: 0.4983 / Grad Norm: 1.9938 / Grad Diff: 1068.4831 / Time: 6.58s
======================================================================================================

round 141 local learning rate = 3.546099290780142e-05

>>> Round:  142 / Acc: 84.096% / Loss: 0.4974 / Grad Norm: 2.0061 / Grad Diff: 1066.8009 / Time: 6.53s
======================================================================================================

round 142 local learning rate = 3.5211267605633805e-05

>>> Round:  143 / Acc: 84.131% / Loss: 0.4966 / Grad Norm: 1.9738 / Grad Diff: 1063.9280 / Time: 6.51s
======================================================================================================

round 143 local learning rate = 3.4965034965034965e-05

>>> Round:  144 / Acc: 84.149% / Loss: 0.4958 / Grad Norm: 1.9795 / Grad Diff: 1062.1226 / Time: 6.62s
======================================================================================================

round 144 local learning rate = 3.472222222222222e-05

>>> Round:  145 / Acc: 84.172% / Loss: 0.4950 / Grad Norm: 1.9913 / Grad Diff: 1060.2415 / Time: 6.53s
======================================================================================================

= Test = round: 145 / acc: 85.630% / loss: 0.4510 / Time: 0.52s
======================================================================================================

round 145 local learning rate = 3.4482758620689657e-05

>>> Round:  146 / Acc: 84.227% / Loss: 0.4942 / Grad Norm: 1.9856 / Grad Diff: 1058.2104 / Time: 6.48s
======================================================================================================

round 146 local learning rate = 3.424657534246575e-05

>>> Round:  147 / Acc: 84.251% / Loss: 0.4935 / Grad Norm: 1.9962 / Grad Diff: 1056.5721 / Time: 6.40s
======================================================================================================

round 147 local learning rate = 3.401360544217687e-05

>>> Round:  148 / Acc: 84.269% / Loss: 0.4927 / Grad Norm: 2.0025 / Grad Diff: 1054.8107 / Time: 6.41s
======================================================================================================

round 148 local learning rate = 3.3783783783783784e-05

>>> Round:  149 / Acc: 84.295% / Loss: 0.4919 / Grad Norm: 1.9652 / Grad Diff: 1052.1676 / Time: 6.38s
======================================================================================================

round 149 local learning rate = 3.3557046979865775e-05

>>> Round:  150 / Acc: 84.319% / Loss: 0.4911 / Grad Norm: 1.9502 / Grad Diff: 1049.8550 / Time: 7.14s
======================================================================================================

= Test = round: 150 / acc: 85.720% / loss: 0.4473 / Time: 0.56s
======================================================================================================

round 150 local learning rate = 3.3333333333333335e-05

>>> Round:  151 / Acc: 84.336% / Loss: 0.4904 / Grad Norm: 1.9675 / Grad Diff: 1048.5669 / Time: 6.65s
======================================================================================================

round 151 local learning rate = 3.3112582781456954e-05

>>> Round:  152 / Acc: 84.362% / Loss: 0.4897 / Grad Norm: 2.0063 / Grad Diff: 1047.6827 / Time: 6.37s
======================================================================================================

round 152 local learning rate = 3.289473684210526e-05

>>> Round:  153 / Acc: 84.400% / Loss: 0.4889 / Grad Norm: 1.9345 / Grad Diff: 1043.9931 / Time: 6.59s
======================================================================================================

round 153 local learning rate = 3.2679738562091506e-05

>>> Round:  154 / Acc: 84.435% / Loss: 0.4881 / Grad Norm: 1.8972 / Grad Diff: 1041.2453 / Time: 6.32s
======================================================================================================

round 154 local learning rate = 3.246753246753247e-05

>>> Round:  155 / Acc: 84.456% / Loss: 0.4874 / Grad Norm: 1.8930 / Grad Diff: 1039.3343 / Time: 6.95s
======================================================================================================

= Test = round: 155 / acc: 85.820% / loss: 0.4438 / Time: 0.54s
======================================================================================================

round 155 local learning rate = 3.2258064516129034e-05

>>> Round:  156 / Acc: 84.467% / Loss: 0.4867 / Grad Norm: 1.8985 / Grad Diff: 1037.5501 / Time: 6.75s
======================================================================================================

round 156 local learning rate = 3.205128205128205e-05

>>> Round:  157 / Acc: 84.504% / Loss: 0.4860 / Grad Norm: 1.8867 / Grad Diff: 1035.4949 / Time: 8.22s
======================================================================================================

round 157 local learning rate = 3.184713375796179e-05

>>> Round:  158 / Acc: 84.522% / Loss: 0.4852 / Grad Norm: 1.8662 / Grad Diff: 1033.2013 / Time: 6.42s
======================================================================================================

round 158 local learning rate = 3.1645569620253167e-05

>>> Round:  159 / Acc: 84.542% / Loss: 0.4846 / Grad Norm: 1.8892 / Grad Diff: 1031.9693 / Time: 6.25s
======================================================================================================

round 159 local learning rate = 3.144654088050314e-05

>>> Round:  160 / Acc: 84.557% / Loss: 0.4839 / Grad Norm: 1.8581 / Grad Diff: 1029.4289 / Time: 6.41s
======================================================================================================

= Test = round: 160 / acc: 85.920% / loss: 0.4405 / Time: 0.54s
======================================================================================================

round 160 local learning rate = 3.125e-05

>>> Round:  161 / Acc: 84.572% / Loss: 0.4832 / Grad Norm: 1.8804 / Grad Diff: 1028.3486 / Time: 6.41s
======================================================================================================

round 161 local learning rate = 3.1055900621118014e-05

>>> Round:  162 / Acc: 84.607% / Loss: 0.4825 / Grad Norm: 1.8833 / Grad Diff: 1026.6413 / Time: 6.35s
======================================================================================================

round 162 local learning rate = 3.08641975308642e-05

>>> Round:  163 / Acc: 84.640% / Loss: 0.4818 / Grad Norm: 1.8533 / Grad Diff: 1024.1390 / Time: 6.41s
======================================================================================================

round 163 local learning rate = 3.067484662576687e-05

>>> Round:  164 / Acc: 84.655% / Loss: 0.4812 / Grad Norm: 1.8640 / Grad Diff: 1022.7658 / Time: 6.49s
======================================================================================================

round 164 local learning rate = 3.048780487804878e-05

>>> Round:  165 / Acc: 84.697% / Loss: 0.4805 / Grad Norm: 1.8351 / Grad Diff: 1020.1628 / Time: 6.57s
======================================================================================================

= Test = round: 165 / acc: 85.990% / loss: 0.4373 / Time: 0.54s
======================================================================================================

round 165 local learning rate = 3.0303030303030302e-05

>>> Round:  166 / Acc: 84.721% / Loss: 0.4798 / Grad Norm: 1.8468 / Grad Diff: 1018.8006 / Time: 6.50s
======================================================================================================

round 166 local learning rate = 3.0120481927710845e-05

>>> Round:  167 / Acc: 84.744% / Loss: 0.4792 / Grad Norm: 1.8625 / Grad Diff: 1017.5755 / Time: 6.41s
======================================================================================================

round 167 local learning rate = 2.994011976047904e-05

>>> Round:  168 / Acc: 84.768% / Loss: 0.4785 / Grad Norm: 1.8131 / Grad Diff: 1014.5589 / Time: 5.97s
======================================================================================================

round 168 local learning rate = 2.9761904761904762e-05

>>> Round:  169 / Acc: 84.766% / Loss: 0.4779 / Grad Norm: 1.8582 / Grad Diff: 1014.1454 / Time: 6.64s
======================================================================================================

round 169 local learning rate = 2.9585798816568047e-05

>>> Round:  170 / Acc: 84.797% / Loss: 0.4773 / Grad Norm: 1.8121 / Grad Diff: 1011.1982 / Time: 6.64s
======================================================================================================

= Test = round: 170 / acc: 86.120% / loss: 0.4343 / Time: 0.54s
======================================================================================================

round 170 local learning rate = 2.9411764705882354e-05

>>> Round:  171 / Acc: 84.828% / Loss: 0.4767 / Grad Norm: 1.8331 / Grad Diff: 1010.1893 / Time: 5.92s
======================================================================================================

round 171 local learning rate = 2.9239766081871346e-05

>>> Round:  172 / Acc: 84.849% / Loss: 0.4760 / Grad Norm: 1.8300 / Grad Diff: 1008.5046 / Time: 7.47s
======================================================================================================

round 172 local learning rate = 2.9069767441860467e-05

>>> Round:  173 / Acc: 84.876% / Loss: 0.4754 / Grad Norm: 1.8237 / Grad Diff: 1006.8683 / Time: 6.42s
======================================================================================================

round 173 local learning rate = 2.8901734104046242e-05

>>> Round:  174 / Acc: 84.902% / Loss: 0.4748 / Grad Norm: 1.8390 / Grad Diff: 1005.6678 / Time: 5.88s
======================================================================================================

round 174 local learning rate = 2.8735632183908045e-05

>>> Round:  175 / Acc: 84.915% / Loss: 0.4742 / Grad Norm: 1.8614 / Grad Diff: 1004.4964 / Time: 5.59s
======================================================================================================

= Test = round: 175 / acc: 86.170% / loss: 0.4315 / Time: 0.51s
======================================================================================================

round 175 local learning rate = 2.857142857142857e-05

>>> Round:  176 / Acc: 84.954% / Loss: 0.4736 / Grad Norm: 1.8232 / Grad Diff: 1001.9119 / Time: 6.09s
======================================================================================================

round 176 local learning rate = 2.840909090909091e-05

>>> Round:  177 / Acc: 84.970% / Loss: 0.4730 / Grad Norm: 1.8135 / Grad Diff: 1000.1640 / Time: 6.45s
======================================================================================================

round 177 local learning rate = 2.824858757062147e-05

>>> Round:  178 / Acc: 84.976% / Loss: 0.4724 / Grad Norm: 1.7849 / Grad Diff: 997.8636 / Time: 6.50s
======================================================================================================

round 178 local learning rate = 2.808988764044944e-05

>>> Round:  179 / Acc: 84.987% / Loss: 0.4718 / Grad Norm: 1.7908 / Grad Diff: 996.3809 / Time: 6.39s
======================================================================================================

round 179 local learning rate = 2.793296089385475e-05

>>> Round:  180 / Acc: 85.018% / Loss: 0.4712 / Grad Norm: 1.8045 / Grad Diff: 995.1192 / Time: 6.48s
======================================================================================================

= Test = round: 180 / acc: 86.310% / loss: 0.4287 / Time: 0.54s
======================================================================================================

round 180 local learning rate = 2.777777777777778e-05

>>> Round:  181 / Acc: 85.018% / Loss: 0.4707 / Grad Norm: 1.8044 / Grad Diff: 993.6469 / Time: 6.39s
======================================================================================================

round 181 local learning rate = 2.7624309392265193e-05

>>> Round:  182 / Acc: 85.039% / Loss: 0.4701 / Grad Norm: 1.8234 / Grad Diff: 992.5872 / Time: 7.33s
======================================================================================================

round 182 local learning rate = 2.7472527472527473e-05

>>> Round:  183 / Acc: 85.052% / Loss: 0.4695 / Grad Norm: 1.8212 / Grad Diff: 991.0560 / Time: 6.42s
======================================================================================================

round 183 local learning rate = 2.73224043715847e-05

>>> Round:  184 / Acc: 85.072% / Loss: 0.4689 / Grad Norm: 1.7669 / Grad Diff: 988.1562 / Time: 6.37s
======================================================================================================

round 184 local learning rate = 2.7173913043478262e-05

>>> Round:  185 / Acc: 85.090% / Loss: 0.4684 / Grad Norm: 1.7637 / Grad Diff: 986.4351 / Time: 6.33s
======================================================================================================

= Test = round: 185 / acc: 86.370% / loss: 0.4261 / Time: 0.69s
======================================================================================================

round 185 local learning rate = 2.7027027027027027e-05

>>> Round:  186 / Acc: 85.131% / Loss: 0.4678 / Grad Norm: 1.7724 / Grad Diff: 985.0693 / Time: 6.45s
======================================================================================================

round 186 local learning rate = 2.6881720430107527e-05

>>> Round:  187 / Acc: 85.168% / Loss: 0.4673 / Grad Norm: 1.7598 / Grad Diff: 983.1602 / Time: 6.51s
======================================================================================================

round 187 local learning rate = 2.6737967914438505e-05

>>> Round:  188 / Acc: 85.177% / Loss: 0.4667 / Grad Norm: 1.7637 / Grad Diff: 981.6766 / Time: 6.47s
======================================================================================================

round 188 local learning rate = 2.6595744680851064e-05

>>> Round:  189 / Acc: 85.207% / Loss: 0.4662 / Grad Norm: 1.7577 / Grad Diff: 980.0293 / Time: 6.47s
======================================================================================================

round 189 local learning rate = 2.6455026455026456e-05

>>> Round:  190 / Acc: 85.229% / Loss: 0.4656 / Grad Norm: 1.7648 / Grad Diff: 978.7725 / Time: 6.34s
======================================================================================================

= Test = round: 190 / acc: 86.430% / loss: 0.4235 / Time: 0.53s
======================================================================================================

round 190 local learning rate = 2.6315789473684212e-05

>>> Round:  191 / Acc: 85.244% / Loss: 0.4651 / Grad Norm: 1.7463 / Grad Diff: 976.7797 / Time: 7.84s
======================================================================================================

round 191 local learning rate = 2.6178010471204188e-05

>>> Round:  192 / Acc: 85.258% / Loss: 0.4646 / Grad Norm: 1.7606 / Grad Diff: 975.6824 / Time: 7.42s
======================================================================================================

round 192 local learning rate = 2.604166666666667e-05

>>> Round:  193 / Acc: 85.269% / Loss: 0.4641 / Grad Norm: 1.7716 / Grad Diff: 974.5719 / Time: 6.73s
======================================================================================================

round 193 local learning rate = 2.5906735751295337e-05

>>> Round:  194 / Acc: 85.277% / Loss: 0.4635 / Grad Norm: 1.7642 / Grad Diff: 972.9701 / Time: 6.49s
======================================================================================================

round 194 local learning rate = 2.577319587628866e-05

>>> Round:  195 / Acc: 85.312% / Loss: 0.4630 / Grad Norm: 1.7233 / Grad Diff: 970.6271 / Time: 6.81s
======================================================================================================

= Test = round: 195 / acc: 86.490% / loss: 0.4210 / Time: 0.54s
======================================================================================================

round 195 local learning rate = 2.5641025641025643e-05

>>> Round:  196 / Acc: 85.328% / Loss: 0.4624 / Grad Norm: 1.6923 / Grad Diff: 968.2768 / Time: 7.35s
======================================================================================================

round 196 local learning rate = 2.5510204081632654e-05

>>> Round:  197 / Acc: 85.321% / Loss: 0.4619 / Grad Norm: 1.7189 / Grad Diff: 967.6262 / Time: 6.48s
======================================================================================================

round 197 local learning rate = 2.5380710659898476e-05

>>> Round:  198 / Acc: 85.341% / Loss: 0.4614 / Grad Norm: 1.6825 / Grad Diff: 965.2572 / Time: 6.80s
======================================================================================================

round 198 local learning rate = 2.5252525252525253e-05

>>> Round:  199 / Acc: 85.338% / Loss: 0.4609 / Grad Norm: 1.7093 / Grad Diff: 964.7634 / Time: 6.47s
======================================================================================================

round 199 local learning rate = 2.5125628140703518e-05

>>> Round:  200 / Acc: 85.352% / Loss: 0.4604 / Grad Norm: 1.6960 / Grad Diff: 962.9222 / Time: 6.04s
======================================================================================================

= Test = round: 200 / acc: 86.540% / loss: 0.4187 / Time: 0.50s
======================================================================================================

