nohup: ignoring input
Using device: cuda:0
>>> Arguments:
	             algo : fedavgtl
	            alpha : 51871.0
	       batch_size : 32
	clients_per_round : 100
	          dataset : mnist_all_data_1_equal_niid
	           device : cuda:0
	              dis : 
	   early_stopping : 20
	       eval_every : 5
	    ft_batch_size : 128
	       ft_dataset : mnist-m
	        ft_epochs : 2
	            ft_lr : 0.01
	            ft_wd : 0.0
	              gpu : True
	      input_shape : (1, 28, 28)
	           last_k : 2
	               lr : 0.005
	            model : lenet
	           n_init : 5
	        noaverage : False
	          noprint : False
	        num_class : 10
	        num_epoch : 1
	        num_round : 200
	           opt_lr : False
	            reg_J : True
	       reg_J_coef : 0.001
	             seed : 0
	               wd : 0.0
>>> Read data from:
     ./data/mnist/data/all_data_1.pkl
>>> The estimate of constant alpha is 51871.0.
>>> Read data from:
     ./data/mnist/data/train/all_data_1_equal_niid.pkl
     ./data/mnist/data/test/all_data_1_equal_niid.pkl
>>> Use gpu on device cuda:0
>>> Model statistic per layer
LeNet_MNIST(
  286.12 KMac, 100.000% MACs, 
  (conv1): Conv2d(89.856 KMac, 31.405% MACs, 1, 6, kernel_size=(5, 5), stride=(1, 1))
  (conv2): Conv2d(154.624 KMac, 54.042% MACs, 6, 16, kernel_size=(5, 5), stride=(1, 1))
  (fc1): Linear(30.72 KMac, 10.737% MACs, in_features=256, out_features=120, bias=True)
  (fc2): Linear(10.08 KMac, 3.523% MACs, in_features=120, out_features=84, bias=True)
  (fc3): Linear(840.0 Mac, 0.294% MACs, in_features=84, out_features=10, bias=True)
)
>>> Activate a worker for training
>>> Initialize 100 clients in total
>>> Weigh updates by simple average
>>> Select 100 clients per round 


>>> Round:    0 / Acc: 13.044% / Loss: 7.2312 / Grad Norm: 118.4853 / Grad Diff: 18310.5806 / Time: 8.62s
======================================================================================================

= Test = round: 0 / acc: 13.780% / loss: 7.1398 / Time: 0.77s
======================================================================================================

round 0 local learning rate = 0.005

>>> Round:    1 / Acc: 15.605% / Loss: 2.4309 / Grad Norm: 5.3552 / Grad Diff: 411.0277 / Time: 8.57s
======================================================================================================

round 1 local learning rate = 0.005

>>> Round:    2 / Acc: 26.273% / Loss: 2.1295 / Grad Norm: 4.6191 / Grad Diff: 437.0409 / Time: 8.40s
======================================================================================================

round 2 local learning rate = 0.0025

>>> Round:    3 / Acc: 34.116% / Loss: 1.9211 / Grad Norm: 5.8247 / Grad Diff: 842.5625 / Time: 8.49s
======================================================================================================

round 3 local learning rate = 0.0016666666666666668

>>> Round:    4 / Acc: 40.482% / Loss: 1.7453 / Grad Norm: 6.5620 / Grad Diff: 1222.0661 / Time: 8.66s
======================================================================================================

round 4 local learning rate = 0.00125

>>> Round:    5 / Acc: 46.074% / Loss: 1.5997 / Grad Norm: 6.7001 / Grad Diff: 1504.6959 / Time: 8.17s
======================================================================================================

= Test = round: 5 / acc: 47.690% / loss: 1.5590 / Time: 0.71s
======================================================================================================

round 5 local learning rate = 0.001

>>> Round:    6 / Acc: 50.456% / Loss: 1.4864 / Grad Norm: 6.7540 / Grad Diff: 1707.8136 / Time: 8.43s
======================================================================================================

round 6 local learning rate = 0.0008333333333333334

>>> Round:    7 / Acc: 53.880% / Loss: 1.3934 / Grad Norm: 6.5913 / Grad Diff: 1871.4498 / Time: 8.35s
======================================================================================================

round 7 local learning rate = 0.0007142857142857143

>>> Round:    8 / Acc: 56.707% / Loss: 1.3168 / Grad Norm: 6.4514 / Grad Diff: 1978.3333 / Time: 8.40s
======================================================================================================

round 8 local learning rate = 0.000625

>>> Round:    9 / Acc: 59.052% / Loss: 1.2539 / Grad Norm: 6.3614 / Grad Diff: 2066.7855 / Time: 8.67s
======================================================================================================

round 9 local learning rate = 0.0005555555555555556

>>> Round:   10 / Acc: 60.902% / Loss: 1.2010 / Grad Norm: 6.4081 / Grad Diff: 2134.1185 / Time: 8.39s
======================================================================================================

= Test = round: 10 / acc: 62.930% / loss: 1.1527 / Time: 0.70s
======================================================================================================

round 10 local learning rate = 0.0005

>>> Round:   11 / Acc: 62.572% / Loss: 1.1524 / Grad Norm: 6.0983 / Grad Diff: 2183.0554 / Time: 8.18s
======================================================================================================

round 11 local learning rate = 0.00045454545454545455

>>> Round:   12 / Acc: 64.054% / Loss: 1.1123 / Grad Norm: 6.2404 / Grad Diff: 2233.3134 / Time: 8.05s
======================================================================================================

round 12 local learning rate = 0.0004166666666666667

>>> Round:   13 / Acc: 65.295% / Loss: 1.0751 / Grad Norm: 5.9724 / Grad Diff: 2264.3546 / Time: 8.37s
======================================================================================================

round 13 local learning rate = 0.0003846153846153846

>>> Round:   14 / Acc: 66.380% / Loss: 1.0438 / Grad Norm: 6.0716 / Grad Diff: 2290.7601 / Time: 8.20s
======================================================================================================

round 14 local learning rate = 0.00035714285714285714

>>> Round:   15 / Acc: 67.389% / Loss: 1.0134 / Grad Norm: 5.7443 / Grad Diff: 2301.7268 / Time: 7.92s
======================================================================================================

= Test = round: 15 / acc: 69.110% / loss: 0.9632 / Time: 0.69s
======================================================================================================

round 15 local learning rate = 0.0003333333333333333

>>> Round:   16 / Acc: 68.238% / Loss: 0.9879 / Grad Norm: 5.7740 / Grad Diff: 2318.4667 / Time: 8.12s
======================================================================================================

round 16 local learning rate = 0.0003125

>>> Round:   17 / Acc: 69.006% / Loss: 0.9642 / Grad Norm: 5.8233 / Grad Diff: 2333.7752 / Time: 8.20s
======================================================================================================

round 17 local learning rate = 0.00029411764705882356

>>> Round:   18 / Acc: 69.618% / Loss: 0.9434 / Grad Norm: 5.9368 / Grad Diff: 2349.2089 / Time: 8.42s
======================================================================================================

round 18 local learning rate = 0.0002777777777777778

>>> Round:   19 / Acc: 70.315% / Loss: 0.9237 / Grad Norm: 5.8191 / Grad Diff: 2356.4163 / Time: 8.17s
======================================================================================================

round 19 local learning rate = 0.0002631578947368421

>>> Round:   20 / Acc: 70.934% / Loss: 0.9063 / Grad Norm: 6.0655 / Grad Diff: 2368.9274 / Time: 8.17s
======================================================================================================

= Test = round: 20 / acc: 72.660% / loss: 0.8569 / Time: 0.70s
======================================================================================================

round 20 local learning rate = 0.00025

>>> Round:   21 / Acc: 71.482% / Loss: 0.8887 / Grad Norm: 5.9594 / Grad Diff: 2373.6261 / Time: 8.19s
======================================================================================================

round 21 local learning rate = 0.0002380952380952381

>>> Round:   22 / Acc: 72.026% / Loss: 0.8722 / Grad Norm: 5.6733 / Grad Diff: 2376.5056 / Time: 8.41s
======================================================================================================

round 22 local learning rate = 0.00022727272727272727

>>> Round:   23 / Acc: 72.470% / Loss: 0.8578 / Grad Norm: 5.6737 / Grad Diff: 2383.3431 / Time: 8.32s
======================================================================================================

round 23 local learning rate = 0.0002173913043478261

>>> Round:   24 / Acc: 72.917% / Loss: 0.8427 / Grad Norm: 5.2982 / Grad Diff: 2379.7681 / Time: 8.60s
======================================================================================================

round 24 local learning rate = 0.00020833333333333335

>>> Round:   25 / Acc: 73.325% / Loss: 0.8300 / Grad Norm: 5.2924 / Grad Diff: 2384.1189 / Time: 8.40s
======================================================================================================

= Test = round: 25 / acc: 74.880% / loss: 0.7826 / Time: 0.70s
======================================================================================================

round 25 local learning rate = 0.0002

>>> Round:   26 / Acc: 73.756% / Loss: 0.8171 / Grad Norm: 5.0174 / Grad Diff: 2379.3074 / Time: 8.35s
======================================================================================================

round 26 local learning rate = 0.0001923076923076923

>>> Round:   27 / Acc: 74.159% / Loss: 0.8062 / Grad Norm: 5.1802 / Grad Diff: 2386.5082 / Time: 8.44s
======================================================================================================

round 27 local learning rate = 0.00018518518518518518

>>> Round:   28 / Acc: 74.522% / Loss: 0.7954 / Grad Norm: 5.1078 / Grad Diff: 2382.5115 / Time: 8.60s
======================================================================================================

round 28 local learning rate = 0.00017857142857142857

>>> Round:   29 / Acc: 74.808% / Loss: 0.7859 / Grad Norm: 5.2269 / Grad Diff: 2387.2877 / Time: 8.34s
======================================================================================================

round 29 local learning rate = 0.0001724137931034483

>>> Round:   30 / Acc: 75.146% / Loss: 0.7761 / Grad Norm: 5.2155 / Grad Diff: 2386.1671 / Time: 8.07s
======================================================================================================

= Test = round: 30 / acc: 76.550% / loss: 0.7306 / Time: 0.70s
======================================================================================================

round 30 local learning rate = 0.00016666666666666666

>>> Round:   31 / Acc: 75.450% / Loss: 0.7666 / Grad Norm: 5.0575 / Grad Diff: 2381.7051 / Time: 8.20s
======================================================================================================

round 31 local learning rate = 0.00016129032258064516

>>> Round:   32 / Acc: 75.769% / Loss: 0.7583 / Grad Norm: 5.2944 / Grad Diff: 2385.0687 / Time: 8.47s
======================================================================================================

round 32 local learning rate = 0.00015625

>>> Round:   33 / Acc: 76.011% / Loss: 0.7496 / Grad Norm: 5.0471 / Grad Diff: 2379.7254 / Time: 8.60s
======================================================================================================

round 33 local learning rate = 0.00015151515151515152

>>> Round:   34 / Acc: 76.273% / Loss: 0.7423 / Grad Norm: 5.1986 / Grad Diff: 2384.9668 / Time: 7.79s
======================================================================================================

round 34 local learning rate = 0.00014705882352941178

>>> Round:   35 / Acc: 76.513% / Loss: 0.7345 / Grad Norm: 5.0866 / Grad Diff: 2381.5316 / Time: 8.60s
======================================================================================================

= Test = round: 35 / acc: 77.730% / loss: 0.6910 / Time: 0.76s
======================================================================================================

round 35 local learning rate = 0.00014285714285714287

>>> Round:   36 / Acc: 76.806% / Loss: 0.7271 / Grad Norm: 4.9666 / Grad Diff: 2377.9695 / Time: 8.74s
======================================================================================================

round 36 local learning rate = 0.0001388888888888889

>>> Round:   37 / Acc: 77.026% / Loss: 0.7199 / Grad Norm: 4.9220 / Grad Diff: 2374.5656 / Time: 8.53s
======================================================================================================

round 37 local learning rate = 0.00013513513513513514

>>> Round:   38 / Acc: 77.232% / Loss: 0.7137 / Grad Norm: 5.0829 / Grad Diff: 2376.1637 / Time: 8.38s
======================================================================================================

round 38 local learning rate = 0.00013157894736842105

>>> Round:   39 / Acc: 77.474% / Loss: 0.7072 / Grad Norm: 4.9706 / Grad Diff: 2371.4544 / Time: 8.31s
======================================================================================================

round 39 local learning rate = 0.0001282051282051282

>>> Round:   40 / Acc: 77.675% / Loss: 0.7008 / Grad Norm: 4.7634 / Grad Diff: 2366.5431 / Time: 8.46s
======================================================================================================

= Test = round: 40 / acc: 78.650% / loss: 0.6589 / Time: 0.70s
======================================================================================================

round 40 local learning rate = 0.000125

>>> Round:   41 / Acc: 77.889% / Loss: 0.6949 / Grad Norm: 4.7462 / Grad Diff: 2367.1282 / Time: 8.44s
======================================================================================================

round 41 local learning rate = 0.00012195121951219512

>>> Round:   42 / Acc: 78.083% / Loss: 0.6895 / Grad Norm: 4.7490 / Grad Diff: 2366.7874 / Time: 8.61s
======================================================================================================

round 42 local learning rate = 0.00011904761904761905

>>> Round:   43 / Acc: 78.210% / Loss: 0.6847 / Grad Norm: 5.0368 / Grad Diff: 2373.3709 / Time: 8.68s
======================================================================================================

round 43 local learning rate = 0.00011627906976744187

>>> Round:   44 / Acc: 78.382% / Loss: 0.6792 / Grad Norm: 4.7810 / Grad Diff: 2368.0676 / Time: 8.65s
======================================================================================================

round 44 local learning rate = 0.00011363636363636364

>>> Round:   45 / Acc: 78.587% / Loss: 0.6741 / Grad Norm: 4.7254 / Grad Diff: 2365.5507 / Time: 8.71s
======================================================================================================

= Test = round: 45 / acc: 79.440% / loss: 0.6334 / Time: 0.69s
======================================================================================================

round 45 local learning rate = 0.00011111111111111112

>>> Round:   46 / Acc: 78.723% / Loss: 0.6691 / Grad Norm: 4.6029 / Grad Diff: 2360.4049 / Time: 8.39s
======================================================================================================

round 46 local learning rate = 0.00010869565217391305

>>> Round:   47 / Acc: 78.852% / Loss: 0.6650 / Grad Norm: 4.9471 / Grad Diff: 2366.9392 / Time: 8.44s
======================================================================================================

round 47 local learning rate = 0.00010638297872340425

>>> Round:   48 / Acc: 79.004% / Loss: 0.6603 / Grad Norm: 4.9363 / Grad Diff: 2364.9535 / Time: 8.44s
======================================================================================================

round 48 local learning rate = 0.00010416666666666667

>>> Round:   49 / Acc: 79.159% / Loss: 0.6554 / Grad Norm: 4.6764 / Grad Diff: 2355.3933 / Time: 8.26s
======================================================================================================

round 49 local learning rate = 0.00010204081632653062

>>> Round:   50 / Acc: 79.315% / Loss: 0.6507 / Grad Norm: 4.4552 / Grad Diff: 2345.8967 / Time: 8.66s
======================================================================================================

= Test = round: 50 / acc: 80.250% / loss: 0.6108 / Time: 0.77s
======================================================================================================

round 50 local learning rate = 0.0001

>>> Round:   51 / Acc: 79.461% / Loss: 0.6463 / Grad Norm: 4.2371 / Grad Diff: 2339.9885 / Time: 8.62s
======================================================================================================

round 51 local learning rate = 9.80392156862745e-05

>>> Round:   52 / Acc: 79.572% / Loss: 0.6426 / Grad Norm: 4.4676 / Grad Diff: 2341.8584 / Time: 8.20s
======================================================================================================

round 52 local learning rate = 9.615384615384615e-05

>>> Round:   53 / Acc: 79.670% / Loss: 0.6389 / Grad Norm: 4.5616 / Grad Diff: 2342.9475 / Time: 8.57s
======================================================================================================

round 53 local learning rate = 9.433962264150943e-05

>>> Round:   54 / Acc: 79.768% / Loss: 0.6352 / Grad Norm: 4.6165 / Grad Diff: 2342.3844 / Time: 8.39s
======================================================================================================

round 54 local learning rate = 9.259259259259259e-05

>>> Round:   55 / Acc: 79.915% / Loss: 0.6311 / Grad Norm: 4.3614 / Grad Diff: 2334.5865 / Time: 7.67s
======================================================================================================

= Test = round: 55 / acc: 80.660% / loss: 0.5924 / Time: 0.66s
======================================================================================================

round 55 local learning rate = 9.090909090909092e-05

>>> Round:   56 / Acc: 80.030% / Loss: 0.6276 / Grad Norm: 4.3988 / Grad Diff: 2332.0253 / Time: 7.39s
======================================================================================================

round 56 local learning rate = 8.928571428571429e-05

>>> Round:   57 / Acc: 80.133% / Loss: 0.6243 / Grad Norm: 4.4726 / Grad Diff: 2330.7349 / Time: 7.61s
======================================================================================================

round 57 local learning rate = 8.771929824561404e-05

>>> Round:   58 / Acc: 80.229% / Loss: 0.6210 / Grad Norm: 4.5022 / Grad Diff: 2330.5269 / Time: 7.66s
======================================================================================================

round 58 local learning rate = 8.620689655172414e-05

>>> Round:   59 / Acc: 80.343% / Loss: 0.6172 / Grad Norm: 4.1622 / Grad Diff: 2319.1220 / Time: 7.94s
======================================================================================================

round 59 local learning rate = 8.474576271186441e-05

>>> Round:   60 / Acc: 80.386% / Loss: 0.6144 / Grad Norm: 4.3552 / Grad Diff: 2323.4776 / Time: 7.60s
======================================================================================================

= Test = round: 60 / acc: 81.150% / loss: 0.5765 / Time: 0.65s
======================================================================================================

round 60 local learning rate = 8.333333333333333e-05

>>> Round:   61 / Acc: 80.443% / Loss: 0.6114 / Grad Norm: 4.4491 / Grad Diff: 2324.0107 / Time: 7.93s
======================================================================================================

round 61 local learning rate = 8.19672131147541e-05

>>> Round:   62 / Acc: 80.570% / Loss: 0.6079 / Grad Norm: 4.1215 / Grad Diff: 2313.2334 / Time: 7.65s
======================================================================================================

round 62 local learning rate = 8.064516129032258e-05

>>> Round:   63 / Acc: 80.649% / Loss: 0.6049 / Grad Norm: 4.1090 / Grad Diff: 2310.3051 / Time: 7.66s
======================================================================================================

round 63 local learning rate = 7.936507936507937e-05

>>> Round:   64 / Acc: 80.749% / Loss: 0.6024 / Grad Norm: 4.1857 / Grad Diff: 2312.3815 / Time: 7.74s
======================================================================================================

round 64 local learning rate = 7.8125e-05

>>> Round:   65 / Acc: 80.854% / Loss: 0.5993 / Grad Norm: 4.0597 / Grad Diff: 2305.8987 / Time: 7.68s
======================================================================================================

= Test = round: 65 / acc: 81.650% / loss: 0.5620 / Time: 0.64s
======================================================================================================

round 65 local learning rate = 7.692307692307693e-05

>>> Round:   66 / Acc: 80.926% / Loss: 0.5964 / Grad Norm: 4.0323 / Grad Diff: 2301.3690 / Time: 7.80s
======================================================================================================

round 66 local learning rate = 7.575757575757576e-05

>>> Round:   67 / Acc: 80.994% / Loss: 0.5940 / Grad Norm: 4.2125 / Grad Diff: 2303.3791 / Time: 7.88s
======================================================================================================

round 67 local learning rate = 7.462686567164179e-05

>>> Round:   68 / Acc: 81.090% / Loss: 0.5914 / Grad Norm: 4.2872 / Grad Diff: 2302.1163 / Time: 7.64s
======================================================================================================

round 68 local learning rate = 7.352941176470589e-05

>>> Round:   69 / Acc: 81.172% / Loss: 0.5889 / Grad Norm: 4.3982 / Grad Diff: 2300.7309 / Time: 7.83s
======================================================================================================

round 69 local learning rate = 7.246376811594203e-05

>>> Round:   70 / Acc: 81.236% / Loss: 0.5863 / Grad Norm: 4.3582 / Grad Diff: 2295.8785 / Time: 7.79s
======================================================================================================

= Test = round: 70 / acc: 82.010% / loss: 0.5495 / Time: 0.62s
======================================================================================================

round 70 local learning rate = 7.142857142857143e-05

>>> Round:   71 / Acc: 81.375% / Loss: 0.5834 / Grad Norm: 4.1676 / Grad Diff: 2286.8313 / Time: 7.63s
======================================================================================================

round 71 local learning rate = 7.042253521126761e-05

>>> Round:   72 / Acc: 81.434% / Loss: 0.5811 / Grad Norm: 4.1829 / Grad Diff: 2284.5120 / Time: 7.86s
======================================================================================================

round 72 local learning rate = 6.944444444444444e-05

>>> Round:   73 / Acc: 81.491% / Loss: 0.5788 / Grad Norm: 4.1655 / Grad Diff: 2282.3432 / Time: 7.56s
======================================================================================================

round 73 local learning rate = 6.84931506849315e-05

>>> Round:   74 / Acc: 81.574% / Loss: 0.5765 / Grad Norm: 4.2734 / Grad Diff: 2281.7676 / Time: 7.82s
======================================================================================================

round 74 local learning rate = 6.756756756756757e-05

>>> Round:   75 / Acc: 81.664% / Loss: 0.5741 / Grad Norm: 4.2343 / Grad Diff: 2276.4844 / Time: 8.07s
======================================================================================================

= Test = round: 75 / acc: 82.550% / loss: 0.5379 / Time: 0.65s
======================================================================================================

round 75 local learning rate = 6.666666666666667e-05

>>> Round:   76 / Acc: 81.740% / Loss: 0.5716 / Grad Norm: 4.0059 / Grad Diff: 2270.1750 / Time: 7.76s
======================================================================================================

round 76 local learning rate = 6.578947368421052e-05

>>> Round:   77 / Acc: 81.808% / Loss: 0.5692 / Grad Norm: 3.8287 / Grad Diff: 2263.8744 / Time: 7.86s
======================================================================================================

round 77 local learning rate = 6.493506493506494e-05

>>> Round:   78 / Acc: 81.871% / Loss: 0.5673 / Grad Norm: 4.0322 / Grad Diff: 2266.0745 / Time: 7.77s
======================================================================================================

round 78 local learning rate = 6.41025641025641e-05

>>> Round:   79 / Acc: 81.924% / Loss: 0.5650 / Grad Norm: 3.8776 / Grad Diff: 2260.1357 / Time: 7.86s
======================================================================================================

round 79 local learning rate = 6.329113924050633e-05

>>> Round:   80 / Acc: 82.002% / Loss: 0.5631 / Grad Norm: 4.0266 / Grad Diff: 2260.7666 / Time: 7.71s
======================================================================================================

= Test = round: 80 / acc: 82.900% / loss: 0.5277 / Time: 0.63s
======================================================================================================

round 80 local learning rate = 6.25e-05

>>> Round:   81 / Acc: 82.044% / Loss: 0.5611 / Grad Norm: 4.0141 / Grad Diff: 2257.7840 / Time: 7.86s
======================================================================================================

round 81 local learning rate = 6.17283950617284e-05

>>> Round:   82 / Acc: 82.103% / Loss: 0.5588 / Grad Norm: 3.8698 / Grad Diff: 2251.0587 / Time: 7.85s
======================================================================================================

round 82 local learning rate = 6.097560975609756e-05

>>> Round:   83 / Acc: 82.164% / Loss: 0.5567 / Grad Norm: 3.7704 / Grad Diff: 2245.2175 / Time: 7.74s
======================================================================================================

round 83 local learning rate = 6.024096385542169e-05

>>> Round:   84 / Acc: 82.242% / Loss: 0.5547 / Grad Norm: 3.6879 / Grad Diff: 2240.4541 / Time: 7.69s
======================================================================================================

round 84 local learning rate = 5.9523809523809524e-05

>>> Round:   85 / Acc: 82.286% / Loss: 0.5529 / Grad Norm: 3.8079 / Grad Diff: 2240.8234 / Time: 7.50s
======================================================================================================

= Test = round: 85 / acc: 83.230% / loss: 0.5182 / Time: 0.65s
======================================================================================================

round 85 local learning rate = 5.882352941176471e-05

>>> Round:   86 / Acc: 82.360% / Loss: 0.5509 / Grad Norm: 3.6398 / Grad Diff: 2233.8902 / Time: 7.69s
======================================================================================================

round 86 local learning rate = 5.8139534883720933e-05

>>> Round:   87 / Acc: 82.415% / Loss: 0.5490 / Grad Norm: 3.6121 / Grad Diff: 2230.0932 / Time: 7.71s
======================================================================================================

round 87 local learning rate = 5.747126436781609e-05

>>> Round:   88 / Acc: 82.465% / Loss: 0.5474 / Grad Norm: 3.7777 / Grad Diff: 2230.4760 / Time: 7.66s
======================================================================================================

round 88 local learning rate = 5.681818181818182e-05

>>> Round:   89 / Acc: 82.548% / Loss: 0.5456 / Grad Norm: 3.7633 / Grad Diff: 2228.5621 / Time: 7.78s
======================================================================================================

round 89 local learning rate = 5.617977528089888e-05

>>> Round:   90 / Acc: 82.589% / Loss: 0.5441 / Grad Norm: 3.8877 / Grad Diff: 2230.1147 / Time: 7.82s
======================================================================================================

= Test = round: 90 / acc: 83.630% / loss: 0.5098 / Time: 0.63s
======================================================================================================

round 90 local learning rate = 5.555555555555556e-05

>>> Round:   91 / Acc: 82.635% / Loss: 0.5422 / Grad Norm: 3.7634 / Grad Diff: 2225.2586 / Time: 7.80s
======================================================================================================

round 91 local learning rate = 5.4945054945054945e-05

>>> Round:   92 / Acc: 82.690% / Loss: 0.5404 / Grad Norm: 3.6730 / Grad Diff: 2219.0660 / Time: 7.55s
======================================================================================================

round 92 local learning rate = 5.4347826086956524e-05

>>> Round:   93 / Acc: 82.760% / Loss: 0.5385 / Grad Norm: 3.4942 / Grad Diff: 2209.8367 / Time: 7.72s
======================================================================================================

round 93 local learning rate = 5.3763440860215054e-05

>>> Round:   94 / Acc: 82.812% / Loss: 0.5371 / Grad Norm: 3.6403 / Grad Diff: 2211.1308 / Time: 7.80s
======================================================================================================

round 94 local learning rate = 5.319148936170213e-05

>>> Round:   95 / Acc: 82.860% / Loss: 0.5357 / Grad Norm: 3.7449 / Grad Diff: 2211.7163 / Time: 7.69s
======================================================================================================

= Test = round: 95 / acc: 83.980% / loss: 0.5020 / Time: 0.64s
======================================================================================================

round 95 local learning rate = 5.2631578947368424e-05

>>> Round:   96 / Acc: 82.904% / Loss: 0.5342 / Grad Norm: 3.8017 / Grad Diff: 2209.8230 / Time: 7.82s
======================================================================================================

round 96 local learning rate = 5.208333333333334e-05

>>> Round:   97 / Acc: 82.945% / Loss: 0.5327 / Grad Norm: 3.8571 / Grad Diff: 2207.7415 / Time: 7.38s
======================================================================================================

round 97 local learning rate = 5.154639175257732e-05

>>> Round:   98 / Acc: 82.996% / Loss: 0.5314 / Grad Norm: 3.9433 / Grad Diff: 2207.5812 / Time: 8.68s
======================================================================================================

round 98 local learning rate = 5.102040816326531e-05

>>> Round:   99 / Acc: 83.055% / Loss: 0.5296 / Grad Norm: 3.6674 / Grad Diff: 2197.8591 / Time: 8.06s
======================================================================================================

round 99 local learning rate = 5.0505050505050505e-05

>>> Round:  100 / Acc: 83.101% / Loss: 0.5282 / Grad Norm: 3.7268 / Grad Diff: 2198.2225 / Time: 8.07s
======================================================================================================

= Test = round: 100 / acc: 84.230% / loss: 0.4950 / Time: 0.66s
======================================================================================================

round 100 local learning rate = 5e-05

>>> Round:  101 / Acc: 83.161% / Loss: 0.5267 / Grad Norm: 3.6850 / Grad Diff: 2193.9994 / Time: 8.01s
======================================================================================================

round 101 local learning rate = 4.950495049504951e-05

>>> Round:  102 / Acc: 83.221% / Loss: 0.5251 / Grad Norm: 3.5161 / Grad Diff: 2185.3512 / Time: 7.68s
======================================================================================================

round 102 local learning rate = 4.901960784313725e-05

>>> Round:  103 / Acc: 83.245% / Loss: 0.5237 / Grad Norm: 3.6322 / Grad Diff: 2184.5037 / Time: 7.93s
======================================================================================================

round 103 local learning rate = 4.854368932038835e-05

>>> Round:  104 / Acc: 83.282% / Loss: 0.5224 / Grad Norm: 3.6643 / Grad Diff: 2182.6653 / Time: 7.90s
======================================================================================================

round 104 local learning rate = 4.807692307692308e-05

>>> Round:  105 / Acc: 83.349% / Loss: 0.5208 / Grad Norm: 3.4061 / Grad Diff: 2173.0636 / Time: 7.85s
======================================================================================================

= Test = round: 105 / acc: 84.520% / loss: 0.4879 / Time: 0.63s
======================================================================================================

round 105 local learning rate = 4.761904761904762e-05

>>> Round:  106 / Acc: 83.399% / Loss: 0.5194 / Grad Norm: 3.4514 / Grad Diff: 2170.9535 / Time: 7.71s
======================================================================================================

round 106 local learning rate = 4.7169811320754715e-05

>>> Round:  107 / Acc: 83.437% / Loss: 0.5180 / Grad Norm: 3.3622 / Grad Diff: 2164.3610 / Time: 7.85s
======================================================================================================

round 107 local learning rate = 4.672897196261682e-05

>>> Round:  108 / Acc: 83.472% / Loss: 0.5168 / Grad Norm: 3.4696 / Grad Diff: 2163.8969 / Time: 7.85s
======================================================================================================

round 108 local learning rate = 4.6296296296296294e-05

>>> Round:  109 / Acc: 83.561% / Loss: 0.5154 / Grad Norm: 3.2570 / Grad Diff: 2155.5647 / Time: 7.65s
======================================================================================================

round 109 local learning rate = 4.587155963302752e-05

>>> Round:  110 / Acc: 83.603% / Loss: 0.5142 / Grad Norm: 3.3189 / Grad Diff: 2155.0696 / Time: 7.72s
======================================================================================================

= Test = round: 110 / acc: 84.700% / loss: 0.4815 / Time: 0.64s
======================================================================================================

round 110 local learning rate = 4.545454545454546e-05

>>> Round:  111 / Acc: 83.655% / Loss: 0.5129 / Grad Norm: 3.4203 / Grad Diff: 2154.0794 / Time: 7.88s
======================================================================================================

round 111 local learning rate = 4.5045045045045046e-05

>>> Round:  112 / Acc: 83.679% / Loss: 0.5117 / Grad Norm: 3.4046 / Grad Diff: 2151.8149 / Time: 7.69s
======================================================================================================

round 112 local learning rate = 4.464285714285714e-05

>>> Round:  113 / Acc: 83.697% / Loss: 0.5108 / Grad Norm: 3.7270 / Grad Diff: 2157.6985 / Time: 7.79s
======================================================================================================

round 113 local learning rate = 4.424778761061947e-05

>>> Round:  114 / Acc: 83.740% / Loss: 0.5095 / Grad Norm: 3.6380 / Grad Diff: 2150.7084 / Time: 7.85s
======================================================================================================

round 114 local learning rate = 4.385964912280702e-05

>>> Round:  115 / Acc: 83.784% / Loss: 0.5084 / Grad Norm: 3.6988 / Grad Diff: 2150.5266 / Time: 7.91s
======================================================================================================

= Test = round: 115 / acc: 84.780% / loss: 0.4761 / Time: 0.63s
======================================================================================================

round 115 local learning rate = 4.347826086956522e-05

>>> Round:  116 / Acc: 83.836% / Loss: 0.5069 / Grad Norm: 3.3776 / Grad Diff: 2138.8511 / Time: 7.88s
======================================================================================================

round 116 local learning rate = 4.310344827586207e-05

>>> Round:  117 / Acc: 83.889% / Loss: 0.5058 / Grad Norm: 3.3707 / Grad Diff: 2137.3756 / Time: 7.96s
======================================================================================================

round 117 local learning rate = 4.2735042735042735e-05

>>> Round:  118 / Acc: 83.946% / Loss: 0.5045 / Grad Norm: 3.2631 / Grad Diff: 2132.1283 / Time: 7.61s
======================================================================================================

round 118 local learning rate = 4.2372881355932206e-05

>>> Round:  119 / Acc: 83.991% / Loss: 0.5033 / Grad Norm: 3.2154 / Grad Diff: 2127.6516 / Time: 8.03s
======================================================================================================

round 119 local learning rate = 4.201680672268908e-05

>>> Round:  120 / Acc: 83.993% / Loss: 0.5027 / Grad Norm: 3.6319 / Grad Diff: 2136.4231 / Time: 7.92s
======================================================================================================

= Test = round: 120 / acc: 84.960% / loss: 0.4709 / Time: 0.64s
======================================================================================================

round 120 local learning rate = 4.1666666666666665e-05

>>> Round:  121 / Acc: 84.057% / Loss: 0.5012 / Grad Norm: 3.2565 / Grad Diff: 2123.2555 / Time: 7.83s
======================================================================================================

round 121 local learning rate = 4.132231404958678e-05

>>> Round:  122 / Acc: 84.120% / Loss: 0.4998 / Grad Norm: 2.9353 / Grad Diff: 2111.0107 / Time: 7.88s
======================================================================================================

round 122 local learning rate = 4.098360655737705e-05

>>> Round:  123 / Acc: 84.155% / Loss: 0.4989 / Grad Norm: 3.1150 / Grad Diff: 2113.8638 / Time: 7.96s
======================================================================================================

round 123 local learning rate = 4.065040650406504e-05

>>> Round:  124 / Acc: 84.161% / Loss: 0.4981 / Grad Norm: 3.3351 / Grad Diff: 2116.8064 / Time: 7.78s
======================================================================================================

round 124 local learning rate = 4.032258064516129e-05

>>> Round:  125 / Acc: 84.212% / Loss: 0.4972 / Grad Norm: 3.5030 / Grad Diff: 2117.6423 / Time: 7.89s
======================================================================================================

= Test = round: 125 / acc: 85.210% / loss: 0.4653 / Time: 0.66s
======================================================================================================

round 125 local learning rate = 4e-05

>>> Round:  126 / Acc: 84.238% / Loss: 0.4960 / Grad Norm: 3.3622 / Grad Diff: 2112.3118 / Time: 7.90s
======================================================================================================

round 126 local learning rate = 3.968253968253968e-05

>>> Round:  127 / Acc: 84.269% / Loss: 0.4951 / Grad Norm: 3.5378 / Grad Diff: 2114.1049 / Time: 7.91s
======================================================================================================

round 127 local learning rate = 3.937007874015748e-05

>>> Round:  128 / Acc: 84.303% / Loss: 0.4939 / Grad Norm: 3.3900 / Grad Diff: 2107.2230 / Time: 7.87s
======================================================================================================

round 128 local learning rate = 3.90625e-05

>>> Round:  129 / Acc: 84.352% / Loss: 0.4930 / Grad Norm: 3.4751 / Grad Diff: 2106.5782 / Time: 7.96s
======================================================================================================

round 129 local learning rate = 3.875968992248062e-05

>>> Round:  130 / Acc: 84.382% / Loss: 0.4921 / Grad Norm: 3.5424 / Grad Diff: 2104.6654 / Time: 7.94s
======================================================================================================

= Test = round: 130 / acc: 85.440% / loss: 0.4607 / Time: 0.66s
======================================================================================================

round 130 local learning rate = 3.846153846153846e-05

>>> Round:  131 / Acc: 84.397% / Loss: 0.4911 / Grad Norm: 3.5242 / Grad Diff: 2102.0636 / Time: 7.97s
======================================================================================================

round 131 local learning rate = 3.816793893129771e-05

>>> Round:  132 / Acc: 84.439% / Loss: 0.4900 / Grad Norm: 3.3815 / Grad Diff: 2096.6562 / Time: 7.80s
======================================================================================================

round 132 local learning rate = 3.787878787878788e-05

>>> Round:  133 / Acc: 84.480% / Loss: 0.4889 / Grad Norm: 3.2930 / Grad Diff: 2091.2161 / Time: 7.78s
======================================================================================================

round 133 local learning rate = 3.759398496240601e-05

>>> Round:  134 / Acc: 84.506% / Loss: 0.4878 / Grad Norm: 3.0523 / Grad Diff: 2083.4796 / Time: 7.97s
======================================================================================================

round 134 local learning rate = 3.7313432835820896e-05

>>> Round:  135 / Acc: 84.513% / Loss: 0.4871 / Grad Norm: 3.3066 / Grad Diff: 2087.4501 / Time: 7.66s
======================================================================================================

= Test = round: 135 / acc: 85.530% / loss: 0.4560 / Time: 0.66s
======================================================================================================

round 135 local learning rate = 3.7037037037037037e-05

>>> Round:  136 / Acc: 84.561% / Loss: 0.4862 / Grad Norm: 3.3594 / Grad Diff: 2085.4055 / Time: 7.72s
======================================================================================================

round 136 local learning rate = 3.6764705882352945e-05

>>> Round:  137 / Acc: 84.579% / Loss: 0.4852 / Grad Norm: 3.2645 / Grad Diff: 2078.8422 / Time: 8.01s
======================================================================================================

round 137 local learning rate = 3.649635036496351e-05

>>> Round:  138 / Acc: 84.624% / Loss: 0.4842 / Grad Norm: 3.1784 / Grad Diff: 2074.9654 / Time: 7.96s
======================================================================================================

round 138 local learning rate = 3.6231884057971014e-05

>>> Round:  139 / Acc: 84.651% / Loss: 0.4834 / Grad Norm: 3.1179 / Grad Diff: 2073.4920 / Time: 8.07s
======================================================================================================

round 139 local learning rate = 3.597122302158273e-05

>>> Round:  140 / Acc: 84.666% / Loss: 0.4824 / Grad Norm: 3.0245 / Grad Diff: 2069.3996 / Time: 7.82s
======================================================================================================

= Test = round: 140 / acc: 85.760% / loss: 0.4514 / Time: 0.65s
======================================================================================================

round 140 local learning rate = 3.571428571428572e-05

>>> Round:  141 / Acc: 84.686% / Loss: 0.4817 / Grad Norm: 3.1219 / Grad Diff: 2071.2448 / Time: 7.78s
======================================================================================================

round 141 local learning rate = 3.546099290780142e-05

>>> Round:  142 / Acc: 84.707% / Loss: 0.4808 / Grad Norm: 3.0881 / Grad Diff: 2067.9113 / Time: 8.03s
======================================================================================================

round 142 local learning rate = 3.5211267605633805e-05

>>> Round:  143 / Acc: 84.742% / Loss: 0.4799 / Grad Norm: 2.9987 / Grad Diff: 2063.5832 / Time: 7.80s
======================================================================================================

round 143 local learning rate = 3.4965034965034965e-05

>>> Round:  144 / Acc: 84.768% / Loss: 0.4790 / Grad Norm: 2.9592 / Grad Diff: 2060.0718 / Time: 7.76s
======================================================================================================

round 144 local learning rate = 3.472222222222222e-05

>>> Round:  145 / Acc: 84.808% / Loss: 0.4782 / Grad Norm: 2.9659 / Grad Diff: 2058.0959 / Time: 7.85s
======================================================================================================

= Test = round: 145 / acc: 85.880% / loss: 0.4474 / Time: 0.65s
======================================================================================================

round 145 local learning rate = 3.4482758620689657e-05

>>> Round:  146 / Acc: 84.827% / Loss: 0.4774 / Grad Norm: 3.0491 / Grad Diff: 2057.1241 / Time: 8.04s
======================================================================================================

round 146 local learning rate = 3.424657534246575e-05

>>> Round:  147 / Acc: 84.845% / Loss: 0.4765 / Grad Norm: 2.9311 / Grad Diff: 2050.3018 / Time: 7.86s
======================================================================================================

round 147 local learning rate = 3.401360544217687e-05

>>> Round:  148 / Acc: 84.856% / Loss: 0.4758 / Grad Norm: 3.0847 / Grad Diff: 2052.2934 / Time: 7.89s
======================================================================================================

round 148 local learning rate = 3.3783783783783784e-05

>>> Round:  149 / Acc: 84.873% / Loss: 0.4750 / Grad Norm: 3.0803 / Grad Diff: 2050.4378 / Time: 7.82s
======================================================================================================

round 149 local learning rate = 3.3557046979865775e-05

>>> Round:  150 / Acc: 84.897% / Loss: 0.4742 / Grad Norm: 3.0727 / Grad Diff: 2047.6077 / Time: 7.87s
======================================================================================================

= Test = round: 150 / acc: 85.990% / loss: 0.4438 / Time: 0.69s
======================================================================================================

round 150 local learning rate = 3.3333333333333335e-05

>>> Round:  151 / Acc: 84.935% / Loss: 0.4734 / Grad Norm: 3.0454 / Grad Diff: 2044.2521 / Time: 8.18s
======================================================================================================

round 151 local learning rate = 3.3112582781456954e-05

>>> Round:  152 / Acc: 84.965% / Loss: 0.4724 / Grad Norm: 2.7488 / Grad Diff: 2034.6892 / Time: 7.87s
======================================================================================================

round 152 local learning rate = 3.289473684210526e-05

>>> Round:  153 / Acc: 84.991% / Loss: 0.4716 / Grad Norm: 2.8383 / Grad Diff: 2034.0756 / Time: 8.07s
======================================================================================================

round 153 local learning rate = 3.2679738562091506e-05

>>> Round:  154 / Acc: 85.035% / Loss: 0.4711 / Grad Norm: 3.1108 / Grad Diff: 2038.6237 / Time: 7.76s
======================================================================================================

round 154 local learning rate = 3.246753246753247e-05

>>> Round:  155 / Acc: 85.063% / Loss: 0.4702 / Grad Norm: 2.8917 / Grad Diff: 2031.6848 / Time: 7.87s
======================================================================================================

= Test = round: 155 / acc: 86.130% / loss: 0.4402 / Time: 0.63s
======================================================================================================

round 155 local learning rate = 3.2258064516129034e-05

>>> Round:  156 / Acc: 85.068% / Loss: 0.4695 / Grad Norm: 2.8909 / Grad Diff: 2029.9876 / Time: 8.14s
======================================================================================================

round 156 local learning rate = 3.205128205128205e-05

>>> Round:  157 / Acc: 85.090% / Loss: 0.4688 / Grad Norm: 2.8903 / Grad Diff: 2027.8005 / Time: 7.67s
======================================================================================================

round 157 local learning rate = 3.184713375796179e-05

>>> Round:  158 / Acc: 85.118% / Loss: 0.4680 / Grad Norm: 2.8511 / Grad Diff: 2023.3549 / Time: 7.49s
======================================================================================================

round 158 local learning rate = 3.1645569620253167e-05

>>> Round:  159 / Acc: 85.140% / Loss: 0.4672 / Grad Norm: 2.6925 / Grad Diff: 2016.9344 / Time: 8.11s
======================================================================================================

round 159 local learning rate = 3.144654088050314e-05

>>> Round:  160 / Acc: 85.181% / Loss: 0.4666 / Grad Norm: 2.8215 / Grad Diff: 2019.0180 / Time: 7.92s
======================================================================================================

= Test = round: 160 / acc: 86.250% / loss: 0.4368 / Time: 0.66s
======================================================================================================

round 160 local learning rate = 3.125e-05

>>> Round:  161 / Acc: 85.201% / Loss: 0.4658 / Grad Norm: 2.7807 / Grad Diff: 2015.3627 / Time: 7.87s
======================================================================================================

round 161 local learning rate = 3.1055900621118014e-05

>>> Round:  162 / Acc: 85.240% / Loss: 0.4651 / Grad Norm: 2.7163 / Grad Diff: 2011.2490 / Time: 7.77s
======================================================================================================

round 162 local learning rate = 3.08641975308642e-05

>>> Round:  163 / Acc: 85.260% / Loss: 0.4644 / Grad Norm: 2.7210 / Grad Diff: 2009.3822 / Time: 7.43s
======================================================================================================

round 163 local learning rate = 3.067484662576687e-05

>>> Round:  164 / Acc: 85.282% / Loss: 0.4637 / Grad Norm: 2.7946 / Grad Diff: 2007.8875 / Time: 7.47s
======================================================================================================

round 164 local learning rate = 3.048780487804878e-05

>>> Round:  165 / Acc: 85.321% / Loss: 0.4630 / Grad Norm: 2.7538 / Grad Diff: 2004.1802 / Time: 7.68s
======================================================================================================

= Test = round: 165 / acc: 86.390% / loss: 0.4333 / Time: 0.65s
======================================================================================================

round 165 local learning rate = 3.0303030303030302e-05

>>> Round:  166 / Acc: 85.341% / Loss: 0.4622 / Grad Norm: 2.6163 / Grad Diff: 1999.0768 / Time: 7.67s
======================================================================================================

round 166 local learning rate = 3.0120481927710845e-05

>>> Round:  167 / Acc: 85.351% / Loss: 0.4615 / Grad Norm: 2.6351 / Grad Diff: 1996.9788 / Time: 7.73s
======================================================================================================

round 167 local learning rate = 2.994011976047904e-05

>>> Round:  168 / Acc: 85.375% / Loss: 0.4609 / Grad Norm: 2.6868 / Grad Diff: 1996.5149 / Time: 7.84s
======================================================================================================

round 168 local learning rate = 2.9761904761904762e-05

>>> Round:  169 / Acc: 85.400% / Loss: 0.4603 / Grad Norm: 2.7686 / Grad Diff: 1997.1678 / Time: 7.65s
======================================================================================================

round 169 local learning rate = 2.9585798816568047e-05

>>> Round:  170 / Acc: 85.421% / Loss: 0.4597 / Grad Norm: 2.7718 / Grad Diff: 1995.4049 / Time: 7.89s
======================================================================================================

= Test = round: 170 / acc: 86.510% / loss: 0.4303 / Time: 0.64s
======================================================================================================

round 170 local learning rate = 2.9411764705882354e-05

>>> Round:  171 / Acc: 85.426% / Loss: 0.4590 / Grad Norm: 2.6627 / Grad Diff: 1990.1377 / Time: 7.78s
======================================================================================================

round 171 local learning rate = 2.9239766081871346e-05

>>> Round:  172 / Acc: 85.456% / Loss: 0.4583 / Grad Norm: 2.5831 / Grad Diff: 1986.6272 / Time: 7.81s
======================================================================================================

round 172 local learning rate = 2.9069767441860467e-05

>>> Round:  173 / Acc: 85.480% / Loss: 0.4577 / Grad Norm: 2.6492 / Grad Diff: 1986.9651 / Time: 7.72s
======================================================================================================

round 173 local learning rate = 2.8901734104046242e-05

>>> Round:  174 / Acc: 85.518% / Loss: 0.4572 / Grad Norm: 2.7890 / Grad Diff: 1988.7717 / Time: 7.63s
======================================================================================================

round 174 local learning rate = 2.8735632183908045e-05

>>> Round:  175 / Acc: 85.526% / Loss: 0.4566 / Grad Norm: 2.7668 / Grad Diff: 1986.7997 / Time: 7.76s
======================================================================================================

= Test = round: 175 / acc: 86.650% / loss: 0.4274 / Time: 0.62s
======================================================================================================

round 175 local learning rate = 2.857142857142857e-05

>>> Round:  176 / Acc: 85.559% / Loss: 0.4561 / Grad Norm: 2.9155 / Grad Diff: 1988.4320 / Time: 7.62s
======================================================================================================

round 176 local learning rate = 2.840909090909091e-05

>>> Round:  177 / Acc: 85.563% / Loss: 0.4556 / Grad Norm: 2.9754 / Grad Diff: 1987.4502 / Time: 7.76s
======================================================================================================

round 177 local learning rate = 2.824858757062147e-05

>>> Round:  178 / Acc: 85.600% / Loss: 0.4549 / Grad Norm: 2.9174 / Grad Diff: 1983.6279 / Time: 7.68s
======================================================================================================

round 178 local learning rate = 2.808988764044944e-05

>>> Round:  179 / Acc: 85.600% / Loss: 0.4542 / Grad Norm: 2.8648 / Grad Diff: 1980.4782 / Time: 7.94s
======================================================================================================

round 179 local learning rate = 2.793296089385475e-05

>>> Round:  180 / Acc: 85.592% / Loss: 0.4535 / Grad Norm: 2.6798 / Grad Diff: 1974.7477 / Time: 7.79s
======================================================================================================

= Test = round: 180 / acc: 86.710% / loss: 0.4246 / Time: 0.63s
======================================================================================================

round 180 local learning rate = 2.777777777777778e-05

>>> Round:  181 / Acc: 85.651% / Loss: 0.4530 / Grad Norm: 2.8423 / Grad Diff: 1975.9025 / Time: 7.87s
======================================================================================================

round 181 local learning rate = 2.7624309392265193e-05

>>> Round:  182 / Acc: 85.646% / Loss: 0.4522 / Grad Norm: 2.5942 / Grad Diff: 1967.9310 / Time: 7.76s
======================================================================================================

round 182 local learning rate = 2.7472527472527473e-05

>>> Round:  183 / Acc: 85.666% / Loss: 0.4517 / Grad Norm: 2.6175 / Grad Diff: 1967.2031 / Time: 7.75s
======================================================================================================

round 183 local learning rate = 2.73224043715847e-05

>>> Round:  184 / Acc: 85.690% / Loss: 0.4511 / Grad Norm: 2.6176 / Grad Diff: 1964.5160 / Time: 7.69s
======================================================================================================

round 184 local learning rate = 2.7173913043478262e-05

>>> Round:  185 / Acc: 85.725% / Loss: 0.4504 / Grad Norm: 2.5590 / Grad Diff: 1960.6081 / Time: 7.56s
======================================================================================================

= Test = round: 185 / acc: 86.760% / loss: 0.4217 / Time: 0.64s
======================================================================================================

round 185 local learning rate = 2.7027027027027027e-05

>>> Round:  186 / Acc: 85.740% / Loss: 0.4498 / Grad Norm: 2.4299 / Grad Diff: 1955.2437 / Time: 7.56s
======================================================================================================

round 186 local learning rate = 2.6881720430107527e-05

>>> Round:  187 / Acc: 85.747% / Loss: 0.4492 / Grad Norm: 2.3886 / Grad Diff: 1951.6658 / Time: 7.53s
======================================================================================================

round 187 local learning rate = 2.6737967914438505e-05

>>> Round:  188 / Acc: 85.777% / Loss: 0.4488 / Grad Norm: 2.5352 / Grad Diff: 1954.3125 / Time: 7.85s
======================================================================================================

round 188 local learning rate = 2.6595744680851064e-05

>>> Round:  189 / Acc: 85.792% / Loss: 0.4483 / Grad Norm: 2.6263 / Grad Diff: 1954.4846 / Time: 7.81s
======================================================================================================

round 189 local learning rate = 2.6455026455026456e-05

>>> Round:  190 / Acc: 85.825% / Loss: 0.4478 / Grad Norm: 2.6067 / Grad Diff: 1953.0409 / Time: 7.87s
======================================================================================================

= Test = round: 190 / acc: 86.900% / loss: 0.4191 / Time: 0.66s
======================================================================================================

round 190 local learning rate = 2.6315789473684212e-05

>>> Round:  191 / Acc: 85.849% / Loss: 0.4473 / Grad Norm: 2.6210 / Grad Diff: 1951.8706 / Time: 8.08s
======================================================================================================

round 191 local learning rate = 2.6178010471204188e-05

>>> Round:  192 / Acc: 85.856% / Loss: 0.4467 / Grad Norm: 2.5992 / Grad Diff: 1949.7765 / Time: 8.03s
======================================================================================================

round 192 local learning rate = 2.604166666666667e-05

>>> Round:  193 / Acc: 85.886% / Loss: 0.4461 / Grad Norm: 2.4826 / Grad Diff: 1944.2479 / Time: 7.79s
======================================================================================================

round 193 local learning rate = 2.5906735751295337e-05

>>> Round:  194 / Acc: 85.900% / Loss: 0.4457 / Grad Norm: 2.6843 / Grad Diff: 1947.8914 / Time: 7.82s
======================================================================================================

round 194 local learning rate = 2.577319587628866e-05

>>> Round:  195 / Acc: 85.928% / Loss: 0.4450 / Grad Norm: 2.4969 / Grad Diff: 1940.7093 / Time: 7.73s
======================================================================================================

= Test = round: 195 / acc: 86.910% / loss: 0.4167 / Time: 0.65s
======================================================================================================

round 195 local learning rate = 2.5641025641025643e-05

>>> Round:  196 / Acc: 85.945% / Loss: 0.4443 / Grad Norm: 2.3242 / Grad Diff: 1934.3092 / Time: 7.87s
======================================================================================================

round 196 local learning rate = 2.5510204081632654e-05

>>> Round:  197 / Acc: 85.952% / Loss: 0.4439 / Grad Norm: 2.3691 / Grad Diff: 1934.1932 / Time: 7.92s
======================================================================================================

round 197 local learning rate = 2.5380710659898476e-05

>>> Round:  198 / Acc: 85.967% / Loss: 0.4434 / Grad Norm: 2.3917 / Grad Diff: 1932.8180 / Time: 7.72s
======================================================================================================

round 198 local learning rate = 2.5252525252525253e-05

>>> Round:  199 / Acc: 85.974% / Loss: 0.4428 / Grad Norm: 2.3147 / Grad Diff: 1929.2963 / Time: 7.73s
======================================================================================================

round 199 local learning rate = 2.5125628140703518e-05

>>> Round:  200 / Acc: 85.996% / Loss: 0.4423 / Grad Norm: 2.2821 / Grad Diff: 1926.4038 / Time: 7.60s
======================================================================================================

= Test = round: 200 / acc: 87.010% / loss: 0.4140 / Time: 0.64s
======================================================================================================

