nohup: ignoring input
working!
Using device: cuda:0
>>> Arguments:
	             algo : fedavgtl
	            alpha : 13.2316427
	       batch_size : 600
	clients_per_round : 100
	             clip : False
	          dataset : mnist_all_data_1_equal_niid
	           device : cuda:0
	              dis : 
	   early_stopping : 10
	       eval_every : 5
	    ft_batch_size : 128
	       ft_dataset : mnist-m
	        ft_epochs : 200
	            ft_lr : 0.001
	            ft_wd : 0.0001
	              gpu : True
	      input_shape : (1, 28, 28)
	           last_k : 1
	               lr : 0.01
	            model : lenet
	           n_init : 1
	        noaverage : False
	             noft : False
	          noprint : False
	        num_class : 10
	        num_epoch : 1
	        num_round : 200
	           opt_lr : False
	            reg_J : True
	       reg_J_coef : 0.01
	   reg_J_ind_coef : 0.0
	  reg_J_norm_coef : 0.0
	           repeat : 1
	     repeat_epoch : 10
	             seed : 0
	               wd : 0.0
>>> Read data from:
     ./data/mnist/data/all_data_1.pkl
>>> The estimate of constant alpha is 13.2316427.
>>> Read data from:
     ./data/mnist/data/train/all_data_1_equal_niid.pkl
     ./data/mnist/data/test/all_data_1_equal_niid.pkl

************************************************************************************************************************

uid: 20230925165208
FL pretrained model will be saved at ./models/lenet_mnist_20230925165208.pt
>>> Use gpu on device cuda:0
>>> Model statistic per layer
LeNet_MNIST(
  286.12 KMac, 100.000% MACs, 
  (conv1): Conv2d(89.856 KMac, 31.405% MACs, 1, 6, kernel_size=(5, 5), stride=(1, 1))
  (conv2): Conv2d(154.624 KMac, 54.042% MACs, 6, 16, kernel_size=(5, 5), stride=(1, 1))
  (fc1): Linear(30.72 KMac, 10.737% MACs, in_features=256, out_features=120, bias=True)
  (fc2): Linear(10.08 KMac, 3.523% MACs, in_features=120, out_features=84, bias=True)
  (fc3): Linear(840.0 Mac, 0.294% MACs, in_features=84, out_features=10, bias=True)
)
>>> Activate a worker for training
>>> Initialize 100 clients in total
>>> Weigh updates by simple average
>>> Select 100 clients per round 


>>> Round:    0 / Acc: 9.945% / Loss: 2.3051 / Grad Norm: 0.1165 / Grad Diff: 1.0208 / Time: 9.21s
======================================================================================================

= Test = round: 0 / acc: 8.920% / loss: 2.3061 / Time: 1.16s
======================================================================================================

round 0 local learning rate = 0.01
round 1 local learning rate = 0.01
round 2 local learning rate = 0.01
round 3 local learning rate = 0.01
round 4 local learning rate = 0.01

>>> Round:    5 / Acc: 13.513% / Loss: 2.2952 / Grad Norm: 0.1587 / Grad Diff: 1.8477 / Time: 9.22s
======================================================================================================

= Test = round: 5 / acc: 12.690% / loss: 2.2963 / Time: 1.21s
======================================================================================================

round 5 local learning rate = 0.01
round 6 local learning rate = 0.01
round 7 local learning rate = 0.01
round 8 local learning rate = 0.01
round 9 local learning rate = 0.01

>>> Round:   10 / Acc: 21.544% / Loss: 2.2660 / Grad Norm: 0.4995 / Grad Diff: 18.2020 / Time: 9.15s
======================================================================================================

= Test = round: 10 / acc: 20.820% / loss: 2.2692 / Time: 1.07s
======================================================================================================

round 10 local learning rate = 0.01
round 11 local learning rate = 0.01
round 12 local learning rate = 0.01
round 13 local learning rate = 0.01
round 14 local learning rate = 0.01

>>> Round:   15 / Acc: 44.387% / Loss: 2.0906 / Grad Norm: 1.9739 / Grad Diff: 203.6561 / Time: 9.13s
======================================================================================================

= Test = round: 15 / acc: 46.380% / loss: 2.0813 / Time: 1.15s
======================================================================================================

round 15 local learning rate = 0.01
round 16 local learning rate = 0.01
round 17 local learning rate = 0.01
round 18 local learning rate = 0.01
round 19 local learning rate = 0.01

>>> Round:   20 / Acc: 58.229% / Loss: 1.8630 / Grad Norm: 2.0593 / Grad Diff: 201.4677 / Time: 8.71s
======================================================================================================

= Test = round: 20 / acc: 60.800% / loss: 1.8443 / Time: 0.93s
======================================================================================================

round 20 local learning rate = 0.01
round 21 local learning rate = 0.01
round 22 local learning rate = 0.01
round 23 local learning rate = 0.01
round 24 local learning rate = 0.01

>>> Round:   25 / Acc: 65.983% / Loss: 1.5597 / Grad Norm: 1.7305 / Grad Diff: 197.9187 / Time: 8.79s
======================================================================================================

= Test = round: 25 / acc: 67.780% / loss: 1.5321 / Time: 1.04s
======================================================================================================

round 25 local learning rate = 0.01
round 26 local learning rate = 0.01
round 27 local learning rate = 0.01
round 28 local learning rate = 0.01
round 29 local learning rate = 0.01

>>> Round:   30 / Acc: 69.720% / Loss: 1.2855 / Grad Norm: 1.5529 / Grad Diff: 188.7960 / Time: 10.40s
======================================================================================================

= Test = round: 30 / acc: 71.300% / loss: 1.2534 / Time: 1.11s
======================================================================================================

round 30 local learning rate = 0.01
round 31 local learning rate = 0.01
round 32 local learning rate = 0.01
round 33 local learning rate = 0.01
round 34 local learning rate = 0.01

>>> Round:   35 / Acc: 71.980% / Loss: 1.0849 / Grad Norm: 1.5327 / Grad Diff: 173.0942 / Time: 11.14s
======================================================================================================

= Test = round: 35 / acc: 73.370% / loss: 1.0531 / Time: 1.42s
======================================================================================================

round 35 local learning rate = 0.01
round 36 local learning rate = 0.01
round 37 local learning rate = 0.01
round 38 local learning rate = 0.01
round 39 local learning rate = 0.01

>>> Round:   40 / Acc: 74.762% / Loss: 0.9426 / Grad Norm: 1.4162 / Grad Diff: 156.9981 / Time: 9.08s
======================================================================================================

= Test = round: 40 / acc: 75.910% / loss: 0.9113 / Time: 1.07s
======================================================================================================

round 40 local learning rate = 0.01
round 41 local learning rate = 0.01
round 42 local learning rate = 0.01
round 43 local learning rate = 0.01
round 44 local learning rate = 0.01

>>> Round:   45 / Acc: 76.832% / Loss: 0.8453 / Grad Norm: 1.4750 / Grad Diff: 144.3500 / Time: 8.92s
======================================================================================================

= Test = round: 45 / acc: 77.680% / loss: 0.8153 / Time: 1.07s
======================================================================================================

round 45 local learning rate = 0.01
round 46 local learning rate = 0.01
round 47 local learning rate = 0.01
round 48 local learning rate = 0.01
round 49 local learning rate = 0.01

>>> Round:   50 / Acc: 78.256% / Loss: 0.7687 / Grad Norm: 1.2748 / Grad Diff: 136.6628 / Time: 9.03s
======================================================================================================

= Test = round: 50 / acc: 79.080% / loss: 0.7402 / Time: 1.31s
======================================================================================================

round 50 local learning rate = 0.01
round 51 local learning rate = 0.01
round 52 local learning rate = 0.01
round 53 local learning rate = 0.01
round 54 local learning rate = 0.01

>>> Round:   55 / Acc: 79.430% / Loss: 0.7128 / Grad Norm: 1.1474 / Grad Diff: 129.2094 / Time: 8.90s
======================================================================================================

= Test = round: 55 / acc: 80.350% / loss: 0.6844 / Time: 1.10s
======================================================================================================

round 55 local learning rate = 0.01
round 56 local learning rate = 0.01
round 57 local learning rate = 0.01
round 58 local learning rate = 0.01
round 59 local learning rate = 0.01

>>> Round:   60 / Acc: 80.651% / Loss: 0.6684 / Grad Norm: 0.9786 / Grad Diff: 122.9512 / Time: 8.75s
======================================================================================================

= Test = round: 60 / acc: 81.500% / loss: 0.6400 / Time: 1.07s
======================================================================================================

round 60 local learning rate = 0.01
round 61 local learning rate = 0.01
round 62 local learning rate = 0.01
round 63 local learning rate = 0.01
round 64 local learning rate = 0.01

>>> Round:   65 / Acc: 81.494% / Loss: 0.6334 / Grad Norm: 0.8864 / Grad Diff: 116.9459 / Time: 8.96s
======================================================================================================

= Test = round: 65 / acc: 82.300% / loss: 0.6052 / Time: 1.04s
======================================================================================================

round 65 local learning rate = 0.01
round 66 local learning rate = 0.01
round 67 local learning rate = 0.01
round 68 local learning rate = 0.01
round 69 local learning rate = 0.01

>>> Round:   70 / Acc: 82.238% / Loss: 0.6047 / Grad Norm: 0.8314 / Grad Diff: 111.8651 / Time: 8.88s
======================================================================================================

= Test = round: 70 / acc: 83.090% / loss: 0.5765 / Time: 1.05s
======================================================================================================

round 70 local learning rate = 0.01
round 71 local learning rate = 0.01
round 72 local learning rate = 0.01
round 73 local learning rate = 0.01
round 74 local learning rate = 0.01

>>> Round:   75 / Acc: 82.897% / Loss: 0.5803 / Grad Norm: 0.7689 / Grad Diff: 107.0613 / Time: 9.36s
======================================================================================================

= Test = round: 75 / acc: 83.830% / loss: 0.5521 / Time: 1.06s
======================================================================================================

round 75 local learning rate = 0.01
round 76 local learning rate = 0.01
round 77 local learning rate = 0.01
round 78 local learning rate = 0.01
round 79 local learning rate = 0.01

>>> Round:   80 / Acc: 83.592% / Loss: 0.5590 / Grad Norm: 0.7055 / Grad Diff: 102.5817 / Time: 8.98s
======================================================================================================

= Test = round: 80 / acc: 84.490% / loss: 0.5304 / Time: 1.29s
======================================================================================================

round 80 local learning rate = 0.01
round 81 local learning rate = 0.01
round 82 local learning rate = 0.01
round 83 local learning rate = 0.01
round 84 local learning rate = 0.01

>>> Round:   85 / Acc: 84.166% / Loss: 0.5407 / Grad Norm: 0.6725 / Grad Diff: 97.9300 / Time: 8.95s
======================================================================================================

= Test = round: 85 / acc: 85.180% / loss: 0.5118 / Time: 1.11s
======================================================================================================

round 85 local learning rate = 0.01
round 86 local learning rate = 0.01
round 87 local learning rate = 0.01
round 88 local learning rate = 0.01
round 89 local learning rate = 0.01

>>> Round:   90 / Acc: 84.662% / Loss: 0.5236 / Grad Norm: 0.6377 / Grad Diff: 94.2222 / Time: 9.25s
======================================================================================================

= Test = round: 90 / acc: 85.550% / loss: 0.4947 / Time: 1.22s
======================================================================================================

round 90 local learning rate = 0.01
round 91 local learning rate = 0.01
round 92 local learning rate = 0.01
round 93 local learning rate = 0.01
round 94 local learning rate = 0.01

>>> Round:   95 / Acc: 85.006% / Loss: 0.5086 / Grad Norm: 0.6663 / Grad Diff: 90.3684 / Time: 8.97s
======================================================================================================

= Test = round: 95 / acc: 85.860% / loss: 0.4801 / Time: 1.04s
======================================================================================================

round 95 local learning rate = 0.01
round 96 local learning rate = 0.01
round 97 local learning rate = 0.01
round 98 local learning rate = 0.01
round 99 local learning rate = 0.01

>>> Round:  100 / Acc: 85.408% / Loss: 0.4944 / Grad Norm: 0.7095 / Grad Diff: 87.7288 / Time: 9.22s
======================================================================================================

= Test = round: 100 / acc: 86.190% / loss: 0.4657 / Time: 1.16s
======================================================================================================

round 100 local learning rate = 0.01
round 101 local learning rate = 0.01
round 102 local learning rate = 0.01
round 103 local learning rate = 0.01
round 104 local learning rate = 0.01

>>> Round:  105 / Acc: 85.777% / Loss: 0.4803 / Grad Norm: 0.6864 / Grad Diff: 85.6227 / Time: 8.88s
======================================================================================================

= Test = round: 105 / acc: 86.690% / loss: 0.4517 / Time: 1.07s
======================================================================================================

round 105 local learning rate = 0.01
round 106 local learning rate = 0.01
round 107 local learning rate = 0.01
round 108 local learning rate = 0.01
round 109 local learning rate = 0.01

>>> Round:  110 / Acc: 86.092% / Loss: 0.4673 / Grad Norm: 0.6926 / Grad Diff: 83.8208 / Time: 10.68s
======================================================================================================

= Test = round: 110 / acc: 86.940% / loss: 0.4390 / Time: 1.14s
======================================================================================================

round 110 local learning rate = 0.01
round 111 local learning rate = 0.01
round 112 local learning rate = 0.01
round 113 local learning rate = 0.01
round 114 local learning rate = 0.01

>>> Round:  115 / Acc: 86.408% / Loss: 0.4554 / Grad Norm: 0.6778 / Grad Diff: 81.9113 / Time: 9.68s
======================================================================================================

= Test = round: 115 / acc: 87.240% / loss: 0.4274 / Time: 0.95s
======================================================================================================

round 115 local learning rate = 0.01
round 116 local learning rate = 0.01
round 117 local learning rate = 0.01
round 118 local learning rate = 0.01
round 119 local learning rate = 0.01

>>> Round:  120 / Acc: 86.666% / Loss: 0.4443 / Grad Norm: 0.6839 / Grad Diff: 80.0481 / Time: 9.58s
======================================================================================================

= Test = round: 120 / acc: 87.570% / loss: 0.4162 / Time: 1.03s
======================================================================================================

round 120 local learning rate = 0.01
round 121 local learning rate = 0.01
round 122 local learning rate = 0.01
round 123 local learning rate = 0.01
round 124 local learning rate = 0.01

>>> Round:  125 / Acc: 86.959% / Loss: 0.4339 / Grad Norm: 0.6313 / Grad Diff: 77.9693 / Time: 9.49s
======================================================================================================

= Test = round: 125 / acc: 87.870% / loss: 0.4064 / Time: 0.93s
======================================================================================================

round 125 local learning rate = 0.01
round 126 local learning rate = 0.01
round 127 local learning rate = 0.01
round 128 local learning rate = 0.01
round 129 local learning rate = 0.01

>>> Round:  130 / Acc: 87.356% / Loss: 0.4235 / Grad Norm: 0.5630 / Grad Diff: 76.3421 / Time: 10.64s
======================================================================================================

= Test = round: 130 / acc: 88.160% / loss: 0.3965 / Time: 0.97s
======================================================================================================

round 130 local learning rate = 0.01
round 131 local learning rate = 0.01
round 132 local learning rate = 0.01
round 133 local learning rate = 0.01
round 134 local learning rate = 0.01

>>> Round:  135 / Acc: 87.638% / Loss: 0.4144 / Grad Norm: 0.5553 / Grad Diff: 74.6825 / Time: 10.35s
======================================================================================================

= Test = round: 135 / acc: 88.530% / loss: 0.3878 / Time: 0.98s
======================================================================================================

round 135 local learning rate = 0.01
round 136 local learning rate = 0.01
round 137 local learning rate = 0.01
round 138 local learning rate = 0.01
round 139 local learning rate = 0.01

>>> Round:  140 / Acc: 87.849% / Loss: 0.4058 / Grad Norm: 0.5287 / Grad Diff: 72.9142 / Time: 10.94s
======================================================================================================

= Test = round: 140 / acc: 88.740% / loss: 0.3798 / Time: 1.03s
======================================================================================================

round 140 local learning rate = 0.01
round 141 local learning rate = 0.01
round 142 local learning rate = 0.01
round 143 local learning rate = 0.01
round 144 local learning rate = 0.01

>>> Round:  145 / Acc: 88.122% / Loss: 0.3978 / Grad Norm: 0.4891 / Grad Diff: 70.9420 / Time: 10.38s
======================================================================================================

= Test = round: 145 / acc: 88.890% / loss: 0.3722 / Time: 0.94s
======================================================================================================

round 145 local learning rate = 0.01
round 146 local learning rate = 0.01
round 147 local learning rate = 0.01
round 148 local learning rate = 0.01
round 149 local learning rate = 0.01

>>> Round:  150 / Acc: 88.319% / Loss: 0.3901 / Grad Norm: 0.5102 / Grad Diff: 69.6289 / Time: 10.19s
======================================================================================================

= Test = round: 150 / acc: 89.090% / loss: 0.3652 / Time: 0.92s
======================================================================================================

round 150 local learning rate = 0.01
round 151 local learning rate = 0.01
round 152 local learning rate = 0.01
round 153 local learning rate = 0.01
round 154 local learning rate = 0.01

>>> Round:  155 / Acc: 88.559% / Loss: 0.3827 / Grad Norm: 0.4716 / Grad Diff: 67.8881 / Time: 10.40s
======================================================================================================

= Test = round: 155 / acc: 89.280% / loss: 0.3583 / Time: 0.90s
======================================================================================================

round 155 local learning rate = 0.01
round 156 local learning rate = 0.01
round 157 local learning rate = 0.01
round 158 local learning rate = 0.01
round 159 local learning rate = 0.01

>>> Round:  160 / Acc: 88.821% / Loss: 0.3755 / Grad Norm: 0.4326 / Grad Diff: 66.2782 / Time: 9.72s
======================================================================================================

= Test = round: 160 / acc: 89.450% / loss: 0.3515 / Time: 0.96s
======================================================================================================

round 160 local learning rate = 0.01
round 161 local learning rate = 0.01
round 162 local learning rate = 0.01
round 163 local learning rate = 0.01
round 164 local learning rate = 0.01

>>> Round:  165 / Acc: 89.017% / Loss: 0.3691 / Grad Norm: 0.4128 / Grad Diff: 64.3800 / Time: 9.70s
======================================================================================================

= Test = round: 165 / acc: 89.690% / loss: 0.3456 / Time: 1.04s
======================================================================================================

round 165 local learning rate = 0.01
round 166 local learning rate = 0.01
round 167 local learning rate = 0.01
round 168 local learning rate = 0.01
round 169 local learning rate = 0.01

>>> Round:  170 / Acc: 89.220% / Loss: 0.3628 / Grad Norm: 0.4007 / Grad Diff: 62.8388 / Time: 10.46s
======================================================================================================

= Test = round: 170 / acc: 89.860% / loss: 0.3399 / Time: 1.00s
======================================================================================================

round 170 local learning rate = 0.01
round 171 local learning rate = 0.01
round 172 local learning rate = 0.01
round 173 local learning rate = 0.01
round 174 local learning rate = 0.01

>>> Round:  175 / Acc: 89.439% / Loss: 0.3568 / Grad Norm: 0.3953 / Grad Diff: 61.5033 / Time: 9.46s
======================================================================================================

= Test = round: 175 / acc: 90.030% / loss: 0.3343 / Time: 1.05s
======================================================================================================

round 175 local learning rate = 0.01
round 176 local learning rate = 0.01
round 177 local learning rate = 0.01
round 178 local learning rate = 0.01
round 179 local learning rate = 0.01

>>> Round:  180 / Acc: 89.620% / Loss: 0.3509 / Grad Norm: 0.3938 / Grad Diff: 60.2726 / Time: 10.02s
======================================================================================================

= Test = round: 180 / acc: 90.220% / loss: 0.3288 / Time: 0.97s
======================================================================================================

round 180 local learning rate = 0.01
round 181 local learning rate = 0.01
round 182 local learning rate = 0.01
round 183 local learning rate = 0.01
round 184 local learning rate = 0.01

>>> Round:  185 / Acc: 89.777% / Loss: 0.3453 / Grad Norm: 0.3941 / Grad Diff: 58.9405 / Time: 10.18s
======================================================================================================

= Test = round: 185 / acc: 90.400% / loss: 0.3237 / Time: 0.95s
======================================================================================================

round 185 local learning rate = 0.01
round 186 local learning rate = 0.01
round 187 local learning rate = 0.01
round 188 local learning rate = 0.01
round 189 local learning rate = 0.01

>>> Round:  190 / Acc: 89.946% / Loss: 0.3401 / Grad Norm: 0.3905 / Grad Diff: 57.4343 / Time: 8.13s
======================================================================================================

= Test = round: 190 / acc: 90.570% / loss: 0.3188 / Time: 0.79s
======================================================================================================

round 190 local learning rate = 0.01
round 191 local learning rate = 0.01
round 192 local learning rate = 0.01
round 193 local learning rate = 0.01
round 194 local learning rate = 0.01

>>> Round:  195 / Acc: 90.133% / Loss: 0.3350 / Grad Norm: 0.3720 / Grad Diff: 55.9774 / Time: 7.80s
======================================================================================================

= Test = round: 195 / acc: 90.690% / loss: 0.3141 / Time: 0.80s
======================================================================================================

round 195 local learning rate = 0.01
round 196 local learning rate = 0.01
round 197 local learning rate = 0.01
round 198 local learning rate = 0.01
round 199 local learning rate = 0.01

>>> Round:  200 / Acc: 90.273% / Loss: 0.3298 / Grad Norm: 0.3735 / Grad Diff: 54.9862 / Time: 9.25s
======================================================================================================

= Test = round: 200 / acc: 90.840% / loss: 0.3096 / Time: 0.88s
======================================================================================================

>>> Training model_ft
Epoch: 001, Train_loss: 1.2620, Train_acc: 0.6033, Test_loss: 1.2438, Test_acc: 0.6110
Epoch: 006, Train_loss: 0.9734, Train_acc: 0.6890, Test_loss: 0.9702, Test_acc: 0.6876
Epoch: 011, Train_loss: 0.8963, Train_acc: 0.7149, Test_loss: 0.9163, Test_acc: 0.7117
Epoch: 016, Train_loss: 0.8579, Train_acc: 0.7268, Test_loss: 0.8853, Test_acc: 0.7227
Epoch: 021, Train_loss: 0.8313, Train_acc: 0.7356, Test_loss: 0.8711, Test_acc: 0.7271
Epoch: 026, Train_loss: 0.8173, Train_acc: 0.7391, Test_loss: 0.8637, Test_acc: 0.7266
Epoch: 031, Train_loss: 0.8036, Train_acc: 0.7428, Test_loss: 0.8595, Test_acc: 0.7305
Epoch: 036, Train_loss: 0.7920, Train_acc: 0.7443, Test_loss: 0.8554, Test_acc: 0.7301
Epoch: 041, Train_loss: 0.7726, Train_acc: 0.7511, Test_loss: 0.8406, Test_acc: 0.7348
Epoch: 046, Train_loss: 0.7692, Train_acc: 0.7512, Test_loss: 0.8403, Test_acc: 0.7330
Epoch: 051, Train_loss: 0.7575, Train_acc: 0.7582, Test_loss: 0.8345, Test_acc: 0.7359
Epoch: 056, Train_loss: 0.7705, Train_acc: 0.7506, Test_loss: 0.8605, Test_acc: 0.7267
Epoch: 061, Train_loss: 0.7397, Train_acc: 0.7625, Test_loss: 0.8232, Test_acc: 0.7393
Epoch: 066, Train_loss: 0.7433, Train_acc: 0.7562, Test_loss: 0.8266, Test_acc: 0.7385
Epoch: 071, Train_loss: 0.7364, Train_acc: 0.7613, Test_loss: 0.8271, Test_acc: 0.7395
Epoch: 076, Train_loss: 0.7271, Train_acc: 0.7643, Test_loss: 0.8279, Test_acc: 0.7415
Epoch: 081, Train_loss: 0.7177, Train_acc: 0.7683, Test_loss: 0.8181, Test_acc: 0.7429
Epoch: 086, Train_loss: 0.7297, Train_acc: 0.7602, Test_loss: 0.8296, Test_acc: 0.7393
Fine-tuning early stopped. Model saved at ./models/ft_checkpoints/20230925165208_model_ft.pt.
Model saved at ./models/ft_checkpoints/20230925165208_model_ft.pt.
>>> Fine-tuning done!
>>> Evaluating model_source_only
model_ft: [0.717032999846372, 0.7668514092981474, 0.817540336139943, 0.7415842684146206]
model_source_only: [2.483792948445228, 0.4125692784868053, 2.5224616583711956, 0.4080657704699478]
fl_test_acc_mean 0.908
model_source_only_test_acc_mean 0.4080657704699478
model_ft_test_acc_mean 0.7415842684146206
