nohup: ignoring input



 reg_J_flag =  0
<class 'int'>



 does 0 == 0 ?   True



 reg_J_flag =  False
>>> Arguments:
	             algo : fedavg4
	       batch_size : 64
	clients_per_round : 10
	          dataset : mnist_all_data_1_random_niid
	           device : 0
	              dis : 
	       eval_every : 5
	 finetune_dataset : mnist-m
	  finetune_epochs : 20
	      finetune_lr : 0.01
	      finetune_wd : 0.0
	    ft_batch_size : 1024
	              gpu : True
	      input_shape : (1, 28, 28)
	        lbd_reg_J : 0.0001
	               lr : 0.01
	            model : LeNet
	        noaverage : False
	          noprint : False
	        num_class : 10
	        num_epoch : 10
	        num_round : 200
	       reg_J_flag : False
	             seed : 0
	               wd : 0.0
>>> Read data from:
     ./data/mnist/data/train/all_data_1_random_niid.pkl
     ./data/mnist/data/test/all_data_1_random_niid.pkl
Training model_flag...
Epoch:001, Trn_loss:0.0212, Trn_acc:0.3110, Tst_loss:0.1791, Tst_acc:0.3299
Epoch:002, Trn_loss:0.0206, Trn_acc:0.3436, Tst_loss:0.1718, Tst_acc:0.3555
Epoch:003, Trn_loss:0.0209, Trn_acc:0.3460, Tst_loss:0.1693, Tst_acc:0.3568
Epoch:004, Trn_loss:0.0201, Trn_acc:0.3628, Tst_loss:0.1652, Tst_acc:0.3741
Epoch:005, Trn_loss:0.0196, Trn_acc:0.3715, Tst_loss:0.1657, Tst_acc:0.3783
Epoch:006, Trn_loss:0.0198, Trn_acc:0.3744, Tst_loss:0.1650, Tst_acc:0.3831
Epoch:007, Trn_loss:0.0200, Trn_acc:0.3666, Tst_loss:0.1642, Tst_acc:0.3796
Epoch:008, Trn_loss:0.0201, Trn_acc:0.3778, Tst_loss:0.1636, Tst_acc:0.3835
Epoch:009, Trn_loss:0.0201, Trn_acc:0.3726, Tst_loss:0.1660, Tst_acc:0.3844
Epoch:010, Trn_loss:0.0199, Trn_acc:0.3759, Tst_loss:0.1633, Tst_acc:0.3792
Epoch:011, Trn_loss:0.0193, Trn_acc:0.3784, Tst_loss:0.1692, Tst_acc:0.3806
Epoch:012, Trn_loss:0.0195, Trn_acc:0.3785, Tst_loss:0.1667, Tst_acc:0.3857
Epoch:013, Trn_loss:0.0195, Trn_acc:0.3858, Tst_loss:0.1637, Tst_acc:0.3920
Epoch:014, Trn_loss:0.0201, Trn_acc:0.3842, Tst_loss:0.1631, Tst_acc:0.3904
Epoch:015, Trn_loss:0.0196, Trn_acc:0.3858, Tst_loss:0.1631, Tst_acc:0.3857
Epoch:016, Trn_loss:0.0197, Trn_acc:0.3824, Tst_loss:0.1628, Tst_acc:0.3841
Epoch:017, Trn_loss:0.0196, Trn_acc:0.3772, Tst_loss:0.1667, Tst_acc:0.3827
Epoch:018, Trn_loss:0.0193, Trn_acc:0.3846, Tst_loss:0.1675, Tst_acc:0.3855
Epoch:019, Trn_loss:0.0194, Trn_acc:0.3877, Tst_loss:0.1649, Tst_acc:0.3904
Epoch:020, Trn_loss:0.0189, Trn_acc:0.3865, Tst_loss:0.1669, Tst_acc:0.3908
Finetune done
