nohup: ignoring input



 reg_J_flag =  0
<class 'int'>



 does 0 == 0 ?   True



 reg_J_flag =  False
>>> Arguments:
	             algo : fedavg4
	       batch_size : 64
	clients_per_round : 10
	          dataset : mnist_all_data_1_random_niid
	           device : 0
	              dis : 
	       eval_every : 5
	 finetune_dataset : mnist-m
	  finetune_epochs : 20
	      finetune_lr : 0.01
	      finetune_wd : 0.0
	    ft_batch_size : 1024
	              gpu : True
	      input_shape : (1, 28, 28)
	        lbd_reg_J : 0.0001
	               lr : 0.01
	            model : LeNet
	        noaverage : False
	          noprint : False
	        num_class : 10
	        num_epoch : 10
	        num_round : 200
	       reg_J_flag : False
	             seed : 100
	               wd : 0.0
>>> Read data from:
     ./data/mnist/data/train/all_data_1_random_niid.pkl
     ./data/mnist/data/test/all_data_1_random_niid.pkl
Training model_flag...
Epoch:001, Trn_loss:0.0228, Trn_acc:0.2868, Tst_loss:0.1827, Tst_acc:0.2930
Epoch:002, Trn_loss:0.0204, Trn_acc:0.3304, Tst_loss:0.1753, Tst_acc:0.3344
Epoch:003, Trn_loss:0.0211, Trn_acc:0.3479, Tst_loss:0.1726, Tst_acc:0.3527
Epoch:004, Trn_loss:0.0210, Trn_acc:0.3648, Tst_loss:0.1673, Tst_acc:0.3625
Epoch:005, Trn_loss:0.0202, Trn_acc:0.3701, Tst_loss:0.1659, Tst_acc:0.3716
Epoch:006, Trn_loss:0.0197, Trn_acc:0.3747, Tst_loss:0.1667, Tst_acc:0.3761
Epoch:007, Trn_loss:0.0193, Trn_acc:0.3783, Tst_loss:0.1683, Tst_acc:0.3815
Epoch:008, Trn_loss:0.0201, Trn_acc:0.3661, Tst_loss:0.1697, Tst_acc:0.3703
Epoch:009, Trn_loss:0.0198, Trn_acc:0.3857, Tst_loss:0.1630, Tst_acc:0.3924
Epoch:010, Trn_loss:0.0196, Trn_acc:0.3930, Tst_loss:0.1582, Tst_acc:0.3985
Epoch:011, Trn_loss:0.0199, Trn_acc:0.3900, Tst_loss:0.1658, Tst_acc:0.3913
Epoch:012, Trn_loss:0.0199, Trn_acc:0.3794, Tst_loss:0.1624, Tst_acc:0.3818
Epoch:013, Trn_loss:0.0199, Trn_acc:0.3779, Tst_loss:0.1649, Tst_acc:0.3831
Epoch:014, Trn_loss:0.0191, Trn_acc:0.3802, Tst_loss:0.1617, Tst_acc:0.3851
Epoch:015, Trn_loss:0.0196, Trn_acc:0.3915, Tst_loss:0.1618, Tst_acc:0.3928
Epoch:016, Trn_loss:0.0195, Trn_acc:0.3867, Tst_loss:0.1605, Tst_acc:0.3928
Epoch:017, Trn_loss:0.0191, Trn_acc:0.3886, Tst_loss:0.1665, Tst_acc:0.3923
Epoch:018, Trn_loss:0.0198, Trn_acc:0.3750, Tst_loss:0.1579, Tst_acc:0.3738
Epoch:019, Trn_loss:0.0195, Trn_acc:0.3962, Tst_loss:0.1598, Tst_acc:0.4024
Epoch:020, Trn_loss:0.0191, Trn_acc:0.3976, Tst_loss:0.1627, Tst_acc:0.4052
Finetune done
