nohup: ignoring input
uid: 20230914153401
Using device: cuda:0
>>> Arguments:
	             algo : fedavgtl
	            alpha : 51871.0
	       batch_size : 64
	clients_per_round : 100
	          dataset : mnist_all_data_1_equal_niid
	           device : cuda:0
	              dis : 
	   early_stopping : 20
	       eval_every : 5
	    ft_batch_size : 64
	       ft_dataset : mnist-m
	        ft_epochs : 100
	            ft_lr : 0.001
	            ft_wd : 0.0001
	              gpu : True
	      input_shape : (1, 28, 28)
	           last_k : 1
	               lr : 0.01
	            model : lenet
	           n_init : 5
	        noaverage : False
	          noprint : False
	        num_class : 10
	        num_epoch : 1
	        num_round : 300
	           opt_lr : False
	            reg_J : False
	       reg_J_coef : 0.0
	             seed : 0
	               wd : 0.0001
>>> Read data from:
     ./data/mnist/data/all_data_1.pkl
>>> The estimate of constant alpha is 51871.0.
>>> Read data from:
     ./data/mnist/data/train/all_data_1_equal_niid.pkl
     ./data/mnist/data/test/all_data_1_equal_niid.pkl
FL pretrained model will be saved at ./models/lenet_mnist_20230914153401.pt
>>> Use gpu on device cuda:0
>>> Model statistic per layer
LeNet_MNIST(
  286.12 KMac, 100.000% MACs, 
  (conv1): Conv2d(89.856 KMac, 31.405% MACs, 1, 6, kernel_size=(5, 5), stride=(1, 1))
  (conv2): Conv2d(154.624 KMac, 54.042% MACs, 6, 16, kernel_size=(5, 5), stride=(1, 1))
  (fc1): Linear(30.72 KMac, 10.737% MACs, in_features=256, out_features=120, bias=True)
  (fc2): Linear(10.08 KMac, 3.523% MACs, in_features=120, out_features=84, bias=True)
  (fc3): Linear(840.0 Mac, 0.294% MACs, in_features=84, out_features=10, bias=True)
)
>>> Activate a worker for training
>>> Initialize 100 clients in total
>>> Weigh updates by simple average
>>> Select 100 clients per round 


>>> Round:    0 / Acc: 10.821% / Loss: 2.3039 / Grad Norm: 0.1631 / Grad Diff: 1.3544 / Time: 7.51s
======================================================================================================

= Test = round: 0 / acc: 11.210% / loss: 2.3019 / Time: 0.60s
======================================================================================================

round 0 local learning rate = 0.01

>>> Round:    1 / Acc: 11.862% / Loss: 2.3011 / Grad Norm: 0.1755 / Grad Diff: 1.6374 / Time: 7.63s
======================================================================================================

round 1 local learning rate = 0.01

>>> Round:    2 / Acc: 12.633% / Loss: 2.2976 / Grad Norm: 0.1949 / Grad Diff: 2.1329 / Time: 7.57s
======================================================================================================

round 2 local learning rate = 0.005

>>> Round:    3 / Acc: 13.144% / Loss: 2.2955 / Grad Norm: 0.2032 / Grad Diff: 2.3553 / Time: 7.39s
======================================================================================================

round 3 local learning rate = 0.0033333333333333335

>>> Round:    4 / Acc: 13.607% / Loss: 2.2940 / Grad Norm: 0.2078 / Grad Diff: 2.4861 / Time: 7.53s
======================================================================================================

round 4 local learning rate = 0.0025

>>> Round:    5 / Acc: 14.028% / Loss: 2.2928 / Grad Norm: 0.2108 / Grad Diff: 2.5739 / Time: 7.57s
======================================================================================================

= Test = round: 5 / acc: 14.300% / loss: 2.2908 / Time: 0.81s
======================================================================================================

round 5 local learning rate = 0.002

>>> Round:    6 / Acc: 14.339% / Loss: 2.2919 / Grad Norm: 0.2130 / Grad Diff: 2.6386 / Time: 7.37s
======================================================================================================

round 6 local learning rate = 0.0016666666666666668

>>> Round:    7 / Acc: 14.550% / Loss: 2.2911 / Grad Norm: 0.2148 / Grad Diff: 2.6889 / Time: 7.93s
======================================================================================================

round 7 local learning rate = 0.0014285714285714286

>>> Round:    8 / Acc: 14.766% / Loss: 2.2904 / Grad Norm: 0.2161 / Grad Diff: 2.7302 / Time: 7.49s
======================================================================================================

round 8 local learning rate = 0.00125

>>> Round:    9 / Acc: 14.935% / Loss: 2.2897 / Grad Norm: 0.2170 / Grad Diff: 2.7636 / Time: 7.47s
======================================================================================================

round 9 local learning rate = 0.0011111111111111111

>>> Round:   10 / Acc: 15.077% / Loss: 2.2892 / Grad Norm: 0.2179 / Grad Diff: 2.7924 / Time: 7.64s
======================================================================================================

= Test = round: 10 / acc: 15.300% / loss: 2.2872 / Time: 0.62s
======================================================================================================

round 10 local learning rate = 0.001

>>> Round:   11 / Acc: 15.207% / Loss: 2.2887 / Grad Norm: 0.2186 / Grad Diff: 2.8177 / Time: 7.48s
======================================================================================================

round 11 local learning rate = 0.0009090909090909091

>>> Round:   12 / Acc: 15.319% / Loss: 2.2882 / Grad Norm: 0.2194 / Grad Diff: 2.8397 / Time: 7.62s
======================================================================================================

round 12 local learning rate = 0.0008333333333333334

>>> Round:   13 / Acc: 15.439% / Loss: 2.2878 / Grad Norm: 0.2199 / Grad Diff: 2.8595 / Time: 8.27s
======================================================================================================

round 13 local learning rate = 0.0007692307692307692

>>> Round:   14 / Acc: 15.570% / Loss: 2.2874 / Grad Norm: 0.2203 / Grad Diff: 2.8772 / Time: 8.42s
======================================================================================================

round 14 local learning rate = 0.0007142857142857143

>>> Round:   15 / Acc: 15.642% / Loss: 2.2871 / Grad Norm: 0.2206 / Grad Diff: 2.8929 / Time: 8.53s
======================================================================================================

= Test = round: 15 / acc: 15.890% / loss: 2.2851 / Time: 0.60s
======================================================================================================

round 15 local learning rate = 0.0006666666666666666

>>> Round:   16 / Acc: 15.707% / Loss: 2.2867 / Grad Norm: 0.2210 / Grad Diff: 2.9077 / Time: 7.88s
======================================================================================================

round 16 local learning rate = 0.000625

>>> Round:   17 / Acc: 15.755% / Loss: 2.2864 / Grad Norm: 0.2212 / Grad Diff: 2.9215 / Time: 7.46s
======================================================================================================

round 17 local learning rate = 0.0005882352941176471

>>> Round:   18 / Acc: 15.827% / Loss: 2.2861 / Grad Norm: 0.2215 / Grad Diff: 2.9341 / Time: 7.70s
======================================================================================================

round 18 local learning rate = 0.0005555555555555556

>>> Round:   19 / Acc: 15.904% / Loss: 2.2858 / Grad Norm: 0.2218 / Grad Diff: 2.9457 / Time: 7.45s
======================================================================================================

round 19 local learning rate = 0.0005263157894736842

>>> Round:   20 / Acc: 15.963% / Loss: 2.2856 / Grad Norm: 0.2220 / Grad Diff: 2.9565 / Time: 7.41s
======================================================================================================

= Test = round: 20 / acc: 16.290% / loss: 2.2836 / Time: 0.62s
======================================================================================================

round 20 local learning rate = 0.0005

>>> Round:   21 / Acc: 16.026% / Loss: 2.2853 / Grad Norm: 0.2222 / Grad Diff: 2.9667 / Time: 7.42s
======================================================================================================

round 21 local learning rate = 0.0004761904761904762

>>> Round:   22 / Acc: 16.083% / Loss: 2.2851 / Grad Norm: 0.2224 / Grad Diff: 2.9762 / Time: 7.56s
======================================================================================================

round 22 local learning rate = 0.00045454545454545455

>>> Round:   23 / Acc: 16.129% / Loss: 2.2848 / Grad Norm: 0.2225 / Grad Diff: 2.9852 / Time: 7.50s
======================================================================================================

round 23 local learning rate = 0.0004347826086956522

>>> Round:   24 / Acc: 16.207% / Loss: 2.2846 / Grad Norm: 0.2227 / Grad Diff: 2.9938 / Time: 8.76s
======================================================================================================

round 24 local learning rate = 0.0004166666666666667

>>> Round:   25 / Acc: 16.266% / Loss: 2.2844 / Grad Norm: 0.2229 / Grad Diff: 3.0017 / Time: 7.46s
======================================================================================================

= Test = round: 25 / acc: 16.570% / loss: 2.2825 / Time: 0.80s
======================================================================================================

round 25 local learning rate = 0.0004

>>> Round:   26 / Acc: 16.317% / Loss: 2.2842 / Grad Norm: 0.2231 / Grad Diff: 3.0099 / Time: 7.42s
======================================================================================================

round 26 local learning rate = 0.0003846153846153846

>>> Round:   27 / Acc: 16.341% / Loss: 2.2840 / Grad Norm: 0.2233 / Grad Diff: 3.0174 / Time: 7.59s
======================================================================================================

round 27 local learning rate = 0.00037037037037037035

>>> Round:   28 / Acc: 16.369% / Loss: 2.2838 / Grad Norm: 0.2233 / Grad Diff: 3.0243 / Time: 7.59s
======================================================================================================

round 28 local learning rate = 0.00035714285714285714

>>> Round:   29 / Acc: 16.389% / Loss: 2.2836 / Grad Norm: 0.2234 / Grad Diff: 3.0312 / Time: 7.47s
======================================================================================================

round 29 local learning rate = 0.0003448275862068966

>>> Round:   30 / Acc: 16.421% / Loss: 2.2835 / Grad Norm: 0.2235 / Grad Diff: 3.0381 / Time: 8.71s
======================================================================================================

= Test = round: 30 / acc: 16.770% / loss: 2.2816 / Time: 0.61s
======================================================================================================

round 30 local learning rate = 0.0003333333333333333

>>> Round:   31 / Acc: 16.458% / Loss: 2.2833 / Grad Norm: 0.2235 / Grad Diff: 3.0441 / Time: 7.62s
======================================================================================================

round 31 local learning rate = 0.0003225806451612903

>>> Round:   32 / Acc: 16.489% / Loss: 2.2831 / Grad Norm: 0.2236 / Grad Diff: 3.0500 / Time: 7.76s
======================================================================================================

round 32 local learning rate = 0.0003125

>>> Round:   33 / Acc: 16.533% / Loss: 2.2830 / Grad Norm: 0.2237 / Grad Diff: 3.0560 / Time: 7.58s
======================================================================================================

round 33 local learning rate = 0.00030303030303030303

>>> Round:   34 / Acc: 16.576% / Loss: 2.2828 / Grad Norm: 0.2238 / Grad Diff: 3.0616 / Time: 8.97s
======================================================================================================

round 34 local learning rate = 0.00029411764705882356

>>> Round:   35 / Acc: 16.618% / Loss: 2.2827 / Grad Norm: 0.2239 / Grad Diff: 3.0674 / Time: 7.86s
======================================================================================================

= Test = round: 35 / acc: 16.930% / loss: 2.2808 / Time: 0.65s
======================================================================================================

round 35 local learning rate = 0.00028571428571428574

>>> Round:   36 / Acc: 16.653% / Loss: 2.2825 / Grad Norm: 0.2239 / Grad Diff: 3.0731 / Time: 7.49s
======================================================================================================

round 36 local learning rate = 0.0002777777777777778

>>> Round:   37 / Acc: 16.686% / Loss: 2.2824 / Grad Norm: 0.2239 / Grad Diff: 3.0784 / Time: 7.65s
======================================================================================================

round 37 local learning rate = 0.0002702702702702703

>>> Round:   38 / Acc: 16.720% / Loss: 2.2822 / Grad Norm: 0.2240 / Grad Diff: 3.0837 / Time: 8.70s
======================================================================================================

round 38 local learning rate = 0.0002631578947368421

>>> Round:   39 / Acc: 16.764% / Loss: 2.2821 / Grad Norm: 0.2240 / Grad Diff: 3.0885 / Time: 7.56s
======================================================================================================

round 39 local learning rate = 0.0002564102564102564

>>> Round:   40 / Acc: 16.801% / Loss: 2.2820 / Grad Norm: 0.2240 / Grad Diff: 3.0933 / Time: 8.49s
======================================================================================================

= Test = round: 40 / acc: 17.090% / loss: 2.2801 / Time: 0.65s
======================================================================================================

round 40 local learning rate = 0.00025

>>> Round:   41 / Acc: 16.819% / Loss: 2.2818 / Grad Norm: 0.2241 / Grad Diff: 3.0979 / Time: 7.51s
======================================================================================================

round 41 local learning rate = 0.00024390243902439024

>>> Round:   42 / Acc: 16.832% / Loss: 2.2817 / Grad Norm: 0.2241 / Grad Diff: 3.1025 / Time: 7.45s
======================================================================================================

round 42 local learning rate = 0.0002380952380952381

>>> Round:   43 / Acc: 16.865% / Loss: 2.2816 / Grad Norm: 0.2242 / Grad Diff: 3.1068 / Time: 7.45s
======================================================================================================

round 43 local learning rate = 0.00023255813953488373

>>> Round:   44 / Acc: 16.884% / Loss: 2.2815 / Grad Norm: 0.2242 / Grad Diff: 3.1111 / Time: 7.03s
======================================================================================================

round 44 local learning rate = 0.00022727272727272727

>>> Round:   45 / Acc: 16.899% / Loss: 2.2814 / Grad Norm: 0.2243 / Grad Diff: 3.1153 / Time: 7.80s
======================================================================================================

= Test = round: 45 / acc: 17.150% / loss: 2.2795 / Time: 0.65s
======================================================================================================

round 45 local learning rate = 0.00022222222222222223

>>> Round:   46 / Acc: 16.923% / Loss: 2.2812 / Grad Norm: 0.2243 / Grad Diff: 3.1195 / Time: 7.56s
======================================================================================================

round 46 local learning rate = 0.0002173913043478261

>>> Round:   47 / Acc: 16.950% / Loss: 2.2811 / Grad Norm: 0.2244 / Grad Diff: 3.1233 / Time: 7.34s
======================================================================================================

round 47 local learning rate = 0.0002127659574468085

>>> Round:   48 / Acc: 16.967% / Loss: 2.2810 / Grad Norm: 0.2245 / Grad Diff: 3.1271 / Time: 7.45s
======================================================================================================

round 48 local learning rate = 0.00020833333333333335

>>> Round:   49 / Acc: 16.974% / Loss: 2.2809 / Grad Norm: 0.2245 / Grad Diff: 3.1309 / Time: 8.84s
======================================================================================================

round 49 local learning rate = 0.00020408163265306123

>>> Round:   50 / Acc: 16.989% / Loss: 2.2808 / Grad Norm: 0.2246 / Grad Diff: 3.1345 / Time: 7.48s
======================================================================================================

= Test = round: 50 / acc: 17.270% / loss: 2.2789 / Time: 0.68s
======================================================================================================

round 50 local learning rate = 0.0002

>>> Round:   51 / Acc: 17.009% / Loss: 2.2807 / Grad Norm: 0.2246 / Grad Diff: 3.1381 / Time: 7.55s
======================================================================================================

round 51 local learning rate = 0.000196078431372549

>>> Round:   52 / Acc: 17.020% / Loss: 2.2806 / Grad Norm: 0.2246 / Grad Diff: 3.1418 / Time: 7.45s
======================================================================================================

round 52 local learning rate = 0.0001923076923076923

>>> Round:   53 / Acc: 17.026% / Loss: 2.2805 / Grad Norm: 0.2247 / Grad Diff: 3.1453 / Time: 7.56s
======================================================================================================

round 53 local learning rate = 0.00018867924528301886

>>> Round:   54 / Acc: 17.054% / Loss: 2.2804 / Grad Norm: 0.2248 / Grad Diff: 3.1487 / Time: 7.42s
======================================================================================================

round 54 local learning rate = 0.00018518518518518518

>>> Round:   55 / Acc: 17.052% / Loss: 2.2803 / Grad Norm: 0.2248 / Grad Diff: 3.1522 / Time: 7.48s
======================================================================================================

= Test = round: 55 / acc: 17.300% / loss: 2.2785 / Time: 0.61s
======================================================================================================

round 55 local learning rate = 0.00018181818181818183

>>> Round:   56 / Acc: 17.066% / Loss: 2.2802 / Grad Norm: 0.2249 / Grad Diff: 3.1553 / Time: 7.46s
======================================================================================================

round 56 local learning rate = 0.00017857142857142857

>>> Round:   57 / Acc: 17.087% / Loss: 2.2801 / Grad Norm: 0.2249 / Grad Diff: 3.1585 / Time: 9.03s
======================================================================================================

round 57 local learning rate = 0.00017543859649122808

>>> Round:   58 / Acc: 17.101% / Loss: 2.2801 / Grad Norm: 0.2250 / Grad Diff: 3.1618 / Time: 8.02s
======================================================================================================

round 58 local learning rate = 0.0001724137931034483

>>> Round:   59 / Acc: 17.124% / Loss: 2.2800 / Grad Norm: 0.2250 / Grad Diff: 3.1649 / Time: 9.64s
======================================================================================================

round 59 local learning rate = 0.00016949152542372882

>>> Round:   60 / Acc: 17.124% / Loss: 2.2799 / Grad Norm: 0.2251 / Grad Diff: 3.1679 / Time: 7.62s
======================================================================================================

= Test = round: 60 / acc: 17.370% / loss: 2.2780 / Time: 0.63s
======================================================================================================

round 60 local learning rate = 0.00016666666666666666

>>> Round:   61 / Acc: 17.144% / Loss: 2.2798 / Grad Norm: 0.2251 / Grad Diff: 3.1709 / Time: 7.49s
======================================================================================================

round 61 local learning rate = 0.0001639344262295082

>>> Round:   62 / Acc: 17.168% / Loss: 2.2797 / Grad Norm: 0.2252 / Grad Diff: 3.1738 / Time: 7.44s
======================================================================================================

round 62 local learning rate = 0.00016129032258064516

>>> Round:   63 / Acc: 17.181% / Loss: 2.2796 / Grad Norm: 0.2252 / Grad Diff: 3.1768 / Time: 7.47s
======================================================================================================

round 63 local learning rate = 0.00015873015873015873

>>> Round:   64 / Acc: 17.192% / Loss: 2.2795 / Grad Norm: 0.2253 / Grad Diff: 3.1795 / Time: 7.47s
======================================================================================================

round 64 local learning rate = 0.00015625

>>> Round:   65 / Acc: 17.208% / Loss: 2.2795 / Grad Norm: 0.2253 / Grad Diff: 3.1824 / Time: 7.55s
======================================================================================================

= Test = round: 65 / acc: 17.440% / loss: 2.2776 / Time: 0.65s
======================================================================================================

round 65 local learning rate = 0.00015384615384615385

>>> Round:   66 / Acc: 17.227% / Loss: 2.2794 / Grad Norm: 0.2254 / Grad Diff: 3.1854 / Time: 8.98s
======================================================================================================

round 66 local learning rate = 0.00015151515151515152

>>> Round:   67 / Acc: 17.234% / Loss: 2.2793 / Grad Norm: 0.2255 / Grad Diff: 3.1883 / Time: 9.10s
======================================================================================================

round 67 local learning rate = 0.00014925373134328358

>>> Round:   68 / Acc: 17.244% / Loss: 2.2792 / Grad Norm: 0.2255 / Grad Diff: 3.1911 / Time: 7.31s
======================================================================================================

round 68 local learning rate = 0.00014705882352941178

>>> Round:   69 / Acc: 17.242% / Loss: 2.2792 / Grad Norm: 0.2256 / Grad Diff: 3.1937 / Time: 7.60s
======================================================================================================

round 69 local learning rate = 0.00014492753623188405

>>> Round:   70 / Acc: 17.256% / Loss: 2.2791 / Grad Norm: 0.2256 / Grad Diff: 3.1961 / Time: 7.50s
======================================================================================================

= Test = round: 70 / acc: 17.560% / loss: 2.2772 / Time: 0.65s
======================================================================================================

round 70 local learning rate = 0.00014285714285714287

>>> Round:   71 / Acc: 17.260% / Loss: 2.2790 / Grad Norm: 0.2256 / Grad Diff: 3.1986 / Time: 7.50s
======================================================================================================

round 71 local learning rate = 0.00014084507042253522

>>> Round:   72 / Acc: 17.269% / Loss: 2.2789 / Grad Norm: 0.2257 / Grad Diff: 3.2011 / Time: 7.51s
======================================================================================================

round 72 local learning rate = 0.0001388888888888889

>>> Round:   73 / Acc: 17.290% / Loss: 2.2789 / Grad Norm: 0.2257 / Grad Diff: 3.2038 / Time: 7.53s
======================================================================================================

round 73 local learning rate = 0.000136986301369863

>>> Round:   74 / Acc: 17.312% / Loss: 2.2788 / Grad Norm: 0.2257 / Grad Diff: 3.2064 / Time: 7.51s
======================================================================================================

round 74 local learning rate = 0.00013513513513513514

>>> Round:   75 / Acc: 17.336% / Loss: 2.2787 / Grad Norm: 0.2258 / Grad Diff: 3.2089 / Time: 7.53s
======================================================================================================

= Test = round: 75 / acc: 17.630% / loss: 2.2769 / Time: 0.62s
======================================================================================================

round 75 local learning rate = 0.00013333333333333334

>>> Round:   76 / Acc: 17.341% / Loss: 2.2787 / Grad Norm: 0.2258 / Grad Diff: 3.2113 / Time: 7.51s
======================================================================================================

round 76 local learning rate = 0.00013157894736842105

>>> Round:   77 / Acc: 17.356% / Loss: 2.2786 / Grad Norm: 0.2258 / Grad Diff: 3.2137 / Time: 7.48s
======================================================================================================

round 77 local learning rate = 0.00012987012987012987

>>> Round:   78 / Acc: 17.373% / Loss: 2.2785 / Grad Norm: 0.2259 / Grad Diff: 3.2161 / Time: 7.67s
======================================================================================================

round 78 local learning rate = 0.0001282051282051282

>>> Round:   79 / Acc: 17.375% / Loss: 2.2785 / Grad Norm: 0.2259 / Grad Diff: 3.2185 / Time: 7.51s
======================================================================================================

round 79 local learning rate = 0.00012658227848101267

>>> Round:   80 / Acc: 17.376% / Loss: 2.2784 / Grad Norm: 0.2260 / Grad Diff: 3.2209 / Time: 7.60s
======================================================================================================

= Test = round: 80 / acc: 17.700% / loss: 2.2765 / Time: 0.64s
======================================================================================================

round 80 local learning rate = 0.000125

>>> Round:   81 / Acc: 17.393% / Loss: 2.2783 / Grad Norm: 0.2261 / Grad Diff: 3.2233 / Time: 7.47s
======================================================================================================

round 81 local learning rate = 0.0001234567901234568

>>> Round:   82 / Acc: 17.400% / Loss: 2.2783 / Grad Norm: 0.2261 / Grad Diff: 3.2257 / Time: 7.50s
======================================================================================================

round 82 local learning rate = 0.00012195121951219512

>>> Round:   83 / Acc: 17.410% / Loss: 2.2782 / Grad Norm: 0.2262 / Grad Diff: 3.2280 / Time: 7.59s
======================================================================================================

round 83 local learning rate = 0.00012048192771084338

>>> Round:   84 / Acc: 17.413% / Loss: 2.2781 / Grad Norm: 0.2262 / Grad Diff: 3.2303 / Time: 8.15s
======================================================================================================

round 84 local learning rate = 0.00011904761904761905

>>> Round:   85 / Acc: 17.424% / Loss: 2.2781 / Grad Norm: 0.2263 / Grad Diff: 3.2325 / Time: 7.46s
======================================================================================================

= Test = round: 85 / acc: 17.820% / loss: 2.2762 / Time: 0.63s
======================================================================================================

round 85 local learning rate = 0.00011764705882352942

>>> Round:   86 / Acc: 17.430% / Loss: 2.2780 / Grad Norm: 0.2264 / Grad Diff: 3.2347 / Time: 7.50s
======================================================================================================

round 86 local learning rate = 0.00011627906976744187

>>> Round:   87 / Acc: 17.439% / Loss: 2.2780 / Grad Norm: 0.2264 / Grad Diff: 3.2368 / Time: 7.56s
======================================================================================================

round 87 local learning rate = 0.00011494252873563218

>>> Round:   88 / Acc: 17.445% / Loss: 2.2779 / Grad Norm: 0.2265 / Grad Diff: 3.2391 / Time: 7.51s
======================================================================================================

round 88 local learning rate = 0.00011363636363636364

>>> Round:   89 / Acc: 17.456% / Loss: 2.2778 / Grad Norm: 0.2266 / Grad Diff: 3.2413 / Time: 8.79s
======================================================================================================

round 89 local learning rate = 0.00011235955056179776

>>> Round:   90 / Acc: 17.470% / Loss: 2.2778 / Grad Norm: 0.2266 / Grad Diff: 3.2434 / Time: 7.56s
======================================================================================================

= Test = round: 90 / acc: 17.880% / loss: 2.2759 / Time: 0.62s
======================================================================================================

round 90 local learning rate = 0.00011111111111111112

>>> Round:   91 / Acc: 17.480% / Loss: 2.2777 / Grad Norm: 0.2267 / Grad Diff: 3.2454 / Time: 7.61s
======================================================================================================

round 91 local learning rate = 0.00010989010989010989

>>> Round:   92 / Acc: 17.489% / Loss: 2.2777 / Grad Norm: 0.2267 / Grad Diff: 3.2475 / Time: 7.55s
======================================================================================================

round 92 local learning rate = 0.00010869565217391305

>>> Round:   93 / Acc: 17.494% / Loss: 2.2776 / Grad Norm: 0.2268 / Grad Diff: 3.2495 / Time: 7.61s
======================================================================================================

round 93 local learning rate = 0.00010752688172043011

>>> Round:   94 / Acc: 17.509% / Loss: 2.2776 / Grad Norm: 0.2269 / Grad Diff: 3.2515 / Time: 7.31s
======================================================================================================

round 94 local learning rate = 0.00010638297872340425

>>> Round:   95 / Acc: 17.522% / Loss: 2.2775 / Grad Norm: 0.2269 / Grad Diff: 3.2537 / Time: 7.34s
======================================================================================================

= Test = round: 95 / acc: 17.940% / loss: 2.2757 / Time: 0.63s
======================================================================================================

round 95 local learning rate = 0.00010526315789473685

>>> Round:   96 / Acc: 17.528% / Loss: 2.2774 / Grad Norm: 0.2270 / Grad Diff: 3.2556 / Time: 7.49s
======================================================================================================

round 96 local learning rate = 0.00010416666666666667

>>> Round:   97 / Acc: 17.539% / Loss: 2.2774 / Grad Norm: 0.2270 / Grad Diff: 3.2576 / Time: 7.59s
======================================================================================================

round 97 local learning rate = 0.00010309278350515464

>>> Round:   98 / Acc: 17.546% / Loss: 2.2773 / Grad Norm: 0.2271 / Grad Diff: 3.2596 / Time: 7.61s
======================================================================================================

round 98 local learning rate = 0.00010204081632653062

>>> Round:   99 / Acc: 17.555% / Loss: 2.2773 / Grad Norm: 0.2271 / Grad Diff: 3.2616 / Time: 7.71s
======================================================================================================

round 99 local learning rate = 0.00010101010101010101

>>> Round:  100 / Acc: 17.559% / Loss: 2.2772 / Grad Norm: 0.2272 / Grad Diff: 3.2636 / Time: 7.43s
======================================================================================================

= Test = round: 100 / acc: 17.980% / loss: 2.2754 / Time: 0.61s
======================================================================================================

round 100 local learning rate = 0.0001

>>> Round:  101 / Acc: 17.561% / Loss: 2.2772 / Grad Norm: 0.2272 / Grad Diff: 3.2654 / Time: 8.02s
======================================================================================================

round 101 local learning rate = 9.900990099009902e-05

>>> Round:  102 / Acc: 17.574% / Loss: 2.2771 / Grad Norm: 0.2273 / Grad Diff: 3.2675 / Time: 8.05s
======================================================================================================

round 102 local learning rate = 9.80392156862745e-05

>>> Round:  103 / Acc: 17.589% / Loss: 2.2771 / Grad Norm: 0.2273 / Grad Diff: 3.2695 / Time: 7.27s
======================================================================================================

round 103 local learning rate = 9.70873786407767e-05

>>> Round:  104 / Acc: 17.600% / Loss: 2.2770 / Grad Norm: 0.2274 / Grad Diff: 3.2714 / Time: 7.39s
======================================================================================================

round 104 local learning rate = 9.615384615384615e-05

>>> Round:  105 / Acc: 17.609% / Loss: 2.2770 / Grad Norm: 0.2274 / Grad Diff: 3.2732 / Time: 7.56s
======================================================================================================

= Test = round: 105 / acc: 18.030% / loss: 2.2751 / Time: 0.62s
======================================================================================================

round 105 local learning rate = 9.523809523809524e-05

>>> Round:  106 / Acc: 17.624% / Loss: 2.2769 / Grad Norm: 0.2274 / Grad Diff: 3.2750 / Time: 7.49s
======================================================================================================

round 106 local learning rate = 9.433962264150943e-05

>>> Round:  107 / Acc: 17.625% / Loss: 2.2769 / Grad Norm: 0.2275 / Grad Diff: 3.2768 / Time: 7.44s
======================================================================================================

round 107 local learning rate = 9.345794392523364e-05

>>> Round:  108 / Acc: 17.625% / Loss: 2.2768 / Grad Norm: 0.2275 / Grad Diff: 3.2785 / Time: 7.66s
======================================================================================================

round 108 local learning rate = 9.259259259259259e-05

>>> Round:  109 / Acc: 17.640% / Loss: 2.2768 / Grad Norm: 0.2276 / Grad Diff: 3.2802 / Time: 7.72s
======================================================================================================

round 109 local learning rate = 9.174311926605505e-05

>>> Round:  110 / Acc: 17.646% / Loss: 2.2767 / Grad Norm: 0.2276 / Grad Diff: 3.2819 / Time: 7.61s
======================================================================================================

= Test = round: 110 / acc: 18.110% / loss: 2.2749 / Time: 0.62s
======================================================================================================

round 110 local learning rate = 9.090909090909092e-05

>>> Round:  111 / Acc: 17.651% / Loss: 2.2767 / Grad Norm: 0.2276 / Grad Diff: 3.2835 / Time: 7.45s
======================================================================================================

round 111 local learning rate = 9.009009009009009e-05

>>> Round:  112 / Acc: 17.659% / Loss: 2.2766 / Grad Norm: 0.2276 / Grad Diff: 3.2853 / Time: 8.71s
======================================================================================================

round 112 local learning rate = 8.928571428571429e-05

>>> Round:  113 / Acc: 17.661% / Loss: 2.2766 / Grad Norm: 0.2277 / Grad Diff: 3.2872 / Time: 7.49s
======================================================================================================

round 113 local learning rate = 8.849557522123894e-05

>>> Round:  114 / Acc: 17.672% / Loss: 2.2765 / Grad Norm: 0.2277 / Grad Diff: 3.2889 / Time: 7.73s
======================================================================================================

round 114 local learning rate = 8.771929824561404e-05

>>> Round:  115 / Acc: 17.685% / Loss: 2.2765 / Grad Norm: 0.2277 / Grad Diff: 3.2906 / Time: 7.64s
======================================================================================================

= Test = round: 115 / acc: 18.180% / loss: 2.2747 / Time: 0.66s
======================================================================================================

round 115 local learning rate = 8.695652173913044e-05

>>> Round:  116 / Acc: 17.686% / Loss: 2.2765 / Grad Norm: 0.2278 / Grad Diff: 3.2923 / Time: 8.39s
======================================================================================================

round 116 local learning rate = 8.620689655172414e-05

>>> Round:  117 / Acc: 17.697% / Loss: 2.2764 / Grad Norm: 0.2278 / Grad Diff: 3.2941 / Time: 7.26s
======================================================================================================

round 117 local learning rate = 8.547008547008547e-05

>>> Round:  118 / Acc: 17.703% / Loss: 2.2764 / Grad Norm: 0.2279 / Grad Diff: 3.2958 / Time: 7.70s
======================================================================================================

round 118 local learning rate = 8.474576271186441e-05

>>> Round:  119 / Acc: 17.707% / Loss: 2.2763 / Grad Norm: 0.2279 / Grad Diff: 3.2974 / Time: 7.58s
======================================================================================================

round 119 local learning rate = 8.403361344537815e-05

>>> Round:  120 / Acc: 17.710% / Loss: 2.2763 / Grad Norm: 0.2280 / Grad Diff: 3.2990 / Time: 7.43s
======================================================================================================

= Test = round: 120 / acc: 18.210% / loss: 2.2744 / Time: 0.63s
======================================================================================================

round 120 local learning rate = 8.333333333333333e-05

>>> Round:  121 / Acc: 17.712% / Loss: 2.2762 / Grad Norm: 0.2280 / Grad Diff: 3.3007 / Time: 7.47s
======================================================================================================

round 121 local learning rate = 8.264462809917356e-05

>>> Round:  122 / Acc: 17.718% / Loss: 2.2762 / Grad Norm: 0.2280 / Grad Diff: 3.3024 / Time: 7.47s
======================================================================================================

round 122 local learning rate = 8.19672131147541e-05

>>> Round:  123 / Acc: 17.727% / Loss: 2.2761 / Grad Norm: 0.2281 / Grad Diff: 3.3040 / Time: 7.69s
======================================================================================================

round 123 local learning rate = 8.130081300813008e-05

>>> Round:  124 / Acc: 17.729% / Loss: 2.2761 / Grad Norm: 0.2281 / Grad Diff: 3.3056 / Time: 7.52s
======================================================================================================

round 124 local learning rate = 8.064516129032258e-05

>>> Round:  125 / Acc: 17.729% / Loss: 2.2761 / Grad Norm: 0.2281 / Grad Diff: 3.3072 / Time: 7.47s
======================================================================================================

= Test = round: 125 / acc: 18.220% / loss: 2.2742 / Time: 0.61s
======================================================================================================

round 125 local learning rate = 8e-05

>>> Round:  126 / Acc: 17.738% / Loss: 2.2760 / Grad Norm: 0.2282 / Grad Diff: 3.3089 / Time: 7.64s
======================================================================================================

round 126 local learning rate = 7.936507936507937e-05

>>> Round:  127 / Acc: 17.751% / Loss: 2.2760 / Grad Norm: 0.2282 / Grad Diff: 3.3106 / Time: 7.54s
======================================================================================================

round 127 local learning rate = 7.874015748031496e-05

>>> Round:  128 / Acc: 17.766% / Loss: 2.2759 / Grad Norm: 0.2283 / Grad Diff: 3.3122 / Time: 7.46s
======================================================================================================

round 128 local learning rate = 7.8125e-05

>>> Round:  129 / Acc: 17.768% / Loss: 2.2759 / Grad Norm: 0.2283 / Grad Diff: 3.3138 / Time: 7.48s
======================================================================================================

round 129 local learning rate = 7.751937984496124e-05

>>> Round:  130 / Acc: 17.771% / Loss: 2.2759 / Grad Norm: 0.2283 / Grad Diff: 3.3154 / Time: 7.52s
======================================================================================================

= Test = round: 130 / acc: 18.250% / loss: 2.2740 / Time: 0.64s
======================================================================================================

round 130 local learning rate = 7.692307692307693e-05

>>> Round:  131 / Acc: 17.779% / Loss: 2.2758 / Grad Norm: 0.2284 / Grad Diff: 3.3169 / Time: 7.50s
======================================================================================================

round 131 local learning rate = 7.633587786259542e-05

>>> Round:  132 / Acc: 17.782% / Loss: 2.2758 / Grad Norm: 0.2284 / Grad Diff: 3.3183 / Time: 7.45s
======================================================================================================

round 132 local learning rate = 7.575757575757576e-05

>>> Round:  133 / Acc: 17.792% / Loss: 2.2757 / Grad Norm: 0.2285 / Grad Diff: 3.3197 / Time: 7.54s
======================================================================================================

round 133 local learning rate = 7.518796992481203e-05

>>> Round:  134 / Acc: 17.793% / Loss: 2.2757 / Grad Norm: 0.2285 / Grad Diff: 3.3213 / Time: 7.50s
======================================================================================================

round 134 local learning rate = 7.462686567164179e-05

>>> Round:  135 / Acc: 17.793% / Loss: 2.2757 / Grad Norm: 0.2285 / Grad Diff: 3.3227 / Time: 7.38s
======================================================================================================

= Test = round: 135 / acc: 18.290% / loss: 2.2738 / Time: 0.81s
======================================================================================================

round 135 local learning rate = 7.407407407407407e-05

>>> Round:  136 / Acc: 17.793% / Loss: 2.2756 / Grad Norm: 0.2286 / Grad Diff: 3.3243 / Time: 7.48s
======================================================================================================

round 136 local learning rate = 7.352941176470589e-05

>>> Round:  137 / Acc: 17.803% / Loss: 2.2756 / Grad Norm: 0.2286 / Grad Diff: 3.3259 / Time: 7.60s
======================================================================================================

round 137 local learning rate = 7.299270072992701e-05

>>> Round:  138 / Acc: 17.806% / Loss: 2.2755 / Grad Norm: 0.2286 / Grad Diff: 3.3273 / Time: 7.60s
======================================================================================================

round 138 local learning rate = 7.246376811594203e-05

>>> Round:  139 / Acc: 17.814% / Loss: 2.2755 / Grad Norm: 0.2286 / Grad Diff: 3.3287 / Time: 7.13s
======================================================================================================

round 139 local learning rate = 7.194244604316547e-05

>>> Round:  140 / Acc: 17.821% / Loss: 2.2755 / Grad Norm: 0.2287 / Grad Diff: 3.3301 / Time: 7.50s
======================================================================================================

= Test = round: 140 / acc: 18.310% / loss: 2.2736 / Time: 0.64s
======================================================================================================

round 140 local learning rate = 7.142857142857143e-05

>>> Round:  141 / Acc: 17.834% / Loss: 2.2754 / Grad Norm: 0.2287 / Grad Diff: 3.3316 / Time: 7.53s
======================================================================================================

round 141 local learning rate = 7.092198581560284e-05

>>> Round:  142 / Acc: 17.836% / Loss: 2.2754 / Grad Norm: 0.2287 / Grad Diff: 3.3330 / Time: 7.54s
======================================================================================================

round 142 local learning rate = 7.042253521126761e-05

>>> Round:  143 / Acc: 17.839% / Loss: 2.2754 / Grad Norm: 0.2288 / Grad Diff: 3.3344 / Time: 7.56s
======================================================================================================

round 143 local learning rate = 6.993006993006993e-05

>>> Round:  144 / Acc: 17.843% / Loss: 2.2753 / Grad Norm: 0.2288 / Grad Diff: 3.3357 / Time: 7.51s
======================================================================================================

round 144 local learning rate = 6.944444444444444e-05

>>> Round:  145 / Acc: 17.843% / Loss: 2.2753 / Grad Norm: 0.2289 / Grad Diff: 3.3372 / Time: 7.49s
======================================================================================================

= Test = round: 145 / acc: 18.320% / loss: 2.2735 / Time: 0.61s
======================================================================================================

round 145 local learning rate = 6.896551724137931e-05

>>> Round:  146 / Acc: 17.849% / Loss: 2.2752 / Grad Norm: 0.2289 / Grad Diff: 3.3384 / Time: 7.57s
======================================================================================================

round 146 local learning rate = 6.84931506849315e-05

>>> Round:  147 / Acc: 17.860% / Loss: 2.2752 / Grad Norm: 0.2290 / Grad Diff: 3.3398 / Time: 7.57s
======================================================================================================

round 147 local learning rate = 6.802721088435374e-05

>>> Round:  148 / Acc: 17.862% / Loss: 2.2752 / Grad Norm: 0.2290 / Grad Diff: 3.3412 / Time: 8.31s
======================================================================================================

round 148 local learning rate = 6.756756756756757e-05

>>> Round:  149 / Acc: 17.865% / Loss: 2.2751 / Grad Norm: 0.2290 / Grad Diff: 3.3427 / Time: 8.00s
======================================================================================================

round 149 local learning rate = 6.711409395973155e-05

>>> Round:  150 / Acc: 17.873% / Loss: 2.2751 / Grad Norm: 0.2291 / Grad Diff: 3.3439 / Time: 7.71s
======================================================================================================

= Test = round: 150 / acc: 18.330% / loss: 2.2733 / Time: 0.60s
======================================================================================================

round 150 local learning rate = 6.666666666666667e-05

>>> Round:  151 / Acc: 17.876% / Loss: 2.2751 / Grad Norm: 0.2291 / Grad Diff: 3.3452 / Time: 8.52s
======================================================================================================

round 151 local learning rate = 6.622516556291391e-05

>>> Round:  152 / Acc: 17.875% / Loss: 2.2750 / Grad Norm: 0.2292 / Grad Diff: 3.3466 / Time: 7.84s
======================================================================================================

round 152 local learning rate = 6.578947368421052e-05

>>> Round:  153 / Acc: 17.876% / Loss: 2.2750 / Grad Norm: 0.2292 / Grad Diff: 3.3478 / Time: 7.66s
======================================================================================================

round 153 local learning rate = 6.535947712418301e-05

>>> Round:  154 / Acc: 17.884% / Loss: 2.2750 / Grad Norm: 0.2293 / Grad Diff: 3.3492 / Time: 7.55s
======================================================================================================

round 154 local learning rate = 6.493506493506494e-05

>>> Round:  155 / Acc: 17.889% / Loss: 2.2749 / Grad Norm: 0.2293 / Grad Diff: 3.3506 / Time: 7.37s
======================================================================================================

= Test = round: 155 / acc: 18.350% / loss: 2.2731 / Time: 0.63s
======================================================================================================

round 155 local learning rate = 6.451612903225807e-05

>>> Round:  156 / Acc: 17.893% / Loss: 2.2749 / Grad Norm: 0.2293 / Grad Diff: 3.3520 / Time: 7.54s
======================================================================================================

round 156 local learning rate = 6.41025641025641e-05

>>> Round:  157 / Acc: 17.891% / Loss: 2.2749 / Grad Norm: 0.2294 / Grad Diff: 3.3532 / Time: 7.43s
======================================================================================================

round 157 local learning rate = 6.369426751592357e-05

>>> Round:  158 / Acc: 17.899% / Loss: 2.2748 / Grad Norm: 0.2294 / Grad Diff: 3.3546 / Time: 7.89s
======================================================================================================

round 158 local learning rate = 6.329113924050633e-05

>>> Round:  159 / Acc: 17.906% / Loss: 2.2748 / Grad Norm: 0.2295 / Grad Diff: 3.3558 / Time: 7.46s
======================================================================================================

round 159 local learning rate = 6.289308176100629e-05

>>> Round:  160 / Acc: 17.923% / Loss: 2.2748 / Grad Norm: 0.2295 / Grad Diff: 3.3571 / Time: 6.90s
======================================================================================================

= Test = round: 160 / acc: 18.380% / loss: 2.2729 / Time: 0.61s
======================================================================================================

round 160 local learning rate = 6.25e-05

>>> Round:  161 / Acc: 17.926% / Loss: 2.2747 / Grad Norm: 0.2296 / Grad Diff: 3.3584 / Time: 6.83s
======================================================================================================

round 161 local learning rate = 6.211180124223603e-05

>>> Round:  162 / Acc: 17.934% / Loss: 2.2747 / Grad Norm: 0.2296 / Grad Diff: 3.3598 / Time: 7.58s
======================================================================================================

round 162 local learning rate = 6.17283950617284e-05

>>> Round:  163 / Acc: 17.937% / Loss: 2.2747 / Grad Norm: 0.2297 / Grad Diff: 3.3611 / Time: 7.38s
======================================================================================================

round 163 local learning rate = 6.134969325153375e-05

>>> Round:  164 / Acc: 17.939% / Loss: 2.2746 / Grad Norm: 0.2297 / Grad Diff: 3.3622 / Time: 7.56s
======================================================================================================

round 164 local learning rate = 6.097560975609756e-05

>>> Round:  165 / Acc: 17.948% / Loss: 2.2746 / Grad Norm: 0.2298 / Grad Diff: 3.3635 / Time: 7.53s
======================================================================================================

= Test = round: 165 / acc: 18.410% / loss: 2.2728 / Time: 0.64s
======================================================================================================

round 165 local learning rate = 6.0606060606060605e-05

>>> Round:  166 / Acc: 17.965% / Loss: 2.2746 / Grad Norm: 0.2298 / Grad Diff: 3.3648 / Time: 8.13s
======================================================================================================

round 166 local learning rate = 6.024096385542169e-05

>>> Round:  167 / Acc: 17.969% / Loss: 2.2745 / Grad Norm: 0.2299 / Grad Diff: 3.3659 / Time: 7.88s
======================================================================================================

round 167 local learning rate = 5.988023952095808e-05

>>> Round:  168 / Acc: 17.972% / Loss: 2.2745 / Grad Norm: 0.2299 / Grad Diff: 3.3672 / Time: 9.28s
======================================================================================================

round 168 local learning rate = 5.9523809523809524e-05

>>> Round:  169 / Acc: 17.980% / Loss: 2.2745 / Grad Norm: 0.2300 / Grad Diff: 3.3684 / Time: 7.50s
======================================================================================================

round 169 local learning rate = 5.9171597633136094e-05

>>> Round:  170 / Acc: 17.980% / Loss: 2.2744 / Grad Norm: 0.2300 / Grad Diff: 3.3698 / Time: 7.56s
======================================================================================================

= Test = round: 170 / acc: 18.460% / loss: 2.2726 / Time: 0.63s
======================================================================================================

round 170 local learning rate = 5.882352941176471e-05

>>> Round:  171 / Acc: 17.980% / Loss: 2.2744 / Grad Norm: 0.2300 / Grad Diff: 3.3711 / Time: 7.57s
======================================================================================================

round 171 local learning rate = 5.847953216374269e-05

>>> Round:  172 / Acc: 17.989% / Loss: 2.2744 / Grad Norm: 0.2301 / Grad Diff: 3.3724 / Time: 7.58s
======================================================================================================

round 172 local learning rate = 5.8139534883720933e-05

>>> Round:  173 / Acc: 17.991% / Loss: 2.2743 / Grad Norm: 0.2301 / Grad Diff: 3.3736 / Time: 7.57s
======================================================================================================

round 173 local learning rate = 5.7803468208092484e-05

>>> Round:  174 / Acc: 17.989% / Loss: 2.2743 / Grad Norm: 0.2301 / Grad Diff: 3.3748 / Time: 7.52s
======================================================================================================

round 174 local learning rate = 5.747126436781609e-05

>>> Round:  175 / Acc: 17.998% / Loss: 2.2743 / Grad Norm: 0.2301 / Grad Diff: 3.3760 / Time: 7.51s
======================================================================================================

= Test = round: 175 / acc: 18.500% / loss: 2.2725 / Time: 0.63s
======================================================================================================

round 175 local learning rate = 5.714285714285714e-05

>>> Round:  176 / Acc: 18.006% / Loss: 2.2742 / Grad Norm: 0.2302 / Grad Diff: 3.3772 / Time: 6.83s
======================================================================================================

round 176 local learning rate = 5.681818181818182e-05

>>> Round:  177 / Acc: 18.013% / Loss: 2.2742 / Grad Norm: 0.2302 / Grad Diff: 3.3784 / Time: 7.58s
======================================================================================================

round 177 local learning rate = 5.649717514124294e-05

>>> Round:  178 / Acc: 18.022% / Loss: 2.2742 / Grad Norm: 0.2303 / Grad Diff: 3.3796 / Time: 7.41s
======================================================================================================

round 178 local learning rate = 5.617977528089888e-05

>>> Round:  179 / Acc: 18.026% / Loss: 2.2742 / Grad Norm: 0.2303 / Grad Diff: 3.3808 / Time: 7.52s
======================================================================================================

round 179 local learning rate = 5.58659217877095e-05

>>> Round:  180 / Acc: 18.035% / Loss: 2.2741 / Grad Norm: 0.2304 / Grad Diff: 3.3819 / Time: 7.50s
======================================================================================================

= Test = round: 180 / acc: 18.480% / loss: 2.2723 / Time: 0.62s
======================================================================================================

round 180 local learning rate = 5.555555555555556e-05

>>> Round:  181 / Acc: 18.033% / Loss: 2.2741 / Grad Norm: 0.2304 / Grad Diff: 3.3831 / Time: 7.50s
======================================================================================================

round 181 local learning rate = 5.524861878453039e-05

>>> Round:  182 / Acc: 18.041% / Loss: 2.2741 / Grad Norm: 0.2304 / Grad Diff: 3.3841 / Time: 7.56s
======================================================================================================

round 182 local learning rate = 5.4945054945054945e-05

>>> Round:  183 / Acc: 18.044% / Loss: 2.2740 / Grad Norm: 0.2305 / Grad Diff: 3.3853 / Time: 9.82s
======================================================================================================

round 183 local learning rate = 5.46448087431694e-05

>>> Round:  184 / Acc: 18.046% / Loss: 2.2740 / Grad Norm: 0.2305 / Grad Diff: 3.3865 / Time: 7.62s
======================================================================================================

round 184 local learning rate = 5.4347826086956524e-05

>>> Round:  185 / Acc: 18.055% / Loss: 2.2740 / Grad Norm: 0.2305 / Grad Diff: 3.3876 / Time: 7.79s
======================================================================================================

= Test = round: 185 / acc: 18.500% / loss: 2.2722 / Time: 0.61s
======================================================================================================

round 185 local learning rate = 5.4054054054054054e-05

>>> Round:  186 / Acc: 18.059% / Loss: 2.2740 / Grad Norm: 0.2306 / Grad Diff: 3.3888 / Time: 6.93s
======================================================================================================

round 186 local learning rate = 5.3763440860215054e-05

>>> Round:  187 / Acc: 18.063% / Loss: 2.2739 / Grad Norm: 0.2306 / Grad Diff: 3.3899 / Time: 7.48s
======================================================================================================

round 187 local learning rate = 5.347593582887701e-05

>>> Round:  188 / Acc: 18.070% / Loss: 2.2739 / Grad Norm: 0.2307 / Grad Diff: 3.3909 / Time: 7.46s
======================================================================================================

round 188 local learning rate = 5.319148936170213e-05

>>> Round:  189 / Acc: 18.072% / Loss: 2.2739 / Grad Norm: 0.2307 / Grad Diff: 3.3920 / Time: 7.52s
======================================================================================================

round 189 local learning rate = 5.291005291005291e-05

>>> Round:  190 / Acc: 18.076% / Loss: 2.2738 / Grad Norm: 0.2307 / Grad Diff: 3.3931 / Time: 6.99s
======================================================================================================

= Test = round: 190 / acc: 18.510% / loss: 2.2720 / Time: 0.61s
======================================================================================================

round 190 local learning rate = 5.2631578947368424e-05

>>> Round:  191 / Acc: 18.081% / Loss: 2.2738 / Grad Norm: 0.2307 / Grad Diff: 3.3941 / Time: 7.57s
======================================================================================================

round 191 local learning rate = 5.2356020942408376e-05

>>> Round:  192 / Acc: 18.092% / Loss: 2.2738 / Grad Norm: 0.2308 / Grad Diff: 3.3952 / Time: 7.50s
======================================================================================================

round 192 local learning rate = 5.208333333333334e-05

>>> Round:  193 / Acc: 18.105% / Loss: 2.2738 / Grad Norm: 0.2308 / Grad Diff: 3.3963 / Time: 7.48s
======================================================================================================

round 193 local learning rate = 5.1813471502590674e-05

>>> Round:  194 / Acc: 18.111% / Loss: 2.2737 / Grad Norm: 0.2309 / Grad Diff: 3.3974 / Time: 7.26s
======================================================================================================

round 194 local learning rate = 5.154639175257732e-05

>>> Round:  195 / Acc: 18.113% / Loss: 2.2737 / Grad Norm: 0.2309 / Grad Diff: 3.3985 / Time: 7.61s
======================================================================================================

= Test = round: 195 / acc: 18.540% / loss: 2.2719 / Time: 0.61s
======================================================================================================

round 195 local learning rate = 5.1282051282051286e-05

>>> Round:  196 / Acc: 18.118% / Loss: 2.2737 / Grad Norm: 0.2309 / Grad Diff: 3.3996 / Time: 6.86s
======================================================================================================

round 196 local learning rate = 5.102040816326531e-05

>>> Round:  197 / Acc: 18.124% / Loss: 2.2736 / Grad Norm: 0.2310 / Grad Diff: 3.4007 / Time: 7.12s
======================================================================================================

round 197 local learning rate = 5.076142131979695e-05

>>> Round:  198 / Acc: 18.131% / Loss: 2.2736 / Grad Norm: 0.2310 / Grad Diff: 3.4018 / Time: 7.76s
======================================================================================================

round 198 local learning rate = 5.0505050505050505e-05

>>> Round:  199 / Acc: 18.137% / Loss: 2.2736 / Grad Norm: 0.2310 / Grad Diff: 3.4029 / Time: 8.19s
======================================================================================================

round 199 local learning rate = 5.0251256281407036e-05

>>> Round:  200 / Acc: 18.142% / Loss: 2.2736 / Grad Norm: 0.2311 / Grad Diff: 3.4040 / Time: 8.21s
======================================================================================================

= Test = round: 200 / acc: 18.590% / loss: 2.2717 / Time: 0.63s
======================================================================================================

round 200 local learning rate = 5e-05

>>> Round:  201 / Acc: 18.142% / Loss: 2.2735 / Grad Norm: 0.2311 / Grad Diff: 3.4049 / Time: 7.77s
======================================================================================================

round 201 local learning rate = 4.9751243781094526e-05

>>> Round:  202 / Acc: 18.146% / Loss: 2.2735 / Grad Norm: 0.2311 / Grad Diff: 3.4059 / Time: 7.64s
======================================================================================================

round 202 local learning rate = 4.950495049504951e-05

>>> Round:  203 / Acc: 18.146% / Loss: 2.2735 / Grad Norm: 0.2312 / Grad Diff: 3.4070 / Time: 7.50s
======================================================================================================

round 203 local learning rate = 4.926108374384237e-05

>>> Round:  204 / Acc: 18.153% / Loss: 2.2735 / Grad Norm: 0.2312 / Grad Diff: 3.4080 / Time: 7.42s
======================================================================================================

round 204 local learning rate = 4.901960784313725e-05

>>> Round:  205 / Acc: 18.157% / Loss: 2.2734 / Grad Norm: 0.2312 / Grad Diff: 3.4091 / Time: 7.38s
======================================================================================================

= Test = round: 205 / acc: 18.600% / loss: 2.2716 / Time: 0.61s
======================================================================================================

round 205 local learning rate = 4.878048780487805e-05

>>> Round:  206 / Acc: 18.161% / Loss: 2.2734 / Grad Norm: 0.2313 / Grad Diff: 3.4100 / Time: 7.49s
======================================================================================================

round 206 local learning rate = 4.854368932038835e-05

>>> Round:  207 / Acc: 18.161% / Loss: 2.2734 / Grad Norm: 0.2313 / Grad Diff: 3.4111 / Time: 7.42s
======================================================================================================

round 207 local learning rate = 4.830917874396135e-05

>>> Round:  208 / Acc: 18.162% / Loss: 2.2734 / Grad Norm: 0.2313 / Grad Diff: 3.4121 / Time: 7.43s
======================================================================================================

round 208 local learning rate = 4.807692307692308e-05

>>> Round:  209 / Acc: 18.164% / Loss: 2.2733 / Grad Norm: 0.2314 / Grad Diff: 3.4132 / Time: 7.52s
======================================================================================================

round 209 local learning rate = 4.784688995215311e-05

>>> Round:  210 / Acc: 18.166% / Loss: 2.2733 / Grad Norm: 0.2314 / Grad Diff: 3.4142 / Time: 7.59s
======================================================================================================

= Test = round: 210 / acc: 18.670% / loss: 2.2715 / Time: 0.61s
======================================================================================================

round 210 local learning rate = 4.761904761904762e-05

>>> Round:  211 / Acc: 18.170% / Loss: 2.2733 / Grad Norm: 0.2314 / Grad Diff: 3.4154 / Time: 7.49s
======================================================================================================

round 211 local learning rate = 4.739336492890995e-05

>>> Round:  212 / Acc: 18.172% / Loss: 2.2733 / Grad Norm: 0.2315 / Grad Diff: 3.4165 / Time: 7.60s
======================================================================================================

round 212 local learning rate = 4.7169811320754715e-05

>>> Round:  213 / Acc: 18.175% / Loss: 2.2732 / Grad Norm: 0.2315 / Grad Diff: 3.4175 / Time: 9.50s
======================================================================================================

round 213 local learning rate = 4.694835680751174e-05

>>> Round:  214 / Acc: 18.179% / Loss: 2.2732 / Grad Norm: 0.2316 / Grad Diff: 3.4185 / Time: 7.67s
======================================================================================================

round 214 local learning rate = 4.672897196261682e-05

>>> Round:  215 / Acc: 18.181% / Loss: 2.2732 / Grad Norm: 0.2316 / Grad Diff: 3.4194 / Time: 7.51s
======================================================================================================

= Test = round: 215 / acc: 18.700% / loss: 2.2714 / Time: 0.62s
======================================================================================================

round 215 local learning rate = 4.651162790697675e-05

>>> Round:  216 / Acc: 18.185% / Loss: 2.2732 / Grad Norm: 0.2316 / Grad Diff: 3.4203 / Time: 8.74s
======================================================================================================

round 216 local learning rate = 4.6296296296296294e-05

>>> Round:  217 / Acc: 18.190% / Loss: 2.2731 / Grad Norm: 0.2317 / Grad Diff: 3.4212 / Time: 7.48s
======================================================================================================

round 217 local learning rate = 4.608294930875576e-05

>>> Round:  218 / Acc: 18.192% / Loss: 2.2731 / Grad Norm: 0.2317 / Grad Diff: 3.4222 / Time: 7.54s
======================================================================================================

round 218 local learning rate = 4.587155963302752e-05

>>> Round:  219 / Acc: 18.201% / Loss: 2.2731 / Grad Norm: 0.2317 / Grad Diff: 3.4232 / Time: 7.50s
======================================================================================================

round 219 local learning rate = 4.5662100456621006e-05

>>> Round:  220 / Acc: 18.199% / Loss: 2.2731 / Grad Norm: 0.2318 / Grad Diff: 3.4243 / Time: 7.55s
======================================================================================================

= Test = round: 220 / acc: 18.730% / loss: 2.2712 / Time: 0.63s
======================================================================================================

round 220 local learning rate = 4.545454545454546e-05

>>> Round:  221 / Acc: 18.199% / Loss: 2.2730 / Grad Norm: 0.2318 / Grad Diff: 3.4253 / Time: 7.48s
======================================================================================================

round 221 local learning rate = 4.524886877828054e-05

>>> Round:  222 / Acc: 18.201% / Loss: 2.2730 / Grad Norm: 0.2318 / Grad Diff: 3.4263 / Time: 7.05s
======================================================================================================

round 222 local learning rate = 4.5045045045045046e-05

>>> Round:  223 / Acc: 18.205% / Loss: 2.2730 / Grad Norm: 0.2318 / Grad Diff: 3.4274 / Time: 7.46s
======================================================================================================

round 223 local learning rate = 4.484304932735426e-05

>>> Round:  224 / Acc: 18.208% / Loss: 2.2730 / Grad Norm: 0.2319 / Grad Diff: 3.4282 / Time: 7.57s
======================================================================================================

round 224 local learning rate = 4.464285714285714e-05

>>> Round:  225 / Acc: 18.212% / Loss: 2.2729 / Grad Norm: 0.2319 / Grad Diff: 3.4292 / Time: 7.06s
======================================================================================================

= Test = round: 225 / acc: 18.740% / loss: 2.2711 / Time: 0.64s
======================================================================================================

round 225 local learning rate = 4.4444444444444447e-05

>>> Round:  226 / Acc: 18.221% / Loss: 2.2729 / Grad Norm: 0.2319 / Grad Diff: 3.4302 / Time: 7.51s
======================================================================================================

round 226 local learning rate = 4.424778761061947e-05

>>> Round:  227 / Acc: 18.223% / Loss: 2.2729 / Grad Norm: 0.2320 / Grad Diff: 3.4312 / Time: 7.09s
======================================================================================================

round 227 local learning rate = 4.405286343612335e-05

>>> Round:  228 / Acc: 18.229% / Loss: 2.2729 / Grad Norm: 0.2320 / Grad Diff: 3.4322 / Time: 7.45s
======================================================================================================

round 228 local learning rate = 4.385964912280702e-05

>>> Round:  229 / Acc: 18.231% / Loss: 2.2728 / Grad Norm: 0.2321 / Grad Diff: 3.4331 / Time: 7.44s
======================================================================================================

round 229 local learning rate = 4.366812227074236e-05

>>> Round:  230 / Acc: 18.232% / Loss: 2.2728 / Grad Norm: 0.2321 / Grad Diff: 3.4340 / Time: 7.45s
======================================================================================================

= Test = round: 230 / acc: 18.770% / loss: 2.2710 / Time: 0.64s
======================================================================================================

round 230 local learning rate = 4.347826086956522e-05

>>> Round:  231 / Acc: 18.238% / Loss: 2.2728 / Grad Norm: 0.2321 / Grad Diff: 3.4350 / Time: 7.67s
======================================================================================================

round 231 local learning rate = 4.329004329004329e-05

>>> Round:  232 / Acc: 18.242% / Loss: 2.2728 / Grad Norm: 0.2322 / Grad Diff: 3.4359 / Time: 7.57s
======================================================================================================

round 232 local learning rate = 4.310344827586207e-05

>>> Round:  233 / Acc: 18.238% / Loss: 2.2727 / Grad Norm: 0.2322 / Grad Diff: 3.4369 / Time: 7.45s
======================================================================================================

round 233 local learning rate = 4.291845493562232e-05

>>> Round:  234 / Acc: 18.240% / Loss: 2.2727 / Grad Norm: 0.2322 / Grad Diff: 3.4378 / Time: 7.71s
======================================================================================================

round 234 local learning rate = 4.2735042735042735e-05

>>> Round:  235 / Acc: 18.247% / Loss: 2.2727 / Grad Norm: 0.2323 / Grad Diff: 3.4386 / Time: 7.75s
======================================================================================================

= Test = round: 235 / acc: 18.780% / loss: 2.2709 / Time: 0.61s
======================================================================================================

round 235 local learning rate = 4.2553191489361704e-05

>>> Round:  236 / Acc: 18.247% / Loss: 2.2727 / Grad Norm: 0.2323 / Grad Diff: 3.4396 / Time: 7.51s
======================================================================================================

round 236 local learning rate = 4.2372881355932206e-05

>>> Round:  237 / Acc: 18.251% / Loss: 2.2726 / Grad Norm: 0.2324 / Grad Diff: 3.4406 / Time: 7.54s
======================================================================================================

round 237 local learning rate = 4.219409282700422e-05

>>> Round:  238 / Acc: 18.258% / Loss: 2.2726 / Grad Norm: 0.2324 / Grad Diff: 3.4414 / Time: 6.82s
======================================================================================================

round 238 local learning rate = 4.201680672268908e-05

>>> Round:  239 / Acc: 18.266% / Loss: 2.2726 / Grad Norm: 0.2324 / Grad Diff: 3.4424 / Time: 7.40s
======================================================================================================

round 239 local learning rate = 4.184100418410042e-05

>>> Round:  240 / Acc: 18.271% / Loss: 2.2726 / Grad Norm: 0.2324 / Grad Diff: 3.4433 / Time: 7.48s
======================================================================================================

= Test = round: 240 / acc: 18.800% / loss: 2.2708 / Time: 0.63s
======================================================================================================

round 240 local learning rate = 4.1666666666666665e-05

>>> Round:  241 / Acc: 18.273% / Loss: 2.2726 / Grad Norm: 0.2325 / Grad Diff: 3.4441 / Time: 7.45s
======================================================================================================

round 241 local learning rate = 4.149377593360996e-05

>>> Round:  242 / Acc: 18.273% / Loss: 2.2725 / Grad Norm: 0.2325 / Grad Diff: 3.4450 / Time: 7.39s
======================================================================================================

round 242 local learning rate = 4.132231404958678e-05

>>> Round:  243 / Acc: 18.273% / Loss: 2.2725 / Grad Norm: 0.2325 / Grad Diff: 3.4460 / Time: 8.70s
======================================================================================================

round 243 local learning rate = 4.11522633744856e-05

>>> Round:  244 / Acc: 18.271% / Loss: 2.2725 / Grad Norm: 0.2326 / Grad Diff: 3.4470 / Time: 7.02s
======================================================================================================

round 244 local learning rate = 4.098360655737705e-05

>>> Round:  245 / Acc: 18.275% / Loss: 2.2725 / Grad Norm: 0.2326 / Grad Diff: 3.4479 / Time: 6.85s
======================================================================================================

= Test = round: 245 / acc: 18.800% / loss: 2.2706 / Time: 0.64s
======================================================================================================

round 245 local learning rate = 4.0816326530612245e-05

>>> Round:  246 / Acc: 18.277% / Loss: 2.2724 / Grad Norm: 0.2326 / Grad Diff: 3.4488 / Time: 7.49s
======================================================================================================

round 246 local learning rate = 4.065040650406504e-05

>>> Round:  247 / Acc: 18.280% / Loss: 2.2724 / Grad Norm: 0.2327 / Grad Diff: 3.4496 / Time: 7.52s
======================================================================================================

round 247 local learning rate = 4.048582995951417e-05

>>> Round:  248 / Acc: 18.282% / Loss: 2.2724 / Grad Norm: 0.2327 / Grad Diff: 3.4505 / Time: 7.52s
======================================================================================================

round 248 local learning rate = 4.032258064516129e-05

>>> Round:  249 / Acc: 18.284% / Loss: 2.2724 / Grad Norm: 0.2328 / Grad Diff: 3.4514 / Time: 8.30s
======================================================================================================

round 249 local learning rate = 4.0160642570281125e-05

>>> Round:  250 / Acc: 18.292% / Loss: 2.2724 / Grad Norm: 0.2328 / Grad Diff: 3.4523 / Time: 7.57s
======================================================================================================

= Test = round: 250 / acc: 18.840% / loss: 2.2705 / Time: 0.62s
======================================================================================================

round 250 local learning rate = 4e-05

>>> Round:  251 / Acc: 18.301% / Loss: 2.2723 / Grad Norm: 0.2328 / Grad Diff: 3.4533 / Time: 7.59s
======================================================================================================

round 251 local learning rate = 3.9840637450199205e-05

>>> Round:  252 / Acc: 18.304% / Loss: 2.2723 / Grad Norm: 0.2328 / Grad Diff: 3.4542 / Time: 8.07s
======================================================================================================

round 252 local learning rate = 3.968253968253968e-05

>>> Round:  253 / Acc: 18.312% / Loss: 2.2723 / Grad Norm: 0.2329 / Grad Diff: 3.4551 / Time: 7.64s
======================================================================================================

round 253 local learning rate = 3.9525691699604744e-05

>>> Round:  254 / Acc: 18.315% / Loss: 2.2723 / Grad Norm: 0.2329 / Grad Diff: 3.4560 / Time: 7.36s
======================================================================================================

round 254 local learning rate = 3.937007874015748e-05

>>> Round:  255 / Acc: 18.321% / Loss: 2.2722 / Grad Norm: 0.2329 / Grad Diff: 3.4569 / Time: 7.66s
======================================================================================================

= Test = round: 255 / acc: 18.850% / loss: 2.2704 / Time: 0.60s
======================================================================================================

round 255 local learning rate = 3.9215686274509805e-05

>>> Round:  256 / Acc: 18.325% / Loss: 2.2722 / Grad Norm: 0.2330 / Grad Diff: 3.4578 / Time: 8.43s
======================================================================================================

round 256 local learning rate = 3.90625e-05

>>> Round:  257 / Acc: 18.323% / Loss: 2.2722 / Grad Norm: 0.2330 / Grad Diff: 3.4587 / Time: 7.31s
======================================================================================================

round 257 local learning rate = 3.891050583657588e-05

>>> Round:  258 / Acc: 18.323% / Loss: 2.2722 / Grad Norm: 0.2330 / Grad Diff: 3.4595 / Time: 7.26s
======================================================================================================

round 258 local learning rate = 3.875968992248062e-05

>>> Round:  259 / Acc: 18.327% / Loss: 2.2722 / Grad Norm: 0.2331 / Grad Diff: 3.4603 / Time: 7.57s
======================================================================================================

round 259 local learning rate = 3.861003861003861e-05

>>> Round:  260 / Acc: 18.332% / Loss: 2.2721 / Grad Norm: 0.2331 / Grad Diff: 3.4612 / Time: 7.54s
======================================================================================================

= Test = round: 260 / acc: 18.850% / loss: 2.2703 / Time: 0.61s
======================================================================================================

round 260 local learning rate = 3.846153846153846e-05

>>> Round:  261 / Acc: 18.332% / Loss: 2.2721 / Grad Norm: 0.2331 / Grad Diff: 3.4621 / Time: 7.62s
======================================================================================================

round 261 local learning rate = 3.8314176245210727e-05

>>> Round:  262 / Acc: 18.336% / Loss: 2.2721 / Grad Norm: 0.2332 / Grad Diff: 3.4628 / Time: 7.01s
======================================================================================================

round 262 local learning rate = 3.816793893129771e-05

>>> Round:  263 / Acc: 18.338% / Loss: 2.2721 / Grad Norm: 0.2332 / Grad Diff: 3.4637 / Time: 7.51s
======================================================================================================

round 263 local learning rate = 3.802281368821293e-05

>>> Round:  264 / Acc: 18.345% / Loss: 2.2721 / Grad Norm: 0.2332 / Grad Diff: 3.4646 / Time: 7.50s
======================================================================================================

round 264 local learning rate = 3.787878787878788e-05

>>> Round:  265 / Acc: 18.343% / Loss: 2.2720 / Grad Norm: 0.2333 / Grad Diff: 3.4654 / Time: 7.53s
======================================================================================================

= Test = round: 265 / acc: 18.890% / loss: 2.2702 / Time: 0.64s
======================================================================================================

round 265 local learning rate = 3.7735849056603776e-05

>>> Round:  266 / Acc: 18.347% / Loss: 2.2720 / Grad Norm: 0.2333 / Grad Diff: 3.4663 / Time: 7.59s
======================================================================================================

round 266 local learning rate = 3.759398496240601e-05

>>> Round:  267 / Acc: 18.349% / Loss: 2.2720 / Grad Norm: 0.2333 / Grad Diff: 3.4671 / Time: 7.59s
======================================================================================================

round 267 local learning rate = 3.745318352059925e-05

>>> Round:  268 / Acc: 18.351% / Loss: 2.2720 / Grad Norm: 0.2334 / Grad Diff: 3.4679 / Time: 8.76s
======================================================================================================

round 268 local learning rate = 3.7313432835820896e-05

>>> Round:  269 / Acc: 18.351% / Loss: 2.2720 / Grad Norm: 0.2334 / Grad Diff: 3.4689 / Time: 7.51s
======================================================================================================

round 269 local learning rate = 3.717472118959108e-05

>>> Round:  270 / Acc: 18.349% / Loss: 2.2719 / Grad Norm: 0.2334 / Grad Diff: 3.4697 / Time: 8.66s
======================================================================================================

= Test = round: 270 / acc: 18.940% / loss: 2.2701 / Time: 0.83s
======================================================================================================

round 270 local learning rate = 3.7037037037037037e-05

>>> Round:  271 / Acc: 18.349% / Loss: 2.2719 / Grad Norm: 0.2335 / Grad Diff: 3.4705 / Time: 9.47s
======================================================================================================

round 271 local learning rate = 3.690036900369004e-05

>>> Round:  272 / Acc: 18.358% / Loss: 2.2719 / Grad Norm: 0.2335 / Grad Diff: 3.4713 / Time: 9.42s
======================================================================================================

round 272 local learning rate = 3.6764705882352945e-05

>>> Round:  273 / Acc: 18.362% / Loss: 2.2719 / Grad Norm: 0.2335 / Grad Diff: 3.4722 / Time: 10.01s
======================================================================================================

round 273 local learning rate = 3.663003663003663e-05

>>> Round:  274 / Acc: 18.362% / Loss: 2.2719 / Grad Norm: 0.2336 / Grad Diff: 3.4731 / Time: 7.61s
======================================================================================================

round 274 local learning rate = 3.649635036496351e-05

>>> Round:  275 / Acc: 18.367% / Loss: 2.2718 / Grad Norm: 0.2336 / Grad Diff: 3.4738 / Time: 8.52s
======================================================================================================

= Test = round: 275 / acc: 18.960% / loss: 2.2700 / Time: 0.80s
======================================================================================================

round 275 local learning rate = 3.6363636363636364e-05

>>> Round:  276 / Acc: 18.367% / Loss: 2.2718 / Grad Norm: 0.2336 / Grad Diff: 3.4747 / Time: 10.00s
======================================================================================================

round 276 local learning rate = 3.6231884057971014e-05

>>> Round:  277 / Acc: 18.369% / Loss: 2.2718 / Grad Norm: 0.2336 / Grad Diff: 3.4756 / Time: 9.98s
======================================================================================================

round 277 local learning rate = 3.610108303249098e-05

>>> Round:  278 / Acc: 18.371% / Loss: 2.2718 / Grad Norm: 0.2337 / Grad Diff: 3.4763 / Time: 9.01s
======================================================================================================

round 278 local learning rate = 3.597122302158273e-05

>>> Round:  279 / Acc: 18.378% / Loss: 2.2718 / Grad Norm: 0.2337 / Grad Diff: 3.4771 / Time: 7.68s
======================================================================================================

round 279 local learning rate = 3.5842293906810036e-05

>>> Round:  280 / Acc: 18.380% / Loss: 2.2717 / Grad Norm: 0.2337 / Grad Diff: 3.4780 / Time: 9.21s
======================================================================================================

= Test = round: 280 / acc: 18.980% / loss: 2.2699 / Time: 0.79s
======================================================================================================

round 280 local learning rate = 3.571428571428572e-05

>>> Round:  281 / Acc: 18.376% / Loss: 2.2717 / Grad Norm: 0.2337 / Grad Diff: 3.4788 / Time: 10.05s
======================================================================================================

round 281 local learning rate = 3.558718861209964e-05

>>> Round:  282 / Acc: 18.378% / Loss: 2.2717 / Grad Norm: 0.2338 / Grad Diff: 3.4797 / Time: 9.49s
======================================================================================================

round 282 local learning rate = 3.546099290780142e-05

>>> Round:  283 / Acc: 18.382% / Loss: 2.2717 / Grad Norm: 0.2338 / Grad Diff: 3.4805 / Time: 7.45s
======================================================================================================

round 283 local learning rate = 3.53356890459364e-05

>>> Round:  284 / Acc: 18.382% / Loss: 2.2717 / Grad Norm: 0.2338 / Grad Diff: 3.4813 / Time: 7.54s
======================================================================================================

round 284 local learning rate = 3.5211267605633805e-05

>>> Round:  285 / Acc: 18.382% / Loss: 2.2716 / Grad Norm: 0.2339 / Grad Diff: 3.4821 / Time: 8.64s
======================================================================================================

= Test = round: 285 / acc: 18.980% / loss: 2.2698 / Time: 0.61s
======================================================================================================

round 285 local learning rate = 3.508771929824561e-05

>>> Round:  286 / Acc: 18.393% / Loss: 2.2716 / Grad Norm: 0.2339 / Grad Diff: 3.4829 / Time: 8.32s
======================================================================================================

round 286 local learning rate = 3.4965034965034965e-05

>>> Round:  287 / Acc: 18.397% / Loss: 2.2716 / Grad Norm: 0.2339 / Grad Diff: 3.4837 / Time: 7.77s
======================================================================================================

round 287 local learning rate = 3.484320557491289e-05

>>> Round:  288 / Acc: 18.400% / Loss: 2.2716 / Grad Norm: 0.2340 / Grad Diff: 3.4844 / Time: 7.68s
======================================================================================================

round 288 local learning rate = 3.472222222222222e-05

>>> Round:  289 / Acc: 18.397% / Loss: 2.2716 / Grad Norm: 0.2340 / Grad Diff: 3.4852 / Time: 7.50s
======================================================================================================

round 289 local learning rate = 3.460207612456748e-05

>>> Round:  290 / Acc: 18.404% / Loss: 2.2715 / Grad Norm: 0.2340 / Grad Diff: 3.4860 / Time: 7.54s
======================================================================================================

= Test = round: 290 / acc: 18.990% / loss: 2.2697 / Time: 0.62s
======================================================================================================

round 290 local learning rate = 3.4482758620689657e-05

>>> Round:  291 / Acc: 18.408% / Loss: 2.2715 / Grad Norm: 0.2340 / Grad Diff: 3.4867 / Time: 7.58s
======================================================================================================

round 291 local learning rate = 3.4364261168384884e-05

>>> Round:  292 / Acc: 18.411% / Loss: 2.2715 / Grad Norm: 0.2341 / Grad Diff: 3.4876 / Time: 7.82s
======================================================================================================

round 292 local learning rate = 3.424657534246575e-05

>>> Round:  293 / Acc: 18.411% / Loss: 2.2715 / Grad Norm: 0.2341 / Grad Diff: 3.4884 / Time: 7.59s
======================================================================================================

round 293 local learning rate = 3.4129692832764505e-05

>>> Round:  294 / Acc: 18.411% / Loss: 2.2715 / Grad Norm: 0.2341 / Grad Diff: 3.4892 / Time: 6.87s
======================================================================================================

round 294 local learning rate = 3.401360544217687e-05

>>> Round:  295 / Acc: 18.413% / Loss: 2.2715 / Grad Norm: 0.2342 / Grad Diff: 3.4900 / Time: 9.99s
======================================================================================================

= Test = round: 295 / acc: 19.000% / loss: 2.2696 / Time: 0.83s
======================================================================================================

round 295 local learning rate = 3.389830508474576e-05

>>> Round:  296 / Acc: 18.421% / Loss: 2.2714 / Grad Norm: 0.2342 / Grad Diff: 3.4907 / Time: 9.06s
======================================================================================================

round 296 local learning rate = 3.3783783783783784e-05

>>> Round:  297 / Acc: 18.424% / Loss: 2.2714 / Grad Norm: 0.2342 / Grad Diff: 3.4914 / Time: 7.54s
======================================================================================================

round 297 local learning rate = 3.367003367003367e-05

>>> Round:  298 / Acc: 18.428% / Loss: 2.2714 / Grad Norm: 0.2343 / Grad Diff: 3.4922 / Time: 7.51s
======================================================================================================

round 298 local learning rate = 3.3557046979865775e-05

>>> Round:  299 / Acc: 18.437% / Loss: 2.2714 / Grad Norm: 0.2343 / Grad Diff: 3.4931 / Time: 7.55s
======================================================================================================

round 299 local learning rate = 3.3444816053511705e-05

>>> Round:  300 / Acc: 18.445% / Loss: 2.2714 / Grad Norm: 0.2343 / Grad Diff: 3.4939 / Time: 7.99s
======================================================================================================

= Test = round: 300 / acc: 19.030% / loss: 2.2695 / Time: 0.60s
======================================================================================================

>>> Training model_target_only
Epoch: 001, Train_loss: 0.5530, Train_acc: 0.8343, Test_loss: 0.5571, Test_acc: 0.8300
Epoch: 002, Train_loss: 0.4360, Train_acc: 0.8615, Test_loss: 0.4622, Test_acc: 0.8512
Epoch: 003, Train_loss: 0.3914, Train_acc: 0.8726, Test_loss: 0.4360, Test_acc: 0.8570
Epoch: 004, Train_loss: 0.3529, Train_acc: 0.8860, Test_loss: 0.4207, Test_acc: 0.8638
Epoch: 005, Train_loss: 0.3177, Train_acc: 0.8956, Test_loss: 0.4096, Test_acc: 0.8647
Epoch: 006, Train_loss: 0.2986, Train_acc: 0.9024, Test_loss: 0.4085, Test_acc: 0.8659
Epoch: 007, Train_loss: 0.2907, Train_acc: 0.9018, Test_loss: 0.4305, Test_acc: 0.8657
Epoch: 008, Train_loss: 0.2573, Train_acc: 0.9150, Test_loss: 0.4189, Test_acc: 0.8685
Epoch: 009, Train_loss: 0.2357, Train_acc: 0.9234, Test_loss: 0.4085, Test_acc: 0.8711
Epoch: 010, Train_loss: 0.2254, Train_acc: 0.9233, Test_loss: 0.4254, Test_acc: 0.8715
Epoch: 011, Train_loss: 0.2092, Train_acc: 0.9330, Test_loss: 0.4104, Test_acc: 0.8706
Epoch: 012, Train_loss: 0.1857, Train_acc: 0.9385, Test_loss: 0.4407, Test_acc: 0.8725
Epoch: 013, Train_loss: 0.1842, Train_acc: 0.9374, Test_loss: 0.4609, Test_acc: 0.8713
Epoch: 014, Train_loss: 0.1667, Train_acc: 0.9441, Test_loss: 0.4704, Test_acc: 0.8743
Epoch: 015, Train_loss: 0.1846, Train_acc: 0.9363, Test_loss: 0.4790, Test_acc: 0.8660
Epoch: 016, Train_loss: 0.1750, Train_acc: 0.9403, Test_loss: 0.5070, Test_acc: 0.8636
Epoch: 017, Train_loss: 0.1394, Train_acc: 0.9537, Test_loss: 0.4978, Test_acc: 0.8669
Epoch: 018, Train_loss: 0.1384, Train_acc: 0.9528, Test_loss: 0.5351, Test_acc: 0.8687
Epoch: 019, Train_loss: 0.1358, Train_acc: 0.9547, Test_loss: 0.5431, Test_acc: 0.8669
Epoch: 020, Train_loss: 0.1236, Train_acc: 0.9593, Test_loss: 0.5508, Test_acc: 0.8676
Epoch: 021, Train_loss: 0.1210, Train_acc: 0.9587, Test_loss: 0.5755, Test_acc: 0.8672
Epoch: 022, Train_loss: 0.1162, Train_acc: 0.9608, Test_loss: 0.6062, Test_acc: 0.8666
Epoch: 023, Train_loss: 0.1038, Train_acc: 0.9650, Test_loss: 0.6361, Test_acc: 0.8663
Epoch: 024, Train_loss: 0.1046, Train_acc: 0.9647, Test_loss: 0.6315, Test_acc: 0.8659
Epoch: 025, Train_loss: 0.1020, Train_acc: 0.9656, Test_loss: 0.6381, Test_acc: 0.8631
Epoch: 026, Train_loss: 0.0975, Train_acc: 0.9668, Test_loss: 0.6778, Test_acc: 0.8652
Epoch: 027, Train_loss: 0.1082, Train_acc: 0.9625, Test_loss: 0.7682, Test_acc: 0.8650
Epoch: 028, Train_loss: 0.0950, Train_acc: 0.9675, Test_loss: 0.7028, Test_acc: 0.8645
Epoch: 029, Train_loss: 0.0831, Train_acc: 0.9713, Test_loss: 0.7620, Test_acc: 0.8659
Epoch: 030, Train_loss: 0.0821, Train_acc: 0.9712, Test_loss: 0.7217, Test_acc: 0.8668
Epoch: 031, Train_loss: 0.0783, Train_acc: 0.9740, Test_loss: 0.7547, Test_acc: 0.8647
Epoch: 032, Train_loss: 0.0828, Train_acc: 0.9720, Test_loss: 0.7825, Test_acc: 0.8613
Epoch: 033, Train_loss: 0.0901, Train_acc: 0.9686, Test_loss: 0.8059, Test_acc: 0.8595
Epoch: 034, Train_loss: 0.0630, Train_acc: 0.9788, Test_loss: 0.8243, Test_acc: 0.8660
Epoch: 035, Train_loss: 0.0753, Train_acc: 0.9755, Test_loss: 0.7914, Test_acc: 0.8591
Epoch: 036, Train_loss: 0.0817, Train_acc: 0.9714, Test_loss: 0.8537, Test_acc: 0.8627
Epoch: 037, Train_loss: 0.0850, Train_acc: 0.9710, Test_loss: 0.8608, Test_acc: 0.8581
Epoch: 038, Train_loss: 0.0792, Train_acc: 0.9735, Test_loss: 0.8387, Test_acc: 0.8589
Epoch: 039, Train_loss: 0.0639, Train_acc: 0.9790, Test_loss: 0.8694, Test_acc: 0.8608
Epoch: 040, Train_loss: 0.0736, Train_acc: 0.9750, Test_loss: 0.8626, Test_acc: 0.8597
Epoch: 041, Train_loss: 0.0993, Train_acc: 0.9670, Test_loss: 0.9528, Test_acc: 0.8583
Epoch: 042, Train_loss: 0.0631, Train_acc: 0.9793, Test_loss: 0.8768, Test_acc: 0.8627
Epoch: 043, Train_loss: 0.0496, Train_acc: 0.9845, Test_loss: 0.8607, Test_acc: 0.8677
Epoch: 044, Train_loss: 0.1202, Train_acc: 0.9617, Test_loss: 0.9869, Test_acc: 0.8579
Epoch: 045, Train_loss: 0.0580, Train_acc: 0.9798, Test_loss: 0.9450, Test_acc: 0.8613
Epoch: 046, Train_loss: 0.0912, Train_acc: 0.9694, Test_loss: 0.9651, Test_acc: 0.8598
Epoch: 047, Train_loss: 0.0721, Train_acc: 0.9759, Test_loss: 0.9164, Test_acc: 0.8625
Epoch: 048, Train_loss: 0.0497, Train_acc: 0.9841, Test_loss: 0.9703, Test_acc: 0.8628
Epoch: 049, Train_loss: 0.0580, Train_acc: 0.9808, Test_loss: 0.9599, Test_acc: 0.8642
Epoch: 050, Train_loss: 0.0555, Train_acc: 0.9817, Test_loss: 0.9130, Test_acc: 0.8585
Epoch: 051, Train_loss: 0.0481, Train_acc: 0.9845, Test_loss: 0.9989, Test_acc: 0.8628
Epoch: 052, Train_loss: 0.0592, Train_acc: 0.9802, Test_loss: 0.9871, Test_acc: 0.8587
Epoch: 053, Train_loss: 0.0645, Train_acc: 0.9787, Test_loss: 1.0014, Test_acc: 0.8558
Epoch: 054, Train_loss: 0.0493, Train_acc: 0.9836, Test_loss: 1.0180, Test_acc: 0.8625
Epoch: 055, Train_loss: 0.0421, Train_acc: 0.9860, Test_loss: 1.0444, Test_acc: 0.8632
Epoch: 056, Train_loss: 0.0472, Train_acc: 0.9846, Test_loss: 1.0787, Test_acc: 0.8596
Traceback (most recent call last):
  File "main_mnist_mnist_m.py", line 332, in <module>
    main()
  File "main_mnist_mnist_m.py", line 306, in main
    _, model_target_only_results = ft_train(model_target_only, options, options['device'], ft_train_loader, ft_test_loader, checkpoint_prefix + 'model_target_only.pt')
  File "/data/shared/chao/transfer_fl/TranferableFL/src/trainers/finetune.py", line 56, in ft_train
    train(model, optimizer, device, train_loader, criterion)
  File "/data/shared/chao/transfer_fl/TranferableFL/src/trainers/finetune.py", line 10, in train
    pred = model(x)
  File "/home/chaopan2/miniconda3/envs/graph_unlearn/lib/python3.7/site-packages/torch/nn/modules/module.py", line 1102, in _call_impl
    return forward_call(*input, **kwargs)
  File "/data/shared/chao/transfer_fl/TranferableFL/src/models/model.py", line 42, in forward
    out = F.max_pool2d(out, 2)
  File "/home/chaopan2/miniconda3/envs/graph_unlearn/lib/python3.7/site-packages/torch/_jit_internal.py", line 422, in fn
    return if_false(*args, **kwargs)
  File "/home/chaopan2/miniconda3/envs/graph_unlearn/lib/python3.7/site-packages/torch/nn/functional.py", line 718, in _max_pool2d
    stride = torch.jit.annotate(List[int], [])
  File "/home/chaopan2/miniconda3/envs/graph_unlearn/lib/python3.7/typing.py", line 248, in inner
    @functools.wraps(func)
KeyboardInterrupt
