nohup: ignoring input
>>> Arguments:
	             algo : fedavg4
	       batch_size : 64
	clients_per_round : 10
	          dataset : mnist_all_data_1_random_niid
	           device : 0
	              dis : 
	       eval_every : 5
	 finetune_dataset : mnist-m
	  finetune_epochs : 100
	      finetune_lr : 0.01
	      finetune_wd : 0.0
	              gpu : True
	      input_shape : (1, 28, 28)
	        lbd_reg_J : 0.0001
	               lr : 0.01
	            model : LeNet
	        noaverage : False
	          noprint : False
	        num_class : 10
	        num_epoch : 10
	        num_round : 200
	       reg_J_flag : True
	             seed : 0
	               wd : 0.0
>>> Read data from:
     ./data/mnist/data/train/all_data_1_random_niid.pkl
     ./data/mnist/data/test/all_data_1_random_niid.pkl
>>> Use gpu on device 0
>>> Model statistic per layer
LeNet_MNIST(
  286.12 KMac, 100.000% MACs, 
  (conv1): Conv2d(89.856 KMac, 31.405% MACs, 1, 6, kernel_size=(5, 5), stride=(1, 1))
  (conv2): Conv2d(154.624 KMac, 54.042% MACs, 6, 16, kernel_size=(5, 5), stride=(1, 1))
  (fc1): Linear(30.72 KMac, 10.737% MACs, in_features=256, out_features=120, bias=True)
  (fc2): Linear(10.08 KMac, 3.523% MACs, in_features=120, out_features=84, bias=True)
  (fc3): Linear(840.0 Mac, 0.294% MACs, in_features=84, out_features=10, bias=True)
)
>>> Activate a worker for training
>>> Initialize 10 clients in total
>>> Weigh updates by simple average
>>> Select 10 clients per round 


>>> Round:    0 / Acc: 10.333% / Loss: 6.6095 / Grad Norm: 85.6753 / Grad Diff: 8678.0046 / Time: 1.72s
======================================================================================================

= Test = round: 0 / acc: 10.210% / loss: 6.6145 / Time: 0.11s
======================================================================================================

Round:  0 | CID:   3 ( 1/10)| Param: norm 8.9265 (-0.2260->0.2516)| Loss 0.3468 | Acc 95.27% | Time: 0.17s
Round:  0 | CID:   4 ( 2/10)| Param: norm 8.9240 (-0.2174->0.2915)| Loss 0.3611 | Acc 92.66% | Time: 0.20s
Round:  0 | CID:   5 ( 3/10)| Param: norm 8.9199 (-0.2251->0.2040)| Loss 0.3026 | Acc 94.11% | Time: 0.22s
Round:  0 | CID:   6 ( 4/10)| Param: norm 8.9167 (-0.2028->0.2154)| Loss 0.2114 | Acc 95.78% | Time: 0.19s
Round:  0 | CID:   7 ( 5/10)| Param: norm 8.9144 (-0.2293->0.2351)| Loss 0.2376 | Acc 96.22% | Time: 0.17s
Round:  0 | CID:   8 ( 6/10)| Param: norm 8.9328 (-0.2191->0.2092)| Loss 0.4400 | Acc 95.00% | Time: 0.18s
Round:  0 | CID:   9 ( 7/10)| Param: norm 8.9308 (-0.2171->0.2901)| Loss 0.4618 | Acc 93.48% | Time: 0.17s

>>> Round:    1 / Acc: 18.262% / Loss: 2.2281 / Grad Norm: 4.5499 / Grad Diff: 288.0861 / Time: 1.47s
======================================================================================================

Round:  1 | CID:   0 ( 1/10)| Param: norm 8.9272 (-0.2236->0.2759)| Loss 0.1462 | Acc 95.27% | Time: 16.16s
Round:  1 | CID:   1 ( 2/10)| Param: norm 8.9259 (-0.2276->0.2488)| Loss 0.2525 | Acc 91.97% | Time: 14.81s
Round:  1 | CID:   3 ( 3/10)| Param: norm 8.9169 (-0.2207->0.2719)| Loss 0.0784 | Acc 97.53% | Time: 15.79s
Round:  1 | CID:   4 ( 4/10)| Param: norm 8.9169 (-0.2165->0.2737)| Loss 0.0761 | Acc 97.69% | Time: 15.23s
Round:  1 | CID:   5 ( 5/10)| Param: norm 8.9200 (-0.2237->0.2459)| Loss 0.0814 | Acc 97.23% | Time: 16.27s
Round:  1 | CID:   7 ( 6/10)| Param: norm 8.9165 (-0.2103->0.2596)| Loss 0.0964 | Acc 96.88% | Time: 15.48s

>>> Round:    2 / Acc: 39.095% / Loss: 1.8831 / Grad Norm: 8.2211 / Grad Diff: 487.4311 / Time: 1.55s
======================================================================================================

Round:  2 | CID:   0 ( 1/10)| Param: norm 8.9266 (-0.2213->0.2834)| Loss 0.0828 | Acc 97.50% | Time: 16.58s
Round:  2 | CID:   2 ( 2/10)| Param: norm 8.9201 (-0.2214->0.2703)| Loss 0.0890 | Acc 98.02% | Time: 15.29s
Round:  2 | CID:   3 ( 3/10)| Param: norm 8.9211 (-0.2217->0.2822)| Loss 0.0279 | Acc 99.70% | Time: 15.88s
Round:  2 | CID:   4 ( 4/10)| Param: norm 8.9215 (-0.2181->0.2745)| Loss 0.0731 | Acc 98.12% | Time: 14.86s
Round:  2 | CID:   5 ( 5/10)| Param: norm 8.9229 (-0.2252->0.2613)| Loss 0.0898 | Acc 97.38% | Time: 15.33s
Round:  2 | CID:   6 ( 6/10)| Param: norm 8.9236 (-0.2242->0.2822)| Loss 0.0492 | Acc 98.86% | Time: 15.55s

>>> Round:    3 / Acc: 30.823% / Loss: 2.4881 / Grad Norm: 27.9883 / Grad Diff: 1465.8107 / Time: 1.48s
======================================================================================================

Round:  3 | CID:   0 ( 1/10)| Param: norm 8.9292 (-0.2202->0.2853)| Loss 0.1377 | Acc 97.75% | Time: 16.18s
Round:  3 | CID:   1 ( 2/10)| Param: norm 8.9266 (-0.2264->0.2789)| Loss 0.2511 | Acc 93.14% | Time: 14.88s
Round:  3 | CID:   2 ( 3/10)| Param: norm 8.9250 (-0.2211->0.2827)| Loss 0.1043 | Acc 99.02% | Time: 15.47s
Round:  3 | CID:   4 ( 4/10)| Param: norm 8.9260 (-0.2196->0.2842)| Loss 0.1034 | Acc 99.19% | Time: 15.35s
Round:  3 | CID:   5 ( 5/10)| Param: norm 8.9248 (-0.2239->0.2731)| Loss 0.1481 | Acc 97.67% | Time: 15.66s
Round:  3 | CID:   7 ( 6/10)| Param: norm 8.9238 (-0.2198->0.2845)| Loss 0.1508 | Acc 97.50% | Time: 15.45s
Round:  3 | CID:   8 ( 7/10)| Param: norm 8.9259 (-0.2213->0.2851)| Loss 0.1460 | Acc 97.62% | Time: 15.47s

>>> Round:    4 / Acc: 55.108% / Loss: 1.5714 / Grad Norm: 18.3293 / Grad Diff: 1220.6413 / Time: 1.48s
======================================================================================================

Round:  4 | CID:   0 ( 1/10)| Param: norm 8.9315 (-0.2228->0.2920)| Loss 0.0973 | Acc 97.95% | Time: 16.44s
Round:  4 | CID:   2 ( 2/10)| Param: norm 8.9274 (-0.2220->0.2878)| Loss 0.0705 | Acc 98.72% | Time: 14.96s
Round:  4 | CID:   4 ( 3/10)| Param: norm 8.9279 (-0.2212->0.2865)| Loss 0.0720 | Acc 98.73% | Time: 15.41s
Round:  4 | CID:   5 ( 4/10)| Param: norm 8.9276 (-0.2236->0.2846)| Loss 0.0858 | Acc 98.16% | Time: 15.46s
Round:  4 | CID:   6 ( 5/10)| Param: norm 8.9295 (-0.2232->0.2897)| Loss 0.0740 | Acc 99.09% | Time: 15.60s
Round:  4 | CID:   7 ( 6/10)| Param: norm 8.9271 (-0.2216->0.2881)| Loss 0.1060 | Acc 97.94% | Time: 15.59s
Round:  4 | CID:   9 ( 7/10)| Param: norm 8.9274 (-0.2228->0.2881)| Loss 0.1207 | Acc 97.19% | Time: 15.72s

>>> Round:    5 / Acc: 57.917% / Loss: 1.3022 / Grad Norm: 17.1915 / Grad Diff: 1296.6834 / Time: 1.48s
======================================================================================================

= Test = round: 5 / acc: 59.220% / loss: 1.2912 / Time: 0.11s
======================================================================================================

Round:  5 | CID:   1 ( 1/10)| Param: norm 8.9295 (-0.2263->0.2841)| Loss 0.2143 | Acc 93.62% | Time: 15.13s
Round:  5 | CID:   2 ( 2/10)| Param: norm 8.9301 (-0.2229->0.2912)| Loss 0.0591 | Acc 99.02% | Time: 15.06s
Round:  5 | CID:   4 ( 3/10)| Param: norm 8.9305 (-0.2218->0.2899)| Loss 0.0615 | Acc 98.88% | Time: 15.23s
Round:  5 | CID:   5 ( 4/10)| Param: norm 8.9302 (-0.2235->0.2880)| Loss 0.0768 | Acc 98.34% | Time: 15.39s
Round:  5 | CID:   6 ( 5/10)| Param: norm 8.9310 (-0.2232->0.2937)| Loss 0.0688 | Acc 99.00% | Time: 15.45s
Round:  5 | CID:   7 ( 6/10)| Param: norm 8.9297 (-0.2215->0.2942)| Loss 0.0816 | Acc 98.27% | Time: 15.50s
Round:  5 | CID:   8 ( 7/10)| Param: norm 8.9306 (-0.2223->0.2935)| Loss 0.0899 | Acc 98.09% | Time: 15.32s
Round:  5 | CID:   9 ( 8/10)| Param: norm 8.9310 (-0.2226->0.2928)| Loss 0.0852 | Acc 98.16% | Time: 15.45s

>>> Round:    6 / Acc: 63.798% / Loss: 1.0812 / Grad Norm: 16.9180 / Grad Diff: 1271.0413 / Time: 1.47s
======================================================================================================

Round:  6 | CID:   0 ( 1/10)| Param: norm 8.9350 (-0.2233->0.2970)| Loss 0.0938 | Acc 97.88% | Time: 15.94s
Round:  6 | CID:   1 ( 2/10)| Param: norm 8.9315 (-0.2262->0.2900)| Loss 0.1849 | Acc 94.30% | Time: 14.98s
Round:  6 | CID:   3 ( 3/10)| Param: norm 8.9318 (-0.2231->0.2949)| Loss 0.0570 | Acc 99.16% | Time: 15.87s
Round:  6 | CID:   4 ( 4/10)| Param: norm 8.9320 (-0.2223->0.2930)| Loss 0.0670 | Acc 98.72% | Time: 15.75s
Round:  6 | CID:   5 ( 5/10)| Param: norm 8.9320 (-0.2241->0.2903)| Loss 0.0737 | Acc 98.41% | Time: 15.15s
Round:  6 | CID:   6 ( 6/10)| Param: norm 8.9328 (-0.2237->0.2966)| Loss 0.0634 | Acc 99.20% | Time: 16.29s
Round:  6 | CID:   8 ( 7/10)| Param: norm 8.9328 (-0.2231->0.2960)| Loss 0.0812 | Acc 98.36% | Time: 15.36s

>>> Round:    7 / Acc: 70.778% / Loss: 0.9314 / Grad Norm: 14.1044 / Grad Diff: 1180.8452 / Time: 1.59s
======================================================================================================

Round:  7 | CID:   0 ( 1/10)| Param: norm 8.9362 (-0.2236->0.3004)| Loss 0.0815 | Acc 98.14% | Time: 16.24s
Round:  7 | CID:   2 ( 2/10)| Param: norm 8.9336 (-0.2234->0.2957)| Loss 0.0582 | Acc 98.86% | Time: 15.61s
Round:  7 | CID:   4 ( 3/10)| Param: norm 8.9337 (-0.2230->0.2972)| Loss 0.0609 | Acc 98.64% | Time: 14.83s
Round:  7 | CID:   5 ( 4/10)| Param: norm 8.9338 (-0.2242->0.2935)| Loss 0.0620 | Acc 98.62% | Time: 15.32s
Round:  7 | CID:   7 ( 5/10)| Param: norm 8.9332 (-0.2227->0.2968)| Loss 0.0818 | Acc 97.98% | Time: 15.51s
Round:  7 | CID:   9 ( 6/10)| Param: norm 8.9340 (-0.2241->0.2945)| Loss 0.0753 | Acc 98.30% | Time: 15.13s

>>> Round:    8 / Acc: 66.872% / Loss: 1.0391 / Grad Norm: 19.0849 / Grad Diff: 1522.3711 / Time: 1.49s
======================================================================================================

Round:  8 | CID:   0 ( 1/10)| Param: norm 8.9377 (-0.2235->0.3010)| Loss 0.0893 | Acc 98.30% | Time: 16.23s
Round:  8 | CID:   2 ( 2/10)| Param: norm 8.9356 (-0.2234->0.2977)| Loss 0.0601 | Acc 99.34% | Time: 15.21s
Round:  8 | CID:   4 ( 3/10)| Param: norm 8.9360 (-0.2231->0.2986)| Loss 0.0649 | Acc 99.09% | Time: 15.28s
Round:  8 | CID:   5 ( 4/10)| Param: norm 8.9352 (-0.2237->0.2969)| Loss 0.0799 | Acc 98.45% | Time: 15.49s
Round:  8 | CID:   8 ( 5/10)| Param: norm 8.9359 (-0.2239->0.2996)| Loss 0.0893 | Acc 98.28% | Time: 15.34s
Round:  8 | CID:   9 ( 6/10)| Param: norm 8.9361 (-0.2235->0.2995)| Loss 0.0767 | Acc 98.58% | Time: 15.51s

>>> Round:    9 / Acc: 65.127% / Loss: 1.1896 / Grad Norm: 25.6540 / Grad Diff: 1949.3558 / Time: 1.52s
======================================================================================================

Round:  9 | CID:   0 ( 1/10)| Param: norm 8.9390 (-0.2240->0.3031)| Loss 0.1127 | Acc 98.33% | Time: 16.11s
Round:  9 | CID:   1 ( 2/10)| Param: norm 8.9368 (-0.2250->0.2978)| Loss 0.2209 | Acc 93.36% | Time: 14.79s
Round:  9 | CID:   2 ( 3/10)| Param: norm 8.9371 (-0.2230->0.2995)| Loss 0.0898 | Acc 99.00% | Time: 15.67s
Round:  9 | CID:   3 ( 4/10)| Param: norm 8.9369 (-0.2234->0.3007)| Loss 0.0933 | Acc 99.17% | Time: 15.98s
Round:  9 | CID:   4 ( 5/10)| Param: norm 8.9375 (-0.2230->0.3006)| Loss 0.0900 | Acc 99.17% | Time: 15.17s
Round:  9 | CID:   5 ( 6/10)| Param: norm 8.9370 (-0.2238->0.2986)| Loss 0.1002 | Acc 98.78% | Time: 15.76s

>>> Round:   10 / Acc: 65.778% / Loss: 1.0328 / Grad Norm: 25.7246 / Grad Diff: 2030.8747 / Time: 1.50s
======================================================================================================

= Test = round: 10 / acc: 66.580% / loss: 1.0263 / Time: 0.11s
======================================================================================================

Round: 10 | CID:   0 ( 1/10)| Param: norm 8.9400 (-0.2239->0.3043)| Loss 0.1086 | Acc 98.44% | Time: 16.54s
Round: 10 | CID:   1 ( 2/10)| Param: norm 8.9376 (-0.2253->0.2990)| Loss 0.2146 | Acc 93.80% | Time: 14.76s
Round: 10 | CID:   2 ( 3/10)| Param: norm 8.9381 (-0.2238->0.3011)| Loss 0.0892 | Acc 98.98% | Time: 15.27s
Round: 10 | CID:   4 ( 4/10)| Param: norm 8.9385 (-0.2232->0.3013)| Loss 0.0909 | Acc 99.11% | Time: 15.36s
Round: 10 | CID:   6 ( 5/10)| Param: norm 8.9385 (-0.2243->0.3028)| Loss 0.0927 | Acc 99.31% | Time: 15.69s
Round: 10 | CID:   7 ( 6/10)| Param: norm 8.9376 (-0.2228->0.3030)| Loss 0.1302 | Acc 97.75% | Time: 15.41s

>>> Round:   11 / Acc: 71.023% / Loss: 0.8784 / Grad Norm: 18.7277 / Grad Diff: 1795.0910 / Time: 1.64s
======================================================================================================

Round: 11 | CID:   0 ( 1/10)| Param: norm 8.9405 (-0.2238->0.3035)| Loss 0.0798 | Acc 98.56% | Time: 16.34s
Round: 11 | CID:   1 ( 2/10)| Param: norm 8.9399 (-0.2246->0.3022)| Loss 0.1384 | Acc 95.36% | Time: 15.31s
Round: 11 | CID:   4 ( 3/10)| Param: norm 8.9392 (-0.2237->0.3029)| Loss 0.0641 | Acc 98.95% | Time: 15.09s
Round: 11 | CID:   7 ( 4/10)| Param: norm 8.9388 (-0.2232->0.3033)| Loss 0.0896 | Acc 98.33% | Time: 15.86s
Round: 11 | CID:   8 ( 5/10)| Param: norm 8.9393 (-0.2242->0.3047)| Loss 0.0828 | Acc 98.55% | Time: 15.51s
Round: 11 | CID:   9 ( 6/10)| Param: norm 8.9394 (-0.2240->0.3033)| Loss 0.0835 | Acc 98.38% | Time: 15.47s

>>> Round:   12 / Acc: 58.208% / Loss: 1.3620 / Grad Norm: 43.6233 / Grad Diff: 3121.2508 / Time: 1.51s
======================================================================================================

Round: 12 | CID:   0 ( 1/10)| Param: norm 8.9418 (-0.2240->0.3058)| Loss 0.2100 | Acc 98.14% | Time: 16.35s
Round: 12 | CID:   1 ( 2/10)| Param: norm 8.9409 (-0.2248->0.3042)| Loss 0.2737 | Acc 93.70% | Time: 15.34s
Round: 12 | CID:   2 ( 3/10)| Param: norm 8.9396 (-0.2243->0.3032)| Loss 0.2328 | Acc 98.08% | Time: 15.28s
Round: 12 | CID:   5 ( 4/10)| Param: norm 8.9397 (-0.2241->0.3024)| Loss 0.2523 | Acc 97.19% | Time: 15.21s
Round: 12 | CID:   7 ( 5/10)| Param: norm 8.9398 (-0.2230->0.3049)| Loss 0.2356 | Acc 97.69% | Time: 15.30s
Round: 12 | CID:   8 ( 6/10)| Param: norm 8.9407 (-0.2237->0.3056)| Loss 0.2270 | Acc 97.34% | Time: 15.33s
Round: 12 | CID:   9 ( 7/10)| Param: norm 8.9406 (-0.2241->0.3030)| Loss 0.2293 | Acc 97.39% | Time: 15.29s

>>> Round:   13 / Acc: 77.547% / Loss: 0.6917 / Grad Norm: 14.0248 / Grad Diff: 1621.5766 / Time: 1.45s
======================================================================================================

Round: 13 | CID:   2 ( 1/10)| Param: norm 8.9409 (-0.2243->0.3044)| Loss 0.0565 | Acc 98.95% | Time: 15.32s
Round: 13 | CID:   4 ( 2/10)| Param: norm 8.9413 (-0.2242->0.3045)| Loss 0.0490 | Acc 98.95% | Time: 14.90s
Round: 13 | CID:   6 ( 3/10)| Param: norm 8.9415 (-0.2245->0.3057)| Loss 0.0396 | Acc 99.52% | Time: 15.67s
Round: 13 | CID:   7 ( 4/10)| Param: norm 8.9407 (-0.2237->0.3055)| Loss 0.0762 | Acc 98.22% | Time: 15.28s
Round: 13 | CID:   8 ( 5/10)| Param: norm 8.9415 (-0.2244->0.3063)| Loss 0.0577 | Acc 98.70% | Time: 15.77s
Round: 13 | CID:   9 ( 6/10)| Param: norm 8.9415 (-0.2242->0.3051)| Loss 0.0590 | Acc 98.66% | Time: 15.23s

>>> Round:   14 / Acc: 71.543% / Loss: 0.8933 / Grad Norm: 28.8796 / Grad Diff: 2292.0248 / Time: 1.50s
======================================================================================================

Round: 14 | CID:   0 ( 1/10)| Param: norm 8.9428 (-0.2244->0.3066)| Loss 0.1203 | Acc 98.19% | Time: 16.16s
Round: 14 | CID:   2 ( 2/10)| Param: norm 8.9414 (-0.2240->0.3050)| Loss 0.1237 | Acc 98.67% | Time: 15.31s
Round: 14 | CID:   3 ( 3/10)| Param: norm 8.9416 (-0.2241->0.3065)| Loss 0.1049 | Acc 99.19% | Time: 15.60s
Round: 14 | CID:   5 ( 4/10)| Param: norm 8.9414 (-0.2245->0.3047)| Loss 0.1389 | Acc 98.08% | Time: 15.68s
Round: 14 | CID:   7 ( 5/10)| Param: norm 8.9417 (-0.2236->0.3061)| Loss 0.1230 | Acc 98.20% | Time: 15.26s
Round: 14 | CID:   8 ( 6/10)| Param: norm 8.9420 (-0.2246->0.3061)| Loss 0.1259 | Acc 98.22% | Time: 15.48s
Round: 14 | CID:   9 ( 7/10)| Param: norm 8.9417 (-0.2242->0.3062)| Loss 0.1248 | Acc 98.17% | Time: 15.70s

>>> Round:   15 / Acc: 78.490% / Loss: 0.6556 / Grad Norm: 16.6868 / Grad Diff: 1501.0232 / Time: 1.49s
======================================================================================================

= Test = round: 15 / acc: 78.580% / loss: 0.6457 / Time: 0.11s
======================================================================================================

Round: 15 | CID:   0 ( 1/10)| Param: norm 8.9434 (-0.2244->0.3075)| Loss 0.0730 | Acc 98.50% | Time: 16.11s
Round: 15 | CID:   1 ( 2/10)| Param: norm 8.9423 (-0.2252->0.3057)| Loss 0.1456 | Acc 95.12% | Time: 14.95s
Round: 15 | CID:   2 ( 3/10)| Param: norm 8.9423 (-0.2242->0.3059)| Loss 0.0574 | Acc 99.11% | Time: 15.20s
Round: 15 | CID:   3 ( 4/10)| Param: norm 8.9424 (-0.2242->0.3065)| Loss 0.0432 | Acc 99.55% | Time: 15.48s
Round: 15 | CID:   5 ( 5/10)| Param: norm 8.9422 (-0.2243->0.3044)| Loss 0.0631 | Acc 98.67% | Time: 15.37s
Round: 15 | CID:   8 ( 6/10)| Param: norm 8.9426 (-0.2245->0.3066)| Loss 0.0626 | Acc 98.95% | Time: 15.55s

>>> Round:   16 / Acc: 78.347% / Loss: 0.6642 / Grad Norm: 17.3340 / Grad Diff: 1557.9677 / Time: 1.51s
======================================================================================================

Round: 16 | CID:   0 ( 1/10)| Param: norm 8.9438 (-0.2247->0.3074)| Loss 0.0774 | Acc 98.44% | Time: 16.40s
Round: 16 | CID:   1 ( 2/10)| Param: norm 8.9434 (-0.2251->0.3058)| Loss 0.1212 | Acc 96.02% | Time: 15.49s
Round: 16 | CID:   2 ( 3/10)| Param: norm 8.9429 (-0.2245->0.3056)| Loss 0.0629 | Acc 98.88% | Time: 15.39s
Round: 16 | CID:   3 ( 4/10)| Param: norm 8.9430 (-0.2244->0.3072)| Loss 0.0428 | Acc 99.69% | Time: 15.86s
Round: 16 | CID:   5 ( 5/10)| Param: norm 8.9428 (-0.2247->0.3056)| Loss 0.0726 | Acc 98.56% | Time: 15.75s
Round: 16 | CID:   6 ( 6/10)| Param: norm 8.9432 (-0.2248->0.3070)| Loss 0.0525 | Acc 99.42% | Time: 15.65s
Round: 16 | CID:   9 ( 7/10)| Param: norm 8.9430 (-0.2243->0.3066)| Loss 0.0757 | Acc 98.36% | Time: 14.99s

>>> Round:   17 / Acc: 78.398% / Loss: 0.6448 / Grad Norm: 20.3808 / Grad Diff: 1640.4315 / Time: 1.49s
======================================================================================================

Round: 17 | CID:   0 ( 1/10)| Param: norm 8.9443 (-0.2246->0.3077)| Loss 0.0833 | Acc 98.45% | Time: 16.24s
Round: 17 | CID:   1 ( 2/10)| Param: norm 8.9437 (-0.2251->0.3059)| Loss 0.1441 | Acc 95.41% | Time: 14.75s
Round: 17 | CID:   2 ( 3/10)| Param: norm 8.9437 (-0.2247->0.3068)| Loss 0.0691 | Acc 98.89% | Time: 15.35s
Round: 17 | CID:   3 ( 4/10)| Param: norm 8.9437 (-0.2245->0.3070)| Loss 0.0584 | Acc 99.52% | Time: 15.40s
Round: 17 | CID:   5 ( 5/10)| Param: norm 8.9437 (-0.2249->0.3059)| Loss 0.0737 | Acc 98.80% | Time: 15.58s
Round: 17 | CID:   6 ( 6/10)| Param: norm 8.9437 (-0.2250->0.3069)| Loss 0.0621 | Acc 99.38% | Time: 15.60s
Round: 17 | CID:   7 ( 7/10)| Param: norm 8.9434 (-0.2242->0.3065)| Loss 0.0978 | Acc 98.30% | Time: 15.56s

>>> Round:   18 / Acc: 79.763% / Loss: 0.6115 / Grad Norm: 15.2479 / Grad Diff: 1524.6744 / Time: 1.49s
======================================================================================================

Round: 18 | CID:   0 ( 1/10)| Param: norm 8.9449 (-0.2248->0.3081)| Loss 0.0623 | Acc 98.75% | Time: 16.45s
Round: 18 | CID:   1 ( 2/10)| Param: norm 8.9446 (-0.2251->0.3070)| Loss 0.1145 | Acc 96.23% | Time: 15.39s
Round: 18 | CID:   2 ( 3/10)| Param: norm 8.9442 (-0.2247->0.3066)| Loss 0.0553 | Acc 98.95% | Time: 16.52s
Round: 18 | CID:   5 ( 4/10)| Param: norm 8.9442 (-0.2250->0.3062)| Loss 0.0581 | Acc 98.94% | Time: 23.75s
Round: 18 | CID:   6 ( 5/10)| Param: norm 8.9444 (-0.2249->0.3071)| Loss 0.0381 | Acc 99.62% | Time: 23.42s
Round: 18 | CID:   7 ( 6/10)| Param: norm 8.9440 (-0.2244->0.3076)| Loss 0.0761 | Acc 98.34% | Time: 23.68s
Round: 18 | CID:   8 ( 7/10)| Param: norm 8.9444 (-0.2249->0.3076)| Loss 0.0631 | Acc 98.41% | Time: 23.27s
Round: 18 | CID:   9 ( 8/10)| Param: norm 8.9443 (-0.2247->0.3068)| Loss 0.0684 | Acc 98.67% | Time: 23.12s

>>> Round:   19 / Acc: 81.340% / Loss: 0.5671 / Grad Norm: 12.0135 / Grad Diff: 1500.8297 / Time: 2.78s
======================================================================================================

Round: 19 | CID:   0 ( 1/10)| Param: norm 8.9451 (-0.2252->0.3086)| Loss 0.0580 | Acc 98.55% | Time: 23.52s
Round: 19 | CID:   1 ( 2/10)| Param: norm 8.9454 (-0.2255->0.3067)| Loss 0.1025 | Acc 96.55% | Time: 23.50s
Round: 19 | CID:   2 ( 3/10)| Param: norm 8.9448 (-0.2249->0.3073)| Loss 0.0466 | Acc 99.05% | Time: 23.24s
Round: 19 | CID:   3 ( 4/10)| Param: norm 8.9448 (-0.2247->0.3077)| Loss 0.0340 | Acc 99.39% | Time: 23.75s
Round: 19 | CID:   6 ( 5/10)| Param: norm 8.9449 (-0.2251->0.3076)| Loss 0.0309 | Acc 99.58% | Time: 23.33s
Round: 19 | CID:   7 ( 6/10)| Param: norm 8.9445 (-0.2245->0.3082)| Loss 0.0676 | Acc 98.34% | Time: 23.47s
Round: 19 | CID:   8 ( 7/10)| Param: norm 8.9450 (-0.2250->0.3075)| Loss 0.0451 | Acc 99.06% | Time: 23.63s
Round: 19 | CID:   9 ( 8/10)| Param: norm 8.9448 (-0.2250->0.3077)| Loss 0.0613 | Acc 98.56% | Time: 22.80s

>>> Round:   20 / Acc: 80.172% / Loss: 0.5944 / Grad Norm: 15.5256 / Grad Diff: 1781.6753 / Time: 2.83s
======================================================================================================

= Test = round: 20 / acc: 80.970% / loss: 0.5736 / Time: 0.21s
======================================================================================================

Round: 20 | CID:   0 ( 1/10)| Param: norm 8.9458 (-0.2248->0.3088)| Loss 0.0625 | Acc 98.64% | Time: 24.21s
Round: 20 | CID:   1 ( 2/10)| Param: norm 8.9459 (-0.2254->0.3075)| Loss 0.1054 | Acc 96.42% | Time: 22.91s
Round: 20 | CID:   3 ( 3/10)| Param: norm 8.9453 (-0.2250->0.3079)| Loss 0.0429 | Acc 99.45% | Time: 23.38s
Round: 20 | CID:   5 ( 4/10)| Param: norm 8.9452 (-0.2252->0.3067)| Loss 0.0713 | Acc 98.41% | Time: 23.22s
Round: 20 | CID:   6 ( 5/10)| Param: norm 8.9455 (-0.2251->0.3082)| Loss 0.0380 | Acc 99.64% | Time: 23.66s
Round: 20 | CID:   8 ( 6/10)| Param: norm 8.9455 (-0.2251->0.3085)| Loss 0.0571 | Acc 98.84% | Time: 23.55s

>>> Round:   21 / Acc: 75.972% / Loss: 0.7388 / Grad Norm: 25.2100 / Grad Diff: 2302.2348 / Time: 2.09s
======================================================================================================

Round: 21 | CID:   0 ( 1/10)| Param: norm 8.9462 (-0.2250->0.3084)| Loss 0.1082 | Acc 98.16% | Time: 24.31s
Round: 21 | CID:   2 ( 2/10)| Param: norm 8.9459 (-0.2251->0.3084)| Loss 0.0943 | Acc 98.58% | Time: 23.26s
Round: 21 | CID:   3 ( 3/10)| Param: norm 8.9457 (-0.2250->0.3080)| Loss 0.0810 | Acc 99.36% | Time: 23.78s
Round: 21 | CID:   5 ( 4/10)| Param: norm 8.9458 (-0.2253->0.3076)| Loss 0.0991 | Acc 98.53% | Time: 23.22s
Round: 21 | CID:   6 ( 5/10)| Param: norm 8.9458 (-0.2254->0.3085)| Loss 0.0800 | Acc 99.45% | Time: 23.60s
Round: 21 | CID:   7 ( 6/10)| Param: norm 8.9457 (-0.2249->0.3083)| Loss 0.1133 | Acc 98.12% | Time: 23.68s

>>> Round:   22 / Acc: 80.535% / Loss: 0.5843 / Grad Norm: 16.2140 / Grad Diff: 1726.2006 / Time: 2.77s
======================================================================================================

Round: 22 | CID:   1 ( 1/10)| Param: norm 8.9465 (-0.2257->0.3077)| Loss 0.1200 | Acc 96.33% | Time: 22.09s
Round: 22 | CID:   2 ( 2/10)| Param: norm 8.9464 (-0.2252->0.3086)| Loss 0.0538 | Acc 99.16% | Time: 22.91s
Round: 22 | CID:   3 ( 3/10)| Param: norm 8.9462 (-0.2251->0.3084)| Loss 0.0424 | Acc 99.59% | Time: 23.62s
Round: 22 | CID:   4 ( 4/10)| Param: norm 8.9464 (-0.2249->0.3081)| Loss 0.0553 | Acc 98.91% | Time: 22.82s
Round: 22 | CID:   6 ( 5/10)| Param: norm 8.9463 (-0.2253->0.3087)| Loss 0.0447 | Acc 99.47% | Time: 23.49s
Round: 22 | CID:   8 ( 6/10)| Param: norm 8.9463 (-0.2252->0.3088)| Loss 0.0606 | Acc 98.88% | Time: 23.62s

>>> Round:   23 / Acc: 78.327% / Loss: 0.6413 / Grad Norm: 20.8411 / Grad Diff: 2130.6031 / Time: 2.78s
======================================================================================================

Round: 23 | CID:   1 ( 1/10)| Param: norm 8.9469 (-0.2256->0.3081)| Loss 0.1251 | Acc 96.27% | Time: 23.26s
Round: 23 | CID:   2 ( 2/10)| Param: norm 8.9468 (-0.2252->0.3087)| Loss 0.0668 | Acc 99.23% | Time: 23.35s
Round: 23 | CID:   3 ( 3/10)| Param: norm 8.9467 (-0.2251->0.3087)| Loss 0.0587 | Acc 99.44% | Time: 23.00s
Round: 23 | CID:   4 ( 4/10)| Param: norm 8.9467 (-0.2251->0.3088)| Loss 0.0751 | Acc 98.52% | Time: 23.68s
Round: 23 | CID:   5 ( 5/10)| Param: norm 8.9467 (-0.2254->0.3079)| Loss 0.0771 | Acc 98.78% | Time: 23.00s
Round: 23 | CID:   6 ( 6/10)| Param: norm 8.9467 (-0.2253->0.3085)| Loss 0.0651 | Acc 99.42% | Time: 23.74s
Round: 23 | CID:   7 ( 7/10)| Param: norm 8.9465 (-0.2250->0.3088)| Loss 0.0994 | Acc 98.25% | Time: 23.36s
Round: 23 | CID:   9 ( 8/10)| Param: norm 8.9468 (-0.2253->0.3085)| Loss 0.0933 | Acc 98.36% | Time: 23.24s

>>> Round:   24 / Acc: 83.648% / Loss: 0.5032 / Grad Norm: 10.2488 / Grad Diff: 1472.1743 / Time: 2.78s
======================================================================================================

Round: 24 | CID:   1 ( 1/10)| Param: norm 8.9475 (-0.2257->0.3082)| Loss 0.0908 | Acc 96.94% | Time: 23.26s
Round: 24 | CID:   2 ( 2/10)| Param: norm 8.9471 (-0.2253->0.3085)| Loss 0.0392 | Acc 99.20% | Time: 22.60s
Round: 24 | CID:   3 ( 3/10)| Param: norm 8.9472 (-0.2252->0.3090)| Loss 0.0248 | Acc 99.62% | Time: 24.08s
Round: 24 | CID:   6 ( 4/10)| Param: norm 8.9471 (-0.2254->0.3090)| Loss 0.0272 | Acc 99.56% | Time: 23.49s
Round: 24 | CID:   7 ( 5/10)| Param: norm 8.9470 (-0.2249->0.3089)| Loss 0.0559 | Acc 98.61% | Time: 23.50s
Round: 24 | CID:   9 ( 6/10)| Param: norm 8.9472 (-0.2252->0.3092)| Loss 0.0520 | Acc 98.69% | Time: 23.15s

>>> Round:   25 / Acc: 79.953% / Loss: 0.6073 / Grad Norm: 20.5908 / Grad Diff: 2281.8974 / Time: 2.87s
======================================================================================================

= Test = round: 25 / acc: 80.250% / loss: 0.5944 / Time: 0.21s
======================================================================================================

Round: 25 | CID:   1 ( 1/10)| Param: norm 8.9480 (-0.2255->0.3088)| Loss 0.1146 | Acc 96.92% | Time: 23.20s
Round: 25 | CID:   2 ( 2/10)| Param: norm 8.9473 (-0.2252->0.3087)| Loss 0.0846 | Acc 98.47% | Time: 22.32s
Round: 25 | CID:   3 ( 3/10)| Param: norm 8.9475 (-0.2252->0.3093)| Loss 0.0549 | Acc 99.55% | Time: 24.16s
Round: 25 | CID:   4 ( 4/10)| Param: norm 8.9475 (-0.2253->0.3087)| Loss 0.0776 | Acc 98.64% | Time: 23.01s
Round: 25 | CID:   5 ( 5/10)| Param: norm 8.9474 (-0.2254->0.3083)| Loss 0.0845 | Acc 98.58% | Time: 23.07s
Round: 25 | CID:   6 ( 6/10)| Param: norm 8.9477 (-0.2254->0.3097)| Loss 0.0580 | Acc 99.55% | Time: 23.47s
Round: 25 | CID:   8 ( 7/10)| Param: norm 8.9476 (-0.2255->0.3095)| Loss 0.0688 | Acc 98.83% | Time: 23.67s

>>> Round:   26 / Acc: 84.170% / Loss: 0.4960 / Grad Norm: 12.2646 / Grad Diff: 1516.9260 / Time: 2.85s
======================================================================================================

Round: 26 | CID:   1 ( 1/10)| Param: norm 8.9482 (-0.2257->0.3089)| Loss 0.0913 | Acc 97.02% | Time: 22.57s
Round: 26 | CID:   2 ( 2/10)| Param: norm 8.9480 (-0.2254->0.3091)| Loss 0.0363 | Acc 99.47% | Time: 23.61s
Round: 26 | CID:   3 ( 3/10)| Param: norm 8.9479 (-0.2253->0.3092)| Loss 0.0311 | Acc 99.58% | Time: 23.68s
Round: 26 | CID:   4 ( 4/10)| Param: norm 8.9479 (-0.2254->0.3091)| Loss 0.0481 | Acc 98.83% | Time: 23.38s
Round: 26 | CID:   5 ( 5/10)| Param: norm 8.9479 (-0.2255->0.3087)| Loss 0.0473 | Acc 98.98% | Time: 23.55s
Round: 26 | CID:   7 ( 6/10)| Param: norm 8.9478 (-0.2251->0.3095)| Loss 0.0641 | Acc 98.52% | Time: 23.35s
Round: 26 | CID:   8 ( 7/10)| Param: norm 8.9481 (-0.2256->0.3093)| Loss 0.0407 | Acc 99.30% | Time: 23.73s

>>> Round:   27 / Acc: 82.927% / Loss: 0.5294 / Grad Norm: 16.6756 / Grad Diff: 1912.9859 / Time: 2.01s
======================================================================================================

Round: 27 | CID:   2 ( 1/10)| Param: norm 8.9483 (-0.2255->0.3092)| Loss 0.0584 | Acc 99.08% | Time: 23.86s
Round: 27 | CID:   3 ( 2/10)| Param: norm 8.9483 (-0.2254->0.3096)| Loss 0.0432 | Acc 99.64% | Time: 23.76s
Round: 27 | CID:   4 ( 3/10)| Param: norm 8.9482 (-0.2255->0.3091)| Loss 0.0623 | Acc 98.75% | Time: 22.94s
Round: 27 | CID:   6 ( 4/10)| Param: norm 8.9483 (-0.2256->0.3097)| Loss 0.0471 | Acc 99.41% | Time: 23.51s
Round: 27 | CID:   7 ( 5/10)| Param: norm 8.9482 (-0.2252->0.3098)| Loss 0.0673 | Acc 98.61% | Time: 23.74s
Round: 27 | CID:   8 ( 6/10)| Param: norm 8.9483 (-0.2255->0.3094)| Loss 0.0572 | Acc 98.88% | Time: 23.62s
Round: 27 | CID:   9 ( 7/10)| Param: norm 8.9483 (-0.2254->0.3094)| Loss 0.0624 | Acc 98.75% | Time: 22.77s

>>> Round:   28 / Acc: 80.595% / Loss: 0.6004 / Grad Norm: 22.5128 / Grad Diff: 2416.5520 / Time: 2.86s
======================================================================================================

Round: 28 | CID:   1 ( 1/10)| Param: norm 8.9489 (-0.2258->0.3091)| Loss 0.1205 | Acc 96.30% | Time: 22.75s
Round: 28 | CID:   3 ( 2/10)| Param: norm 8.9486 (-0.2254->0.3099)| Loss 0.0626 | Acc 99.62% | Time: 23.64s
Round: 28 | CID:   5 ( 3/10)| Param: norm 8.9483 (-0.2257->0.3091)| Loss 0.1023 | Acc 98.25% | Time: 23.57s
Round: 28 | CID:   7 ( 4/10)| Param: norm 8.9484 (-0.2252->0.3098)| Loss 0.0894 | Acc 98.59% | Time: 23.65s
Round: 28 | CID:   8 ( 5/10)| Param: norm 8.9487 (-0.2255->0.3098)| Loss 0.0713 | Acc 99.16% | Time: 23.44s
Round: 28 | CID:   9 ( 6/10)| Param: norm 8.9486 (-0.2255->0.3096)| Loss 0.0861 | Acc 98.58% | Time: 22.80s

>>> Round:   29 / Acc: 80.987% / Loss: 0.5929 / Grad Norm: 20.8848 / Grad Diff: 2412.4945 / Time: 2.81s
======================================================================================================

Round: 29 | CID:   0 ( 1/10)| Param: norm 8.9491 (-0.2257->0.3102)| Loss 0.0959 | Acc 98.08% | Time: 24.46s
Round: 29 | CID:   2 ( 2/10)| Param: norm 8.9489 (-0.2256->0.3096)| Loss 0.0794 | Acc 98.58% | Time: 23.19s
Round: 29 | CID:   4 ( 3/10)| Param: norm 8.9489 (-0.2255->0.3095)| Loss 0.0870 | Acc 98.36% | Time: 23.08s
Round: 29 | CID:   5 ( 4/10)| Param: norm 8.9488 (-0.2256->0.3091)| Loss 0.0777 | Acc 98.75% | Time: 23.44s
Round: 29 | CID:   7 ( 5/10)| Param: norm 8.9487 (-0.2255->0.3098)| Loss 0.0808 | Acc 98.62% | Time: 23.66s
Round: 29 | CID:   8 ( 6/10)| Param: norm 8.9489 (-0.2255->0.3094)| Loss 0.0679 | Acc 98.94% | Time: 23.42s

>>> Round:   30 / Acc: 81.430% / Loss: 0.5531 / Grad Norm: 22.2247 / Grad Diff: 2308.1081 / Time: 1.76s
======================================================================================================

= Test = round: 30 / acc: 81.870% / loss: 0.5455 / Time: 0.13s
======================================================================================================

Round: 30 | CID:   1 ( 1/10)| Param: norm 8.9495 (-0.2258->0.3097)| Loss 0.1141 | Acc 96.77% | Time: 22.89s
Round: 30 | CID:   2 ( 2/10)| Param: norm 8.9491 (-0.2256->0.3093)| Loss 0.0859 | Acc 98.69% | Time: 23.25s
Round: 30 | CID:   3 ( 3/10)| Param: norm 8.9491 (-0.2255->0.3099)| Loss 0.0635 | Acc 99.44% | Time: 23.79s
Round: 30 | CID:   4 ( 4/10)| Param: norm 8.9492 (-0.2256->0.3097)| Loss 0.0790 | Acc 98.66% | Time: 23.29s
Round: 30 | CID:   5 ( 5/10)| Param: norm 8.9490 (-0.2257->0.3095)| Loss 0.0915 | Acc 98.31% | Time: 23.35s
Round: 30 | CID:   6 ( 6/10)| Param: norm 8.9491 (-0.2257->0.3100)| Loss 0.0742 | Acc 99.17% | Time: 23.42s
Round: 30 | CID:   9 ( 7/10)| Param: norm 8.9492 (-0.2255->0.3100)| Loss 0.0787 | Acc 98.89% | Time: 22.93s

>>> Round:   31 / Acc: 85.152% / Loss: 0.4588 / Grad Norm: 10.8646 / Grad Diff: 1708.1764 / Time: 2.86s
======================================================================================================

Round: 31 | CID:   0 ( 1/10)| Param: norm 8.9497 (-0.2257->0.3109)| Loss 0.0559 | Acc 98.72% | Time: 24.53s
Round: 31 | CID:   1 ( 2/10)| Param: norm 8.9496 (-0.2259->0.3097)| Loss 0.0865 | Acc 97.12% | Time: 23.25s
Round: 31 | CID:   2 ( 3/10)| Param: norm 8.9495 (-0.2257->0.3099)| Loss 0.0434 | Acc 99.09% | Time: 23.40s
Round: 31 | CID:   5 ( 4/10)| Param: norm 8.9492 (-0.2258->0.3093)| Loss 0.0573 | Acc 98.62% | Time: 23.46s
Round: 31 | CID:   7 ( 5/10)| Param: norm 8.9493 (-0.2255->0.3101)| Loss 0.0514 | Acc 98.73% | Time: 23.63s
Round: 31 | CID:   9 ( 6/10)| Param: norm 8.9495 (-0.2256->0.3104)| Loss 0.0458 | Acc 98.89% | Time: 23.08s

>>> Round:   32 / Acc: 81.455% / Loss: 0.5440 / Grad Norm: 19.2062 / Grad Diff: 2197.5889 / Time: 1.79s
======================================================================================================

Round: 32 | CID:   0 ( 1/10)| Param: norm 8.9499 (-0.2258->0.3105)| Loss 0.0759 | Acc 98.48% | Time: 24.61s
Round: 32 | CID:   3 ( 2/10)| Param: norm 8.9497 (-0.2256->0.3105)| Loss 0.0568 | Acc 99.33% | Time: 23.76s
Round: 32 | CID:   5 ( 3/10)| Param: norm 8.9496 (-0.2257->0.3097)| Loss 0.0683 | Acc 98.77% | Time: 23.26s
Round: 32 | CID:   6 ( 4/10)| Param: norm 8.9497 (-0.2258->0.3104)| Loss 0.0603 | Acc 99.31% | Time: 23.75s
Round: 32 | CID:   7 ( 5/10)| Param: norm 8.9496 (-0.2253->0.3103)| Loss 0.0772 | Acc 98.69% | Time: 23.46s
Round: 32 | CID:   8 ( 6/10)| Param: norm 8.9498 (-0.2257->0.3106)| Loss 0.0650 | Acc 99.02% | Time: 23.55s
Round: 32 | CID:   9 ( 7/10)| Param: norm 8.9498 (-0.2257->0.3107)| Loss 0.0653 | Acc 98.95% | Time: 23.10s

>>> Round:   33 / Acc: 84.292% / Loss: 0.4748 / Grad Norm: 13.8079 / Grad Diff: 1835.8196 / Time: 2.85s
======================================================================================================

Round: 33 | CID:   0 ( 1/10)| Param: norm 8.9503 (-0.2257->0.3111)| Loss 0.0619 | Acc 98.62% | Time: 24.27s
Round: 33 | CID:   1 ( 2/10)| Param: norm 8.9502 (-0.2260->0.3101)| Loss 0.0955 | Acc 97.00% | Time: 22.90s
Round: 33 | CID:   2 ( 3/10)| Param: norm 8.9501 (-0.2258->0.3107)| Loss 0.0471 | Acc 99.22% | Time: 23.59s
Round: 33 | CID:   4 ( 4/10)| Param: norm 8.9500 (-0.2257->0.3106)| Loss 0.0571 | Acc 98.75% | Time: 23.19s
Round: 33 | CID:   6 ( 5/10)| Param: norm 8.9500 (-0.2259->0.3106)| Loss 0.0406 | Acc 99.39% | Time: 23.65s
Round: 33 | CID:   8 ( 6/10)| Param: norm 8.9501 (-0.2257->0.3108)| Loss 0.0447 | Acc 99.27% | Time: 23.11s
Round: 33 | CID:   9 ( 7/10)| Param: norm 8.9500 (-0.2256->0.3105)| Loss 0.0528 | Acc 98.84% | Time: 23.17s

>>> Round:   34 / Acc: 82.328% / Loss: 0.5136 / Grad Norm: 20.3567 / Grad Diff: 2102.3200 / Time: 2.87s
======================================================================================================

Round: 34 | CID:   0 ( 1/10)| Param: norm 8.9505 (-0.2258->0.3113)| Loss 0.0778 | Acc 98.64% | Time: 24.53s
Round: 34 | CID:   1 ( 2/10)| Param: norm 8.9506 (-0.2260->0.3100)| Loss 0.1132 | Acc 96.55% | Time: 22.96s
Round: 34 | CID:   2 ( 3/10)| Param: norm 8.9503 (-0.2258->0.3107)| Loss 0.0640 | Acc 98.97% | Time: 23.58s
Round: 34 | CID:   4 ( 4/10)| Param: norm 8.9504 (-0.2258->0.3108)| Loss 0.0628 | Acc 98.94% | Time: 23.01s
Round: 34 | CID:   6 ( 5/10)| Param: norm 8.9502 (-0.2259->0.3108)| Loss 0.0645 | Acc 99.33% | Time: 23.66s
Round: 34 | CID:   7 ( 6/10)| Param: norm 8.9502 (-0.2255->0.3108)| Loss 0.0884 | Acc 98.31% | Time: 23.18s
Round: 34 | CID:   9 ( 7/10)| Param: norm 8.9503 (-0.2257->0.3108)| Loss 0.0776 | Acc 98.64% | Time: 23.48s

>>> Round:   35 / Acc: 76.970% / Loss: 0.6536 / Grad Norm: 32.8520 / Grad Diff: 3162.9829 / Time: 2.80s
======================================================================================================

= Test = round: 35 / acc: 77.720% / loss: 0.6426 / Time: 0.20s
======================================================================================================

Round: 35 | CID:   1 ( 1/10)| Param: norm 8.9510 (-0.2259->0.3109)| Loss 0.1585 | Acc 95.64% | Time: 22.75s
Round: 35 | CID:   2 ( 2/10)| Param: norm 8.9506 (-0.2258->0.3112)| Loss 0.1332 | Acc 98.28% | Time: 23.25s
Round: 35 | CID:   3 ( 3/10)| Param: norm 8.9506 (-0.2258->0.3111)| Loss 0.1254 | Acc 98.89% | Time: 23.62s
Round: 35 | CID:   4 ( 4/10)| Param: norm 8.9507 (-0.2258->0.3107)| Loss 0.1220 | Acc 98.48% | Time: 23.34s
Round: 35 | CID:   6 ( 5/10)| Param: norm 8.9506 (-0.2259->0.3109)| Loss 0.1216 | Acc 99.12% | Time: 23.77s
Round: 35 | CID:   8 ( 6/10)| Param: norm 8.9507 (-0.2257->0.3110)| Loss 0.1314 | Acc 98.34% | Time: 23.58s

>>> Round:   36 / Acc: 82.852% / Loss: 0.5142 / Grad Norm: 15.1295 / Grad Diff: 2102.3383 / Time: 2.83s
======================================================================================================

Round: 36 | CID:   0 ( 1/10)| Param: norm 8.9510 (-0.2258->0.3114)| Loss 0.0561 | Acc 98.62% | Time: 23.74s
Round: 36 | CID:   1 ( 2/10)| Param: norm 8.9511 (-0.2260->0.3110)| Loss 0.0912 | Acc 97.23% | Time: 23.59s
Round: 36 | CID:   2 ( 3/10)| Param: norm 8.9509 (-0.2259->0.3109)| Loss 0.0457 | Acc 99.11% | Time: 22.95s
Round: 36 | CID:   3 ( 4/10)| Param: norm 8.9508 (-0.2258->0.3110)| Loss 0.0450 | Acc 99.27% | Time: 23.64s
Round: 36 | CID:   6 ( 5/10)| Param: norm 8.9509 (-0.2260->0.3112)| Loss 0.0365 | Acc 99.53% | Time: 23.82s
Round: 36 | CID:   7 ( 6/10)| Param: norm 8.9508 (-0.2256->0.3115)| Loss 0.0659 | Acc 98.61% | Time: 23.72s
Round: 36 | CID:   8 ( 7/10)| Param: norm 8.9509 (-0.2258->0.3113)| Loss 0.0530 | Acc 98.84% | Time: 23.78s
Round: 36 | CID:   9 ( 8/10)| Param: norm 8.9510 (-0.2258->0.3113)| Loss 0.0637 | Acc 98.78% | Time: 23.80s

>>> Round:   37 / Acc: 81.168% / Loss: 0.5602 / Grad Norm: 23.0142 / Grad Diff: 2708.0130 / Time: 2.85s
======================================================================================================

Round: 37 | CID:   0 ( 1/10)| Param: norm 8.9513 (-0.2260->0.3117)| Loss 0.0859 | Acc 98.64% | Time: 23.60s
Round: 37 | CID:   1 ( 2/10)| Param: norm 8.9515 (-0.2262->0.3109)| Loss 0.1040 | Acc 97.09% | Time: 23.75s
Round: 37 | CID:   2 ( 3/10)| Param: norm 8.9512 (-0.2259->0.3112)| Loss 0.0827 | Acc 98.94% | Time: 23.00s
Round: 37 | CID:   4 ( 4/10)| Param: norm 8.9511 (-0.2259->0.3115)| Loss 0.0849 | Acc 98.69% | Time: 23.35s
Round: 37 | CID:   5 ( 5/10)| Param: norm 8.9511 (-0.2259->0.3108)| Loss 0.0989 | Acc 98.28% | Time: 23.27s
Round: 37 | CID:   6 ( 6/10)| Param: norm 8.9512 (-0.2260->0.3114)| Loss 0.0652 | Acc 99.55% | Time: 23.74s
Round: 37 | CID:   7 ( 7/10)| Param: norm 8.9510 (-0.2258->0.3112)| Loss 0.0974 | Acc 98.27% | Time: 23.00s
Round: 37 | CID:   9 ( 8/10)| Param: norm 8.9511 (-0.2258->0.3116)| Loss 0.0933 | Acc 98.34% | Time: 23.62s

>>> Round:   38 / Acc: 82.847% / Loss: 0.5122 / Grad Norm: 19.8157 / Grad Diff: 2469.4235 / Time: 2.79s
======================================================================================================

Round: 38 | CID:   0 ( 1/10)| Param: norm 8.9516 (-0.2259->0.3116)| Loss 0.0750 | Acc 98.44% | Time: 24.29s
Round: 38 | CID:   1 ( 2/10)| Param: norm 8.9516 (-0.2261->0.3111)| Loss 0.1045 | Acc 97.09% | Time: 23.29s
Round: 38 | CID:   2 ( 3/10)| Param: norm 8.9513 (-0.2259->0.3114)| Loss 0.0756 | Acc 98.88% | Time: 23.26s
Round: 38 | CID:   3 ( 4/10)| Param: norm 8.9514 (-0.2259->0.3114)| Loss 0.0603 | Acc 99.17% | Time: 23.78s
Round: 38 | CID:   6 ( 5/10)| Param: norm 8.9514 (-0.2260->0.3116)| Loss 0.0527 | Acc 99.64% | Time: 22.99s
Round: 38 | CID:   7 ( 6/10)| Param: norm 8.9514 (-0.2258->0.3112)| Loss 0.0752 | Acc 98.58% | Time: 22.97s
Round: 38 | CID:   8 ( 7/10)| Param: norm 8.9515 (-0.2260->0.3114)| Loss 0.0694 | Acc 98.81% | Time: 23.35s
Round: 38 | CID:   9 ( 8/10)| Param: norm 8.9514 (-0.2258->0.3117)| Loss 0.0732 | Acc 98.80% | Time: 23.55s

>>> Round:   39 / Acc: 84.013% / Loss: 0.4865 / Grad Norm: 18.6945 / Grad Diff: 2410.6711 / Time: 2.79s
======================================================================================================

Round: 39 | CID:   1 ( 1/10)| Param: norm 8.9519 (-0.2262->0.3110)| Loss 0.0981 | Acc 97.27% | Time: 22.79s
Round: 39 | CID:   4 ( 2/10)| Param: norm 8.9516 (-0.2259->0.3113)| Loss 0.0695 | Acc 98.66% | Time: 23.30s
Round: 39 | CID:   5 ( 3/10)| Param: norm 8.9516 (-0.2260->0.3112)| Loss 0.0777 | Acc 98.52% | Time: 22.73s
Round: 39 | CID:   6 ( 4/10)| Param: norm 8.9516 (-0.2260->0.3117)| Loss 0.0500 | Acc 99.58% | Time: 23.02s
Round: 39 | CID:   7 ( 5/10)| Param: norm 8.9516 (-0.2258->0.3115)| Loss 0.0753 | Acc 98.52% | Time: 23.72s
Round: 39 | CID:   8 ( 6/10)| Param: norm 8.9517 (-0.2260->0.3114)| Loss 0.0557 | Acc 99.16% | Time: 23.70s
Round: 39 | CID:   9 ( 7/10)| Param: norm 8.9516 (-0.2259->0.3116)| Loss 0.0754 | Acc 98.62% | Time: 23.03s

>>> Round:   40 / Acc: 86.220% / Loss: 0.4234 / Grad Norm: 10.9786 / Grad Diff: 1909.2306 / Time: 2.86s
======================================================================================================

= Test = round: 40 / acc: 86.710% / loss: 0.4180 / Time: 0.28s
======================================================================================================

Round: 40 | CID:   0 ( 1/10)| Param: norm 8.9520 (-0.2260->0.3121)| Loss 0.0495 | Acc 98.81% | Time: 24.28s
Round: 40 | CID:   2 ( 2/10)| Param: norm 8.9518 (-0.2259->0.3114)| Loss 0.0511 | Acc 98.94% | Time: 23.40s
Round: 40 | CID:   3 ( 3/10)| Param: norm 8.9518 (-0.2259->0.3114)| Loss 0.0318 | Acc 99.52% | Time: 23.65s
Round: 40 | CID:   4 ( 4/10)| Param: norm 8.9518 (-0.2260->0.3114)| Loss 0.0459 | Acc 98.80% | Time: 22.24s
Round: 40 | CID:   5 ( 5/10)| Param: norm 8.9518 (-0.2261->0.3111)| Loss 0.0520 | Acc 98.73% | Time: 22.91s
Round: 40 | CID:   6 ( 6/10)| Param: norm 8.9518 (-0.2261->0.3116)| Loss 0.0306 | Acc 99.45% | Time: 23.45s
Round: 40 | CID:   7 ( 7/10)| Param: norm 8.9519 (-0.2258->0.3118)| Loss 0.0481 | Acc 98.94% | Time: 23.63s

>>> Round:   41 / Acc: 84.373% / Loss: 0.4747 / Grad Norm: 17.4420 / Grad Diff: 2269.3664 / Time: 2.86s
======================================================================================================

Round: 41 | CID:   0 ( 1/10)| Param: norm 8.9522 (-0.2259->0.3120)| Loss 0.0656 | Acc 98.31% | Time: 24.31s
Round: 41 | CID:   1 ( 2/10)| Param: norm 8.9523 (-0.2261->0.3116)| Loss 0.0991 | Acc 96.98% | Time: 23.19s
Round: 41 | CID:   2 ( 3/10)| Param: norm 8.9521 (-0.2260->0.3116)| Loss 0.0595 | Acc 99.00% | Time: 22.33s
Round: 41 | CID:   4 ( 4/10)| Param: norm 8.9521 (-0.2259->0.3116)| Loss 0.0553 | Acc 98.97% | Time: 22.53s
Round: 41 | CID:   6 ( 5/10)| Param: norm 8.9520 (-0.2261->0.3120)| Loss 0.0469 | Acc 99.47% | Time: 23.80s
Round: 41 | CID:   9 ( 6/10)| Param: norm 8.9521 (-0.2259->0.3118)| Loss 0.0642 | Acc 98.61% | Time: 23.48s

>>> Round:   42 / Acc: 79.020% / Loss: 0.6081 / Grad Norm: 27.2267 / Grad Diff: 3216.8620 / Time: 2.79s
======================================================================================================

Round: 42 | CID:   0 ( 1/10)| Param: norm 8.9525 (-0.2261->0.3123)| Loss 0.0968 | Acc 98.44% | Time: 24.62s
Round: 42 | CID:   1 ( 2/10)| Param: norm 8.9526 (-0.2262->0.3118)| Loss 0.1248 | Acc 96.64% | Time: 23.03s
Round: 42 | CID:   3 ( 3/10)| Param: norm 8.9522 (-0.2260->0.3122)| Loss 0.0991 | Acc 99.00% | Time: 23.74s
Round: 42 | CID:   5 ( 4/10)| Param: norm 8.9523 (-0.2261->0.3117)| Loss 0.1159 | Acc 97.91% | Time: 22.48s
Round: 42 | CID:   6 ( 5/10)| Param: norm 8.9523 (-0.2261->0.3121)| Loss 0.0828 | Acc 99.44% | Time: 23.29s
Round: 42 | CID:   7 ( 6/10)| Param: norm 8.9523 (-0.2259->0.3119)| Loss 0.1039 | Acc 98.30% | Time: 23.66s
Round: 42 | CID:   8 ( 7/10)| Param: norm 8.9523 (-0.2260->0.3121)| Loss 0.1052 | Acc 98.33% | Time: 23.74s
Round: 42 | CID:   9 ( 8/10)| Param: norm 8.9524 (-0.2258->0.3122)| Loss 0.1030 | Acc 98.39% | Time: 22.96s

>>> Round:   43 / Acc: 81.457% / Loss: 0.5522 / Grad Norm: 26.4617 / Grad Diff: 3261.9353 / Time: 2.75s
======================================================================================================

Round: 43 | CID:   0 ( 1/10)| Param: norm 8.9527 (-0.2261->0.3124)| Loss 0.0962 | Acc 98.28% | Time: 24.66s
Round: 43 | CID:   1 ( 2/10)| Param: norm 8.9528 (-0.2263->0.3119)| Loss 0.1162 | Acc 96.75% | Time: 23.28s
Round: 43 | CID:   2 ( 3/10)| Param: norm 8.9526 (-0.2260->0.3119)| Loss 0.1038 | Acc 98.27% | Time: 22.33s
Round: 43 | CID:   3 ( 4/10)| Param: norm 8.9525 (-0.2260->0.3122)| Loss 0.0855 | Acc 99.36% | Time: 23.66s
Round: 43 | CID:   5 ( 5/10)| Param: norm 8.9525 (-0.2261->0.3119)| Loss 0.1113 | Acc 98.30% | Time: 23.53s
Round: 43 | CID:   6 ( 6/10)| Param: norm 8.9526 (-0.2261->0.3123)| Loss 0.0789 | Acc 99.55% | Time: 23.57s
Round: 43 | CID:   7 ( 7/10)| Param: norm 8.9524 (-0.2259->0.3122)| Loss 0.1149 | Acc 98.27% | Time: 23.67s
Round: 43 | CID:   8 ( 8/10)| Param: norm 8.9526 (-0.2260->0.3120)| Loss 0.0911 | Acc 98.69% | Time: 23.65s

>>> Round:   44 / Acc: 84.243% / Loss: 0.4822 / Grad Norm: 19.5032 / Grad Diff: 2449.6016 / Time: 2.79s
======================================================================================================

Round: 44 | CID:   0 ( 1/10)| Param: norm 8.9530 (-0.2262->0.3125)| Loss 0.0692 | Acc 98.69% | Time: 24.25s
Round: 44 | CID:   3 ( 2/10)| Param: norm 8.9528 (-0.2261->0.3122)| Loss 0.0553 | Acc 99.38% | Time: 22.65s
Round: 44 | CID:   4 ( 3/10)| Param: norm 8.9529 (-0.2261->0.3121)| Loss 0.0651 | Acc 98.88% | Time: 22.81s
Round: 44 | CID:   5 ( 4/10)| Param: norm 8.9528 (-0.2262->0.3117)| Loss 0.0769 | Acc 98.59% | Time: 23.56s
Round: 44 | CID:   6 ( 5/10)| Param: norm 8.9528 (-0.2262->0.3122)| Loss 0.0518 | Acc 99.55% | Time: 23.44s
Round: 44 | CID:   7 ( 6/10)| Param: norm 8.9527 (-0.2259->0.3122)| Loss 0.0801 | Acc 98.73% | Time: 23.60s
Round: 44 | CID:   8 ( 7/10)| Param: norm 8.9528 (-0.2261->0.3121)| Loss 0.0580 | Acc 99.02% | Time: 23.65s

>>> Round:   45 / Acc: 82.272% / Loss: 0.5366 / Grad Norm: 26.7606 / Grad Diff: 3098.1041 / Time: 2.86s
======================================================================================================

= Test = round: 45 / acc: 82.650% / loss: 0.5235 / Time: 0.20s
======================================================================================================

Round: 45 | CID:   0 ( 1/10)| Param: norm 8.9532 (-0.2262->0.3125)| Loss 0.0979 | Acc 98.20% | Time: 23.57s
Round: 45 | CID:   1 ( 2/10)| Param: norm 8.9531 (-0.2263->0.3115)| Loss 0.1303 | Acc 96.27% | Time: 23.64s
Round: 45 | CID:   2 ( 3/10)| Param: norm 8.9530 (-0.2261->0.3121)| Loss 0.0990 | Acc 98.52% | Time: 23.16s
Round: 45 | CID:   4 ( 4/10)| Param: norm 8.9529 (-0.2261->0.3120)| Loss 0.1033 | Acc 98.44% | Time: 22.94s
Round: 45 | CID:   5 ( 5/10)| Param: norm 8.9529 (-0.2262->0.3121)| Loss 0.1127 | Acc 98.31% | Time: 23.20s
Round: 45 | CID:   6 ( 6/10)| Param: norm 8.9530 (-0.2262->0.3124)| Loss 0.0831 | Acc 99.36% | Time: 23.60s
Round: 45 | CID:   9 ( 7/10)| Param: norm 8.9530 (-0.2261->0.3124)| Loss 0.0996 | Acc 98.39% | Time: 23.04s

>>> Round:   46 / Acc: 83.115% / Loss: 0.4857 / Grad Norm: 24.2204 / Grad Diff: 2620.7256 / Time: 2.08s
======================================================================================================

Round: 46 | CID:   0 ( 1/10)| Param: norm 8.9533 (-0.2262->0.3127)| Loss 0.0842 | Acc 98.47% | Time: 24.28s
Round: 46 | CID:   2 ( 2/10)| Param: norm 8.9532 (-0.2261->0.3121)| Loss 0.0843 | Acc 98.98% | Time: 23.17s
Round: 46 | CID:   3 ( 3/10)| Param: norm 8.9532 (-0.2261->0.3123)| Loss 0.0772 | Acc 99.20% | Time: 23.76s
Round: 46 | CID:   4 ( 4/10)| Param: norm 8.9532 (-0.2262->0.3122)| Loss 0.0827 | Acc 98.75% | Time: 22.86s
Round: 46 | CID:   6 ( 5/10)| Param: norm 8.9532 (-0.2263->0.3124)| Loss 0.0741 | Acc 99.45% | Time: 23.50s
Round: 46 | CID:   7 ( 6/10)| Param: norm 8.9531 (-0.2260->0.3122)| Loss 0.1035 | Acc 98.14% | Time: 23.65s
Round: 46 | CID:   9 ( 7/10)| Param: norm 8.9532 (-0.2260->0.3125)| Loss 0.0882 | Acc 98.75% | Time: 22.52s

>>> Round:   47 / Acc: 80.177% / Loss: 0.5836 / Grad Norm: 33.6470 / Grad Diff: 3850.3786 / Time: 2.36s
======================================================================================================

Round: 47 | CID:   1 ( 1/10)| Param: norm 8.9536 (-0.2263->0.3121)| Loss 0.1512 | Acc 96.09% | Time: 23.71s
Round: 47 | CID:   2 ( 2/10)| Param: norm 8.9534 (-0.2262->0.3123)| Loss 0.1341 | Acc 97.62% | Time: 23.20s
Round: 47 | CID:   3 ( 3/10)| Param: norm 8.9534 (-0.2261->0.3124)| Loss 0.1204 | Acc 98.47% | Time: 23.81s
Round: 47 | CID:   4 ( 4/10)| Param: norm 8.9535 (-0.2262->0.3123)| Loss 0.1223 | Acc 98.27% | Time: 23.04s
Round: 47 | CID:   6 ( 5/10)| Param: norm 8.9535 (-0.2263->0.3128)| Loss 0.1179 | Acc 98.66% | Time: 23.66s
Round: 47 | CID:   7 ( 6/10)| Param: norm 8.9534 (-0.2260->0.3125)| Loss 0.1351 | Acc 98.22% | Time: 22.91s
Round: 47 | CID:   9 ( 7/10)| Param: norm 8.9535 (-0.2261->0.3126)| Loss 0.1275 | Acc 98.05% | Time: 23.44s

>>> Round:   48 / Acc: 72.813% / Loss: 0.8437 / Grad Norm: 57.0908 / Grad Diff: 6106.5951 / Time: 2.85s
======================================================================================================

Round: 48 | CID:   0 ( 1/10)| Param: norm 8.9542 (-0.2264->0.3130)| Loss 0.2689 | Acc 93.55% | Time: 24.61s
Round: 48 | CID:   2 ( 2/10)| Param: norm 8.9539 (-0.2261->0.3123)| Loss 0.2633 | Acc 93.81% | Time: 23.19s
Round: 48 | CID:   3 ( 3/10)| Param: norm 8.9540 (-0.2260->0.3128)| Loss 0.2403 | Acc 95.39% | Time: 23.83s
Round: 48 | CID:   4 ( 4/10)| Param: norm 8.9539 (-0.2262->0.3122)| Loss 0.2744 | Acc 94.12% | Time: 23.28s
Round: 48 | CID:   5 ( 5/10)| Param: norm 8.9538 (-0.2261->0.3117)| Loss 0.2964 | Acc 93.97% | Time: 23.42s
Round: 48 | CID:   7 ( 6/10)| Param: norm 8.9538 (-0.2261->0.3123)| Loss 0.2650 | Acc 95.22% | Time: 22.92s
Round: 48 | CID:   8 ( 7/10)| Param: norm 8.9539 (-0.2261->0.3124)| Loss 0.2729 | Acc 94.09% | Time: 23.73s

>>> Round:   49 / Acc: 71.037% / Loss: 0.8485 / Grad Norm: 63.4220 / Grad Diff: 6369.5943 / Time: 2.80s
======================================================================================================

Round: 49 | CID:   2 ( 1/10)| Param: norm 8.9544 (-0.2262->0.3120)| Loss 0.3121 | Acc 93.98% | Time: 22.96s
Round: 49 | CID:   3 ( 2/10)| Param: norm 8.9547 (-0.2259->0.3133)| Loss 0.2815 | Acc 93.67% | Time: 23.65s
Round: 49 | CID:   5 ( 3/10)| Param: norm 8.9543 (-0.2261->0.3122)| Loss 0.3302 | Acc 92.89% | Time: 23.26s
Round: 49 | CID:   6 ( 4/10)| Param: norm 8.9548 (-0.2262->0.3128)| Loss 0.2877 | Acc 93.39% | Time: 23.67s
Round: 49 | CID:   7 ( 5/10)| Param: norm 8.9546 (-0.2258->0.3128)| Loss 0.3237 | Acc 93.22% | Time: 23.63s
Round: 49 | CID:   8 ( 6/10)| Param: norm 8.9545 (-0.2261->0.3124)| Loss 0.3005 | Acc 93.52% | Time: 22.90s
Round: 49 | CID:   9 ( 7/10)| Param: norm 8.9545 (-0.2260->0.3121)| Loss 0.3034 | Acc 93.17% | Time: 23.52s

>>> Round:   50 / Acc: 77.147% / Loss: 0.6800 / Grad Norm: 35.9182 / Grad Diff: 4773.6274 / Time: 2.80s
======================================================================================================

= Test = round: 50 / acc: 77.240% / loss: 0.6806 / Time: 0.27s
======================================================================================================

Round: 50 | CID:   2 ( 1/10)| Param: norm 8.9547 (-0.2260->0.3123)| Loss 0.1202 | Acc 97.73% | Time: 22.92s
Round: 50 | CID:   3 ( 2/10)| Param: norm 8.9549 (-0.2260->0.3125)| Loss 0.1163 | Acc 98.09% | Time: 23.50s
Round: 50 | CID:   4 ( 3/10)| Param: norm 8.9547 (-0.2261->0.3124)| Loss 0.1335 | Acc 97.80% | Time: 22.91s
Round: 50 | CID:   7 ( 4/10)| Param: norm 8.9547 (-0.2261->0.3127)| Loss 0.1443 | Acc 97.27% | Time: 23.64s
Round: 50 | CID:   9 ( 5/10)| Param: norm 8.9548 (-0.2260->0.3127)| Loss 0.1304 | Acc 97.83% | Time: 23.36s

>>> Round:   51 / Acc: 72.403% / Loss: 0.7904 / Grad Norm: 52.4146 / Grad Diff: 6350.7659 / Time: 2.83s
======================================================================================================

Round: 51 | CID:   0 ( 1/10)| Param: norm 8.9553 (-0.2260->0.3124)| Loss 0.2366 | Acc 95.48% | Time: 23.27s
Round: 51 | CID:   1 ( 2/10)| Param: norm 8.9551 (-0.2262->0.3121)| Loss 0.2625 | Acc 94.23% | Time: 22.70s
Round: 51 | CID:   2 ( 3/10)| Param: norm 8.9552 (-0.2260->0.3123)| Loss 0.2181 | Acc 95.20% | Time: 23.18s
Round: 51 | CID:   3 ( 4/10)| Param: norm 8.9553 (-0.2261->0.3129)| Loss 0.2044 | Acc 95.17% | Time: 24.26s
Round: 51 | CID:   4 ( 5/10)| Param: norm 8.9552 (-0.2260->0.3122)| Loss 0.2196 | Acc 95.72% | Time: 22.99s
Round: 51 | CID:   5 ( 6/10)| Param: norm 8.9551 (-0.2260->0.3125)| Loss 0.2365 | Acc 95.27% | Time: 23.43s
Round: 51 | CID:   6 ( 7/10)| Param: norm 8.9552 (-0.2261->0.3131)| Loss 0.2239 | Acc 94.84% | Time: 22.91s
Round: 51 | CID:   9 ( 8/10)| Param: norm 8.9550 (-0.2260->0.3124)| Loss 0.2335 | Acc 95.42% | Time: 23.49s

>>> Round:   52 / Acc: 82.180% / Loss: 0.5278 / Grad Norm: 31.1271 / Grad Diff: 3811.8873 / Time: 2.85s
======================================================================================================

Round: 52 | CID:   0 ( 1/10)| Param: norm 8.9554 (-0.2261->0.3129)| Loss 0.1215 | Acc 97.61% | Time: 24.45s
Round: 52 | CID:   2 ( 2/10)| Param: norm 8.9555 (-0.2260->0.3130)| Loss 0.0987 | Acc 98.59% | Time: 23.20s
Round: 52 | CID:   5 ( 3/10)| Param: norm 8.9553 (-0.2261->0.3123)| Loss 0.1131 | Acc 98.25% | Time: 23.73s
Round: 52 | CID:   6 ( 4/10)| Param: norm 8.9553 (-0.2261->0.3126)| Loss 0.1160 | Acc 98.91% | Time: 24.12s
Round: 52 | CID:   8 ( 5/10)| Param: norm 8.9554 (-0.2261->0.3128)| Loss 0.1106 | Acc 98.22% | Time: 23.65s
Round: 52 | CID:   9 ( 6/10)| Param: norm 8.9554 (-0.2260->0.3129)| Loss 0.1067 | Acc 98.02% | Time: 23.38s

>>> Round:   53 / Acc: 83.310% / Loss: 0.4863 / Grad Norm: 21.4510 / Grad Diff: 3799.5757 / Time: 2.85s
======================================================================================================

Round: 53 | CID:   2 ( 1/10)| Param: norm 8.9556 (-0.2260->0.3130)| Loss 0.0711 | Acc 98.67% | Time: 22.41s
Round: 53 | CID:   3 ( 2/10)| Param: norm 8.9555 (-0.2260->0.3129)| Loss 0.0622 | Acc 99.28% | Time: 24.18s
Round: 53 | CID:   4 ( 3/10)| Param: norm 8.9556 (-0.2261->0.3129)| Loss 0.0665 | Acc 98.97% | Time: 22.76s
Round: 53 | CID:   5 ( 4/10)| Param: norm 8.9555 (-0.2262->0.3126)| Loss 0.0828 | Acc 98.44% | Time: 23.16s
Round: 53 | CID:   8 ( 5/10)| Param: norm 8.9556 (-0.2261->0.3129)| Loss 0.0723 | Acc 98.89% | Time: 23.41s

>>> Round:   54 / Acc: 81.142% / Loss: 0.5536 / Grad Norm: 36.5904 / Grad Diff: 4204.6473 / Time: 2.76s
======================================================================================================

Round: 54 | CID:   0 ( 1/10)| Param: norm 8.9559 (-0.2262->0.3133)| Loss 0.1330 | Acc 97.47% | Time: 24.12s
Round: 54 | CID:   1 ( 2/10)| Param: norm 8.9559 (-0.2263->0.3129)| Loss 0.1679 | Acc 95.83% | Time: 23.20s
Round: 54 | CID:   3 ( 3/10)| Param: norm 8.9559 (-0.2261->0.3131)| Loss 0.1197 | Acc 98.17% | Time: 23.71s
Round: 54 | CID:   4 ( 4/10)| Param: norm 8.9557 (-0.2261->0.3129)| Loss 0.1364 | Acc 97.64% | Time: 22.20s
Round: 54 | CID:   5 ( 5/10)| Param: norm 8.9557 (-0.2261->0.3129)| Loss 0.1307 | Acc 97.98% | Time: 23.89s
Round: 54 | CID:   6 ( 6/10)| Param: norm 8.9558 (-0.2262->0.3132)| Loss 0.1333 | Acc 97.20% | Time: 23.32s
Round: 54 | CID:   7 ( 7/10)| Param: norm 8.9558 (-0.2261->0.3133)| Loss 0.1562 | Acc 97.28% | Time: 23.71s
Round: 54 | CID:   8 ( 8/10)| Param: norm 8.9558 (-0.2261->0.3131)| Loss 0.1212 | Acc 98.00% | Time: 23.71s
Round: 54 | CID:   9 ( 9/10)| Param: norm 8.9558 (-0.2260->0.3131)| Loss 0.1403 | Acc 97.61% | Time: 23.43s

>>> Round:   55 / Acc: 85.812% / Loss: 0.4210 / Grad Norm: 13.8617 / Grad Diff: 3151.7116 / Time: 2.87s
======================================================================================================

= Test = round: 55 / acc: 85.980% / loss: 0.4187 / Time: 0.20s
======================================================================================================

Round: 55 | CID:   0 ( 1/10)| Param: norm 8.9561 (-0.2261->0.3137)| Loss 0.0523 | Acc 98.70% | Time: 24.35s
Round: 55 | CID:   1 ( 2/10)| Param: norm 8.9561 (-0.2264->0.3129)| Loss 0.0833 | Acc 97.38% | Time: 23.05s
Round: 55 | CID:   2 ( 3/10)| Param: norm 8.9560 (-0.2262->0.3133)| Loss 0.0509 | Acc 98.98% | Time: 22.22s
Round: 55 | CID:   4 ( 4/10)| Param: norm 8.9560 (-0.2262->0.3133)| Loss 0.0461 | Acc 98.97% | Time: 23.13s
Round: 55 | CID:   5 ( 5/10)| Param: norm 8.9560 (-0.2262->0.3129)| Loss 0.0543 | Acc 98.81% | Time: 23.36s
Round: 55 | CID:   7 ( 6/10)| Param: norm 8.9559 (-0.2261->0.3134)| Loss 0.0654 | Acc 98.59% | Time: 23.41s
Round: 55 | CID:   8 ( 7/10)| Param: norm 8.9560 (-0.2261->0.3132)| Loss 0.0418 | Acc 99.22% | Time: 23.70s
Round: 55 | CID:   9 ( 8/10)| Param: norm 8.9560 (-0.2261->0.3133)| Loss 0.0495 | Acc 98.98% | Time: 23.32s

>>> Round:   56 / Acc: 84.370% / Loss: 0.4559 / Grad Norm: 21.2907 / Grad Diff: 3402.3315 / Time: 2.82s
======================================================================================================

Round: 56 | CID:   1 ( 1/10)| Param: norm 8.9563 (-0.2263->0.3131)| Loss 0.1071 | Acc 97.08% | Time: 23.06s
Round: 56 | CID:   2 ( 2/10)| Param: norm 8.9562 (-0.2262->0.3134)| Loss 0.0661 | Acc 98.95% | Time: 22.33s
Round: 56 | CID:   3 ( 3/10)| Param: norm 8.9562 (-0.2261->0.3134)| Loss 0.0634 | Acc 99.33% | Time: 24.15s
Round: 56 | CID:   4 ( 4/10)| Param: norm 8.9562 (-0.2262->0.3133)| Loss 0.0621 | Acc 98.83% | Time: 23.04s
Round: 56 | CID:   6 ( 5/10)| Param: norm 8.9561 (-0.2262->0.3134)| Loss 0.0647 | Acc 99.34% | Time: 23.63s
Round: 56 | CID:   8 ( 6/10)| Param: norm 8.9562 (-0.2262->0.3134)| Loss 0.0651 | Acc 99.00% | Time: 23.34s
Round: 56 | CID:   9 ( 7/10)| Param: norm 8.9563 (-0.2261->0.3134)| Loss 0.0664 | Acc 98.64% | Time: 23.30s

>>> Round:   57 / Acc: 83.970% / Loss: 0.4885 / Grad Norm: 24.9426 / Grad Diff: 4040.8790 / Time: 2.86s
======================================================================================================

Round: 57 | CID:   0 ( 1/10)| Param: norm 8.9564 (-0.2261->0.3139)| Loss 0.0963 | Acc 97.97% | Time: 24.38s