nohup: ignoring input
>>> Arguments:
	             algo : fedavg4
	       batch_size : 64
	clients_per_round : 10
	          dataset : mnist_all_data_1_random_niid
	           device : 0
	              dis : 
	       eval_every : 5
	 finetune_dataset : mnist-m
	  finetune_epochs : 100
	      finetune_lr : 0.01
	      finetune_wd : 0.0
	              gpu : True
	      input_shape : (1, 28, 28)
	        lbd_reg_J : 0.01
	               lr : 0.01
	            model : LeNet
	        noaverage : False
	          noprint : False
	        num_class : 10
	        num_epoch : 10
	        num_round : 200
	       reg_J_flag : True
	             seed : 0
	               wd : 0.0
>>> Read data from:
     ./data/mnist/data/train/all_data_1_random_niid.pkl
     ./data/mnist/data/test/all_data_1_random_niid.pkl
>>> Use gpu on device 0
>>> Model statistic per layer
LeNet_MNIST(
  286.12 KMac, 100.000% MACs, 
  (conv1): Conv2d(89.856 KMac, 31.405% MACs, 1, 6, kernel_size=(5, 5), stride=(1, 1))
  (conv2): Conv2d(154.624 KMac, 54.042% MACs, 6, 16, kernel_size=(5, 5), stride=(1, 1))
  (fc1): Linear(30.72 KMac, 10.737% MACs, in_features=256, out_features=120, bias=True)
  (fc2): Linear(10.08 KMac, 3.523% MACs, in_features=120, out_features=84, bias=True)
  (fc3): Linear(840.0 Mac, 0.294% MACs, in_features=84, out_features=10, bias=True)
)
>>> Activate a worker for training
>>> Initialize 10 clients in total
>>> Weigh updates by simple average
>>> Select 10 clients per round 


>>> Round:    0 / Acc: 10.333% / Loss: 6.6095 / Grad Norm: 85.6753 / Grad Diff: 8678.0046 / Time: 2.91s
======================================================================================================

= Test = round: 0 / acc: 10.210% / loss: 6.6145 / Time: 0.27s
======================================================================================================

Round:  0 | CID:   3 ( 1/10)| Param: norm 8.9265 (-0.2260->0.2516)| Loss 0.3468 | Acc 95.27% | Time: 0.24s
Round:  0 | CID:   4 ( 2/10)| Param: norm 8.9240 (-0.2175->0.2920)| Loss 0.3611 | Acc 92.67% | Time: 0.31s
Round:  0 | CID:   5 ( 3/10)| Param: norm 8.9199 (-0.2250->0.2039)| Loss 0.3026 | Acc 94.12% | Time: 0.26s
Round:  0 | CID:   6 ( 4/10)| Param: norm 8.9167 (-0.2028->0.2154)| Loss 0.2114 | Acc 95.78% | Time: 0.29s
Round:  0 | CID:   7 ( 5/10)| Param: norm 8.9144 (-0.2293->0.2351)| Loss 0.2376 | Acc 96.22% | Time: 0.26s
Round:  0 | CID:   8 ( 6/10)| Param: norm 8.9328 (-0.2191->0.2092)| Loss 0.4400 | Acc 95.00% | Time: 0.29s
Round:  0 | CID:   9 ( 7/10)| Param: norm 8.9308 (-0.2171->0.2901)| Loss 0.4618 | Acc 93.48% | Time: 0.25s

>>> Round:    1 / Acc: 18.317% / Loss: 2.2277 / Grad Norm: 4.5492 / Grad Diff: 288.3404 / Time: 2.81s
======================================================================================================

Round:  1 | CID:   0 ( 1/10)| Param: norm 8.9725 (-0.2806->0.2098)| Loss 0.8847 | Acc 83.05% | Time: 24.11s
Round:  1 | CID:   1 ( 2/10)| Param: norm 8.9378 (-0.2382->0.3499)| Loss 0.8711 | Acc 72.02% | Time: 23.37s
Round:  1 | CID:   3 ( 3/10)| Param: norm 8.9393 (-0.2615->0.2338)| Loss 0.3842 | Acc 93.22% | Time: 23.69s
Round:  1 | CID:   4 ( 4/10)| Param: norm 8.9400 (-0.2727->0.3563)| Loss 0.5529 | Acc 88.67% | Time: 23.24s
Round:  1 | CID:   5 ( 5/10)| Param: norm 8.9440 (-0.2549->0.1884)| Loss 0.3768 | Acc 93.83% | Time: 22.88s
Round:  1 | CID:   7 ( 6/10)| Param: norm 8.9407 (-0.2446->0.2425)| Loss 0.5005 | Acc 90.09% | Time: 23.48s

>>> Round:    2 / Acc: 34.573% / Loss: 2.1050 / Grad Norm: 1.8493 / Grad Diff: 26.8400 / Time: 2.74s
======================================================================================================

Round:  2 | CID:   0 ( 1/10)| Param: norm 8.9374 (-0.2594->0.3233)| Loss 0.3056 | Acc 93.89% | Time: 23.93s
Round:  2 | CID:   2 ( 2/10)| Param: norm 8.9280 (-0.2595->0.3175)| Loss 0.3237 | Acc 94.34% | Time: 23.19s
Round:  2 | CID:   3 ( 3/10)| Param: norm 8.9219 (-0.2592->0.2760)| Loss 0.1289 | Acc 99.39% | Time: 23.77s
Round:  2 | CID:   4 ( 4/10)| Param: norm 8.9347 (-0.2594->0.3417)| Loss 0.2989 | Acc 93.86% | Time: 23.31s
Round:  2 | CID:   5 ( 5/10)| Param: norm 8.9257 (-0.2592->0.2618)| Loss 0.2857 | Acc 94.05% | Time: 23.48s
Round:  2 | CID:   6 ( 6/10)| Param: norm 8.9312 (-0.2593->0.3103)| Loss 0.2628 | Acc 96.08% | Time: 23.63s

>>> Round:    3 / Acc: 33.748% / Loss: 1.9999 / Grad Norm: 12.3532 / Grad Diff: 438.6499 / Time: 2.78s
======================================================================================================

Round:  3 | CID:   0 ( 1/10)| Param: norm 8.9430 (-0.2595->0.3443)| Loss 0.6991 | Acc 85.45% | Time: 23.54s
Round:  3 | CID:   1 ( 2/10)| Param: norm 8.9381 (-0.2594->0.3307)| Loss 0.8952 | Acc 82.02% | Time: 23.67s
Round:  3 | CID:   2 ( 3/10)| Param: norm 8.9406 (-0.2594->0.3574)| Loss 0.6371 | Acc 89.14% | Time: 22.94s
Round:  3 | CID:   4 ( 4/10)| Param: norm 8.9443 (-0.2594->0.3718)| Loss 0.7078 | Acc 86.20% | Time: 23.37s
Round:  3 | CID:   5 ( 5/10)| Param: norm 8.9379 (-0.2592->0.3306)| Loss 0.6732 | Acc 90.91% | Time: 23.25s
Round:  3 | CID:   7 ( 6/10)| Param: norm 8.9382 (-0.2592->0.3435)| Loss 0.6565 | Acc 91.08% | Time: 23.65s
Round:  3 | CID:   8 ( 7/10)| Param: norm 8.9395 (-0.2594->0.3381)| Loss 0.6818 | Acc 89.45% | Time: 23.26s

>>> Round:    4 / Acc: 58.538% / Loss: 1.4669 / Grad Norm: 7.0449 / Grad Diff: 346.1213 / Time: 2.04s
======================================================================================================

Round:  4 | CID:   0 ( 1/10)| Param: norm 8.9495 (-0.2595->0.3625)| Loss 0.2868 | Acc 93.77% | Time: 24.57s
Round:  4 | CID:   2 ( 2/10)| Param: norm 8.9441 (-0.2594->0.3593)| Loss 0.2385 | Acc 97.08% | Time: 23.25s
Round:  4 | CID:   4 ( 3/10)| Param: norm 8.9458 (-0.2594->0.3758)| Loss 0.2535 | Acc 94.94% | Time: 23.50s
Round:  4 | CID:   5 ( 4/10)| Param: norm 8.9426 (-0.2592->0.3461)| Loss 0.2531 | Acc 94.42% | Time: 23.25s
Round:  4 | CID:   6 ( 5/10)| Param: norm 8.9442 (-0.2593->0.3599)| Loss 0.2913 | Acc 95.31% | Time: 23.60s
Round:  4 | CID:   7 ( 6/10)| Param: norm 8.9410 (-0.2594->0.3455)| Loss 0.3128 | Acc 95.16% | Time: 23.43s
Round:  4 | CID:   9 ( 7/10)| Param: norm 8.9432 (-0.2595->0.3516)| Loss 0.3229 | Acc 94.14% | Time: 22.22s

>>> Round:    5 / Acc: 57.448% / Loss: 1.4029 / Grad Norm: 9.6240 / Grad Diff: 490.8716 / Time: 2.74s
======================================================================================================

= Test = round: 5 / acc: 58.050% / loss: 1.3993 / Time: 0.23s
======================================================================================================

Round:  5 | CID:   1 ( 1/10)| Param: norm 8.9478 (-0.2593->0.3581)| Loss 0.5647 | Acc 86.73% | Time: 22.89s
Round:  5 | CID:   2 ( 2/10)| Param: norm 8.9480 (-0.2594->0.3675)| Loss 0.3676 | Acc 94.34% | Time: 23.57s
Round:  5 | CID:   4 ( 3/10)| Param: norm 8.9509 (-0.2594->0.3769)| Loss 0.3481 | Acc 93.19% | Time: 22.83s
Round:  5 | CID:   5 ( 4/10)| Param: norm 8.9473 (-0.2594->0.3519)| Loss 0.3709 | Acc 93.41% | Time: 23.50s
Round:  5 | CID:   6 ( 5/10)| Param: norm 8.9495 (-0.2593->0.3730)| Loss 0.4005 | Acc 94.84% | Time: 23.43s
Round:  5 | CID:   7 ( 6/10)| Param: norm 8.9516 (-0.2595->0.3765)| Loss 0.3610 | Acc 91.19% | Time: 22.57s
Round:  5 | CID:   8 ( 7/10)| Param: norm 8.9463 (-0.2593->0.3600)| Loss 0.4371 | Acc 95.31% | Time: 23.35s
Round:  5 | CID:   9 ( 8/10)| Param: norm 8.9493 (-0.2596->0.3652)| Loss 0.3544 | Acc 92.20% | Time: 23.51s

>>> Round:    6 / Acc: 62.865% / Loss: 1.1861 / Grad Norm: 8.3405 / Grad Diff: 501.9496 / Time: 2.76s
======================================================================================================

Round:  6 | CID:   0 ( 1/10)| Param: norm 8.9555 (-0.2594->0.3807)| Loss 0.3312 | Acc 92.31% | Time: 24.18s
Round:  6 | CID:   1 ( 2/10)| Param: norm 8.9510 (-0.2593->0.3723)| Loss 0.4533 | Acc 89.56% | Time: 22.95s
Round:  6 | CID:   3 ( 3/10)| Param: norm 8.9493 (-0.2594->0.3670)| Loss 0.3115 | Acc 97.88% | Time: 23.76s
Round:  6 | CID:   4 ( 4/10)| Param: norm 8.9527 (-0.2594->0.3793)| Loss 0.2763 | Acc 94.70% | Time: 23.35s
Round:  6 | CID:   5 ( 5/10)| Param: norm 8.9517 (-0.2594->0.3664)| Loss 0.2923 | Acc 93.92% | Time: 23.04s
Round:  6 | CID:   6 ( 6/10)| Param: norm 8.9535 (-0.2594->0.3789)| Loss 0.3011 | Acc 97.02% | Time: 22.54s
Round:  6 | CID:   8 ( 7/10)| Param: norm 8.9505 (-0.2593->0.3679)| Loss 0.3272 | Acc 95.28% | Time: 23.40s

>>> Round:    7 / Acc: 68.763% / Loss: 0.9867 / Grad Norm: 5.9431 / Grad Diff: 471.6639 / Time: 2.78s
======================================================================================================

Round:  7 | CID:   0 ( 1/10)| Param: norm 8.9579 (-0.2594->0.3848)| Loss 0.2187 | Acc 94.50% | Time: 24.47s
Round:  7 | CID:   2 ( 2/10)| Param: norm 8.9530 (-0.2594->0.3701)| Loss 0.1778 | Acc 96.86% | Time: 23.46s
Round:  7 | CID:   4 ( 3/10)| Param: norm 8.9555 (-0.2594->0.3819)| Loss 0.1730 | Acc 96.77% | Time: 23.24s
Round:  7 | CID:   5 ( 4/10)| Param: norm 8.9552 (-0.2593->0.3712)| Loss 0.1773 | Acc 96.69% | Time: 22.98s
Round:  7 | CID:   7 ( 5/10)| Param: norm 8.9538 (-0.2595->0.3755)| Loss 0.2267 | Acc 96.34% | Time: 22.54s
Round:  7 | CID:   9 ( 6/10)| Param: norm 8.9548 (-0.2594->0.3754)| Loss 0.2255 | Acc 95.92% | Time: 23.11s

>>> Round:    8 / Acc: 63.870% / Loss: 1.1504 / Grad Norm: 12.5339 / Grad Diff: 735.9276 / Time: 2.79s
======================================================================================================

Round:  8 | CID:   0 ( 1/10)| Param: norm 8.9599 (-0.2595->0.3869)| Loss 0.5386 | Acc 88.47% | Time: 24.54s
Round:  8 | CID:   2 ( 2/10)| Param: norm 8.9563 (-0.2594->0.3828)| Loss 0.4899 | Acc 92.36% | Time: 22.97s
Round:  8 | CID:   4 ( 3/10)| Param: norm 8.9587 (-0.2594->0.3872)| Loss 0.4551 | Acc 90.97% | Time: 23.09s
Round:  8 | CID:   5 ( 4/10)| Param: norm 8.9574 (-0.2594->0.3798)| Loss 0.5006 | Acc 89.89% | Time: 23.46s
Round:  8 | CID:   8 ( 5/10)| Param: norm 8.9562 (-0.2594->0.3827)| Loss 0.5691 | Acc 91.34% | Time: 23.42s
Round:  8 | CID:   9 ( 6/10)| Param: norm 8.9564 (-0.2595->0.3760)| Loss 0.5355 | Acc 91.28% | Time: 22.70s

>>> Round:    9 / Acc: 65.965% / Loss: 1.0721 / Grad Norm: 10.1778 / Grad Diff: 640.6741 / Time: 2.81s
======================================================================================================

Round:  9 | CID:   0 ( 1/10)| Param: norm 8.9630 (-0.2594->0.3944)| Loss 0.3786 | Acc 91.86% | Time: 24.55s
Round:  9 | CID:   1 ( 2/10)| Param: norm 8.9579 (-0.2594->0.3855)| Loss 0.6175 | Acc 87.78% | Time: 23.26s
Round:  9 | CID:   2 ( 3/10)| Param: norm 8.9595 (-0.2593->0.3863)| Loss 0.3174 | Acc 94.78% | Time: 23.24s
Round:  9 | CID:   3 ( 4/10)| Param: norm 8.9585 (-0.2594->0.3847)| Loss 0.3584 | Acc 96.55% | Time: 23.57s
Round:  9 | CID:   4 ( 5/10)| Param: norm 8.9614 (-0.2594->0.3920)| Loss 0.3127 | Acc 94.16% | Time: 23.36s
Round:  9 | CID:   5 ( 6/10)| Param: norm 8.9605 (-0.2594->0.3813)| Loss 0.3202 | Acc 93.69% | Time: 23.22s

>>> Round:   10 / Acc: 67.332% / Loss: 0.9962 / Grad Norm: 9.5999 / Grad Diff: 635.7901 / Time: 1.94s
======================================================================================================

= Test = round: 10 / acc: 67.930% / loss: 0.9883 / Time: 0.28s
======================================================================================================

Round: 10 | CID:   0 ( 1/10)| Param: norm 8.9653 (-0.2595->0.3985)| Loss 0.3233 | Acc 93.86% | Time: 24.12s
Round: 10 | CID:   1 ( 2/10)| Param: norm 8.9606 (-0.2594->0.3910)| Loss 0.4953 | Acc 89.45% | Time: 23.22s
Round: 10 | CID:   2 ( 3/10)| Param: norm 8.9624 (-0.2594->0.3912)| Loss 0.2732 | Acc 96.41% | Time: 22.96s
Round: 10 | CID:   4 ( 4/10)| Param: norm 8.9633 (-0.2594->0.3960)| Loss 0.2754 | Acc 94.75% | Time: 23.30s
Round: 10 | CID:   6 ( 5/10)| Param: norm 8.9637 (-0.2594->0.3968)| Loss 0.3189 | Acc 93.14% | Time: 23.72s
Round: 10 | CID:   7 ( 6/10)| Param: norm 8.9621 (-0.2594->0.3888)| Loss 0.3344 | Acc 95.33% | Time: 23.62s

>>> Round:   11 / Acc: 66.632% / Loss: 1.0017 / Grad Norm: 11.0925 / Grad Diff: 683.4438 / Time: 2.82s
======================================================================================================

Round: 11 | CID:   0 ( 1/10)| Param: norm 8.9662 (-0.2595->0.3988)| Loss 0.3948 | Acc 91.53% | Time: 23.22s
Round: 11 | CID:   1 ( 2/10)| Param: norm 8.9639 (-0.2594->0.3963)| Loss 0.4809 | Acc 88.33% | Time: 22.80s
Round: 11 | CID:   4 ( 3/10)| Param: norm 8.9659 (-0.2594->0.4011)| Loss 0.3312 | Acc 93.06% | Time: 23.41s
Round: 11 | CID:   7 ( 4/10)| Param: norm 8.9644 (-0.2594->0.3927)| Loss 0.3814 | Acc 93.75% | Time: 23.64s
Round: 11 | CID:   8 ( 5/10)| Param: norm 8.9636 (-0.2594->0.3954)| Loss 0.4097 | Acc 92.73% | Time: 23.60s
Round: 11 | CID:   9 ( 6/10)| Param: norm 8.9652 (-0.2594->0.3929)| Loss 0.4062 | Acc 93.98% | Time: 23.43s

>>> Round:   12 / Acc: 65.875% / Loss: 1.0626 / Grad Norm: 12.4554 / Grad Diff: 816.9133 / Time: 2.78s
======================================================================================================

Round: 12 | CID:   0 ( 1/10)| Param: norm 8.9687 (-0.2594->0.4029)| Loss 0.4340 | Acc 91.19% | Time: 23.27s
Round: 12 | CID:   1 ( 2/10)| Param: norm 8.9664 (-0.2594->0.4000)| Loss 0.5992 | Acc 88.58% | Time: 23.54s
Round: 12 | CID:   2 ( 3/10)| Param: norm 8.9666 (-0.2594->0.4003)| Loss 0.4263 | Acc 92.89% | Time: 23.21s
Round: 12 | CID:   5 ( 4/10)| Param: norm 8.9673 (-0.2594->0.3981)| Loss 0.4866 | Acc 91.25% | Time: 23.08s
Round: 12 | CID:   7 ( 5/10)| Param: norm 8.9671 (-0.2595->0.3990)| Loss 0.4560 | Acc 92.14% | Time: 23.44s
Round: 12 | CID:   8 ( 6/10)| Param: norm 8.9659 (-0.2594->0.3985)| Loss 0.5080 | Acc 91.03% | Time: 23.67s
Round: 12 | CID:   9 ( 7/10)| Param: norm 8.9670 (-0.2594->0.3954)| Loss 0.4458 | Acc 93.27% | Time: 23.41s

>>> Round:   13 / Acc: 70.143% / Loss: 0.9221 / Grad Norm: 9.4233 / Grad Diff: 672.4500 / Time: 1.77s
======================================================================================================

Round: 13 | CID:   2 ( 1/10)| Param: norm 8.9690 (-0.2594->0.4020)| Loss 0.2660 | Acc 96.91% | Time: 22.89s
Round: 13 | CID:   4 ( 2/10)| Param: norm 8.9701 (-0.2594->0.4061)| Loss 0.2373 | Acc 96.25% | Time: 23.02s
Round: 13 | CID:   6 ( 3/10)| Param: norm 8.9700 (-0.2594->0.4048)| Loss 0.2528 | Acc 93.89% | Time: 23.74s
Round: 13 | CID:   7 ( 4/10)| Param: norm 8.9688 (-0.2594->0.4002)| Loss 0.2779 | Acc 95.88% | Time: 23.36s
Round: 13 | CID:   8 ( 5/10)| Param: norm 8.9683 (-0.2594->0.3982)| Loss 0.3427 | Acc 95.09% | Time: 23.34s
Round: 13 | CID:   9 ( 6/10)| Param: norm 8.9696 (-0.2594->0.4008)| Loss 0.2758 | Acc 95.36% | Time: 23.48s

>>> Round:   14 / Acc: 68.473% / Loss: 0.9694 / Grad Norm: 11.6163 / Grad Diff: 768.5608 / Time: 2.84s
======================================================================================================

Round: 14 | CID:   0 ( 1/10)| Param: norm 8.9719 (-0.2594->0.4070)| Loss 0.3827 | Acc 92.89% | Time: 23.49s
Round: 14 | CID:   2 ( 2/10)| Param: norm 8.9690 (-0.2594->0.4022)| Loss 0.4384 | Acc 94.45% | Time: 23.91s
Round: 14 | CID:   3 ( 3/10)| Param: norm 8.9709 (-0.2594->0.4021)| Loss 0.3852 | Acc 94.23% | Time: 23.40s
Round: 14 | CID:   5 ( 4/10)| Param: norm 8.9698 (-0.2594->0.4000)| Loss 0.4929 | Acc 93.23% | Time: 23.52s
Round: 14 | CID:   7 ( 5/10)| Param: norm 8.9709 (-0.2594->0.4030)| Loss 0.3709 | Acc 93.81% | Time: 23.45s
Round: 14 | CID:   8 ( 6/10)| Param: norm 8.9700 (-0.2594->0.4032)| Loss 0.4365 | Acc 92.89% | Time: 23.64s
Round: 14 | CID:   9 ( 7/10)| Param: norm 8.9709 (-0.2595->0.4012)| Loss 0.3619 | Acc 93.97% | Time: 23.08s

>>> Round:   15 / Acc: 73.048% / Loss: 0.8251 / Grad Norm: 7.9389 / Grad Diff: 660.1908 / Time: 1.79s
======================================================================================================

= Test = round: 15 / acc: 74.310% / loss: 0.7981 / Time: 0.12s
======================================================================================================

Round: 15 | CID:   0 ( 1/10)| Param: norm 8.9735 (-0.2594->0.4081)| Loss 0.2482 | Acc 95.47% | Time: 24.62s
Round: 15 | CID:   1 ( 2/10)| Param: norm 8.9704 (-0.2594->0.4044)| Loss 0.3632 | Acc 92.34% | Time: 23.29s
Round: 15 | CID:   2 ( 3/10)| Param: norm 8.9725 (-0.2594->0.4050)| Loss 0.2063 | Acc 97.58% | Time: 23.25s
Round: 15 | CID:   3 ( 4/10)| Param: norm 8.9727 (-0.2595->0.4032)| Loss 0.1909 | Acc 96.03% | Time: 23.75s
Round: 15 | CID:   5 ( 5/10)| Param: norm 8.9722 (-0.2594->0.4020)| Loss 0.2291 | Acc 96.56% | Time: 23.46s
Round: 15 | CID:   8 ( 6/10)| Param: norm 8.9722 (-0.2594->0.4015)| Loss 0.2443 | Acc 96.22% | Time: 23.68s

>>> Round:   16 / Acc: 73.562% / Loss: 0.7890 / Grad Norm: 8.9289 / Grad Diff: 652.2919 / Time: 2.77s
======================================================================================================

Round: 16 | CID:   0 ( 1/10)| Param: norm 8.9746 (-0.2594->0.4100)| Loss 0.2860 | Acc 95.25% | Time: 23.20s
Round: 16 | CID:   1 ( 2/10)| Param: norm 8.9728 (-0.2594->0.4075)| Loss 0.3650 | Acc 91.92% | Time: 23.41s
Round: 16 | CID:   2 ( 3/10)| Param: norm 8.9737 (-0.2594->0.4060)| Loss 0.2263 | Acc 96.94% | Time: 22.96s
Round: 16 | CID:   3 ( 4/10)| Param: norm 8.9734 (-0.2594->0.4062)| Loss 0.1958 | Acc 96.84% | Time: 23.60s
Round: 16 | CID:   5 ( 5/10)| Param: norm 8.9737 (-0.2594->0.4043)| Loss 0.2627 | Acc 96.39% | Time: 23.19s
Round: 16 | CID:   6 ( 6/10)| Param: norm 8.9746 (-0.2594->0.4091)| Loss 0.2241 | Acc 94.97% | Time: 23.61s
Round: 16 | CID:   9 ( 7/10)| Param: norm 8.9741 (-0.2595->0.4040)| Loss 0.2919 | Acc 94.97% | Time: 23.45s

>>> Round:   17 / Acc: 75.390% / Loss: 0.7462 / Grad Norm: 7.7904 / Grad Diff: 698.3165 / Time: 2.73s
======================================================================================================

Round: 17 | CID:   0 ( 1/10)| Param: norm 8.9762 (-0.2594->0.4116)| Loss 0.2211 | Acc 95.58% | Time: 23.61s
Round: 17 | CID:   1 ( 2/10)| Param: norm 8.9735 (-0.2594->0.4090)| Loss 0.4103 | Acc 92.19% | Time: 23.11s
Round: 17 | CID:   2 ( 3/10)| Param: norm 8.9753 (-0.2594->0.4081)| Loss 0.1729 | Acc 97.34% | Time: 23.05s
Round: 17 | CID:   3 ( 4/10)| Param: norm 8.9757 (-0.2594->0.4078)| Loss 0.1912 | Acc 96.25% | Time: 23.58s
Round: 17 | CID:   5 ( 5/10)| Param: norm 8.9758 (-0.2594->0.4067)| Loss 0.1853 | Acc 96.34% | Time: 23.02s
Round: 17 | CID:   6 ( 6/10)| Param: norm 8.9751 (-0.2594->0.4091)| Loss 0.2142 | Acc 96.55% | Time: 23.62s
Round: 17 | CID:   7 ( 7/10)| Param: norm 8.9754 (-0.2594->0.4060)| Loss 0.2184 | Acc 96.31% | Time: 23.69s

>>> Round:   18 / Acc: 74.537% / Loss: 0.7527 / Grad Norm: 10.4662 / Grad Diff: 767.1747 / Time: 2.82s
======================================================================================================

Round: 18 | CID:   0 ( 1/10)| Param: norm 8.9771 (-0.2594->0.4120)| Loss 0.3052 | Acc 94.23% | Time: 23.64s
Round: 18 | CID:   1 ( 2/10)| Param: norm 8.9760 (-0.2594->0.4113)| Loss 0.5048 | Acc 91.58% | Time: 22.31s
Round: 18 | CID:   2 ( 3/10)| Param: norm 8.9758 (-0.2594->0.4101)| Loss 0.2831 | Acc 96.03% | Time: 23.22s
Round: 18 | CID:   5 ( 4/10)| Param: norm 8.9760 (-0.2594->0.4089)| Loss 0.2969 | Acc 95.78% | Time: 23.58s
Round: 18 | CID:   6 ( 5/10)| Param: norm 8.9764 (-0.2594->0.4107)| Loss 0.2928 | Acc 94.55% | Time: 23.40s
Round: 18 | CID:   7 ( 6/10)| Param: norm 8.9761 (-0.2594->0.4071)| Loss 0.3332 | Acc 95.22% | Time: 23.74s
Round: 18 | CID:   8 ( 7/10)| Param: norm 8.9762 (-0.2594->0.4096)| Loss 0.3524 | Acc 94.23% | Time: 23.59s
Round: 18 | CID:   9 ( 8/10)| Param: norm 8.9768 (-0.2594->0.4083)| Loss 0.3086 | Acc 95.48% | Time: 22.66s

>>> Round:   19 / Acc: 77.483% / Loss: 0.6908 / Grad Norm: 6.4041 / Grad Diff: 644.7849 / Time: 2.82s
======================================================================================================

Round: 19 | CID:   0 ( 1/10)| Param: norm 8.9779 (-0.2594->0.4120)| Loss 0.1882 | Acc 97.41% | Time: 24.51s
Round: 19 | CID:   1 ( 2/10)| Param: norm 8.9763 (-0.2594->0.4123)| Loss 0.3253 | Acc 93.39% | Time: 22.91s
Round: 19 | CID:   2 ( 3/10)| Param: norm 8.9775 (-0.2594->0.4092)| Loss 0.1555 | Acc 97.45% | Time: 23.59s
Round: 19 | CID:   3 ( 4/10)| Param: norm 8.9776 (-0.2594->0.4095)| Loss 0.1430 | Acc 97.73% | Time: 23.82s
Round: 19 | CID:   6 ( 5/10)| Param: norm 8.9776 (-0.2594->0.4127)| Loss 0.1416 | Acc 97.53% | Time: 23.73s
Round: 19 | CID:   7 ( 6/10)| Param: norm 8.9777 (-0.2594->0.4098)| Loss 0.1654 | Acc 97.38% | Time: 23.59s
Round: 19 | CID:   8 ( 7/10)| Param: norm 8.9777 (-0.2594->0.4098)| Loss 0.1792 | Acc 97.02% | Time: 23.81s
Round: 19 | CID:   9 ( 8/10)| Param: norm 8.9779 (-0.2594->0.4099)| Loss 0.1597 | Acc 97.20% | Time: 22.76s

>>> Round:   20 / Acc: 79.667% / Loss: 0.6370 / Grad Norm: 5.5512 / Grad Diff: 667.4952 / Time: 2.79s
======================================================================================================

= Test = round: 20 / acc: 80.980% / loss: 0.6068 / Time: 0.20s
======================================================================================================

Round: 20 | CID:   0 ( 1/10)| Param: norm 8.9795 (-0.2594->0.4155)| Loss 0.1338 | Acc 97.42% | Time: 23.98s
Round: 20 | CID:   1 ( 2/10)| Param: norm 8.9776 (-0.2594->0.4138)| Loss 0.2965 | Acc 94.17% | Time: 22.92s
Round: 20 | CID:   3 ( 3/10)| Param: norm 8.9786 (-0.2594->0.4117)| Loss 0.1284 | Acc 98.03% | Time: 23.67s
Round: 20 | CID:   5 ( 4/10)| Param: norm 8.9788 (-0.2594->0.4094)| Loss 0.1722 | Acc 97.14% | Time: 23.20s
Round: 20 | CID:   6 ( 5/10)| Param: norm 8.9785 (-0.2594->0.4140)| Loss 0.1251 | Acc 97.70% | Time: 23.73s
Round: 20 | CID:   8 ( 6/10)| Param: norm 8.9788 (-0.2594->0.4105)| Loss 0.1632 | Acc 97.25% | Time: 23.65s

>>> Round:   21 / Acc: 77.368% / Loss: 0.6760 / Grad Norm: 9.5038 / Grad Diff: 714.3967 / Time: 2.76s
======================================================================================================

Round: 21 | CID:   0 ( 1/10)| Param: norm 8.9799 (-0.2594->0.4147)| Loss 0.2794 | Acc 95.14% | Time: 23.79s
Round: 21 | CID:   2 ( 2/10)| Param: norm 8.9793 (-0.2594->0.4149)| Loss 0.2541 | Acc 96.53% | Time: 23.35s
Round: 21 | CID:   3 ( 3/10)| Param: norm 8.9796 (-0.2594->0.4132)| Loss 0.2035 | Acc 96.02% | Time: 23.52s
Round: 21 | CID:   5 ( 4/10)| Param: norm 8.9799 (-0.2594->0.4127)| Loss 0.2614 | Acc 95.64% | Time: 23.21s
Round: 21 | CID:   6 ( 5/10)| Param: norm 8.9797 (-0.2594->0.4145)| Loss 0.2098 | Acc 94.61% | Time: 23.76s
Round: 21 | CID:   7 ( 6/10)| Param: norm 8.9797 (-0.2595->0.4125)| Loss 0.2819 | Acc 94.81% | Time: 23.63s

>>> Round:   22 / Acc: 78.180% / Loss: 0.6660 / Grad Norm: 9.0773 / Grad Diff: 813.8015 / Time: 2.78s
======================================================================================================

Round: 22 | CID:   1 ( 1/10)| Param: norm 8.9799 (-0.2594->0.4159)| Loss 0.4698 | Acc 92.25% | Time: 23.29s
Round: 22 | CID:   2 ( 2/10)| Param: norm 8.9804 (-0.2594->0.4158)| Loss 0.2262 | Acc 96.89% | Time: 23.37s
Round: 22 | CID:   3 ( 3/10)| Param: norm 8.9806 (-0.2594->0.4139)| Loss 0.2007 | Acc 96.02% | Time: 23.40s
Round: 22 | CID:   4 ( 4/10)| Param: norm 8.9812 (-0.2594->0.4172)| Loss 0.2014 | Acc 96.34% | Time: 22.27s
Round: 22 | CID:   6 ( 5/10)| Param: norm 8.9806 (-0.2594->0.4157)| Loss 0.2131 | Acc 96.66% | Time: 23.34s
Round: 22 | CID:   8 ( 6/10)| Param: norm 8.9806 (-0.2594->0.4152)| Loss 0.2564 | Acc 95.61% | Time: 23.31s

>>> Round:   23 / Acc: 78.367% / Loss: 0.6496 / Grad Norm: 7.9083 / Grad Diff: 805.9322 / Time: 2.77s
======================================================================================================

Round: 23 | CID:   1 ( 1/10)| Param: norm 8.9806 (-0.2594->0.4173)| Loss 0.3784 | Acc 93.56% | Time: 23.28s
Round: 23 | CID:   2 ( 2/10)| Param: norm 8.9816 (-0.2594->0.4173)| Loss 0.1594 | Acc 97.88% | Time: 23.55s
Round: 23 | CID:   3 ( 3/10)| Param: norm 8.9817 (-0.2594->0.4160)| Loss 0.1660 | Acc 96.39% | Time: 23.71s
Round: 23 | CID:   4 ( 4/10)| Param: norm 8.9819 (-0.2594->0.4184)| Loss 0.1581 | Acc 97.25% | Time: 22.60s
Round: 23 | CID:   5 ( 5/10)| Param: norm 8.9816 (-0.2594->0.4145)| Loss 0.2598 | Acc 95.58% | Time: 23.27s
Round: 23 | CID:   6 ( 6/10)| Param: norm 8.9813 (-0.2594->0.4174)| Loss 0.1949 | Acc 96.77% | Time: 23.54s
Round: 23 | CID:   7 ( 7/10)| Param: norm 8.9817 (-0.2594->0.4159)| Loss 0.2079 | Acc 96.11% | Time: 23.64s
Round: 23 | CID:   9 ( 8/10)| Param: norm 8.9818 (-0.2594->0.4143)| Loss 0.2709 | Acc 96.00% | Time: 23.05s

>>> Round:   24 / Acc: 79.632% / Loss: 0.6139 / Grad Norm: 7.9374 / Grad Diff: 798.6847 / Time: 2.83s
======================================================================================================

Round: 24 | CID:   1 ( 1/10)| Param: norm 8.9813 (-0.2594->0.4187)| Loss 0.4155 | Acc 93.11% | Time: 23.03s
Round: 24 | CID:   2 ( 2/10)| Param: norm 8.9822 (-0.2594->0.4178)| Loss 0.1593 | Acc 97.62% | Time: 23.46s
Round: 24 | CID:   3 ( 3/10)| Param: norm 8.9825 (-0.2594->0.4164)| Loss 0.1905 | Acc 96.67% | Time: 23.50s
Round: 24 | CID:   6 ( 4/10)| Param: norm 8.9822 (-0.2594->0.4192)| Loss 0.1754 | Acc 96.83% | Time: 23.41s
Round: 24 | CID:   7 ( 5/10)| Param: norm 8.9828 (-0.2594->0.4174)| Loss 0.1831 | Acc 96.55% | Time: 23.36s
Round: 24 | CID:   9 ( 6/10)| Param: norm 8.9827 (-0.2594->0.4165)| Loss 0.2092 | Acc 95.94% | Time: 23.05s

>>> Round:   25 / Acc: 76.362% / Loss: 0.6509 / Grad Norm: 11.4752 / Grad Diff: 893.9232 / Time: 2.72s
======================================================================================================

= Test = round: 25 / acc: 76.660% / loss: 0.6365 / Time: 0.27s
======================================================================================================

Round: 25 | CID:   1 ( 1/10)| Param: norm 8.9820 (-0.2594->0.4180)| Loss 0.5419 | Acc 90.98% | Time: 22.73s
Round: 25 | CID:   2 ( 2/10)| Param: norm 8.9822 (-0.2594->0.4168)| Loss 0.3732 | Acc 94.41% | Time: 23.58s
Round: 25 | CID:   3 ( 3/10)| Param: norm 8.9830 (-0.2594->0.4164)| Loss 0.2723 | Acc 94.27% | Time: 23.31s
Round: 25 | CID:   4 ( 4/10)| Param: norm 8.9826 (-0.2594->0.4195)| Loss 0.3308 | Acc 94.97% | Time: 22.79s
Round: 25 | CID:   5 ( 5/10)| Param: norm 8.9831 (-0.2594->0.4170)| Loss 0.3781 | Acc 94.00% | Time: 23.21s
Round: 25 | CID:   6 ( 6/10)| Param: norm 8.9829 (-0.2594->0.4178)| Loss 0.3082 | Acc 93.81% | Time: 23.65s
Round: 25 | CID:   8 ( 7/10)| Param: norm 8.9829 (-0.2594->0.4165)| Loss 0.3534 | Acc 94.88% | Time: 23.49s

>>> Round:   26 / Acc: 81.218% / Loss: 0.5703 / Grad Norm: 5.3511 / Grad Diff: 649.6165 / Time: 2.73s
======================================================================================================

Round: 26 | CID:   1 ( 1/10)| Param: norm 8.9829 (-0.2594->0.4202)| Loss 0.2590 | Acc 94.28% | Time: 23.33s
Round: 26 | CID:   2 ( 2/10)| Param: norm 8.9835 (-0.2594->0.4178)| Loss 0.1195 | Acc 98.02% | Time: 23.43s
Round: 26 | CID:   3 ( 3/10)| Param: norm 8.9836 (-0.2594->0.4179)| Loss 0.1009 | Acc 98.31% | Time: 23.74s
Round: 26 | CID:   4 ( 4/10)| Param: norm 8.9836 (-0.2594->0.4200)| Loss 0.1848 | Acc 98.28% | Time: 22.97s
Round: 26 | CID:   5 ( 5/10)| Param: norm 8.9837 (-0.2594->0.4170)| Loss 0.1460 | Acc 97.30% | Time: 22.85s
Round: 26 | CID:   7 ( 6/10)| Param: norm 8.9835 (-0.2594->0.4177)| Loss 0.1351 | Acc 97.55% | Time: 23.92s
Round: 26 | CID:   8 ( 7/10)| Param: norm 8.9838 (-0.2594->0.4176)| Loss 0.1028 | Acc 97.94% | Time: 23.34s

>>> Round:   27 / Acc: 81.057% / Loss: 0.5589 / Grad Norm: 5.7206 / Grad Diff: 681.4147 / Time: 2.81s
======================================================================================================

Round: 27 | CID:   2 ( 1/10)| Param: norm 8.9840 (-0.2594->0.4183)| Loss 0.1452 | Acc 97.62% | Time: 23.54s
Round: 27 | CID:   3 ( 2/10)| Param: norm 8.9844 (-0.2594->0.4190)| Loss 0.1025 | Acc 97.83% | Time: 23.58s
Round: 27 | CID:   4 ( 3/10)| Param: norm 8.9843 (-0.2594->0.4213)| Loss 0.1904 | Acc 98.02% | Time: 23.31s
Round: 27 | CID:   6 ( 4/10)| Param: norm 8.9842 (-0.2594->0.4206)| Loss 0.1287 | Acc 97.81% | Time: 23.67s
Round: 27 | CID:   7 ( 5/10)| Param: norm 8.9843 (-0.2594->0.4187)| Loss 0.1173 | Acc 97.38% | Time: 23.65s
Round: 27 | CID:   8 ( 6/10)| Param: norm 8.9843 (-0.2594->0.4183)| Loss 0.1234 | Acc 97.72% | Time: 23.17s
Round: 27 | CID:   9 ( 7/10)| Param: norm 8.9845 (-0.2594->0.4190)| Loss 0.1304 | Acc 97.42% | Time: 23.66s

>>> Round:   28 / Acc: 77.902% / Loss: 0.6275 / Grad Norm: 10.9698 / Grad Diff: 847.1441 / Time: 2.77s
======================================================================================================

Round: 28 | CID:   1 ( 1/10)| Param: norm 8.9839 (-0.2594->0.4201)| Loss 0.4351 | Acc 91.92% | Time: 22.78s
Round: 28 | CID:   3 ( 2/10)| Param: norm 8.9844 (-0.2594->0.4187)| Loss 0.2422 | Acc 95.80% | Time: 23.81s
Round: 28 | CID:   5 ( 3/10)| Param: norm 8.9848 (-0.2594->0.4187)| Loss 0.3935 | Acc 94.75% | Time: 23.42s
Round: 28 | CID:   7 ( 4/10)| Param: norm 8.9849 (-0.2594->0.4201)| Loss 0.2537 | Acc 94.75% | Time: 23.60s
Round: 28 | CID:   8 ( 5/10)| Param: norm 8.9844 (-0.2594->0.4185)| Loss 0.2845 | Acc 95.39% | Time: 23.66s
Round: 28 | CID:   9 ( 6/10)| Param: norm 8.9845 (-0.2594->0.4187)| Loss 0.3166 | Acc 94.94% | Time: 22.78s

>>> Round:   29 / Acc: 79.253% / Loss: 0.6047 / Grad Norm: 8.9421 / Grad Diff: 750.2463 / Time: 2.79s
======================================================================================================

Round: 29 | CID:   0 ( 1/10)| Param: norm 8.9856 (-0.2594->0.4227)| Loss 0.2986 | Acc 95.81% | Time: 24.02s
Round: 29 | CID:   2 ( 2/10)| Param: norm 8.9849 (-0.2594->0.4196)| Loss 0.2435 | Acc 96.39% | Time: 23.12s
Round: 29 | CID:   4 ( 3/10)| Param: norm 8.9853 (-0.2594->0.4221)| Loss 0.3303 | Acc 96.52% | Time: 22.95s
Round: 29 | CID:   5 ( 4/10)| Param: norm 8.9853 (-0.2594->0.4184)| Loss 0.2374 | Acc 96.09% | Time: 23.19s
Round: 29 | CID:   7 ( 5/10)| Param: norm 8.9850 (-0.2594->0.4197)| Loss 0.2016 | Acc 96.28% | Time: 23.58s
Round: 29 | CID:   8 ( 6/10)| Param: norm 8.9852 (-0.2594->0.4197)| Loss 0.1810 | Acc 96.83% | Time: 23.46s

>>> Round:   30 / Acc: 80.558% / Loss: 0.5832 / Grad Norm: 8.3617 / Grad Diff: 832.0446 / Time: 2.14s
======================================================================================================

= Test = round: 30 / acc: 81.600% / loss: 0.5596 / Time: 0.15s
======================================================================================================

Round: 30 | CID:   1 ( 1/10)| Param: norm 8.9856 (-0.2594->0.4209)| Loss 0.4159 | Acc 93.62% | Time: 23.09s
Round: 30 | CID:   2 ( 2/10)| Param: norm 8.9858 (-0.2594->0.4217)| Loss 0.1793 | Acc 97.23% | Time: 23.24s
Round: 30 | CID:   3 ( 3/10)| Param: norm 8.9857 (-0.2594->0.4198)| Loss 0.1484 | Acc 97.11% | Time: 23.75s
Round: 30 | CID:   4 ( 4/10)| Param: norm 8.9861 (-0.2594->0.4225)| Loss 0.2224 | Acc 97.22% | Time: 22.92s
Round: 30 | CID:   5 ( 5/10)| Param: norm 8.9858 (-0.2594->0.4199)| Loss 0.2124 | Acc 96.19% | Time: 23.43s
Round: 30 | CID:   6 ( 6/10)| Param: norm 8.9859 (-0.2594->0.4223)| Loss 0.2173 | Acc 96.56% | Time: 23.68s
Round: 30 | CID:   9 ( 7/10)| Param: norm 8.9861 (-0.2594->0.4204)| Loss 0.1641 | Acc 96.89% | Time: 23.11s

>>> Round:   31 / Acc: 81.467% / Loss: 0.5514 / Grad Norm: 7.2242 / Grad Diff: 767.5478 / Time: 2.34s
======================================================================================================

Round: 31 | CID:   0 ( 1/10)| Param: norm 8.9870 (-0.2594->0.4244)| Loss 0.2205 | Acc 97.05% | Time: 23.74s
Round: 31 | CID:   1 ( 2/10)| Param: norm 8.9859 (-0.2594->0.4228)| Loss 0.3296 | Acc 94.33% | Time: 22.95s
Round: 31 | CID:   2 ( 3/10)| Param: norm 8.9866 (-0.2594->0.4224)| Loss 0.1389 | Acc 97.56% | Time: 23.50s
Round: 31 | CID:   5 ( 4/10)| Param: norm 8.9866 (-0.2594->0.4208)| Loss 0.1652 | Acc 96.77% | Time: 23.10s
Round: 31 | CID:   7 ( 5/10)| Param: norm 8.9867 (-0.2594->0.4218)| Loss 0.1452 | Acc 96.84% | Time: 23.65s
Round: 31 | CID:   9 ( 6/10)| Param: norm 8.9867 (-0.2595->0.4212)| Loss 0.1280 | Acc 97.58% | Time: 23.45s

>>> Round:   32 / Acc: 78.183% / Loss: 0.6216 / Grad Norm: 13.0259 / Grad Diff: 1052.0842 / Time: 2.75s
======================================================================================================

Round: 32 | CID:   0 ( 1/10)| Param: norm 8.9869 (-0.2594->0.4218)| Loss 0.3671 | Acc 94.95% | Time: 23.87s
Round: 32 | CID:   3 ( 2/10)| Param: norm 8.9867 (-0.2594->0.4215)| Loss 0.3830 | Acc 93.91% | Time: 23.90s
Round: 32 | CID:   5 ( 3/10)| Param: norm 8.9867 (-0.2594->0.4215)| Loss 0.3717 | Acc 93.45% | Time: 23.23s
Round: 32 | CID:   6 ( 4/10)| Param: norm 8.9866 (-0.2594->0.4219)| Loss 0.3676 | Acc 93.48% | Time: 23.80s
Round: 32 | CID:   7 ( 5/10)| Param: norm 8.9869 (-0.2594->0.4219)| Loss 0.3303 | Acc 93.39% | Time: 23.32s
Round: 32 | CID:   8 ( 6/10)| Param: norm 8.9870 (-0.2594->0.4228)| Loss 0.4620 | Acc 93.81% | Time: 23.44s
Round: 32 | CID:   9 ( 7/10)| Param: norm 8.9868 (-0.2594->0.4226)| Loss 0.3347 | Acc 94.53% | Time: 23.39s

>>> Round:   33 / Acc: 82.178% / Loss: 0.5324 / Grad Norm: 6.8754 / Grad Diff: 776.9142 / Time: 2.77s
======================================================================================================

Round: 33 | CID:   0 ( 1/10)| Param: norm 8.9876 (-0.2594->0.4234)| Loss 0.2099 | Acc 97.30% | Time: 23.73s
Round: 33 | CID:   1 ( 2/10)| Param: norm 8.9867 (-0.2595->0.4238)| Loss 0.3378 | Acc 94.16% | Time: 22.50s
Round: 33 | CID:   2 ( 3/10)| Param: norm 8.9874 (-0.2595->0.4224)| Loss 0.1557 | Acc 97.48% | Time: 23.61s
Round: 33 | CID:   4 ( 4/10)| Param: norm 8.9876 (-0.2594->0.4240)| Loss 0.2051 | Acc 97.56% | Time: 23.01s
Round: 33 | CID:   6 ( 5/10)| Param: norm 8.9876 (-0.2594->0.4237)| Loss 0.1418 | Acc 97.59% | Time: 23.65s
Round: 33 | CID:   8 ( 6/10)| Param: norm 8.9875 (-0.2594->0.4230)| Loss 0.1764 | Acc 97.41% | Time: 23.67s
Round: 33 | CID:   9 ( 7/10)| Param: norm 8.9878 (-0.2595->0.4227)| Loss 0.1322 | Acc 96.58% | Time: 23.43s

>>> Round:   34 / Acc: 82.720% / Loss: 0.5248 / Grad Norm: 8.4563 / Grad Diff: 822.2163 / Time: 2.75s
======================================================================================================

Round: 34 | CID:   0 ( 1/10)| Param: norm 8.9885 (-0.2595->0.4260)| Loss 0.1725 | Acc 96.38% | Time: 23.61s
Round: 34 | CID:   1 ( 2/10)| Param: norm 8.9880 (-0.2595->0.4248)| Loss 0.3699 | Acc 94.08% | Time: 22.43s
Round: 34 | CID:   2 ( 3/10)| Param: norm 8.9878 (-0.2594->0.4243)| Loss 0.1581 | Acc 97.58% | Time: 23.47s
Round: 34 | CID:   4 ( 4/10)| Param: norm 8.9882 (-0.2595->0.4252)| Loss 0.1472 | Acc 97.56% | Time: 22.94s
Round: 34 | CID:   6 ( 5/10)| Param: norm 8.9878 (-0.2594->0.4246)| Loss 0.1937 | Acc 97.00% | Time: 23.61s
Round: 34 | CID:   7 ( 6/10)| Param: norm 8.9880 (-0.2595->0.4232)| Loss 0.2056 | Acc 96.44% | Time: 23.42s
Round: 34 | CID:   9 ( 7/10)| Param: norm 8.9884 (-0.2595->0.4236)| Loss 0.1832 | Acc 96.36% | Time: 22.72s

>>> Round:   35 / Acc: 79.147% / Loss: 0.5973 / Grad Norm: 14.1154 / Grad Diff: 1083.0237 / Time: 2.73s
======================================================================================================

= Test = round: 35 / acc: 79.900% / loss: 0.5794 / Time: 0.27s
======================================================================================================

Round: 35 | CID:   1 ( 1/10)| Param: norm 8.9878 (-0.2595->0.4241)| Loss 0.7199 | Acc 89.88% | Time: 22.81s
Round: 35 | CID:   2 ( 2/10)| Param: norm 8.9872 (-0.2594->0.4232)| Loss 0.4825 | Acc 93.52% | Time: 23.11s
Round: 35 | CID:   3 ( 3/10)| Param: norm 8.9882 (-0.2594->0.4241)| Loss 0.4121 | Acc 92.70% | Time: 24.05s
Round: 35 | CID:   4 ( 4/10)| Param: norm 8.9879 (-0.2594->0.4255)| Loss 0.3777 | Acc 93.84% | Time: 22.93s
Round: 35 | CID:   6 ( 5/10)| Param: norm 8.9880 (-0.2594->0.4234)| Loss 0.4246 | Acc 92.62% | Time: 23.52s
Round: 35 | CID:   8 ( 6/10)| Param: norm 8.9884 (-0.2594->0.4234)| Loss 0.5190 | Acc 92.36% | Time: 23.57s

>>> Round:   36 / Acc: 82.398% / Loss: 0.5431 / Grad Norm: 7.6759 / Grad Diff: 693.8000 / Time: 2.75s
======================================================================================================

Round: 36 | CID:   0 ( 1/10)| Param: norm 8.9888 (-0.2594->0.4258)| Loss 0.1671 | Acc 96.95% | Time: 23.93s
Round: 36 | CID:   1 ( 2/10)| Param: norm 8.9884 (-0.2595->0.4249)| Loss 0.2422 | Acc 93.33% | Time: 23.04s
Round: 36 | CID:   2 ( 3/10)| Param: norm 8.9883 (-0.2595->0.4244)| Loss 0.1859 | Acc 97.06% | Time: 23.31s
Round: 36 | CID:   3 ( 4/10)| Param: norm 8.9886 (-0.2594->0.4236)| Loss 0.1498 | Acc 97.22% | Time: 23.76s
Round: 36 | CID:   6 ( 5/10)| Param: norm 8.9885 (-0.2594->0.4251)| Loss 0.1224 | Acc 97.19% | Time: 24.06s
Round: 36 | CID:   7 ( 6/10)| Param: norm 8.9885 (-0.2595->0.4238)| Loss 0.1673 | Acc 97.09% | Time: 23.65s
Round: 36 | CID:   8 ( 7/10)| Param: norm 8.9883 (-0.2594->0.4231)| Loss 0.1661 | Acc 96.91% | Time: 23.45s
Round: 36 | CID:   9 ( 8/10)| Param: norm 8.9887 (-0.2595->0.4235)| Loss 0.1688 | Acc 97.33% | Time: 22.14s

>>> Round:   37 / Acc: 83.630% / Loss: 0.5080 / Grad Norm: 6.1699 / Grad Diff: 693.8138 / Time: 2.78s
======================================================================================================

Round: 37 | CID:   0 ( 1/10)| Param: norm 8.9894 (-0.2595->0.4265)| Loss 0.1515 | Acc 97.22% | Time: 24.31s
Round: 37 | CID:   1 ( 2/10)| Param: norm 8.9891 (-0.2595->0.4261)| Loss 0.2146 | Acc 94.78% | Time: 22.72s
Round: 37 | CID:   2 ( 3/10)| Param: norm 8.9890 (-0.2595->0.4253)| Loss 0.1773 | Acc 97.95% | Time: 23.15s
Round: 37 | CID:   4 ( 4/10)| Param: norm 8.9892 (-0.2595->0.4264)| Loss 0.1684 | Acc 97.88% | Time: 23.36s
Round: 37 | CID:   5 ( 5/10)| Param: norm 8.9892 (-0.2594->0.4237)| Loss 0.2364 | Acc 96.86% | Time: 22.90s
Round: 37 | CID:   6 ( 6/10)| Param: norm 8.9892 (-0.2594->0.4261)| Loss 0.0961 | Acc 98.12% | Time: 23.58s
Round: 37 | CID:   7 ( 7/10)| Param: norm 8.9892 (-0.2595->0.4245)| Loss 0.1480 | Acc 97.42% | Time: 23.58s
Round: 37 | CID:   9 ( 8/10)| Param: norm 8.9893 (-0.2595->0.4237)| Loss 0.1595 | Acc 97.55% | Time: 23.21s

>>> Round:   38 / Acc: 83.185% / Loss: 0.5106 / Grad Norm: 7.5612 / Grad Diff: 794.2816 / Time: 2.81s
======================================================================================================

Round: 38 | CID:   0 ( 1/10)| Param: norm 8.9902 (-0.2595->0.4278)| Loss 0.1331 | Acc 97.19% | Time: 24.16s
Round: 38 | CID:   1 ( 2/10)| Param: norm 8.9898 (-0.2595->0.4267)| Loss 0.2908 | Acc 94.47% | Time: 23.27s
Round: 38 | CID:   2 ( 3/10)| Param: norm 8.9893 (-0.2595->0.4255)| Loss 0.1841 | Acc 97.12% | Time: 23.44s
Round: 38 | CID:   3 ( 4/10)| Param: norm 8.9898 (-0.2595->0.4248)| Loss 0.1869 | Acc 97.11% | Time: 23.74s
Round: 38 | CID:   6 ( 5/10)| Param: norm 8.9898 (-0.2594->0.4265)| Loss 0.1118 | Acc 97.84% | Time: 23.43s
Round: 38 | CID:   7 ( 6/10)| Param: norm 8.9899 (-0.2595->0.4253)| Loss 0.1400 | Acc 97.05% | Time: 22.97s
Round: 38 | CID:   8 ( 7/10)| Param: norm 8.9897 (-0.2594->0.4253)| Loss 0.2472 | Acc 96.86% | Time: 23.47s
Round: 38 | CID:   9 ( 8/10)| Param: norm 8.9899 (-0.2594->0.4250)| Loss 0.1463 | Acc 97.53% | Time: 23.07s

>>> Round:   39 / Acc: 84.393% / Loss: 0.4803 / Grad Norm: 5.0348 / Grad Diff: 743.4128 / Time: 2.82s
======================================================================================================

Round: 39 | CID:   1 ( 1/10)| Param: norm 8.9900 (-0.2595->0.4271)| Loss 0.2566 | Acc 95.36% | Time: 22.87s
Round: 39 | CID:   4 ( 2/10)| Param: norm 8.9904 (-0.2595->0.4274)| Loss 0.1598 | Acc 98.22% | Time: 23.12s
Round: 39 | CID:   5 ( 3/10)| Param: norm 8.9904 (-0.2594->0.4252)| Loss 0.2113 | Acc 97.70% | Time: 23.37s
Round: 39 | CID:   6 ( 4/10)| Param: norm 8.9903 (-0.2595->0.4272)| Loss 0.0861 | Acc 98.75% | Time: 23.66s
Round: 39 | CID:   7 ( 5/10)| Param: norm 8.9904 (-0.2595->0.4259)| Loss 0.1134 | Acc 97.94% | Time: 23.37s
Round: 39 | CID:   8 ( 6/10)| Param: norm 8.9904 (-0.2595->0.4257)| Loss 0.1330 | Acc 98.17% | Time: 22.33s
Round: 39 | CID:   9 ( 7/10)| Param: norm 8.9904 (-0.2595->0.4255)| Loss 0.1331 | Acc 97.97% | Time: 23.07s

>>> Round:   40 / Acc: 85.057% / Loss: 0.4611 / Grad Norm: 4.1331 / Grad Diff: 706.8479 / Time: 2.89s
======================================================================================================

= Test = round: 40 / acc: 86.180% / loss: 0.4407 / Time: 0.20s
======================================================================================================

Round: 40 | CID:   0 ( 1/10)| Param: norm 8.9911 (-0.2595->0.4287)| Loss 0.1375 | Acc 98.30% | Time: 24.36s
Round: 40 | CID:   2 ( 2/10)| Param: norm 8.9907 (-0.2595->0.4266)| Loss 0.1231 | Acc 98.09% | Time: 23.07s
Round: 40 | CID:   3 ( 3/10)| Param: norm 8.9907 (-0.2595->0.4259)| Loss 0.1207 | Acc 98.73% | Time: 23.65s
Round: 40 | CID:   4 ( 4/10)| Param: norm 8.9909 (-0.2595->0.4282)| Loss 0.1722 | Acc 98.56% | Time: 23.29s
Round: 40 | CID:   5 ( 5/10)| Param: norm 8.9909 (-0.2594->0.4259)| Loss 0.1319 | Acc 98.38% | Time: 23.32s
Round: 40 | CID:   6 ( 6/10)| Param: norm 8.9905 (-0.2594->0.4268)| Loss 0.0902 | Acc 98.64% | Time: 23.15s