nohup: ignoring input
working!
Using device: cuda:0
>>> Arguments:
	             algo : fedavgtl
	            alpha : 13.2316427
	       batch_size : 600
	clients_per_round : 100
	             clip : True
	          dataset : mnist_all_data_1_equal_niid
	           device : cuda:0
	              dis : 
	   early_stopping : 10
	       eval_every : 5
	    ft_batch_size : 128
	       ft_dataset : mnist-m
	        ft_epochs : 200
	            ft_lr : 0.001
	            ft_wd : 0.01
	              gpu : True
	      input_shape : (1, 28, 28)
	           last_k : 1
	               lr : 0.001
	            model : lenet
	           n_init : 1
	        noaverage : False
	             noft : False
	          noprint : False
	        num_class : 10
	        num_epoch : 1
	        num_round : 200
	           opt_lr : False
	            reg_J : False
	       reg_J_coef : 0.0
	   reg_J_ind_coef : 0.0
	  reg_J_norm_coef : 0.0
	           repeat : 1
	     repeat_epoch : 1
	             seed : 0
	               wd : 0.0
>>> Read data from:
     ./data/mnist/data/all_data_1.pkl
>>> The estimate of constant alpha is 13.2316427.
>>> Read data from:
     ./data/mnist/data/train/all_data_1_equal_niid.pkl
     ./data/mnist/data/test/all_data_1_equal_niid.pkl

************************************************************************************************************************

uid: 20230921212157
FL pretrained model will be saved at ./models/lenet_mnist_20230921212157.pt
>>> Use gpu on device cuda:0
>>> Model statistic per layer
LeNet_MNIST(
  286.12 KMac, 100.000% MACs, 
  (conv1): Conv2d(89.856 KMac, 31.405% MACs, 1, 6, kernel_size=(5, 5), stride=(1, 1))
  (conv2): Conv2d(154.624 KMac, 54.042% MACs, 6, 16, kernel_size=(5, 5), stride=(1, 1))
  (fc1): Linear(30.72 KMac, 10.737% MACs, in_features=256, out_features=120, bias=True)
  (fc2): Linear(10.08 KMac, 3.523% MACs, in_features=120, out_features=84, bias=True)
  (fc3): Linear(840.0 Mac, 0.294% MACs, in_features=84, out_features=10, bias=True)
)
>>> Activate a worker for training
>>> Initialize 100 clients in total
>>> Weigh updates by simple average
>>> Select 100 clients per round 


>>> Round:    0 / Acc: 13.607% / Loss: 2.3031 / Grad Norm: 0.1494 / Grad Diff: 1.2798 / Time: 8.29s
======================================================================================================

= Test = round: 0 / acc: 14.300% / loss: 2.3020 / Time: 0.87s
======================================================================================================

round 0 local learning rate = 0.001
round 1 local learning rate = 0.001
round 2 local learning rate = 0.001
round 3 local learning rate = 0.001
round 4 local learning rate = 0.001

>>> Round:    5 / Acc: 13.732% / Loss: 2.3030 / Grad Norm: 0.1495 / Grad Diff: 1.2806 / Time: 8.34s
======================================================================================================

= Test = round: 5 / acc: 14.410% / loss: 2.3019 / Time: 0.81s
======================================================================================================

round 5 local learning rate = 0.001
round 6 local learning rate = 0.001
round 7 local learning rate = 0.001
round 8 local learning rate = 0.001
round 9 local learning rate = 0.001

>>> Round:   10 / Acc: 13.823% / Loss: 2.3029 / Grad Norm: 0.1496 / Grad Diff: 1.2814 / Time: 8.22s
======================================================================================================

= Test = round: 10 / acc: 14.520% / loss: 2.3018 / Time: 0.89s
======================================================================================================

round 10 local learning rate = 0.001
round 11 local learning rate = 0.001
round 12 local learning rate = 0.001
round 13 local learning rate = 0.001
round 14 local learning rate = 0.001

>>> Round:   15 / Acc: 13.937% / Loss: 2.3028 / Grad Norm: 0.1497 / Grad Diff: 1.2823 / Time: 8.15s
======================================================================================================

= Test = round: 15 / acc: 14.680% / loss: 2.3017 / Time: 0.85s
======================================================================================================

round 15 local learning rate = 0.001
round 16 local learning rate = 0.001
round 17 local learning rate = 0.001
round 18 local learning rate = 0.001
round 19 local learning rate = 0.001

>>> Round:   20 / Acc: 14.070% / Loss: 2.3027 / Grad Norm: 0.1497 / Grad Diff: 1.2832 / Time: 8.31s
======================================================================================================

= Test = round: 20 / acc: 14.760% / loss: 2.3016 / Time: 1.15s
======================================================================================================

round 20 local learning rate = 0.001
round 21 local learning rate = 0.001
round 22 local learning rate = 0.001
round 23 local learning rate = 0.001
round 24 local learning rate = 0.001

>>> Round:   25 / Acc: 14.205% / Loss: 2.3026 / Grad Norm: 0.1498 / Grad Diff: 1.2841 / Time: 8.30s
======================================================================================================

= Test = round: 25 / acc: 14.830% / loss: 2.3015 / Time: 0.92s
======================================================================================================

round 25 local learning rate = 0.001
round 26 local learning rate = 0.001
round 27 local learning rate = 0.001
round 28 local learning rate = 0.001
round 29 local learning rate = 0.001

>>> Round:   30 / Acc: 14.323% / Loss: 2.3025 / Grad Norm: 0.1499 / Grad Diff: 1.2850 / Time: 8.30s
======================================================================================================

= Test = round: 30 / acc: 14.980% / loss: 2.3014 / Time: 0.90s
======================================================================================================

round 30 local learning rate = 0.001
round 31 local learning rate = 0.001
round 32 local learning rate = 0.001
round 33 local learning rate = 0.001
round 34 local learning rate = 0.001

>>> Round:   35 / Acc: 14.419% / Loss: 2.3023 / Grad Norm: 0.1500 / Grad Diff: 1.2860 / Time: 8.36s
======================================================================================================

= Test = round: 35 / acc: 15.120% / loss: 2.3013 / Time: 1.21s
======================================================================================================

round 35 local learning rate = 0.001
round 36 local learning rate = 0.001
round 37 local learning rate = 0.001
round 38 local learning rate = 0.001
round 39 local learning rate = 0.001

>>> Round:   40 / Acc: 14.531% / Loss: 2.3022 / Grad Norm: 0.1501 / Grad Diff: 1.2870 / Time: 7.98s
======================================================================================================

= Test = round: 40 / acc: 15.280% / loss: 2.3012 / Time: 0.86s
======================================================================================================

round 40 local learning rate = 0.001
round 41 local learning rate = 0.001
round 42 local learning rate = 0.001
round 43 local learning rate = 0.001
round 44 local learning rate = 0.001

>>> Round:   45 / Acc: 14.651% / Loss: 2.3021 / Grad Norm: 0.1502 / Grad Diff: 1.2880 / Time: 8.22s
======================================================================================================

= Test = round: 45 / acc: 15.340% / loss: 2.3010 / Time: 0.91s
======================================================================================================

round 45 local learning rate = 0.001
round 46 local learning rate = 0.001
round 47 local learning rate = 0.001
round 48 local learning rate = 0.001
round 49 local learning rate = 0.001

>>> Round:   50 / Acc: 14.779% / Loss: 2.3020 / Grad Norm: 0.1503 / Grad Diff: 1.2891 / Time: 8.28s
======================================================================================================

= Test = round: 50 / acc: 15.440% / loss: 2.3009 / Time: 0.84s
======================================================================================================

round 50 local learning rate = 0.001
round 51 local learning rate = 0.001
round 52 local learning rate = 0.001
round 53 local learning rate = 0.001
round 54 local learning rate = 0.001

>>> Round:   55 / Acc: 14.904% / Loss: 2.3019 / Grad Norm: 0.1504 / Grad Diff: 1.2902 / Time: 8.26s
======================================================================================================

= Test = round: 55 / acc: 15.590% / loss: 2.3008 / Time: 0.91s
======================================================================================================

round 55 local learning rate = 0.001
round 56 local learning rate = 0.001
round 57 local learning rate = 0.001
round 58 local learning rate = 0.001
round 59 local learning rate = 0.001

>>> Round:   60 / Acc: 15.004% / Loss: 2.3018 / Grad Norm: 0.1505 / Grad Diff: 1.2914 / Time: 8.35s
======================================================================================================

= Test = round: 60 / acc: 15.740% / loss: 2.3007 / Time: 0.89s
======================================================================================================

round 60 local learning rate = 0.001
round 61 local learning rate = 0.001
round 62 local learning rate = 0.001
round 63 local learning rate = 0.001
round 64 local learning rate = 0.001

>>> Round:   65 / Acc: 15.096% / Loss: 2.3017 / Grad Norm: 0.1505 / Grad Diff: 1.2924 / Time: 11.57s
======================================================================================================

= Test = round: 65 / acc: 15.830% / loss: 2.3006 / Time: 1.16s
======================================================================================================

round 65 local learning rate = 0.001
round 66 local learning rate = 0.001
round 67 local learning rate = 0.001
round 68 local learning rate = 0.001
round 69 local learning rate = 0.001

>>> Round:   70 / Acc: 15.220% / Loss: 2.3016 / Grad Norm: 0.1506 / Grad Diff: 1.2935 / Time: 8.11s
======================================================================================================

= Test = round: 70 / acc: 15.960% / loss: 2.3005 / Time: 0.86s
======================================================================================================

round 70 local learning rate = 0.001
round 71 local learning rate = 0.001
round 72 local learning rate = 0.001
round 73 local learning rate = 0.001
round 74 local learning rate = 0.001

>>> Round:   75 / Acc: 15.308% / Loss: 2.3014 / Grad Norm: 0.1508 / Grad Diff: 1.2946 / Time: 8.34s
======================================================================================================

= Test = round: 75 / acc: 16.120% / loss: 2.3004 / Time: 0.90s
======================================================================================================

round 75 local learning rate = 0.001
round 76 local learning rate = 0.001
round 77 local learning rate = 0.001
round 78 local learning rate = 0.001
round 79 local learning rate = 0.001

>>> Round:   80 / Acc: 15.439% / Loss: 2.3013 / Grad Norm: 0.1509 / Grad Diff: 1.2957 / Time: 8.28s
======================================================================================================

= Test = round: 80 / acc: 16.230% / loss: 2.3003 / Time: 0.94s
======================================================================================================

round 80 local learning rate = 0.001
round 81 local learning rate = 0.001
round 82 local learning rate = 0.001
round 83 local learning rate = 0.001
round 84 local learning rate = 0.001

>>> Round:   85 / Acc: 15.541% / Loss: 2.3012 / Grad Norm: 0.1510 / Grad Diff: 1.2969 / Time: 8.23s
======================================================================================================

= Test = round: 85 / acc: 16.370% / loss: 2.3002 / Time: 0.91s
======================================================================================================

round 85 local learning rate = 0.001
round 86 local learning rate = 0.001
round 87 local learning rate = 0.001
round 88 local learning rate = 0.001
round 89 local learning rate = 0.001

>>> Round:   90 / Acc: 15.646% / Loss: 2.3011 / Grad Norm: 0.1511 / Grad Diff: 1.2981 / Time: 8.18s
======================================================================================================

= Test = round: 90 / acc: 16.470% / loss: 2.3000 / Time: 0.91s
======================================================================================================

round 90 local learning rate = 0.001
round 91 local learning rate = 0.001
round 92 local learning rate = 0.001
round 93 local learning rate = 0.001
round 94 local learning rate = 0.001

>>> Round:   95 / Acc: 15.755% / Loss: 2.3010 / Grad Norm: 0.1512 / Grad Diff: 1.2992 / Time: 8.28s
======================================================================================================

= Test = round: 95 / acc: 16.590% / loss: 2.2999 / Time: 0.86s
======================================================================================================

round 95 local learning rate = 0.001
round 96 local learning rate = 0.001
round 97 local learning rate = 0.001
round 98 local learning rate = 0.001
round 99 local learning rate = 0.001

>>> Round:  100 / Acc: 15.865% / Loss: 2.3009 / Grad Norm: 0.1513 / Grad Diff: 1.3005 / Time: 8.49s
======================================================================================================

= Test = round: 100 / acc: 16.670% / loss: 2.2998 / Time: 0.88s
======================================================================================================

round 100 local learning rate = 0.001
round 101 local learning rate = 0.001
round 102 local learning rate = 0.001
round 103 local learning rate = 0.001
round 104 local learning rate = 0.001

>>> Round:  105 / Acc: 15.982% / Loss: 2.3008 / Grad Norm: 0.1514 / Grad Diff: 1.3017 / Time: 9.74s
======================================================================================================

= Test = round: 105 / acc: 16.790% / loss: 2.2997 / Time: 0.86s
======================================================================================================

round 105 local learning rate = 0.001
round 106 local learning rate = 0.001
round 107 local learning rate = 0.001
round 108 local learning rate = 0.001
round 109 local learning rate = 0.001

>>> Round:  110 / Acc: 16.103% / Loss: 2.3006 / Grad Norm: 0.1515 / Grad Diff: 1.3030 / Time: 8.26s
======================================================================================================

= Test = round: 110 / acc: 16.850% / loss: 2.2996 / Time: 0.93s
======================================================================================================

round 110 local learning rate = 0.001
round 111 local learning rate = 0.001
round 112 local learning rate = 0.001
round 113 local learning rate = 0.001
round 114 local learning rate = 0.001

>>> Round:  115 / Acc: 16.194% / Loss: 2.3005 / Grad Norm: 0.1516 / Grad Diff: 1.3042 / Time: 9.92s
======================================================================================================

= Test = round: 115 / acc: 16.990% / loss: 2.2995 / Time: 0.94s
======================================================================================================

round 115 local learning rate = 0.001
round 116 local learning rate = 0.001
round 117 local learning rate = 0.001
round 118 local learning rate = 0.001
round 119 local learning rate = 0.001

>>> Round:  120 / Acc: 16.304% / Loss: 2.3004 / Grad Norm: 0.1517 / Grad Diff: 1.3054 / Time: 8.20s
======================================================================================================

= Test = round: 120 / acc: 17.080% / loss: 2.2994 / Time: 0.91s
======================================================================================================

round 120 local learning rate = 0.001
round 121 local learning rate = 0.001
round 122 local learning rate = 0.001
round 123 local learning rate = 0.001
round 124 local learning rate = 0.001

>>> Round:  125 / Acc: 16.404% / Loss: 2.3003 / Grad Norm: 0.1518 / Grad Diff: 1.3068 / Time: 8.06s
======================================================================================================

= Test = round: 125 / acc: 17.190% / loss: 2.2992 / Time: 0.88s
======================================================================================================

round 125 local learning rate = 0.001
round 126 local learning rate = 0.001
round 127 local learning rate = 0.001
round 128 local learning rate = 0.001
round 129 local learning rate = 0.001

>>> Round:  130 / Acc: 16.476% / Loss: 2.3002 / Grad Norm: 0.1520 / Grad Diff: 1.3080 / Time: 9.52s
======================================================================================================

= Test = round: 130 / acc: 17.230% / loss: 2.2991 / Time: 1.20s
======================================================================================================

round 130 local learning rate = 0.001
round 131 local learning rate = 0.001
round 132 local learning rate = 0.001
round 133 local learning rate = 0.001
round 134 local learning rate = 0.001

>>> Round:  135 / Acc: 16.585% / Loss: 2.3001 / Grad Norm: 0.1521 / Grad Diff: 1.3093 / Time: 8.49s
======================================================================================================

= Test = round: 135 / acc: 17.280% / loss: 2.2990 / Time: 0.95s
======================================================================================================

round 135 local learning rate = 0.001
round 136 local learning rate = 0.001
round 137 local learning rate = 0.001
round 138 local learning rate = 0.001
round 139 local learning rate = 0.001

>>> Round:  140 / Acc: 16.677% / Loss: 2.3000 / Grad Norm: 0.1522 / Grad Diff: 1.3106 / Time: 9.87s
======================================================================================================

= Test = round: 140 / acc: 17.370% / loss: 2.2989 / Time: 0.90s
======================================================================================================

round 140 local learning rate = 0.001
round 141 local learning rate = 0.001
round 142 local learning rate = 0.001
round 143 local learning rate = 0.001
round 144 local learning rate = 0.001

>>> Round:  145 / Acc: 16.773% / Loss: 2.2998 / Grad Norm: 0.1523 / Grad Diff: 1.3119 / Time: 10.15s
======================================================================================================

= Test = round: 145 / acc: 17.510% / loss: 2.2988 / Time: 0.87s
======================================================================================================

round 145 local learning rate = 0.001
round 146 local learning rate = 0.001
round 147 local learning rate = 0.001
round 148 local learning rate = 0.001
round 149 local learning rate = 0.001

>>> Round:  150 / Acc: 16.878% / Loss: 2.2997 / Grad Norm: 0.1525 / Grad Diff: 1.3132 / Time: 10.89s
======================================================================================================

= Test = round: 150 / acc: 17.570% / loss: 2.2987 / Time: 0.90s
======================================================================================================

round 150 local learning rate = 0.001
round 151 local learning rate = 0.001
round 152 local learning rate = 0.001
round 153 local learning rate = 0.001
round 154 local learning rate = 0.001

>>> Round:  155 / Acc: 16.980% / Loss: 2.2996 / Grad Norm: 0.1526 / Grad Diff: 1.3146 / Time: 10.00s
======================================================================================================

= Test = round: 155 / acc: 17.660% / loss: 2.2985 / Time: 0.87s
======================================================================================================

round 155 local learning rate = 0.001
round 156 local learning rate = 0.001
round 157 local learning rate = 0.001
round 158 local learning rate = 0.001
round 159 local learning rate = 0.001

>>> Round:  160 / Acc: 17.083% / Loss: 2.2995 / Grad Norm: 0.1528 / Grad Diff: 1.3161 / Time: 10.26s
======================================================================================================

= Test = round: 160 / acc: 17.700% / loss: 2.2984 / Time: 0.93s
======================================================================================================

round 160 local learning rate = 0.001
round 161 local learning rate = 0.001
round 162 local learning rate = 0.001
round 163 local learning rate = 0.001
round 164 local learning rate = 0.001

>>> Round:  165 / Acc: 17.153% / Loss: 2.2994 / Grad Norm: 0.1530 / Grad Diff: 1.3176 / Time: 10.40s
======================================================================================================

= Test = round: 165 / acc: 17.790% / loss: 2.2983 / Time: 0.95s
======================================================================================================

round 165 local learning rate = 0.001
round 166 local learning rate = 0.001
round 167 local learning rate = 0.001
round 168 local learning rate = 0.001
round 169 local learning rate = 0.001

>>> Round:  170 / Acc: 17.251% / Loss: 2.2993 / Grad Norm: 0.1531 / Grad Diff: 1.3190 / Time: 9.90s
======================================================================================================

= Test = round: 170 / acc: 17.830% / loss: 2.2982 / Time: 1.01s
======================================================================================================

round 170 local learning rate = 0.001
round 171 local learning rate = 0.001
round 172 local learning rate = 0.001
round 173 local learning rate = 0.001
round 174 local learning rate = 0.001

>>> Round:  175 / Acc: 17.356% / Loss: 2.2991 / Grad Norm: 0.1533 / Grad Diff: 1.3205 / Time: 10.33s
======================================================================================================

= Test = round: 175 / acc: 17.940% / loss: 2.2981 / Time: 0.87s
======================================================================================================

round 175 local learning rate = 0.001
round 176 local learning rate = 0.001
round 177 local learning rate = 0.001
round 178 local learning rate = 0.001
round 179 local learning rate = 0.001

>>> Round:  180 / Acc: 17.448% / Loss: 2.2990 / Grad Norm: 0.1535 / Grad Diff: 1.3220 / Time: 9.49s
======================================================================================================

= Test = round: 180 / acc: 18.040% / loss: 2.2980 / Time: 0.91s
======================================================================================================

round 180 local learning rate = 0.001
round 181 local learning rate = 0.001
round 182 local learning rate = 0.001
round 183 local learning rate = 0.001
round 184 local learning rate = 0.001

>>> Round:  185 / Acc: 17.541% / Loss: 2.2989 / Grad Norm: 0.1536 / Grad Diff: 1.3235 / Time: 8.84s
======================================================================================================

= Test = round: 185 / acc: 18.130% / loss: 2.2978 / Time: 0.75s
======================================================================================================

round 185 local learning rate = 0.001
round 186 local learning rate = 0.001
round 187 local learning rate = 0.001
round 188 local learning rate = 0.001
round 189 local learning rate = 0.001

>>> Round:  190 / Acc: 17.625% / Loss: 2.2988 / Grad Norm: 0.1538 / Grad Diff: 1.3250 / Time: 8.31s
======================================================================================================

= Test = round: 190 / acc: 18.220% / loss: 2.2977 / Time: 0.85s
======================================================================================================

round 190 local learning rate = 0.001
round 191 local learning rate = 0.001
round 192 local learning rate = 0.001
round 193 local learning rate = 0.001
round 194 local learning rate = 0.001

>>> Round:  195 / Acc: 17.692% / Loss: 2.2987 / Grad Norm: 0.1540 / Grad Diff: 1.3266 / Time: 8.58s
======================================================================================================

= Test = round: 195 / acc: 18.330% / loss: 2.2976 / Time: 0.84s
======================================================================================================

round 195 local learning rate = 0.001
round 196 local learning rate = 0.001
round 197 local learning rate = 0.001
round 198 local learning rate = 0.001
round 199 local learning rate = 0.001

>>> Round:  200 / Acc: 17.760% / Loss: 2.2985 / Grad Norm: 0.1542 / Grad Diff: 1.3281 / Time: 7.92s
======================================================================================================

= Test = round: 200 / acc: 18.450% / loss: 2.2975 / Time: 0.79s
======================================================================================================

>>> Training model_ft
Epoch: 001, Train_loss: 2.1747, Train_acc: 0.2634, Test_loss: 2.1747, Test_acc: 0.2643
Epoch: 006, Train_loss: 2.0509, Train_acc: 0.3243, Test_loss: 2.0516, Test_acc: 0.3226
Epoch: 011, Train_loss: 2.0471, Train_acc: 0.3193, Test_loss: 2.0488, Test_acc: 0.3180
Epoch: 016, Train_loss: 2.0438, Train_acc: 0.3284, Test_loss: 2.0446, Test_acc: 0.3254
Epoch: 021, Train_loss: 2.0459, Train_acc: 0.3219, Test_loss: 2.0470, Test_acc: 0.3205
Fine-tuning early stopped. Model saved at ./models/ft_checkpoints/20230921212157_model_ft.pt.
Model saved at ./models/ft_checkpoints/20230921212157_model_ft.pt.
>>> Fine-tuning done!
>>> Evaluating model_source_only
model_ft: [2.0437705490306723, 0.32843511126930053, 2.044553059284561, 0.32540828796800353]
model_source_only: [2.3004461767285522, 0.12326909713394688, 2.300729538490873, 0.12498611265414954]
fl_test_acc_mean 0.1842
model_source_only_test_acc_mean 0.12498611265414954
model_ft_test_acc_mean 0.32540828796800353
