nohup: ignoring input
working!
Using device: cuda:0
>>> Arguments:
	             algo : fedavgtl
	            alpha : 13.2316427
	       batch_size : 64
	clients_per_round : 100
	          dataset : mnist_all_data_1_equal_niid
	           device : cuda:0
	              dis : 
	   early_stopping : 10
	       eval_every : 5
	    ft_batch_size : 128
	       ft_dataset : mnist-m
	        ft_epochs : 200
	            ft_lr : 0.001
	            ft_wd : 0.01
	              gpu : True
	      input_shape : (1, 28, 28)
	           last_k : 1
	               lr : 0.01
	            model : lenet
	           n_init : 1
	        noaverage : False
	             noft : False
	          noprint : False
	        num_class : 10
	        num_epoch : 1
	        num_round : 200
	           opt_lr : False
	            reg_J : False
	       reg_J_coef : 0
	           repeat : 1
	             seed : 0
	               wd : 0.0
>>> Read data from:
     ./data/mnist/data/all_data_1.pkl
>>> The estimate of constant alpha is 13.2316427.
>>> Read data from:
     ./data/mnist/data/train/all_data_1_equal_niid.pkl
     ./data/mnist/data/test/all_data_1_equal_niid.pkl

************************************************************************************************************************

uid: 20230921141939
FL pretrained model will be saved at ./models/lenet_mnist_20230921141939.pt
>>> Use gpu on device cuda:0
>>> Model statistic per layer
LeNet_MNIST(
  286.12 KMac, 100.000% MACs, 
  (conv1): Conv2d(89.856 KMac, 31.405% MACs, 1, 6, kernel_size=(5, 5), stride=(1, 1))
  (conv2): Conv2d(154.624 KMac, 54.042% MACs, 6, 16, kernel_size=(5, 5), stride=(1, 1))
  (fc1): Linear(30.72 KMac, 10.737% MACs, in_features=256, out_features=120, bias=True)
  (fc2): Linear(10.08 KMac, 3.523% MACs, in_features=120, out_features=84, bias=True)
  (fc3): Linear(840.0 Mac, 0.294% MACs, in_features=84, out_features=10, bias=True)
)
>>> Activate a worker for training
>>> Initialize 100 clients in total
>>> Weigh updates by simple average
>>> Select 100 clients per round 


>>> Round:    0 / Acc: 10.000% / Loss: 2.3136 / Grad Norm: 0.2141 / Grad Diff: 2.2857 / Time: 9.91s
======================================================================================================

= Test = round: 0 / acc: 10.100% / loss: 2.3132 / Time: 0.80s
======================================================================================================

round 0 local learning rate = 0.01
round 1 local learning rate = 0.01
round 2 local learning rate = 0.01
round 3 local learning rate = 0.01
round 4 local learning rate = 0.01

>>> Round:    5 / Acc: 11.068% / Loss: 2.2933 / Grad Norm: 0.6748 / Grad Diff: 31.9809 / Time: 9.79s
======================================================================================================

= Test = round: 5 / acc: 11.170% / loss: 2.2928 / Time: 0.79s
======================================================================================================

round 5 local learning rate = 0.01
round 6 local learning rate = 0.01
round 7 local learning rate = 0.01
round 8 local learning rate = 0.01
round 9 local learning rate = 0.01

>>> Round:   10 / Acc: 45.015% / Loss: 2.1400 / Grad Norm: 0.9086 / Grad Diff: 188.5419 / Time: 9.63s
======================================================================================================

= Test = round: 10 / acc: 46.240% / loss: 2.1334 / Time: 0.80s
======================================================================================================

round 10 local learning rate = 0.01
round 11 local learning rate = 0.01
round 12 local learning rate = 0.01
round 13 local learning rate = 0.01
round 14 local learning rate = 0.01

>>> Round:   15 / Acc: 56.111% / Loss: 1.9372 / Grad Norm: 1.0681 / Grad Diff: 185.9686 / Time: 9.65s
======================================================================================================

= Test = round: 15 / acc: 58.310% / loss: 1.9215 / Time: 0.80s
======================================================================================================

round 15 local learning rate = 0.01
round 16 local learning rate = 0.01
round 17 local learning rate = 0.01
round 18 local learning rate = 0.01
round 19 local learning rate = 0.01

>>> Round:   20 / Acc: 62.657% / Loss: 1.6569 / Grad Norm: 1.3138 / Grad Diff: 183.9700 / Time: 9.40s
======================================================================================================

= Test = round: 20 / acc: 65.150% / loss: 1.6287 / Time: 0.81s
======================================================================================================

round 20 local learning rate = 0.01
round 21 local learning rate = 0.01
round 22 local learning rate = 0.01
round 23 local learning rate = 0.01
round 24 local learning rate = 0.01

>>> Round:   25 / Acc: 67.140% / Loss: 1.3730 / Grad Norm: 1.3497 / Grad Diff: 179.3947 / Time: 9.39s
======================================================================================================

= Test = round: 25 / acc: 68.740% / loss: 1.3375 / Time: 0.82s
======================================================================================================

round 25 local learning rate = 0.01
round 26 local learning rate = 0.01
round 27 local learning rate = 0.01
round 28 local learning rate = 0.01
round 29 local learning rate = 0.01

>>> Round:   30 / Acc: 71.292% / Loss: 1.1420 / Grad Norm: 1.3310 / Grad Diff: 165.7296 / Time: 9.55s
======================================================================================================

= Test = round: 30 / acc: 72.640% / loss: 1.1039 / Time: 0.82s
======================================================================================================

round 30 local learning rate = 0.01
round 31 local learning rate = 0.01
round 32 local learning rate = 0.01
round 33 local learning rate = 0.01
round 34 local learning rate = 0.01

>>> Round:   35 / Acc: 74.555% / Loss: 0.9729 / Grad Norm: 1.2882 / Grad Diff: 153.6286 / Time: 9.50s
======================================================================================================

= Test = round: 35 / acc: 75.950% / loss: 0.9346 / Time: 0.82s
======================================================================================================

round 35 local learning rate = 0.01
round 36 local learning rate = 0.01
round 37 local learning rate = 0.01
round 38 local learning rate = 0.01
round 39 local learning rate = 0.01

>>> Round:   40 / Acc: 76.985% / Loss: 0.8509 / Grad Norm: 1.2268 / Grad Diff: 139.5552 / Time: 9.54s
======================================================================================================

= Test = round: 40 / acc: 78.210% / loss: 0.8141 / Time: 0.81s
======================================================================================================

round 40 local learning rate = 0.01
round 41 local learning rate = 0.01
round 42 local learning rate = 0.01
round 43 local learning rate = 0.01
round 44 local learning rate = 0.01

>>> Round:   45 / Acc: 78.827% / Loss: 0.7654 / Grad Norm: 1.0475 / Grad Diff: 121.5445 / Time: 9.36s
======================================================================================================

= Test = round: 45 / acc: 80.180% / loss: 0.7289 / Time: 0.83s
======================================================================================================

round 45 local learning rate = 0.01
round 46 local learning rate = 0.01
round 47 local learning rate = 0.01
round 48 local learning rate = 0.01
round 49 local learning rate = 0.01

>>> Round:   50 / Acc: 80.515% / Loss: 0.6962 / Grad Norm: 0.8824 / Grad Diff: 111.9861 / Time: 9.37s
======================================================================================================

= Test = round: 50 / acc: 81.740% / loss: 0.6614 / Time: 0.81s
======================================================================================================

round 50 local learning rate = 0.01
round 51 local learning rate = 0.01
round 52 local learning rate = 0.01
round 53 local learning rate = 0.01
round 54 local learning rate = 0.01

>>> Round:   55 / Acc: 81.854% / Loss: 0.6413 / Grad Norm: 0.8022 / Grad Diff: 106.1059 / Time: 9.44s
======================================================================================================

= Test = round: 55 / acc: 82.570% / loss: 0.6079 / Time: 0.88s
======================================================================================================

round 55 local learning rate = 0.01
round 56 local learning rate = 0.01
round 57 local learning rate = 0.01
round 58 local learning rate = 0.01
round 59 local learning rate = 0.01

>>> Round:   60 / Acc: 82.841% / Loss: 0.6015 / Grad Norm: 0.8266 / Grad Diff: 96.1189 / Time: 9.91s
======================================================================================================

= Test = round: 60 / acc: 83.570% / loss: 0.5691 / Time: 0.78s
======================================================================================================

round 60 local learning rate = 0.01
round 61 local learning rate = 0.01
round 62 local learning rate = 0.01
round 63 local learning rate = 0.01
round 64 local learning rate = 0.01

>>> Round:   65 / Acc: 83.766% / Loss: 0.5656 / Grad Norm: 0.7831 / Grad Diff: 89.9222 / Time: 9.50s
======================================================================================================

= Test = round: 65 / acc: 84.380% / loss: 0.5346 / Time: 0.81s
======================================================================================================

round 65 local learning rate = 0.01
round 66 local learning rate = 0.01
round 67 local learning rate = 0.01
round 68 local learning rate = 0.01
round 69 local learning rate = 0.01

>>> Round:   70 / Acc: 84.570% / Loss: 0.5350 / Grad Norm: 0.6776 / Grad Diff: 84.3540 / Time: 9.37s
======================================================================================================

= Test = round: 70 / acc: 85.210% / loss: 0.5050 / Time: 0.82s
======================================================================================================

round 70 local learning rate = 0.01
round 71 local learning rate = 0.01
round 72 local learning rate = 0.01
round 73 local learning rate = 0.01
round 74 local learning rate = 0.01

>>> Round:   75 / Acc: 85.395% / Loss: 0.5097 / Grad Norm: 0.6571 / Grad Diff: 78.5895 / Time: 9.36s
======================================================================================================

= Test = round: 75 / acc: 85.980% / loss: 0.4805 / Time: 0.81s
======================================================================================================

round 75 local learning rate = 0.01
round 76 local learning rate = 0.01
round 77 local learning rate = 0.01
round 78 local learning rate = 0.01
round 79 local learning rate = 0.01

>>> Round:   80 / Acc: 86.002% / Loss: 0.4861 / Grad Norm: 0.6478 / Grad Diff: 74.7741 / Time: 9.38s
======================================================================================================

= Test = round: 80 / acc: 86.710% / loss: 0.4580 / Time: 0.85s
======================================================================================================

round 80 local learning rate = 0.01
round 81 local learning rate = 0.01
round 82 local learning rate = 0.01
round 83 local learning rate = 0.01
round 84 local learning rate = 0.01

>>> Round:   85 / Acc: 86.705% / Loss: 0.4652 / Grad Norm: 0.5987 / Grad Diff: 70.2151 / Time: 9.47s
======================================================================================================

= Test = round: 85 / acc: 87.270% / loss: 0.4378 / Time: 0.83s
======================================================================================================

round 85 local learning rate = 0.01
round 86 local learning rate = 0.01
round 87 local learning rate = 0.01
round 88 local learning rate = 0.01
round 89 local learning rate = 0.01

>>> Round:   90 / Acc: 87.175% / Loss: 0.4469 / Grad Norm: 0.5790 / Grad Diff: 65.9384 / Time: 9.33s
======================================================================================================

= Test = round: 90 / acc: 87.810% / loss: 0.4197 / Time: 0.81s
======================================================================================================

round 90 local learning rate = 0.01
round 91 local learning rate = 0.01
round 92 local learning rate = 0.01
round 93 local learning rate = 0.01
round 94 local learning rate = 0.01

>>> Round:   95 / Acc: 87.732% / Loss: 0.4291 / Grad Norm: 0.5505 / Grad Diff: 63.2034 / Time: 9.34s
======================================================================================================

= Test = round: 95 / acc: 88.450% / loss: 0.4019 / Time: 0.81s
======================================================================================================

round 95 local learning rate = 0.01
round 96 local learning rate = 0.01
round 97 local learning rate = 0.01
round 98 local learning rate = 0.01
round 99 local learning rate = 0.01

>>> Round:  100 / Acc: 88.077% / Loss: 0.4154 / Grad Norm: 0.6604 / Grad Diff: 59.7359 / Time: 9.84s
======================================================================================================

= Test = round: 100 / acc: 89.010% / loss: 0.3894 / Time: 0.81s
======================================================================================================

round 100 local learning rate = 0.01
round 101 local learning rate = 0.01
round 102 local learning rate = 0.01
round 103 local learning rate = 0.01
round 104 local learning rate = 0.01

>>> Round:  105 / Acc: 88.483% / Loss: 0.3985 / Grad Norm: 0.5038 / Grad Diff: 57.1953 / Time: 9.20s
======================================================================================================

= Test = round: 105 / acc: 89.390% / loss: 0.3727 / Time: 0.81s
======================================================================================================

round 105 local learning rate = 0.01
round 106 local learning rate = 0.01
round 107 local learning rate = 0.01
round 108 local learning rate = 0.01
round 109 local learning rate = 0.01

>>> Round:  110 / Acc: 88.884% / Loss: 0.3853 / Grad Norm: 0.4890 / Grad Diff: 54.2942 / Time: 9.33s
======================================================================================================

= Test = round: 110 / acc: 89.830% / loss: 0.3601 / Time: 0.80s
======================================================================================================

round 110 local learning rate = 0.01
round 111 local learning rate = 0.01
round 112 local learning rate = 0.01
round 113 local learning rate = 0.01
round 114 local learning rate = 0.01

>>> Round:  115 / Acc: 89.225% / Loss: 0.3735 / Grad Norm: 0.5032 / Grad Diff: 51.6078 / Time: 11.86s
======================================================================================================

= Test = round: 115 / acc: 89.970% / loss: 0.3491 / Time: 0.86s
======================================================================================================

round 115 local learning rate = 0.01
round 116 local learning rate = 0.01
round 117 local learning rate = 0.01
round 118 local learning rate = 0.01
round 119 local learning rate = 0.01

>>> Round:  120 / Acc: 89.496% / Loss: 0.3615 / Grad Norm: 0.5334 / Grad Diff: 50.0779 / Time: 9.78s
======================================================================================================

= Test = round: 120 / acc: 90.180% / loss: 0.3376 / Time: 0.82s
======================================================================================================

round 120 local learning rate = 0.01
round 121 local learning rate = 0.01
round 122 local learning rate = 0.01
round 123 local learning rate = 0.01
round 124 local learning rate = 0.01

>>> Round:  125 / Acc: 89.854% / Loss: 0.3506 / Grad Norm: 0.4552 / Grad Diff: 47.5618 / Time: 9.59s
======================================================================================================

= Test = round: 125 / acc: 90.490% / loss: 0.3268 / Time: 0.83s
======================================================================================================

round 125 local learning rate = 0.01
round 126 local learning rate = 0.01
round 127 local learning rate = 0.01
round 128 local learning rate = 0.01
round 129 local learning rate = 0.01

>>> Round:  130 / Acc: 90.129% / Loss: 0.3402 / Grad Norm: 0.4382 / Grad Diff: 45.4740 / Time: 9.71s
======================================================================================================

= Test = round: 130 / acc: 90.830% / loss: 0.3168 / Time: 0.84s
======================================================================================================

round 130 local learning rate = 0.01
round 131 local learning rate = 0.01
round 132 local learning rate = 0.01
round 133 local learning rate = 0.01
round 134 local learning rate = 0.01

>>> Round:  135 / Acc: 90.417% / Loss: 0.3307 / Grad Norm: 0.4062 / Grad Diff: 43.6493 / Time: 9.70s
======================================================================================================

= Test = round: 135 / acc: 91.120% / loss: 0.3081 / Time: 0.86s
======================================================================================================

round 135 local learning rate = 0.01
round 136 local learning rate = 0.01
round 137 local learning rate = 0.01
round 138 local learning rate = 0.01
round 139 local learning rate = 0.01

>>> Round:  140 / Acc: 90.624% / Loss: 0.3221 / Grad Norm: 0.4791 / Grad Diff: 41.9332 / Time: 10.20s
======================================================================================================

= Test = round: 140 / acc: 91.410% / loss: 0.2991 / Time: 0.86s
======================================================================================================

round 140 local learning rate = 0.01
round 141 local learning rate = 0.01
round 142 local learning rate = 0.01
round 143 local learning rate = 0.01
round 144 local learning rate = 0.01

>>> Round:  145 / Acc: 90.880% / Loss: 0.3132 / Grad Norm: 0.3893 / Grad Diff: 39.9501 / Time: 10.09s
======================================================================================================

= Test = round: 145 / acc: 91.630% / loss: 0.2907 / Time: 0.89s
======================================================================================================

round 145 local learning rate = 0.01
round 146 local learning rate = 0.01
round 147 local learning rate = 0.01
round 148 local learning rate = 0.01
round 149 local learning rate = 0.01

>>> Round:  150 / Acc: 91.124% / Loss: 0.3050 / Grad Norm: 0.3927 / Grad Diff: 38.6285 / Time: 9.73s
======================================================================================================

= Test = round: 150 / acc: 91.850% / loss: 0.2825 / Time: 0.85s
======================================================================================================

round 150 local learning rate = 0.01
round 151 local learning rate = 0.01
round 152 local learning rate = 0.01
round 153 local learning rate = 0.01
round 154 local learning rate = 0.01

>>> Round:  155 / Acc: 91.343% / Loss: 0.2979 / Grad Norm: 0.4412 / Grad Diff: 37.0895 / Time: 9.87s
======================================================================================================

= Test = round: 155 / acc: 92.130% / loss: 0.2758 / Time: 0.85s
======================================================================================================

round 155 local learning rate = 0.01
round 156 local learning rate = 0.01
round 157 local learning rate = 0.01
round 158 local learning rate = 0.01
round 159 local learning rate = 0.01

>>> Round:  160 / Acc: 91.594% / Loss: 0.2900 / Grad Norm: 0.3474 / Grad Diff: 35.6694 / Time: 9.94s
======================================================================================================

= Test = round: 160 / acc: 92.300% / loss: 0.2686 / Time: 0.84s
======================================================================================================

round 160 local learning rate = 0.01
round 161 local learning rate = 0.01
round 162 local learning rate = 0.01
round 163 local learning rate = 0.01
round 164 local learning rate = 0.01

>>> Round:  165 / Acc: 91.773% / Loss: 0.2827 / Grad Norm: 0.3365 / Grad Diff: 34.6712 / Time: 10.16s
======================================================================================================

= Test = round: 165 / acc: 92.410% / loss: 0.2617 / Time: 0.87s
======================================================================================================

round 165 local learning rate = 0.01
round 166 local learning rate = 0.01
round 167 local learning rate = 0.01
round 168 local learning rate = 0.01
round 169 local learning rate = 0.01

>>> Round:  170 / Acc: 91.996% / Loss: 0.2762 / Grad Norm: 0.2995 / Grad Diff: 33.3470 / Time: 10.46s
======================================================================================================

= Test = round: 170 / acc: 92.730% / loss: 0.2552 / Time: 0.85s
======================================================================================================

round 170 local learning rate = 0.01
round 171 local learning rate = 0.01
round 172 local learning rate = 0.01
round 173 local learning rate = 0.01
round 174 local learning rate = 0.01

>>> Round:  175 / Acc: 92.179% / Loss: 0.2695 / Grad Norm: 0.3005 / Grad Diff: 32.5475 / Time: 10.12s
======================================================================================================

= Test = round: 175 / acc: 92.900% / loss: 0.2488 / Time: 0.90s
======================================================================================================

round 175 local learning rate = 0.01
round 176 local learning rate = 0.01
round 177 local learning rate = 0.01
round 178 local learning rate = 0.01
round 179 local learning rate = 0.01

>>> Round:  180 / Acc: 92.303% / Loss: 0.2631 / Grad Norm: 0.2830 / Grad Diff: 31.8486 / Time: 10.55s
======================================================================================================

= Test = round: 180 / acc: 93.020% / loss: 0.2425 / Time: 0.82s
======================================================================================================

round 180 local learning rate = 0.01
round 181 local learning rate = 0.01
round 182 local learning rate = 0.01
round 183 local learning rate = 0.01
round 184 local learning rate = 0.01

>>> Round:  185 / Acc: 92.441% / Loss: 0.2581 / Grad Norm: 0.3295 / Grad Diff: 30.6166 / Time: 11.82s
======================================================================================================

= Test = round: 185 / acc: 93.190% / loss: 0.2380 / Time: 1.14s
======================================================================================================

round 185 local learning rate = 0.01
round 186 local learning rate = 0.01
round 187 local learning rate = 0.01
round 188 local learning rate = 0.01
round 189 local learning rate = 0.01

>>> Round:  190 / Acc: 92.609% / Loss: 0.2525 / Grad Norm: 0.2903 / Grad Diff: 29.7238 / Time: 9.69s
======================================================================================================

= Test = round: 190 / acc: 93.340% / loss: 0.2322 / Time: 0.84s
======================================================================================================

round 190 local learning rate = 0.01
round 191 local learning rate = 0.01
round 192 local learning rate = 0.01
round 193 local learning rate = 0.01
round 194 local learning rate = 0.01

>>> Round:  195 / Acc: 92.742% / Loss: 0.2478 / Grad Norm: 0.3764 / Grad Diff: 29.1162 / Time: 9.65s
======================================================================================================

= Test = round: 195 / acc: 93.430% / loss: 0.2279 / Time: 0.83s
======================================================================================================

round 195 local learning rate = 0.01
round 196 local learning rate = 0.01
round 197 local learning rate = 0.01
round 198 local learning rate = 0.01
round 199 local learning rate = 0.01

>>> Round:  200 / Acc: 92.876% / Loss: 0.2425 / Grad Norm: 0.2508 / Grad Diff: 28.1200 / Time: 9.47s
======================================================================================================

= Test = round: 200 / acc: 93.580% / loss: 0.2226 / Time: 0.83s
======================================================================================================

>>> Training model_ft
Epoch: 001, Train_loss: 1.1642, Train_acc: 0.6505, Test_loss: 1.1438, Test_acc: 0.6630
Epoch: 006, Train_loss: 0.9771, Train_acc: 0.7021, Test_loss: 0.9646, Test_acc: 0.7117
Epoch: 011, Train_loss: 0.9470, Train_acc: 0.7183, Test_loss: 0.9357, Test_acc: 0.7246
Epoch: 016, Train_loss: 0.9611, Train_acc: 0.7085, Test_loss: 0.9501, Test_acc: 0.7166
Epoch: 021, Train_loss: 0.9399, Train_acc: 0.7175, Test_loss: 0.9322, Test_acc: 0.7219
Epoch: 026, Train_loss: 0.9344, Train_acc: 0.7278, Test_loss: 0.9217, Test_acc: 0.7344
Epoch: 031, Train_loss: 0.9429, Train_acc: 0.7261, Test_loss: 0.9302, Test_acc: 0.7315
Epoch: 036, Train_loss: 0.9364, Train_acc: 0.7273, Test_loss: 0.9262, Test_acc: 0.7331
Fine-tuning early stopped. Model saved at ./models/ft_checkpoints/20230921141939_model_ft.pt.
Model saved at ./models/ft_checkpoints/20230921141939_model_ft.pt.
>>> Fine-tuning done!
>>> Evaluating model_source_only
model_ft: [0.9327831136778458, 0.7254453314350604, 0.9213921740351485, 0.7292523052994112]
model_source_only: [2.349220209159204, 0.44502635548550024, 2.372903381979554, 0.4461726474836129]
fl_test_acc_mean 0.9354
model_source_only_test_acc_mean 0.4461726474836129
model_ft_test_acc_mean 0.7292523052994112
