nohup: ignoring input
working!
Using device: cuda:0
>>> Arguments:
	             algo : fedavgtl
	            alpha : 13.2316427
	       batch_size : 64
	clients_per_round : 100
	             clip : False
	          dataset : mnist_all_data_1_equal_niid
	           device : cuda:0
	              dis : 
	   early_stopping : 10
	       eval_every : 5
	    ft_batch_size : 128
	       ft_dataset : mnist-m
	        ft_epochs : 200
	            ft_lr : 0.001
	            ft_wd : 0.01
	              gpu : True
	      input_shape : (1, 28, 28)
	           last_k : 1
	               lr : 0.01
	            model : lenet
	           n_init : 1
	        noaverage : False
	             noft : False
	          noprint : False
	        num_class : 10
	        num_epoch : 1
	        num_round : 200
	           opt_lr : False
	            reg_J : False
	       reg_J_coef : 0.0
	   reg_J_ind_coef : 0.0
	  reg_J_norm_coef : 0.0
	           repeat : 1
	     repeat_epoch : 10
	             seed : 0
	               wd : 0.0
>>> Read data from:
     ./data/mnist/data/all_data_1.pkl
>>> The estimate of constant alpha is 13.2316427.
>>> Read data from:
     ./data/mnist/data/train/all_data_1_equal_niid.pkl
     ./data/mnist/data/test/all_data_1_equal_niid.pkl

************************************************************************************************************************

uid: 20230921211219
FL pretrained model will be saved at ./models/lenet_mnist_20230921211219.pt
>>> Use gpu on device cuda:0
>>> Model statistic per layer
LeNet_MNIST(
  286.12 KMac, 100.000% MACs, 
  (conv1): Conv2d(89.856 KMac, 31.405% MACs, 1, 6, kernel_size=(5, 5), stride=(1, 1))
  (conv2): Conv2d(154.624 KMac, 54.042% MACs, 6, 16, kernel_size=(5, 5), stride=(1, 1))
  (fc1): Linear(30.72 KMac, 10.737% MACs, in_features=256, out_features=120, bias=True)
  (fc2): Linear(10.08 KMac, 3.523% MACs, in_features=120, out_features=84, bias=True)
  (fc3): Linear(840.0 Mac, 0.294% MACs, in_features=84, out_features=10, bias=True)
)
>>> Activate a worker for training
>>> Initialize 100 clients in total
>>> Weigh updates by simple average
>>> Select 100 clients per round 


>>> Round:    0 / Acc: 9.072% / Loss: 2.3071 / Grad Norm: 0.1449 / Grad Diff: 1.2106 / Time: 11.10s
======================================================================================================

= Test = round: 0 / acc: 9.900% / loss: 2.3046 / Time: 0.95s
======================================================================================================

round 0 local learning rate = 0.01
round 1 local learning rate = 0.01
round 2 local learning rate = 0.01
round 3 local learning rate = 0.01
round 4 local learning rate = 0.01

>>> Round:    5 / Acc: 13.541% / Loss: 2.2963 / Grad Norm: 0.1862 / Grad Diff: 2.5017 / Time: 10.96s
======================================================================================================

= Test = round: 5 / acc: 14.280% / loss: 2.2940 / Time: 0.95s
======================================================================================================

round 5 local learning rate = 0.01
round 6 local learning rate = 0.01
round 7 local learning rate = 0.01
round 8 local learning rate = 0.01
round 9 local learning rate = 0.01

>>> Round:   10 / Acc: 12.339% / Loss: 2.2623 / Grad Norm: 0.6966 / Grad Diff: 41.3782 / Time: 10.90s
======================================================================================================

= Test = round: 10 / acc: 13.280% / loss: 2.2639 / Time: 0.96s
======================================================================================================

round 10 local learning rate = 0.01
round 11 local learning rate = 0.01
round 12 local learning rate = 0.01
round 13 local learning rate = 0.01
round 14 local learning rate = 0.01

>>> Round:   15 / Acc: 47.694% / Loss: 2.1251 / Grad Norm: 1.0581 / Grad Diff: 187.4878 / Time: 11.38s
======================================================================================================

= Test = round: 15 / acc: 51.120% / loss: 2.1167 / Time: 0.95s
======================================================================================================

round 15 local learning rate = 0.01
round 16 local learning rate = 0.01
round 17 local learning rate = 0.01
round 18 local learning rate = 0.01
round 19 local learning rate = 0.01

>>> Round:   20 / Acc: 60.280% / Loss: 1.9430 / Grad Norm: 1.4048 / Grad Diff: 187.4869 / Time: 11.61s
======================================================================================================

= Test = round: 20 / acc: 63.830% / loss: 1.9268 / Time: 1.01s
======================================================================================================

round 20 local learning rate = 0.01
round 21 local learning rate = 0.01
round 22 local learning rate = 0.01
round 23 local learning rate = 0.01
round 24 local learning rate = 0.01

>>> Round:   25 / Acc: 66.369% / Loss: 1.6678 / Grad Norm: 1.5915 / Grad Diff: 185.9758 / Time: 12.34s
======================================================================================================

= Test = round: 25 / acc: 69.110% / loss: 1.6395 / Time: 1.09s
======================================================================================================

round 25 local learning rate = 0.01
round 26 local learning rate = 0.01
round 27 local learning rate = 0.01
round 28 local learning rate = 0.01
round 29 local learning rate = 0.01

>>> Round:   30 / Acc: 71.186% / Loss: 1.3535 / Grad Norm: 1.5932 / Grad Diff: 179.9164 / Time: 12.21s
======================================================================================================

= Test = round: 30 / acc: 73.730% / loss: 1.3144 / Time: 1.06s
======================================================================================================

round 30 local learning rate = 0.01
round 31 local learning rate = 0.01
round 32 local learning rate = 0.01
round 33 local learning rate = 0.01
round 34 local learning rate = 0.01

>>> Round:   35 / Acc: 74.838% / Loss: 1.1000 / Grad Norm: 1.5638 / Grad Diff: 158.4430 / Time: 11.66s
======================================================================================================

= Test = round: 35 / acc: 77.330% / loss: 1.0547 / Time: 1.09s
======================================================================================================

round 35 local learning rate = 0.01
round 36 local learning rate = 0.01
round 37 local learning rate = 0.01
round 38 local learning rate = 0.01
round 39 local learning rate = 0.01

>>> Round:   40 / Acc: 77.423% / Loss: 0.9147 / Grad Norm: 1.3845 / Grad Diff: 140.2372 / Time: 12.15s
======================================================================================================

= Test = round: 40 / acc: 79.700% / loss: 0.8702 / Time: 1.06s
======================================================================================================

round 40 local learning rate = 0.01
round 41 local learning rate = 0.01
round 42 local learning rate = 0.01
round 43 local learning rate = 0.01
round 44 local learning rate = 0.01

>>> Round:   45 / Acc: 79.686% / Loss: 0.7931 / Grad Norm: 1.2101 / Grad Diff: 123.8804 / Time: 12.27s
======================================================================================================

= Test = round: 45 / acc: 81.750% / loss: 0.7490 / Time: 0.93s
======================================================================================================

round 45 local learning rate = 0.01
round 46 local learning rate = 0.01
round 47 local learning rate = 0.01
round 48 local learning rate = 0.01
round 49 local learning rate = 0.01

>>> Round:   50 / Acc: 81.410% / Loss: 0.7083 / Grad Norm: 1.1481 / Grad Diff: 115.1841 / Time: 12.13s
======================================================================================================

= Test = round: 50 / acc: 83.230% / loss: 0.6660 / Time: 1.05s
======================================================================================================

round 50 local learning rate = 0.01
round 51 local learning rate = 0.01
round 52 local learning rate = 0.01
round 53 local learning rate = 0.01
round 54 local learning rate = 0.01

>>> Round:   55 / Acc: 82.721% / Loss: 0.6462 / Grad Norm: 0.8952 / Grad Diff: 106.3850 / Time: 12.50s
======================================================================================================

= Test = round: 55 / acc: 84.280% / loss: 0.6065 / Time: 1.02s
======================================================================================================

round 55 local learning rate = 0.01
round 56 local learning rate = 0.01
round 57 local learning rate = 0.01
round 58 local learning rate = 0.01
round 59 local learning rate = 0.01

>>> Round:   60 / Acc: 83.454% / Loss: 0.6029 / Grad Norm: 0.8673 / Grad Diff: 97.3376 / Time: 11.66s
======================================================================================================

= Test = round: 60 / acc: 85.080% / loss: 0.5644 / Time: 1.11s
======================================================================================================

round 60 local learning rate = 0.01
round 61 local learning rate = 0.01
round 62 local learning rate = 0.01
round 63 local learning rate = 0.01
round 64 local learning rate = 0.01

>>> Round:   65 / Acc: 84.293% / Loss: 0.5651 / Grad Norm: 0.7011 / Grad Diff: 91.9579 / Time: 12.23s
======================================================================================================

= Test = round: 65 / acc: 85.810% / loss: 0.5283 / Time: 1.01s
======================================================================================================

round 65 local learning rate = 0.01
round 66 local learning rate = 0.01
round 67 local learning rate = 0.01
round 68 local learning rate = 0.01
round 69 local learning rate = 0.01

>>> Round:   70 / Acc: 84.819% / Loss: 0.5376 / Grad Norm: 0.7565 / Grad Diff: 85.9361 / Time: 11.90s
======================================================================================================

= Test = round: 70 / acc: 86.150% / loss: 0.5020 / Time: 1.07s
======================================================================================================

round 70 local learning rate = 0.01
round 71 local learning rate = 0.01
round 72 local learning rate = 0.01
round 73 local learning rate = 0.01
round 74 local learning rate = 0.01

>>> Round:   75 / Acc: 85.435% / Loss: 0.5143 / Grad Norm: 0.7704 / Grad Diff: 80.7413 / Time: 11.92s
======================================================================================================

= Test = round: 75 / acc: 86.620% / loss: 0.4802 / Time: 1.07s
======================================================================================================

round 75 local learning rate = 0.01
round 76 local learning rate = 0.01
round 77 local learning rate = 0.01
round 78 local learning rate = 0.01
round 79 local learning rate = 0.01

>>> Round:   80 / Acc: 85.950% / Loss: 0.4919 / Grad Norm: 0.7095 / Grad Diff: 77.1003 / Time: 12.29s
======================================================================================================

= Test = round: 80 / acc: 87.170% / loss: 0.4586 / Time: 1.00s
======================================================================================================

round 80 local learning rate = 0.01
round 81 local learning rate = 0.01
round 82 local learning rate = 0.01
round 83 local learning rate = 0.01
round 84 local learning rate = 0.01

>>> Round:   85 / Acc: 86.448% / Loss: 0.4725 / Grad Norm: 0.5811 / Grad Diff: 72.7451 / Time: 11.59s
======================================================================================================

= Test = round: 85 / acc: 87.550% / loss: 0.4403 / Time: 1.13s
======================================================================================================

round 85 local learning rate = 0.01
round 86 local learning rate = 0.01
round 87 local learning rate = 0.01
round 88 local learning rate = 0.01
round 89 local learning rate = 0.01

>>> Round:   90 / Acc: 86.851% / Loss: 0.4572 / Grad Norm: 0.5603 / Grad Diff: 68.5068 / Time: 12.70s
======================================================================================================

= Test = round: 90 / acc: 88.060% / loss: 0.4254 / Time: 1.13s
======================================================================================================

round 90 local learning rate = 0.01
round 91 local learning rate = 0.01
round 92 local learning rate = 0.01
round 93 local learning rate = 0.01
round 94 local learning rate = 0.01

>>> Round:   95 / Acc: 87.256% / Loss: 0.4421 / Grad Norm: 0.6114 / Grad Diff: 65.8894 / Time: 11.69s
======================================================================================================

= Test = round: 95 / acc: 88.360% / loss: 0.4111 / Time: 1.14s
======================================================================================================

round 95 local learning rate = 0.01
round 96 local learning rate = 0.01
round 97 local learning rate = 0.01
round 98 local learning rate = 0.01
round 99 local learning rate = 0.01

>>> Round:  100 / Acc: 87.570% / Loss: 0.4292 / Grad Norm: 0.6439 / Grad Diff: 63.0929 / Time: 11.77s
======================================================================================================

= Test = round: 100 / acc: 88.730% / loss: 0.3991 / Time: 1.43s
======================================================================================================

round 100 local learning rate = 0.01
round 101 local learning rate = 0.01
round 102 local learning rate = 0.01
round 103 local learning rate = 0.01
round 104 local learning rate = 0.01

>>> Round:  105 / Acc: 87.948% / Loss: 0.4156 / Grad Norm: 0.6075 / Grad Diff: 60.8160 / Time: 11.43s
======================================================================================================

= Test = round: 105 / acc: 88.980% / loss: 0.3857 / Time: 0.97s
======================================================================================================

round 105 local learning rate = 0.01
round 106 local learning rate = 0.01
round 107 local learning rate = 0.01
round 108 local learning rate = 0.01
round 109 local learning rate = 0.01

>>> Round:  110 / Acc: 88.319% / Loss: 0.4035 / Grad Norm: 0.5512 / Grad Diff: 57.9829 / Time: 11.55s
======================================================================================================

= Test = round: 110 / acc: 89.270% / loss: 0.3742 / Time: 1.25s
======================================================================================================

round 110 local learning rate = 0.01
round 111 local learning rate = 0.01
round 112 local learning rate = 0.01
round 113 local learning rate = 0.01
round 114 local learning rate = 0.01

>>> Round:  115 / Acc: 88.675% / Loss: 0.3922 / Grad Norm: 0.4630 / Grad Diff: 55.1764 / Time: 11.40s
======================================================================================================

= Test = round: 115 / acc: 89.530% / loss: 0.3637 / Time: 0.97s
======================================================================================================

round 115 local learning rate = 0.01
round 116 local learning rate = 0.01
round 117 local learning rate = 0.01
round 118 local learning rate = 0.01
round 119 local learning rate = 0.01

>>> Round:  120 / Acc: 88.801% / Loss: 0.3828 / Grad Norm: 0.6623 / Grad Diff: 54.4586 / Time: 11.56s
======================================================================================================

= Test = round: 120 / acc: 89.860% / loss: 0.3550 / Time: 1.02s
======================================================================================================

round 120 local learning rate = 0.01
round 121 local learning rate = 0.01
round 122 local learning rate = 0.01
round 123 local learning rate = 0.01
round 124 local learning rate = 0.01

>>> Round:  125 / Acc: 89.107% / Loss: 0.3716 / Grad Norm: 0.4859 / Grad Diff: 52.1253 / Time: 12.11s
======================================================================================================

= Test = round: 125 / acc: 90.090% / loss: 0.3438 / Time: 0.94s
======================================================================================================

round 125 local learning rate = 0.01
round 126 local learning rate = 0.01
round 127 local learning rate = 0.01
round 128 local learning rate = 0.01
round 129 local learning rate = 0.01

>>> Round:  130 / Acc: 89.487% / Loss: 0.3621 / Grad Norm: 0.4129 / Grad Diff: 49.9276 / Time: 11.10s
======================================================================================================

= Test = round: 130 / acc: 90.430% / loss: 0.3348 / Time: 0.92s
======================================================================================================

round 130 local learning rate = 0.01
round 131 local learning rate = 0.01
round 132 local learning rate = 0.01
round 133 local learning rate = 0.01
round 134 local learning rate = 0.01

>>> Round:  135 / Acc: 89.694% / Loss: 0.3537 / Grad Norm: 0.4166 / Grad Diff: 48.1221 / Time: 10.23s
======================================================================================================

= Test = round: 135 / acc: 90.570% / loss: 0.3274 / Time: 0.87s
======================================================================================================

round 135 local learning rate = 0.01
round 136 local learning rate = 0.01
round 137 local learning rate = 0.01
round 138 local learning rate = 0.01
round 139 local learning rate = 0.01

>>> Round:  140 / Acc: 89.891% / Loss: 0.3457 / Grad Norm: 0.4569 / Grad Diff: 46.4772 / Time: 10.29s
======================================================================================================

= Test = round: 140 / acc: 90.830% / loss: 0.3192 / Time: 0.88s
======================================================================================================

round 140 local learning rate = 0.01
round 141 local learning rate = 0.01
round 142 local learning rate = 0.01
round 143 local learning rate = 0.01
round 144 local learning rate = 0.01

>>> Round:  145 / Acc: 90.087% / Loss: 0.3381 / Grad Norm: 0.5015 / Grad Diff: 44.8287 / Time: 10.03s
======================================================================================================

= Test = round: 145 / acc: 90.920% / loss: 0.3125 / Time: 0.97s
======================================================================================================

round 145 local learning rate = 0.01
round 146 local learning rate = 0.01
round 147 local learning rate = 0.01
round 148 local learning rate = 0.01
round 149 local learning rate = 0.01

>>> Round:  150 / Acc: 90.389% / Loss: 0.3292 / Grad Norm: 0.3715 / Grad Diff: 43.5577 / Time: 9.97s
======================================================================================================

= Test = round: 150 / acc: 91.140% / loss: 0.3036 / Time: 0.92s
======================================================================================================

round 150 local learning rate = 0.01
round 151 local learning rate = 0.01
round 152 local learning rate = 0.01
round 153 local learning rate = 0.01
round 154 local learning rate = 0.01

>>> Round:  155 / Acc: 90.572% / Loss: 0.3219 / Grad Norm: 0.3611 / Grad Diff: 42.1668 / Time: 9.65s
======================================================================================================

= Test = round: 155 / acc: 91.400% / loss: 0.2968 / Time: 0.84s
======================================================================================================

round 155 local learning rate = 0.01
round 156 local learning rate = 0.01
round 157 local learning rate = 0.01
round 158 local learning rate = 0.01
round 159 local learning rate = 0.01

>>> Round:  160 / Acc: 90.825% / Loss: 0.3152 / Grad Norm: 0.3705 / Grad Diff: 40.5188 / Time: 9.60s
======================================================================================================

= Test = round: 160 / acc: 91.570% / loss: 0.2908 / Time: 0.82s
======================================================================================================

round 160 local learning rate = 0.01
round 161 local learning rate = 0.01
round 162 local learning rate = 0.01
round 163 local learning rate = 0.01
round 164 local learning rate = 0.01

>>> Round:  165 / Acc: 90.994% / Loss: 0.3081 / Grad Norm: 0.3329 / Grad Diff: 39.4202 / Time: 9.63s
======================================================================================================

= Test = round: 165 / acc: 91.590% / loss: 0.2842 / Time: 0.84s
======================================================================================================

round 165 local learning rate = 0.01
round 166 local learning rate = 0.01
round 167 local learning rate = 0.01
round 168 local learning rate = 0.01
round 169 local learning rate = 0.01

>>> Round:  170 / Acc: 91.207% / Loss: 0.3013 / Grad Norm: 0.3254 / Grad Diff: 38.3184 / Time: 9.57s
======================================================================================================

= Test = round: 170 / acc: 91.860% / loss: 0.2778 / Time: 0.83s
======================================================================================================

round 170 local learning rate = 0.01
round 171 local learning rate = 0.01
round 172 local learning rate = 0.01
round 173 local learning rate = 0.01
round 174 local learning rate = 0.01

>>> Round:  175 / Acc: 91.328% / Loss: 0.2951 / Grad Norm: 0.3633 / Grad Diff: 37.5790 / Time: 9.70s
======================================================================================================

= Test = round: 175 / acc: 91.960% / loss: 0.2718 / Time: 0.85s
======================================================================================================

round 175 local learning rate = 0.01
round 176 local learning rate = 0.01
round 177 local learning rate = 0.01
round 178 local learning rate = 0.01
round 179 local learning rate = 0.01

>>> Round:  180 / Acc: 91.517% / Loss: 0.2883 / Grad Norm: 0.3000 / Grad Diff: 36.9889 / Time: 9.55s
======================================================================================================

= Test = round: 180 / acc: 92.150% / loss: 0.2654 / Time: 0.84s
======================================================================================================

round 180 local learning rate = 0.01
round 181 local learning rate = 0.01
round 182 local learning rate = 0.01
round 183 local learning rate = 0.01
round 184 local learning rate = 0.01

>>> Round:  185 / Acc: 91.670% / Loss: 0.2832 / Grad Norm: 0.2990 / Grad Diff: 35.5057 / Time: 11.40s
======================================================================================================

= Test = round: 185 / acc: 92.190% / loss: 0.2608 / Time: 1.11s
======================================================================================================

round 185 local learning rate = 0.01
round 186 local learning rate = 0.01
round 187 local learning rate = 0.01
round 188 local learning rate = 0.01
round 189 local learning rate = 0.01

>>> Round:  190 / Acc: 91.755% / Loss: 0.2775 / Grad Norm: 0.3080 / Grad Diff: 34.8503 / Time: 10.89s
======================================================================================================

= Test = round: 190 / acc: 92.320% / loss: 0.2553 / Time: 0.80s
======================================================================================================

round 190 local learning rate = 0.01
round 191 local learning rate = 0.01
round 192 local learning rate = 0.01
round 193 local learning rate = 0.01
round 194 local learning rate = 0.01

>>> Round:  195 / Acc: 91.926% / Loss: 0.2725 / Grad Norm: 0.3342 / Grad Diff: 33.9858 / Time: 9.44s
======================================================================================================

= Test = round: 195 / acc: 92.510% / loss: 0.2505 / Time: 0.83s
======================================================================================================

round 195 local learning rate = 0.01
round 196 local learning rate = 0.01
round 197 local learning rate = 0.01
round 198 local learning rate = 0.01
round 199 local learning rate = 0.01

>>> Round:  200 / Acc: 92.124% / Loss: 0.2676 / Grad Norm: 0.2592 / Grad Diff: 32.4803 / Time: 9.59s
======================================================================================================

= Test = round: 200 / acc: 92.650% / loss: 0.2459 / Time: 0.89s
======================================================================================================

>>> Training model_ft
Epoch: 001, Train_loss: 1.2107, Train_acc: 0.6249, Test_loss: 1.1908, Test_acc: 0.6374
Epoch: 006, Train_loss: 1.0281, Train_acc: 0.6849, Test_loss: 1.0128, Test_acc: 0.6874
Epoch: 011, Train_loss: 1.0036, Train_acc: 0.6935, Test_loss: 0.9860, Test_acc: 0.6994
Epoch: 016, Train_loss: 1.0072, Train_acc: 0.6902, Test_loss: 0.9918, Test_acc: 0.6929
Epoch: 021, Train_loss: 0.9897, Train_acc: 0.6985, Test_loss: 0.9776, Test_acc: 0.7041
Epoch: 026, Train_loss: 1.0028, Train_acc: 0.6984, Test_loss: 0.9857, Test_acc: 0.7047
Epoch: 031, Train_loss: 0.9918, Train_acc: 0.7013, Test_loss: 0.9745, Test_acc: 0.7070
Epoch: 036, Train_loss: 0.9893, Train_acc: 0.7016, Test_loss: 0.9775, Test_acc: 0.7023
Epoch: 041, Train_loss: 0.9980, Train_acc: 0.6993, Test_loss: 0.9855, Test_acc: 0.7040
Epoch: 046, Train_loss: 0.9928, Train_acc: 0.6936, Test_loss: 0.9813, Test_acc: 0.6967
Epoch: 051, Train_loss: 0.9853, Train_acc: 0.7054, Test_loss: 0.9735, Test_acc: 0.7087
Fine-tuning early stopped. Model saved at ./models/ft_checkpoints/20230921211219_model_ft.pt.
Model saved at ./models/ft_checkpoints/20230921211219_model_ft.pt.
>>> Fine-tuning done!
>>> Evaluating model_source_only
model_ft: [0.978807908515098, 0.7033270622531822, 0.9663811121407039, 0.7053660704366181]
model_source_only: [2.5400815357711526, 0.43111133709598143, 2.5741081280438665, 0.4338406843684035]
fl_test_acc_mean 0.9257
model_source_only_test_acc_mean 0.4338406843684035
model_ft_test_acc_mean 0.7053660704366181
