nohup: ignoring input
working!
Using device: cuda:0
>>> Arguments:
	             algo : fedavgtl
	            alpha : 13.2316427
	       batch_size : 64
	clients_per_round : 100
	          dataset : mnist_all_data_1_equal_niid
	           device : cuda:0
	              dis : 
	   early_stopping : 10
	       eval_every : 5
	    ft_batch_size : 128
	       ft_dataset : mnist-m
	        ft_epochs : 200
	            ft_lr : 0.001
	            ft_wd : 0.01
	              gpu : True
	      input_shape : (1, 28, 28)
	           last_k : 1
	               lr : 0.01
	            model : lenet
	           n_init : 1
	        noaverage : False
	             noft : False
	          noprint : False
	        num_class : 10
	        num_epoch : 1
	        num_round : 200
	           opt_lr : False
	            reg_J : False
	       reg_J_coef : 0.0
	   reg_J_ind_coef : 0.001
	  reg_J_norm_coef : 0.0
	           repeat : 1
	     repeat_epoch : 10
	             seed : 0
	               wd : 0.0
>>> Read data from:
     ./data/mnist/data/all_data_1.pkl
>>> The estimate of constant alpha is 13.2316427.
>>> Read data from:
     ./data/mnist/data/train/all_data_1_equal_niid.pkl
     ./data/mnist/data/test/all_data_1_equal_niid.pkl

************************************************************************************************************************

uid: 20230921201500
FL pretrained model will be saved at ./models/lenet_mnist_20230921201500.pt
>>> Use gpu on device cuda:0
>>> Model statistic per layer
LeNet_MNIST(
  286.12 KMac, 100.000% MACs, 
  (conv1): Conv2d(89.856 KMac, 31.405% MACs, 1, 6, kernel_size=(5, 5), stride=(1, 1))
  (conv2): Conv2d(154.624 KMac, 54.042% MACs, 6, 16, kernel_size=(5, 5), stride=(1, 1))
  (fc1): Linear(30.72 KMac, 10.737% MACs, in_features=256, out_features=120, bias=True)
  (fc2): Linear(10.08 KMac, 3.523% MACs, in_features=120, out_features=84, bias=True)
  (fc3): Linear(840.0 Mac, 0.294% MACs, in_features=84, out_features=10, bias=True)
)
>>> Activate a worker for training
>>> Initialize 100 clients in total
>>> Weigh updates by simple average
>>> Select 100 clients per round 


>>> Round:    0 / Acc: 10.000% / Loss: 2.3034 / Grad Norm: 0.1687 / Grad Diff: 1.2919 / Time: 10.18s
======================================================================================================

= Test = round: 0 / acc: 9.800% / loss: 2.3033 / Time: 0.89s
======================================================================================================

round 0 local learning rate = 0.01
round 1 local learning rate = 0.01
round 2 local learning rate = 0.01
round 3 local learning rate = 0.01
round 4 local learning rate = 0.01

>>> Round:    5 / Acc: 18.587% / Loss: 2.2758 / Grad Norm: 0.2895 / Grad Diff: 4.2830 / Time: 10.24s
======================================================================================================

= Test = round: 5 / acc: 18.880% / loss: 2.2749 / Time: 0.96s
======================================================================================================

round 5 local learning rate = 0.01
round 6 local learning rate = 0.01
round 7 local learning rate = 0.01
round 8 local learning rate = 0.01
round 9 local learning rate = 0.01

>>> Round:   10 / Acc: 45.435% / Loss: 2.1206 / Grad Norm: 1.1736 / Grad Diff: 138.5983 / Time: 10.04s
======================================================================================================

= Test = round: 10 / acc: 45.360% / loss: 2.1151 / Time: 0.95s
======================================================================================================

round 10 local learning rate = 0.01
round 11 local learning rate = 0.01
round 12 local learning rate = 0.01
round 13 local learning rate = 0.01
round 14 local learning rate = 0.01

>>> Round:   15 / Acc: 60.904% / Loss: 1.8735 / Grad Norm: 1.2365 / Grad Diff: 146.0404 / Time: 10.21s
======================================================================================================

= Test = round: 15 / acc: 63.140% / loss: 1.8620 / Time: 0.88s
======================================================================================================

round 15 local learning rate = 0.01
round 16 local learning rate = 0.01
round 17 local learning rate = 0.01
round 18 local learning rate = 0.01
round 19 local learning rate = 0.01

>>> Round:   20 / Acc: 66.373% / Loss: 1.5635 / Grad Norm: 1.4038 / Grad Diff: 146.0176 / Time: 10.31s
======================================================================================================

= Test = round: 20 / acc: 68.290% / loss: 1.5435 / Time: 0.92s
======================================================================================================

round 20 local learning rate = 0.01
round 21 local learning rate = 0.01
round 22 local learning rate = 0.01
round 23 local learning rate = 0.01
round 24 local learning rate = 0.01

>>> Round:   25 / Acc: 71.166% / Loss: 1.2752 / Grad Norm: 1.4646 / Grad Diff: 136.3165 / Time: 10.57s
======================================================================================================

= Test = round: 25 / acc: 72.760% / loss: 1.2484 / Time: 0.91s
======================================================================================================

round 25 local learning rate = 0.01
round 26 local learning rate = 0.01
round 27 local learning rate = 0.01
round 28 local learning rate = 0.01
round 29 local learning rate = 0.01

>>> Round:   30 / Acc: 74.803% / Loss: 1.0451 / Grad Norm: 1.3457 / Grad Diff: 124.2769 / Time: 10.16s
======================================================================================================

= Test = round: 30 / acc: 75.620% / loss: 1.0147 / Time: 0.89s
======================================================================================================

round 30 local learning rate = 0.01
round 31 local learning rate = 0.01
round 32 local learning rate = 0.01
round 33 local learning rate = 0.01
round 34 local learning rate = 0.01

>>> Round:   35 / Acc: 77.065% / Loss: 0.8929 / Grad Norm: 1.3011 / Grad Diff: 108.2737 / Time: 10.32s
======================================================================================================

= Test = round: 35 / acc: 78.080% / loss: 0.8626 / Time: 0.89s
======================================================================================================

round 35 local learning rate = 0.01
round 36 local learning rate = 0.01
round 37 local learning rate = 0.01
round 38 local learning rate = 0.01
round 39 local learning rate = 0.01

>>> Round:   40 / Acc: 78.738% / Loss: 0.7841 / Grad Norm: 1.1462 / Grad Diff: 96.3511 / Time: 10.49s
======================================================================================================

= Test = round: 40 / acc: 79.770% / loss: 0.7545 / Time: 0.92s
======================================================================================================

round 40 local learning rate = 0.01
round 41 local learning rate = 0.01
round 42 local learning rate = 0.01
round 43 local learning rate = 0.01
round 44 local learning rate = 0.01

>>> Round:   45 / Acc: 80.446% / Loss: 0.7064 / Grad Norm: 0.9962 / Grad Diff: 87.4411 / Time: 10.60s
======================================================================================================

= Test = round: 45 / acc: 81.590% / loss: 0.6766 / Time: 0.89s
======================================================================================================

round 45 local learning rate = 0.01
round 46 local learning rate = 0.01
round 47 local learning rate = 0.01
round 48 local learning rate = 0.01
round 49 local learning rate = 0.01

>>> Round:   50 / Acc: 81.554% / Loss: 0.6481 / Grad Norm: 0.9246 / Grad Diff: 81.4015 / Time: 10.28s
======================================================================================================

= Test = round: 50 / acc: 82.520% / loss: 0.6193 / Time: 0.93s
======================================================================================================

round 50 local learning rate = 0.01
round 51 local learning rate = 0.01
round 52 local learning rate = 0.01
round 53 local learning rate = 0.01
round 54 local learning rate = 0.01

>>> Round:   55 / Acc: 82.633% / Loss: 0.6018 / Grad Norm: 0.7913 / Grad Diff: 76.5847 / Time: 10.41s
======================================================================================================

= Test = round: 55 / acc: 83.440% / loss: 0.5746 / Time: 0.90s
======================================================================================================

round 55 local learning rate = 0.01
round 56 local learning rate = 0.01
round 57 local learning rate = 0.01
round 58 local learning rate = 0.01
round 59 local learning rate = 0.01

>>> Round:   60 / Acc: 83.559% / Loss: 0.5668 / Grad Norm: 0.6985 / Grad Diff: 70.7381 / Time: 10.59s
======================================================================================================

= Test = round: 60 / acc: 84.470% / loss: 0.5396 / Time: 0.89s
======================================================================================================

round 60 local learning rate = 0.01
round 61 local learning rate = 0.01
round 62 local learning rate = 0.01
round 63 local learning rate = 0.01
round 64 local learning rate = 0.01

>>> Round:   65 / Acc: 84.408% / Loss: 0.5379 / Grad Norm: 0.6507 / Grad Diff: 66.0413 / Time: 10.48s
======================================================================================================

= Test = round: 65 / acc: 85.140% / loss: 0.5113 / Time: 0.93s
======================================================================================================

round 65 local learning rate = 0.01
round 66 local learning rate = 0.01
round 67 local learning rate = 0.01
round 68 local learning rate = 0.01
round 69 local learning rate = 0.01

>>> Round:   70 / Acc: 84.980% / Loss: 0.5145 / Grad Norm: 0.6565 / Grad Diff: 61.3152 / Time: 10.44s
======================================================================================================

= Test = round: 70 / acc: 85.710% / loss: 0.4879 / Time: 0.93s
======================================================================================================

round 70 local learning rate = 0.01
round 71 local learning rate = 0.01
round 72 local learning rate = 0.01
round 73 local learning rate = 0.01
round 74 local learning rate = 0.01

>>> Round:   75 / Acc: 85.613% / Loss: 0.4922 / Grad Norm: 0.6373 / Grad Diff: 58.1234 / Time: 10.48s
======================================================================================================

= Test = round: 75 / acc: 86.360% / loss: 0.4661 / Time: 0.92s
======================================================================================================

round 75 local learning rate = 0.01
round 76 local learning rate = 0.01
round 77 local learning rate = 0.01
round 78 local learning rate = 0.01
round 79 local learning rate = 0.01

>>> Round:   80 / Acc: 86.170% / Loss: 0.4713 / Grad Norm: 0.6209 / Grad Diff: 55.9325 / Time: 10.29s
======================================================================================================

= Test = round: 80 / acc: 86.920% / loss: 0.4459 / Time: 0.94s
======================================================================================================

round 80 local learning rate = 0.01
round 81 local learning rate = 0.01
round 82 local learning rate = 0.01
round 83 local learning rate = 0.01
round 84 local learning rate = 0.01

>>> Round:   85 / Acc: 86.731% / Loss: 0.4527 / Grad Norm: 0.5120 / Grad Diff: 52.9443 / Time: 10.26s
======================================================================================================

= Test = round: 85 / acc: 87.390% / loss: 0.4281 / Time: 0.90s
======================================================================================================

round 85 local learning rate = 0.01
round 86 local learning rate = 0.01
round 87 local learning rate = 0.01
round 88 local learning rate = 0.01
round 89 local learning rate = 0.01

>>> Round:   90 / Acc: 87.164% / Loss: 0.4380 / Grad Norm: 0.5501 / Grad Diff: 50.0791 / Time: 10.18s
======================================================================================================

= Test = round: 90 / acc: 88.000% / loss: 0.4128 / Time: 0.90s
======================================================================================================

round 90 local learning rate = 0.01
round 91 local learning rate = 0.01
round 92 local learning rate = 0.01
round 93 local learning rate = 0.01
round 94 local learning rate = 0.01

>>> Round:   95 / Acc: 87.574% / Loss: 0.4227 / Grad Norm: 0.4873 / Grad Diff: 47.5682 / Time: 10.33s
======================================================================================================

= Test = round: 95 / acc: 88.340% / loss: 0.3985 / Time: 0.89s
======================================================================================================

round 95 local learning rate = 0.01
round 96 local learning rate = 0.01
round 97 local learning rate = 0.01
round 98 local learning rate = 0.01
round 99 local learning rate = 0.01

>>> Round:  100 / Acc: 87.926% / Loss: 0.4110 / Grad Norm: 0.5227 / Grad Diff: 44.7706 / Time: 10.08s
======================================================================================================

= Test = round: 100 / acc: 88.610% / loss: 0.3868 / Time: 0.92s
======================================================================================================

round 100 local learning rate = 0.01
round 101 local learning rate = 0.01
round 102 local learning rate = 0.01
round 103 local learning rate = 0.01
round 104 local learning rate = 0.01

>>> Round:  105 / Acc: 88.262% / Loss: 0.3966 / Grad Norm: 0.4952 / Grad Diff: 43.4504 / Time: 10.24s
======================================================================================================

= Test = round: 105 / acc: 88.980% / loss: 0.3723 / Time: 0.91s
======================================================================================================

round 105 local learning rate = 0.01
round 106 local learning rate = 0.01
round 107 local learning rate = 0.01
round 108 local learning rate = 0.01
round 109 local learning rate = 0.01

>>> Round:  110 / Acc: 88.539% / Loss: 0.3854 / Grad Norm: 0.4818 / Grad Diff: 41.0938 / Time: 10.25s
======================================================================================================

= Test = round: 110 / acc: 89.230% / loss: 0.3616 / Time: 0.91s
======================================================================================================

round 110 local learning rate = 0.01
round 111 local learning rate = 0.01
round 112 local learning rate = 0.01
round 113 local learning rate = 0.01
round 114 local learning rate = 0.01

>>> Round:  115 / Acc: 88.932% / Loss: 0.3755 / Grad Norm: 0.4345 / Grad Diff: 38.5075 / Time: 10.70s
======================================================================================================

= Test = round: 115 / acc: 89.510% / loss: 0.3525 / Time: 0.92s
======================================================================================================

round 115 local learning rate = 0.01
round 116 local learning rate = 0.01
round 117 local learning rate = 0.01
round 118 local learning rate = 0.01
round 119 local learning rate = 0.01

>>> Round:  120 / Acc: 89.218% / Loss: 0.3636 / Grad Norm: 0.4531 / Grad Diff: 37.9268 / Time: 10.87s
======================================================================================================

= Test = round: 120 / acc: 89.860% / loss: 0.3404 / Time: 0.97s
======================================================================================================

round 120 local learning rate = 0.01
round 121 local learning rate = 0.01
round 122 local learning rate = 0.01
round 123 local learning rate = 0.01
round 124 local learning rate = 0.01

>>> Round:  125 / Acc: 89.530% / Loss: 0.3546 / Grad Norm: 0.4291 / Grad Diff: 35.9275 / Time: 10.57s
======================================================================================================

= Test = round: 125 / acc: 90.100% / loss: 0.3314 / Time: 1.04s
======================================================================================================

round 125 local learning rate = 0.01
round 126 local learning rate = 0.01
round 127 local learning rate = 0.01
round 128 local learning rate = 0.01
round 129 local learning rate = 0.01

>>> Round:  130 / Acc: 89.858% / Loss: 0.3432 / Grad Norm: 0.3968 / Grad Diff: 35.4446 / Time: 10.81s
======================================================================================================

= Test = round: 130 / acc: 90.330% / loss: 0.3202 / Time: 0.99s
======================================================================================================

round 130 local learning rate = 0.01
round 131 local learning rate = 0.01
round 132 local learning rate = 0.01
round 133 local learning rate = 0.01
round 134 local learning rate = 0.01

>>> Round:  135 / Acc: 90.089% / Loss: 0.3358 / Grad Norm: 0.4175 / Grad Diff: 33.5755 / Time: 11.74s
======================================================================================================

= Test = round: 135 / acc: 90.550% / loss: 0.3134 / Time: 1.00s
======================================================================================================

round 135 local learning rate = 0.01
round 136 local learning rate = 0.01
round 137 local learning rate = 0.01
round 138 local learning rate = 0.01
round 139 local learning rate = 0.01

>>> Round:  140 / Acc: 90.314% / Loss: 0.3284 / Grad Norm: 0.4599 / Grad Diff: 32.1001 / Time: 11.97s
======================================================================================================

= Test = round: 140 / acc: 90.730% / loss: 0.3057 / Time: 1.05s
======================================================================================================

round 140 local learning rate = 0.01
round 141 local learning rate = 0.01
round 142 local learning rate = 0.01
round 143 local learning rate = 0.01
round 144 local learning rate = 0.01

>>> Round:  145 / Acc: 90.624% / Loss: 0.3189 / Grad Norm: 0.3775 / Grad Diff: 31.0404 / Time: 12.39s
======================================================================================================

= Test = round: 145 / acc: 91.030% / loss: 0.2965 / Time: 1.02s
======================================================================================================

round 145 local learning rate = 0.01
round 146 local learning rate = 0.01
round 147 local learning rate = 0.01
round 148 local learning rate = 0.01
round 149 local learning rate = 0.01

>>> Round:  150 / Acc: 90.817% / Loss: 0.3110 / Grad Norm: 0.3448 / Grad Diff: 30.0164 / Time: 11.66s
======================================================================================================

= Test = round: 150 / acc: 91.260% / loss: 0.2889 / Time: 0.98s
======================================================================================================

round 150 local learning rate = 0.01
round 151 local learning rate = 0.01
round 152 local learning rate = 0.01
round 153 local learning rate = 0.01
round 154 local learning rate = 0.01

>>> Round:  155 / Acc: 91.057% / Loss: 0.3034 / Grad Norm: 0.3499 / Grad Diff: 29.1535 / Time: 11.38s
======================================================================================================

= Test = round: 155 / acc: 91.530% / loss: 0.2816 / Time: 0.96s
======================================================================================================

round 155 local learning rate = 0.01
round 156 local learning rate = 0.01
round 157 local learning rate = 0.01
round 158 local learning rate = 0.01
round 159 local learning rate = 0.01

>>> Round:  160 / Acc: 91.268% / Loss: 0.2969 / Grad Norm: 0.3646 / Grad Diff: 27.9029 / Time: 11.27s
======================================================================================================

= Test = round: 160 / acc: 91.760% / loss: 0.2755 / Time: 1.04s
======================================================================================================

round 160 local learning rate = 0.01
round 161 local learning rate = 0.01
round 162 local learning rate = 0.01
round 163 local learning rate = 0.01
round 164 local learning rate = 0.01

>>> Round:  165 / Acc: 91.465% / Loss: 0.2892 / Grad Norm: 0.3130 / Grad Diff: 27.1807 / Time: 11.22s
======================================================================================================

= Test = round: 165 / acc: 91.900% / loss: 0.2684 / Time: 0.99s
======================================================================================================

round 165 local learning rate = 0.01
round 166 local learning rate = 0.01
round 167 local learning rate = 0.01
round 168 local learning rate = 0.01
round 169 local learning rate = 0.01

>>> Round:  170 / Acc: 91.683% / Loss: 0.2831 / Grad Norm: 0.2895 / Grad Diff: 26.1249 / Time: 11.39s
======================================================================================================

= Test = round: 170 / acc: 92.090% / loss: 0.2622 / Time: 0.99s
======================================================================================================

round 170 local learning rate = 0.01
round 171 local learning rate = 0.01
round 172 local learning rate = 0.01
round 173 local learning rate = 0.01
round 174 local learning rate = 0.01

>>> Round:  175 / Acc: 91.804% / Loss: 0.2773 / Grad Norm: 0.3550 / Grad Diff: 25.3553 / Time: 12.04s
======================================================================================================

= Test = round: 175 / acc: 92.260% / loss: 0.2565 / Time: 1.00s
======================================================================================================

round 175 local learning rate = 0.01
round 176 local learning rate = 0.01
round 177 local learning rate = 0.01
round 178 local learning rate = 0.01
round 179 local learning rate = 0.01

>>> Round:  180 / Acc: 92.006% / Loss: 0.2703 / Grad Norm: 0.2848 / Grad Diff: 25.0883 / Time: 12.09s
======================================================================================================

= Test = round: 180 / acc: 92.480% / loss: 0.2498 / Time: 1.14s
======================================================================================================

round 180 local learning rate = 0.01
round 181 local learning rate = 0.01
round 182 local learning rate = 0.01
round 183 local learning rate = 0.01
round 184 local learning rate = 0.01

>>> Round:  185 / Acc: 92.142% / Loss: 0.2655 / Grad Norm: 0.3107 / Grad Diff: 24.1131 / Time: 12.08s
======================================================================================================

= Test = round: 185 / acc: 92.660% / loss: 0.2452 / Time: 1.10s
======================================================================================================

round 185 local learning rate = 0.01
round 186 local learning rate = 0.01
round 187 local learning rate = 0.01
round 188 local learning rate = 0.01
round 189 local learning rate = 0.01

>>> Round:  190 / Acc: 92.315% / Loss: 0.2597 / Grad Norm: 0.3235 / Grad Diff: 23.7446 / Time: 11.61s
======================================================================================================

= Test = round: 190 / acc: 92.790% / loss: 0.2394 / Time: 1.14s
======================================================================================================

round 190 local learning rate = 0.01
round 191 local learning rate = 0.01
round 192 local learning rate = 0.01
round 193 local learning rate = 0.01
round 194 local learning rate = 0.01

>>> Round:  195 / Acc: 92.507% / Loss: 0.2551 / Grad Norm: 0.2966 / Grad Diff: 22.6951 / Time: 11.18s
======================================================================================================

= Test = round: 195 / acc: 92.910% / loss: 0.2350 / Time: 1.05s
======================================================================================================

round 195 local learning rate = 0.01
round 196 local learning rate = 0.01
round 197 local learning rate = 0.01
round 198 local learning rate = 0.01
round 199 local learning rate = 0.01

>>> Round:  200 / Acc: 92.653% / Loss: 0.2497 / Grad Norm: 0.2651 / Grad Diff: 22.4236 / Time: 11.54s
======================================================================================================

= Test = round: 200 / acc: 93.070% / loss: 0.2299 / Time: 0.91s
======================================================================================================

>>> Training model_ft
Epoch: 001, Train_loss: 1.1885, Train_acc: 0.6476, Test_loss: 1.1699, Test_acc: 0.6610
Epoch: 006, Train_loss: 1.0338, Train_acc: 0.6896, Test_loss: 1.0182, Test_acc: 0.7001
Epoch: 011, Train_loss: 1.0114, Train_acc: 0.7011, Test_loss: 0.9987, Test_acc: 0.7060
Epoch: 016, Train_loss: 1.0124, Train_acc: 0.7001, Test_loss: 0.9990, Test_acc: 0.7079
Epoch: 021, Train_loss: 0.9989, Train_acc: 0.7041, Test_loss: 0.9901, Test_acc: 0.7075
Epoch: 026, Train_loss: 0.9935, Train_acc: 0.7087, Test_loss: 0.9824, Test_acc: 0.7136
Epoch: 031, Train_loss: 0.9994, Train_acc: 0.7074, Test_loss: 0.9897, Test_acc: 0.7123
Epoch: 036, Train_loss: 0.9956, Train_acc: 0.7086, Test_loss: 0.9868, Test_acc: 0.7153
Epoch: 041, Train_loss: 1.0002, Train_acc: 0.7067, Test_loss: 0.9921, Test_acc: 0.7077
Epoch: 046, Train_loss: 1.0031, Train_acc: 0.7004, Test_loss: 0.9923, Test_acc: 0.7106
Epoch: 051, Train_loss: 0.9918, Train_acc: 0.7095, Test_loss: 0.9820, Test_acc: 0.7165
Fine-tuning early stopped. Model saved at ./models/ft_checkpoints/20230921201500_model_ft.pt.
Model saved at ./models/ft_checkpoints/20230921201500_model_ft.pt.
>>> Fine-tuning done!
>>> Evaluating model_source_only
model_ft: [0.9855175005551328, 0.7136828189352723, 0.9762217473181178, 0.7158093545161649]
model_source_only: [2.2982526264546923, 0.44373824172471654, 2.329143221385478, 0.442950783246306]
fl_test_acc_mean 0.9298
model_source_only_test_acc_mean 0.442950783246306
model_ft_test_acc_mean 0.7158093545161649
