nohup: ignoring input
working!
Using device: cuda:0
>>> Arguments:
	             algo : fedavgtl
	            alpha : 13.2316427
	       batch_size : 64
	clients_per_round : 100
	          dataset : mnist_all_data_1_equal_niid
	           device : cuda:0
	              dis : 
	   early_stopping : 10
	       eval_every : 5
	    ft_batch_size : 128
	       ft_dataset : mnist-m
	        ft_epochs : 200
	            ft_lr : 0.001
	            ft_wd : 0.01
	              gpu : True
	      input_shape : (1, 28, 28)
	           last_k : 1
	               lr : 0.01
	            model : lenet
	           n_init : 1
	        noaverage : False
	             noft : False
	          noprint : False
	        num_class : 10
	        num_epoch : 1
	        num_round : 200
	           opt_lr : False
	            reg_J : True
	       reg_J_coef : 0.1
	           repeat : 1
	     repeat_epoch : 10
	             seed : 0
	               wd : 0.0
>>> Read data from:
     ./data/mnist/data/all_data_1.pkl
>>> The estimate of constant alpha is 13.2316427.
>>> Read data from:
     ./data/mnist/data/train/all_data_1_equal_niid.pkl
     ./data/mnist/data/test/all_data_1_equal_niid.pkl

************************************************************************************************************************

uid: 20230921150515
FL pretrained model will be saved at ./models/lenet_mnist_20230921150515.pt
>>> Use gpu on device cuda:0
>>> Model statistic per layer
LeNet_MNIST(
  286.12 KMac, 100.000% MACs, 
  (conv1): Conv2d(89.856 KMac, 31.405% MACs, 1, 6, kernel_size=(5, 5), stride=(1, 1))
  (conv2): Conv2d(154.624 KMac, 54.042% MACs, 6, 16, kernel_size=(5, 5), stride=(1, 1))
  (fc1): Linear(30.72 KMac, 10.737% MACs, in_features=256, out_features=120, bias=True)
  (fc2): Linear(10.08 KMac, 3.523% MACs, in_features=120, out_features=84, bias=True)
  (fc3): Linear(840.0 Mac, 0.294% MACs, in_features=84, out_features=10, bias=True)
)
>>> Activate a worker for training
>>> Initialize 100 clients in total
>>> Weigh updates by simple average
>>> Select 100 clients per round 


>>> Round:    0 / Acc: 9.969% / Loss: 2.3072 / Grad Norm: 0.1267 / Grad Diff: 1.1135 / Time: 10.12s
======================================================================================================

= Test = round: 0 / acc: 11.290% / loss: 2.3039 / Time: 1.18s
======================================================================================================

round 0 local learning rate = 0.01
round 1 local learning rate = 0.01
round 2 local learning rate = 0.01
round 3 local learning rate = 0.01
round 4 local learning rate = 0.01

>>> Round:    5 / Acc: 10.127% / Loss: 2.2982 / Grad Norm: 0.1755 / Grad Diff: 2.4652 / Time: 9.41s
======================================================================================================

= Test = round: 5 / acc: 11.280% / loss: 2.2949 / Time: 0.83s
======================================================================================================

round 5 local learning rate = 0.01
round 6 local learning rate = 0.01
round 7 local learning rate = 0.01
round 8 local learning rate = 0.01
round 9 local learning rate = 0.01

>>> Round:   10 / Acc: 11.469% / Loss: 2.2575 / Grad Norm: 0.7386 / Grad Diff: 53.7933 / Time: 9.95s
======================================================================================================

= Test = round: 10 / acc: 11.720% / loss: 2.2535 / Time: 0.87s
======================================================================================================

round 10 local learning rate = 0.01
round 11 local learning rate = 0.01
round 12 local learning rate = 0.01
round 13 local learning rate = 0.01
round 14 local learning rate = 0.01

>>> Round:   15 / Acc: 49.998% / Loss: 2.1027 / Grad Norm: 0.9522 / Grad Diff: 185.9861 / Time: 9.69s
======================================================================================================

= Test = round: 15 / acc: 52.050% / loss: 2.0956 / Time: 0.85s
======================================================================================================

round 15 local learning rate = 0.01
round 16 local learning rate = 0.01
round 17 local learning rate = 0.01
round 18 local learning rate = 0.01
round 19 local learning rate = 0.01

>>> Round:   20 / Acc: 57.168% / Loss: 1.9030 / Grad Norm: 1.2434 / Grad Diff: 187.5293 / Time: 10.21s
======================================================================================================

= Test = round: 20 / acc: 59.900% / loss: 1.8868 / Time: 0.88s
======================================================================================================

round 20 local learning rate = 0.01
round 21 local learning rate = 0.01
round 22 local learning rate = 0.01
round 23 local learning rate = 0.01
round 24 local learning rate = 0.01

>>> Round:   25 / Acc: 60.644% / Loss: 1.6383 / Grad Norm: 1.3630 / Grad Diff: 191.7660 / Time: 10.15s
======================================================================================================

= Test = round: 25 / acc: 63.340% / loss: 1.6093 / Time: 0.85s
======================================================================================================

round 25 local learning rate = 0.01
round 26 local learning rate = 0.01
round 27 local learning rate = 0.01
round 28 local learning rate = 0.01
round 29 local learning rate = 0.01

>>> Round:   30 / Acc: 64.644% / Loss: 1.3875 / Grad Norm: 1.3951 / Grad Diff: 184.6125 / Time: 9.92s
======================================================================================================

= Test = round: 30 / acc: 67.200% / loss: 1.3485 / Time: 0.85s
======================================================================================================

round 30 local learning rate = 0.01
round 31 local learning rate = 0.01
round 32 local learning rate = 0.01
round 33 local learning rate = 0.01
round 34 local learning rate = 0.01

>>> Round:   35 / Acc: 68.579% / Loss: 1.1801 / Grad Norm: 1.4056 / Grad Diff: 172.7567 / Time: 9.67s
======================================================================================================

= Test = round: 35 / acc: 70.800% / loss: 1.1370 / Time: 0.83s
======================================================================================================

round 35 local learning rate = 0.01
round 36 local learning rate = 0.01
round 37 local learning rate = 0.01
round 38 local learning rate = 0.01
round 39 local learning rate = 0.01

>>> Round:   40 / Acc: 72.138% / Loss: 1.0135 / Grad Norm: 1.2919 / Grad Diff: 161.2765 / Time: 10.94s
======================================================================================================

= Test = round: 40 / acc: 73.980% / loss: 0.9701 / Time: 1.20s
======================================================================================================

round 40 local learning rate = 0.01
round 41 local learning rate = 0.01
round 42 local learning rate = 0.01
round 43 local learning rate = 0.01
round 44 local learning rate = 0.01

>>> Round:   45 / Acc: 74.625% / Loss: 0.8951 / Grad Norm: 1.3604 / Grad Diff: 148.2577 / Time: 10.12s
======================================================================================================

= Test = round: 45 / acc: 76.160% / loss: 0.8527 / Time: 0.86s
======================================================================================================

round 45 local learning rate = 0.01
round 46 local learning rate = 0.01
round 47 local learning rate = 0.01
round 48 local learning rate = 0.01
round 49 local learning rate = 0.01

>>> Round:   50 / Acc: 76.994% / Loss: 0.8028 / Grad Norm: 1.1903 / Grad Diff: 136.6496 / Time: 10.49s
======================================================================================================

= Test = round: 50 / acc: 78.330% / loss: 0.7628 / Time: 1.07s
======================================================================================================

round 50 local learning rate = 0.01
round 51 local learning rate = 0.01
round 52 local learning rate = 0.01
round 53 local learning rate = 0.01
round 54 local learning rate = 0.01

>>> Round:   55 / Acc: 78.504% / Loss: 0.7353 / Grad Norm: 1.0192 / Grad Diff: 125.2985 / Time: 9.93s
======================================================================================================

= Test = round: 55 / acc: 79.650% / loss: 0.6968 / Time: 0.87s
======================================================================================================

round 55 local learning rate = 0.01
round 56 local learning rate = 0.01
round 57 local learning rate = 0.01
round 58 local learning rate = 0.01
round 59 local learning rate = 0.01

>>> Round:   60 / Acc: 79.697% / Loss: 0.6830 / Grad Norm: 1.0783 / Grad Diff: 117.6776 / Time: 9.91s
======================================================================================================

= Test = round: 60 / acc: 80.840% / loss: 0.6453 / Time: 0.86s
======================================================================================================

round 60 local learning rate = 0.01
round 61 local learning rate = 0.01
round 62 local learning rate = 0.01
round 63 local learning rate = 0.01
round 64 local learning rate = 0.01

>>> Round:   65 / Acc: 80.873% / Loss: 0.6406 / Grad Norm: 0.8902 / Grad Diff: 108.8889 / Time: 12.95s
======================================================================================================

= Test = round: 65 / acc: 81.910% / loss: 0.6048 / Time: 0.85s
======================================================================================================

round 65 local learning rate = 0.01
round 66 local learning rate = 0.01
round 67 local learning rate = 0.01
round 68 local learning rate = 0.01
round 69 local learning rate = 0.01

>>> Round:   70 / Acc: 81.764% / Loss: 0.6061 / Grad Norm: 0.9409 / Grad Diff: 102.5340 / Time: 10.21s
======================================================================================================

= Test = round: 70 / acc: 82.760% / loss: 0.5709 / Time: 0.85s
======================================================================================================

round 70 local learning rate = 0.01
round 71 local learning rate = 0.01
round 72 local learning rate = 0.01
round 73 local learning rate = 0.01
round 74 local learning rate = 0.01

>>> Round:   75 / Acc: 82.797% / Loss: 0.5756 / Grad Norm: 0.7550 / Grad Diff: 95.6806 / Time: 11.51s
======================================================================================================

= Test = round: 75 / acc: 83.660% / loss: 0.5417 / Time: 0.88s
======================================================================================================

round 75 local learning rate = 0.01
round 76 local learning rate = 0.01
round 77 local learning rate = 0.01
round 78 local learning rate = 0.01
round 79 local learning rate = 0.01

>>> Round:   80 / Acc: 83.423% / Loss: 0.5495 / Grad Norm: 0.8975 / Grad Diff: 92.3586 / Time: 10.23s
======================================================================================================

= Test = round: 80 / acc: 84.330% / loss: 0.5169 / Time: 0.85s
======================================================================================================

round 80 local learning rate = 0.01
round 81 local learning rate = 0.01
round 82 local learning rate = 0.01
round 83 local learning rate = 0.01
round 84 local learning rate = 0.01

>>> Round:   85 / Acc: 84.170% / Loss: 0.5271 / Grad Norm: 0.8203 / Grad Diff: 85.5658 / Time: 9.42s
======================================================================================================

= Test = round: 85 / acc: 84.920% / loss: 0.4945 / Time: 0.83s
======================================================================================================

round 85 local learning rate = 0.01
round 86 local learning rate = 0.01
round 87 local learning rate = 0.01
round 88 local learning rate = 0.01
round 89 local learning rate = 0.01

>>> Round:   90 / Acc: 84.930% / Loss: 0.5051 / Grad Norm: 0.6569 / Grad Diff: 81.1247 / Time: 9.44s
======================================================================================================

= Test = round: 90 / acc: 85.740% / loss: 0.4731 / Time: 0.81s
======================================================================================================

round 90 local learning rate = 0.01
round 91 local learning rate = 0.01
round 92 local learning rate = 0.01
round 93 local learning rate = 0.01
round 94 local learning rate = 0.01

>>> Round:   95 / Acc: 85.441% / Loss: 0.4857 / Grad Norm: 0.6663 / Grad Diff: 78.2255 / Time: 9.58s
======================================================================================================

= Test = round: 95 / acc: 86.230% / loss: 0.4548 / Time: 0.80s
======================================================================================================

round 95 local learning rate = 0.01
round 96 local learning rate = 0.01
round 97 local learning rate = 0.01
round 98 local learning rate = 0.01
round 99 local learning rate = 0.01

>>> Round:  100 / Acc: 85.976% / Loss: 0.4692 / Grad Norm: 0.6800 / Grad Diff: 74.8817 / Time: 9.47s
======================================================================================================

= Test = round: 100 / acc: 86.900% / loss: 0.4390 / Time: 0.82s
======================================================================================================

round 100 local learning rate = 0.01
round 101 local learning rate = 0.01
round 102 local learning rate = 0.01
round 103 local learning rate = 0.01
round 104 local learning rate = 0.01

>>> Round:  105 / Acc: 86.496% / Loss: 0.4528 / Grad Norm: 0.6524 / Grad Diff: 72.0089 / Time: 9.64s
======================================================================================================

= Test = round: 105 / acc: 87.570% / loss: 0.4223 / Time: 0.82s
======================================================================================================

round 105 local learning rate = 0.01
round 106 local learning rate = 0.01
round 107 local learning rate = 0.01
round 108 local learning rate = 0.01
round 109 local learning rate = 0.01

>>> Round:  110 / Acc: 87.039% / Loss: 0.4374 / Grad Norm: 0.5618 / Grad Diff: 69.0885 / Time: 9.52s
======================================================================================================

= Test = round: 110 / acc: 88.050% / loss: 0.4080 / Time: 0.79s
======================================================================================================

round 110 local learning rate = 0.01
round 111 local learning rate = 0.01
round 112 local learning rate = 0.01
round 113 local learning rate = 0.01
round 114 local learning rate = 0.01

>>> Round:  115 / Acc: 87.480% / Loss: 0.4251 / Grad Norm: 0.5085 / Grad Diff: 65.1246 / Time: 9.52s
======================================================================================================

= Test = round: 115 / acc: 88.440% / loss: 0.3963 / Time: 0.81s
======================================================================================================

round 115 local learning rate = 0.01
round 116 local learning rate = 0.01
round 117 local learning rate = 0.01
round 118 local learning rate = 0.01
round 119 local learning rate = 0.01

>>> Round:  120 / Acc: 87.751% / Loss: 0.4137 / Grad Norm: 0.7329 / Grad Diff: 63.8450 / Time: 9.50s
======================================================================================================

= Test = round: 120 / acc: 88.790% / loss: 0.3854 / Time: 0.82s
======================================================================================================

round 120 local learning rate = 0.01
round 121 local learning rate = 0.01
round 122 local learning rate = 0.01
round 123 local learning rate = 0.01
round 124 local learning rate = 0.01

>>> Round:  125 / Acc: 88.137% / Loss: 0.4007 / Grad Norm: 0.5087 / Grad Diff: 60.5518 / Time: 9.75s
======================================================================================================

= Test = round: 125 / acc: 89.130% / loss: 0.3723 / Time: 0.81s
======================================================================================================

round 125 local learning rate = 0.01
round 126 local learning rate = 0.01
round 127 local learning rate = 0.01
round 128 local learning rate = 0.01
round 129 local learning rate = 0.01

>>> Round:  130 / Acc: 88.493% / Loss: 0.3885 / Grad Norm: 0.4736 / Grad Diff: 59.3078 / Time: 9.29s
======================================================================================================

= Test = round: 130 / acc: 89.460% / loss: 0.3608 / Time: 0.83s
======================================================================================================

round 130 local learning rate = 0.01
round 131 local learning rate = 0.01
round 132 local learning rate = 0.01
round 133 local learning rate = 0.01
round 134 local learning rate = 0.01

>>> Round:  135 / Acc: 88.786% / Loss: 0.3798 / Grad Norm: 0.5270 / Grad Diff: 56.2095 / Time: 9.26s
======================================================================================================

= Test = round: 135 / acc: 89.710% / loss: 0.3526 / Time: 0.79s
======================================================================================================

round 135 local learning rate = 0.01
round 136 local learning rate = 0.01
round 137 local learning rate = 0.01
round 138 local learning rate = 0.01
round 139 local learning rate = 0.01

>>> Round:  140 / Acc: 89.133% / Loss: 0.3716 / Grad Norm: 0.4982 / Grad Diff: 52.2237 / Time: 9.26s
======================================================================================================

= Test = round: 140 / acc: 90.160% / loss: 0.3442 / Time: 0.80s
======================================================================================================

round 140 local learning rate = 0.01
round 141 local learning rate = 0.01
round 142 local learning rate = 0.01
round 143 local learning rate = 0.01
round 144 local learning rate = 0.01

>>> Round:  145 / Acc: 89.397% / Loss: 0.3610 / Grad Norm: 0.4703 / Grad Diff: 51.0072 / Time: 9.23s
======================================================================================================

= Test = round: 145 / acc: 90.360% / loss: 0.3342 / Time: 0.80s
======================================================================================================

round 145 local learning rate = 0.01
round 146 local learning rate = 0.01
round 147 local learning rate = 0.01
round 148 local learning rate = 0.01
round 149 local learning rate = 0.01

>>> Round:  150 / Acc: 89.703% / Loss: 0.3520 / Grad Norm: 0.4556 / Grad Diff: 49.3600 / Time: 11.24s
======================================================================================================

= Test = round: 150 / acc: 90.630% / loss: 0.3250 / Time: 0.80s
======================================================================================================

round 150 local learning rate = 0.01
round 151 local learning rate = 0.01
round 152 local learning rate = 0.01
round 153 local learning rate = 0.01
round 154 local learning rate = 0.01

>>> Round:  155 / Acc: 89.934% / Loss: 0.3442 / Grad Norm: 0.4805 / Grad Diff: 47.4058 / Time: 9.47s
======================================================================================================

= Test = round: 155 / acc: 90.900% / loss: 0.3176 / Time: 0.83s
======================================================================================================

round 155 local learning rate = 0.01
round 156 local learning rate = 0.01
round 157 local learning rate = 0.01
round 158 local learning rate = 0.01
round 159 local learning rate = 0.01

>>> Round:  160 / Acc: 90.179% / Loss: 0.3361 / Grad Norm: 0.4388 / Grad Diff: 45.6047 / Time: 9.45s
======================================================================================================

= Test = round: 160 / acc: 91.080% / loss: 0.3102 / Time: 0.82s
======================================================================================================

round 160 local learning rate = 0.01
round 161 local learning rate = 0.01
round 162 local learning rate = 0.01
round 163 local learning rate = 0.01
round 164 local learning rate = 0.01

>>> Round:  165 / Acc: 90.393% / Loss: 0.3278 / Grad Norm: 0.3908 / Grad Diff: 44.3224 / Time: 9.25s
======================================================================================================

= Test = round: 165 / acc: 91.320% / loss: 0.3020 / Time: 0.81s
======================================================================================================

round 165 local learning rate = 0.01
round 166 local learning rate = 0.01
round 167 local learning rate = 0.01
round 168 local learning rate = 0.01
round 169 local learning rate = 0.01

>>> Round:  170 / Acc: 90.537% / Loss: 0.3210 / Grad Norm: 0.4162 / Grad Diff: 42.9139 / Time: 11.35s
======================================================================================================

= Test = round: 170 / acc: 91.550% / loss: 0.2957 / Time: 0.82s
======================================================================================================

round 170 local learning rate = 0.01
round 171 local learning rate = 0.01
round 172 local learning rate = 0.01
round 173 local learning rate = 0.01
round 174 local learning rate = 0.01

>>> Round:  175 / Acc: 90.718% / Loss: 0.3140 / Grad Norm: 0.3907 / Grad Diff: 41.5236 / Time: 9.48s
======================================================================================================

= Test = round: 175 / acc: 91.730% / loss: 0.2890 / Time: 0.82s
======================================================================================================

round 175 local learning rate = 0.01
round 176 local learning rate = 0.01
round 177 local learning rate = 0.01
round 178 local learning rate = 0.01
round 179 local learning rate = 0.01

>>> Round:  180 / Acc: 90.875% / Loss: 0.3073 / Grad Norm: 0.4423 / Grad Diff: 40.8495 / Time: 9.34s
======================================================================================================

= Test = round: 180 / acc: 91.920% / loss: 0.2824 / Time: 0.81s
======================================================================================================

round 180 local learning rate = 0.01
round 181 local learning rate = 0.01
round 182 local learning rate = 0.01
round 183 local learning rate = 0.01
round 184 local learning rate = 0.01

>>> Round:  185 / Acc: 91.031% / Loss: 0.3016 / Grad Norm: 0.4199 / Grad Diff: 39.0849 / Time: 9.21s
======================================================================================================

= Test = round: 185 / acc: 92.060% / loss: 0.2769 / Time: 0.80s
======================================================================================================

round 185 local learning rate = 0.01
round 186 local learning rate = 0.01
round 187 local learning rate = 0.01
round 188 local learning rate = 0.01
round 189 local learning rate = 0.01

>>> Round:  190 / Acc: 91.216% / Loss: 0.2951 / Grad Norm: 0.4025 / Grad Diff: 38.2970 / Time: 12.58s
======================================================================================================

= Test = round: 190 / acc: 92.140% / loss: 0.2705 / Time: 0.82s
======================================================================================================

round 190 local learning rate = 0.01
round 191 local learning rate = 0.01
round 192 local learning rate = 0.01
round 193 local learning rate = 0.01
round 194 local learning rate = 0.01

>>> Round:  195 / Acc: 91.376% / Loss: 0.2893 / Grad Norm: 0.3684 / Grad Diff: 36.9164 / Time: 9.44s
======================================================================================================

= Test = round: 195 / acc: 92.360% / loss: 0.2652 / Time: 0.82s
======================================================================================================

round 195 local learning rate = 0.01
round 196 local learning rate = 0.01
round 197 local learning rate = 0.01
round 198 local learning rate = 0.01
round 199 local learning rate = 0.01

>>> Round:  200 / Acc: 91.557% / Loss: 0.2840 / Grad Norm: 0.3553 / Grad Diff: 35.8193 / Time: 9.56s
======================================================================================================

= Test = round: 200 / acc: 92.430% / loss: 0.2600 / Time: 0.81s
======================================================================================================

>>> Training model_ft
Epoch: 001, Train_loss: 1.2276, Train_acc: 0.6229, Test_loss: 1.2049, Test_acc: 0.6322
Epoch: 006, Train_loss: 1.0372, Train_acc: 0.6821, Test_loss: 1.0167, Test_acc: 0.6900
Epoch: 011, Train_loss: 1.0067, Train_acc: 0.6960, Test_loss: 0.9889, Test_acc: 0.7059
Epoch: 016, Train_loss: 1.0165, Train_acc: 0.6894, Test_loss: 0.9977, Test_acc: 0.6996
Epoch: 021, Train_loss: 0.9975, Train_acc: 0.6980, Test_loss: 0.9823, Test_acc: 0.7051
Epoch: 026, Train_loss: 0.9940, Train_acc: 0.7060, Test_loss: 0.9783, Test_acc: 0.7116
Epoch: 031, Train_loss: 1.0097, Train_acc: 0.6959, Test_loss: 0.9935, Test_acc: 0.7000
Fine-tuning early stopped. Model saved at ./models/ft_checkpoints/20230921150515_model_ft.pt.
Model saved at ./models/ft_checkpoints/20230921150515_model_ft.pt.
>>> Fine-tuning done!
>>> Evaluating model_source_only
model_ft: [0.992321733864616, 0.7039372214030271, 0.975709188045389, 0.7106988112431952]
model_source_only: [2.423098530014261, 0.43204352468602225, 2.4615033853982453, 0.42873014109543384]
fl_test_acc_mean 0.9249
model_source_only_test_acc_mean 0.42873014109543384
model_ft_test_acc_mean 0.7106988112431952
